3 2 0
3 4 1
2 4 1
4 3 0
4 4 1
5 3 0
5 4 1
1 4 0
1 5 0
2 3 1
1 3 0
2 2 0
3 1 0
0 0 1
board #1 15
3 2 1
4 2 0
5 1 0
3 4 0
2 5 0
0 0 0
board #2 7
3 4 0
3 2 1
4 2 1
2 3 0
2 2 0
2 1 1
3 1 0
2 5 1
3 5 0
0 0 0
board #3 11
3 2 0
3 4 1
2 4 0
1 5 1
2 5 0
3 1 1
4 1 1
5 1 1
2 2 1
1 2 1
0 0 1
board #4 12
3 2 0
3 4 0
3 5 0
3 1 1
4 1 1
5 1 1
2 2 0
2 1 1
1 1 0
1 2 1
0 0 1
board #5 12
3 4 0
3 2 1
4 2 1
2 3 1
5 1 0
5 2 0
4 3 0
3 5 0
0 0 0
board #6 10
3 2 1
4 2 1
2 3 1
5 1 0
5 2 1
1 3 1
0 0 0
board #7 8
3 2 1
4 2 1
2 3 1
5 1 0
5 2 0
4 3 1
5 3 0
4 4 0
4 5 0
0 0 1
board #8 11
3 4 1
2 4 0
1 5 0
3 2 0
3 1 1
4 1 0
0 0 0
board #9 8
3 4 0
3 2 1
4 2 0
4 1 1
5 1 1
2 3 1
1 3 0
1 4 0
1 5 1
2 4 0
1 2 0
1 1 1
2 1 0
2 5 1
3 5 1
4 4 1
5 3 0
5 4 1
0 0 1
board #10 20
3 4 0
3 2 0
3 5 0
3 1 1
4 1 0
0 0 1
board #11 7
3 2 1
4 2 1
2 3 0
2 2 0
2 1 0
3 4 1
2 4 1
1 5 1
4 3 0
4 4 1
5 3 0
5 4 0
4 5 0
0 0 1
board #12 15
3 4 0
3 2 1
4 2 0
4 1 0
3 5 0
0 0 1
board #13 7
3 2 0
3 4 0
2 5 1
3 5 0
3 1 1
4 1 1
5 1 0
4 2 1
5 2 1
2 2 0
2 1 1
1 1 0
1 2 1
0 0 0
board #14 15
3 2 1
4 2 1
2 2 1
5 1 0
5 2 0
4 3 0
4 4 0
3 5 1
4 5 0
0 0 0
board #15 11
3 2 1
4 2 0
5 1 0
3 4 0
2 5 0
0 0 1
board #16 7
3 2 1
4 2 1
2 3 0
2 2 0
3 1 0
3 4 0
2 5 1
3 5 1
1 5 1
4 4 0
4 5 0
0 0 0
board #17 13
3 4 0
3 2 0
3 1 1
4 1 1
5 1 1
2 2 0
2 1 0
2 5 0
0 0 1
board #18 10
3 2 0
3 4 0
2 5 1
3 5 1
1 5 1
4 4 1
5 3 0
5 4 0
4 3 1
5 2 0
5 1 1
4 2 0
4 5 1
5 5 0
3 1 1
4 1 0
0 0 0
board #19 18
3 2 0
3 4 0
2 5 1
3 5 1
1 5 1
4 4 1
5 3 0
5 4 0
4 3 1
5 2 0
5 1 0
4 5 1
5 5 1
0 0 1
board #20 15
3 2 0
3 4 1
2 4 0
2 5 0
4 1 0
0 0 1
board #21 7
3 2 1
4 2 0
4 1 1
5 1 1
2 3 0
2 2 0
2 1 0
1 5 0
1 4 0
0 0 1
board #22 11
3 4 0
3 2 1
4 2 1
2 3 0
2 2 0
2 1 0
2 5 0
0 0 1
board #23 9
3 4 0
3 2 1
4 2 0
5 1 0
3 5 0
0 0 0
board #24 7
3 2 1
4 2 1
2 3 1
5 1 1
1 4 1
0 0 1
board #25 7
3 2 1
4 2 1
2 2 1
5 2 1
1 2 0
1 3 0
2 3 0
2 1 0
3 4 0
2 5 1
3 5 0
0 0 0
board #26 13
3 2 0
3 4 0
2 5 1
3 5 1
1 5 1
4 4 1
5 4 1
0 0 0
board #27 9
3 4 1
2 4 0
1 5 1
2 5 0
3 2 1
4 2 0
4 1 1
5 1 0
0 0 0
board #28 10
3 2 1
4 2 1
2 3 0
2 2 1
5 2 1
1 2 1
0 0 1
board #29 8
3 2 1
4 2 0
4 1 1
5 1 0
3 4 0
2 5 1
3 5 0
0 0 0
board #30 9
3 4 0
3 2 1
4 2 1
2 3 0
2 2 1
1 2 1
5 1 0
5 2 0
4 3 1
5 3 0
4 4 0
2 5 1
3 5 1
4 5 1
1 5 0
2 4 0
0 0 0
board #31 18
3 2 0
3 4 0
3 1 0
2 5 1
3 5 1
1 5 1
4 4 1
5 3 1
0 0 1
board #32 10
3 2 0
3 4 1
2 4 0
1 5 0
3 1 1
4 1 1
5 1 0
4 2 1
5 2 0
4 3 0
0 0 0
board #33 12
3 2 1
4 2 1
2 3 1
5 1 1
1 4 1
0 0 1
board #34 7
3 2 1
4 2 0
4 1 0
3 4 1
2 4 1
4 3 1
1 4 0
1 5 1
5 2 0
5 3 0
5 4 0
5 5 0
0 0 0
board #35 14
3 4 1
2 4 0
2 5 0
3 2 0
3 1 1
4 1 0
0 0 1
board #36 8
3 4 1
2 4 1
4 3 0
4 4 1
5 3 1
1 4 0
1 5 1
0 0 1
board #37 9
3 4 1
2 4 0
1 5 0
3 2 0
3 1 0
0 0 1
board #38 7
3 4 1
2 4 0
1 5 1
2 5 0
3 2 0
3 1 1
4 1 0
0 0 1
board #39 9
3 2 1
4 2 1
2 3 0
2 2 1
5 1 0
5 2 1
1 3 1
0 0 1
board #40 9
3 2 0
3 4 0
3 1 1
4 1 1
5 1 0
4 2 0
3 5 0
0 0 0
board #41 9
3 2 0
3 4 1
2 4 1
4 3 1
1 4 1
5 2 0
5 3 0
5 1 0
5 4 1
4 4 1
0 0 1
board #42 12
3 2 0
3 4 0
2 5 0
3 1 1
4 1 0
0 0 0
board #43 7
3 2 1
4 2 0
4 1 1
5 1 1
2 3 1
1 3 1
0 0 1
board #44 8
3 4 1
2 4 0
2 5 0
3 2 0
3 1 1
4 1 1
5 1 0
4 2 1
5 2 1
2 2 0
2 1 1
1 1 0
1 2 1
0 0 1
board #45 15
3 4 1
2 4 0
2 5 0
3 2 0
3 1 1
4 1 1
5 1 1
2 2 0
2 1 1
1 2 1
0 0 1
board #46 12
3 4 1
2 4 0
1 5 0
3 2 1
4 2 1
2 2 0
2 3 1
1 4 1
5 1 0
5 2 0
4 3 1
5 3 1
0 0 0
board #47 14
3 2 1
4 2 0
4 1 0
3 4 1
2 4 0
1 5 1
2 5 1
4 4 1
5 3 1
0 0 0
board #48 11
3 4 0
3 2 1
4 2 0
4 1 1
5 1 0
2 5 0
0 0 0
board #49 8
3 2 0
3 4 0
3 1 1
4 1 1
5 1 1
2 2 1
1 2 1
0 0 0
board #50 9
3 2 0
3 4 1
2 4 0
1 5 1
2 5 0
3 1 1
4 1 1
5 1 1
2 2 0
2 1 0
0 0 1
board #51 12
3 2 0
3 4 1
2 4 1
4 3 1
1 4 1
5 2 0
5 3 0
5 1 0
4 4 0
3 5 0
0 0 0
board #52 12
3 4 0
3 2 1
4 2 1
2 3 1
5 1 0
5 2 0
4 3 1
5 3 0
4 4 1
5 4 0
4 5 0
0 0 1
board #53 13
3 2 1
4 2 1
2 2 1
5 1 1
1 3 1
0 0 0
board #54 7
3 4 1
2 4 1
4 3 1
1 4 1
5 2 1
0 0 0
board #55 7
3 4 1
2 4 0
2 5 0
3 2 0
4 1 0
0 0 0
board #56 7
3 4 1
2 4 1
4 3 0
4 4 1
5 3 1
1 4 1
0 0 0
board #57 8
3 2 0
3 4 0
3 1 1
4 1 1
5 1 1
2 2 1
1 2 0
1 3 0
2 3 0
1 1 1
2 1 1
0 0 0
board #58 13
3 4 1
2 4 0
2 5 0
3 2 1
4 2 1
2 2 1
5 2 1
1 2 0
1 3 0
1 4 1
2 3 0
1 1 1
2 1 0
0 0 1
board #59 15
3 4 0
3 2 0
3 5 0
3 1 0
0 0 1
board #60 6
3 2 1
4 2 0
4 1 1
5 1 0
3 4 0
2 5 1
3 5 1
1 5 0
2 4 0
0 0 0
board #61 11
3 2 0
3 4 1
2 4 0
1 5 0
4 1 0
0 0 0
board #62 7
3 4 0
3 2 1
4 2 1
2 3 0
2 2 1
1 2 0
1 3 0
1 1 0
2 5 0
0 0 1
board #63 11
3 4 0
3 2 1
4 2 1
2 3 0
2 2 1
1 2 0
1 3 1
5 1 1
0 0 0
board #64 10
3 2 1
4 2 0
4 1 1
5 1 0
3 4 0
3 5 0
0 0 0
board #65 8
3 4 1
2 4 0
1 5 1
2 5 0
3 2 1
4 2 1
2 2 1
5 1 1
1 2 0
1 3 1
0 0 0
board #66 12
3 4 0
3 2 0
2 5 1
3 5 0
3 1 0
0 0 1
board #67 7
3 2 0
3 4 0
3 1 1
4 1 1
5 1 1
2 2 0
2 1 0
2 5 0
0 0 1
board #68 10
3 4 0
3 2 0
3 1 1
4 1 0
2 5 1
3 5 0
0 0 0
board #69 8
3 2 0
3 4 1
2 4 0
1 5 1
2 5 0
3 1 1
4 1 0
0 0 1
board #70 9
3 4 0
3 2 1
4 2 0
5 1 0
2 5 0
0 0 0
board #71 7
3 4 1
2 4 0
1 5 0
3 2 1
4 2 1
2 2 0
2 3 0
2 1 1
3 1 1
1 1 0
1 2 0
0 0 0
board #72 13
3 4 1
2 4 1
4 4 1
1 4 0
1 5 0
2 3 0
2 2 1
3 2 1
4 2 0
4 1 0
0 0 0
board #73 12
3 2 0
3 4 1
2 4 1
4 3 0
4 4 0
3 5 0
3 1 1
4 1 0
0 0 1
board #74 10
3 4 1
2 4 0
1 5 1
2 5 1
4 3 1
5 2 1
0 0 0
board #75 8
3 2 0
3 4 0
2 5 1
3 5 1
1 5 1
4 4 1
5 3 0
5 4 0
4 3 0
4 5 1
5 5 0
4 1 0
0 0 0
board #76 14
3 4 1
2 4 1
4 3 1
1 4 1
5 2 1
0 0 0
board #77 7
3 2 0
3 4 1
2 4 1
4 3 0
4 4 1
5 3 0
5 4 1
1 4 1
0 0 0
board #78 10
3 2 1
4 2 1
2 2 0
2 3 0
2 1 1
3 1 1
1 1 1
5 1 0
5 2 0
4 3 1
5 3 0
4 4 1
5 4 0
4 5 1
5 5 0
0 0 1
board #79 17
3 4 1
2 4 1
4 3 1
1 4 1
5 3 1
0 0 1
board #80 7
3 4 1
2 4 0
1 5 1
2 5 1
4 4 1
5 3 0
5 4 1
0 0 1
board #81 9
3 2 1
4 2 1
2 3 0
2 2 0
2 1 1
3 1 1
1 2 1
5 1 0
5 2 1
0 0 0
board #82 11
3 4 0
3 2 1
4 2 0
4 1 0
3 5 0
0 0 0
board #83 7
3 4 0
3 2 1
4 2 1
2 3 1
5 2 1
1 3 0
1 4 0
1 5 0
1 2 1
2 2 1
0 0 1
board #84 12
3 2 0
3 4 1
2 4 1
4 3 1
1 4 0
1 5 0
2 3 1
1 3 1
5 2 0
5 3 1
0 0 1
board #85 12
3 4 1
2 4 1
4 3 0
4 4 1
5 3 0
5 4 1
1 4 1
0 0 1
board #86 9
3 2 1
4 2 0
4 1 0
3 4 0
3 5 0
0 0 1
board #87 7
3 2 1
4 2 0
4 1 1
5 1 0
3 4 0
2 5 1
3 5 1
1 5 0
2 4 1
1 4 0
2 3 0
0 0 1
board #88 13
3 4 1
2 4 0
2 5 0
3 2 1
4 2 1
2 2 1
5 1 0
5 2 0
4 3 0
0 0 1
board #89 11
3 4 0
3 2 0
2 5 1
3 5 1
1 5 0
2 4 0
3 1 1
4 1 0
0 0 1
board #90 10
3 4 1
2 4 1
4 3 0
4 4 0
3 5 1
4 5 0
3 2 0
4 1 0
0 0 0
board #91 10
3 4 0
3 2 1
4 2 0
4 1 1
5 1 0
2 5 1
3 5 1
1 5 0
2 4 1
1 4 1
4 4 0
4 5 0
0 0 0
board #92 14
3 4 1
2 4 1
4 3 1
1 4 1
5 3 1
0 0 1
board #93 7
3 2 0
3 4 1
2 4 1
4 3 0
4 4 1
5 3 1
1 5 1
0 0 1
board #94 9
3 2 0
3 4 1
2 4 1
4 3 1
1 4 1
5 2 1
0 0 0
board #95 8
3 4 0
3 2 0
3 1 0
2 5 1
3 5 1
1 5 0
2 4 0
0 0 0
board #96 9
3 4 0
3 2 0
2 5 1
3 5 1
1 5 1
4 4 1
5 4 1
0 0 0
board #97 9
3 2 1
4 2 1
2 3 0
2 2 0
2 1 0
3 4 0
2 5 1
3 5 0
0 0 0
board #98 10
3 4 0
3 2 0
2 5 0
3 1 1
4 1 0
0 0 0
board #99 7
3 2 0
3 4 1
2 4 1
4 3 1
1 4 1
5 2 1
0 0 0
board #100 8
3 2 1
4 2 1
2 3 1
5 1 0
5 2 1
1 3 0
1 4 1
0 0 1
board #101 9
3 4 1
2 4 1
4 4 1
1 4 0
1 5 1
5 4 1
0 0 0
board #102 8
3 2 1
4 2 1
2 3 0
2 2 0
3 1 0
3 4 1
1 5 0
1 4 1
2 4 0
0 0 0
board #103 11
3 2 0
3 4 0
3 1 1
4 1 0
3 5 0
0 0 0
board #104 7
3 4 1
2 4 0
1 5 1
2 5 1
4 3 1
5 2 0
5 3 0
5 1 1
4 2 0
4 4 1
5 4 1
0 0 0
board #105 13
3 2 0
3 4 1
2 4 1
4 3 1
1 4 0
1 5 0
2 3 1
1 3 0
2 2 0
2 1 1
3 1 1
4 1 1
5 1 1
1 2 1
0 0 0
board #106 16
3 2 1
4 2 0
5 1 0
3 4 0
2 5 1
3 5 0
0 0 1
board #107 8
3 2 0
3 4 0
3 1 1
4 1 0
2 5 1
3 5 0
0 0 1
board #108 8
3 2 0
3 4 0
3 1 1
4 1 1
5 1 1
2 2 0
2 1 0
2 5 1
3 5 0
0 0 0
board #109 11
3 2 1
4 2 0
5 1 0
3 4 1
2 4 0
2 5 0
0 0 1
board #110 8
3 4 1
2 4 0
1 5 1
2 5 1
4 4 1
5 3 0
5 4 1
0 0 1
board #111 9
3 2 0
3 4 1
2 4 0
1 5 1
2 5 0
3 1 0
0 0 1
board #112 8
3 2 1
4 2 1
2 3 1
5 2 1
1 4 1
0 0 1
board #113 7
3 4 1
2 4 1
4 3 0
4 4 1
1 4 0
1 5 1
5 3 0
5 4 1
0 0 1
board #114 10
3 4 0
3 2 1
4 2 0
4 1 1
5 1 1
2 3 0
2 2 0
2 1 0
2 5 1
3 5 0
0 0 0
board #115 12
3 2 0
3 4 0
3 1 1
4 1 0
3 5 0
0 0 1
board #116 7
3 2 1
4 2 1
2 2 1
5 1 0
5 2 1
1 2 0
1 3 1
0 0 0
board #117 9
3 2 0
3 4 1
2 4 1
4 3 1
1 4 0
1 5 1
5 3 1
0 0 0
board #118 9
3 2 0
3 4 0
2 5 0
4 1 0
0 0 0
board #119 6
3 2 0
3 4 1
2 4 1
4 4 1
1 4 0
1 5 1
5 3 0
5 4 0
4 3 0
4 5 1
5 5 1
0 0 0
board #120 13
3 4 1
2 4 1
4 3 0
4 4 0
3 5 0
3 2 0
3 1 0
0 0 1
board #121 9
3 2 0
3 4 0
3 1 1
4 1 0
2 5 1
3 5 0
0 0 1
board #122 8
3 2 0
3 4 0
3 1 0
2 5 0
0 0 0
board #123 6
3 4 0
3 2 0
2 5 0
3 1 0
0 0 1
board #124 6
3 4 1
2 4 0
2 5 0
3 2 0
3 1 0
0 0 0
board #125 7
3 2 0
3 4 1
2 4 0
1 5 0
3 1 1
4 1 0
0 0 1
board #126 8
3 4 0
3 2 1
4 2 0
5 1 0
2 5 1
3 5 0
0 0 0
board #127 8
3 2 0
3 4 1
2 4 1
4 3 0
4 4 0
3 5 1
4 5 0
3 1 1
4 1 0
0 0 1
board #128 11
3 4 1
2 4 0
1 5 1
2 5 0
3 2 0
4 1 0
0 0 0
board #129 8
3 2 1
4 2 0
4 1 0
3 4 1
2 4 0
1 5 0
0 0 1
board #130 8
3 4 0
3 2 1
4 2 0
4 1 1
5 1 1
2 3 1
1 3 0
1 4 0
1 5 1
2 4 1
0 0 1
board #131 12
3 4 0
3 2 0
2 5 0
3 1 1
4 1 0
0 0 0
board #132 7
3 4 0
3 2 0
2 5 0
3 1 0
0 0 0
board #133 6
3 4 1
2 4 1
4 3 0
4 4 1
1 4 0
1 5 1
5 4 1
0 0 1
board #134 9
3 4 1
2 4 0
1 5 0
3 2 1
4 2 0
5 1 0
0 0 0
board #135 8
3 4 1
2 4 1
4 3 0
4 4 0
3 2 1
4 2 1
5 1 1
2 3 1
1 3 0
1 4 1
0 0 1
board #136 12
3 4 1
2 4 1
4 3 0
4 4 1
5 3 0
5 4 0
4 5 1
5 5 0
3 2 0
4 1 0
0 0 1
board #137 12
3 2 1
4 2 0
5 1 0
3 4 1
2 4 0
2 5 0
0 0 1
board #138 8
3 4 1
2 4 1
4 3 0
4 4 1
5 4 1
1 5 1
0 0 1
board #139 8
3 2 0
3 4 0
3 1 0
2 5 1
3 5 1
1 5 1
4 4 1
5 4 1
0 0 0
board #140 10
3 2 0
3 4 1
2 4 1
4 3 1
1 4 0
1 5 1
5 2 0
5 3 0
5 1 0
5 4 1
4 4 1
0 0 1
board #141 13
3 4 1
2 4 0
1 5 0
3 2 1
4 2 1
2 2 0
2 3 0
2 1 1
3 1 0
0 0 1
board #142 11
3 2 0
3 4 0
4 1 0
3 5 0
0 0 0
board #143 6
3 4 0
3 2 0
3 1 0
2 5 1
3 5 1
1 5 1
4 4 0
4 5 1
5 4 0
5 5 0
0 0 0
board #144 12
3 2 0
3 4 0
3 1 1
4 1 1
5 1 1
2 2 0
2 1 1
1 1 0
1 2 0
2 5 0
0 0 1
board #145 12
3 2 1
4 2 0
4 1 0
3 4 0
2 5 0
0 0 1
board #146 7
3 4 1
2 4 1
4 3 1
1 4 0
1 5 0
2 3 0
2 2 1
4 2 0
5 1 0
0 0 1
board #147 11
3 4 1
2 4 0
1 5 0
3 2 0
3 1 1
4 1 1
5 1 0
4 2 0
0 0 0
board #148 10
3 2 1
4 2 1
2 3 0
2 2 0
2 1 1
3 1 1
1 1 0
1 2 0
1 5 0
1 4 0
0 0 0
board #149 12
3 4 0
3 2 1
4 2 1
2 3 0
2 2 1
1 2 0
1 3 1
5 2 1
0 0 0
board #150 10
3 2 1
4 2 1
2 3 0
2 2 1
5 1 0
5 2 0
4 3 0
1 5 0
2 4 0
0 0 1
board #151 11
3 4 0
3 2 0
3 5 0
3 1 0
0 0 1
board #152 6
3 2 1
4 2 1
2 2 1
5 1 0
5 2 1
1 2 0
1 3 0
2 3 0
1 1 1
2 1 0
3 4 0
2 5 1
3 5 0
0 0 1
board #153 15
3 2 1
4 2 0
4 1 0
3 4 1
2 4 1
4 4 1
1 4 0
1 5 0
2 3 0
0 0 1
board #154 11
3 2 0
3 4 0
4 1 0
2 5 1
3 5 0
0 0 0
board #155 7
3 2 1
4 2 1
2 2 1
5 1 0
5 2 0
4 3 1
5 3 1
1 3 1
0 0 1
board #156 10
3 4 1
2 4 0
1 5 1
2 5 1
4 3 0
4 4 0
3 5 1
4 5 0
3 2 1
5 1 1
4 1 0
4 2 1
2 2 0
2 3 0
3 1 0
0 0 1
board #157 17
3 2 1
4 2 0
4 1 1
5 1 1
2 3 0
2 2 1
1 2 1
0 0 0
board #158 9
3 2 1
4 2 0
4 1 0
3 4 1
2 4 0
1 5 1
2 5 0
0 0 1
board #159 9
3 4 1
2 4 0
1 5 0
3 2 0
3 1 1
4 1 1
5 1 1
2 2 0
2 1 0
0 0 0
board #160 11
3 4 0
3 2 1
4 2 0
4 1 1
5 1 0
3 5 0
0 0 1
board #161 8
3 4 1
2 4 0
1 5 0
3 2 0
4 1 0
0 0 0
board #162 7
3 2 0
3 4 1
2 4 0
2 5 0
4 1 0
0 0 1
board #163 7
3 4 1
2 4 1
4 3 0
4 4 0
3 5 1
4 5 0
3 2 0
3 1 1
4 1 0
0 0 0
board #164 11
3 2 1
4 2 0
4 1 1
5 1 0
3 4 0
2 5 1
3 5 0
0 0 1
board #165 9
3 4 1
2 4 0
2 5 0
3 2 0
3 1 1
4 1 1
5 1 0
4 2 1
5 2 1
2 2 0
2 1 0
0 0 1
board #166 13
3 2 0
3 4 0
3 1 0
2 5 1
3 5 0
0 0 1
board #167 7
3 4 0
3 2 1
4 2 0
4 1 1
5 1 1
2 3 0
2 2 1
1 3 1
0 0 1
board #168 10
3 2 1
4 2 0
4 1 1
5 1 1
2 3 1
1 3 0
1 4 0
1 5 0
2 2 1
1 2 0
2 1 0
0 0 0
board #169 13
3 2 0
3 4 0
3 5 0
3 1 1
4 1 1
5 1 1
2 2 0
2 1 1
1 1 1
0 0 0
board #170 11
3 2 1
4 2 1
2 3 1
5 2 1
1 3 0
1 4 1
0 0 1
board #171 8
3 4 1
2 4 1
4 3 0
4 4 0
4 5 0
3 2 0
3 1 1
4 1 1
5 1 1
2 2 0
2 1 1
1 2 1
0 0 0
board #172 14
3 4 0
3 2 0
3 5 0
3 1 0
0 0 1
board #173 6
3 2 0
3 4 1
2 4 0
2 5 0
3 1 0
0 0 1
board #174 7
3 4 0
3 2 1
4 2 0
4 1 1
5 1 1
2 3 1
1 3 1
0 0 1
board #175 9
3 2 1
4 2 0
5 1 0
3 4 1
2 4 1
4 4 0
4 3 0
3 5 1
4 5 1
5 5 1
1 4 0
1 5 0
2 3 1
1 3 1
0 0 0
board #176 16
3 4 1
2 4 0
2 5 0
3 2 0
3 1 1
4 1 0
0 0 0
board #177 8
3 4 0
3 2 0
3 1 1
4 1 1
5 1 1
2 2 1
1 3 1
0 0 0
board #178 9
3 2 0
3 4 0
3 1 1
4 1 0
3 5 0
0 0 0
board #179 7
3 2 0
3 4 0
3 1 1
4 1 1
5 1 0
4 2 0
3 5 0
0 0 1
board #180 9
3 4 0
3 2 0
2 5 1
3 5 1
1 5 0
2 4 1
1 4 1
4 4 1
5 3 0
5 4 0
4 3 1
5 2 1
0 0 0
board #181 14
3 2 1
4 2 1
2 2 0
2 3 0
2 1 1
3 1 1
1 1 0
1 2 1
5 1 0
5 2 0
4 3 1
5 3 0
4 4 1
5 4 1
0 0 1
board #182 16
3 2 1
4 2 1
2 3 0
2 2 1
1 2 1
5 2 1
0 0 0
board #183 8
3 4 1
2 4 0
1 5 0
3 2 0
3 1 0
0 0 1
board #184 7
3 2 1
4 2 0
5 1 0
3 4 1
2 4 0
1 5 0
0 0 0
board #185 8
3 4 1
2 4 1
4 3 0
4 4 0
3 5 1
4 5 0
3 2 0
3 1 1
4 1 0
0 0 1
board #186 11
3 4 0
3 2 1
4 2 1
2 3 1
5 1 1
1 4 1
0 0 0
board #187 8
3 2 1
4 2 1
2 3 1
5 1 1
1 4 1
0 0 0
board #188 7
3 4 0
3 2 1
4 2 0
5 1 0
3 5 0
0 0 1
board #189 7
3 2 1
4 2 0
4 1 1
5 1 1
2 3 1
1 3 0
1 4 1
0 0 1
board #190 9
3 4 0
3 2 1
4 2 0
4 1 1
5 1 1
2 3 0
2 2 0
2 1 0
2 5 1
3 5 1
1 5 1
4 4 1
5 3 1
0 0 0
board #191 15
3 4 0
3 2 0
2 5 1
3 5 0
3 1 1
4 1 0
0 0 0
board #192 8
3 4 1
2 4 1
4 3 1
1 5 1
5 2 0
5 3 1
0 0 0
board #193 8
3 4 0
3 2 0
4 1 0
3 5 0
0 0 1
board #194 6
3 4 0
3 2 0
2 5 1
3 5 0
4 1 0
0 0 1
board #195 7
3 4 0
3 2 0
3 1 1
4 1 0
3 5 0
0 0 0
board #196 7
3 4 1
2 4 0
2 5 0
3 2 1
4 2 0
4 1 0
0 0 0
board #197 8
3 4 1
2 4 0
1 5 0
3 2 1
4 2 0
5 1 0
0 0 1
board #198 8
3 2 0
3 4 1
2 4 0
2 5 0
3 1 1
4 1 0
0 0 0
board #199 8
3 4 1
2 4 0
1 5 0
3 2 0
3 1 1
4 1 1
5 1 0
4 2 1
5 2 0
4 3 1
5 3 1
2 2 0
2 1 1
1 1 1
0 0 1
board #200 16
3 4 0
3 2 0
3 1 0
3 5 0
0 0 1
board #201 6
3 2 1
4 2 0
5 1 0
3 4 0
2 5 1
3 5 1
1 5 1
4 4 1
5 3 0
5 4 1
0 0 0
board #202 12
3 2 0
3 4 1
2 4 1
4 3 0
4 4 0
3 5 1
4 5 1
5 4 0
5 5 0
3 1 1
4 1 1
5 1 1
2 2 1
1 2 1
0 0 1
board #203 16
3 4 0
3 2 1
4 2 1
2 3 0
2 2 1
1 2 0
1 3 1
5 2 1
0 0 1
board #204 10
3 4 0
3 2 0
3 1 0
2 5 1
3 5 0
0 0 1
board #205 7
3 4 1
2 4 0
1 5 1
2 5 0
3 2 0
3 1 0
0 0 0
board #206 8
3 4 0
3 2 0
3 1 1
4 1 0
3 5 0
0 0 1
board #207 7
3 2 1
4 2 0
5 1 0
3 4 1
2 4 1
4 4 0
4 3 1
5 2 0
5 3 1
1 4 0
1 5 1
0 0 1
board #208 13
3 4 0
3 2 0
2 5 1
3 5 0
4 1 0
0 0 1
board #209 7
3 4 0
3 2 0
3 1 1
4 1 1
5 1 1
2 2 0
2 1 0
2 5 0
0 0 1
board #210 10
3 4 0
3 2 1
4 2 1
2 3 0
2 2 0
2 1 1
3 1 0
2 5 1
3 5 0
0 0 0
board #211 11
3 4 1
2 4 0
1 5 0
3 2 1
4 2 1
2 3 1
5 1 1
1 3 1
0 0 1
board #212 10
3 2 1
4 2 1
2 3 0
2 2 1
1 3 1
5 2 1
0 0 1
board #213 8
3 2 1
4 2 1
2 2 0
2 3 1
1 3 0
1 4 0
1 5 1
2 4 1
5 2 1
0 0 1
board #214 11
3 4 0
3 2 0
2 5 0
3 1 1
4 1 1
5 1 1
2 2 0
2 1 1
1 1 0
1 2 1
0 0 0
board #215 12
3 2 0
3 4 1
2 4 1
4 3 1
1 4 0
1 5 0
2 3 1
1 3 1
5 2 1
0 0 0
board #216 11
3 2 0
3 4 0
3 1 1
4 1 0
3 5 0
0 0 1
board #217 7
3 4 1
2 4 1
4 3 1
1 4 0
1 5 0
2 3 0
2 2 1
4 2 0
4 1 1
5 1 1
3 2 1
1 3 1
0 0 1
board #218 14
3 2 1
4 2 1
2 3 0
2 2 0
3 1 0
3 4 1
2 4 0
1 5 1
2 5 1
4 3 1
5 3 1
0 0 0
board #219 13
3 2 1
4 2 1
2 3 1
5 2 1
1 3 1
0 0 1
board #220 7
3 2 1
4 2 0
4 1 1
5 1 1
2 2 1
1 3 1
0 0 1
board #221 8
3 4 0
3 2 0
4 1 0
3 5 0
0 0 0
board #222 6
3 2 1
4 2 1
2 3 0
2 2 1
5 2 1
1 2 1
0 0 0
board #223 8
3 4 1
2 4 1
4 4 1
1 4 0
1 5 1
5 3 0
5 4 1
0 0 0
board #224 9
3 4 0
3 2 1
4 2 1
2 3 0
2 2 0
2 1 0
3 5 0
0 0 0
board #225 9
3 4 1
2 4 1
4 3 1
1 4 0
1 5 1
5 3 1
0 0 0
board #226 8
3 2 1
4 2 1
2 3 1
5 2 1
1 3 1
0 0 0
board #227 7
3 2 0
3 4 1
2 4 1
4 3 1
1 5 1
5 2 0
5 3 1
0 0 1
board #228 9
3 2 1
4 2 1
2 3 1
5 2 1
1 3 0
1 4 0
1 5 1
2 4 1
0 0 0
board #229 10
3 2 1
4 2 1
2 3 0
2 2 1
1 3 1
5 2 1
0 0 1
board #230 8
3 2 1
4 2 1
2 3 0
2 2 0
2 1 1
3 1 0
3 4 0
2 5 1
3 5 0
0 0 1
board #231 11
3 4 0
3 2 0
2 5 1
3 5 0
4 1 0
0 0 1
board #232 7
3 2 1
4 2 0
4 1 0
3 4 1
2 4 1
4 3 1
1 5 1
5 3 1
0 0 0
board #233 10
3 2 0
3 4 0
4 1 0
3 5 0
0 0 0
board #234 6
3 2 0
3 4 0
3 1 0
3 5 0
0 0 0
board #235 6
3 4 1
2 4 0
2 5 0
3 2 1
4 2 1
2 2 0
2 3 1
1 3 0
1 4 0
2 1 1
3 1 1
1 1 0
1 2 1
5 1 0
5 2 0
4 3 0
0 0 0
board #236 18
3 4 1
2 4 1
4 4 1
1 5 1
5 3 0
5 4 0
5 2 0
5 1 1
4 2 0
4 1 1
3 2 0
3 1 1
2 2 1
1 2 1
0 0 1
board #237 16
3 2 0
3 4 0
3 1 1
4 1 0
3 5 0
0 0 0
board #238 7
3 4 1
2 4 0
1 5 1
2 5 0
3 2 0
3 1 0
0 0 0
board #239 8
3 2 1
4 2 1
2 3 0
2 2 1
5 2 1
1 3 1
0 0 1
board #240 8
3 2 0
3 4 0
3 1 1
4 1 1
5 1 0
4 2 0
2 5 0
0 0 1
board #241 9
3 2 1
4 2 0
4 1 0
3 4 0
3 5 0
0 0 0
board #242 7
3 2 0
3 4 0
2 5 0
3 1 0
0 0 1
board #243 6
3 4 0
3 2 1
4 2 1
2 3 1
5 1 0
5 2 1
1 4 1
0 0 0
board #244 9
3 2 1
4 2 0
4 1 1
5 1 1
2 3 0
2 2 1
1 3 1
0 0 0
board #245 9
3 2 0
3 4 1
2 4 1
4 3 0
4 4 1
5 4 1
1 5 1
0 0 0
board #246 9
3 2 1
4 2 0
5 1 0
3 4 0
2 5 0
0 0 1
board #247 7
3 4 1
2 4 0
1 5 1
2 5 1
4 3 1
5 2 0
5 3 0
5 1 0
5 4 1
4 4 1
0 0 0
board #248 12
3 2 1
4 2 1
2 2 1
5 2 1
1 2 1
0 0 0
board #249 7
3 2 1
4 2 0
4 1 0
3 4 1
2 4 1
4 4 0
4 3 0
3 5 1
4 5 0
0 0 0
board #250 11
3 4 0
3 2 0
4 1 0
2 5 1
3 5 0
0 0 1
board #251 7
3 4 0
3 2 1
4 2 0
5 1 0
2 5 1
3 5 1
1 5 1
4 4 0
4 5 1
5 4 1
0 0 0
board #252 12
3 2 1
4 2 1
2 3 0
2 2 0
3 4 1
1 5 1
2 4 0
2 5 0
2 1 0
0 0 0
board #253 11
3 2 0
3 4 0
3 1 0
2 5 1
3 5 0
0 0 1
board #254 7
3 4 0
3 2 1
4 2 1
2 3 1
5 1 0
5 2 0
4 3 0
2 5 0
0 0 0
board #255 10
3 2 0
3 4 0
3 5 0
3 1 1
4 1 0
0 0 0
board #256 7
3 4 0
3 2 1
4 2 0
4 1 1
5 1 1
2 3 0
2 2 0
3 1 0
2 5 1
3 5 0
0 0 0
board #257 12
3 2 1
4 2 0
4 1 1
5 1 0
3 4 0
2 5 1
3 5 1
1 5 1
4 4 0
4 5 0
0 0 0
board #258 12
3 2 0
3 4 0
3 1 1
4 1 1
5 1 0
4 2 1
5 2 1
2 2 1
1 3 1
0 0 1
board #259 11
3 2 0
3 4 0
3 5 0
3 1 0
0 0 1
board #260 6
3 4 1
2 4 1
4 4 1
1 5 1
5 3 0
5 4 1
0 0 0
board #261 8
3 2 0
3 4 0
2 5 1
3 5 1
1 5 1
4 4 1
5 4 1
0 0 1
board #262 9
3 2 0
3 4 0
4 1 0
2 5 1
3 5 1
1 5 1
4 4 1
5 3 0
5 4 0
4 3 1
5 2 1
0 0 0
board #263 13
3 2 1
4 2 0
5 1 0
3 4 0
2 5 1
3 5 0
0 0 1
board #264 8
3 4 1
2 4 1
4 3 1
1 4 0
1 5 0
2 3 0
2 2 1
3 2 0
3 1 0
0 0 1
board #265 11
3 4 0
3 2 0
2 5 1
3 5 1
1 5 0
2 4 0
3 1 1
4 1 1
5 1 0
4 2 1
5 2 0
4 3 0
0 0 1
board #266 14
3 4 0
3 2 0
2 5 1
3 5 1
1 5 0
2 4 1
1 4 0
2 3 1
1 3 0
2 2 1
1 2 1
4 4 1
5 3 0
5 4 1
0 0 1
board #267 16
3 2 1
4 2 0
4 1 1
5 1 0
3 4 0
2 5 0
0 0 1
board #268 8
3 4 0
3 2 1
4 2 1
2 3 0
2 2 1
1 3 1
5 1 0
5 2 0
4 3 0
2 5 1
3 5 1
1 5 1
4 4 0
4 5 0
0 0 1
board #269 16
3 2 1
4 2 1
2 3 0
2 2 1
1 2 1
5 1 1
0 0 0
board #270 8
3 2 1
4 2 1
2 3 0
2 2 0
3 1 0
3 4 1
2 4 1
1 4 0
1 5 0
0 0 0
board #271 11
3 4 0
3 2 1
4 2 1
2 3 0
2 2 1
1 2 0
1 3 1
5 1 0
5 2 1
0 0 0
board #272 11
3 4 1
2 4 1
4 4 0
4 3 1
5 3 1
1 4 0
1 5 0
2 3 0
2 2 0
3 1 0
0 0 0
board #273 12
3 4 0
3 2 1
4 2 1
2 3 0
2 2 1
1 2 1
5 1 0
5 2 0
4 3 1
5 3 0
4 4 1
5 4 1
0 0 0
board #274 14
3 2 1
4 2 1
2 3 1
5 1 0
5 2 0
4 3 0
4 4 1
2 4 0
1 5 1
2 5 1
3 4 0
3 5 1
5 3 0
5 4 0
4 5 1
5 5 0
0 0 1
board #275 18
3 4 1
2 4 1
4 3 1
1 4 0
1 5 0
2 3 0
2 2 0
3 1 0
0 0 1
board #276 10
3 2 0
3 4 0
3 5 0
4 1 0
0 0 0
board #277 6
3 2 0
3 4 0
3 5 0
4 1 0
0 0 0
board #278 6
3 2 1
4 2 1
2 3 0
2 2 1
1 2 1
5 1 1
0 0 0
board #279 8
3 4 0
3 2 0
2 5 1
3 5 0
3 1 1
4 1 0
0 0 0
board #280 8
3 2 0
3 4 0
3 1 1
4 1 1
5 1 0
4 2 0
2 5 1
3 5 1
1 5 1
4 4 1
5 3 0
5 4 1
0 0 1
board #281 14
3 4 0
3 2 0
2 5 1
3 5 0
4 1 0
0 0 0
board #282 7
3 2 0
3 4 0
2 5 0
3 1 1
4 1 0
0 0 0
board #283 7
3 2 0
3 4 1
2 4 1
4 3 1
1 4 1
5 2 1
0 0 0
board #284 8
3 2 1
4 2 0
5 1 0
3 4 1
2 4 1
4 4 0
4 3 1
5 2 0
5 3 0
3 5 1
4 5 1
5 4 0
5 5 1
1 4 0
1 5 1
0 0 1
board #285 17
3 2 1
4 2 1
2 3 0
2 2 0
2 1 0
3 4 0
2 5 1
3 5 0
0 0 0
board #286 10
3 2 0
3 4 1
2 4 0
1 5 1
2 5 1
4 3 1
5 3 1
0 0 1
board #287 9
3 4 1
2 4 0
2 5 0
3 2 1
4 2 0
5 1 0
0 0 0
board #288 8
3 4 0
3 2 0
3 1 0
2 5 1
3 5 0
0 0 1
board #289 7
3 4 0
3 2 1
4 2 1
2 3 1
5 1 0
5 2 1
1 3 0
1 4 0
1 5 1
2 4 0
2 2 0
3 1 0
2 5 1
3 5 0
0 0 0
board #290 16
3 4 0
3 2 0
2 5 1
3 5 0
3 1 1
4 1 0
0 0 1
board #291 8
3 4 1
2 4 1
4 4 1
1 4 1
5 4 1
0 0 0
board #292 7
3 2 0
3 4 1
2 4 1
4 3 1
1 5 1
5 2 0
5 3 1
0 0 1
board #293 9
3 4 0
3 2 0
4 1 0
3 5 0
0 0 1
board #294 6
3 2 0
3 4 1
2 4 0
1 5 1
2 5 0
4 1 0
0 0 0
board #295 8
3 4 0
3 2 0
3 1 0
2 5 0
0 0 1
board #296 6
3 4 1
2 4 0
1 5 0
3 2 0
3 1 1
4 1 0
0 0 0
board #297 8
3 4 1
2 4 1
4 3 0
4 4 1
5 3 0
5 4 1
1 4 0
1 5 0
2 3 1
1 3 0
2 2 1
1 2 0
2 1 0
0 0 1
board #298 15
3 2 0
3 4 1
2 4 1
4 3 0
4 4 0
4 5 0
3 1 0
0 0 1
board #299 9
3 4 1
2 4 1
4 3 0
4 4 0
4 5 0
3 2 1
5 1 1
4 1 1
2 3 1
1 5 1
0 0 1
board #300 12
3 2 1
4 2 0
4 1 1
5 1 1
2 2 0
2 3 0
2 1 1
3 1 0
3 4 1
2 4 1
1 5 1
4 4 0
4 3 0
3 5 1
4 5 1
5 4 0
5 5 0
0 0 1
board #301 19
3 2 1
4 2 1
2 3 1
5 1 1
1 3 0
1 4 1
0 0 1
board #302 8
3 2 1
4 2 0
4 1 0
3 4 0
3 5 0
0 0 1
board #303 7
3 4 1
2 4 1
4 3 1
1 4 0
1 5 0
2 3 1
1 3 1
5 2 1
0 0 0
board #304 10
3 4 1
2 4 0
2 5 0
3 2 0
4 1 0
0 0 1
board #305 7
3 4 1
2 4 1
4 3 0
4 4 1
1 5 1
5 3 0
5 4 1
0 0 1
board #306 9
3 2 0
3 4 1
2 4 0
1 5 0
3 1 0
0 0 0
board #307 7
3 2 0
3 4 0
2 5 1
3 5 1
1 5 1
4 4 0
4 5 1
5 4 0
5 5 0
3 1 1
4 1 1
5 1 0
4 2 0
0 0 1
board #308 15
3 4 1
2 4 1
4 3 1
1 4 0
1 5 1
5 2 0
5 3 1
0 0 0
board #309 9
3 4 0
3 2 1
4 2 1
2 3 1
5 1 0
5 2 0
4 3 0
2 5 1
3 5 1
1 5 0
2 4 0
0 0 0
board #310 13
3 2 1
4 2 1
2 2 0
2 3 1
1 3 0
1 4 0
1 5 0
2 1 1
3 1 1
1 1 0
1 2 0
0 0 1
board #311 13
3 2 0
3 4 0
2 5 0
3 1 0
0 0 1
board #312 6
3 2 1
4 2 0
4 1 1
5 1 0
3 4 0
3 5 0
0 0 1
board #313 8
3 2 0
3 4 0
3 1 1
4 1 0
3 5 0
0 0 0
board #314 7
3 4 0
3 2 0
2 5 1
3 5 1
1 5 0
2 4 1
1 4 0
2 3 1
1 3 1
4 4 0
4 5 0
3 1 0
0 0 1
board #315 14
3 2 0
3 4 0
3 1 1
4 1 1
5 1 0
4 2 1
5 2 0
4 3 1
5 3 1
2 2 0
2 1 1
1 2 1
0 0 1
board #316 14
3 4 0
3 2 0
3 1 0
2 5 0
0 0 0
board #317 6
3 2 1
4 2 1
2 3 0
2 2 1
5 1 0
5 2 1
1 2 0
1 3 0
2 1 0
3 4 1
1 5 1
2 4 1
4 3 1
0 0 0
board #318 15
3 4 1
2 4 1
4 3 0
4 4 0
4 5 0
3 2 0
3 1 1
4 1 0
0 0 1
board #319 10
3 2 1
4 2 1
2 3 0
2 2 1
5 1 0
5 2 0
4 3 1
5 3 1
1 2 0
1 3 1
0 0 1
board #320 12
3 2 0
3 4 1
2 4 1
4 3 0
4 4 1
5 4 1
1 4 1
0 0 0
board #321 9
3 2 0
3 4 1
2 4 1
4 3 1
1 4 0
1 5 0
2 3 1
1 3 0
2 2 0
2 1 1
3 1 1
4 1 1
5 1 0
4 2 0
0 0 1
board #322 16
3 4 0
3 2 1
4 2 0
5 1 0
3 5 0
0 0 1
board #323 7
3 2 1
4 2 0
5 1 0
3 4 1
2 4 1
4 4 0
4 3 1
5 3 1
1 4 0
1 5 1
0 0 1
board #324 12
3 2 0
3 4 0
2 5 0
3 1 1
4 1 1
5 1 1
2 2 1
1 2 0
1 3 1
0 0 1
board #325 11
3 2 0
3 4 0
3 1 0
2 5 1
3 5 0
0 0 0
board #326 7
3 2 1
4 2 0
4 1 1
5 1 1
2 2 1
1 2 0
1 3 1
0 0 1
board #327 9
3 4 1
2 4 0
1 5 1
2 5 0
3 2 0
3 1 1
4 1 1
5 1 1
2 2 1
1 2 0
1 3 0
1 4 1
2 3 1
0 0 1
board #328 15
3 2 0
3 4 0
2 5 0
4 1 0
0 0 1
board #329 6
3 2 0
3 4 0
3 1 1
4 1 0
2 5 1
3 5 1
1 5 1
4 4 0
4 5 1
5 4 0
5 5 0
0 0 0
board #330 13
3 4 1
2 4 1
4 3 0
4 4 1
1 4 1
5 3 0
5 4 1
0 0 0
board #331 9
3 2 0
3 4 1
2 4 0
1 5 0
3 1 1
4 1 1
5 1 1
2 2 0
2 1 0
0 0 1
board #332 11
3 2 1
4 2 0
4 1 1
5 1 0
3 4 1
2 4 1
4 4 0
4 3 1
5 2 0
5 3 1
1 5 1
0 0 0
board #333 13
3 4 1
2 4 1
4 3 0
4 4 0
3 5 1
4 5 1
5 5 1
1 4 1
0 0 0
board #334 10
3 2 1
4 2 0
4 1 1
5 1 1
2 3 0
2 2 0
2 1 1
3 1 0
1 5 0
1 4 1
2 4 1
3 4 1
4 4 0
4 3 0
3 5 1
4 5 0
0 0 1
board #335 18
3 2 1
4 2 0
4 1 0
3 4 0
2 5 0
0 0 1
board #336 7
3 4 0
3 2 1
4 2 1
2 3 0
2 2 0
2 1 1
3 1 0
2 5 1
3 5 0
0 0 0
board #337 11
3 4 1
2 4 1
4 3 0
4 4 1
1 4 1
5 3 1
0 0 1
board #338 8
3 4 1
2 4 1
4 4 0
4 3 0
3 5 0
5 1 1
3 2 1
4 1 0
4 2 1
2 3 1
1 3 1
0 0 0
board #339 13
3 4 0
3 2 1
4 2 0
5 1 0
3 5 0
0 0 1
board #340 7
3 2 1
4 2 1
2 3 1
5 1 1
1 3 1
0 0 0
board #341 7
3 4 0
3 2 1
4 2 0
4 1 1
5 1 0
2 5 1
3 5 1
1 5 0
2 4 1
1 4 0
2 3 0
0 0 1
board #342 13
3 4 1
2 4 0
2 5 0
3 2 1
4 2 1
2 2 1
5 1 0
5 2 1
1 3 1
0 0 0
board #343 11
3 2 1
4 2 0
4 1 0
3 4 0
2 5 1
3 5 0
0 0 0
board #344 8
3 4 0
3 2 1
4 2 1
2 3 0
2 2 0
2 1 1
3 1 1
1 2 1
5 1 0
5 2 0
4 3 1
5 3 0
4 4 1
5 4 0
4 5 1
5 5 0
0 0 0
board #345 18
3 4 0
3 2 0
3 1 1
4 1 0
2 5 1
3 5 0
0 0 1
board #346 8
3 2 0
3 4 0
2 5 1
3 5 1
1 5 1
4 4 1
5 3 1
0 0 0
board #347 9
3 2 0
3 4 0
2 5 1
3 5 1
1 5 0
2 4 1
1 4 0
2 3 1
1 3 1
4 4 1
5 3 1
0 0 1
board #348 13
3 4 1
2 4 1
4 4 0
4 3 0
4 5 0
3 2 0
3 1 1
4 1 1
5 1 0
4 2 0
0 0 1
board #349 12
3 2 1
4 2 1
2 3 0
2 2 0
2 1 1
3 1 1
1 1 1
5 1 0
5 2 0
4 3 1
5 3 0
4 4 0
3 5 1
4 5 0
0 0 0
board #350 16
3 2 0
3 4 0
3 1 0
2 5 1
3 5 1
1 5 0
2 4 1
1 4 1
4 4 0
4 5 0
0 0 0
board #351 12
3 2 1
4 2 1
2 3 1
5 2 1
1 4 1
0 0 1
board #352 7
3 2 0
3 4 0
4 1 0
3 5 0
0 0 1
board #353 6
3 4 0
3 2 0
3 5 0
4 1 0
0 0 0
board #354 6
3 4 1
2 4 1
4 4 1
1 4 0
1 5 1
5 4 1
0 0 1
board #355 8
3 4 1
2 4 0
1 5 1
2 5 1
4 3 0
4 4 0
3 5 1
4 5 0
3 2 0
4 1 0
0 0 1
board #356 12
3 4 1
2 4 0
1 5 0
3 2 0
3 1 1
4 1 1
5 1 0
4 2 1
5 2 1
2 2 0
2 1 1
1 1 0
1 2 1
0 0 1
board #357 15
3 2 1
4 2 1
2 3 0
2 2 0
2 1 0
3 4 1
1 5 1
2 5 1
4 3 1
5 1 0
5 2 1
0 0 0
board #358 13
3 2 1
4 2 0
4 1 1
5 1 0
3 4 1
2 4 0
1 5 1
2 5 0
0 0 1
board #359 10
3 4 1
2 4 0
1 5 1
2 5 1
4 4 1
5 3 1
0 0 1
board #360 8
3 2 0
3 4 1
2 4 1
4 3 1
1 4 1
5 3 1
0 0 1
board #361 8
3 4 0
3 2 0
3 1 0
2 5 1
3 5 0
0 0 0
board #362 7
3 4 1
2 4 0
1 5 0
3 2 1
4 2 1
2 2 1
5 2 1
1 2 0
1 3 1
0 0 1
board #363 11
3 2 1
4 2 0
4 1 0
3 4 0
3 5 0
0 0 0
board #364 7
3 2 0
3 4 1
2 4 1
4 3 1
1 4 0
1 5 0
2 3 0
3 1 1
4 1 0
0 0 0
board #365 11
3 4 0
3 2 0
4 1 0
2 5 1
3 5 1
1 5 1
4 4 0
4 5 0
0 0 1
board #366 10
3 2 1
4 2 0
4 1 0
3 4 0
2 5 1
3 5 1
1 5 0
2 4 1
1 4 1
4 4 1
5 4 1
0 0 0
board #367 13
3 4 1
2 4 1
4 3 0
4 4 0
3 5 1
4 5 1
5 4 1
1 4 0
1 5 0
2 3 1
1 3 0
2 2 1
1 2 0
2 1 0
0 0 0
board #368 16
3 2 1
4 2 0
4 1 1
5 1 0
3 4 1
2 4 0
1 5 1
2 5 1
4 4 1
5 3 1
0 0 1
board #369 12
3 2 0
3 4 0
4 1 0
3 5 0
0 0 0
board #370 6
3 4 0
3 2 0
3 5 0
3 1 1
4 1 1
5 1 1
2 2 1
1 2 0
1 3 0
2 3 0
1 1 1
2 1 1
0 0 0
board #371 14
3 2 0
3 4 1
2 4 1
4 3 0
4 4 1
5 3 0
5 4 1
1 5 1
0 0 0
board #372 10
3 2 1
4 2 0
4 1 1
5 1 1
2 3 1
1 4 1
0 0 0
board #373 8
3 2 0
3 4 0
3 1 0
2 5 1
3 5 0
0 0 1
board #374 7
3 4 1
2 4 1
4 3 0
4 4 0
3 5 0
3 2 0
3 1 1
4 1 0
0 0 1
board #375 10
3 2 1
4 2 0
4 1 1
5 1 1
2 3 0
2 2 0
2 1 1
3 1 1
1 1 0
1 2 1
0 0 0
board #376 12
3 2 0
3 4 0
3 1 1
4 1 1
5 1 1
2 2 1
1 3 1
0 0 1
board #377 9
3 2 0
3 4 1
2 4 0
1 5 1
2 5 0
3 1 0
0 0 1
board #378 8
3 4 0
3 2 1
4 2 0
4 1 1
5 1 0
3 5 0
0 0 1
board #379 8
3 4 0
3 2 1
4 2 0
5 1 0
2 5 1
3 5 0
0 0 1
board #380 8
3 2 1
4 2 0
4 1 1
5 1 0
3 4 0
2 5 0
0 0 1
board #381 8
3 4 0
3 2 0
2 5 1
3 5 1
1 5 0
2 4 1
1 4 0
2 3 0
4 1 0
0 0 1
board #382 11
3 2 0
3 4 1
2 4 1
4 3 1
1 4 1
5 3 1
0 0 1
board #383 8
3 4 1
2 4 0
1 5 1
2 5 0
3 2 0
3 1 1
4 1 1
5 1 0
4 2 1
5 2 0
4 3 1
5 3 0
5 4 1
4 4 0
3 5 1
4 5 0
0 0 0
board #384 18
3 4 0
3 2 1
4 2 1
2 3 0
2 2 0
2 1 1
3 1 1
1 1 1
5 1 1
0 0 0
board #385 11
3 2 1
4 2 0
4 1 1
5 1 0
3 4 0
2 5 0
0 0 1
board #386 8
3 2 1
4 2 0
4 1 1
5 1 1
2 3 0
2 2 1
1 2 0
1 3 1
0 0 1
board #387 10
3 2 0
3 4 0
3 1 1
4 1 1
5 1 0
4 2 0
3 5 0
0 0 0
board #388 9
3 4 1
2 4 1
4 3 0
4 4 0
3 5 1
4 5 0
3 2 0
3 1 0
0 0 0
board #389 10
3 4 0
3 2 1
4 2 0
4 1 1
5 1 1
2 3 1
1 4 1
0 0 1
board #390 9
3 2 1
4 2 0
4 1 0
3 4 1
2 4 0
2 5 0
0 0 0
board #391 8
3 4 1
2 4 1
4 4 1
1 4 0
1 5 1
5 3 0
5 4 1
0 0 0
board #392 9
3 2 1
4 2 1
2 3 0
2 2 0
2 1 0
3 4 1
1 5 0
2 4 0
0 0 1
board #393 10
3 2 1
4 2 1
2 3 1
5 1 1
1 4 1
0 0 0
board #394 7
3 2 0
3 4 0
3 5 0
3 1 1
4 1 0
0 0 0
board #395 7
3 2 0
3 4 1
2 4 1
4 3 0
4 4 1
5 4 1
1 4 0
1 5 0
2 3 1
1 3 0
2 2 1
1 2 0
1 1 0
0 0 0
board #396 15
3 4 0
3 2 1
4 2 0
4 1 1
5 1 1
2 3 0
2 2 0
2 1 1
3 1 0
2 5 1
3 5 1
1 5 0
1 4 1
2 4 0
0 0 0
board #397 16
3 2 1
4 2 0
4 1 1
5 1 1
2 3 0
2 2 1
1 2 1
0 0 0
board #398 9
3 4 1
2 4 0
1 5 1
2 5 0
3 2 0
3 1 1
4 1 0
0 0 1
board #399 9
3 2 0
3 4 0
3 1 1
4 1 1
5 1 0
4 2 1
5 2 1
2 2 1
1 3 1
0 0 0
board #400 11
3 2 0
3 4 0
2 5 1
3 5 1
1 5 0
2 4 0
4 1 0
0 0 0
board #401 9
3 4 0
3 2 0
3 1 1
4 1 1
5 1 0
4 2 1
5 2 0
4 3 1
5 3 0
4 4 0
2 5 0
0 0 0
board #402 13
3 4 0
3 2 1
4 2 1
2 3 1
5 2 1
1 3 0
1 4 1
0 0 0
board #403 9
3 2 1
4 2 1
2 3 0
2 2 0
2 1 1
3 1 1
1 1 0
1 2 0
3 4 1
1 5 0
2 4 0
0 0 1
board #404 13
3 2 1
4 2 1
2 2 1
5 1 1
1 2 0
1 3 1
0 0 0
board #405 8
3 4 1
2 4 0
1 5 0
3 2 0
3 1 1
4 1 0
0 0 0
board #406 8
3 2 1
4 2 0
4 1 1
5 1 0
3 4 0
2 5 0
0 0 1
board #407 8
3 4 1
2 4 1
4 4 1
1 4 1
5 3 0
5 4 0
4 3 1
5 2 0
5 1 0
5 5 0
0 0 0
board #408 12
3 2 0
3 4 0
2 5 1
3 5 0
3 1 1
4 1 0
0 0 0
board #409 8
3 4 1
2 4 1
4 3 0
4 4 0
3 5 1
4 5 0
3 2 0
3 1 1
4 1 0
0 0 1
board #410 11
3 2 0
3 4 1
2 4 0
1 5 1
2 5 0
3 1 1
4 1 1
5 1 1
2 2 0
2 1 1
1 1 0
1 2 1
0 0 0
board #411 14
3 4 1
2 4 1
4 3 1
1 4 1
5 2 0
5 3 1
0 0 0
board #412 8
3 2 1
4 2 1
2 3 0
2 2 1
1 2 0
1 3 0
2 1 0
3 4 1
1 5 1
2 4 0
2 5 1
4 3 0
4 4 1
5 3 1
0 0 1
board #413 16
3 2 0
3 4 1
2 4 1
4 4 1
1 4 0
1 5 1
5 3 0
5 4 0
4 3 0
4 5 1
5 5 0
3 1 1
4 1 1
5 1 0
4 2 0
0 0 0
board #414 17
3 2 0
3 4 0
3 1 1
4 1 1
5 1 0
4 2 1
5 2 1
2 2 1
1 2 0
1 3 0
2 3 1
1 4 1
0 0 0
board #415 14
3 2 0
3 4 1
2 4 0
1 5 1
2 5 0
3 1 1
4 1 0
0 0 0
board #416 9
3 2 0
3 4 1
2 4 0
2 5 0
4 1 0
0 0 0
board #417 7
3 2 0
3 4 0
3 1 1
4 1 1
5 1 1
2 2 0
2 1 0
2 5 1
3 5 1
1 5 0
2 4 1
1 4 1
4 4 0
4 5 1
5 4 0
5 5 1
0 0 0
board #418 18
3 2 0
3 4 1
2 4 1
4 3 1
1 4 0
1 5 1
5 3 1
0 0 1
board #419 9
3 4 1
2 4 1
4 3 1
1 5 1
5 2 0
5 3 1
0 0 1
board #420 8
3 4 0
3 2 1
4 2 1
2 2 1
5 1 0
5 2 0
4 3 1
5 3 1
1 3 1
0 0 0
board #421 11
3 4 0
3 2 0
3 1 0
2 5 1
3 5 0
0 0 1
board #422 7
3 2 0
3 4 1
2 4 1
4 3 1
1 5 1
5 2 0
5 3 1
0 0 1
board #423 9
3 2 1
4 2 0
4 1 1
5 1 1
2 3 0
2 2 0
2 1 1
3 1 1
1 2 1
0 0 0
board #424 11
3 4 0
3 2 0
3 5 0
3 1 0
0 0 0
board #425 6
3 4 0
3 2 0
2 5 1
3 5 1
1 5 1
4 4 1
5 3 0
5 4 0
4 3 0
4 5 1
5 5 0
3 1 1
4 1 1
5 1 1
2 2 0
2 1 1
1 2 1
0 0 0
board #426 19
3 4 1
2 4 1
4 3 0
4 4 0
4 5 0
3 2 0
3 1 1
4 1 0
0 0 1
board #427 10
3 2 0
3 4 1
2 4 0
1 5 0
3 1 0
0 0 0
board #428 7
3 2 0
3 4 0
3 1 1
4 1 0
3 5 0
0 0 0
board #429 7
3 4 0
3 2 1
4 2 1
2 3 1
5 1 0
5 2 0
4 3 0
3 5 0
0 0 1
board #430 10
3 2 0
3 4 0
4 1 0
2 5 1
3 5 1
1 5 1
4 4 1
5 3 1
0 0 1
board #431 10
3 2 0
3 4 0
3 1 1
4 1 0
2 5 0
0 0 1
board #432 7
3 2 0
3 4 1
2 4 0
2 5 0
3 1 0
0 0 1
board #433 7
3 4 0
3 2 0
3 1 0
2 5 1
3 5 0
0 0 1
board #434 7
3 2 0
3 4 0
3 1 0
2 5 1
3 5 1
1 5 1
4 4 1
5 3 0
5 4 1
0 0 1
board #435 11
3 2 1
4 2 0
4 1 1
5 1 1
2 2 1
1 2 0
1 3 0
2 3 1
1 4 0
1 5 1
2 4 0
2 5 1
3 4 1
4 4 1
5 3 1
0 0 1
board #436 17
3 2 0
3 4 0
3 1 1
4 1 0
2 5 0
0 0 0
board #437 7
3 4 1
2 4 0
1 5 1
2 5 0
3 2 0
3 1 0
0 0 0
board #438 8
3 2 1
4 2 1
2 3 0
2 2 1
5 1 0
5 2 1
1 2 0
1 3 1
0 0 0
board #439 10
3 4 1
2 4 1
4 3 1
1 5 1
5 2 0
5 3 0
5 1 0
4 4 1
5 4 0
5 5 0
0 0 0
board #440 12
3 4 0
3 2 1
4 2 1
2 3 0
2 2 1
1 2 0
1 3 1
5 1 0
5 2 1
0 0 1
board #441 11
3 2 1
4 2 0
5 1 0
3 4 1
2 4 1
4 4 1
1 4 0
1 5 0
2 3 0
0 0 1
board #442 11
3 4 0
3 2 1
4 2 0
4 1 1
5 1 1
2 3 0
2 2 1
1 2 1
0 0 0
board #443 10
3 4 1
2 4 0
1 5 1
2 5 0
3 2 0
3 1 1
4 1 0
0 0 1
board #444 9
3 2 1
4 2 0
5 1 0
3 4 1
2 4 0
2 5 0
0 0 0
board #445 8
3 4 0
3 2 0
3 1 0
2 5 1
3 5 1
1 5 0
2 4 0
0 0 0
board #446 9
3 2 1
4 2 1
2 2 0
2 3 0
3 1 0
3 4 0
2 5 1
3 5 0
0 0 1
board #447 10
3 2 0
3 4 1
2 4 1
4 3 1
1 4 0
1 5 1
5 3 1
0 0 0
board #448 9
3 2 1
4 2 1
2 3 0
2 2 1
5 1 1
1 2 1
0 0 1
board #449 8
3 2 0
3 4 1
2 4 1
4 3 1
1 5 1
5 2 1
0 0 0
board #450 8
3 4 1
2 4 1
4 3 1
1 5 1
5 2 1
0 0 0
board #451 7
3 2 0
3 4 0
3 1 0
2 5 0
0 0 1
board #452 6
3 4 0
3 2 0
3 1 0
2 5 1
3 5 0
0 0 0
board #453 7
3 2 1
4 2 0
4 1 1
5 1 0
3 4 0
2 5 1
3 5 1
1 5 0
2 4 1
1 4 1
4 4 0
4 5 0
0 0 0
board #454 14
3 2 1
4 2 0
4 1 1
5 1 1
2 2 0
2 3 0
2 1 1
3 1 0
3 4 1
2 4 0
2 5 0
0 0 0
board #455 13
3 4 1
2 4 0
1 5 0
3 2 0
3 1 1
4 1 1
5 1 1
2 2 1
1 2 1
0 0 1
board #456 11
3 4 1
2 4 0
2 5 0
3 2 1
4 2 1
2 2 0
2 3 0
2 1 1
3 1 1
1 1 0
1 2 0
0 0 0
board #457 13
3 2 0
3 4 1
2 4 0
1 5 1
2 5 0
4 1 0
0 0 0
board #458 8
3 4 1
2 4 1
4 4 1
1 4 0
1 5 0
2 3 1
1 3 1
5 3 1
0 0 0
board #459 10
3 2 0
3 4 1
2 4 1
4 3 1
1 4 1
5 2 0
5 3 1
0 0 1
board #460 9
3 2 1
4 2 1
2 2 0
2 3 1
5 2 1
1 4 1
0 0 0
board #461 8
3 2 1
4 2 1
2 3 1
5 1 1
1 3 0
1 4 0
1 5 0
1 2 1
2 2 1
0 0 0
board #462 11
3 4 1
2 4 0
1 5 0
3 2 1
4 2 1
2 2 0
2 3 1
1 3 0
1 4 1
5 1 0
5 2 0
4 3 1
5 3 1
0 0 0
board #463 15
3 4 1
2 4 1
4 3 1
1 4 0
1 5 1
5 3 1
0 0 1
board #464 8
3 4 0
3 2 0
4 1 0
3 5 0
0 0 0
board #465 6
3 2 1
4 2 1
2 3 0
2 2 1
5 1 0
5 2 1
1 2 0
1 3 1
0 0 1
board #466 10
3 4 0
3 2 1
4 2 1
2 3 1
5 1 1
1 4 1
0 0 0
board #467 8
3 2 0
3 4 0
2 5 0
4 1 0
0 0 1
board #468 6
3 2 1
4 2 1
2 3 0
2 2 0
2 1 1
3 1 0
3 4 0
2 5 1
3 5 1
1 5 0
2 4 0
0 0 1
board #469 13
3 2 1
4 2 0
5 1 0
3 4 0
2 5 0
0 0 1
board #470 7
3 4 0
3 2 1
4 2 1
2 3 0
2 2 1
1 2 1
5 1 0
5 2 1
0 0 0
board #471 10
3 4 0
3 2 0
3 1 1
4 1 1
5 1 1
2 2 1
1 2 1
0 0 1
board #472 9
3 4 0
3 2 0
3 1 1
4 1 1
5 1 0
4 2 0
2 5 1
3 5 1
1 5 1
4 4 0
4 5 0
0 0 0
board #473 13
3 2 1
4 2 1
2 3 0
2 2 1
1 2 1
5 2 1
0 0 1
board #474 8
3 2 0
3 4 0
2 5 0
4 1 0
0 0 1
board #475 6
3 2 1
4 2 1
2 3 1
5 1 0
5 2 0
4 3 0
4 4 0
3 5 1
4 5 1
2 5 0
3 4 0
0 0 0
board #476 13
3 2 0
3 4 1
2 4 1
4 3 1
1 5 1
5 2 0
5 3 0
5 1 1
4 2 1
0 0 1
board #477 11
3 4 0
3 2 1
4 2 0
4 1 0
2 5 1
3 5 0
0 0 0
board #478 8
3 2 1
4 2 0
5 1 0
3 4 0
3 5 0
0 0 1
board #479 7
3 2 1
4 2 0
5 1 0
3 4 1
2 4 1
4 4 0
4 3 0
3 5 1
4 5 1
5 4 1
1 4 1
0 0 1
board #480 13
3 4 0
3 2 0
3 1 1
4 1 1
5 1 1
2 2 0
2 1 0
2 5 1
3 5 0
0 0 1
board #481 11
3 2 1
4 2 1
2 3 0
2 2 0
2 1 1
3 1 1
1 1 0
1 2 1
5 1 0
5 2 0
4 3 1
5 3 0
4 4 0
3 5 0
0 0 1
board #482 16
3 4 1
2 4 0
1 5 1
2 5 1
4 3 1
5 2 0
5 3 1
0 0 1
board #483 9
3 4 1
2 4 0
2 5 0
3 2 1
4 2 1
2 2 0
2 3 0
2 1 1
3 1 1
1 1 0
1 2 0
0 0 0
board #484 13
3 4 1
2 4 0
2 5 0
3 2 0
3 1 0
0 0 1
board #485 7
3 4 0
3 2 0
3 5 0
4 1 0
0 0 0
board #486 6
3 2 1
4 2 1
2 3 1
5 2 1
1 4 1
0 0 1
board #487 7
3 2 0
3 4 0
2 5 0
3 1 1
4 1 1
5 1 0
4 2 0
0 0 0
board #488 9
3 2 1
4 2 0
4 1 1
5 1 1
2 3 0
2 2 1
1 2 0
1 3 1
0 0 0
board #489 10
3 4 0
3 2 1
4 2 0
4 1 0
2 5 1
3 5 0
0 0 1
board #490 8
3 4 0
3 2 1
4 2 1
2 3 0
2 2 0
3 1 0
2 5 1
3 5 1
1 5 0
1 4 1
2 4 0
0 0 0
board #491 13
3 2 0
3 4 0
2 5 0
4 1 0
0 0 1
board #492 6
3 4 1
2 4 1
4 3 0
4 4 0
3 5 0
5 1 1
3 2 1
2 3 0
2 2 0
2 1 1
3 1 1
1 1 1
4 1 0
4 2 0
0 0 1
board #493 16
3 2 0
3 4 0
2 5 1
3 5 1
1 5 0
2 4 0
4 1 0
0 0 1
board #494 9
3 4 1
2 4 0
1 5 0
3 2 0
3 1 1
4 1 1
5 1 0
4 2 0
0 0 0
board #495 10
3 2 0
3 4 0
3 1 1
4 1 0
3 5 0
0 0 0
board #496 7
3 4 1
2 4 1
4 3 0
4 4 0
4 5 0
3 2 0
3 1 0
0 0 0
board #497 9
3 4 0
3 2 1
4 2 1
2 3 1
5 1 0
5 2 1
1 3 0
1 4 1
0 0 0
board #498 10
3 2 1
4 2 0
5 1 0
3 4 1
2 4 1
4 4 0
4 3 0
3 5 1
4 5 1
5 5 1
1 4 1
0 0 0
board #499 13
3 4 1
2 4 0
2 5 0
3 2 0
3 1 0
0 0 1
board #500 7
3 2 0
3 4 0
2 5 0
4 1 0
0 0 1
board #501 6
3 4 1
2 4 1
4 3 0
4 4 0
4 5 0
3 2 1
5 1 0
4 2 1
5 2 0
0 0 0
board #502 11
3 2 1
4 2 0
4 1 1
5 1 1
2 3 0
2 2 0
2 1 1
3 1 0
3 4 0
2 5 1
3 5 0
0 0 1
board #503 13
3 2 1
4 2 1
2 3 0
2 2 0
2 1 1
3 1 1
1 1 1
5 1 0
5 2 0
4 3 0
4 4 0
3 5 1
4 5 1
1 5 1
2 5 1
5 4 1
0 0 1
board #504 18
3 4 1
2 4 1
4 3 1
1 4 1
5 2 0
5 3 1
0 0 1
board #505 8
3 2 1
4 2 1
2 3 0
2 2 0
2 1 0
3 4 0
2 5 1
3 5 0
0 0 1
board #506 10
3 2 0
3 4 1
2 4 0
1 5 1
2 5 1
