4 5 1
3 5 0
3 6 1
2 6 1
5 5 1
6 5 1
7 4 1
1 6 1
8 3 1
0 0 0
board #1 11
4 5 0
4 6 0
4 3 0
4 7 0
4 2 0
4 8 0
5 1 0
0 0 0
board #2 9
4 5 0
4 3 0
4 6 1
3 6 1
5 5 1
2 6 0
2 7 1
1 7 1
6 5 0
6 4 1
7 4 0
7 3 1
8 3 1
0 0 1
board #3 15
4 5 0
4 6 0
4 3 0
4 7 1
3 7 0
2 8 1
3 8 0
4 2 0
5 1 0
0 0 1
board #4 11
4 5 0
4 3 1
5 3 1
3 4 1
6 3 0
6 2 1
7 2 0
7 1 0
5 4 0
4 6 1
3 6 0
3 7 0
2 8 1
3 8 0
0 0 0
board #5 16
4 5 1
3 5 1
5 5 1
6 5 0
6 4 0
5 6 1
6 6 1
7 5 1
2 5 1
1 5 0
1 6 0
2 4 0
1 7 0
1 8 0
3 3 1
2 3 0
3 2 1
2 2 0
2 1 0
0 0 1
board #6 21
3 6 1
4 6 0
4 5 1
5 5 1
2 6 1
6 5 1
7 4 0
7 5 1
1 7 1
8 4 0
8 5 1
0 0 0
board #7 13
4 5 0
4 6 1
3 6 0
3 7 0
4 3 1
5 3 0
5 2 1
6 2 0
7 1 0
2 8 1
3 8 1
1 8 1
4 7 1
5 5 1
6 4 0
6 5 0
6 6 1
5 6 1
7 5 0
7 6 0
6 7 1
7 7 1
8 6 0
8 7 0
8 8 0
6 3 0
0 0 1
board #8 28
4 5 0
4 6 1
3 6 1
5 5 1
2 6 0
2 7 1
1 7 0
1 8 1
6 5 0
6 4 1
7 4 0
7 3 0
7 2 1
6 3 1
8 1 0
8 2 0
6 6 0
6 7 1
5 7 1
7 6 0
7 7 0
6 8 0
0 0 0
board #9 24
4 5 1
3 5 1
5 5 0
5 4 0
4 6 1
5 6 1
6 5 1
2 5 0
2 6 0
3 4 0
2 7 1
1 7 0
1 8 1
3 6 1
7 4 1
8 3 1
0 0 1
board #10 18
4 5 1
3 5 1
5 5 0
5 4 0
4 6 0
4 7 1
3 7 0
3 8 0
4 3 1
5 3 1
6 3 0
6 2 1
7 2 0
8 1 0
0 0 1
board #11 16
3 6 0
3 7 1
2 7 1
4 7 1
5 7 1
1 7 0
1 8 1
6 7 1
7 6 1
8 5 1
0 0 0
board #12 12
4 5 1
3 5 1
5 5 1
6 4 1
2 5 0
2 6 1
1 6 0
1 7 0
1 8 0
3 4 0
3 3 0
4 2 0
4 1 1
5 1 1
3 2 1
6 1 0
5 2 0
0 0 1
board #13 19
4 5 1
3 5 0
3 6 0
3 7 1
2 7 0
1 8 1
2 8 0
4 3 1
5 3 0
5 2 1
6 2 1
7 2 0
6 3 0
7 1 1
8 1 1
3 3 1
2 4 0
2 3 1
1 3 0
1 4 1
0 0 0
board #14 22
4 5 1
3 5 0
3 6 0
3 7 1
2 7 1
4 6 0
4 7 1
5 6 0
5 7 1
6 6 0
6 7 1
7 6 1
1 7 1
8 5 0
8 6 1
0 0 0
board #15 17
4 5 0
4 6 1
3 6 0
3 7 0
4 3 1
5 3 1
3 4 0
3 3 1
2 4 1
6 3 0
5 4 1
6 4 0
5 5 0
6 2 1
7 2 1
8 1 1
1 4 1
0 0 0
board #16 19
4 5 0
4 6 1
3 6 0
3 7 0
4 3 1
5 3 1
3 4 1
6 3 1
7 3 1
2 5 1
8 2 0
8 3 0
8 1 1
7 2 0
7 1 0
7 4 0
6 4 0
5 5 0
2 8 1
3 8 1
1 8 1
4 8 0
4 7 1
5 7 0
5 6 0
0 0 0
board #17 27
4 5 0
4 6 1
3 6 1
5 5 1
2 6 1
6 5 0
6 4 0
6 6 1
5 6 1
7 5 1
1 6 1
8 4 1
0 0 1
board #18 14
4 5 0
4 6 0
4 3 1
5 3 1
3 4 1
6 3 0
6 2 0
5 4 1
6 4 1
7 3 0
7 4 0
6 5 1
7 5 1
8 4 0
8 5 0
7 6 0
6 7 0
6 1 0
5 8 1
6 8 1
5 7 1
7 8 1
8 7 1
5 6 0
6 6 1
2 4 0
2 5 0
3 5 1
2 6 0
2 7 1
3 6 1
1 8 1
0 0 1
board #19 34
4 5 0
4 6 0
4 3 0
4 7 1
3 7 0
2 8 0
4 2 1
5 2 1
3 3 1
6 2 1
7 2 0
6 3 1
7 3 0
6 4 1
7 4 1
2 3 0
2 4 1
1 4 0
1 5 0
2 5 1
1 6 1
8 3 0
8 4 1
0 0 0
board #20 25
4 5 0
4 6 1
3 6 0
3 7 0
4 3 0
4 2 1
5 2 1
3 3 0
3 2 1
6 2 1
2 3 0
2 2 0
2 1 1
3 1 1
1 1 0
1 2 0
3 8 0
0 0 0
board #21 19
4 5 1
3 5 1
5 5 1
6 5 1
2 5 1
7 5 0
7 4 0
6 6 1
7 6 0
7 3 0
6 7 1
7 7 1
8 6 0
8 7 1
1 5 0
1 6 1
0 0 1
board #22 18
4 5 1
3 5 1
5 5 1
6 5 1
2 5 1
7 5 0
7 4 1
8 3 0
8 4 1
1 5 1
0 0 1
board #23 12
4 5 1
3 5 1
5 5 0
5 4 1
6 4 0
6 3 0
4 6 1
5 6 0
6 2 1
7 2 1
5 3 1
8 1 0
8 2 0
7 3 1
8 3 0
7 4 1
8 4 0
7 5 1
8 5 0
7 6 1
8 6 1
2 5 0
2 6 1
1 6 0
1 7 1
0 0 1
board #24 27
4 5 0
4 6 1
3 6 1
5 5 0
5 6 1
6 5 0
6 6 0
5 7 1
6 7 0
5 8 1
6 8 0
4 3 0
4 2 0
5 1 0
0 0 1
board #25 16
4 5 1
3 5 1
5 5 1
6 5 0
6 4 0
5 6 0
6 3 0
6 2 0
4 7 0
6 1 1
7 1 1
8 1 1
5 2 1
4 2 1
3 3 0
3 2 0
3 4 1
4 3 1
2 4 1
1 4 0
1 5 1
0 0 1
board #26 23
4 5 0
4 6 1
3 6 0
3 7 1
2 7 0
2 8 0
4 3 0
4 2 0
4 1 1
5 1 0
0 0 0
board #27 12
4 5 1
3 5 1
5 5 0
5 4 1
6 4 0
6 3 0
6 2 1
7 2 1
5 3 0
5 2 1
4 3 0
4 2 1
3 3 0
3 2 1
2 3 1
8 1 0
8 2 0
7 3 0
4 6 1
5 6 0
4 7 0
3 8 0
0 0 1
board #28 24
4 5 0
4 3 0
4 6 1
3 6 0
3 7 1
2 7 1
5 5 0
5 6 1
6 5 1
1 7 0
1 8 1
7 4 0
7 5 0
6 4 1
7 3 1
8 3 1
0 0 0
board #29 18
4 5 1
3 5 1
5 5 1
6 5 0
6 4 0
5 6 0
6 3 1
5 4 1
7 3 1
8 2 1
2 5 0
2 6 0
3 4 1
2 4 1
1 4 0
1 5 1
0 0 0
board #30 18
4 5 0
4 3 0
4 6 0
4 7 1
3 7 0
2 8 1
3 8 1
1 8 1
5 6 1
6 5 0
6 6 0
5 5 0
5 7 0
5 8 0
4 2 0
4 1 1
5 1 0
0 0 0
board #31 19
4 5 0
4 6 0
4 3 1
5 3 0
5 2 0
4 7 1
3 7 0
2 8 1
3 8 0
5 1 1
6 1 1
4 2 1
7 1 1
8 1 0
7 2 0
6 2 0
0 0 0
board #32 18
4 5 1
3 5 1
5 4 0
5 5 0
5 6 0
4 7 0
4 3 0
4 2 1
5 2 1
6 2 0
6 3 0
6 1 1
7 1 0
3 8 1
4 8 0
0 0 1
board #33 17
4 5 1
3 5 1
5 5 1
6 5 1
2 5 1
7 4 0
7 5 1
8 5 1
1 5 0
1 6 0
2 4 1
1 4 1
0 0 0
board #34 14
4 5 0
4 6 0
4 3 1
5 3 1
3 4 0
3 3 0
4 2 1
3 2 0
3 1 0
4 7 1
3 7 1
5 6 1
2 7 0
3 6 1
2 6 1
6 5 0
6 6 1
7 5 0
7 6 1
1 6 0
1 7 0
2 5 1
1 5 1
8 6 1
0 0 1
board #35 26
4 5 0
4 6 0
4 3 0
4 7 1
3 7 1
5 6 1
2 7 1
1 7 0
1 8 1
6 5 1
7 5 1
8 4 0
8 5 0
7 6 1
8 6 0
7 7 0
8 3 1
7 4 0
6 4 0
6 8 1
7 8 1
6 7 0
5 8 1
4 8 1
8 8 1
0 0 0
board #36 27
4 3 0
4 5 0
4 6 1
3 6 1
5 5 1
2 6 1
6 4 0
6 5 1
7 4 0
7 5 0
6 6 0
5 4 0
5 7 0
4 8 0
4 2 0
4 1 0
0 0 1
board #37 18
4 5 1
3 5 0
3 6 1
2 6 1
5 5 1
6 5 0
6 4 1
7 4 1
1 6 0
1 7 1
8 3 0
8 4 0
7 5 1
8 5 0
7 6 1
8 6 0
7 7 1
8 7 1
0 0 1
board #38 20
4 5 0
4 6 0
4 3 1
5 3 1
3 4 0
3 3 1
6 3 0
6 2 0
5 4 1
6 4 0
5 5 1
6 5 0
5 6 0
6 1 1
7 1 0
5 7 0
4 8 0
0 0 1
board #39 19
4 5 1
3 5 1
5 4 1
6 4 0
6 3 1
7 3 1
2 5 1
8 2 0
8 3 0
8 1 1
7 2 0
7 1 0
7 4 1
8 4 0
7 5 0
6 6 1
7 6 0
6 7 0
5 8 1
6 8 0
0 0 0
board #40 22
4 5 1
3 5 0
3 6 1
2 6 1
5 5 0
5 4 0
5 6 0
5 7 1
4 7 0
4 8 0
4 3 1
5 3 1
6 3 0
6 2 1
7 2 1
3 4 0
3 3 0
4 2 0
4 1 0
0 0 1
board #41 21
4 5 1
3 5 1
5 5 1
6 5 0
6 4 1
7 4 1
2 5 1
8 4 1
1 5 0
1 6 0
2 4 1
1 4 0
1 7 1
2 6 0
2 7 0
2 3 1
1 3 0
2 2 1
1 2 0
2 1 0
1 8 1
2 8 0
0 0 1
board #42 24
4 5 0
4 6 1
3 6 0
3 7 0
4 3 0
4 2 1
5 2 1
6 2 0
5 3 1
6 3 0
5 4 0
6 1 0
3 8 0
0 0 1
board #43 15
4 5 1
3 5 1
5 4 1
6 4 1
2 5 1
7 4 0
7 3 1
8 3 1
1 5 0
1 6 0
2 4 1
1 4 0
2 3 1
1 3 1
0 0 0
board #44 16
4 5 1
3 5 0
3 6 0
3 7 1
2 7 1
4 6 0
4 7 1
5 6 1
1 7 0
1 8 1
6 6 0
6 5 1
7 5 0
7 4 1
8 4 1
0 0 1
board #45 17
4 5 1
3 5 0
3 6 0
3 7 0
5 3 0
5 2 1
6 2 1
7 2 1
4 2 0
4 3 0
5 1 0
2 8 0
0 0 0
board #46 14
4 5 0
4 6 1
3 6 0
3 7 1
2 7 1
5 5 1
1 7 0
1 8 1
6 5 1
7 4 1
8 4 1
0 0 1
board #47 13
4 3 1
5 3 0
5 2 1
6 2 0
6 1 1
7 1 1
8 1 0
7 2 0
4 5 1
3 5 0
3 6 0
3 7 0
2 8 1
3 8 0
0 0 1
board #48 16
4 5 1
3 5 0
3 6 1
2 6 0
2 7 1
1 7 1
5 5 1
6 5 1
7 5 1
8 5 1
0 0 1
board #49 12
4 5 1
3 5 0
3 6 0
3 7 0
4 3 0
2 8 1
3 8 0
4 2 1
5 2 1
3 3 1
6 2 0
5 3 1
6 3 0
5 4 1
6 4 0
5 5 0
4 6 1
5 6 1
6 5 0
6 6 1
7 5 0
7 6 0
6 7 1
7 7 1
8 6 1
2 4 0
2 3 0
2 2 1
3 2 0
2 5 1
3 4 0
3 1 1
4 1 0
0 0 0
board #50 35
4 5 1
3 5 1
5 5 1
6 5 0
6 4 0
5 6 0
6 3 0
6 2 0
4 7 1
5 7 1
4 6 1
6 7 1
7 6 0
7 7 1
8 6 0
8 7 0
7 8 1
8 8 1
2 5 1
1 6 1
0 0 0
board #51 22
4 5 0
4 6 0
4 3 0
4 7 0
4 2 0
4 8 0
4 1 1
5 1 1
6 1 0
5 2 1
6 2 0
5 3 1
6 3 0
5 4 1
6 4 1
3 2 1
7 3 1
2 3 0
2 2 1
1 3 1
8 2 1
0 0 0
board #52 23
4 5 0
4 6 1
3 6 1
5 5 0
5 6 1
6 5 0
6 6 0
5 7 0
4 3 0
5 2 0
4 8 1
5 8 0
5 1 1
6 1 1
7 1 1
8 1 1
4 2 1
3 3 0
3 2 0
3 1 1
4 1 0
0 0 1
board #53 23
4 5 1
3 5 1
5 5 0
5 4 1
6 4 0
6 3 1
7 3 1
2 5 1
8 2 0
8 3 0
8 1 1
7 2 1
1 6 1
0 0 1
board #54 15
4 5 0
4 6 1
3 6 1
5 5 1
2 6 1
6 4 1
7 4 1
1 7 1
8 3 1
0 0 0
board #55 11
4 5 0
4 6 1
3 6 0
3 7 1
2 7 1
5 5 1
1 7 1
6 5 1
7 5 1
8 4 0
8 5 1
0 0 0
board #56 13
4 5 1
3 5 1
5 5 0
5 4 0
4 6 1
5 6 0
4 7 0
4 3 0
4 2 0
3 8 1
4 8 1
3 7 0
2 8 0
4 1 1
5 1 0
0 0 1
board #57 17
4 5 0
4 6 1
3 6 1
5 5 1
2 6 0
2 7 0
3 5 0
2 8 0
4 3 0
5 2 0
5 1 0
0 0 0
board #58 13
4 5 1
3 5 1
5 5 1
6 5 1
2 5 1
7 5 1
1 5 0
1 6 0
2 4 0
1 7 0
1 8 1
2 7 1
2 6 0
3 6 0
3 7 1
4 6 0
4 7 0
3 8 1
4 8 0
3 3 1
2 3 0
3 2 0
3 1 1
4 1 0
0 0 0
board #59 26
4 5 0
4 6 0
4 3 1
5 3 1
3 4 0
3 3 1
6 3 1
2 4 0
2 3 1
1 3 1
7 3 1
8 3 1
0 0 0
board #60 14
4 5 1
3 5 0
3 6 0
3 7 0
4 3 0
2 8 1
3 8 0
4 2 1
5 2 1
3 3 1
6 2 1
7 2 0
6 3 0
7 1 1
8 1 1
2 3 1
1 4 1
0 0 0
board #61 19
4 5 0
4 6 1
3 6 0
3 7 0
4 3 0
4 2 0
2 8 1
3 8 1
1 8 1
4 7 1
5 5 0
5 6 0
5 7 1
6 6 1
7 5 1
8 4 0
8 5 1
0 0 1
board #62 19
4 5 1
3 5 0
3 6 0
3 7 1
2 7 1
4 6 0
4 7 0
3 8 0
4 3 1
5 3 1
6 3 1
3 3 0
3 4 0
4 2 1
3 2 1
2 3 1
7 3 1
1 3 1
8 3 1
0 0 1
board #63 21
4 5 1
3 5 1
5 5 0
5 4 0
5 6 0
5 7 0
4 3 1
5 3 0
5 2 1
6 2 0
6 1 1
7 1 0
4 8 1
5 8 0
0 0 0
board #64 16
4 5 0
4 6 1
3 6 1
5 5 0
5 6 1
6 5 0
6 6 0
5 7 0
4 3 1
5 3 0
5 2 1
6 2 1
7 2 0
6 3 0
7 1 1
8 1 1
3 4 1
2 4 1
1 5 1
0 0 0
board #65 21
4 5 1
3 5 0
3 6 1
2 6 1
5 5 1
6 5 0
6 4 1
7 4 1
1 6 1
8 4 1
0 0 0
board #66 12
4 5 0
4 6 0
4 3 0
4 7 0
4 2 0
3 8 1
4 8 1
5 7 0
5 8 1
2 8 0
3 7 0
5 1 0
0 0 1
board #67 14
3 6 1
4 6 1
2 6 0
2 7 0
3 5 1
2 5 1
5 6 0
5 5 1
6 5 1
1 5 1
7 5 1
8 4 0
8 5 1
0 0 0
board #68 15
2 7 0
4 5 0
4 3 0
3 6 1
4 6 0
3 7 0
4 2 0
5 1 0
2 8 0
0 0 1
board #69 11
4 5 0
4 6 0
4 3 1
5 3 1
3 4 1
6 3 1
7 3 1
2 4 1
8 2 0
8 3 0
8 1 1
7 2 1
1 5 1
0 0 1
board #70 15
4 5 0
4 6 1
3 6 1
5 5 1
2 6 0
2 7 0
3 5 0
1 8 1
2 8 1
3 7 0
3 8 1
4 7 0
4 8 0
4 3 0
4 2 1
5 2 0
5 1 1
6 1 0
0 0 1
board #71 20
4 5 0
4 6 0
4 3 0
4 7 1
3 7 1
5 6 1
2 7 0
3 6 0
2 8 0
5 2 0
5 1 0
0 0 0
board #72 13
4 5 0
4 6 0
4 3 0
4 7 0
4 2 0
3 8 0
5 1 0
0 0 0
board #73 9
4 5 1
3 5 1
5 5 0
5 4 1
6 4 0
6 3 1
7 3 0
7 2 1
8 2 1
2 5 1
1 6 1
0 0 1
board #74 13
4 5 0
4 6 0
4 7 1
3 7 1
5 6 0
5 7 0
4 3 0
5 8 0
4 2 0
4 1 0
0 0 0
board #75 12
4 5 0
4 6 1
3 6 1
5 5 1
2 6 1
6 4 1
7 4 1
1 6 1
8 3 0
8 4 1
0 0 0
board #76 12
4 5 1
3 5 0
3 6 0
3 7 1
2 7 1
4 6 0
4 7 1
5 6 0
5 7 1
6 6 0
6 7 1
7 6 0
7 7 0
6 8 1
7 8 1
8 7 0
8 8 0
4 3 0
4 2 0
4 1 1
5 1 1
3 2 1
6 1 0
5 2 0
0 0 0
board #77 26
4 5 1
3 5 0
3 6 1
2 6 1
5 4 0
5 5 1
6 4 0
6 5 1
7 5 1
1 6 0
1 7 1
8 4 0
8 5 0
7 4 0
7 6 0
6 7 0
5 8 0
4 3 1
5 3 1
7 2 0
6 3 0
7 1 1
8 1 1
6 2 1
3 4 1
2 5 1
0 0 0
board #78 28
4 5 1
3 5 1
5 5 0
5 4 0
4 6 1
5 6 1
6 5 0
6 6 0
5 7 0
4 3 0
4 2 0
4 8 1
5 8 0
4 1 1
5 1 0
0 0 0
board #79 17
4 5 1
3 5 0
3 6 1
2 6 1
5 5 1
6 5 0
6 4 0
5 6 1
6 6 0
5 7 0
6 3 1
5 4 0
5 3 0
6 2 1
5 2 0
4 8 1
5 8 1
4 7 1
6 7 1
7 6 0
7 7 0
6 8 1
7 8 1
8 7 0
8 8 1
1 6 1
0 0 0
board #80 28
4 5 0
4 6 1
3 6 0
3 7 1
2 7 0
1 8 1
2 8 0
4 3 1
5 3 1
3 4 0
3 3 1
2 4 1
6 3 0
5 4 1
6 4 0
5 5 1
6 5 1
7 5 1
1 4 0
1 5 1
8 4 0
8 5 1
0 0 1
board #81 24
4 5 1
3 5 0
3 6 0
3 7 1
2 7 0
2 8 0
4 3 0
4 2 0
4 1 1
5 1 0
0 0 0
board #82 12
4 5 1
3 5 0
3 6 1
2 6 1
5 4 0
5 5 0
5 6 1
4 6 0
3 7 0
2 8 0
4 3 1
5 3 1
6 3 1
3 4 0
3 3 0
4 2 0
4 1 1
5 1 0
0 0 0
board #83 20
4 5 1
3 5 0
3 6 1
2 6 0
2 7 0
1 8 1
2 8 1
3 7 1
5 4 1
6 4 0
6 3 0
6 5 0
6 6 0
6 2 0
6 7 0
5 8 1
6 8 1
7 7 1
4 8 1
3 8 0
4 7 0
5 6 0
6 1 1
7 1 0
0 0 0
board #84 26
4 5 0
4 6 0
4 3 0
4 7 1
3 7 0
2 8 1
3 8 0
4 2 1
5 2 0
5 1 1
6 1 1
7 1 0
6 2 1
7 2 0
6 3 1
7 3 0
6 4 0
5 4 0
0 0 1
board #85 20
4 5 1
3 5 1
5 5 1
6 5 1
2 5 1
7 5 0
7 4 1
8 3 0
8 4 0
8 2 1
7 3 0
7 2 0
6 6 0
5 7 1
6 7 0
7 1 0
6 8 0
0 0 0
board #86 19
4 5 1
3 5 0
3 6 0
3 7 1
2 7 0
1 8 0
4 3 1
5 3 1
3 4 1
6 3 1
2 5 0
2 4 1
1 5 1
7 3 0
7 2 1
8 1 1
0 0 1
board #87 18
4 5 1
3 5 0
3 6 1
2 6 0
2 7 1
1 8 1
5 4 0
5 5 1
6 4 1
7 4 1
8 3 0
8 4 0
7 5 1
8 5 1
0 0 0
board #88 16
4 5 0
4 6 0
4 3 1
5 3 1
3 4 1
6 3 0
6 2 1
7 2 0
7 1 0
5 4 0
3 7 0
2 8 0
0 0 1
board #89 14
4 5 1
3 5 1
5 5 1
6 5 0
6 4 0
5 6 0
6 3 0
6 2 0
5 7 0
6 1 1
7 1 0
4 8 0
0 0 1
board #90 14
4 5 1
3 5 1
