8 5 1
9 5 1
7 5 1
10 5 1
6 5 0
6 6 0
7 4 1
6 4 0
7 3 0
6 7 1
7 6 1
5 7 1
4 7 1
11 5 1
3 7 0
3 8 1
2 8 1
12 5 1
13 4 1
1 8 0
1 9 0
2 7 0
1 10 1
2 9 1
0 0 1
board #1 26
7 8 0
7 6 1
8 6 0
8 5 0
8 4 1
9 4 0
9 3 0
7 9 0
7 10 0
7 11 1
6 11 0
6 12 1
5 12 1
4 12 1
8 10 1
3 12 1
2 12 0
3 11 1
2 11 1
9 9 0
9 10 0
8 9 1
9 8 0
8 8 0
9 11 0
9 12 0
8 13 0
9 2 1
10 2 1
8 3 1
11 2 1
12 2 0
11 3 0
12 1 0
10 3 1
10 4 0
0 0 1
board #2 38
8 5 0
8 4 1
9 4 0
9 3 0
7 8 0
7 9 1
6 9 0
6 10 1
5 10 1
8 8 1
4 10 0
5 9 1
4 9 0
5 8 1
4 8 0
4 11 0
5 7 1
4 7 0
5 6 1
4 6 1
3 7 0
3 6 1
2 7 0
2 6 0
3 5 1
2 5 0
3 4 1
2 4 1
1 5 1
9 8 1
10 8 0
10 7 1
11 7 0
11 6 1
12 6 0
12 5 1
13 5 1
0 0 1
board #3 39
7 8 0
7 6 0
7 5 0
7 9 1
6 9 0
6 10 1
5 10 0
5 11 1
4 11 0
4 12 1
3 12 0
2 13 1
3 13 1
1 13 1
8 8 0
8 9 0
8 10 1
7 10 0
7 11 1
6 11 1
9 9 0
9 10 1
10 9 0
10 10 0
9 11 0
8 12 0
7 13 1
8 13 1
7 12 1
9 12 1
10 11 0
10 12 0
9 13 1
10 13 1
11 12 0
11 13 1
12 12 0
12 13 0
7 4 0
7 3 1
8 3 0
8 2 1
9 2 1
10 2 1
6 4 1
11 2 0
10 3 0
11 1 0
9 3 1
9 4 0
8 4 1
8 5 1
9 5 1
10 5 0
10 4 0
9 6 1
10 6 1
11 5 1
5 5 0
5 4 0
6 5 0
5 3 1
6 3 0
6 2 1
7 2 0
7 1 1
8 1 1
4 4 1
3 5 1
12 4 0
12 5 0
11 4 1
12 3 1
13 2 0
13 3 0
12 2 1
13 1 0
11 6 1
12 6 0
11 7 0
10 8 0
0 0 0
board #4 83
7 8 0
7 6 0
7 5 0
7 9 1
6 9 0
6 10 0
7 4 0
6 11 1
5 11 1
7 10 0
7 11 1
8 10 0
8 11 1
9 10 1
4 11 1
3 11 0
4 10 1
3 10 1
10 9 0
10 10 0
9 9 0
10 11 1
9 11 0
9 12 0
9 13 0
7 3 1
8 3 1
6 4 0
6 3 0
7 2 1
6 2 1
5 3 0
5 2 0
5 1 1
6 1 0
0 0 0
board #5 37
7 6 1
8 6 1
6 6 0
6 7 0
7 5 0
7 8 0
7 9 0
7 4 0
7 10 0
7 3 0
7 11 0
7 12 0
7 2 1
8 2 0
8 1 1
9 1 1
9 2 1
6 3 0
6 2 1
5 3 0
5 2 0
5 1 1
6 1 0
7 13 0
0 0 1
board #6 26
7 8 1
6 8 1
8 8 0
8 7 1
9 7 0
9 6 0
7 9 1
8 9 1
9 9 0
9 8 1
10 7 0
10 8 1
11 7 0
11 8 0
10 9 1
11 9 1
12 8 1
5 8 1
4 8 1
3 8 1
2 8 0
2 9 1
1 10 1
13 7 0
13 8 0
12 7 0
12 9 1
13 9 1
0 0 1
board #7 30
7 6 1
8 6 0
8 5 0
8 4 0
7 8 0
7 9 1
6 9 0
6 10 0
6 11 1
5 11 0
5 12 1
4 12 0
3 13 0
8 3 1
9 3 0
9 2 0
10 1 0
0 0 1
board #8 19
7 6 0
7 8 0
7 5 1
8 5 0
8 4 0
7 9 0
8 3 1
9 3 0
9 2 0
7 10 1
6 10 0
6 11 1
5 11 0
5 12 0
4 13 1
5 13 0
10 1 0
0 0 0
board #9 19
7 6 0
7 8 1
6 8 1
8 7 1
5 8 0
5 9 1
4 9 0
4 10 1
3 10 0
3 11 1
2 11 0
2 12 1
1 12 0
1 13 0
6 7 1
5 7 0
6 6 1
5 6 1
4 7 1
3 7 0
3 8 0
4 6 0
5 5 1
4 5 0
5 4 1
4 4 0
5 3 1
4 3 1
3 4 1
2 4 1
1 4 0
1 5 1
9 7 0
9 6 0
9 8 1
8 8 0
8 9 1
7 9 0
7 10 1
6 10 1
5 10 1
10 8 1
11 7 0
11 8 0
10 7 0
10 9 1
11 9 0
10 10 0
9 5 0
9 11 1
10 11 1
9 10 1
11 11 0
11 10 1
12 9 1
13 8 0
13 9 0
12 8 0
12 10 0
10 12 1
11 12 0
11 13 0
9 4 0
9 3 1
10 3 0
10 2 1
11 2 0
11 1 1
12 1 0
0 0 1
board #10 71
7 8 0
7 6 0
7 9 1
6 9 1
8 8 0
8 9 1
9 8 1
5 9 0
6 8 1
5 8 1
4 8 0
4 9 1
3 9 1
10 7 0
10 8 1
11 7 0
11 8 1
12 7 1
2 9 0
2 10 0
3 8 1
2 8 1
1 8 1
13 6 0
13 7 0
12 6 0
12 8 0
11 9 1
12 9 1
13 8 0
13 9 1
0 0 0
board #11 33
6 9 0
7 6 1
8 6 1
6 7 1
9 6 1
5 7 1
10 6 0
10 5 1
11 5 0
11 4 1
12 4 1
4 7 0
4 8 1
3 8 0
3 9 0
4 9 1
3 10 1
2 10 1
1 11 1
13 3 1
0 0 1
board #12 22
7 6 1
6 7 0
6 6 0
6 5 1
7 5 1
8 6 0
8 5 1
9 5 1
5 6 1
10 5 1
11 5 1
4 7 0
4 6 0
5 7 0
4 5 1
5 5 0
6 4 1
5 4 1
3 6 0
3 5 1
2 6 1
12 5 0
12 4 1
13 4 1
1 6 1
0 0 1
board #13 27
7 6 1
8 6 0
8 5 1
9 5 1
6 7 0
6 6 0
6 5 1
7 5 0
7 4 1
8 4 1
5 6 1
10 5 0
10 4 1
11 4 1
12 4 1
4 6 1
3 6 0
3 7 1
2 7 1
13 3 0
13 4 0
12 5 0
13 2 1
12 3 1
1 7 0
1 8 1
0 0 1
board #14 28
7 9 0
7 8 1
6 8 1
8 8 0
8 7 0
7 6 0
7 5 1
8 5 0
8 4 0
7 10 0
8 3 1
9 3 1
7 4 0
7 3 0
8 2 0
7 11 1
6 11 0
5 12 0
4 13 0
9 1 0
0 0 1
board #15 22
7 8 0
7 6 1
8 6 1
6 7 0
6 6 1
5 7 0
5 6 0
6 5 1
5 5 0
6 4 1
5 4 1
4 5 0
4 4 0
5 3 1
4 3 0
5 2 1
4 2 0
5 1 0
7 9 0
7 10 1
6 10 1
8 9 1
5 10 1
4 10 1
3 10 0
3 11 0
4 9 1
3 9 0
4 8 1
3 8 1
2 9 0
2 8 1
9 8 1
1 8 1
10 7 1
11 7 1
12 7 1
13 6 0
13 7 0
12 8 0
12 6 1
13 5 1
0 0 0
board #16 44
7 8 1
6 8 1
5 8 0
5 9 0
6 7 1
5 7 1
4 8 0
4 7 1
3 8 1
8 8 0
8 7 0
7 9 1
8 9 0
7 6 1
8 6 1
9 6 0
9 5 1
10 5 0
10 4 0
7 10 0
10 3 0
10 2 1
11 2 0
11 1 1
12 1 0
6 11 1
7 11 1
6 10 0
5 11 1
5 10 1
6 9 1
8 10 1
9 9 1
10 8 1
11 7 0
11 8 0
10 7 1
11 6 0
11 9 1
10 9 1
12 8 1
13 7 1
2 9 1
1 9 0
1 10 1
0 0 1
board #17 47
7 6 1
