3 4 1
2 4 0
2 5 0
3 2 1
4 2 0
2 6 0
4 1 1
5 1 0
0 0 1
board #1 10
3 4 1
2 4 0
2 5 1
1 5 0
1 6 1
4 4 1
5 4 0
5 3 0
4 5 0
5 2 1
4 3 1
6 1 0
6 2 0
3 6 1
4 6 1
5 5 1
2 6 0
3 5 1
6 4 0
6 5 1
0 0 1
board #2 22
3 4 1
2 4 1
4 4 1
5 3 1
1 4 0
1 5 0
1 6 1
2 5 0
2 6 0
2 3 1
1 3 0
2 2 1
1 2 0
1 1 1
2 1 1
6 2 1
0 0 0
board #3 18
3 4 0
3 5 1
2 5 0
1 6 1
2 6 0
3 2 0
4 1 0
0 0 1
board #4 9
3 4 0
3 5 1
2 5 0
1 6 1
2 6 1
4 4 1
5 4 1
6 3 0
6 4 1
0 0 0
board #5 11
3 4 0
3 5 0
3 2 0
2 6 1
3 6 0
4 1 0
0 0 1
board #6 8
3 4 1
2 4 0
2 5 0
1 6 0
4 2 0
4 1 1
5 1 0
0 0 0
board #7 9
3 4 1
2 4 0
2 5 1
1 6 1
4 4 1
5 4 1
6 3 1
0 0 0
board #8 9
3 4 0
3 5 0
3 2 1
4 2 1
5 2 0
4 3 0
5 1 1
6 1 1
2 3 0
2 2 1
1 2 0
1 3 0
1 1 1
2 1 0
2 6 0
0 0 0
board #9 17
3 4 0
3 5 0
3 2 0
2 6 1
3 6 0
3 1 0
0 0 1
board #10 8
3 4 1
2 4 0
2 5 0
2 6 0
3 2 0
4 1 0
0 0 1
board #11 8
2 5 1
3 5 1
4 5 0
4 4 0
4 3 1
3 4 0
3 6 0
3 2 1
4 2 1
2 3 0
2 2 0
2 1 1
3 1 1
1 1 0
1 2 1
5 3 0
5 2 1
6 1 0
6 2 0
0 0 1
board #12 21
3 4 1
2 4 1
4 4 1
5 4 1
1 4 1
6 3 1
0 0 1
board #13 8
2 5 0
3 4 1
2 4 0
1 6 1
2 6 0
3 2 1
4 2 1
2 2 0
2 3 1
5 2 1
1 3 1
6 1 0
6 2 1
0 0 1
board #14 15
3 4 1
2 4 1
4 4 1
5 4 0
5 3 1
6 2 0
6 3 1
1 4 0
1 5 0
1 6 0
2 3 1
1 3 1
0 0 1
board #15 14
3 4 0
3 5 1
2 5 0
1 6 0
3 2 1
4 2 0
4 1 1
5 1 0
0 0 0
board #16 10
3 4 1
2 4 0
2 5 1
1 5 1
4 4 0
4 3 1
5 3 1
6 2 0
6 3 1
0 0 1
board #17 11
3 4 0
3 5 1
2 5 0
1 6 0
3 2 1
4 2 0
4 1 1
5 1 1
6 1 0
5 2 0
0 0 1
board #18 12
3 4 0
3 5 1
2 5 0
2 6 0
3 2 0
3 1 0
0 0 0
board #19 8
3 4 1
2 4 0
2 5 0
1 6 1
2 6 1
3 5 1
5 4 0
5 3 0
4 5 0
5 2 0
3 6 1
4 6 0
5 1 0
0 0 1
board #20 15
2 5 1
3 5 1
4 5 0
4 4 1
5 4 0
5 3 0
5 2 0
4 6 0
5 1 1
6 1 1
4 2 1
4 3 1
1 5 0
1 6 0
2 4 1
1 4 1
0 0 0
board #21 18
3 4 0
3 5 0
3 2 1
4 2 1
5 2 0
4 3 0
6 1 0
2 6 1
3 6 0
0 0 1
board #22 11
3 4 0
3 5 1
2 5 0
1 6 1
2 6 0
3 2 0
3 1 1
4 1 0
0 0 1
board #23 10
3 4 0
3 5 0
3 2 0
2 6 1
3 6 0
3 1 0
0 0 0
board #24 8
3 4 0
3 5 0
3 2 0
2 6 1
3 6 1
1 6 1
4 5 1
5 4 1
6 3 0
6 4 0
5 3 1
6 2 1
0 0 0
board #25 14
3 4 1
2 4 0
2 5 0
1 6 1
2 6 0
3 2 0
3 1 1
4 1 1
5 1 1
2 2 0
2 1 0
0 0 0
board #26 13
3 4 1
2 4 1
4 4 1
5 4 0
5 3 0
4 5 0
5 2 0
5 1 1
6 1 0
3 6 1
4 6 1
3 5 0
2 6 1
1 6 1
5 6 0
5 5 0
0 0 0
board #27 18
3 4 0
3 5 1
2 5 1
4 5 1
1 6 1
5 4 1
6 3 0
6 4 1
0 0 1
board #28 10
3 4 0
3 5 0
3 2 0
3 6 0
3 1 0
0 0 1
board #29 7
3 4 1
2 4 0
2 5 0
1 6 1
2 6 1
3 5 1
4 5 0
4 4 1
5 4 1
6 3 0
6 4 0
5 5 0
6 2 1
5 3 0
5 2 1
4 3 0
3 2 0
3 1 0
3 6 1
4 6 1
5 6 0
0 0 1
board #30 23
3 4 1
2 4 0
2 5 1
1 5 1
4 4 0
4 3 1
5 3 1
6 2 0
6 3 1
0 0 1
board #31 11
3 4 0
3 5 0
3 2 1
4 2 0
4 1 0
2 6 1
3 6 0
0 0 0
board #32 9
3 4 0
3 5 1
2 5 1
4 4 0
4 5 1
5 4 1
1 5 1
6 3 1
0 0 1
board #33 10
3 4 1
2 4 1
4 4 1
5 4 0
5 3 0
4 5 1
5 5 1
6 4 0
6 5 0
5 6 1
6 6 1
1 4 0
1 5 1
0 0 0
board #34 15
3 4 0
3 5 0
3 2 0
3 6 0
4 1 0
0 0 1
board #35 7
3 4 1
2 4 0
2 5 0
1 6 0
3 2 0
3 1 0
0 0 1
board #36 8
3 4 0
3 5 1
2 5 0
2 6 0
3 2 1
4 2 0
4 1 0
0 0 1
board #37 9
3 4 0
3 5 1
2 5 1
4 4 0
4 5 1
5 4 1
1 5 0
1 6 1
6 4 1
0 0 0
board #38 11
3 4 1
2 4 0
2 5 0
2 6 0
4 2 0
4 1 1
5 1 1
6 1 1
3 2 1
2 2 1
1 2 0
1 3 1
0 0 0
board #39 14
3 4 0
3 5 1
2 5 0
1 6 0
3 2 0
3 1 1
4 1 1
5 1 1
6 1 1
2 2 1
1 2 1
0 0 1
board #40 13
3 4 0
3 5 0
3 2 0
2 6 0
4 1 0
0 0 1
board #41 7
3 4 1
2 4 0
2 5 1
1 5 0
1 6 0
3 2 1
4 2 1
2 3 0
2 2 1
5 2 1
1 3 1
6 1 0
6 2 0
5 3 0
4 3 1
5 4 0
5 5 1
4 5 1
6 4 0
6 5 0
6 6 0
0 0 0
board #42 23
3 4 0
3 5 1
2 5 0
2 6 0
3 2 0
3 1 1
4 1 1
2 2 0
2 1 0
0 0 0
board #43 11
2 5 0
3 4 1
2 4 1
4 4 1
5 4 0
5 3 1
1 5 1
6 2 1
0 0 1
board #44 10
3 4 0
3 5 0
3 2 0
2 6 1
3 6 0
3 1 0
0 0 1
board #45 8
3 4 0
3 5 1
2 5 0
1 6 0
3 2 1
4 2 1
5 2 1
2 3 1
6 2 1
1 3 0
1 4 1
0 0 0
board #46 13
3 4 0
3 5 0
3 2 0
2 6 0
4 1 0
0 0 0
board #47 7
3 4 1
2 4 1
4 4 1
5 4 1
1 4 0
1 5 0
1 6 0
2 3 1
1 3 0
2 2 1
1 2 0
1 1 1
2 1 1
6 3 0
6 4 1
0 0 1
board #48 17
3 4 0
3 5 0
3 2 1
4 2 1
2 3 1
5 2 1
6 1 0
6 2 1
1 3 0
1 4 1
0 0 1
board #49 12
3 4 0
3 5 1
2 5 0
1 6 0
4 2 0
4 1 0
0 0 1
board #50 8
2 5 0
2 4 0
4 2 0
1 6 1
2 6 1
3 5 0
3 6 1
4 5 1
5 4 1
6 3 0
6 4 0
5 3 1
6 2 0
6 5 1
5 5 0
6 1 1
5 2 1
0 0 1
board #51 19
3 4 0
3 5 0
3 2 1
4 2 0
4 1 0
2 6 1
3 6 1
1 6 1
4 5 1
5 4 0
5 5 1
6 4 0
6 5 0
6 6 0
4 4 1
5 3 0
4 3 1
5 2 0
0 0 1
board #52 20
3 4 1
2 4 1
4 4 1
5 4 0
5 3 0
4 5 0
5 2 0
5 1 0
3 6 1
4 6 1
3 5 1
5 5 1
6 4 0
6 5 0
5 6 1
6 6 0
0 0 1
board #53 18
3 4 0
3 5 1
2 5 0
2 6 0
3 2 1
4 2 0
4 1 1
5 1 0
0 0 0
board #54 10
3 4 0
3 5 0
3 2 0
2 6 1
3 6 0
3 1 0
0 0 0
board #55 8
3 4 1
2 4 1
4 4 0
4 3 1
5 3 0
5 2 1
6 1 0
6 2 0
3 5 1
4 5 0
3 6 1
4 6 1
5 5 0
5 6 1
6 5 0
6 6 1
1 4 1
0 0 0
board #56 19
3 4 0
3 5 1
2 5 0
2 6 0
3 2 0
3 1 1
4 1 1
2 2 0
2 1 0
0 0 0
board #57 11
3 4 0
3 5 1
2 5 1
4 4 1
1 5 0
1 6 1
5 4 0
5 3 0
5 5 0
5 2 0
4 6 1
5 6 0
5 1 0
0 0 0
board #58 15
3 4 0
3 5 1
2 5 0
1 6 1
2 6 0
3 2 0
3 1 0
0 0 1
board #59 9
3 4 0
3 5 1
2 5 1
4 4 1
1 6 1
5 4 0
5 3 0
5 5 0
5 2 1
4 3 1
6 1 1
0 0 1
board #60 13
3 4 1
2 4 0
2 5 1
1 5 0
1 6 0
4 2 0
4 1 0
0 0 1
board #61 9
3 4 0
3 5 1
2 5 1
4 4 1
1 5 0
1 6 0
2 4 0
3 2 0
3 1 1
4 1 1
5 1 1
2 2 0
2 1 0
0 0 1
board #62 15
3 4 1
2 4 1
4 4 1
5 4 0
5 3 1
6 3 1
1 5 1
0 0 1
board #63 9
2 5 1
3 5 1
4 5 0
4 4 1
5 4 1
1 5 0
1 6 1
6 3 0
6 4 1
0 0 1
board #64 11
3 4 0
3 5 1
2 5 0
1 6 1
2 6 1
4 4 0
4 5 1
5 4 1
6 3 0
6 4 1
0 0 1
board #65 12
3 4 0
3 5 1
2 5 0
1 6 1
2 6 0
3 2 1
4 2 1
5 2 1
2 3 0
2 2 0
2 1 1
3 1 1
1 2 1
6 2 1
0 0 1
board #66 16
3 4 1
2 4 0
2 5 0
2 6 0
3 2 1
4 2 0
4 1 1
5 1 0
0 0 1
board #67 10
3 4 0
3 5 0
3 2 1
4 2 0
4 1 1
5 1 1
6 1 1
2 3 0
2 2 0
3 1 0
2 6 1
3 6 1
1 6 1
4 5 0
4 6 1
5 5 1
6 5 1
0 0 1
board #68 19
2 5 1
3 5 0
3 4 0
3 6 0
3 2 1
4 2 1
5 2 0
4 3 1
5 3 1
2 3 1
6 2 0
6 3 0
5 4 1
6 4 1
1 3 0
1 4 1
0 0 0
board #69 18
3 4 0
3 5 0
3 2 0
2 6 0
3 1 1
4 1 1
5 1 1
6 1 0
5 2 0
4 2 1
4 3 0
0 0 1
board #70 13
3 4 1
2 4 0
2 5 0
1 6 1
2 6 1
3 5 1
4 5 1
5 5 1
6 4 1
0 0 0
board #71 11
3 4 0
3 5 1
2 5 1
4 4 1
1 5 0
1 6 1
5 4 0
5 3 1
6 2 1
0 0 1
board #72 11
3 4 0
3 5 1
2 5 0
2 6 0
3 2 1
4 2 1
5 2 0
4 3 0
6 1 0
0 0 1
board #73 11
3 4 1
2 4 0
2 5 0
1 6 1
2 6 0
3 2 0
3 1 1
4 1 0
0 0 1
board #74 10
3 4 1
2 4 1
4 4 1
5 4 0
5 3 1
6 2 0
6 3 0
6 1 0
4 5 0
4 6 0
0 0 1
board #75 12
3 4 0
3 5 0
3 2 0
3 6 0
4 1 0
0 0 1
board #76 7
3 4 0
3 5 1
2 5 0
2 6 0
4 2 0
4 1 1
5 1 1
6 1 0
5 2 0
0 0 1
board #77 11
3 4 1
2 4 0
2 5 0
1 6 0
3 2 1
4 2 0
4 1 0
0 0 0
board #78 9
3 4 0
3 5 1
2 5 0
1 6 1
2 6 0
3 2 0
3 1 1
4 1 0
0 0 0
board #79 10
3 4 0
3 5 0
3 2 1
4 2 0
4 1 1
5 1 0
2 6 0
0 0 0
board #80 9
3 4 1
2 4 0
2 5 1
1 6 1
4 4 0
4 3 0
4 5 1
3 5 1
5 4 0
5 5 1
6 4 0
6 5 0
5 6 0
3 2 1
4 2 0
4 1 0
0 0 1
board #81 18
3 4 0
3 5 0
3 2 1
4 2 0
5 1 0
2 6 0
0 0 0
board #82 8
3 4 1
2 4 1
4 4 0
4 3 1
5 3 1
1 4 1
6 2 1
0 0 1
board #83 9
3 4 1
2 4 0
2 5 1
1 5 1
4 4 1
5 4 0
5 3 0
4 5 1
5 5 0
5 2 0
5 6 0
5 1 1
6 1 0
0 0 0
board #84 15
3 4 0
3 5 1
2 5 1
4 4 0
4 5 0
3 6 0
3 2 0
3 1 1
4 1 1
5 1 1
6 1 1
2 2 0
2 1 1
1 1 1
0 0 1
board #85 16
3 4 1
2 4 0
2 5 0
1 6 0
3 2 0
3 1 1
4 1 1
5 1 1
2 2 1
6 1 1
1 2 0
1 3 1
0 0 0
board #86 14
3 4 1
2 4 0
2 5 1
1 5 0
1 6 1
4 4 1
5 4 1
6 4 1
0 0 0
board #87 10
3 4 1
2 4 1
4 4 1
5 4 0
5 3 1
6 2 1
1 4 0
1 5 0
1 6 1
2 5 0
2 6 1
3 5 0
3 6 0
2 3 0
4 2 1
3 2 0
3 1 1
4 1 0
0 0 1
board #88 20
3 4 0
3 5 1
2 5 1
4 4 0
4 5 0
3 6 0
3 2 0
3 1 1
4 1 0
0 0 1
board #89 11
3 4 1
2 4 1
4 4 0
4 3 0
3 5 1
4 5 0
3 6 1
4 6 1
5 5 1
6 4 1
1 4 0
1 5 0
1 6 1
2 5 1
0 0 1
board #90 16
3 4 1
2 4 0
2 5 1
1 6 1
4 4 0
4 3 1
5 3 1
6 2 1
0 0 1
board #91 10
3 4 1
2 4 0
2 5 0
1 6 0
3 2 1
4 2 1
5 2 1
2 2 0
2 3 1
1 3 0
1 4 0
2 1 1
3 1 0
0 0 1
board #92 15
3 4 0
3 5 1
2 5 1
4 4 0
4 5 0
3 6 1
4 6 0
3 2 0
3 1 1
4 1 1
5 1 0
4 2 0
0 0 0
board #93 14
3 4 0
3 5 0
3 2 1
4 2 0
4 1 0
2 6 1
3 6 1
1 6 1
4 5 0
4 6 1
5 5 0
5 6 1
6 5 1
0 0 1
board #94 15
3 4 1
2 4 1
4 4 0
4 3 1
5 3 1
1 4 1
6 2 0
6 3 0
6 1 1
5 2 1
0 0 0
board #95 12
3 4 1
2 4 1
4 4 0
4 3 0
3 5 0
3 2 0
3 6 0
4 1 0
0 0 0
board #96 10
2 5 0
3 4 0
3 2 1
4 2 0
5 1 0
2 6 0
0 0 0
board #97 8
3 4 0
3 5 1
2 5 1
4 4 1
1 5 1
5 4 1
6 4 1
0 0 1
board #98 9
3 4 1
2 4 0
2 5 1
1 5 0
1 6 1
4 4 1
5 4 0
5 3 1
6 2 0
6 3 1
0 0 1
board #99 12
3 4 1
2 4 1
4 4 0
4 3 0
3 5 1
4 5 0
4 6 0
3 2 1
4 2 1
5 2 1
2 3 0
2 2 0
2 1 1
3 1 0
0 0 1
board #100 16
2 5 1
3 5 0
3 4 1
4 4 1
1 5 0
1 6 0
2 4 0
3 2 1
4 2 1
2 2 1
5 2 0
4 3 0
5 1 0
0 0 1
board #101 15
3 4 1
2 4 1
4 4 1
5 4 0
5 3 1
6 2 0
6 3 1
1 4 1
0 0 0
board #102 10
3 4 1
2 4 1
4 4 0
4 3 1
5 3 0
5 2 1
6 1 1
1 4 0
1 5 0
1 6 0
2 3 0
2 2 1
4 2 1
3 2 0
3 1 0
0 0 1
board #103 17
3 4 0
3 5 0
3 2 0
2 6 0
3 1 1
4 1 0
0 0 0
board #104 8
3 4 1
2 4 0
2 5 1
1 5 1
4 4 1
5 3 1
6 2 0
6 3 0
6 1 0
5 4 1
6 4 1
0 0 1
board #105 13
3 4 1
2 4 0
2 5 1
1 6 1
4 4 1
5 4 1
6 3 0
6 4 0
5 5 1
6 5 1
0 0 1
board #106 12
3 4 0
3 5 1
2 5 0
1 6 0
3 2 0
3 1 1
4 1 0
0 0 1
board #107 9
3 4 1
2 4 0
2 5 0
1 6 1
2 6 1
3 5 0
3 6 0
3 2 0
3 1 0
0 0 0
board #108 11
3 4 1
2 4 1
4 4 1
5 4 0
5 3 0
4 5 0
5 2 1
4 3 1
6 1 0
6 2 1
1 4 1
0 0 1
board #109 13
3 4 1
2 4 0
2 5 0
1 6 1
2 6 0
3 2 1
4 2 0
4 1 1
5 1 1
6 1 1
2 2 0
2 3 1
1 3 1
0 0 0
board #110 15
3 4 1
2 4 1
4 4 0
4 3 0
3 5 1
4 5 1
5 4 0
5 5 0
5 6 0
3 2 1
4 2 0
4 1 0
0 0 0
board #111 14
3 4 0
3 5 1
2 5 0
1 6 1
2 6 1
4 4 1
5 4 1
6 3 1
0 0 0
board #112 10
3 4 0
3 5 1
2 5 0
1 6 1
2 6 0
3 2 1
4 2 0
4 1 0
0 0 1
board #113 10
3 4 0
3 5 0
3 2 1
4 2 1
2 3 0
2 2 0
2 1 0
3 6 0
0 0 0
board #114 10
3 4 0
3 5 1
2 5 0
2 6 0
3 2 0
3 1 0
0 0 0
board #115 8
3 4 0
3 5 1
2 5 0
2 6 0
4 2 0
5 1 0
0 0 0
board #116 8
3 4 1
2 4 1
4 4 1
5 4 1
1 4 0
1 5 0
1 6 1
2 5 0
2 6 0
2 3 1
1 3 1
6 3 0
6 4 0
6 2 0
5 5 1
6 5 1
0 0 1
board #117 18
3 4 1
2 4 1
4 4 0
4 3 0
3 5 1
4 5 1
5 4 1
1 4 1
6 3 1
0 0 1
board #118 11
2 5 0
3 4 1
2 4 0
1 6 1
2 6 0
3 2 0
4 1 0
0 0 0
board #119 9
3 4 1
2 4 1
4 4 0
4 3 0
3 5 0
3 2 0
2 6 0
3 1 1
4 1 0
0 0 0
board #120 11
3 4 1
2 4 0
2 5 0
2 6 0
3 2 0
4 1 0
0 0 1
board #121 8
3 4 1
2 4 0
2 5 1
1 5 1
4 4 1
5 4 0
5 3 0
4 5 0
5 2 0
5 1 0
3 6 1
4 6 0
0 0 0
board #122 14
3 4 1
2 4 1
4 4 0
4 3 1
5 3 1
1 4 1
6 2 0
6 3 0
6 1 1
5 2 0
5 1 1
4 2 1
0 0 0
board #123 14
3 4 0
3 5 0
3 2 0
2 6 0
3 1 0
0 0 0
board #124 7
3 4 0
3 5 0
3 2 0
2 6 1
3 6 0
3 1 1
4 1 1
5 1 1
6 1 0
5 2 0
4 2 0
0 0 0
board #125 13
3 4 1
2 4 1
4 4 0
4 3 0
3 5 1
4 5 1
5 4 0
5 5 1
6 4 0
6 5 1
1 4 0
1 5 0
1 6 1
2 6 1
0 0 0
board #126 16
3 4 0
3 5 1
2 5 1
4 4 1
1 6 1
5 4 0
5 3 1
6 3 1
0 0 0
board #127 10
3 4 1
2 4 0
2 5 1
1 5 1
4 4 0
4 3 0
4 5 1
3 5 1
5 4 0
5 5 1
6 4 0
6 5 1
0 0 0
board #128 14
3 4 1
2 4 0
2 5 1
1 5 1
4 4 1
5 4 1
6 4 1
0 0 1
board #129 9
3 4 1
2 4 0
2 5 1
1 5 0
1 6 0
3 2 1
4 2 0
4 1 1
5 1 1
6 1 0
5 2 1
6 2 0
5 3 1
6 3 0
5 4 0
4 5 1
5 5 1
4 4 0
4 3 0
0 0 0
board #130 21
3 4 1
2 4 0
2 5 1
1 6 1
4 4 0
4 3 0
4 5 1
3 5 0
3 6 0
3 2 1
4 2 1
5 2 1
2 2 1
6 1 0
6 2 0
5 3 1
6 3 1
1 3 1
0 0 1
board #131 20
3 4 1
2 4 1
4 4 1
5 4 0
5 3 0
4 5 1
5 5 0
5 2 1
4 3 1
6 2 1
1 4 0
1 5 0
1 6 0
2 3 0
2 2 0
2 1 1
3 1 1
4 1 1
5 1 1
1 1 0
1 2 0
0 0 1
board #132 23
2 5 0
3 4 1
2 4 1
4 4 1
5 4 0
5 3 1
1 4 0
1 5 0
2 3 1
1 3 0
2 2 1
1 2 0
1 1 1
2 1 1
6 2 0
6 3 0
6 1 1
5 2 0
5 1 1
4 2 1
3 2 0
4 3 0
3 1 0
4 5 1
5 5 1
6 5 1
0 0 0
board #133 28
3 4 0
3 5 1
2 5 1
4 4 1
1 5 1
5 4 1
6 3 1
0 0 1
board #134 9
3 4 1
2 4 1
4 4 1
5 4 0
5 3 1
6 2 0
6 3 1
1 5 1
0 0 0
board #135 10
3 4 0
3 5 1
2 5 1
4 4 0
4 5 1
5 4 0
5 5 0
5 6 0
3 2 1
4 2 0
4 1 1
5 1 0
0 0 0
board #136 14
3 4 0
3 5 0
3 2 1
4 2 1
5 2 0
4 3 0
6 1 0
2 6 0
0 0 1
board #137 10
3 4 0
3 5 1
2 5 0
1 6 1
2 6 1
4 4 1
5 4 0
5 3 0
5 5 0
5 2 0
4 6 0
5 1 1
6 1 0
0 0 0
board #138 15
3 4 0
3 5 0
3 2 1
4 2 1
5 2 1
2 3 0
2 2 1
1 2 0
1 3 0
1 1 0
2 6 1
3 6 0
0 0 0
board #139 14
2 5 1
3 5 1
4 5 1
1 5 0
1 6 0
2 4 1
1 4 1
5 4 0
5 5 1
6 5 1
0 0 0
board #140 12
3 4 1
2 4 1
4 4 0
4 3 0
3 5 1
4 5 0
3 6 0
3 2 0
3 1 0
0 0 1
board #141 11
3 4 0
3 5 0
3 2 1
4 2 1
5 2 1
2 3 1
6 1 0
6 2 0
5 3 0
4 3 1
4 4 0
2 6 0
0 0 1
board #142 14
3 4 1
2 4 1
4 4 0
4 3 0
3 5 0
3 2 0
2 6 1
3 6 0
4 1 0
0 0 0
board #143 11
3 4 0
3 5 0
3 2 1
4 2 1
5 2 0
4 3 0
5 1 0
2 6 1
3 6 1
1 6 0
2 5 1
1 5 1
4 5 0
4 6 0
0 0 1
board #144 16
3 4 1
2 4 1
4 4 0
4 3 0
3 5 0
3 2 0
2 6 1
3 6 0
3 1 1
4 1 1
5 1 0
5 2 0
0 0 0
board #145 14
3 4 0
3 5 1
2 5 0
1 6 1
2 6 0
3 2 0
3 1 0
0 0 0
board #146 9
2 5 0
2 4 0
3 2 1
4 2 0
4 1 1
5 1 1
6 1 0
5 2 0
2 6 0
0 0 0
board #147 11
3 4 1
2 4 1
4 4 0
4 3 1
5 3 1
1 4 0
1 5 1
6 2 1
0 0 0
board #148 10
3 4 1
2 4 0
2 5 0
1 6 0
3 2 1
4 2 1
5 2 0
4 3 0
5 1 1
6 1 0
0 0 0
board #149 12
2 5 1
3 5 0
3 4 1
4 4 0
4 3 0
2 6 0
3 2 0
3 1 0
0 0 1
board #150 10
3 4 1
2 4 0
2 5 0
1 6 1
2 6 1
3 5 1
4 5 0
4 4 0
4 3 1
5 3 1
6 2 0
6 3 0
6 1 0
5 4 1
6 4 0
5 5 0
3 6 0
0 0 0
board #151 19
3 4 1
2 4 1
4 4 0
4 3 0
3 5 1
4 5 1
5 4 0
5 5 1
6 4 0
6 5 1
1 4 0
1 5 1
0 0 0
board #152 14
2 5 0
3 4 1
2 4 1
4 4 1
1 4 0
1 5 1
5 4 0
5 3 1
6 3 1
0 0 0
board #153 11
3 4 0
3 5 1
2 5 0
1 6 0
3 2 1
4 2 0
4 1 1
5 1 0
0 0 1
board #154 10
2 5 0
2 4 0
2 6 0
3 2 1
4 2 0
4 1 1
5 1 1
6 1 1
2 2 0
2 3 1
1 3 0
1 4 0
2 1 1
3 1 0
0 0 1
board #155 16
3 4 0
3 5 0
3 2 0
3 6 0
3 1 0
0 0 1
board #156 7
3 4 0
3 5 1
2 5 0
1 6 1
2 6 0
3 2 0
3 1 1
4 1 0
0 0 0
board #157 10
3 4 1
2 4 0
2 5 0
1 6 0
3 2 1
4 2 0
4 1 0
0 0 0
board #158 9
3 4 0
3 5 0
4 2 0
3 6 0
4 1 1
5 1 1
6 1 0
5 2 1
6 2 0
5 3 0
4 4 0
0 0 1
board #159 13
3 4 1
2 4 0
2 5 1
1 6 1
4 4 1
5 4 0
5 3 0
4 5 0
5 2 0
5 1 1
6 1 1
4 2 1
4 3 0
3 2 0
3 1 0
3 6 1
4 6 0
0 0 0
board #160 19
3 4 1
2 4 0
2 5 0
1 6 1
2 6 0
3 2 1
4 2 0
4 1 1
5 1 1
6 1 1
2 3 1
1 3 0
1 4 1
0 0 1
board #161 15
3 4 1
2 4 1
4 4 0
4 3 0
3 5 0
3 2 1
4 2 0
4 1 1
5 1 1
6 1 1
2 3 1
1 4 1
0 0 0
board #162 14
3 4 1
2 4 0
2 5 0
2 6 0
3 2 1
4 2 0
4 1 1
5 1 0
0 0 1
board #163 10
3 4 0
3 5 1
2 5 1
4 4 1
1 5 0
1 6 0
2 4 0
3 2 1
4 2 1
2 2 1
5 2 0
4 3 0
5 1 0
0 0 1
board #164 15
3 4 1
2 4 0
2 5 1
1 5 1
4 4 1
5 4 1
6 3 0
6 4 1
0 0 1
board #165 10
2 5 1
3 5 0
3 4 1
4 4 0
4 3 1
5 3 0
5 2 0
5 1 1
6 1 0
2 6 0
0 0 0
board #166 12
3 4 1
2 4 1
4 4 0
4 3 0
3 5 0
3 2 0
3 6 0
3 1 1
4 1 1
5 1 1
6 1 1
2 2 1
1 2 1
0 0 0
board #167 15
3 4 1
2 4 0
2 5 0
1 6 1
2 6 1
3 5 1
4 5 0
4 4 0
4 3 1
5 3 0
5 2 0
3 6 0
6 1 0
0 0 0
board #168 15
3 4 0
3 5 1
2 5 1
4 4 0
4 5 0
4 6 0
3 2 0
4 1 0
0 0 1
board #169 10
3 4 1
2 4 1
4 4 0
4 3 1
5 3 1
1 4 0
1 5 0
1 6 0
2 3 1
1 3 0
2 2 0
2 1 1
3 1 1
3 2 0
4 1 1
4 2 1
1 1 0
1 2 0
0 0 1
board #170 20
3 4 1
2 4 1
4 4 0
4 3 0
3 5 1
4 5 1
5 4 0
5 5 1
6 4 0
6 5 0
5 6 0
3 2 1
4 2 0
4 1 1
5 1 0
0 0 0
board #171 17
3 4 1
2 4 0
2 5 1
1 5 0
1 6 1
4 4 0
4 3 1
5 3 1
6 2 0
6 3 1
0 0 0
board #172 12
3 4 1
2 4 1
4 4 1
5 4 0
5 3 1
6 3 1
1 5 1
0 0 1
board #173 9
3 4 1
2 4 0
2 5 1
1 5 0
1 6 1
4 4 1
5 4 0
5 3 0
4 5 1
5 5 0
5 2 1
4 3 0
4 6 0
3 2 1
4 2 1
6 1 1
2 2 0
2 3 0
2 1 1
3 1 0
0 0 1
board #174 22
3 4 1
2 4 1
4 4 0
4 3 0
3 5 1
4 5 1
5 4 0
5 5 0
4 6 1
5 6 1
6 5 1
1 5 1
0 0 0
board #175 14
3 4 0
3 5 1
2 5 0
1 6 1
2 6 0
3 2 1
4 2 1
5 2 0
4 3 1
5 3 0
4 4 1
5 4 0
5 1 0
5 5 0
5 6 0
0 0 0
board #176 17
3 4 1
2 4 1
4 4 0
4 3 0
3 5 0
3 2 0
2 6 1
3 6 0
3 1 1
4 1 1
5 1 0
4 2 1
5 2 1
2 2 1
6 1 1
1 3 1
0 0 0
board #177 18
3 4 0
3 5 0
3 2 1
4 2 0
5 1 0
2 6 1
3 6 1
1 6 1
4 5 0
4 6 1
5 5 1
6 4 0
6 5 1
0 0 1
board #178 15
3 4 0
3 5 1
2 5 1
4 4 0
4 5 0
4 6 0
3 2 1
4 2 1
5 2 0
6 1 0
4 3 1
5 3 0
0 0 1
board #179 14
3 4 1
2 4 1
4 4 0
4 3 1
5 3 0
5 2 0
3 5 1
4 5 0
6 1 0
3 6 1
4 6 1
5 5 0
5 6 1
6 5 0
6 6 0
0 0 0
board #180 17
3 4 0
3 5 1
2 5 0
1 6 1
2 6 0
3 2 0
3 1 1
4 1 1
5 1 1
2 2 0
2 1 0
0 0 1
board #181 13
3 4 0
3 5 0
3 2 1
4 2 1
5 2 1
2 3 0
2 2 1
1 2 0
1 3 0
1 1 0
2 6 1
3 6 0
0 0 1
board #182 14
3 4 0
3 5 1
2 5 1
4 4 1
1 5 1
5 3 1
6 2 0
6 3 1
0 0 1
board #183 10
3 4 1
2 4 0
2 5 1
1 5 0
1 6 0
3 2 1
4 2 0
4 1 1
5 1 0
0 0 0
board #184 11
3 4 0
3 5 1
2 5 1
4 4 0
4 5 1
5 4 0
5 5 1
6 4 1
1 5 0
1 6 0
2 4 1
1 4 1
0 0 0
board #185 14
3 4 0
3 5 1
2 5 0
2 6 0
3 2 1
4 2 0
5 1 0
0 0 0
board #186 9
3 4 0
3 5 0
3 2 1
4 2 1
5 2 1
2 3 1
6 1 0
6 2 1
1 4 1
0 0 1
board #187 11
3 4 0
3 5 1
2 5 0
2 6 0
3 2 1
4 2 1
5 2 1
2 3 0
2 2 1
1 3 1
6 2 1
0 0 0
board #188 13
3 4 1
2 4 1
4 4 1
5 4 0
5 3 0
5 2 1
4 3 1
6 1 0
6 2 1
1 5 1
0 0 0
board #189 12
3 4 0
3 5 1
2 5 1
4 4 1
1 5 1
5 4 1
6 4 1
0 0 0
board #190 9
3 4 1
2 4 1
4 4 1
5 3 0
5 4 1
6 3 1
1 4 0
1 5 1
0 0 0
board #191 10
3 4 1
2 4 0
2 5 1
1 6 1
4 4 1
5 4 1
6 3 0
6 4 0
6 2 1
5 3 0
5 2 1
4 3 0
5 5 0
3 2 1
4 2 1
2 2 1
1 2 1
0 0 0
board #192 19
3 4 1
2 4 1
4 4 1
5 4 0
5 3 0
4 5 0
5 2 1
4 3 0
3 2 1
4 2 1
6 1 0
6 2 1
2 3 0
2 2 0
3 1 0
3 6 1
4 6 1
3 5 0
2 6 0
0 0 1
board #193 21
3 4 1
2 4 0
2 5 0
1 6 1
2 6 0
4 2 0
4 1 0
0 0 0
board #194 9
3 4 1
2 4 1
4 4 1
5 4 1
1 4 0
1 5 1
6 3 0
6 4 0
6 2 1
5 3 0
5 2 1
4 3 1
0 0 1
board #195 14
3 4 0
3 5 1
2 5 0
2 6 0
3 2 1
4 2 0
5 1 0
0 0 0
board #196 9
3 4 0
3 5 1
2 5 1
4 4 1
1 5 1
5 4 1
6 4 1
0 0 1
board #197 9
3 4 0
3 5 0
3 2 1
4 2 0
4 1 0
2 6 1
3 6 1
1 6 0
2 5 0
0 0 1
board #198 11
3 4 1
2 4 1
4 4 1
5 4 1
1 5 1
6 4 1
0 0 1
board #199 8
3 4 1
2 4 1
4 4 0
4 3 1
5 3 1
6 2 0
6 3 0
6 1 1
5 2 0
5 1 0
5 4 1
6 4 0
5 5 0
4 6 0
0 0 0
board #200 16
3 4 1
2 4 1
4 4 0
4 3 0
3 5 0
3 2 0
2 6 1
3 6 0
3 1 0
0 0 1
board #201 11
3 4 1
2 4 0
2 5 1
1 6 1
4 4 0
4 3 1
5 3 0
5 2 0
3 5 0
5 1 1
6 1 1
4 2 1
0 0 0
board #202 14
3 4 0
3 5 0
3 2 1
4 2 0
4 1 1
5 1 1
6 1 0
5 2 1
6 2 0
5 3 1
6 3 0
5 4 1
6 4 1
2 3 1
1 3 0
1 4 1
0 0 1
board #203 18
3 4 1
2 4 1
4 4 1
5 4 1
1 4 0
1 5 1
6 3 0
6 4 1
0 0 1
board #204 10
3 4 1
2 4 1
4 4 1
5 4 1
1 4 0
1 5 1
6 4 1
0 0 1
board #205 9
3 4 0
3 5 1
2 5 1
4 4 1
1 5 1
5 4 1
6 3 0
6 4 1
0 0 0
board #206 10
3 4 0
3 5 1
2 5 1
4 4 1
1 5 1
5 4 1
6 3 0
6 4 0
5 5 1
6 5 1
0 0 0
board #207 12
3 4 0
3 5 0
3 2 0
3 6 0
4 1 0
0 0 1
board #208 7
3 4 0
3 5 1
2 5 0
1 6 0
3 2 0
3 1 1
4 1 1
5 1 0
4 2 1
5 2 0
4 3 1
5 3 0
4 4 0
0 0 1
board #209 15
3 4 0
3 5 1
2 5 0
1 6 1
2 6 0
3 2 1
4 2 0
4 1 1
5 1 1
6 1 0
5 2 1
6 2 1
2 3 0
2 2 0
3 1 0
0 0 1
board #210 17
3 4 1
2 4 1
4 4 1
5 4 0
5 3 0
4 5 1
5 5 0
5 2 0
4 6 1
5 6 0
6 1 0
0 0 1
board #211 13
3 4 0
3 5 0
3 2 1
4 2 1
5 2 1
2 3 1
6 1 1
1 4 1
0 0 1
board #212 10
3 4 0
3 5 1
2 5 0
1 6 1
2 6 1
4 4 1
5 4 0
5 3 1
6 2 0
6 3 1
0 0 0
board #213 12
3 4 1
2 4 1
4 4 1
5 4 0
5 3 1
6 3 1
1 4 0
1 5 0
1 6 1
2 5 1
0 0 0
board #214 12
3 4 0
3 5 0
3 2 0
2 6 1
3 6 0
3 1 0
0 0 0
board #215 8
3 4 1
2 4 1
4 4 0
4 3 1
5 3 1
6 3 1
1 5 1
0 0 1
board #216 9
3 4 1
2 4 0
2 5 1
1 5 1
4 4 1
5 4 1
6 4 1
0 0 0
board #217 9
2 5 1
3 5 1
4 5 0
4 4 1
5 4 0
5 3 0
5 2 1
4 3 0
3 2 0
3 6 1
4 6 1
5 6 0
5 5 0
3 1 0
0 0 1
board #218 16
3 4 1
2 4 1
4 4 0
4 3 1
5 3 0
5 2 0
3 5 1
4 5 1
5 5 0
5 4 1
6 3 0
6 4 1
1 4 0
1 5 1
0 0 0
board #219 16
3 4 1
2 4 1
4 4 1
5 4 0
5 3 1
6 2 0
6 3 1
1 5 1
0 0 0
board #220 10
3 4 1
2 4 0
2 5 1
1 5 0
1 6 1
4 4 1
5 4 0
5 3 0
4 5 1
5 5 1
6 4 0
6 5 0
5 6 1
6 6 0
5 2 1
4 3 1
6 2 1
0 0 0
board #221 19
2 5 0
3 4 0
1 6 1
2 6 0
3 2 1
4 2 0
4 1 1
5 1 1
6 1 0
5 2 1
6 2 0
5 3 1
6 3 0
5 4 0
4 4 1
4 5 0
4 6 0
0 0 1
board #222 19
3 4 1
2 4 0
2 5 1
1 6 1
4 4 1
5 3 1
6 2 0
6 3 0
6 1 0
5 4 1
6 4 1
0 0 0
board #223 13
3 4 0
3 5 0
3 2 0
2 6 1
3 6 1
1 6 1
4 5 1
5 4 0
5 5 1
6 4 0
6 5 0
4 4 0
5 6 1
6 6 0
3 1 1
4 1 0
0 0 0
board #224 18
3 4 0
3 5 0
3 2 1
4 2 0
4 1 1
5 1 0
2 6 0
0 0 1
board #225 9
3 4 1
2 4 1
4 4 1
5 4 0
5 3 1
6 2 0
6 3 1
1 4 0
1 5 1
0 0 1
board #226 11
3 4 0
3 5 1
2 5 1
4 5 1
1 5 0
1 6 1
5 4 1
6 3 1
0 0 1
board #227 10
3 4 1
2 4 0
2 5 1
1 5 0
1 6 0
3 2 1
4 2 0
5 1 0
0 0 0
board #228 10
3 4 1
2 4 0
2 5 1
1 5 0
1 6 0
3 2 1
4 2 1
5 2 0
4 3 1
2 3 1
5 3 1
1 3 0
1 4 1
6 2 0
6 3 0
5 4 0
5 1 0
5 5 0
4 6 1
5 6 1
3 6 1
6 5 0
6 6 1
2 6 1
0 0 1
board #229 26
3 4 0
3 5 0
3 2 1
4 2 1
5 2 0
4 3 1
5 3 0
5 1 1
6 1 1
2 3 1
1 3 0
1 4 1
0 0 0
board #230 14
3 4 1
2 4 0
2 5 0
1 6 1
2 6 0
3 2 0
3 1 1
4 1 0
0 0 1
board #231 10
3 4 0
3 5 0
3 2 1
4 2 1
5 2 0
4 3 1
5 3 0
4 4 0
5 1 0
2 6 1
3 6 0
0 0 1
board #232 13
3 4 0
3 5 1
2 5 1
4 4 1
1 5 0
1 6 0
2 4 0
3 2 1
4 2 1
2 2 0
2 3 0
2 1 0
0 0 0
board #233 14
2 5 1
3 5 0
3 4 0
3 2 1
4 2 0
5 1 0
2 6 0
0 0 1
board #234 9
2 5 1
3 5 0
3 4 0
3 2 1
4 2 1
5 2 1
2 3 0
2 2 0
2 1 1
3 1 0
3 6 0
0 0 1
board #235 13
3 4 1
2 4 1
4 4 0
4 3 1
5 3 0
5 2 0
3 5 1
4 5 1
5 5 0
5 4 0
5 6 0
6 1 0
0 0 1
board #236 14
3 4 1
2 4 1
4 3 1
5 3 1
1 4 1
6 3 1
0 0 1
board #237 8
3 4 0
3 5 1
2 5 1
4 4 0
4 5 0
3 6 0
3 2 1
4 2 0
5 1 0
0 0 1
board #238 11
3 4 1
2 4 1
4 4 0
4 3 1
5 3 0
5 2 1
6 1 0
6 2 1
1 4 0
1 5 0
1 6 1
2 5 1
0 0 1
board #239 14
3 4 0
3 5 1
2 5 0
1 6 1
2 6 0
3 2 1
4 2 0
4 1 1
5 1 0
0 0 0
board #240 11
3 4 1
2 4 1
4 4 0
4 3 0
4 5 0
3 2 1
4 2 1
5 2 0
5 1 0
3 6 1
4 6 0
0 0 1
board #241 13
3 4 0
3 5 1
2 5 1
4 4 1
1 5 0
1 6 0
2 4 0
3 2 0
3 1 1
4 1 0
0 0 0
board #242 12
3 4 0
3 5 0
3 2 1
4 2 1
5 2 0
4 3 0
6 1 0
2 6 1
3 6 0
0 0 0
board #243 11
3 4 1
2 4 1
4 4 1
5 4 1
1 4 0
1 5 0
1 6 0
2 3 0
2 2 1
4 2 0
4 1 1
5 1 1
6 1 1
3 1 1
1 2 1
0 0 1
board #244 17
3 4 1
2 4 0
2 5 0
1 6 0
3 2 1
4 2 0
4 1 0
0 0 1
board #245 9
3 4 1
2 4 1
4 4 1
5 4 0
5 3 0
4 5 0
5 2 1
4 3 0
3 2 0
3 6 1
4 6 1
3 5 0
2 6 1
1 6 1
5 5 1
6 4 0
6 5 0
6 6 0
3 1 1
4 1 0
0 0 1
board #246 22
3 4 0
3 5 0
3 2 0
3 6 0
3 1 1
4 1 1
5 1 1
2 2 1
6 1 1
1 2 1
0 0 1
board #247 12
3 4 0
3 5 0
3 2 0
2 6 1
3 6 1
1 6 0
2 5 1
1 5 0
2 4 1
1 4 1
4 5 1
5 5 1
6 4 1
0 0 1
board #248 15
3 4 0
3 5 1
2 5 1
4 4 1
1 5 0
1 6 1
5 3 1
6 2 1
0 0 0
board #249 10
3 4 0
3 5 0
3 2 0
2 6 0
4 1 0
0 0 1
board #250 7
3 4 1
2 4 1
4 4 0
4 3 0
3 5 0
3 2 1
4 2 1
5 2 1
2 3 0
2 2 0
2 1 1
3 1 0
2 6 1
3 6 1
1 6 1
4 5 0
4 6 0
0 0 0
board #251 19
3 4 1
2 4 1
4 4 0
4 3 1
5 3 0
5 2 1
6 1 1
1 4 0
1 5 1
0 0 1
board #252 11
3 4 1
2 4 1
4 4 0
4 3 1
5 3 1
6 2 1
1 4 1
0 0 0
board #253 9
3 4 1
2 4 1
4 4 1
5 3 0
5 4 0
4 5 0
5 2 0
5 1 1
6 1 1
4 2 0
4 1 0
3 6 0
0 0 0
board #254 14
3 4 1
2 4 0
2 5 1
1 5 0
1 6 1
4 4 0
4 3 1
5 3 0
5 2 1
6 1 1
0 0 0
board #255 12
3 4 1
2 4 1
4 4 0
4 3 0
3 5 1
4 5 1
5 4 1
1 4 0
1 5 0
1 6 1
2 5 0
2 6 1
6 3 1
0 0 1
board #256 15
3 4 0
3 5 1
2 5 0
1 6 0
3 2 0
4 1 0
0 0 1
board #257 8
3 4 0
3 5 1
2 5 0
1 6 0
3 2 1
4 2 1
5 2 0
4 3 0
5 1 0
0 0 0
board #258 11
3 4 0
3 5 1
2 5 1
4 4 0
4 5 1
5 4 0
5 5 1
6 5 1
1 6 1
0 0 1
board #259 11
3 4 1
2 4 1
4 4 1
5 4 1
1 5 1
6 4 1
0 0 1
board #260 8
3 4 1
2 4 1
4 4 0
4 3 0
3 5 0
3 2 1
4 2 0
4 1 1
5 1 0
2 6 0
0 0 1
board #261 12
3 4 1
2 4 0
2 5 1
1 5 0
1 6 1
4 4 0
4 3 1
5 3 0
5 2 1
6 1 0
6 2 1
0 0 1
board #262 13
3 4 1
2 4 1
4 4 0
4 3 1
5 3 1
1 4 1
6 3 1
0 0 1
board #263 9
3 4 0
3 5 1
