11 6 0
11 7 1
10 7 0
10 8 0
12 5 0
9 10 0
9 11 0
9 12 0
12 4 0
9 13 1
8 13 1
10 12 1
7 13 1
6 13 1
5 13 0
5 14 1
4 14 0
4 15 0
6 12 0
4 16 0
7 11 0
8 10 1
8 11 1
7 10 1
7 12 0
8 12 0
12 3 0
3 17 0
12 2 1
13 2 0
14 1 0
0 0 0
board #1 33
8 12 1
7 12 0
7 13 0
8 11 0
9 10 0
9 8 1
10 8 0
10 7 0
10 6 0
10 5 1
11 5 1
9 6 1
12 5 0
11 6 1
12 6 1
13 6 1
8 7 1
14 6 1
7 8 1
6 8 1
5 9 1
15 6 0
15 5 1
16 5 1
4 9 1
3 9 1
17 5 1
2 9 1
1 9 0
1 10 0
2 8 1
1 8 0
2 7 0
2 10 0
2 11 1
3 10 1
1 11 1
0 0 0
board #2 39
11 7 1
9 8 1
10 8 0
10 7 1
8 9 0
8 8 1
7 9 1
12 7 0
11 8 1
12 8 0
12 6 0
11 9 0
12 5 0
12 4 0
11 10 0
11 11 0
11 12 1
10 12 1
9 12 1
12 11 0
12 12 0
11 13 1
12 13 1
13 12 0
13 13 1
14 12 0
14 13 1
15 12 0
15 13 0
14 14 0
13 15 0
12 3 1
13 3 1
11 4 1
14 3 1
15 3 0
14 4 1
15 4 1
10 5 0
11 5 1
10 6 1
16 4 0
16 3 0
15 5 1
16 5 0
15 6 0
15 2 0
14 7 0
16 1 0
13 8 0
13 16 0
12 17 1
13 17 1
12 16 1
14 16 1
12 15 1
15 15 0
15 16 1
16 15 0
16 16 1
17 15 0
17 16 0
16 17 0
14 15 1
15 14 0
0 0 1
board #3 67
8 11 0
9 8 0
9 10 1
8 10 1
10 9 0
10 10 1
11 9 0
11 10 0
10 11 1
11 11 1
12 10 0
12 11 0
11 12 1
12 12 0
11 13 0
10 14 0
9 7 1
10 7 1
8 8 0
8 7 0
9 6 0
9 5 0
9 15 1
10 15 1
9 14 1
11 15 1
12 14 1
10 13 0
9 13 0
8 14 0
7 15 1
8 15 0
8 16 1
7 16 1
7 14 0
6 15 0
5 16 1
6 16 1
5 15 0
4 16 0
4 17 0
9 4 1
10 4 1
8 5 0
8 4 0
9 3 0
10 2 0
10 1 0
0 0 1
board #4 50
9 7 1
10 7 1
11 7 1
12 7 0
12 6 1
13 6 1
8 7 0
8 8 0
9 6 0
8 9 1
9 8 0
9 10 1
8 10 1
10 9 1
7 9 0
7 10 1
6 10 1
5 10 0
5 11 0
6 9 0
5 12 1
6 11 1
4 12 1
3 12 0
3 13 1
2 13 0
2 14 0
4 11 1
3 11 0
4 10 1
3 10 1
11 8 1
2 10 1
14 6 0
14 5 1
15 5 1
16 4 1
1 11 1
17 4 1
0 0 1
board #5 41
9 11 1
8 11 1
7 11 0
7 12 1
6 12 1
5 12 0
5 13 1
4 13 1
10 10 0
10 11 0
9 12 0
10 9 1
9 10 0
8 13 0
9 8 0
7 14 1
8 14 0
7 15 1
8 15 1
7 13 0
6 14 1
9 14 0
9 15 1
10 14 1
6 13 1
11 13 0
11 14 0
10 13 1
11 12 1
12 12 1
13 11 1
3 13 1
14 11 1
2 13 1
15 10 0
15 11 0
14 12 0
15 9 0
14 9 0
13 9 1
14 8 1
13 10 1
15 7 1
16 6 1
17 5 0
17 6 1
1 14 1
0 0 1
board #6 49
9 8 0
10 6 1
11 6 0
11 5 0
10 7 1
11 7 0
10 8 0
11 4 0
9 10 1
8 10 0
8 11 1
7 11 0
7 12 0
7 13 1
6 13 0
6 14 1
5 14 1
8 12 1
4 14 1
3 14 1
10 9 0
10 10 0
10 11 1
11 10 0
11 11 0
11 12 0
11 13 1
10 13 1
12 12 1
9 13 1
13 11 0
13 12 0
12 11 0
13 13 1
12 13 1
14 12 1
8 13 1
15 11 0
15 12 0
14 11 1
15 10 1
2 14 1
16 10 0
16 9 1
17 8 1
1 14 1
0 0 1
board #7 48
9 10 1
8 10 1
10 10 0
10 9 0
10 11 0
9 12 0
9 8 1
8 9 0
8 8 0
9 13 0
8 7 0
8 6 1
9 6 1
7 7 1
10 6 0
9 7 0
10 5 0
10 4 0
9 14 1
