3 4 0
3 5 1
2 5 0
1 6 1
2 6 0
3 2 0
4 1 0
0 0 0
board #1 9
3 4 1
2 4 1
4 4 0
4 3 1
5 3 0
5 2 0
3 5 0
5 1 1
6 1 0
2 6 0
0 0 0
board #2 12
2 5 0
3 4 0
3 2 0
1 6 0
4 1 0
0 0 1
board #3 7
3 4 0
3 5 1
2 5 1
4 4 1
1 5 0
1 6 1
5 4 0
5 3 0
5 5 0
5 2 0
4 6 1
5 6 0
5 1 1
6 1 1
4 2 1
4 3 0
3 2 1
2 3 1
1 4 1
0 0 0
board #4 21
3 4 0
3 5 1
2 5 0
2 6 0
3 2 0
4 1 0
0 0 1
board #5 8
3 4 1
2 4 1
4 4 1
5 4 0
5 3 1
6 2 0
6 3 1
1 5 1
0 0 1
board #6 10
3 4 0
3 5 1
2 5 1
4 4 0
4 5 1
5 4 0
5 5 1
6 4 0
6 5 0
6 6 0
3 2 1
4 2 0
4 1 1
5 1 1
6 1 1
2 3 1
1 3 1
0 0 1
board #7 19
3 4 1
2 4 1
4 4 1
5 4 0
5 3 0
4 5 1
5 5 1
6 5 1
1 4 0
1 5 0
1 6 1
2 5 1
0 0 1
board #8 14
3 4 0
3 5 0
3 2 0
3 6 0
3 1 1
4 1 0
0 0 1
board #9 8
3 4 0
3 5 0
3 2 1
4 2 0
4 1 0
2 6 0
0 0 0
board #10 8
3 4 0
3 5 1
2 5 1
4 4 1
1 5 0
1 6 0
2 4 0
3 2 0
3 1 0
0 0 1
board #11 11
3 4 0
3 5 0
3 2 0
2 6 1
3 6 1
1 6 0
2 5 1
1 5 1
4 5 0
4 6 0
3 1 1
4 1 1
5 1 0
4 2 0
0 0 1
board #12 16
3 4 0
3 5 0
3 2 1
4 2 0
4 1 0
3 6 0
0 0 0
board #13 8
3 4 1
2 4 1
4 4 1
5 4 1
1 4 0
1 5 1
6 3 0
6 4 1
0 0 0
board #14 10
3 4 1
2 4 0
2 5 0
1 6 1
2 6 1
3 5 1
4 5 1
5 4 1
6 3 0
6 4 1
0 0 1
board #15 12
3 4 0
3 5 1
2 5 1
4 4 0
4 5 0
4 6 0
3 2 1
4 2 0
5 1 0
0 0 1
board #16 11
3 4 0
3 2 0
3 5 0
2 6 0
3 1 1
4 1 0
0 0 1
board #17 8
3 4 0
3 5 1
2 5 0
1 6 1
2 6 1
4 4 1
5 3 1
6 2 1
0 0 1
board #18 10
3 4 1
2 4 0
2 5 0
1 6 0
3 2 1
4 2 1
5 2 1
2 2 1
1 2 0
1 3 0
1 4 1
2 3 1
6 1 0
6 2 1
0 0 1
board #19 16
3 4 0
3 5 0
3 2 1
4 2 1
5 2 1
2 3 0
2 2 1
1 3 1
6 1 1
0 0 0
board #20 11
3 4 1
2 4 1
4 4 0
4 3 1
5 3 0
5 2 1
6 2 1
1 5 1
0 0 1
board #21 10
2 5 0
2 4 0
1 6 1
2 6 1
3 5 1
4 5 1
5 5 1
6 4 0
6 5 0
6 3 1
5 4 0
5 3 1
4 4 0
4 3 1
3 4 1
0 0 0
board #22 17
3 4 1
2 4 1
4 4 1
5 4 0
5 3 1
6 2 1
1 4 0
1 5 1
0 0 0
board #23 10
3 4 0
3 5 1
2 5 1
4 4 1
1 5 1
5 4 0
5 3 0
5 5 0
5 2 1
4 3 1
6 1 0
6 2 0
4 6 0
0 0 1
board #24 15
2 5 0
3 4 0
3 2 1
4 2 0
5 1 0
1 6 1
2 6 0
0 0 1
board #25 9
3 4 1
2 4 1
4 4 1
5 4 1
1 4 1
6 3 1
0 0 1
board #26 8
3 4 1
2 4 0
2 5 1
1 5 0
1 6 1
4 4 0
4 3 0
4 5 1
3 5 0
2 6 0
3 2 1
5 2 0
5 1 0
0 0 0
board #27 15
3 4 0
3 5 1
2 5 0
1 6 1
2 6 0
3 2 0
3 1 1
4 1 0
0 0 0
board #28 10
3 4 1
2 4 1
4 4 0
4 3 1
5 3 0
5 2 0
3 5 0
5 1 0
2 6 1
3 6 0
0 0 0
board #29 12
3 4 0
3 5 1
2 5 1
4 4 1
1 5 1
5 4 0
5 3 0
5 5 0
5 2 0
4 6 1
5 6 0
5 1 1
6 1 0
0 0 0
board #30 15
3 4 1
2 4 0
2 5 1
1 6 1
4 4 0
4 3 1
5 3 1
6 3 1
0 0 0
board #31 10
3 4 1
2 4 0
2 5 1
1 5 0
1 6 1
4 4 0
4 3 0
4 5 0
3 6 1
4 6 0
3 2 0
3 1 1
4 1 1
5 1 1
6 1 0
5 2 0
0 0 0
board #32 18
3 4 1
2 4 0
2 5 0
2 6 0
3 2 1
4 2 1
5 2 0
4 3 1
2 2 0
2 3 0
2 1 1
3 1 1
1 1 1
5 3 1
6 2 1
0 0 0
board #33 17
3 4 1
2 4 1
4 4 1
5 4 0
5 3 1
6 2 1
1 5 1
0 0 0
board #34 9
3 4 0
3 5 0
3 2 1
4 2 1
5 2 1
2 3 1
6 1 0
6 2 1
1 4 1
0 0 0
board #35 11
3 4 1
2 4 0
2 5 1
1 5 0
1 6 1
4 4 0
4 3 0
4 5 1
3 5 0
2 6 1
3 6 1
5 4 0
5 5 1
6 4 0
6 5 0
6 6 0
3 2 0
3 1 1
4 1 1
5 1 1
6 1 1
2 2 0
2 1 0
0 0 0
board #36 25
2 5 0
2 4 0
3 2 1
4 2 1
5 2 1
2 2 0
2 3 1
1 3 0
1 4 0
3 1 0
2 6 0
0 0 1
board #37 13
3 4 1
2 4 1
4 4 0
4 3 1
5 3 0
5 2 1
6 1 1
1 4 1
0 0 0
board #38 10
3 4 1
2 4 1
4 4 1
5 4 1
1 4 0
1 5 0
1 6 1
2 5 0
2 6 1
3 5 0
3 6 1
4 5 1
6 4 1
0 0 1
board #39 15
3 4 1
2 4 1
4 3 1
5 3 1
1 4 1
6 3 1
0 0 1
board #40 8
3 4 0
3 5 1
2 5 1
4 4 1
1 5 1
5 4 0
5 3 1
6 2 1
0 0 1
board #41 10
3 4 0
3 5 0
3 2 1
4 2 0
4 1 0
2 6 1
3 6 1
1 6 0
2 5 0
0 0 1
board #42 11
3 4 1
2 4 0
2 5 1
1 5 1
4 4 0
4 3 0
4 5 0
3 6 1
4 6 1
5 5 0
5 6 0
3 2 1
4 2 0
5 1 0
0 0 0
board #43 16
3 4 0
3 5 1
2 5 0
2 6 0
3 2 0
3 1 1
4 1 0
0 0 0
board #44 9
3 4 0
3 5 0
3 2 0
2 6 1
3 6 0
4 1 0
0 0 0
board #45 8
3 4 0
3 5 0
4 2 0
3 6 0
4 1 1
5 1 1
6 1 1
3 2 0
3 1 1
2 2 0
2 1 0
0 0 1
board #46 13
2 5 1
3 5 0
3 4 1
4 4 1
1 5 1
5 4 0
5 3 1
6 2 1
0 0 0
board #47 10
3 4 0
3 5 0
3 2 0
3 6 0
4 1 0
0 0 1
board #48 7
3 4 1
2 4 0
2 5 1
1 5 1
4 4 1
5 4 1
6 3 0
6 4 1
0 0 0
board #49 10
3 4 0
3 5 1
2 5 0
2 6 0
3 2 1
4 2 0
4 1 0
0 0 0
board #50 9
3 4 1
2 4 0
2 5 1
1 5 0
1 6 1
4 4 0
4 3 1
5 3 1
6 2 0
6 3 0
6 1 1
5 2 0
5 1 1
4 2 1
0 0 1
board #51 16
3 4 0
3 5 1
2 5 1
4 4 0
4 5 0
3 6 0
3 2 0
3 1 0
0 0 0
board #52 10
3 4 1
2 4 0
2 5 1
1 5 1
4 4 1
5 4 0
5 3 0
4 5 0
5 2 1
4 3 1
6 2 1
0 0 0
board #53 13
2 5 1
3 5 0
3 4 0
3 2 0
2 6 0
4 1 0
0 0 0
board #54 8
3 4 1
2 4 0
2 5 1
1 5 0
1 6 1
4 3 1
5 3 0
5 2 1
6 1 0
6 2 1
0 0 0
board #55 12
3 4 1
2 4 0
2 5 0
1 6 0
3 2 1
4 2 0
5 1 0
0 0 1
board #56 9
3 4 0
3 5 0
3 2 0
2 6 1
3 6 0
3 1 0
0 0 1
board #57 8
3 4 0
3 5 1
2 5 0
1 6 1
2 6 1
4 4 0
4 5 1
5 4 0
5 5 0
4 6 0
3 2 0
3 1 0
0 0 0
board #58 14
3 4 1
2 4 1
4 4 1
5 3 0
5 4 1
6 3 1
1 4 0
1 5 1
0 0 1
board #59 10
3 4 0
3 5 0
3 2 1
4 2 1
5 2 0
4 3 1
5 3 1
2 3 1
6 2 1
1 3 0
1 4 1
0 0 1
board #60 13
3 4 0
3 5 0
3 2 1
4 2 1
5 2 1
2 3 0
2 2 1
1 3 1
6 1 1
0 0 1
board #61 11
3 4 0
3 5 1
2 5 1
4 4 1
1 5 0
1 6 0
2 4 1
1 4 1
5 4 1
6 3 1
0 0 0
board #62 12
3 4 1
2 4 1
4 4 1
5 4 0
5 3 1
6 2 0
6 3 0
6 1 0
4 5 0
3 6 0
0 0 1
board #63 12
3 4 0
3 5 0
3 2 0
2 6 0
3 1 1
4 1 0
0 0 1
board #64 8
3 4 0
3 5 1
2 5 0
1 6 1
2 6 1
4 4 1
5 4 1
6 3 1
0 0 0
board #65 10
1 6 1
2 6 1
4 5 0
4 4 0
3 6 0
4 3 1
3 4 0
3 2 1
4 2 1
5 3 0
6 1 1
5 1 0
5 2 1
2 3 0
2 2 1
1 3 1
0 0 0
board #66 18
3 4 1
2 4 1
4 4 1
5 3 1
1 4 1
6 2 0
6 3 0
6 1 0
6 4 0
5 5 1
6 5 1
5 4 1
0 0 1
board #67 14
3 4 0
3 5 0
3 2 1
4 2 1
5 2 0
4 3 1
5 3 1
2 3 1
6 3 1
1 3 0
1 4 1
0 0 0
board #68 13
3 4 1
2 4 1
4 4 0
4 3 0
3 5 1
4 5 1
5 4 1
1 5 1
6 4 1
0 0 1
board #69 11
3 4 0
3 5 1
2 5 0
1 6 1
2 6 1
4 4 0
4 5 1
5 4 0
5 5 1
6 4 0
6 5 1
0 0 1
board #70 13
3 4 1
2 4 1
4 4 0
4 3 0
3 5 0
3 2 0
2 6 0
3 1 1
4 1 1
5 1 1
6 1 0
5 2 0
0 0 1
board #71 14
3 4 0
3 5 1
2 5 1
4 4 0
4 5 0
3 6 1
4 6 1
5 5 1
1 5 0
1 6 0
2 4 0
3 2 0
3 1 0
0 0 0
board #72 15
3 4 1
2 4 0
2 5 1
1 6 1
4 4 0
4 3 0
4 5 0
3 6 1
4 6 1
5 5 1
2 6 0
3 5 1
6 4 0
6 5 1
0 0 0
board #73 16
3 4 1
2 4 0
2 5 1
1 5 1
4 4 1
5 4 1
6 3 0
6 4 1
0 0 0
board #74 10
3 4 0
3 5 1
2 5 1
4 4 0
4 5 0
4 6 0
3 2 0
3 1 1
4 1 1
5 1 0
4 2 0
0 0 1
board #75 13
3 4 0
3 5 0
4 2 0
2 6 0
4 1 1
5 1 0
0 0 1
board #76 8
3 4 1
2 4 1
4 4 0
4 3 0
3 5 1
4 5 1
5 4 0
5 5 0
4 6 1
5 6 1
6 5 1
1 4 0
1 5 0
1 6 0
2 3 0
2 2 0
2 1 1
3 1 0
0 0 0
board #77 20
3 4 1
2 4 1
4 4 1
5 3 1
1 4 0
1 5 1
6 3 1
0 0 0
board #78 9
3 4 1
2 4 0
2 5 0
1 6 1
2 6 1
3 5 0
3 6 1
4 5 0
4 6 1
5 5 1
6 5 1
0 0 1
board #79 13
3 4 0
3 5 1
2 5 0
1 6 1
2 6 1
4 4 0
4 5 1
5 4 1
6 4 1
0 0 0
board #80 11
3 4 1
2 4 1
4 4 1
5 4 0
5 3 0
4 5 0
5 2 0
5 1 1
6 1 0
4 6 0
0 0 1
board #81 12
3 4 0
3 5 0
3 2 0
2 6 1
3 6 0
3 1 0
0 0 0
board #82 8
3 4 0
3 5 0
3 2 1
4 2 0
5 1 0
2 6 1
3 6 1
1 6 1
4 5 1
5 5 1
6 4 0
6 5 1
0 0 0
board #83 14
3 4 1
2 4 0
2 5 1
1 6 1
4 4 1
5 4 0
5 3 0
4 5 0
5 2 1
4 3 0
3 2 1
4 2 0
4 1 0
3 6 0
0 0 0
board #84 16
3 4 1
2 4 1
4 4 1
5 4 1
1 5 1
6 3 0
6 4 0
6 2 0
5 5 0
6 1 1
5 2 1
5 3 1
0 0 1
board #85 14
3 4 0
3 5 0
3 2 1
4 2 1
5 2 1
2 3 1
6 1 0
6 2 1
1 4 1
0 0 0
board #86 11
3 4 1
2 4 0
2 5 0
2 6 0
3 2 0
4 1 0
0 0 1
board #87 8
3 4 0
3 5 1
2 5 0
1 6 0
4 2 0
4 1 1
5 1 0
0 0 0
board #88 9
3 4 0
3 5 1
2 5 0
1 6 1
2 6 0
3 2 1
4 2 0
4 1 0
0 0 1
board #89 10
3 4 0
3 5 0
3 2 1
4 2 0
4 1 0
2 6 0
0 0 1
board #90 8
3 4 0
3 5 1
2 5 1
4 4 1
1 5 1
5 4 0
5 3 1
6 3 1
0 0 0
board #91 10
2 5 0
3 4 1
2 4 1
4 4 0
4 3 0
3 5 1
4 5 0
4 6 0
3 2 0
3 1 1
4 1 0
0 0 0
board #92 13
3 4 0
3 5 1
2 5 1
4 4 1
1 5 1
5 4 0
5 3 0
5 5 0
5 2 1
4 3 1
6 1 0
6 2 0
4 6 1
5 6 0
0 0 1
board #93 16
3 4 1
2 4 1
4 4 0
4 3 0
3 5 1
4 5 1
5 4 1
1 4 1
6 3 1
0 0 1
board #94 11
3 4 0
3 5 0
3 2 0
2 6 0
4 1 0
0 0 1
board #95 7
3 4 0
3 5 1
2 5 0
1 6 1
2 6 0
3 2 1
4 2 0
4 1 1
5 1 1
6 1 1
2 3 0
2 2 1
1 2 0
1 3 1
0 0 0
board #96 16
3 4 0
3 5 0
3 2 1
4 2 1
5 2 1
2 3 1
6 1 0
6 2 0
5 3 0
4 3 1
4 4 1
5 4 0
4 5 0
3 6 0
0 0 1
board #97 16
3 4 0
3 5 0
3 2 1
4 2 0
4 1 1
5 1 0
3 6 0
0 0 0
board #98 9
3 4 1
2 4 0
2 5 1
1 5 1
4 4 1
5 4 1
6 3 1
0 0 1
board #99 9
2 5 0
3 4 0
1 6 0
3 2 1
4 2 0
5 1 0
0 0 1
board #100 8
3 4 0
3 5 0
3 2 0
3 1 1
4 1 0
2 6 0
0 0 0
board #101 8
3 4 1
2 4 1
4 4 0
4 3 1
5 3 1
1 4 1
6 3 1
0 0 0
board #102 9
3 4 0
3 5 0
3 2 1
4 2 0
5 1 0
2 6 1
3 6 0
0 0 0
board #103 9
3 4 1
2 4 0
2 5 1
1 5 1
4 4 0
4 3 1
5 3 1
6 2 1
0 0 0
board #104 10
3 4 0
3 5 1
2 5 1
4 4 0
4 5 1
5 4 0
5 5 0
4 6 0
3 2 0
3 1 0
0 0 1
board #105 12
2 5 0
3 4 1
2 4 0
2 6 0
3 2 1
4 2 1
5 2 1
2 2 1
1 3 1
6 1 1
0 0 1
board #106 12
3 4 1
2 4 0
2 5 0
1 6 1
2 6 0
3 2 1
4 2 0
4 1 1
5 1 0
0 0 1
board #107 11
3 4 1
2 4 1
4 4 1
5 4 1
1 4 0
1 5 0
1 6 1
2 5 1
6 4 1
0 0 0
board #108 11
3 4 0
3 5 0
3 2 0
2 6 0
4 1 0
0 0 1
board #109 7
3 4 1
2 4 0
2 5 0
1 6 1
2 6 0
3 2 1
4 2 1
2 2 0
2 3 1
1 4 1
5 2 0
4 3 0
5 1 1
6 1 1
0 0 1
board #110 16
3 4 0
3 5 0
3 2 1
4 2 1
2 3 1
5 2 1
6 1 0
6 2 0
5 3 1
6 3 0
5 4 0
4 5 1
4 4 1
5 5 1
6 4 0
6 5 1
1 3 0
1 4 0
2 4 0
1 2 1
2 2 0
2 1 1
3 1 0
3 6 0
0 0 1
board #111 26
3 4 1
2 4 0
2 5 0
1 6 1
2 6 1
3 5 1
4 5 1
5 5 0
5 4 1
6 4 1
0 0 1
board #112 12
3 4 1
2 4 0
2 5 1
1 5 1
4 4 0
4 3 0
4 5 1
3 5 0
2 6 1
3 6 0
3 2 0
3 1 1
4 1 0
0 0 0
board #113 15
3 4 0
3 5 0
3 2 1
4 2 0
4 1 1
5 1 1
6 1 0
5 2 1
6 2 0
5 3 1
6 3 0
5 4 1
6 4 1
2 3 1
1 3 0
1 4 1
0 0 0
board #114 18
3 4 1
2 4 1
4 4 1
5 4 0
5 3 1
6 3 1
1 4 1
0 0 0
board #115 9
3 4 1
2 4 0
2 5 0
1 6 1
2 6 0
4 2 0
4 1 1
5 1 0
0 0 1
board #116 10
3 4 0
3 5 1
2 5 1
4 4 1
1 5 0
1 6 0
2 4 0
4 2 1
3 2 0
3 1 1
4 1 1
2 2 0
2 1 1
1 1 0
1 2 0
0 0 0
board #117 17
2 5 0
3 4 1
2 4 0
2 6 0
3 2 0
3 1 1
4 1 1
5 1 1
6 1 1
2 2 1
1 2 0
1 3 1
0 0 0
board #118 14
3 4 0
3 5 0
3 2 1
4 2 1
5 2 0
4 3 1
5 3 1
2 3 0
2 2 0
2 1 1
3 1 0
2 6 1
3 6 0
0 0 1
board #119 15
3 4 0
3 5 0
3 2 0
3 6 0
3 1 0
0 0 1
board #120 7
2 5 0
2 4 0
1 6 1
2 6 0
3 2 0
3 1 1
4 1 0
0 0 0
board #121 9
3 4 1
2 4 0
2 5 1
1 5 0
1 6 1
4 4 1
5 4 1
6 3 0
6 4 1
0 0 0
board #122 11
3 4 1
2 4 0
2 5 0
1 6 1
2 6 0
3 2 0
3 1 1
4 1 0
0 0 1
board #123 10
3 4 1
2 4 1
4 4 1
5 4 0
5 3 1
6 2 1
1 5 1
0 0 0
board #124 9
3 4 0
3 5 1
2 5 0
1 6 0
3 2 0
3 1 1
4 1 1
5 1 1
6 1 0
5 2 1
2 2 0
2 1 0
0 0 0
board #125 14
3 4 1
2 4 1
4 4 1
5 4 1
1 4 1
6 4 1
0 0 0
board #126 8
3 4 1
2 4 0
2 5 1
1 5 0
1 6 0
3 2 1
4 2 1
2 2 0
2 3 1
1 3 1
5 2 1
6 1 1
0 0 1
board #127 14
3 4 0
3 5 1
2 5 0
1 6 1
2 6 1
4 4 0
4 5 0
4 6 0
3 2 0
4 1 0
0 0 0
board #128 12
2 5 1
3 5 0
3 4 1
4 4 1
1 5 0
1 6 0
2 4 1
1 4 1
5 4 0
5 3 0
4 5 1
5 5 1
6 4 1
0 0 1
board #129 15
3 4 1
2 4 1
4 4 1
5 4 0
5 3 1
6 2 1
1 5 1
0 0 1
board #130 9
3 4 1
2 4 1
4 4 1
5 4 0
5 3 1
6 2 0
6 3 1
1 5 1
0 0 0
board #131 10
3 4 1
2 4 1
4 4 1
5 3 1
1 4 0
1 5 0
1 6 1
2 5 0
2 6 1
3 5 0
3 6 1
4 5 1
6 2 1
0 0 1
board #132 15
3 4 1
2 4 0
2 5 0
1 6 0
3 2 1
4 2 0
5 1 0
0 0 0
board #133 9
3 4 1
2 4 1
4 4 1
5 4 1
1 4 0
1 5 0
1 6 1
2 5 0
2 6 0
2 3 1
1 3 1
6 4 1
0 0 0
board #134 14
3 4 0
3 5 0
3 2 0
2 6 0
3 1 1
4 1 0
0 0 0
board #135 8
3 4 1
2 4 0
2 5 1
1 5 0
1 6 0
3 2 1
4 2 0
5 1 0
0 0 0
board #136 10
3 4 0
3 5 1
2 5 1
4 4 0
4 5 0
4 6 0
3 2 1
4 2 0
4 1 1
5 1 0
0 0 1
board #137 12
3 4 0
3 5 1
2 5 1
4 4 0
4 5 0
3 6 0
3 2 0
3 1 1
4 1 1
5 1 0
4 2 1
5 2 1
2 2 1
6 1 1
1 2 0
1 3 0
2 3 1
1 4 1
0 0 1
board #138 20
3 4 1
2 4 0
2 5 1
1 5 0
1 6 0
3 2 0
3 1 0
0 0 1
board #139 9
3 4 0
3 5 1
2 5 0
1 6 1
2 6 0
3 2 0
3 1 0
0 0 0
board #140 9
3 4 0
3 5 0
3 2 0
2 6 0
3 1 0
0 0 0
board #141 7
3 4 1
2 4 1
4 4 0
4 3 1
5 3 0
5 2 1
6 1 0
6 2 0
3 5 0
3 6 0
0 0 0
board #142 12
3 4 1
2 4 1
4 4 0
4 3 0
3 5 0
3 2 1
4 2 1
5 2 1
2 3 0
2 2 0
2 1 1
3 1 1
1 1 0
1 2 0
3 6 0
0 0 1
board #143 17
3 4 1
2 4 1
4 4 0
4 3 0
3 5 0
3 2 0
3 6 0
3 1 0
0 0 0
board #144 10
3 4 0
3 5 1
2 5 0
1 6 0
4 2 0
4 1 1
5 1 1
6 1 0
5 2 1
6 2 0
5 3 1
6 3 1
3 2 0
3 1 0
0 0 1
board #145 16
3 4 1
2 4 0
2 5 0
2 6 0
3 2 0
3 1 1
4 1 0
0 0 1
board #146 9
3 4 0
3 5 0
3 2 1
4 2 1
5 2 0
4 3 1
5 3 0
6 1 0
4 4 1
5 4 1
2 3 0
2 2 1
1 2 1
6 4 1
0 0 0
board #147 16
3 4 0
3 5 0
3 2 1
4 2 0
4 1 1
5 1 1
6 1 0
5 2 1
6 2 0
5 3 0
4 3 1
4 4 0
2 6 1
3 6 0
0 0 0
board #148 16
3 4 0
3 5 0
3 2 0
2 6 1
3 6 0
3 1 0
0 0 1
board #149 8
3 4 0
3 5 1
2 5 0
1 6 1
2 6 1
4 4 1
5 4 0
5 3 0
5 5 0
5 2 0
4 6 0
5 1 0
0 0 1
board #150 14
3 4 0
3 5 0
4 2 0
4 1 0
2 6 1
3 6 0
0 0 0
board #151 8
3 4 0
3 5 0
3 2 1
4 2 0
4 1 0
3 6 0
0 0 1
board #152 8
3 4 1
2 4 0
2 5 0
2 6 0
3 2 0
3 1 0
0 0 1
board #153 8
3 4 1
2 4 1
4 4 1
5 4 0
5 3 0
4 5 0
5 2 0
6 1 0
3 6 1
4 6 1
3 5 1
5 6 0
5 5 1
6 5 1
1 4 0
1 5 0
1 6 1
2 5 0
2 6 1
0 0 1
board #154 21
3 4 1
2 4 0
2 5 0
1 6 1
2 6 0
3 2 1
4 2 0
4 1 1
5 1 0
0 0 1
board #155 11
3 4 0
3 5 0
3 2 0
3 6 0
3 1 1
4 1 0
0 0 0
board #156 8
2 5 1
3 5 1
4 4 1
1 5 1
5 4 1
6 3 0
6 4 0
6 2 1
5 3 1
0 0 0
board #157 11
3 4 0
3 5 0
3 2 1
4 2 0
4 1 1
5 1 1
6 1 0
5 2 0
2 6 1
3 6 1
1 6 1
4 5 1
5 5 0
5 4 0
4 4 1
5 3 0
5 6 0
0 0 1
board #158 19
3 4 0
3 5 1
2 5 1
4 4 0
4 5 0
3 6 0
3 2 1
4 2 0
4 1 1
5 1 1
6 1 0
5 2 1
6 2 0
5 3 1
6 3 1
2 3 1
1 4 1
0 0 1
board #159 19
3 4 0
3 5 0
3 2 0
3 6 0
3 1 1
4 1 1
5 1 1
2 2 0
2 1 0
0 0 1
board #160 11
3 4 0
3 5 0
3 2 1
4 2 0
4 1 1
5 1 1
6 1 1
2 3 1
1 3 1
0 0 0
board #161 11
3 4 0
3 5 1
2 5 0
1 6 0
3 2 0
3 1 1
4 1 0
0 0 1
board #162 9
3 4 1
2 4 1
4 4 0
4 3 0
3 5 0
3 2 1
4 2 0
5 1 0
2 6 1
3 6 0
0 0 1
board #163 12
3 4 1
2 4 0
2 5 1
1 5 0
1 6 1
4 4 0
4 3 0
4 5 1
3 5 0
3 6 0
3 2 0
3 1 0
0 0 0
board #164 14
2 5 0
2 4 0
1 6 1
2 6 0
4 2 0
4 1 1
5 1 1
6 1 0
5 2 0
0 0 1
board #165 11
3 4 0
3 5 1
2 5 0
1 6 1
2 6 0
3 2 0
3 1 0
0 0 1
board #166 9
3 4 0
3 5 0
3 2 0
2 6 0
4 1 0
0 0 1
board #167 7
3 4 1
2 4 1
4 4 1
5 4 1
1 4 0
1 5 0
1 6 1
2 5 0
2 6 1
3 5 0
3 6 0
2 3 1
1 3 1
6 3 0
6 4 1
0 0 1
board #168 17
3 4 1
2 4 1
4 4 0
4 3 1
5 3 0
5 2 0
3 5 1
4 5 1
5 5 1
6 4 1
1 4 1
0 0 1
board #169 13
3 4 0
3 5 0
3 2 1
4 2 0
5 1 0
3 6 0
0 0 1
board #170 8
3 4 0
3 5 1
2 5 0
2 6 0
3 2 0
3 1 1
4 1 1
5 1 0
4 2 0
0 0 1
board #171 11
3 4 0
3 5 0
3 2 0
3 6 0
3 1 1
4 1 1
5 1 0
4 2 1
5 2 0
4 3 1
5 3 0
4 4 0
0 0 1
board #172 14
3 4 0
3 5 1
2 5 0
1 6 0
3 2 1
4 2 1
5 2 0
4 3 0
6 1 0
0 0 0
board #173 11
3 4 1
2 4 0
2 5 0
2 6 0
3 2 1
4 2 1
5 2 0
4 3 1
2 2 0
2 3 1
1 3 1
5 3 1
6 2 1
0 0 1
board #174 15
3 4 1
2 4 1
4 4 0
4 3 0
3 5 1
4 5 1
5 4 1
1 4 1
6 3 0
6 4 0
5 3 1
6 2 0
6 1 0
5 5 1
6 5 0
6 6 0
0 0 1
board #175 18
2 5 0
3 4 0
3 2 0
1 6 1
2 6 1
3 5 0
3 6 0
3 1 1
4 1 0
0 0 1
board #176 11
3 4 0
3 5 1
2 5 1
4 4 0
4 5 1
5 4 0
5 5 1
6 5 1
1 6 1
0 0 1
board #177 11
3 4 1
2 4 1
4 4 0
4 3 1
5 3 0
5 2 0
3 5 0
6 1 0
2 6 1
3 6 1
1 6 0
2 5 0
0 0 0
board #178 14
2 5 0
2 4 0
3 2 0
1 6 1
2 6 0
3 1 1
4 1 1
5 1 1
6 1 0
5 2 0
4 2 1
4 3 1
5 3 1
2 2 1
1 2 0
1 3 1
6 2 1
0 0 0
board #179 19
3 4 0
3 5 1
2 5 1
4 4 0
4 5 1
5 4 1
1 5 1
6 4 1
0 0 1
board #180 10
3 4 0
3 5 0
3 2 1
4 2 0
4 1 1
5 1 1
6 1 0
5 2 0
2 6 0
0 0 1
board #181 11
3 4 1
2 4 1
4 4 1
5 4 1
1 4 1
6 3 0
6 4 0
6 2 1
5 3 0
5 2 1
4 3 1
0 0 1
board #182 13
2 5 0
3 4 1
2 4 0
1 6 1
2 6 1
3 5 0
3 6 0
3 2 1
4 2 0
4 1 1
5 1 0
0 0 1
board #183 13
3 4 1
2 4 1
4 3 1
5 3 0
5 2 0
5 4 1
4 4 1
6 3 0
6 4 1
1 4 0
1 5 1
0 0 1
board #184 13
3 4 0
3 5 0
3 2 0
2 6 1
3 6 1
1 6 0
2 5 0
3 1 0
0 0 1
board #185 10
3 4 1
2 4 0
2 5 1
1 6 1
4 4 0
4 3 0
4 5 1
3 5 0
2 6 0
3 2 1
4 2 1
5 2 1
2 2 1
6 1 1
1 2 0
1 3 0
1 4 1
2 3 0
1 1 1
2 1 0
0 0 1
board #186 22
3 4 1
2 4 1
4 4 1
5 4 0
5 3 0
4 5 0
5 2 1
4 3 0
3 2 1
4 2 0
4 1 0
3 6 1
4 6 0
0 0 0
board #187 15
3 4 1
2 4 1
4 4 1
5 4 0
5 3 1
6 3 1
1 4 1
0 0 0
board #188 9
3 4 0
3 5 1
2 5 1
4 4 0
4 5 1
5 4 0
5 5 1
6 4 0
6 5 0
5 6 1
6 6 0
3 2 1
4 2 1
5 2 1
2 3 0
2 2 1
1 2 0
1 3 0
2 1 0
0 0 1
board #189 21
3 4 1
2 4 0
2 5 0
2 6 0
3 2 1
4 2 1
5 2 0
4 3 1
2 2 1
5 3 0
6 1 0
4 4 1
5 4 0
4 5 1
5 5 0
5 6 0
0 0 0
board #190 18
2 5 0
3 4 0
3 2 0
1 6 1
2 6 1
3 5 0
3 6 1
4 5 0
4 6 1
5 5 0
5 6 1
6 5 1
0 0 0
board #191 14
3 4 1
2 4 1
4 4 1
5 3 1
1 4 1
6 3 1
0 0 1
board #192 8
3 4 1
2 4 1
4 4 0
4 3 1
5 3 0
5 2 0
3 5 1
4 5 0
5 1 0
4 6 0
0 0 0
board #193 12
3 4 1
2 4 1
4 4 1
5 4 1
1 4 0
1 5 0
1 6 0
2 3 1
1 3 0
2 2 1
1 2 1
6 3 1
0 0 0
board #194 14
3 4 0
3 5 0
3 2 0
2 6 0
4 1 0
0 0 0
board #195 7
3 4 0
3 5 1
2 5 1
4 4 0
4 5 0
4 6 0
3 2 0
3 1 0
0 0 1
board #196 10
3 4 1
2 4 1
4 4 1
5 4 0
5 3 1
6 3 1
1 4 1
0 0 0
board #197 9
3 4 0
3 5 0
3 2 1
4 2 1
5 2 0
4 3 0
6 1 0
3 6 0
0 0 1
board #198 10
3 4 1
2 4 0
2 5 1
1 6 1
4 4 1
5 3 1
6 3 1
0 0 0
board #199 9
3 4 1
2 4 1
4 4 1
5 4 0
5 3 1
6 2 0
6 3 1
1 4 0
1 5 1
0 0 0
board #200 11
3 4 1
2 4 0
2 5 1
1 5 1
4 4 1
5 4 1
6 3 1
0 0 1
board #201 9
3 4 0
3 5 0
4 2 0
2 6 1
3 6 0
4 1 1
5 1 1
6 1 1
3 2 1
2 3 1
1 3 0
1 4 0
2 4 1
1 5 1
0 0 1
board #202 16
3 4 1
2 4 0
2 5 1
1 5 1
4 4 1
5 4 0
5 3 0
4 5 0
5 2 1
4 3 0
4 2 0
3 6 1
4 6 1
5 5 1
2 6 1
6 4 1
0 0 1
board #203 18
3 4 1
2 4 1
4 4 0
4 3 1
5 3 1
6 2 0
6 3 1
1 4 1
0 0 1
board #204 10
3 4 0
3 5 0
3 2 1
4 2 0
5 1 0
2 6 1
3 6 0
0 0 1
board #205 9
3 4 0
3 5 0
3 2 0
2 6 0
3 1 0
0 0 1
board #206 7
3 4 0
3 5 0
3 2 0
2 6 0
3 1 0
0 0 0
board #207 7
3 4 0
3 5 1
2 5 0
1 6 1
2 6 1
4 4 1
5 4 0
5 3 1
6 3 1
0 0 0
board #208 11
3 4 1
2 4 0
2 5 1
1 6 1
4 4 0
4 3 1
5 3 0
5 2 0
4 5 1
3 5 0
3 6 0
5 1 1
6 1 1
4 2 0
4 1 0
0 0 0
board #209 17
3 4 0
3 5 1
2 5 1
4 4 1
1 5 1
5 4 1
6 4 1
0 0 0
board #210 9
3 4 1
2 4 0
2 5 0
1 6 1
2 6 1
3 5 1
4 5 1
5 5 1
6 4 1
0 0 0
board #211 11
3 4 1
2 4 0
2 5 1
1 5 1
4 4 0
4 3 0
4 5 1
3 5 0
3 6 0
3 2 1
4 2 0
4 1 1
5 1 1
6 1 0
5 2 0
0 0 1
board #212 17
3 4 0
3 5 0
3 2 1
4 2 1
5 2 1
2 3 0
2 2 0
2 1 0
2 6 1
3 6 1
1 6 1
4 5 0
4 6 1
5 5 1
6 4 1
0 0 1
board #213 17
3 4 0
3 5 1
2 5 0
1 6 1
2 6 0
3 2 0
3 1 1
4 1 0
0 0 0
board #214 10
3 4 1
2 4 1
4 4 0
4 3 0
3 5 1
4 5 1
5 4 0
5 5 1
6 4 1
1 4 0
1 5 0
1 6 0
2 3 1
1 3 1
0 0 1
board #215 16
3 4 1
2 4 1
4 4 0
4 3 0
3 5 1
4 5 1
5 4 1
1 5 1
6 3 1
0 0 1
board #216 11
3 4 1
2 4 0
2 5 1
1 5 1
4 4 0
4 3 0
3 5 0
2 6 0
3 2 1
4 2 0
4 1 1
5 1 1
6 1 1
2 3 1
1 3 0
1 4 1
0 0 0
board #217 18
3 4 1
2 4 0
2 5 1
1 6 1
4 4 0
4 3 1
5 3 0
5 2 1
6 1 1
0 0 1
board #218 11
3 4 1
2 4 0
2 5 1
1 5 1
4 4 0
4 3 0
4 5 0
3 6 0
3 2 1
4 2 0
4 1 1
5 1 1
6 1 1
2 2 1
1 3 1
0 0 1
board #219 17
2 5 1
3 5 0
3 4 1
4 4 0
4 3 1
5 3 1
1 6 1
6 2 0
6 3 1
0 0 1
board #220 11
3 4 0
3 5 1
2 5 1
4 4 0
4 5 0
3 6 0
3 2 1
4 2 0
4 1 1
5 1 1
6 1 0
5 2 0
0 0 0
board #221 14
3 4 1
2 4 0
2 5 1
1 5 0
1 6 1
4 4 1
5 3 0
5 4 1
6 3 0
6 4 1
0 0 0
board #222 12
3 4 0
3 5 1
2 5 0
1 6 1
2 6 0
3 2 0
3 1 1
4 1 0
0 0 1
board #223 10
3 4 1
2 4 0
2 5 1
1 5 0
1 6 0
3 2 0
3 1 1
4 1 0
0 0 0
board #224 10
3 4 1
2 4 1
4 4 0
4 3 1
5 3 1
1 5 1
6 2 0
6 3 1
0 0 1
board #225 10
3 4 1
2 4 1
4 4 1
5 4 0
5 3 0
4 5 1
5 5 1
6 4 0
6 5 0
5 6 0
5 2 1
4 3 1
6 1 0
6 2 0
0 0 0
board #226 16
2 5 1
3 5 1
4 5 0
4 4 0
4 3 0
3 6 1
4 6 0
3 2 1
4 2 1
5 2 0
6 1 0
0 0 1
board #227 13
3 4 1
2 4 1
4 4 0
4 3 1
5 3 1
1 5 1
6 3 1
0 0 0
board #228 9
3 4 0
3 5 0
3 2 1
4 2 0
4 1 1
5 1 0
2 6 1
3 6 0
0 0 0
board #229 10
3 4 0
3 5 0
3 2 1
4 2 1
5 2 1
2 3 1
6 1 0
6 2 1
1 3 0
1 4 0
2 4 1
1 5 1
0 0 1
board #230 14
3 4 1
2 4 0
2 5 1
1 5 0
1 6 1
4 4 1
5 3 1
6 2 1
0 0 0
board #231 10
3 4 1
2 4 1
4 4 0
4 3 1
5 3 1
6 2 0
6 3 1
1 5 1
0 0 0
board #232 10
3 4 1
2 4 0
2 5 1
1 5 1
4 4 1
5 4 1
6 3 0
6 4 0
5 5 1
6 5 0
6 2 1
5 3 1
0 0 1
board #233 14
3 4 0
3 5 0
3 2 0
2 6 0
4 1 0
0 0 0
board #234 7
3 4 1
2 4 0
2 5 1
1 5 0
1 6 1
4 4 1
5 4 1
6 4 1
0 0 1
board #235 10
2 5 1
3 5 1
4 5 0
4 4 0
4 3 0
3 6 0
3 2 1
4 2 1
5 2 0
5 1 1
6 1 0
0 0 1
board #236 13
3 4 1
2 4 1
4 4 0
4 3 1
5 3 1
6 2 1
1 4 0
1 5 0
1 6 0
2 3 0
4 2 1
2 2 0
2 1 1
3 1 1
3 2 0
4 1 0
0 0 0
board #237 18
3 4 1
2 4 1
4 4 1
5 4 0
5 3 0
4 5 0
5 2 1
4 3 1
6 1 1
1 4 0
1 5 1
0 0 1
board #238 13
2 5 1
3 5 0
3 4 1
4 4 1
1 6 1
5 4 0
5 3 1
6 2 0
6 3 1
0 0 0
board #239 11
3 4 0
3 5 0
3 2 0
2 6 0
3 1 0
0 0 0
board #240 7
3 4 1
2 4 1
4 4 1
5 4 1
1 4 0
1 5 0
1 6 1
2 5 0
2 6 1
3 5 0
3 6 1
4 5 0
4 6 0
2 3 0
2 2 0
2 1 0
0 0 1
board #241 18
3 4 1
2 4 0
2 5 1
1 5 0
1 6 0
3 2 1
4 2 1
2 2 0
2 3 1
5 2 0
4 3 0
6 1 0
0 0 0
board #242 14
3 4 0
3 5 0
3 2 0
2 6 0
3 1 1
4 1 0
0 0 0
board #243 8
3 4 1
2 4 0
2 5 1
1 6 1
4 4 0
4 3 0
4 5 0
4 6 0
3 2 0
3 1 1
4 1 0
0 0 0
board #244 13
3 4 0
3 5 0
3 2 0
3 6 0
3 1 1
4 1 0
0 0 0
board #245 8
3 4 0
3 5 0
3 2 0
3 6 0
3 1 0
0 0 0
board #246 7
3 4 0
3 5 0
3 2 1
4 2 1
5 2 1
2 3 1
6 2 1
1 3 0
1 4 0
2 4 1
1 5 0
1 6 0
2 2 1
1 2 1
0 0 1
board #247 16
3 4 0
3 5 0
3 2 1
4 2 1
5 2 0
4 3 1
5 3 1
2 3 0
2 2 1
1 2 1
6 3 1
0 0 0
board #248 13
3 4 1
2 4 0
2 5 1
1 5 0
1 6 1
4 4 0
4 3 1
5 3 1
6 3 1
0 0 1
board #249 11
3 4 1
2 4 1
4 4 0
4 3 0
3 5 0
3 2 1
4 2 1
5 2 0
5 1 1
6 1 1
2 3 0
2 2 0
3 1 0
2 6 1
3 6 1
1 6 1
4 5 1
5 4 0
5 5 1
6 4 0
6 5 0
5 6 1
6 6 1
0 0 0
board #250 25
3 4 1
2 4 0
2 5 1
1 5 0
1 6 0
4 2 0
4 1 0
0 0 0
board #251 9
3 4 1
2 4 1
4 4 1
5 3 1
1 4 0
1 5 1
6 2 0
6 3 1
0 0 0
board #252 10
3 4 0
3 5 1
2 5 0
1 6 1
2 6 1
4 4 0
4 5 0
4 6 0
3 2 1
4 2 1
5 2 1
2 3 1
6 1 1
1 3 0
1 4 1
0 0 1
board #253 17
3 4 1
2 4 1
4 4 0
4 3 1
5 3 0
5 2 0
4 5 0
5 1 1
6 1 0
3 6 1
4 6 1
3 5 0
2 6 1
5 5 1
1 6 1
6 5 1
0 0 0
board #254 18
3 4 0
3 5 1
2 5 0
1 6 1
2 6 1
4 4 1
5 4 0
5 3 1
6 2 0
6 3 1
0 0 0
board #255 12
3 4 1
2 4 0
2 5 0
1 6 0
3 2 0
3 1 0
0 0 0
board #256 8
3 4 0
3 5 0
3 2 1
4 2 0
5 1 0
2 6 0
0 0 1
board #257 8
3 4 0
3 5 1
2 5 1
4 4 0
4 5 0
3 6 1
4 6 1
5 5 1
1 5 0
1 6 1
6 4 0
6 5 1
0 0 0
board #258 14
3 4 0
3 5 0
3 2 0
3 6 0
3 1 0
0 0 1
board #259 7
3 4 0
3 5 0
3 2 1
4 2 0
4 1 1
5 1 0
3 6 0
0 0 0
board #260 9
3 4 0
3 5 0
3 2 0
2 6 0
3 1 1
4 1 1
5 1 0
4 2 0
0 0 0
board #261 10
3 4 0
3 5 1
2 5 0
1 6 1
2 6 0
3 2 0
3 1 1
4 1 0
0 0 1
board #262 10
3 4 0
3 5 0
3 2 1
4 2 1
5 2 1
2 3 1
6 1 0
6 2 1
1 3 0
1 4 1
0 0 0
board #263 12
3 4 1
2 4 0
2 5 0
1 6 1
2 6 0
4 2 0
4 1 1
5 1 0
0 0 1
board #264 10
3 4 0
3 5 0
3 2 1
4 2 1
2 3 0
2 2 0
2 1 1
3 1 1
1 1 0
1 2 1
5 2 1
6 2 1
0 0 0
board #265 14
3 4 1
2 4 1
4 4 0
4 3 0
3 5 1
4 5 0
3 6 1
4 6 0
3 2 0
4 1 0
0 0 0
board #266 12
2 5 1
3 5 1
4 4 1
1 6 1
5 4 0
5 3 1
6 3 1
0 0 1
board #267 9
3 4 1
2 4 0
2 5 0
1 6 1
2 6 1
3 5 0
3 6 1
4 5 1
5 4 1
6 3 0
6 4 0
5 3 0
6 5 1
5 5 1
0 0 0
board #268 16
3 4 1
2 4 0
2 5 1
1 6 1
4 4 1
5 4 0
5 3 1
6 2 0
6 3 0
6 1 0
4 5 1
5 5 1
6 5 1
0 0 1
board #269 15
3 4 1
2 4 0
2 5 0
1 6 1
2 6 0
3 2 0
3 1 1
4 1 0
0 0 0
board #270 10
3 4 1
2 4 0
2 5 1
1 5 0
1 6 1
4 4 1
5 4 1
6 3 0
6 4 0
6 2 1
5 3 0
5 5 0
5 2 0
4 6 0
5 1 0
0 0 1
board #271 17
3 4 0
3 5 1
2 5 1
4 4 1
1 6 1
5 3 1
6 3 1
0 0 1
board #272 9
3 4 1
2 4 0
