3 4 0
3 2 1
4 2 0
5 1 0
2 5 1
3 5 1
1 5 1
4 4 1
5 4 1
0 0 0
board #1 11
3 2 0
3 4 1
2 4 1
4 3 0
4 4 1
5 3 0
5 4 0
4 5 1
5 5 0
4 1 0
0 0 1
board #2 12
3 2 0
3 4 0
2 5 0
3 1 1
4 1 0
0 0 1
board #3 7
3 4 0
3 2 0
3 1 1
4 1 1
5 1 0
4 2 1
5 2 0
4 3 0
2 5 1
3 5 1
1 5 1
4 4 1
5 3 1
0 0 0
board #4 15
3 2 1
4 2 0
5 1 0
3 4 0
2 5 1
3 5 0
0 0 0
board #5 8
3 4 1
2 4 0
1 5 1
2 5 1
4 4 1
5 4 1
0 0 1
board #6 8
3 4 1
2 4 1
4 3 0
4 4 0
3 5 1
4 5 1
5 4 0
5 5 1
1 4 0
1 5 0
2 3 0
2 2 1
3 2 0
3 1 1
4 1 0
0 0 0
board #7 17
3 4 1
2 4 0
2 5 0
3 2 0
3 1 0
0 0 0
board #8 7
3 2 0
3 4 0
2 5 0
3 1 0
0 0 1
board #9 6
3 2 1
4 2 0
4 1 1
5 1 1
2 3 1
1 3 1
0 0 0
board #10 8
3 4 1
2 4 1
4 3 1
1 4 0
1 5 0
2 3 1
1 3 1
5 2 1
0 0 0
board #11 10
3 4 0
3 2 0
2 5 1
3 5 0
3 1 0
0 0 1
board #12 7
3 4 0
3 2 0
2 5 1
3 5 0
3 1 1
4 1 0
0 0 0
board #13 8
3 2 0
3 4 1
2 4 0
2 5 0
3 1 1
4 1 1
5 1 0
4 2 1
5 2 1
2 2 0
2 1 1
1 1 1
0 0 0
board #14 14
3 4 0
3 2 1
4 2 1
2 3 0
2 2 0
2 1 0
2 5 0
0 0 0
board #15 9
3 2 0
3 4 1
2 4 1
4 3 0
4 4 1
5 3 0
5 4 1
1 5 1
0 0 0
board #16 10
3 2 1
4 2 0
5 1 0
3 4 0
3 5 0
0 0 1
board #17 7
3 4 1
2 4 1
4 3 0
4 4 0
4 5 0
3 2 0
3 1 1
4 1 0
0 0 1
board #18 10
3 4 1
2 4 1
4 4 1
1 4 0
1 5 0
2 3 0
2 2 0
2 1 1
3 1 1
4 1 1
5 1 0
4 2 1
5 2 1
1 1 0
1 2 1
0 0 1
board #19 17
3 4 0
3 2 0
3 5 0
4 1 0
0 0 0
board #20 6
3 2 1
4 2 1
2 3 0
2 2 1
1 2 0
1 3 1
5 1 0
5 2 1
0 0 1
board #21 10
3 4 1
2 4 0
2 5 0
3 2 0
3 1 1
4 1 1
5 1 1
2 2 1
1 3 1
0 0 1
board #22 11
3 4 0
3 2 1
4 2 0
5 1 0
2 5 0
0 0 0
board #23 7
3 2 0
3 4 0
3 1 1
4 1 1
5 1 0
4 2 1
5 2 0
4 3 1
5 3 0
4 4 1
5 4 1
2 2 1
1 2 0
1 3 1
0 0 1
board #24 16
3 2 1
4 2 1
2 2 1
5 1 0
5 2 1
1 2 0
1 3 0
2 3 0
1 1 1
2 1 1
0 0 1
board #25 12
3 2 0
3 4 1
2 4 0
1 5 0
4 1 0
0 0 0
board #26 7
3 4 0
3 2 1
4 2 0
5 1 0
2 5 0
0 0 1
board #27 7
3 2 0
3 4 0
2 5 1
3 5 1
1 5 0
2 4 0
3 1 1
4 1 0
0 0 0
board #28 10
3 2 1
4 2 0
4 1 1
5 1 0
3 4 0
2 5 0
0 0 1
board #29 8
3 2 1
4 2 1
2 3 0
2 2 0
3 4 1
1 5 0
1 4 1
2 4 0
2 1 1
3 1 0
0 0 1
board #30 12
3 2 1
4 2 0
4 1 1
5 1 0
3 4 0
2 5 1
3 5 1
1 5 0
2 4 1
1 4 1
4 4 0
4 5 0
0 0 1
board #31 14
3 2 0
3 4 0
4 1 0
2 5 0
0 0 0
board #32 6
3 4 0
3 2 1
4 2 0
5 1 0
2 5 1
3 5 0
0 0 0
board #33 8
3 4 1
2 4 0
1 5 1
2 5 1
4 3 1
5 2 1
0 0 0
board #34 8
3 4 1
2 4 1
4 4 1
1 4 0
1 5 0
2 3 0
2 2 0
3 1 0
0 0 1
board #35 10
3 2 0
3 4 0
2 5 1
3 5 0
3 1 1
4 1 0
0 0 0
board #36 8
3 2 0
3 4 1
2 4 0
1 5 0
3 1 1
4 1 0
0 0 0
board #37 8
3 4 1
2 4 1
4 3 0
4 4 0
3 5 0
3 2 1
5 1 0
4 2 1
5 2 0
0 0 1
board #38 11
3 4 1
2 4 0
2 5 0
3 2 0
3 1 1
4 1 1
5 1 0
4 2 1
5 2 1
2 2 0
2 1 0
0 0 1
board #39 13
3 4 1
2 4 0
1 5 0
3 2 0
4 1 0
0 0 0
board #40 7
3 2 0
3 4 1
2 4 0
1 5 0
3 1 0
0 0 1
board #41 7
3 4 0
3 2 1
4 2 1
2 3 0
2 2 0
3 1 0
3 5 0
0 0 1
board #42 9
3 4 1
2 4 0
1 5 1
2 5 1
4 4 1
5 3 0
5 4 1
0 0 0
board #43 9
3 2 0
3 4 1
2 4 0
2 5 0
3 1 1
4 1 1
5 1 0
4 2 1
5 2 0
4 3 1
2 2 0
2 1 0
0 0 0
board #44 14
3 4 0
3 2 1
4 2 0
5 1 0
2 5 1
3 5 0
0 0 0
board #45 8
3 4 1
2 4 1
4 4 1
1 5 1
5 3 0
5 4 1
0 0 0
board #46 8
3 2 1
4 2 0
4 1 0
3 4 1
2 4 1
4 4 1
1 4 1
5 3 0
5 4 0
4 3 1
5 2 0
4 5 0
0 0 0
board #47 14
3 4 0
3 2 0
3 5 0
3 1 1
4 1 1
5 1 1
2 2 0
2 1 0
0 0 1
board #48 10
3 2 1
4 2 1
2 2 0
2 3 1
1 3 0
1 4 0
1 5 1
2 4 0
2 5 1
3 4 0
3 5 0
2 1 1
3 1 0
0 0 0
board #49 15
3 2 0
3 4 1
2 4 1
4 4 1
1 4 1
5 3 0
5 4 0
4 3 1
5 2 0
5 1 0
5 5 0
0 0 1
board #50 13
3 4 1
2 4 0
1 5 1
2 5 1
4 3 1
5 2 0
5 3 0
5 1 0
4 4 1
5 4 1
0 0 1
board #51 12
3 4 1
2 4 0
1 5 0
3 2 1
4 2 0
4 1 0
0 0 0
board #52 8
3 2 0
3 4 0
3 5 0
3 1 1
4 1 0
0 0 1
board #53 7
3 2 1
4 2 1
2 3 0
2 2 1
1 2 1
5 1 0
5 2 1
0 0 0
board #54 9
3 2 0
3 4 1
2 4 1
4 3 1
1 5 1
5 2 0
5 3 1
0 0 0
board #55 9
3 2 1
4 2 0
5 1 0
3 4 1
2 4 0
2 5 0
0 0 0
board #56 8
3 2 0
3 4 1
2 4 0
2 5 0
4 1 0
0 0 0
board #57 7
3 2 0
3 4 1
2 4 0
1 5 1
2 5 1
4 4 1
5 4 1
0 0 1
board #58 9
3 2 1
4 2 0
5 1 0
3 4 1
2 4 0
2 5 0
0 0 0
board #59 8
3 2 0
3 4 0
2 5 0
4 1 0
0 0 0
board #60 6
3 4 0
3 2 0
2 5 0
3 1 1
4 1 1
5 1 0
4 2 1
5 2 0
4 3 0
0 0 1
board #61 11
3 4 0
3 2 1
4 2 0
4 1 1
5 1 1
2 3 1
1 3 1
0 0 0
board #62 9
3 4 1
2 4 1
4 4 0
4 3 1
1 4 1
5 2 0
5 3 1
0 0 0
board #63 9
3 2 0
3 4 1
2 4 1
4 3 1
1 4 0
1 5 1
5 3 1
0 0 1
board #64 9
3 2 0
3 4 0
3 1 1
4 1 0
2 5 0
0 0 0
board #65 7
3 2 1
4 2 1
2 3 1
5 1 0
5 2 0
4 3 1
5 3 0
4 4 1
5 4 1
1 3 1
0 0 0
board #66 12
3 4 0
3 2 1
4 2 1
2 3 1
5 1 1
1 3 0
1 4 0
1 5 0
1 2 0
2 1 0
0 0 0
board #67 12
3 2 1
4 2 1
2 3 1
5 1 1
1 3 0
1 4 1
0 0 0
board #68 8
3 4 0
3 2 0
4 1 0
3 5 0
0 0 1
board #69 6
3 2 0
3 4 0
2 5 1
3 5 1
1 5 0
2 4 1
1 4 0
2 3 1
1 3 0
2 2 1
1 2 0
1 1 1
2 1 0
0 0 1
board #70 15
3 4 1
2 4 0
2 5 0
3 2 0
3 1 0
0 0 1
board #71 7
3 2 0
3 4 0
3 1 0
3 5 0
0 0 1
board #72 6
3 4 1
2 4 0
1 5 1
2 5 0
3 2 0
3 1 1
4 1 0
0 0 1
board #73 9
3 4 0
3 2 0
3 5 0
3 1 0
0 0 1
board #74 6
3 2 1
4 2 1
2 3 0
2 2 1
1 2 1
5 2 1
0 0 0
board #75 8
3 4 1
2 4 0
2 5 0
3 2 0
3 1 1
4 1 1
5 1 0
4 2 1
5 2 1
2 2 1
1 3 1
0 0 1
board #76 13
3 2 0
3 4 1
2 4 0
1 5 1
2 5 1
4 3 1
5 2 0
5 3 0
5 1 0
5 4 0
4 5 1
5 5 1
4 4 1
0 0 0
board #77 15
3 4 0
3 2 1
4 2 0
4 1 1
5 1 1
2 3 0
2 2 1
1 2 0
1 3 1
0 0 1
board #78 11
3 2 1
4 2 0
4 1 1
5 1 0
3 4 1
2 4 1
4 4 0
4 3 0
3 5 1
4 5 1
5 4 0
5 5 0
0 0 0
board #79 14
3 2 0
3 4 0
3 1 0
3 5 0
0 0 1
board #80 6
3 4 0
3 2 0
2 5 0
3 1 1
4 1 1
5 1 1
2 2 0
2 1 0
0 0 0
board #81 10
3 2 0
3 4 1
2 4 1
4 3 1
1 4 1
5 2 1
0 0 1
board #82 8
3 4 1
2 4 0
2 5 0
3 2 0
3 1 0
0 0 0
board #83 7
3 2 1
4 2 0
4 1 1
5 1 0
3 4 0
2 5 0
0 0 0
board #84 8
3 4 0
3 2 0
2 5 0
3 1 0
0 0 0
board #85 6
3 2 1
4 2 1
2 3 1
5 1 0
5 2 1
1 4 1
0 0 1
board #86 8
3 2 0
3 4 1
2 4 1
4 3 0
4 4 1
5 3 0
5 4 0
4 5 1
5 5 0
3 1 0
0 0 0
board #87 12
3 4 1
2 4 0
1 5 1
2 5 0
3 2 1
4 2 0
4 1 0
0 0 0
board #88 9
3 4 0
3 2 1
4 2 0
4 1 1
5 1 0
2 5 0
0 0 0
board #89 8
3 4 0
3 2 0
2 5 1
3 5 0
3 1 1
4 1 0
0 0 1
board #90 8
3 2 0
3 4 0
3 5 0
3 1 0
0 0 0
board #91 6
3 4 1
2 4 1
4 3 1
1 5 1
5 2 1
0 0 0
board #92 7
3 2 0
3 4 0
4 1 0
2 5 1
3 5 1
1 5 0
2 4 1
1 4 0
2 3 1
1 3 0
2 2 0
0 0 0
board #93 13
3 2 0
3 4 0
3 1 1
4 1 0
2 5 1
3 5 0
0 0 1
board #94 8
3 2 0
3 4 0
3 1 1
4 1 0
2 5 1
3 5 0
0 0 1
board #95 8
3 2 1
4 2 0
4 1 0
3 4 1
2 4 0
2 5 0
0 0 1
board #96 8
3 4 1
2 4 1
4 3 1
1 4 0
1 5 1
5 2 0
5 3 0
5 1 1
4 2 0
4 4 0
4 1 1
3 2 1
2 3 1
0 0 0
board #97 15
3 4 1
2 4 0
1 5 1
2 5 1
4 4 1
5 3 0
5 4 0
4 3 1
5 2 1
0 0 1
board #98 11
3 4 0
3 2 1
4 2 1
2 2 1
5 1 0
5 2 1
1 2 0
1 3 1
0 0 1
board #99 10
3 2 1
4 2 0
4 1 1
5 1 0
3 4 1
2 4 0
1 5 0
0 0 1
board #100 9
3 4 1
2 4 1
4 3 0
4 4 0
4 5 0
3 2 1
4 2 1
5 1 1
2 3 1
1 3 0
1 4 0
1 5 1
0 0 0
board #101 14
3 4 0
3 2 1
4 2 1
2 3 0
2 2 0
3 1 0
2 5 1
3 5 0
0 0 0
board #102 10
3 4 0
3 2 0
4 1 0
2 5 1
3 5 0
0 0 1
board #103 7
3 4 1
2 4 1
4 3 0
4 4 0
3 5 0
3 2 1
5 1 1
4 2 1
2 3 1
1 5 1
0 0 1
board #104 12
3 2 0
3 4 1
2 4 0
1 5 0
3 1 1
4 1 0
0 0 0
board #105 8
3 2 0
3 4 0
3 1 1
4 1 0
3 5 0
0 0 0
board #106 7
3 4 0
3 2 0
2 5 1
3 5 0
3 1 1
4 1 1
5 1 1
2 2 0
2 1 0
0 0 1
board #107 11
3 4 1
2 4 0
1 5 1
2 5 1
4 3 0
4 4 0
3 5 1
4 5 1
5 4 0
5 5 1
0 0 0
board #108 12
3 2 1
4 2 0
4 1 0
3 4 1
2 4 0
2 5 0
0 0 0
board #109 8
3 4 1
2 4 0
1 5 1
2 5 0
3 2 1
4 2 1
2 2 1
5 1 1
1 3 1
0 0 0
board #110 11
3 4 1
2 4 0
1 5 0
3 2 0
4 1 0
0 0 1
board #111 7
3 2 1
4 2 1
2 3 0
2 2 0
2 1 1
3 1 0
3 4 0
2 5 1
3 5 0
0 0 1
board #112 11
3 2 1
4 2 1
2 2 0
2 3 0
3 1 0
3 4 1
2 4 1
1 5 1
4 3 0
4 4 0
3 5 1
4 5 0
0 0 0
board #113 14
3 4 0
3 2 0
3 1 1
4 1 1
5 1 1
2 2 1
1 2 0
1 3 0
2 3 1
1 4 1
0 0 0
board #114 12
3 4 1
2 4 1
4 3 1
1 5 1
5 2 1
0 0 1
board #115 7
3 2 1
4 2 1
2 3 1
5 1 0
5 2 1
1 3 0
1 4 0
1 5 1
2 4 0
2 5 0
1 2 1
2 2 0
2 1 1
3 1 1
0 0 1
board #116 16
3 4 0
3 2 1
4 2 1
2 3 1
5 2 1
1 3 1
0 0 1
board #117 8
3 2 1
4 2 0
4 1 1
5 1 1
2 3 0
2 2 1
1 2 1
0 0 1
board #118 9
3 2 0
3 4 0
4 1 0
2 5 0
0 0 1
board #119 6
3 2 0
3 4 1
2 4 0
1 5 1
2 5 0
3 1 1
4 1 1
5 1 1
2 2 0
2 1 1
1 2 1
0 0 1
board #120 13
3 2 0
3 4 0
4 1 0
2 5 0
0 0 1
board #121 6
3 4 0
3 2 1
4 2 0
4 1 0
2 5 1
3 5 1
1 5 1
4 4 1
5 3 0
5 4 1
0 0 1
board #122 12
3 2 1
4 2 0
4 1 1
5 1 0
3 4 0
2 5 1
3 5 1
1 5 0
2 4 1
1 4 1
4 4 0
4 5 1
5 5 1
0 0 1
board #123 15
3 2 1
4 2 1
2 3 0
2 2 0
2 1 0
3 4 0
3 5 0
0 0 1
board #124 9
3 4 1
2 4 0
1 5 0
3 2 0
3 1 0
0 0 1
board #125 7
3 2 0
3 4 0
3 1 1
4 1 0
3 5 0
0 0 0
board #126 7
3 4 1
2 4 0
1 5 1
2 5 0
3 2 0
4 1 0
0 0 1
board #127 8
3 2 1
4 2 0
5 1 0
3 4 1
2 4 0
1 5 1
2 5 1
4 4 1
5 3 1
0 0 0
board #128 11
3 4 0
3 2 0
3 5 0
3 1 1
4 1 0
0 0 1
board #129 7
3 2 0
3 4 0
3 1 1
4 1 1
5 1 0
4 2 0
3 5 0
0 0 1
board #130 9
3 2 0
3 4 1
2 4 1
4 3 1
1 4 0
1 5 0
2 3 0
3 1 0
0 0 1
board #131 10
3 4 1
2 4 0
1 5 0
3 2 1
4 2 1
2 2 0
2 3 0
3 1 0
0 0 1
board #132 10
3 2 0
3 4 1
2 4 1
4 3 0
4 4 0
3 5 1
4 5 0
4 1 0
0 0 1
board #133 10
3 2 0
3 4 0
3 1 1
4 1 1
5 1 1
2 2 0
2 1 0
2 5 1
3 5 1
1 5 0
2 4 0
0 0 1
board #134 13
3 2 0
3 4 0
2 5 1
3 5 1
1 5 1
4 4 1
5 3 0
5 4 0
4 3 0
4 5 0
3 1 1
4 1 1
5 1 0
4 2 1
5 2 1
2 2 0
2 1 1
1 1 1
0 0 1
board #135 20
3 2 0
3 4 1
2 4 1
4 3 1
1 4 0
1 5 0
2 3 0
3 1 0
0 0 0
board #136 10
3 4 0
3 2 0
4 1 0
2 5 1
3 5 0
0 0 0
board #137 7
3 2 0
3 4 1
2 4 1
4 3 0
4 4 0
3 5 1
4 5 1
5 5 1
1 4 1
0 0 0
board #138 11
3 2 0
3 4 1
2 4 1
4 3 1
1 4 0
1 5 1
5 3 1
0 0 1
board #139 9
3 2 1
4 2 1
2 3 0
2 2 1
5 1 0
5 2 0
4 3 0
4 4 0
3 5 0
0 0 0
board #140 11
3 2 1
4 2 1
2 3 1
5 1 0
5 2 0
4 3 1
5 3 1
1 3 0
1 4 0
1 5 0
1 2 0
1 1 1
2 1 1
2 2 0
3 1 1
0 0 1
board #141 17
3 2 1
4 2 0
4 1 1
5 1 0
3 4 0
2 5 1
3 5 0
0 0 0
board #142 9
3 2 0
3 4 0
3 5 0
3 1 0
0 0 1
board #143 6
3 4 1
2 4 1
4 3 0
4 4 0
4 5 0
3 2 0
3 1 0
0 0 0
board #144 9
3 4 0
3 2 0
3 1 1
4 1 1
5 1 0
4 2 0
2 5 1
3 5 1
1 5 0
2 4 0
0 0 0
board #145 12
3 4 0
3 2 0
3 1 1
4 1 1
5 1 0
4 2 1
5 2 0
4 3 0
2 5 1
3 5 1
1 5 1
4 5 0
4 4 0
0 0 0
board #146 15
3 2 0
3 4 1
2 4 1
4 3 0
4 4 0
3 5 1
4 5 0
3 1 0
0 0 0
board #147 10
3 2 0
3 4 1
2 4 0
1 5 1
2 5 0
3 1 1
4 1 0
0 0 1
board #148 9
3 2 0
3 4 1
2 4 1
4 3 1
1 4 0
1 5 0
2 3 1
1 3 0
2 2 1
1 2 1
5 2 1
0 0 0
board #149 13
3 4 0
3 2 1
4 2 0
4 1 1
5 1 0
2 5 0
0 0 1
board #150 8
3 4 1
2 4 1
4 3 1
1 4 0
1 5 0
2 3 0
2 2 1
3 2 0
3 1 1
4 1 0
0 0 0
board #151 12
3 4 0
3 2 1
4 2 1
2 3 0
2 2 0
2 1 0
2 5 0
0 0 0
board #152 9
3 2 0
3 4 1
2 4 1
4 3 1
1 4 1
5 2 0
5 3 1
0 0 1
board #153 9
3 2 0
3 4 1
2 4 0
1 5 1
2 5 0
3 1 1
4 1 0
0 0 0
board #154 9
3 2 1
4 2 0
4 1 1
5 1 0
3 4 1
2 4 1
4 3 1
1 4 0
1 5 0
2 3 0
0 0 1
board #155 12
3 2 0
3 4 0
2 5 1
3 5 0
3 1 1
4 1 0
0 0 0
board #156 8
3 2 0
3 4 1
2 4 1
4 3 1
1 4 0
1 5 0
2 3 0
3 1 1
4 1 0
0 0 0
board #157 11
3 4 1
2 4 1
4 4 1
1 5 1
5 4 1
0 0 0
board #158 7
3 4 1
2 4 0
1 5 1
2 5 0
3 2 1
4 2 1
2 2 0
2 3 0
3 1 0
0 0 0
board #159 11
3 4 0
3 2 0
4 1 0
2 5 1
3 5 1
1 5 0
2 4 1
1 4 0
2 3 1
1 3 0
2 2 1
1 2 1
4 4 1
5 3 0
5 4 0
4 3 1
5 2 0
4 5 1
5 5 0
4 2 0
0 0 1
board #160 22
3 2 0
3 4 0
4 1 0
3 5 0
0 0 0
board #161 6
3 2 1
4 2 1
2 3 1
5 1 1
1 3 0
1 4 0
1 5 1
2 4 1
0 0 1
board #162 10
3 4 1
2 4 1
4 4 1
1 5 1
5 4 1
0 0 1
board #163 7
3 4 0
3 2 0
3 1 1
4 1 1
5 1 1
2 2 1
1 3 1
0 0 1
board #164 9
3 2 1
4 2 1
2 3 1
5 1 0
5 2 1
1 3 0
1 4 0
1 5 0
2 2 0
2 1 0
0 0 0
board #165 12
3 2 1
4 2 1
2 2 1
5 1 0
5 2 1
1 2 1
0 0 0
board #166 8
3 2 0
3 4 0
3 1 1
4 1 0
3 5 0
0 0 0
board #167 7
3 2 0
3 4 1
2 4 0
1 5 0
3 1 1
4 1 0
0 0 1
board #168 8
3 2 0
3 4 1
2 4 1
4 3 0
4 4 0
3 5 1
4 5 0
3 1 1
4 1 0
0 0 1
board #169 11
3 4 0
3 2 0
2 5 1
3 5 0
3 1 1
4 1 1
5 1 1
2 2 0
2 1 1
1 1 1
0 0 0
board #170 12
3 2 0
3 4 0
3 1 1
4 1 0
2 5 1
3 5 1
1 5 0
2 4 1
1 4 1
4 4 0
4 5 0
0 0 1
board #171 13
3 2 1
4 2 0
4 1 1
5 1 0
3 4 0
2 5 1
3 5 1
1 5 0
2 4 0
0 0 1
board #172 11
3 4 0
3 2 1
4 2 0
4 1 0
2 5 1
3 5 0
0 0 1
board #173 8
3 4 1
2 4 1
4 3 1
1 5 1
5 2 1
0 0 0
board #174 7
3 4 0
3 2 1
4 2 1
2 3 0
2 2 0
2 1 1
3 1 0
2 5 0
0 0 1
board #175 10
3 4 1
2 4 0
1 5 1
2 5 1
4 3 0
4 4 0
3 5 1
4 5 1
5 4 0
5 5 1
0 0 0
board #176 12
3 4 0
3 2 0
2 5 1
3 5 0
3 1 1
4 1 0
0 0 1
board #177 8
3 4 1
2 4 0
1 5 1
2 5 0
3 2 1
4 2 1
2 2 0
2 3 0
2 1 1
3 1 1
1 1 0
1 2 1
5 2 1
0 0 0
board #178 15
3 2 1
4 2 0
5 1 0
3 4 0
3 5 0
0 0 1
board #179 7
3 4 1
2 4 0
1 5 1
2 5 1
4 4 0
4 3 1
5 2 0
5 3 0
5 1 1
4 2 1
0 0 1
board #180 12
3 2 0
3 4 1
2 4 1
4 3 0
4 4 1
5 3 1
1 4 0
1 5 1
0 0 0
board #181 10
3 4 1
2 4 1
4 4 1
1 4 0
1 5 1
5 3 0
5 4 1
0 0 1
board #182 9
3 4 0
3 2 0
3 5 0
3 1 0
0 0 0
board #183 6
3 2 0
3 4 0
4 1 0
3 5 0
0 0 0
board #184 6
3 2 0
3 4 0
3 1 1
4 1 1
5 1 1
2 2 0
2 1 0
2 5 1
3 5 1
1 5 1
4 4 1
5 3 0
5 4 1
0 0 1
board #185 15
3 2 0
3 4 0
2 5 1
3 5 1
1 5 0
2 4 0
3 1 1
4 1 0
0 0 1
board #186 10
3 4 1
2 4 0
2 5 0
3 2 0
3 1 1
4 1 1
5 1 1
2 2 1
1 2 0
1 3 0
2 3 0
2 1 0
0 0 0
board #187 14
3 2 1
4 2 0
4 1 0
3 4 1
2 4 0
1 5 1
2 5 1
4 4 1
5 3 0
5 4 0
4 3 0
4 5 1
5 5 0
0 0 1
board #188 15
3 4 1
2 4 1
4 3 0
4 4 0
3 5 0
3 2 1
4 2 1
5 1 1
2 3 0
2 2 0
2 1 1
3 1 0
0 0 1
board #189 14
3 2 1
4 2 0
5 1 0
3 4 1
2 4 0
1 5 0
0 0 1
board #190 8
3 4 0
3 2 1
4 2 1
2 3 0
2 2 1
1 2 1
5 1 0
5 2 1
0 0 0
board #191 10
3 2 1
4 2 1
2 2 0
2 3 1
1 3 0
1 4 0
1 5 1
2 4 1
5 1 0
5 2 0
5 3 0
4 4 1
5 4 1
4 3 1
0 0 0
board #192 16
3 2 0
3 4 0
3 1 1
4 1 1
5 1 1
2 2 0
2 1 1
1 1 1
0 0 1
board #193 10
3 4 0
3 2 0
2 5 1
3 5 1
1 5 0
2 4 1
1 4 1
4 4 0
4 5 0
3 1 1
4 1 0
0 0 0
board #194 13
3 2 1
4 2 0
4 1 0
3 4 0
2 5 1
3 5 0
0 0 0
board #195 8
3 4 1
2 4 0
1 5 1
2 5 1
4 3 0
4 4 0
3 5 1
4 5 1
5 5 1
0 0 1
board #196 11
3 4 1
2 4 1
4 3 0
4 4 0
3 5 1
4 5 0
3 2 0
3 1 1
4 1 1
5 1 1
2 2 0
2 1 1
1 1 0
1 2 1
0 0 0
board #197 16
3 2 1
4 2 1
2 3 1
5 1 0
5 2 0
4 3 1
5 3 1
1 3 0
1 4 1
0 0 1
board #198 11
3 2 0
3 4 0
3 1 1
4 1 1
5 1 0
4 2 0
3 5 0
0 0 1
board #199 9
3 2 0
3 4 0
2 5 1
3 5 0
3 1 0
0 0 1
board #200 7
3 4 1
2 4 1
4 3 1
1 5 1
5 2 0
5 3 0
5 1 0
5 4 1
4 4 1
0 0 0
board #201 11
3 4 1
2 4 0
1 5 0
3 2 1
4 2 0
5 1 0
0 0 0
board #202 8
3 2 0
3 4 0
3 1 1
4 1 1
5 1 1
2 2 0
2 1 0
2 5 1
3 5 0
0 0 0
board #203 11
3 4 1
2 4 0
1 5 0
3 2 0
3 1 1
4 1 0
0 0 0
board #204 8
3 2 0
3 4 0
4 1 0
2 5 1
3 5 0
0 0 1
board #205 7
3 4 0
3 2 1
4 2 0
5 1 0
2 5 0
0 0 1
board #206 7
3 4 1
2 4 1
4 3 1
1 4 0
1 5 1
5 2 0
5 3 0
5 1 0
4 4 0
3 5 1
4 5 0
0 0 1
board #207 13
3 2 1
4 2 0
5 1 0
3 4 1
2 4 0
1 5 0
0 0 0
board #208 8
3 2 1
4 2 0
5 1 0
3 4 1
2 4 0
1 5 1
2 5 0
0 0 0
board #209 9
3 2 1
4 2 0
4 1 1
5 1 1
2 3 1
1 3 0
1 4 1
0 0 0
board #210 9
3 4 1
2 4 0
1 5 0
3 2 0
4 1 0
0 0 1
board #211 7
3 2 1
4 2 1
2 3 0
2 2 0
3 1 0
3 4 1
2 4 1
1 4 1
4 3 1
5 1 0
5 2 0
5 3 1
0 0 1
board #212 14
3 2 1
4 2 0
5 1 0
3 4 1
2 4 0
1 5 1
2 5 0
0 0 1
board #213 9
3 2 0
3 4 0
2 5 1
3 5 0
3 1 0
0 0 1
board #214 7
3 2 1
4 2 0
4 1 1
5 1 0
3 4 1
2 4 1
4 4 1
1 4 0
1 5 1
5 4 1
0 0 1
board #215 12
3 2 0
3 4 1
2 4 1
4 3 1
1 4 1
5 2 0
5 3 0
5 1 0
5 4 1
4 4 0
3 5 1
4 5 0
0 0 0
board #216 14
3 4 1
2 4 0
2 5 0
3 2 1
4 2 0
4 1 1
5 1 0
0 0 1
board #217 9
3 4 1
2 4 0
1 5 1
2 5 0
3 2 0
4 1 0
0 0 0
board #218 8
3 2 1
4 2 0
4 1 1
5 1 0
3 4 1
2 4 0
1 5 0
0 0 1
board #219 9
3 2 1
4 2 1
2 2 1
5 2 1
1 2 0
1 3 0
2 3 1
1 4 0
1 5 0
1 1 1
2 1 1
0 0 1
board #220 13
3 4 1
2 4 0
2 5 0
3 2 1
4 2 1
2 2 0
2 3 1
1 3 1
5 1 0
5 2 0
4 3 1
5 3 1
0 0 1
board #221 14
3 2 1
4 2 0
4 1 1
5 1 1
2 2 1
1 3 1
0 0 1
board #222 8
3 2 0
3 4 0
3 1 1
4 1 1
5 1 0
4 2 0
2 5 0
0 0 1
board #223 9
3 4 1
2 4 0
2 5 0
3 2 1
4 2 0
4 1 1
5 1 1
2 2 1
1 2 0
1 3 1
0 0 1
board #224 12
3 2 1
4 2 0
4 1 0
3 4 0
3 5 0
0 0 1
board #225 7
3 2 0
3 4 0
3 1 0
3 5 0
0 0 0
board #226 6
3 2 0
3 4 0
2 5 1
3 5 0
4 1 0
0 0 0
board #227 7
3 4 0
3 2 0
2 5 1
3 5 0
3 1 0
0 0 0
board #228 7
3 4 0
3 2 0
2 5 0
4 1 0
0 0 0
board #229 6
3 2 0
3 4 1
2 4 0
1 5 1
2 5 1
4 3 0
4 4 1
5 4 1
0 0 1
board #230 10
3 2 0
3 4 1
2 4 1
4 3 0
4 4 1
5 3 0
5 4 1
1 5 1
0 0 0
board #231 10
3 2 1
4 2 1
2 3 1
5 1 1
1 3 0
1 4 1
0 0 0
board #232 8
3 4 0
3 2 1
4 2 0
4 1 0
2 5 1
3 5 0
0 0 1
board #233 8
3 2 1
4 2 1
2 3 1
5 1 1
1 4 1
0 0 1
board #234 7
3 4 0
3 2 0
3 1 1
4 1 0
3 5 0
0 0 0
board #235 7
3 4 1
2 4 1
4 4 1
1 5 1
5 3 1
0 0 1
board #236 7
3 4 1
2 4 0
1 5 0
3 2 0
4 1 0
0 0 1
board #237 7
3 4 0
3 2 0
3 5 0
3 1 0
0 0 1
board #238 6
3 2 0
3 4 1
2 4 0
1 5 1
2 5 1
4 3 0
4 4 1
5 3 1
0 0 0
board #239 10
3 2 1
4 2 1
2 3 0
2 2 0
3 1 0
3 4 0
3 5 0
0 0 1
board #240 9
3 4 1
2 4 1
4 4 0
4 3 1
1 4 0
1 5 1
5 2 0
5 3 0
5 1 1
4 2 0
4 1 1
3 2 0
3 1 1
2 2 0
2 1 1
1 1 1
0 0 0
board #241 18
3 2 0
3 4 0
3 1 0
2 5 1
3 5 1
1 5 1
4 4 0
4 5 0
0 0 1
board #242 10
3 2 1
4 2 0
4 1 1
5 1 1
2 3 1
1 4 1
0 0 1
board #243 8
3 2 1
4 2 1
2 2 0
2 3 1
5 1 0
5 2 0
4 3 0
4 4 0
3 5 1
4 5 0
0 0 0
board #244 12
3 2 1
4 2 0
4 1 1
5 1 0
3 4 0
2 5 1
3 5 0
0 0 0
board #245 9
3 4 1
2 4 1
4 3 1
1 4 1
5 2 0
5 3 1
0 0 0
board #246 8
3 2 1
4 2 0
5 1 0
3 4 0
2 5 1
3 5 0
0 0 1
board #247 8
3 2 1
4 2 1
2 2 1
5 1 1
1 2 1
0 0 0
board #248 7
3 2 1
4 2 0
4 1 1
5 1 1
2 3 0
2 2 0
2 1 1
3 1 1
1 1 1
0 0 0
board #249 11
3 2 1
4 2 0
4 1 1
5 1 1
2 3 0
2 2 1
1 2 0
1 3 0
1 1 1
2 1 1
0 0 1
board #250 12
3 4 0
3 2 0
2 5 0
4 1 0
0 0 1
board #251 6
3 4 0
3 2 0
3 1 1
4 1 1
5 1 0
4 2 0
2 5 0
0 0 0
board #252 9
3 4 0
3 2 0
2 5 1
3 5 0
4 1 0
0 0 0
board #253 7
3 4 1
2 4 1
4 3 1
1 5 1
5 2 0
5 3 0
5 1 1
4 2 0
4 4 1
5 4 1
0 0 0
board #254 12
3 4 0
3 2 1
4 2 0
4 1 0
2 5 1
3 5 1
1 5 0
2 4 0
0 0 1
board #255 10
3 4 0
3 2 1
4 2 1
2 3 0
2 2 1
1 2 0
1 3 1
5 1 0
5 2 1
0 0 1
board #256 11
3 2 0
3 4 0
3 5 0
3 1 1
4 1 1
5 1 0
4 2 0
0 0 0
board #257 9
3 4 0
3 2 0
3 1 1
4 1 1
5 1 1
2 2 1
1 2 1
0 0 0
board #258 9
3 4 1
2 4 1
4 4 0
4 3 0
3 5 0
3 2 0
4 1 0
0 0 1
board #259 9
3 2 1
4 2 0
5 1 0
3 4 0
2 5 1
3 5 1
1 5 0
2 4 1
1 4 0
2 3 0
0 0 0
board #260 12
3 2 0
3 4 1
2 4 0
1 5 1
2 5 1
4 3 1
5 2 0
5 3 0
5 1 0
5 4 0
5 5 0
0 0 0
board #261 13
3 2 0
3 4 0
3 5 0
3 1 1
4 1 1
5 1 1
2 2 1
1 2 0
1 3 1
0 0 1
board #262 11
3 2 0
3 4 0
3 5 0
3 1 1
4 1 0
0 0 0
board #263 7
3 4 0
3 2 0
3 1 1
4 1 0
2 5 1
3 5 0
0 0 1
board #264 8
3 2 1
4 2 1
2 3 0
2 2 1
5 1 1
1 3 1
0 0 0
board #265 8
3 2 0
3 4 0
2 5 1
3 5 0
3 1 1
4 1 0
0 0 0
board #266 8
3 2 1
4 2 0
4 1 0
3 4 0
2 5 1
3 5 1
1 5 1
4 4 0
4 5 1
5 4 0
5 5 0
0 0 1
board #267 13
3 2 1
4 2 1
2 3 1
5 1 1
1 3 1
0 0 1
board #268 7
3 2 1
4 2 0
4 1 1
5 1 1
2 3 0
2 2 0
2 1 1
3 1 1
1 1 0
1 2 0
3 4 1
1 5 0
1 4 1
2 4 1
4 4 0
4 3 0
3 5 1
4 5 1
5 4 0
5 5 1
0 0 1
board #269 22
3 2 1
4 2 0
5 1 0
3 4 1
2 4 1
4 4 0
4 3 1
5 2 0
5 3 1
1 4 0
1 5 0
2 3 0
0 0 1
board #270 14
3 2 1
4 2 1
2 2 1
5 1 0
5 2 0
4 3 0
4 4 1
3 4 1
2 4 0
1 5 1
2 5 0
0 0 0
board #271 13
3 2 1
4 2 1
2 3 1
5 1 0
5 2 0
4 3 0
4 4 0
3 5 0
0 0 1
board #272 10
3 4 0
3 2 0
2 5 0
4 1 0
0 0 0
board #273 6
3 4 1
2 4 0
1 5 1
2 5 0
3 2 1
4 2 0
4 1 1
5 1 1
2 2 0
2 3 1
1 3 0
1 4 0
3 1 0
0 0 1
board #274 15
3 2 1
4 2 1
2 3 0
2 2 1
5 1 0
5 2 1
1 3 1
0 0 0
board #275 9
3 4 0
3 2 0
4 1 0
3 5 0
0 0 1
board #276 6
3 4 1
2 4 1
4 4 1
1 4 0
1 5 0
2 3 0
2 2 0
3 1 0
0 0 0
board #277 10
3 2 0
3 4 1
2 4 0
1 5 0
3 1 0
0 0 1
board #278 7
3 4 1
2 4 1
4 3 1
1 4 0
1 5 1
5 3 1
0 0 0
board #279 8
3 2 1
4 2 1
2 3 0
2 2 1
1 3 1
5 2 1
0 0 1
board #280 8
3 4 0
3 2 0
2 5 1
3 5 0
4 1 0
0 0 1
board #281 7
3 2 0
3 4 0
3 5 0
3 1 1
4 1 1
5 1 0
4 2 0
0 0 1
board #282 9
3 2 1
4 2 0
5 1 0
3 4 1
2 4 1
4 4 0
4 3 1
5 2 0
5 3 0
3 5 1
4 5 0
0 0 0
board #283 13
3 4 0
3 2 1
4 2 0
4 1 1
5 1 1
2 3 1
1 3 0
1 4 1
0 0 0
board #284 10
3 4 0
3 2 1
4 2 1
2 3 1
5 2 1
1 4 1
0 0 0
board #285 8
3 4 1
2 4 0
1 5 1
2 5 1
4 3 0
4 4 1
5 3 0
5 4 1
0 0 1
board #286 10
3 4 1
2 4 0
1 5 0
3 2 1
4 2 0
4 1 1
5 1 0
0 0 0
board #287 9
3 4 1
2 4 1
4 4 1
1 4 0
1 5 0
2 3 0
2 2 0
2 1 1
3 1 1
4 1 1
5 1 1
1 2 1
0 0 0
board #288 14
3 2 1
4 2 1
2 2 1
5 2 1
1 2 0
1 3 1
0 0 1
board #289 8
3 4 1
2 4 0
2 5 0
3 2 0
3 1 0
0 0 1
board #290 7
3 2 0
3 4 0
4 1 0
3 5 0
0 0 0
board #291 6
3 2 0
3 4 0
2 5 0
3 1 1
4 1 0
0 0 0
board #292 7
3 2 0
3 4 1
2 4 0
2 5 0
3 1 1
4 1 1
5 1 0
4 2 0
0 0 0
board #293 10
3 2 0
3 4 1
2 4 0
1 5 1
2 5 1
4 3 1
5 2 1
0 0 0
board #294 9
3 4 0
3 2 1
4 2 1
2 3 0
2 2 1
1 2 0
1 3 0
2 1 0
2 5 1
3 5 0
0 0 1
board #295 12
3 4 0
3 2 1
4 2 1
2 3 1
5 1 1
1 3 0
1 4 1
0 0 0
board #296 9
3 2 0
3 4 0
2 5 0
3 1 1
4 1 0
0 0 0
board #297 7
3 2 1
4 2 0
4 1 1
5 1 0
3 4 1
2 4 0
1 5 1
2 5 1
4 4 1
5 4 1
0 0 1
board #298 12
3 2 1
4 2 1
2 3 0
2 2 0
2 1 1
3 1 0
3 4 0
2 5 1
3 5 1
1 5 1
4 4 0
4 5 1
5 5 1
0 0 0
board #299 15
3 2 1
4 2 1
2 3 1
5 1 0
5 2 1
1 3 1
0 0 0
board #300 8
3 2 1
4 2 0
4 1 0
3 4 1
2 4 0
2 5 0
0 0 1
board #301 8
3 2 1
4 2 1
2 3 0
2 2 1
1 2 0
1 3 0
2 1 0
3 4 0
2 5 0
0 0 1
board #302 11
3 4 1
2 4 1
4 3 0
4 4 0
3 5 1
4 5 0
3 2 1
5 1 1
2 3 0
2 2 1
4 2 1
1 3 1
0 0 1
board #303 14
3 4 1
2 4 1
4 3 1
1 5 1
5 2 0
5 3 1
0 0 0
board #304 8
3 2 0
3 4 1
2 4 1
4 3 0
4 4 0
3 5 0
4 1 0
0 0 0
board #305 9
3 4 1
2 4 0
1 5 1
2 5 1
4 3 0
4 4 1
5 3 1
0 0 1
board #306 9
3 2 0
3 4 0
3 1 1
4 1 0
2 5 1
3 5 0
0 0 0
board #307 8
3 4 1
2 4 1
4 3 1
1 4 0
1 5 0
2 3 0
2 2 1
3 2 0
3 1 1
4 1 1
5 1 0
4 2 1
1 2 0
1 3 1
5 2 0
5 3 0
5 4 1
4 4 0
4 5 0
0 0 0
board #308 21
3 2 0
3 4 1
2 4 0
2 5 0
3 1 0
0 0 0
board #309 7
3 4 0
3 2 1
4 2 0
5 1 0
3 5 0
0 0 1
board #310 7
3 4 1
2 4 1
4 4 0
4 3 1
5 2 0
5 3 1
1 5 1
0 0 1
board #311 9
3 4 0
3 2 1
4 2 0
4 1 1
5 1 1
2 3 0
2 2 0
2 1 1
3 1 1
1 2 1
0 0 0
board #312 12
3 4 0
3 2 0
3 1 0
2 5 1
3 5 0
0 0 0
board #313 7
3 2 0
3 4 0
3 1 1
4 1 0
3 5 0
0 0 0
board #314 7
3 2 0
3 4 0
2 5 1
3 5 0
3 1 1
4 1 1
5 1 1
2 2 0
2 1 1
1 1 0
1 2 0
0 0 0
board #315 13
3 2 0
3 4 0
3 1 1
4 1 0
2 5 1
3 5 0
0 0 1
board #316 8
3 2 0
3 4 0
3 1 1
4 1 0
2 5 1
3 5 0
0 0 0
board #317 8
3 4 1
2 4 0
1 5 1
2 5 1
4 3 0
4 4 0
3 5 1
4 5 1
5 4 1
0 0 0
board #318 11
3 2 1
4 2 1
2 2 0
2 3 1
1 3 1
5 1 1
0 0 1
board #319 8
3 2 0
3 4 1
2 4 1
4 3 0
4 4 0
4 5 0
3 1 1
4 1 0
0 0 1
board #320 10
3 2 0
3 4 1
2 4 0
1 5 0
4 1 0
0 0 1
board #321 7
3 2 1
4 2 1
2 2 0
2 3 1
5 1 0
5 2 0
4 3 1
5 3 1
1 3 0
1 4 1
0 0 1
board #322 12
3 2 0
3 4 0
3 5 0
3 1 1
4 1 0
0 0 1
board #323 7
3 4 0
3 2 0
4 1 0
2 5 0
0 0 0
board #324 6
3 4 0
3 2 0
3 1 0
3 5 0
0 0 0
board #325 6
3 2 0
3 4 0
2 5 0
3 1 1
4 1 1
5 1 0
4 2 1
5 2 0
4 3 0
0 0 1
board #326 11
3 2 0
3 4 0
3 1 1
4 1 1
5 1 0
4 2 1
5 2 1
2 2 1
1 2 1
0 0 1
board #327 11
3 2 0
3 4 1
2 4 1
4 3 0
4 4 1
5 3 1
1 4 1
0 0 0
board #328 9
3 4 1
2 4 1
4 3 1
1 4 0
1 5 0
2 3 1
1 3 1
5 2 0
5 3 1
0 0 0
board #329 11
3 4 0
3 2 1
4 2 0
5 1 0
2 5 1
3 5 1
1 5 1
4 4 0
4 5 0
0 0 0
board #330 11
3 2 1
4 2 0
4 1 1
5 1 1
2 3 1
1 4 1
0 0 0
board #331 8
3 2 0
3 4 1
2 4 1
4 3 0
4 4 0
3 5 0
3 1 0
0 0 1
board #332 9
3 4 0
3 2 1
4 2 1
2 3 1
5 2 1
1 3 0
1 4 0
1 5 0
2 2 1
1 2 1
0 0 1
board #333 12
3 2 1
4 2 1
2 2 0
2 3 0
2 1 0
3 4 1
2 4 1
1 4 0
1 5 1
4 3 0
4 4 1
5 4 1
0 0 0
board #334 14
3 2 0
3 4 1
2 4 1
4 3 0
4 4 0
3 5 1
4 5 0
3 1 1
4 1 1
5 1 0
4 2 1
5 2 1
2 2 0
2 1 1
1 1 0
1 2 1
0 0 1
board #335 18
3 4 0
3 2 1
4 2 1
2 3 0
2 2 1
1 3 1
5 2 1
0 0 1
board #336 9
3 2 1
4 2 1
2 3 0
2 2 1
1 2 0
1 3 0
1 1 0
3 4 0
2 5 0
0 0 1
board #337 11
3 4 0
3 2 0
2 5 0
3 1 0
0 0 0
board #338 6
3 4 0
3 2 1
4 2 0
4 1 0
2 5 1
3 5 1
1 5 1
4 4 1
5 3 0
5 4 0
4 5 1
5 5 1
0 0 0
board #339 14
3 2 0
3 4 1
2 4 1
4 3 1
1 4 1
5 3 1
0 0 1
board #340 8
3 2 1
4 2 0
4 1 1
5 1 0
3 4 0
3 5 0
0 0 1
board #341 8
3 4 1
2 4 1
4 4 1
1 5 1
5 3 1
0 0 1
board #342 7
3 4 1
2 4 1
4 3 0
4 4 0
4 5 0
3 2 1
5 1 1
4 1 0
4 2 0
0 0 1
board #343 11
3 4 0
3 2 1
4 2 0
5 1 0
2 5 1
3 5 1
1 5 1
4 4 0
4 5 1
5 4 1
0 0 0
board #344 12
3 4 0
3 2 0
3 1 1
4 1 1
5 1 1
2 2 1
1 2 1
0 0 1
board #345 9
3 4 1
2 4 0
1 5 0
3 2 0
3 1 0
0 0 0
board #346 7
3 2 0
3 4 1
2 4 0
1 5 1
2 5 0
3 1 0
0 0 0
board #347 8
3 4 0
3 2 1
4 2 0
4 1 0
3 5 0
0 0 1
board #348 7
3 4 1
2 4 0
1 5 0
3 2 1
4 2 1
2 2 0
2 3 1
1 3 0
1 4 1
5 1 0
5 2 0
4 3 1
5 3 1
0 0 0
board #349 15
3 4 0
3 2 0
3 1 0
3 5 0
0 0 1
board #350 6
3 2 0
3 4 0
2 5 0
3 1 1
4 1 0
0 0 1
board #351 7
3 2 0
3 4 1
2 4 1
4 3 1
1 5 1
5 2 1
0 0 1
board #352 8
3 2 0
3 4 1
2 4 1
4 3 1
1 4 1
5 3 1
0 0 0
board #353 8
3 4 1
2 4 1
4 4 0
4 3 0
4 5 0
3 2 0
3 1 0
0 0 0
board #354 9
3 2 0
3 4 1
2 4 0
1 5 1
2 5 0
3 1 1
4 1 0
0 0 1
board #355 9
3 4 1
2 4 1
4 3 1
1 4 0
1 5 0
2 3 1
1 3 0
2 2 0
2 1 0
0 0 0
board #356 11
3 2 0
3 4 0
2 5 1
3 5 1
1 5 0
2 4 0
3 1 1
4 1 1
5 1 0
4 2 0
0 0 1
board #357 12
3 2 0
3 4 1
2 4 0
1 5 1
2 5 0
3 1 0
0 0 1
board #358 8
3 4 0
3 2 1
4 2 1
2 3 1
5 1 0
5 2 1
1 3 0
1 4 0
1 5 1
2 4 1
0 0 0
board #359 12
3 4 0
3 2 0
3 5 0
3 1 1
4 1 1
5 1 1
2 2 0
2 1 0
0 0 1
board #360 10
3 4 1
2 4 1
4 3 1
1 4 1
5 2 0
5 3 0
5 1 1
4 2 1
0 0 1
board #361 10
3 4 0
3 2 1
4 2 0
4 1 1
5 1 0
2 5 1
3 5 0
0 0 1
board #362 9
3 2 1
4 2 0
4 1 1
5 1 1
2 2 0
2 3 1
1 4 1
0 0 1
board #363 9
3 4 1
2 4 0
2 5 0
3 2 0
3 1 1
4 1 1
5 1 1
2 2 1
1 2 0
1 3 1
0 0 1
board #364 12
3 2 1
4 2 0
4 1 1
5 1 0
3 4 0
2 5 1
3 5 1
1 5 0
2 4 1
1 4 1
4 4 0
4 5 0
0 0 0
board #365 14
3 4 0
3 2 1
4 2 1
2 3 0
2 2 0
2 1 0
2 5 1
3 5 1
1 5 1
4 4 1
5 3 0
5 4 1
0 0 0
board #366 14
3 4 1
2 4 1
4 3 1
1 4 0
1 5 1
5 2 0
5 3 0
5 1 0
4 4 0
3 5 1
4 5 0
0 0 1
board #367 13
3 4 0
3 2 0
3 1 1
4 1 0
3 5 0
0 0 1
board #368 7
3 4 1
2 4 0
2 5 0
3 2 0
3 1 0
0 0 0
board #369 7
3 4 0
3 2 1
4 2 1
2 3 0
2 2 0
2 1 1
3 1 0
3 5 0
0 0 0
board #370 10
3 2 0
3 4 0
3 5 0
3 1 1
4 1 1
5 1 0
4 2 0
0 0 0
board #371 9
3 4 0
3 2 1
4 2 1
2 3 0
2 2 0
3 1 0
3 5 0
0 0 1
board #372 9
3 2 0
3 4 1
2 4 1
4 3 0
4 4 1
5 3 0
5 4 1
1 5 1
0 0 1
board #373 10
3 2 0
3 4 0
3 1 1
4 1 1
5 1 1
2 2 1
1 2 1
0 0 1
board #374 9
3 4 1
2 4 1
4 3 0
4 4 0
3 5 1
4 5 1
5 4 0
5 5 0
3 2 1
5 1 0
4 2 1
5 2 0
0 0 0
board #375 14
3 2 0
3 4 0
3 1 1
4 1 1
5 1 1
2 2 1
1 2 0
1 3 0
2 3 0
1 1 1
2 1 0
2 5 1
3 5 1
1 5 0
2 4 0
0 0 1
board #376 17
3 4 0
3 2 1
4 2 1
2 3 1
5 1 1
1 3 0
1 4 1
0 0 0
board #377 9
3 4 0
3 2 0
2 5 0
3 1 1
4 1 0
0 0 0
board #378 7
3 4 1
2 4 1
4 4 0
4 3 0
4 5 0
3 2 1
4 2 1
5 1 1
2 3 1
1 3 0
1 4 1
0 0 1
board #379 13
3 2 1
4 2 1
2 2 0
2 3 1
1 3 1
5 1 0
5 2 1
0 0 1
board #380 9
3 4 0
3 2 0
2 5 1
3 5 0
3 1 1
4 1 0
0 0 1
board #381 8
3 4 1
2 4 0
1 5 1
2 5 0
3 2 1
4 2 1
2 2 0
2 3 0
3 1 0
0 0 1
board #382 11
3 2 0
3 4 0
2 5 1
3 5 0
3 1 0
0 0 0
board #383 7
3 2 1
4 2 1
2 2 0
2 3 0
2 1 0
3 4 0
2 5 1
3 5 1
1 5 1
4 4 0
4 5 0
0 0 1
board #384 13
3 2 1
4 2 0
4 1 1
5 1 1
2 3 0
2 2 1
1 2 1
0 0 1
board #385 9
3 4 1
2 4 1
4 3 0
4 4 0
3 5 0
3 2 1
5 1 1
4 1 0
4 2 0
0 0 1
board #386 11
3 2 0
3 4 0
2 5 1
3 5 1
1 5 1
4 4 0
4 5 0
4 1 0
0 0 1
board #387 10
3 4 1
2 4 1
4 3 0
4 4 0
3 5 0
3 2 0
3 1 1
4 1 1
5 1 0
4 2 0
0 0 1
board #388 12
3 4 0
3 2 0
4 1 0
2 5 1
3 5 0
0 0 0
board #389 7
3 2 0
3 4 1
2 4 0
1 5 0
3 1 1
4 1 0
0 0 0
board #390 8
3 2 1
4 2 1
2 2 1
5 1 0
5 2 0
4 3 1
5 3 0
4 4 1
5 4 1
1 3 1
0 0 0
board #391 12
3 4 0
3 2 0
3 5 0
4 1 0
0 0 1
board #392 6
3 4 1
2 4 1
4 3 0
4 4 1
1 4 0
1 5 0
2 3 1
1 3 0
2 2 1
1 2 0
1 1 1
2 1 1
5 4 1
0 0 0
board #393 15
3 4 0
3 2 1
4 2 0
4 1 1
5 1 0
2 5 0
0 0 0
board #394 8
3 4 0
3 2 0
2 5 0
3 1 0
0 0 1
board #395 6
3 4 0
3 2 1
4 2 0
4 1 1
5 1 0
2 5 0
0 0 0
board #396 8
3 2 1
4 2 0
5 1 0
3 4 1
2 4 0
1 5 0
0 0 1
board #397 8
3 4 1
2 4 1
4 3 1
1 5 1
5 2 0
5 3 1
0 0 0
board #398 8
3 2 1
4 2 0
4 1 0
3 4 0
2 5 0
0 0 1
board #399 7
3 2 0
3 4 0
3 1 0
3 5 0
0 0 1
board #400 6
3 2 0
3 4 1
2 4 0
1 5 1
2 5 0
3 1 1
4 1 1
5 1 0
4 2 0
0 0 0
board #401 11
3 4 1
2 4 0
1 5 0
3 2 1
4 2 1
2 3 1
5 1 0
5 2 0
4 3 0
0 0 0
board #402 11
3 2 1
4 2 0
4 1 0
3 4 0
2 5 0
0 0 0
board #403 7
3 4 0
3 2 1
4 2 1
2 3 1
5 2 1
1 4 1
0 0 1
board #404 8
3 4 0
3 2 0
3 1 1
4 1 1
5 1 1
2 2 1
1 3 1
0 0 0
board #405 9
3 2 1
4 2 0
4 1 0
3 4 1
2 4 0
1 5 1
2 5 0
0 0 1
board #406 9
3 4 0
3 2 0
2 5 0
4 1 0
0 0 0
board #407 6
3 4 0
3 2 0
4 1 0
2 5 0
0 0 0
board #408 6
3 4 1
2 4 0
1 5 0
3 2 1
4 2 0
5 1 0
0 0 1
board #409 8
3 2 0
3 4 1
2 4 1
4 3 1
1 4 0
1 5 1
5 2 1
0 0 0
board #410 9
3 2 1
4 2 1
2 3 1
5 1 0
5 2 0
4 3 0
4 4 1
3 4 1
2 4 0
2 5 0
0 0 0
board #411 12
3 2 0
3 4 1
2 4 1
4 3 0
4 4 0
3 5 1
4 5 1
5 4 0
5 5 1
1 4 0
1 5 0
2 3 1
1 3 0
2 2 1
1 2 1
0 0 1
board #412 17
3 2 0
3 4 1
2 4 1
4 3 0
4 4 1
5 3 1
1 4 0
1 5 1
0 0 0
board #413 10
3 4 1
2 4 1
4 3 1
1 4 0
1 5 0
2 3 0
2 2 0
3 1 0
0 0 1
board #414 10
3 2 1
4 2 0
4 1 1
5 1 1
2 2 1
1 2 0
1 3 0
2 3 1
1 4 1
0 0 0
board #415 11
3 4 1
2 4 0
2 5 0
3 2 1
4 2 0
4 1 0
0 0 0
board #416 8
3 4 1
2 4 0
2 5 0
3 2 0
3 1 1
4 1 0
0 0 0
board #417 8
3 4 1
2 4 1
4 3 0
4 4 0
3 5 1
4 5 1
5 4 0
5 5 0
5 1 0
4 2 1
5 2 0
0 0 1
board #418 13
2 4 0
3 2 0
1 5 0
3 1 1
4 1 1
5 1 0
4 2 1
5 2 1
2 2 0
2 1 1
1 1 0
1 2 1
0 0 0
board #419 14
3 4 1
2 4 1
4 3 0
4 4 1
1 5 1
5 4 1
0 0 0
board #420 8
3 2 1
4 2 1
2 3 1
5 1 0
5 2 0
4 3 1
5 3 1
1 3 0
1 4 0
1 5 0
2 2 0
2 1 1
3 1 0
0 0 0
board #421 15
3 2 0
3 4 0
4 1 0
2 5 1
3 5 0
0 0 1
board #422 7
3 4 0
3 2 0
4 1 0
2 5 1
3 5 0
0 0 1
board #423 7
3 4 1
2 4 1
4 3 0
4 4 0
4 5 0
3 2 0
3 1 1
4 1 1
5 1 1
2 2 0
2 1 1
1 1 0
1 2 1
0 0 1
board #424 15
3 4 1
2 4 1
4 3 0
4 4 1
1 4 0
1 5 1
5 3 0
5 4 0
5 5 0
3 2 1
4 2 0
5 1 0
0 0 1
board #425 14
3 4 1
2 4 1
4 3 1
1 4 0
1 5 1
5 2 0
5 3 0
5 1 0
5 4 1
4 4 1
0 0 1
board #426 12
3 2 1
4 2 1
2 2 0
2 3 1
1 4 1
5 1 0
5 2 1
0 0 0
board #427 9
3 4 1
2 4 0
1 5 0
3 2 1
4 2 0
5 1 0
0 0 1
board #428 8
3 4 1
2 4 1
4 3 0
4 4 1
1 4 1
5 3 0
5 4 1
0 0 0
board #429 9
3 4 1
2 4 0
2 5 0
3 2 0
3 1 0
0 0 1
board #430 7
3 4 0
3 2 0
2 5 1
3 5 0
3 1 1
4 1 0
0 0 1
board #431 8
3 2 1
4 2 1
2 3 0
2 2 0
2 1 1
3 1 1
1 2 1
5 2 1
0 0 1
board #432 10
3 2 0
3 4 1
2 4 1
4 3 0
4 4 1
5 3 1
1 5 1
0 0 0
board #433 9
3 4 0
3 2 1
4 2 1
2 3 1
5 1 0
5 2 0
4 3 0
3 5 0
0 0 0
board #434 10
3 2 1
4 2 0
4 1 0
3 4 1
2 4 0
1 5 1
2 5 0
0 0 1
board #435 9
3 4 0
3 2 0
2 5 0
3 1 0
0 0 0
board #436 6
3 4 1
2 4 0
1 5 0
3 2 0
3 1 1
4 1 1
5 1 0
4 2 1
5 2 1
2 2 0
2 1 1
1 1 0
1 2 1
0 0 1
board #437 15
3 2 0
3 4 1
2 4 1
4 3 0
4 4 1
5 3 0
5 4 0
4 5 1
5 5 0
3 1 0
0 0 0
board #438 12
3 2 1
4 2 1
2 3 1
5 1 0
5 2 0
4 3 1
5 3 1
1 3 0
1 4 0
1 5 0
2 2 0
2 1 1
3 1 1
1 1 1
0 0 0
board #439 16
3 4 1
2 4 1
4 4 1
1 4 0
1 5 0
2 3 1
1 3 1
5 4 1
0 0 0
board #440 10
3 4 1
2 4 0
1 5 1
2 5 1
4 3 1
5 3 1
0 0 0
board #441 8
3 4 1
2 4 0
1 5 0
3 2 0
3 1 1
4 1 1
5 1 1
2 2 0
2 1 1
1 1 0
1 2 0
0 0 1
board #442 13
3 2 1
4 2 1
2 3 0
2 2 1
5 2 1
1 2 0
1 3 0
1 1 1
2 1 0
3 4 1
2 4 0
1 5 1
2 5 0
0 0 1
board #443 15
3 4 1
2 4 0
1 5 0
3 2 0
3 1 1
4 1 0
0 0 0
board #444 8
3 4 0
3 2 1
4 2 1
2 3 0
2 2 1
1 2 1
5 1 0
5 2 0
4 3 0
2 5 1
3 5 1
1 5 0
1 4 1
2 4 1
4 4 0
4 5 0
0 0 0
board #445 18
3 4 0
3 2 0
2 5 1
3 5 1
1 5 1
4 4 1
5 4 1
0 0 0
board #446 9
3 2 0
3 4 0
2 5 1
3 5 0
3 1 1
4 1 1
5 1 1
2 2 1
1 3 1
0 0 1
board #447 11
3 4 1
2 4 0
1 5 1
2 5 0
3 2 0
3 1 1
4 1 0
0 0 0
board #448 9
3 2 1
4 2 1
2 3 0
2 2 1
5 1 0
5 2 1
1 2 1
0 0 0
board #449 9
3 2 0
3 4 1
2 4 0
2 5 0
3 1 0
0 0 0
board #450 7
3 2 0
3 4 0
3 1 1
4 1 1
5 1 1
2 2 0
2 1 1
1 1 0
1 2 0
3 5 0
0 0 1
board #451 12
3 2 1
4 2 0
4 1 1
5 1 0
3 4 1
2 4 0
2 5 0
0 0 0
board #452 9
3 2 1
4 2 0
4 1 1
5 1 0
3 4 1
2 4 0
2 5 0
0 0 0
board #453 9
3 4 0
3 2 0
3 5 0
3 1 1
4 1 1
5 1 1
2 2 0
2 1 0
0 0 0
board #454 10
3 4 0
3 2 0
2 5 0
3 1 1
4 1 0
0 0 0
board #455 7
3 4 0
3 2 1
4 2 1
2 3 0
2 2 0
2 1 1
3 1 1
1 2 1
5 1 0
5 2 1
0 0 0
board #456 12
3 4 0
3 2 0
3 1 0
2 5 1
3 5 0
0 0 1
board #457 7
3 2 1
4 2 1
2 3 0
2 2 1
5 1 0
5 2 1
1 3 1
0 0 0
board #458 9
3 2 1
4 2 0
4 1 1
5 1 0
3 4 1
2 4 1
4 4 1
1 4 0
1 5 1
5 3 0
5 4 0
5 2 0
4 5 1
5 5 0
0 0 1
board #459 16
3 2 0
3 4 0
2 5 0
3 1 0
0 0 1
board #460 6
3 4 1
2 4 0
1 5 1
2 5 1
4 3 0
4 4 1
5 3 1
0 0 1
board #461 9
3 2 1
4 2 0
4 1 0
3 4 0
2 5 1
3 5 0
0 0 0
board #462 8
3 4 0
3 2 0
2 5 1
3 5 1
1 5 1
4 4 1
5 3 0
5 4 1
0 0 1
board #463 10
3 2 0
3 4 1
2 4 1
4 3 1
1 4 0
1 5 1
5 2 1
0 0 0
board #464 9
3 4 1
2 4 0
1 5 1
2 5 0
3 2 1
4 2 1
2 2 0
2 3 0
2 1 1
3 1 1
1 1 0
1 2 1
5 1 1
0 0 1
board #465 15
3 2 1
4 2 0
5 1 0
3 4 0
2 5 0
0 0 1
board #466 7
3 4 1
2 4 1
4 3 0
4 4 1
1 5 1
5 3 0
5 4 1
0 0 1
board #467 9
3 2 0
3 4 1
2 4 0
2 5 0
3 1 0
0 0 1
board #468 7
3 2 1
4 2 1
2 3 0
2 2 1
5 2 1
1 2 0
1 3 1
0 0 0
board #469 9
3 4 1
2 4 1
4 3 1
1 4 0
1 5 1
5 2 1
0 0 1
board #470 8
3 2 0
3 4 1
2 4 1
4 3 1
1 5 1
5 2 1
0 0 1
board #471 8
3 4 0
3 2 0
4 1 0
2 5 1
3 5 1
1 5 1
4 4 1
5 3 0
5 4 0
4 3 1
5 2 0
5 1 0
4 5 0
0 0 1
board #472 15
3 4 0
3 2 0
3 5 0
4 1 0
0 0 1
board #473 6
3 4 1
2 4 0
1 5 1
2 5 0
3 2 1
4 2 1
2 2 1
5 2 1
1 2 0
1 3 0
1 4 1
2 3 1
0 0 0
board #474 14
3 2 0
3 4 1
2 4 1
4 3 1
1 4 0
1 5 1
5 2 1
0 0 0
board #475 9
3 2 0
3 4 1
2 4 0
2 5 0
3 1 1
4 1 1
5 1 1
2 2 0
2 1 0
0 0 0
board #476 11
3 2 0
3 4 0
2 5 1
3 5 1
1 5 0
2 4 1
1 4 0
2 3 1
1 3 1
4 4 1
5 3 0
5 4 0
4 3 0
5 5 0
3 1 1
4 1 1
5 1 0
4 2 1
5 2 0
0 0 0
board #477 21
3 4 0
3 2 1
4 2 1
2 3 1
5 2 1
1 3 1
0 0 0
board #478 8
3 4 0
3 2 1
4 2 1
2 3 1
5 1 0
5 2 0
4 3 1
5 3 1
1 3 1
0 0 1
board #479 11
3 2 0
3 4 0
3 5 0
3 1 1
4 1 0
0 0 1
board #480 7
3 2 1
4 2 0
4 1 0
3 4 1
2 4 1
4 4 1
1 4 0
1 5 0
2 3 1
1 3 1
5 3 0
5 4 0
5 2 0
4 5 1
5 5 1
0 0 0
board #481 17
3 2 0
3 4 1
2 4 0
1 5 1
2 5 1
4 3 0
4 4 1
5 3 0
5 4 1
0 0 0
board #482 11
3 2 1
4 2 0
4 1 1
5 1 0
3 4 1
2 4 0
1 5 1
2 5 1
4 4 0
4 3 0
4 5 0
0 0 1
board #483 13
3 4 0
3 2 0
3 5 0
4 1 0
0 0 1
board #484 6
3 4 1
2 4 0
2 5 0
3 2 0
3 1 1
4 1 0
0 0 0
board #485 8
3 4 1
2 4 0
2 5 0
3 2 0
3 1 1
4 1 1
5 1 1
2 2 1
1 2 1
0 0 0
board #486 11
3 2 0
3 4 1
2 4 1
4 3 0
4 4 0
3 5 1
4 5 0
3 1 1
4 1 0
0 0 0
board #487 11
3 4 1
2 4 0
1 5 0
3 2 1
4 2 0
4 1 1
5 1 0
0 0 1
board #488 9
3 4 0
3 2 0
3 1 0
2 5 1
3 5 0
0 0 0
board #489 7
3 2 0
3 4 1
2 4 1
4 3 0
4 4 1
5 4 1
1 5 1
0 0 1
board #490 9
3 4 1
2 4 0
1 5 1
2 5 0
3 2 0
3 1 0
0 0 0
board #491 8
3 2 0
3 4 0
3 5 0
4 1 0
0 0 1
board #492 6
3 2 0
3 4 1
2 4 1
4 3 1
1 4 0
1 5 0
2 3 0
3 1 0
0 0 1
board #493 10
3 2 0
3 4 0
3 1 1
4 1 0
3 5 0
0 0 1
board #494 7
3 4 1
2 4 0
1 5 1
2 5 1
4 3 1
5 3 1
0 0 0
board #495 8
3 2 0
3 4 0
2 5 1
3 5 0
3 1 1
4 1 1
5 1 1
2 2 0
2 1 1
1 2 1
0 0 0
board #496 12
3 2 0
3 4 0
3 1 1
4 1 1
5 1 0
4 2 0
2 5 1
3 5 1
1 5 1
4 4 0
4 5 0
0 0 0
board #497 13
3 2 1
4 2 1
2 3 0
2 2 0
2 1 1
3 1 1
1 2 1
5 2 1
0 0 0
board #498 10
3 4 1
2 4 1
4 3 1
1 4 0
1 5 1
5 2 0
5 3 1
0 0 1
board #499 9
3 2 1
4 2 1
2 2 1
5 1 0
5 2 1
1 2 0
1 3 1
0 0 1
board #500 9
3 4 1
2 4 0
1 5 1
2 5 0
3 2 0
3 1 1
4 1 0
0 0 1
board #501 9
3 4 0
3 2 1
4 2 1
2 3 1
5 1 0
5 2 1
1 4 1
0 0 1
board #502 9
3 2 0
3 4 1
2 4 1
4 3 1
1 5 1
5 2 1
0 0 1
board #503 8
3 4 0
3 2 0
3 1 1
4 1 1
5 1 0
4 2 0
2 5 1
3 5 1
1 5 0
2 4 0
0 0 1
board #504 12
3 2 1
4 2 1
2 3 1
5 1 0
5 2 1
1 3 0
1 4 1
0 0 0
board #505 9
3 4 0
3 2 0
3 1 0
2 5 1
3 5 0
0 0 1
board #506 7
3 4 0
3 2 0
3 1 1
4 1 1
5 1 0
4 2 0
2 5 1
3 5 1
1 5 1
4 4 0
4 5 1
5 4 0
5 5 0
0 0 0
board #507 15
3 2 1
4 2 1
2 3 0
2 2 1
5 2 1
1 3 1
0 0 1
board #508 8
3 4 1
2 4 1
4 3 1
1 4 0
1 5 1
5 2 1
0 0 0
board #509 8
3 4 1
2 4 1
4 3 1
1 4 0
1 5 1
5 3 1
0 0 1
board #510 8
3 4 0
3 2 1
4 2 0
4 1 0
2 5 0
0 0 0
board #511 7
3 2 1
4 2 1
2 3 0
2 2 0
3 1 0
3 4 0
3 5 0
0 0 1
board #512 9
3 4 0
3 2 1
4 2 0
5 1 0
2 5 1
3 5 0
0 0 0
board #513 8
3 4 1
2 4 1
4 3 1
1 4 0
1 5 0
2 3 0
2 2 1
3 2 1
4 2 1
1 3 1
5 3 1
0 0 1
board #514 13
3 4 1
2 4 0
1 5 0
3 2 0
3 1 1
4 1 1
5 1 0
4 2 1
5 2 0
4 3 0
0 0 0
board #515 12
3 2 1
4 2 0
4 1 1
5 1 0
3 4 1
2 4 1
4 4 1
1 4 1
5 3 1
0 0 0
board #516 11
3 2 0
3 4 0
3 1 1
4 1 1
5 1 0
4 2 1
5 2 1
2 2 1
1 3 1
0 0 0
board #517 11
3 4 1
2 4 1
4 4 1
1 5 1
5 3 0
5 4 0
4 3 1
5 2 1
0 0 1
board #518 10
3 2 1
4 2 1
