4 5 0
4 6 1
3 6 0
3 7 1
2 7 0
1 8 1
2 8 0
4 3 0
4 2 1
5 2 0
6 1 0
0 0 1
board #1 13
4 5 1
3 5 0
3 6 0
3 7 0
4 3 1
5 3 0
5 2 0
2 8 1
3 8 1
1 8 1
4 7 1
5 6 0
5 7 1
6 6 1
7 5 0
7 6 0
6 5 0
7 7 0
4 6 1
6 4 0
6 3 0
6 8 0
5 1 0
0 0 0
board #2 25
4 5 1
3 5 1
5 5 0
5 4 0
5 6 0
4 7 0
4 3 0
4 2 1
5 2 1
6 2 1
3 3 1
7 2 1
8 1 0
8 2 1
2 4 0
2 3 1
1 3 0
1 4 1
0 0 1
board #3 20
3 6 0
3 7 1
2 7 0
2 8 0
3 5 1
4 5 0
4 3 1
5 3 1
3 4 0
3 3 0
4 2 1
3 2 0
3 1 1
4 1 0
0 0 1
board #4 16
4 5 1
3 5 0
3 6 1
2 6 1
5 5 1
6 5 0
6 4 1
7 4 1
1 6 0
1 7 0
2 5 0
1 8 1
2 7 1
8 3 0
8 4 1
0 0 1
board #5 17
4 5 1
3 5 1
5 5 1
6 5 0
6 4 1
7 4 1
2 5 0
2 6 0
3 4 0
2 7 1
3 6 0
3 7 1
4 6 0
4 7 0
3 8 1
4 8 1
5 7 0
5 8 0
5 3 1
3 3 1
4 3 0
5 2 0
5 1 0
0 0 1
board #6 25
4 5 1
3 5 1
5 5 1
6 5 1
2 5 1
7 4 0
7 5 0
6 6 0
7 3 0
7 2 0
5 7 0
7 1 1
8 1 1
6 2 0
6 1 0
4 8 1
5 8 1
4 7 1
6 8 1
7 7 1
8 6 0
8 7 0
7 8 1
8 8 0
8 5 0
0 0 1
board #7 27
4 5 1
3 5 1
5 5 0
5 4 1
6 4 1
2 5 0
2 6 0
3 4 1
2 4 1
7 4 0
7 3 1
8 3 1
1 4 1
0 0 1
board #8 15
3 6 1
4 6 1
5 6 0
5 5 1
6 5 1
2 6 0
2 7 1
1 7 0
1 8 1
7 5 0
7 4 0
6 6 1
7 6 1
8 5 0
8 6 0
7 7 1
8 7 1
0 0 1
board #9 19
4 5 0
4 6 0
4 3 0
4 7 0
4 2 0
3 8 1
4 8 0
4 1 1
5 1 0
0 0 0
board #10 11
4 5 1
3 5 1
5 5 0
5 4 0
4 6 0
4 7 1
3 7 1
5 6 1
2 7 1
6 5 1
1 7 0
1 8 0
2 6 1
1 6 1
7 5 0
7 4 1
8 4 1
0 0 0
board #11 19
4 5 1
3 5 1
5 5 1
2 5 1
6 5 1
7 5 0
7 4 0
6 6 0
7 3 0
7 2 1
6 3 1
8 1 0
8 2 0
6 7 0
6 8 0
0 0 1
board #12 17
4 5 1
3 5 0
3 6 1
2 6 1
5 5 0
5 4 1
6 4 0
6 3 0
5 6 1
4 6 1
6 6 0
6 5 0
5 7 0
6 2 1
7 2 0
7 1 1
8 1 1
5 3 0
5 2 0
5 1 1
6 1 0
5 8 0
0 0 1
board #13 24
4 5 0
4 6 1
3 6 1
5 5 1
2 6 0
2 7 0
3 5 1
2 5 1
1 5 1
6 5 0
6 4 0
6 6 1
5 6 0
4 7 0
6 3 1
5 4 0
4 3 0
4 2 1
5 2 1
3 3 0
3 2 0
3 1 0
3 8 0
0 0 1
board #14 25
4 5 1
3 5 0
3 6 0
3 7 0
4 3 0
4 2 0
2 8 1
3 8 1
1 8 1
4 7 0
4 8 0
4 1 1
5 1 1
3 2 1
6 1 0
5 2 0
0 0 1
board #15 18
4 5 1
3 5 0
3 6 1
2 6 0
2 7 1
1 7 0
1 8 0
4 3 0
4 2 1
5 2 0
5 1 0
0 0 0
board #16 13
4 5 1
3 5 1
5 4 0
5 5 1
6 5 1
2 5 1
7 5 0
7 4 0
6 4 0
6 6 0
5 7 0
4 3 1
8 1 0
8 2 0
7 3 1
8 3 0
5 8 0
0 0 1
board #17 19
3 6 0
3 7 0
4 3 1
5 3 1
3 3 0
3 4 0
3 2 0
4 5 1
3 5 1
2 5 1
5 4 1
6 4 0
6 3 1
7 3 1
1 5 1
8 2 1
0 0 0
board #18 18
4 5 0
4 6 1
3 6 0
3 7 1
2 7 0
1 8 1
2 8 1
5 6 1
6 5 1
7 5 0
7 4 1
8 4 1
0 0 1
board #19 14
4 5 1
3 5 0
3 6 1
2 6 1
5 5 0
5 4 1
6 4 0
6 3 0
5 6 1
4 6 0
3 7 0
6 2 1
7 2 0
7 1 1
8 1 0
2 8 1
3 8 0
0 0 1
board #20 19
4 5 1
3 5 1
5 5 0
5 4 1
6 4 1
2 5 1
7 4 1
1 6 1
8 3 0
8 4 0
7 5 0
8 2 0
8 1 0
6 6 1
7 6 1
6 5 0
4 6 1
5 6 0
4 7 1
5 7 1
8 5 0
8 6 0
7 7 1
8 7 1
0 0 1
board #21 26
4 5 1
3 5 0
3 6 1
2 6 0
2 7 0
2 8 0
4 3 1
5 3 0
5 2 0
5 1 1
6 1 0
0 0 0
board #22 13
4 5 0
4 6 0
4 3 1
5 3 1
3 4 0
3 3 1
2 4 1
6 3 1
7 3 1
8 2 0
8 3 1
1 4 1
0 0 0
board #23 14
4 5 1
3 5 0
3 6 1
2 6 1
5 5 1
6 5 0
6 4 1
7 4 1
1 6 0
1 7 1
8 3 0
8 4 0
7 5 1
8 5 0
7 6 1
8 6 1
0 0 0
board #24 18
4 5 1
3 5 0
3 6 0
3 7 1
2 7 1
4 6 1
1 7 1
5 6 1
6 6 0
6 5 1
7 5 0
7 4 0
7 3 1
6 4 0
6 3 0
5 7 0
6 2 0
5 8 0
7 1 0
0 0 0
board #25 21
4 5 1
3 5 1
5 5 1
2 5 0
2 6 1
1 6 0
1 7 0
1 8 0
3 4 0
3 3 0
3 2 0
4 1 0
0 0 1
board #26 14
4 5 1
3 5 1
5 5 0
5 4 1
6 4 1
7 4 1
2 5 0
2 6 0
3 4 1
2 4 0
2 7 0
3 3 1
2 3 1
1 3 0
1 4 1
8 4 1
0 0 0
board #27 18
2 7 0
4 5 1
3 5 1
5 5 1
2 5 1
6 5 1
1 6 1
7 5 0
7 4 0
6 6 0
7 3 0
7 2 0
5 7 1
6 7 0
7 1 1
8 1 1
6 2 1
6 3 1
5 4 0
6 4 1
0 0 0
board #28 22
4 5 1
3 5 1
5 5 1
6 5 0
6 4 1
7 4 1
2 5 1
8 4 1
1 5 0
1 6 0
2 4 0
1 7 0
1 8 1
2 7 0
2 8 1
3 7 1
3 6 0
4 6 1
0 0 0
board #29 20
4 5 1
3 5 0
3 6 1
2 6 0
2 7 0
1 8 1
2 8 0
4 3 1
5 3 1
3 3 1
6 3 1
2 4 0
2 3 0
3 2 0
2 5 0
3 1 1
4 1 1
4 2 1
2 1 1
1 1 0
1 2 1
7 3 1
8 2 0
8 3 0
8 1 0
7 4 0
6 5 0
5 4 1
5 6 0
4 7 0
3 7 1
3 8 1
4 8 0
0 0 0
board #30 35
4 5 0
4 6 1
3 6 0
3 7 0
4 3 1
5 3 1
3 4 0
3 3 1
2 4 1
6 3 0
5 4 1
6 4 0
5 5 0
6 2 1
7 2 0
7 1 0
2 8 0
0 0 1
board #31 19
4 5 0
4 6 1
3 6 1
5 5 1
2 6 1
6 5 0
6 4 0
6 6 1
5 6 0
4 7 1
5 7 0
6 3 1
5 4 1
7 3 1
8 2 1
1 6 0
1 7 1
0 0 0
board #32 19
4 5 1
3 5 1
5 5 0
5 4 0
5 6 0
4 7 1
5 7 1
4 6 1
6 6 0
6 7 1
7 6 1
2 5 1
8 6 1
1 5 1
0 0 1
board #33 16
4 5 0
4 6 1
3 6 1
5 5 0
5 6 0
4 7 1
5 7 0
4 8 1
5 8 1
6 7 0
6 8 0
4 3 0
4 2 1
5 2 0
6 1 0
0 0 1
board #34 17
4 5 0
4 3 1
5 3 0
5 2 0
4 6 0
4 7 0
4 8 0
5 1 1
6 1 0
0 0 1
board #35 11
4 5 1
3 5 0
3 6 1
2 6 0
2 7 1
1 7 0
1 8 0
4 3 0
4 2 0
5 1 0
0 0 0
board #36 12
4 5 0
4 6 1
3 6 1
5 5 1
2 6 0
2 7 1
1 7 0
1 8 1
6 5 1
7 5 1
8 5 1
0 0 0
board #37 13
4 5 1
3 5 1
5 5 1
6 5 0
6 4 0
5 6 0
6 3 1
5 4 1
7 3 0
7 2 1
8 1 0
8 2 1
2 6 1
1 6 0
1 7 1
0 0 1
board #38 17
4 5 1
3 5 1
5 5 0
5 4 1
6 4 1
2 5 1
7 4 1
1 5 0
1 6 1
8 4 1
0 0 0
board #39 12
4 5 0
4 6 1
3 6 1
5 5 1
2 6 1
6 5 0
6 4 0
6 6 0
6 3 1
5 4 0
5 7 1
6 7 0
5 8 0
4 3 1
5 3 0
5 2 0
6 1 0
0 0 1
board #40 19
4 3 1
5 3 0
5 2 1
6 2 0
7 1 0
4 5 1
3 5 1
5 5 1
6 5 1
2 5 0
2 6 1
1 6 1
7 5 1
8 4 1
0 0 0
board #41 16
4 5 0
4 6 1
3 6 1
5 5 1
2 6 0
2 7 0
3 5 1
2 5 1
1 5 0
1 6 1
6 5 0
6 4 1
7 4 0
7 3 1
8 2 0
8 3 0
8 1 1
7 2 0
7 1 1
6 2 0
6 1 0
5 6 1
6 6 1
7 6 1
8 5 1
0 0 0
board #42 27
4 5 1
3 5 0
3 6 1
2 6 0
2 7 0
1 8 1
2 8 1
3 7 0
3 8 1
4 7 0
4 8 1
5 7 1
6 7 0
6 6 1
7 6 1
8 5 1
0 0 1
board #43 18
4 5 1
3 5 1
5 5 0
5 4 1
6 4 0
6 3 1
7 3 1
2 5 0
2 6 1
1 6 1
8 2 1
0 0 1
board #44 13
4 5 0
4 6 1
3 6 0
3 7 0
4 3 0
4 2 1
5 2 1
3 3 0
3 2 1
6 2 1
2 3 0
2 2 1
1 3 1
7 2 1
8 1 0
8 2 1
0 0 1
board #45 18
4 5 0
4 6 1
3 6 0
3 7 0
4 3 1
5 3 1
3 4 1
6 3 1
7 3 0
7 2 1
8 1 0
8 2 1
2 5 1
1 5 0
1 6 0
2 6 0
2 4 0
3 3 1
2 3 1
1 3 1
0 0 1
board #46 22
4 5 0
4 6 1
3 6 1
5 5 1
2 6 0
2 7 0
3 5 1
2 5 0
3 4 1
2 4 0
3 3 1
2 3 1
1 3 0
1 4 1
6 5 1
7 5 0
7 4 0
6 6 0
7 3 0
7 2 1
6 3 1
8 1 1
5 4 0
6 4 0
4 3 0
4 2 1
5 2 0
5 1 1
6 1 0
5 7 1
6 7 1
7 7 0
7 6 1
4 7 0
5 6 1
8 6 1
0 0 1
board #47 38
4 5 1
3 5 1
5 5 0
5 4 0
4 6 0
4 7 0
4 3 0
4 2 0
3 8 0
4 1 1
5 1 0
0 0 1
board #48 13
4 5 1
3 5 0
3 6 0
3 7 0
4 3 0
4 2 1
5 2 0
6 1 0
2 8 1
3 8 1
1 8 0
2 7 0
0 0 0
board #49 14
4 5 0
4 6 0
4 3 0
4 7 0
4 2 0
3 8 1
4 8 0
4 1 0
0 0 1
board #50 10
4 5 0
4 6 0
4 3 1
5 3 1
3 4 1
6 3 0
6 2 0
5 4 1
6 4 1
7 3 1
2 5 1
8 2 0
8 3 0
8 1 0
7 4 1
8 4 0
7 5 1
8 5 1
1 5 0
1 6 0
2 4 1
1 4 1
0 0 1
board #51 24
3 6 1
4 6 0
4 5 0
4 7 0
4 3 1
5 3 0
5 2 1
6 2 0
6 1 1
7 1 0
3 8 1
4 8 0
0 0 1
board #52 14
4 5 1
3 5 0
3 6 0
3 7 0
4 3 1
5 3 0
5 2 0
2 8 1
3 8 0
5 1 0
0 0 1
board #53 12
4 5 1
3 5 0
3 6 0
3 7 1
2 7 1
4 6 1
1 8 1
5 6 1
6 6 0
6 5 1
7 5 0
7 4 0
7 3 1
6 4 1
8 3 1
0 0 1
board #54 17
4 5 1
3 5 0
3 6 0
3 7 0
4 3 0
4 2 1
5 2 1
6 2 1
3 3 0
3 2 0
4 1 0
3 8 0
0 0 0
board #55 14
4 5 1
3 5 1
5 5 0
5 4 0
4 6 1
5 6 0
4 7 1
5 7 1
6 6 1
7 5 1
2 5 1
8 4 1
1 6 1
0 0 1
board #56 15
4 5 1
3 5 1
5 4 0
5 5 1
6 4 1
2 5 1
7 4 1
1 5 1
8 4 1
0 0 1
board #57 11
3 6 0
4 3 1
5 3 1
6 3 1
3 4 1
7 3 0
7 2 1
8 1 0
8 2 1
2 4 0
2 5 0
3 3 1
2 3 0
3 2 0
2 6 0
3 7 1
1 8 1
4 6 1
2 7 0
2 8 1
5 5 1
6 4 1
0 0 0
board #58 24
4 5 0
4 6 0
4 3 0
4 7 0
4 2 0
4 8 0
4 1 0
0 0 1
board #59 9
4 5 0
4 6 0
4 3 1
5 3 1
3 4 1
6 3 0
6 2 1
7 2 0
7 1 1
8 1 1
2 4 1
1 5 1
0 0 1
board #60 14
4 5 0
4 6 0
4 3 1
5 3 1
6 3 0
6 2 1
7 2 1
3 4 0
3 3 0
4 2 0
4 7 0
4 1 1
5 1 1
3 2 0
3 1 0
3 8 0
0 0 0
board #61 18
4 5 1
3 5 1
5 5 0
5 4 0
4 6 0
4 7 0
4 3 0
4 2 0
3 8 1
4 8 1
2 8 1
5 7 1
1 8 0
2 7 1
1 7 0
2 6 1
1 6 1
6 6 1
7 5 0
7 6 0
6 5 0
7 7 0
6 8 1
7 8 1
6 7 1
8 8 1
0 0 0
board #62 28
4 5 1
3 5 1
5 4 0
5 5 0
4 6 0
4 7 0
4 3 0
4 2 1
5 2 0
5 1 1
6 1 0
3 8 1
4 8 1
5 7 1
2 8 1
1 8 1
6 6 1
7 5 0
7 6 0
6 5 0
6 7 0
5 8 1
6 8 1
7 7 0
7 8 1
8 7 0
8 8 1
0 0 0
board #63 29
4 5 0
4 6 1
3 6 0
3 7 0
4 3 0
5 2 0
2 8 1
3 8 1
1 8 1
4 7 0
4 8 0
5 1 1
6 1 1
4 2 0
4 1 1
3 2 0
3 1 1
2 2 1
7 1 1
8 1 0
7 2 1
8 2 1
1 3 1
0 0 0
board #64 25
4 5 1
3 5 1
5 5 1
6 5 0
6 4 1
7 4 1
2 5 1
1 5 0
1 6 1
8 3 0
8 4 1
0 0 1
board #65 13
4 5 0
4 6 0
4 3 0
4 7 1
3 7 1
5 6 1
2 7 0
3 6 1
2 6 1
6 5 0
6 6 0
5 5 0
6 7 1
5 7 0
4 8 1
5 8 0
4 2 1
5 2 0
5 1 1
6 1 0
0 0 1
board #66 22
4 5 0
4 6 0
4 3 1
5 3 0
5 2 0
4 7 0
5 1 0
3 8 0
0 0 0
board #67 10
4 5 0
4 6 1
3 6 0
3 7 1
2 7 0
2 8 0
4 3 1
5 3 1
3 4 0
3 3 0
4 2 0
5 1 0
0 0 1
board #68 14
4 5 0
4 6 0
4 3 0
4 7 1
3 7 0
2 8 1
3 8 0
4 2 0
4 1 1
5 1 0
0 0 1
board #69 12
4 5 1
3 5 0
3 6 1
2 6 0
2 7 1
1 7 0
1 8 0
4 3 1
5 3 1
3 3 0
3 4 0
4 2 1
3 2 1
2 3 1
6 3 0
5 4 0
6 2 0
6 1 1
7 1 1
8 1 0
7 2 0
0 0 0
board #70 23
4 5 0
4 6 1
3 6 1
5 5 1
2 6 1
6 5 1
7 4 1
1 7 1
8 3 0
8 4 0
8 2 1
7 3 1
0 0 1
board #71 14
3 6 0
3 7 0
4 5 0
4 3 1
5 3 1
3 4 0
3 3 0
4 2 0
3 8 0
4 1 1
5 1 1
5 2 1
3 2 1
2 3 1
6 3 0
5 4 0
6 2 0
6 1 0
0 0 1
board #72 20
4 5 1
3 5 1
5 5 0
5 4 0
4 6 0
4 3 0
4 7 1
3 7 0
3 8 0
4 2 0
4 1 1
5 1 1
6 1 1
3 2 0
3 1 0
0 0 0
board #73 17
4 5 0
4 6 1
3 6 1
5 5 0
5 6 0
4 7 1
5 7 0
5 8 0
4 3 1
5 3 1
6 3 0
6 2 0
6 4 0
6 1 0
0 0 1
board #74 16
4 5 0
4 6 1
3 6 1
5 5 0
5 6 1
6 5 1
2 6 1
7 5 1
1 6 0
1 7 1
8 4 0
8 5 0
7 6 0
7 4 1
8 3 0
7 3 0
6 7 0
7 2 0
8 1 0
5 8 1
6 8 0
0 0 1
board #75 23
4 5 1
3 5 1
5 5 1
6 5 1
2 5 1
7 5 0
7 4 1
8 3 0
8 4 1
1 6 1
0 0 0
board #76 12
4 5 1
3 5 0
3 6 1
2 6 0
2 7 0
1 8 1
2 8 0
4 3 1
5 3 1
3 3 1
6 3 0
5 4 1
6 4 1
2 4 1
1 4 0
1 5 1
7 3 0
7 4 1
8 3 0
8 4 0
7 5 1
8 5 0
7 6 0
6 2 0
6 7 1
7 7 1
6 6 0
5 7 1
5 6 0
4 7 0
3 7 1
4 8 0
6 1 0
0 0 0
board #77 35
4 5 0
4 3 1
5 3 0
5 2 1
6 2 0
6 1 1
7 1 0
4 6 0
4 7 0
3 8 0
0 0 1
board #78 12
4 5 1
3 5 0
3 6 1
2 6 1
5 4 1
6 4 1
7 4 1
1 6 0
1 7 0
2 5 0
1 8 0
5 3 0
5 2 1
6 2 1
4 2 1
6 3 0
7 2 0
7 1 1
8 1 1
3 2 1
2 2 1
1 2 1
0 0 0
board #79 24
4 5 0
4 6 0
4 3 0
4 7 1
3 7 1
5 6 0
5 7 0
4 8 1
5 8 1
6 7 1
2 7 1
1 7 0
1 8 0
2 6 1
1 6 1
7 6 1
8 5 0
8 6 1
0 0 0
board #80 20
4 5 0
4 6 1
3 6 0
3 7 1
2 7 0
2 8 0
4 3 1
5 3 1
3 4 1
6 3 0
5 4 0
6 2 0
6 1 1
7 1 0
0 0 1
board #81 16
4 5 1
3 5 0
3 6 1
2 6 0
2 7 0
2 8 0
4 3 1
5 3 1
3 3 0
3 4 0
4 2 1
3 2 1
2 3 0
2 2 1
1 2 0
1 3 0
1 1 1
2 1 0
0 0 0
board #82 20
4 5 0
4 6 1
3 6 1
5 5 1
2 6 1
6 5 1
7 5 1
1 6 0
1 7 1
8 4 0
8 5 0
8 3 1
7 4 0
7 3 1
6 4 0
6 3 1
5 4 1
0 0 0
board #83 19
4 5 1
3 5 0
3 6 1
2 6 0
2 7 0
2 8 0
4 3 0
4 2 0
4 1 1
5 1 1
3 2 1
6 1 1
7 1 0
6 2 1
7 2 1
2 3 1
8 1 1
1 3 0
1 4 0
2 4 1
1 5 0
2 2 1
1 2 1
0 0 1
board #84 25
4 5 0
4 6 0
4 3 1
5 3 1
3 4 1
6 3 1
7 3 0
7 2 0
6 4 1
7 4 1
8 4 1
2 4 1
1 4 0
1 5 0
2 3 1
1 3 1
0 0 0
board #85 18
4 5 1
3 5 0
3 6 1
2 6 0
2 7 0
1 8 1
2 8 1
3 7 0
3 8 0
4 3 1
5 3 1
3 4 1
6 3 0
5 4 1
6 4 1
2 4 1
7 4 0
7 3 0
6 5 0
6 2 0
5 6 1
6 6 0
5 7 1
6 7 0
6 8 0
7 1 0
0 0 1
board #86 28
4 5 1
3 5 1
5 5 1
6 5 0
6 4 1
7 4 0
7 3 1
8 3 1
2 5 1
1 5 1
0 0 1
board #87 12
4 5 1
3 5 1
5 5 0
5 4 0
4 6 0
4 7 1
3 7 1
5 7 1
2 7 1
6 6 1
1 7 1
7 5 1
8 4 0
8 5 1
0 0 0
board #88 16
3 6 0
3 7 1
2 7 1
4 6 0
4 7 0
3 8 1
4 8 1
5 7 0
5 8 0
4 3 1
5 3 1
6 3 1
3 4 0
3 3 0
4 2 0
3 5 1
4 5 1
5 4 1
2 6 0
2 5 0
4 1 1
5 1 0
0 0 1
board #89 24
3 6 0
3 7 0
3 5 1
4 5 1
2 6 0
2 5 1
5 5 0
5 4 1
6 4 0
6 3 0
4 6 0
6 2 1
7 2 0
7 1 1
8 1 0
2 8 1
3 8 0
0 0 0
board #90 19
4 5 1
3 5 1
5 5 1
6 4 1
2 5 0
2 6 0
3 4 1
2 4 1
1 4 0
1 5 0
2 3 0
2 7 1
3 6 0
3 7 0
3 2 1
2 2 0
2 1 1
3 1 1
3 3 1
1 2 1
7 4 1
8 3 0
8 4 1
0 0 0
board #91 25
4 5 0
4 6 0
4 3 0
4 7 0
4 2 0
3 8 0
4 1 0
0 0 0
board #92 9
4 5 1
3 5 0
3 6 0
3 7 1
2 7 0
2 8 0
4 3 1
5 3 0
5 2 0
5 1 1
6 1 1
4 2 0
4 1 0
0 0 1
board #93 15
4 5 0
4 6 0
4 3 1
5 3 1
3 4 1
6 3 1
7 3 1
2 4 0
2 5 1
1 6 1
8 2 0
8 3 1
0 0 1
board #94 14
4 5 0
4 6 1
3 6 0
3 7 1
2 7 0
2 8 0
