4 5 0
4 3 1
5 3 1
3 4 0
3 3 0
4 2 1
3 2 1
2 3 0
2 2 0
2 1 1
3 1 0
4 6 0
3 7 1
4 7 0
0 0 1
board #1 16
4 5 0
4 3 0
4 2 0
4 6 1
3 6 1
5 5 1
2 6 1
1 6 0
1 7 0
2 5 1
1 5 1
6 4 1
7 3 1
0 0 1
board #2 15
4 5 0
4 3 0
4 2 0
4 6 1
3 6 1
5 5 1
2 6 1
1 6 1
6 4 1
7 4 1
0 0 1
board #3 12
4 3 0
4 5 0
4 6 0
4 2 1
5 2 1
3 3 1
6 2 1
7 1 0
7 2 0
6 3 1
7 3 1
2 4 1
1 4 0
1 5 0
2 5 1
1 6 0
1 7 1
2 6 1
0 0 1
board #4 20
4 3 0
4 5 1
3 5 1
5 4 1
2 5 0
2 6 1
1 6 1
6 4 0
6 3 0
6 5 1
5 5 0
4 6 0
6 2 1
5 3 0
4 2 0
3 7 0
4 1 1
5 1 1
3 2 1
5 2 0
6 1 1
7 1 1
2 3 0
2 2 1
1 2 1
0 0 1
board #5 27
4 3 0
4 5 1
3 5 1
5 5 1
2 5 1
6 4 0
6 5 0
5 4 0
5 6 0
4 2 0
4 7 0
5 1 0
0 0 1
board #6 14
4 5 0
4 3 0
4 6 1
3 6 0
4 2 1
5 2 1
3 3 1
6 2 1
7 1 0
7 2 1
2 3 0
2 4 0
3 4 1
2 5 0
2 2 0
2 6 1
3 5 1
1 6 0
1 7 0
2 1 1
3 1 0
0 0 1
board #7 23
4 5 1
3 5 1
5 4 0
5 5 0
4 6 1
5 6 1
6 5 1
2 5 0
2 6 0
3 4 0
1 7 1
2 7 0
3 3 1
4 3 1
5 3 0
5 2 1
6 2 0
6 1 0
0 0 0
board #8 20
4 3 0
4 5 0
4 2 0
4 6 0
4 1 0
3 7 1
4 7 1
5 6 0
5 7 1
2 7 0
3 6 0
0 0 0
board #9 13
4 5 1
3 5 1
5 4 0
5 5 0
4 6 1
5 6 1
6 5 0
6 6 0
5 7 1
6 7 1
7 6 0
7 7 0
4 3 0
4 2 0
4 1 1
5 1 0
0 0 0
board #10 18
4 3 1
5 3 0
5 2 0
4 5 1
3 5 0
3 6 1
2 6 0
1 7 1
2 7 1
5 5 0
5 4 1
6 4 1
7 4 1
0 0 1
board #11 15
4 3 0
4 5 0
4 2 0
4 6 1
3 6 0
2 7 1
3 7 0
4 1 1
5 1 1
6 1 1
3 2 1
7 1 0
6 2 1
7 2 1
2 3 1
1 3 1
0 0 0
board #12 18
4 3 1
5 3 0
5 2 1
6 2 0
6 1 0
4 5 0
4 6 1
3 6 0
2 7 1
3 7 0
0 0 1
board #13 12
4 5 0
4 3 0
4 6 1
3 6 0
2 7 1
3 7 0
4 2 0
4 1 0
0 0 0
board #14 10
4 5 1
3 5 0
3 6 0
4 3 0
4 2 1
5 2 1
6 2 0
5 3 1
3 3 0
3 2 0
3 1 0
2 7 1
3 7 0
0 0 0
board #15 15
4 5 0
4 3 0
4 2 1
5 2 0
5 1 0
4 6 1
3 6 0
2 7 0
0 0 0
board #16 10
4 3 0
4 5 1
3 5 0
3 6 1
2 6 0
1 7 1
2 7 1
5 4 0
5 5 1
6 4 1
7 4 1
0 0 1
board #17 13
4 5 1
3 5 1
5 4 1
2 5 0
2 6 1
1 7 1
6 4 0
6 3 1
7 2 0
7 3 1
0 0 0
board #18 12
4 3 0
4 5 0
4 2 0
4 6 1
3 6 1
2 6 1
5 5 1
1 6 1
6 4 0
6 5 0
5 4 0
6 6 0
5 7 1
6 7 1
4 7 0
5 6 1
7 7 1
0 0 1
board #19 19
4 5 0
4 3 1
5 3 1
3 4 1
6 3 1
2 4 0
2 5 0
3 3 0
2 6 0
4 2 0
1 7 1
2 7 0
4 1 0
0 0 0
board #20 15
4 3 1
5 3 1
3 3 1
6 3 0
6 2 0
5 4 0
7 1 0
5 5 0
5 6 0
5 7 0
0 0 1
board #21 12
4 3 0
4 5 1
3 5 1
5 4 1
2 5 1
6 4 0
6 3 0
6 5 1
5 5 0
4 6 1
5 6 1
7 5 1
1 5 1
0 0 0
board #22 15
4 5 0
4 3 0
4 6 0
4 2 0
4 7 0
4 1 0
0 0 1
board #23 8
4 3 0
4 5 0
4 2 1
5 2 0
6 1 0
4 6 1
3 6 1
5 5 1
2 6 0
3 5 1
2 5 0
3 4 1
2 4 1
6 4 0
6 5 1
7 4 0
7 5 1
1 5 1
0 0 0
board #24 20
4 5 0
4 3 0
4 2 1
5 2 1
6 2 1
3 3 1
7 1 0
7 2 0
6 3 0
5 3 0
4 6 0
4 7 0
0 0 1
board #25 14
4 5 0
4 3 0
4 6 0
4 2 0
4 1 0
3 7 0
0 0 0
board #26 8
4 3 1
5 3 1
3 4 1
6 3 0
6 2 1
7 1 0
7 2 1
2 4 0
2 5 0
3 3 1
2 3 1
1 3 0
1 4 0
2 2 1
1 2 1
0 0 1
board #27 17
4 3 0
4 5 0
4 2 1
5 2 1
6 2 1
3 3 0
3 2 0
3 1 1
4 1 1
2 2 0
2 1 1
1 1 0
1 2 1
7 1 0
7 2 1
0 0 0
board #28 17
4 3 0
4 5 1
3 5 1
5 4 0
5 5 1
6 4 1
2 5 1
1 5 1
7 3 1
0 0 0
board #29 11
4 3 0
4 5 1
3 5 1
5 4 0
5 5 1
6 4 1
2 5 0
2 6 0
3 4 1
2 4 0
3 3 1
2 3 0
3 2 1
2 2 1
1 2 1
7 3 0
7 4 0
6 3 1
7 2 1
0 0 1
board #30 21
4 3 1
5 3 1
3 3 1
6 3 0
6 2 0
5 4 0
6 1 0
5 5 1
4 5 1
3 5 1
6 5 1
2 5 0
3 4 0
2 6 1
1 6 0
1 7 0
0 0 0
board #31 18
4 3 0
4 5 1
3 5 0
3 6 1
2 6 1
5 4 1
1 6 0
1 7 0
2 5 1
1 5 0
2 4 0
3 3 0
3 2 0
4 1 0
0 0 0
board #32 16
4 3 0
4 5 1
3 5 0
3 6 1
2 6 1
5 4 0
5 5 0
5 6 1
4 6 0
4 7 0
4 2 0
5 1 0
0 0 0
board #33 14
4 3 1
5 3 1
3 4 1
6 3 1
2 4 1
7 2 0
7 3 0
7 1 0
6 4 0
5 5 0
4 6 0
3 7 0
0 0 0
board #34 14
4 5 1
3 5 0
3 6 0
4 3 0
4 2 0
2 7 1
3 7 1
1 7 1
4 6 0
4 7 0
4 1 1
5 1 1
6 1 0
5 2 0
0 0 1
board #35 16
4 5 0
4 3 1
5 3 0
5 2 1
6 2 0
6 1 1
7 1 0
4 6 0
3 7 0
0 0 0
board #36 11
4 5 0
4 3 0
4 6 1
3 6 1
2 6 0
3 5 1
2 5 0
3 4 0
2 7 0
4 2 1
5 2 0
5 1 1
6 1 1
7 1 0
6 2 0
0 0 1
board #37 17
4 3 1
5 3 0
5 2 0
4 5 0
4 6 1
3 6 1
5 5 1
2 6 1
1 6 0
1 7 1
6 4 0
6 5 1
7 4 0
7 5 1
0 0 0
board #38 16
4 3 0
4 5 0
5 2 0
4 6 0
6 1 0
4 7 0
0 0 1
board #39 8
4 3 0
4 5 1
3 5 0
3 6 1
2 6 1
5 4 1
1 6 1
6 4 1
7 4 1
0 0 0
board #40 11
4 3 1
5 3 1
3 4 0
3 3 0
4 2 1
3 2 1
2 3 0
2 2 1
1 2 0
1 3 1
6 3 0
6 2 1
7 2 1
0 0 1
board #41 15
4 3 1
5 3 0
5 2 1
6 2 0
6 1 1
7 1 0
4 5 0
4 6 1
3 6 1
5 5 0
5 6 0
4 7 1
5 7 1
6 6 0
6 7 0
0 0 0
board #42 17
4 3 0
4 5 1
3 5 0
3 6 0
4 2 1
5 2 1
3 3 0
3 2 0
4 1 0
3 7 0
0 0 0
board #43 12
4 3 1
5 3 0
5 2 0
4 5 0
4 6 0
5 1 1
6 1 1
7 1 1
4 2 1
3 4 0
3 3 1
2 4 0
2 3 1
1 4 1
0 0 0
board #44 16
4 3 1
5 3 0
5 2 0
4 5 1
3 5 0
3 6 1
2 6 1
5 5 0
5 4 1
6 4 1
1 6 0
1 7 1
7 3 1
0 0 1
board #45 15
4 3 0
4 5 1
3 5 0
3 6 1
2 6 1
5 4 1
1 6 1
6 4 0
6 3 1
7 3 1
0 0 0
board #46 12
4 3 0
4 5 0
3 6 0
4 2 0
2 7 1
3 7 0
4 1 1
5 1 0
0 0 1
board #47 10
4 5 1
3 5 0
3 6 0
4 3 1
5 3 0
5 2 0
5 1 0
3 7 0
0 0 1
board #48 10
4 5 0
4 3 0
4 6 1
3 6 0
3 7 0
4 2 1
5 2 1
3 3 1
6 2 1
7 1 1
2 4 1
1 4 0
1 5 0
2 5 0
2 3 1
1 3 1
0 0 0
board #49 18
4 5 0
4 3 1
5 3 0
5 2 1
6 2 1
3 4 0
3 3 1
2 4 1
7 1 0
7 2 0
6 3 0
4 6 1
3 6 1
2 6 1
5 6 1
6 6 0
6 5 1
7 4 1
1 6 0
1 7 0
2 5 0
0 0 0
board #50 23
4 5 1
3 5 1
5 4 0
5 5 1
6 4 1
2 5 1
1 5 0
1 6 1
7 3 0
7 4 1
0 0 1
board #51 12
4 5 0
4 3 1
5 3 0
5 2 0
4 6 1
3 6 1
2 6 0
3 5 1
2 5 1
5 5 0
5 6 0
4 7 1
5 7 0
5 1 1
6 1 1
7 1 1
4 2 0
4 1 0
0 0 0
board #52 20
4 5 0
4 3 0
4 6 1
3 6 1
2 6 0
3 5 0
1 7 0
4 2 1
5 2 1
6 2 1
3 3 0
3 2 1
2 3 0
2 2 0
2 1 1
3 1 0
0 0 1
board #53 18
4 3 1
5 3 0
5 2 1
6 2 0
6 1 1
7 1 1
3 4 0
3 3 1
2 4 0
2 3 1
1 3 0
1 4 1
0 0 0
board #54 14
4 5 0
4 3 0
4 6 1
3 6 1
2 6 1
5 5 0
5 6 1
6 5 1
1 6 1
7 4 0
7 5 0
6 4 0
6 6 1
7 6 0
6 7 1
7 7 1
0 0 0
board #55 18
4 5 0
4 3 1
5 3 0
5 2 0
4 6 0
5 1 1
6 1 0
3 7 1
4 7 1
2 7 0
3 6 1
2 6 1
5 6 1
6 5 0
6 6 1
7 5 0
7 6 1
1 6 0
1 7 0
2 5 0
3 4 0
0 0 1
board #56 23
4 3 1
5 3 0
5 2 0
4 5 1
3 5 1
5 5 0
5 4 1
6 3 1
2 5 0
2 6 1
1 6 1
7 3 1
0 0 0
board #57 14
4 5 1
3 5 1
5 5 1
2 5 0
2 6 1
1 6 0
1 7 0
3 4 0
3 3 1
4 3 0
4 2 1
5 2 0
6 1 0
0 0 1
board #58 15
4 3 0
4 5 0
4 2 1
5 2 1
3 3 1
6 2 1
7 1 0
7 2 0
6 3 1
7 3 1
2 4 1
1 4 0
1 5 0
2 5 1
1 6 0
1 7 1
2 6 1
0 0 1
board #59 19
4 5 0
4 3 1
5 3 0
5 2 1
6 2 0
6 1 1
7 1 0
4 6 1
3 6 0
3 7 0
0 0 0
board #60 12
4 3 1
5 3 1
3 3 0
3 4 0
4 2 1
3 2 0
4 1 0
4 5 0
4 6 0
3 7 1
4 7 1
2 7 0
3 6 1
2 6 0
2 5 0
0 0 1
board #61 17
4 5 1
3 5 0
3 6 0
4 3 1
5 3 0
5 2 0
6 1 0
2 7 1
3 7 1
1 7 1
4 6 0
4 7 1
5 6 0
5 7 1
6 6 0
6 7 0
0 0 0
board #62 18
4 3 1
5 3 0
5 2 1
6 2 0
6 1 1
7 1 0
4 5 0
4 6 1
3 6 1
5 5 0
5 6 0
5 7 0
0 0 0
board #63 14
4 3 0
4 5 0
4 6 0
4 2 0
5 1 0
3 7 1
4 7 1
5 6 1
2 7 1
1 7 0
2 6 0
3 6 0
0 0 0
board #64 14
4 3 1
5 3 1
3 3 1
6 3 0
6 2 0
5 4 0
6 1 0
5 5 1
4 5 0
4 6 0
4 7 0
0 0 1
board #65 13
4 5 1
3 5 0
3 6 0
4 3 0
4 2 1
5 2 0
5 1 0
2 7 0
0 0 1
board #66 10
4 5 1
3 5 0
3 6 1
2 6 0
1 7 1
2 7 0
4 3 1
5 3 0
5 2 1
6 2 1
3 3 1
7 1 1
2 3 0
2 4 0
3 2 0
2 5 1
3 4 0
3 1 1
4 1 1
2 1 0
2 2 1
1 2 0
1 3 0
0 0 1
board #67 25
4 5 0
4 3 1
5 3 1
3 4 0
3 3 1
2 4 1
6 3 1
7 2 0
7 3 0
7 1 1
6 2 0
6 1 0
6 4 0
5 5 1
5 4 1
6 5 1
7 4 0
7 5 0
6 6 0
5 7 0
0 0 1
board #68 22
4 3 0
4 5 0
4 2 1
5 2 0
5 1 0
4 6 0
3 7 1
4 7 0
0 0 0
board #69 10
4 3 1
5 3 1
3 4 1
6 3 0
6 2 1
7 1 0
7 2 0
5 4 1
6 4 1
7 4 1
2 4 0
2 5 1
1 5 0
1 6 0
1 7 0
2 3 0
3 2 1
2 2 0
2 1 1
3 1 1
1 2 1
3 3 0
4 2 0
5 1 0
0 0 1
board #70 26
4 3 1
5 3 0
5 2 0
4 5 0
4 6 0
5 1 1
6 1 1
7 1 0
6 2 1
7 2 0
6 3 1
4 2 1
7 3 1
3 4 0
3 2 1
2 3 0
2 2 1
1 2 0
1 3 1
0 0 0
board #71 21
4 3 1
5 3 0
5 2 1
6 2 0
6 1 0
4 5 1
3 5 1
5 5 0
5 4 0
4 6 1
5 6 0
4 7 1
5 7 1
6 6 0
6 7 0
0 0 0
board #72 17
4 3 0
4 5 1
3 5 1
5 4 1
2 5 1
6 4 0
6 3 1
7 2 1
1 6 1
0 0 0
board #73 11
4 5 1
3 5 1
2 5 0
2 6 1
1 6 0
1 7 1
5 5 1
6 5 0
6 4 1
7 3 1
0 0 1
board #74 12
4 5 0
4 3 0
4 2 1
5 2 0
6 1 0
4 6 1
3 6 1
2 6 0
3 5 1
5 5 1
2 5 1
6 4 1
1 5 1
7 3 0
7 4 1
0 0 0
board #75 17
4 3 0
4 5 1
3 5 0
3 6 1
2 6 1
5 4 1
1 6 1
6 4 1
7 3 0
7 4 1
0 0 0
board #76 12
3 6 1
2 6 0
1 7 1
2 7 1
4 6 0
4 5 0
3 7 0
4 3 1
5 3 1
3 4 1
6 3 1
3 5 1
7 2 0
7 3 1
0 0 1
board #77 16
4 3 0
4 5 1
3 5 0
3 6 1
2 6 0
1 7 1
2 7 1
5 4 1
6 4 0
6 3 1
7 3 1
0 0 1
board #78 13
4 3 1
5 3 0
5 2 1
6 2 1
3 4 0
3 3 0
3 2 0
4 5 1
3 5 0
3 6 1
2 6 1
5 5 1
1 6 0
1 7 0
2 5 1
1 5 0
2 4 0
3 1 1
4 1 0
0 0 1
board #79 21
4 5 0
4 3 0
4 6 0
4 2 1
5 2 1
3 3 1
6 2 0
5 3 1
6 3 1
2 3 1
7 2 1
1 3 0
1 4 1
0 0 0
board #80 15
4 5 0
4 3 0
4 2 0
4 6 0
4 7 0
4 1 1
5 1 1
6 1 0
5 2 0
0 0 1
board #81 11
4 3 0
4 5 1
3 5 1
5 4 1
2 5 0
2 6 1
1 6 0
1 7 0
3 4 1
2 4 1
1 4 0
1 5 0
2 3 1
1 3 1
6 4 1
7 3 1
0 0 1
board #82 18
4 3 1
5 3 1
6 3 0
6 2 1
7 2 1
3 3 0
3 4 0
4 2 1
3 2 0
3 1 0
4 5 1
3 5 0
3 6 0
3 7 0
0 0 0
board #83 16
4 3 0
4 5 1
3 5 1
5 4 0
5 5 1
6 4 1
2 5 0
2 6 1
1 6 0
1 7 0
3 4 1
2 4 0
3 3 0
3 2 1
4 2 0
4 1 1
5 1 0
0 0 1
board #84 19
4 3 1
5 3 0
5 2 1
6 2 1
3 4 0
3 3 0
3 2 1
4 2 0
4 1 0
4 5 0
4 6 0
3 7 0
0 0 1
board #85 14
4 5 1
3 5 1
5 4 1
2 5 0
2 6 1
1 6 1
6 4 1
7 3 1
0 0 1
board #86 10
4 3 0
4 5 1
3 5 0
3 6 1
2 6 1
5 5 1
1 6 0
1 7 0
2 5 1
1 5 1
6 5 0
6 4 0
5 4 0
5 6 0
5 7 0
4 2 1
5 2 0
5 1 1
6 1 0
0 0 0
board #87 21
4 3 1
5 3 1
3 4 0
3 3 1
2 4 0
2 3 1
6 3 0
6 2 1
7 1 0
7 2 1
1 3 1
0 0 1
board #88 13
4 5 1
3 5 0
3 6 1
2 6 1
5 4 1
1 7 1
6 4 1
7 3 0
7 4 1
0 0 1
board #89 11
4 3 0
4 5 1
3 5 1
5 4 1
2 5 0
2 6 1
1 6 1
6 4 0
6 3 1
7 2 0
7 3 0
7 1 1
6 2 0
6 1 0
6 5 1
5 5 1
7 4 0
7 5 1
0 0 1
board #90 20
4 3 1
5 3 0
5 2 0
4 5 0
3 6 1
4 6 0
6 1 0
3 7 1
4 7 1
5 6 1
2 6 0
3 5 1
2 5 1
6 5 1
1 5 0
1 6 0
2 4 1
1 4 1
7 4 1
0 0 1
board #91 21
4 5 1
3 5 1
2 5 0
2 6 0
3 4 1
2 4 1
1 4 0
1 5 0
2 3 0
1 7 0
3 2 1
2 2 0
2 1 1
3 1 1
3 3 0
4 2 1
1 1 1
4 3 1
5 5 1
6 5 1
7 4 0
7 5 1
0 0 0
board #92 24
4 3 0
4 5 1
3 5 0
3 6 1
2 6 1
5 5 1
1 6 0
1 7 1
6 4 1
7 3 1
0 0 1
board #93 12
4 5 0
4 3 0
4 6 0
4 2 0
4 1 1
5 1 1
6 1 0
5 2 1
6 2 1
3 2 0
3 1 0
3 7 0
0 0 1
board #94 14
4 5 1
3 5 0
3 6 1
2 6 0
1 7 1
2 7 0
4 3 1
5 3 0
5 2 1
6 2 0
6 1 1
7 1 0
0 0 1
board #95 14
4 5 0
4 3 0
4 6 0
5 2 0
5 1 0
4 7 0
0 0 1
board #96 8
4 3 0
4 5 0
4 2 0
4 6 1
3 6 1
2 6 0
3 5 1
2 5 1
5 5 1
6 5 1
1 6 1
7 4 1
0 0 1
board #97 14
4 5 0
4 3 0
4 6 1
3 6 1
2 6 0
3 5 1
2 5 0
3 4 1
2 4 1
5 5 0
5 6 0
5 7 0
4 2 0
4 1 1
5 1 1
6 1 1
3 2 1
7 1 0
6 2 1
7 2 1
2 3 0
3 3 0
2 2 1
1 2 0
1 3 1
0 0 0
board #98 27
4 5 0
4 3 0
4 2 0
4 6 1
3 6 0
2 7 1
3 7 1
1 7 1
5 5 0
5 6 1
6 5 0
6 6 0
6 7 0
4 1 1
5 1 0
0 0 0
board #99 17
4 5 0
4 3 0
4 2 1
5 2 1
6 2 1
3 3 1
7 1 0
7 2 0
6 3 1
7 3 1
2 3 0
2 4 1
1 4 1
0 0 0
board #100 15
4 3 0
4 5 1
3 5 0
3 6 0
4 2 1
5 2 0
5 1 1
6 1 1
7 1 0
6 2 0
2 7 0
0 0 0
board #101 13
4 3 1
5 3 0
5 2 0
4 5 0
4 6 0
5 1 1
6 1 1
7 1 0
6 2 0
4 7 0
0 0 0
board #102 12
4 5 1
3 5 0
3 6 0
4 3 1
5 3 0
5 2 0
5 1 0
3 7 0
0 0 0
board #103 10
4 3 1
5 3 1
3 4 0
3 3 1
2 4 0
2 3 1
6 3 0
6 2 0
5 4 0
6 1 1
7 1 1
5 2 1
1 3 0
1 4 0
2 2 0
2 1 1
3 1 1
3 2 1
1 1 1
0 0 0
board #104 21
4 5 0
4 3 0
4 6 1
3 6 0
4 2 0
2 7 1
3 7 1
1 7 0
2 6 1
1 6 0
2 5 0
3 4 1
3 5 0
4 1 0
0 0 1
board #105 16
4 5 1
3 5 0
3 6 1
2 6 0
2 7 0
4 3 0
5 2 0
5 1 1
6 1 0
0 0 1
board #106 11
4 5 1
3 5 0
3 6 0
4 3 1
5 3 0
5 2 0
5 1 1
6 1 1
7 1 0
6 2 0
2 7 0
0 0 1
board #107 13
4 5 0
4 3 0
4 2 1
5 2 0
5 1 0
4 6 0
3 7 1
4 7 1
2 7 0
3 6 0
0 0 0
board #108 12
4 3 0
4 5 0
4 6 1
3 6 1
2 6 0
3 5 0
2 7 0
4 2 1
5 2 0
5 1 1
6 1 0
0 0 0
board #109 13
4 5 0
4 3 0
4 2 1
5 2 0
6 1 0
4 6 1
3 6 1
2 6 0
3 5 1
5 5 0
5 6 1
2 5 0
3 4 1
2 4 0
3 3 0
2 7 0
0 0 0
board #110 18
4 5 0
4 3 0
4 2 1
5 2 0
5 1 0
4 6 1
3 6 1
5 5 1
2 6 1
1 6 0
1 7 0
2 5 0
3 4 1
3 5 1
2 4 0
3 3 1
2 3 1
1 3 0
1 4 1
6 5 1
7 5 1
0 0 0
board #111 23
4 5 1
3 5 1
2 5 1
5 5 0
5 4 1
6 4 0
6 3 1
7 2 0
7 3 1
1 5 0
1 6 1
0 0 1
board #112 13
4 3 1
5 3 1
3 3 1
6 3 1
2 3 1
7 2 1
1 4 1
0 0 0
board #113 9
4 3 0
4 5 0
4 6 1
3 6 0
2 7 1
3 7 0
4 2 0
4 1 1
5 1 0
0 0 1
board #114 11
4 5 1
3 5 1
2 5 0
2 6 0
3 4 1
2 4 1
5 5 1
1 4 1
6 5 1
7 4 1
0 0 0
board #115 12
4 3 0
4 5 1
3 5 0
3 6 0
4 2 0
2 7 1
3 7 0
5 1 0
0 0 1
board #116 10
4 3 0
4 5 0
4 2 1
5 2 1
3 3 0
3 2 1
6 2 0
5 3 1
6 3 1
2 3 1
7 2 0
7 3 1
1 4 1
0 0 0
board #117 15
4 3 1
5 3 1
3 3 1
6 3 0
6 2 1
7 1 0
7 2 1
2 3 1
1 4 1
0 0 1
board #118 11
4 3 1
5 3 1
3 4 1
6 3 1
2 4 1
7 2 1
1 4 0
1 5 0
2 3 0
1 6 0
1 7 1
2 6 0
2 7 1
3 6 0
3 7 1
4 6 1
5 5 1
5 4 1
0 0 0
board #119 20
4 3 1
5 3 1
3 4 0
3 3 1
2 4 1
6 3 1
7 2 1
1 4 1
0 0 1
board #120 10
4 3 0
4 5 0
4 2 1
5 2 1
6 2 0
5 3 0
6 1 0
4 6 1
3 6 1
2 6 0
3 5 0
1 7 0
0 0 1
board #121 14
4 5 1
3 5 1
5 5 0
5 4 0
4 6 1
5 6 0
4 3 0
5 7 0
4 2 1
5 2 0
6 1 0
0 0 1
board #122 13
4 3 0
4 5 1
3 5 1
5 4 0
5 5 0
4 6 0
4 2 1
5 2 1
6 2 1
3 3 0
3 2 0
3 1 1
4 1 1
2 2 0
2 1 0
3 7 0
0 0 0
board #123 18
4 3 1
5 3 1
3 3 1
6 3 1
2 3 0
2 4 0
3 2 0
2 5 1
3 4 0
4 5 1
3 5 1
5 4 1
1 5 0
1 6 0
1 7 1
2 6 1
7 3 1
0 0 1
board #124 19
4 3 1
5 3 1
3 3 1
6 3 0
6 2 0
5 4 1
6 4 1
7 3 0
7 4 0
6 5 1
7 5 1
2 3 0
2 4 0
2 5 0
3 2 0
2 6 1
1 6 0
1 7 1
3 5 1
3 4 0
4 5 1
0 0 0
board #125 23
4 3 0
4 5 1
3 5 0
3 6 0
4 2 1
5 2 0
6 1 0
2 7 1
3 7 0
0 0 0
board #126 11
4 3 0
4 5 0
4 2 1
5 2 1
3 3 0
3 2 1
6 2 0
5 3 0
6 1 1
7 1 0
4 6 1
3 6 1
2 6 1
5 5 0
5 6 0
4 7 1
5 7 0
0 0 1
board #127 19
4 5 1
3 5 0
3 6 0
4 3 0
4 2 0
2 7 1
3 7 1
1 7 1
4 6 0
4 7 0
4 1 0
0 0 0
board #128 13
4 5 1
3 5 1
2 5 1
5 4 0
5 5 1
6 5 1
1 5 1
7 4 0
7 5 1
0 0 0
board #129 11
4 5 1
3 5 0
3 6 1
2 6 1
5 4 1
1 6 0
1 7 0
2 5 1
1 5 0
2 4 0
3 3 1
2 3 0
3 2 1
2 2 1
3 4 1
1 3 1
6 4 0
6 3 0
6 2 1
5 3 1
7 1 0
7 2 1
0 0 0
board #130 24
4 3 0
4 5 0
4 2 0
4 6 0
3 7 1
4 7 1
2 7 1
5 6 1
1 7 0
2 6 1
1 6 0
2 5 1
1 5 1
6 5 1
7 4 0
7 5 1
0 0 0
board #131 18
4 3 0
4 5 1
3 5 0
3 6 1
2 6 1
5 4 1
1 6 0
1 7 1
6 4 1
7 3 0
7 4 1
0 0 1
board #132 13
4 5 0
4 3 0
4 6 0
4 2 0
3 7 1
4 7 0
4 1 0
0 0 0
board #133 9
4 3 1
5 3 0
5 2 0
4 5 0
4 6 1
3 6 0
2 7 1
3 7 0
5 1 1
6 1 0
0 0 0
board #134 12
4 5 1
3 5 1
5 4 0
5 5 1
2 5 0
2 6 0
3 4 1
2 4 0
3 3 1
2 3 0
3 2 1
2 2 0
3 1 0
1 7 1
2 7 0
0 0 0
board #135 17
4 3 0
4 5 0
4 2 1
5 2 1
6 2 0
5 3 1
6 3 1
3 3 1
2 4 1
7 2 0
7 3 0
6 4 0
7 1 0
5 5 0
5 6 0
5 7 0
0 0 1
board #136 18
4 3 0
4 5 1
3 5 0
3 6 0
4 2 1
5 2 1
6 2 1
3 3 0
3 2 0
3 1 1
4 1 1
2 2 1
7 1 0
7 2 0
6 3 1
7 3 0
6 4 1
7 4 1
1 2 0
1 3 1
0 0 0
board #137 22
4 5 1
3 5 1
5 4 0
5 5 1
6 4 1
2 5 0
2 6 0
3 4 1
2 4 0
3 3 0
1 7 1
2 7 1
3 6 1
7 3 0
7 4 1
0 0 1
board #138 17
4 3 1
5 3 0
5 2 0
4 5 0
3 6 0
5 1 1
6 1 1
7 1 1
4 2 1
3 4 1
2 5 1
1 5 0
1 6 0
1 4 1
2 4 1
0 0 1
board #139 17
4 5 0
4 3 0
4 6 0
4 2 1
5 2 0
5 1 0
3 7 0
0 0 1
board #140 9
4 3 0
4 5 0
4 6 1
3 6 1
5 5 0
5 6 0
5 7 0
4 2 1
5 2 1
3 3 1
6 2 1
7 1 1
2 4 1
1 4 1
0 0 0
board #141 16
3 6 1
2 6 0
3 5 1
2 5 1
4 6 1
5 6 1
1 5 1
6 5 1
7 4 0
7 5 0
6 4 0
7 6 0
7 7 0
6 3 0
6 2 1
7 2 1
5 3 1
5 4 0
4 3 1
3 4 1
0 0 0
board #142 22
4 5 1
3 5 0
3 6 1
2 6 1
5 4 1
1 6 0
1 7 0
2 5 1
1 5 1
6 4 0
6 3 1
7 2 1
0 0 1
board #143 14
4 5 0
4 3 1
5 3 0
5 2 0
4 6 0
5 1 1
6 1 0
3 7 1
4 7 1
2 7 0
3 6 0
0 0 0
board #144 13
4 3 1
5 3 0
5 2 1
6 2 1
3 4 1
7 1 0
7 2 1
2 4 0
2 5 0
2 3 0
2 6 0
2 2 0
1 7 0
2 1 1
3 1 1
3 2 1
1 1 1
3 3 1
0 0 1
board #145 20
4 5 0
4 3 1
5 3 1
3 4 1
6 3 1
2 4 1
7 2 1
1 4 0
1 5 0
2 3 1
1 3 0
1 6 1
2 5 1
0 0 0
board #146 15
4 5 1
3 5 0
3 6 0
4 3 1
5 3 1
3 3 0
3 4 0
4 2 1
3 2 1
2 3 1
6 3 1
1 3 0
1 4 1
7 3 1
0 0 1
board #147 16
4 5 0
4 3 0
4 6 1
3 6 0
4 2 0
3 7 0
4 1 1
5 1 0
0 0 1
board #148 10
4 3 1
5 3 0
5 2 1
6 2 1
3 4 0
3 3 0
4 2 0
4 1 0
4 5 0
4 6 1
3 6 0
2 7 0
0 0 1
board #149 14
4 5 1
3 5 1
5 4 0
5 5 0
4 6 0
4 3 1
6 2 1
3 4 0
3 3 0
4 2 1
3 2 1
2 3 1
5 2 1
7 1 0
7 2 0
6 3 1
7 3 1
1 3 1
0 0 1
board #150 20
4 5 1
3 5 0
3 6 1
2 6 0
1 7 1
2 7 1
5 4 0
5 5 1
6 4 0
6 5 1
7 4 1
0 0 0
board #151 13
4 3 1
5 3 0
5 2 0
4 5 0
4 6 0
6 1 0
4 7 0
0 0 0
board #152 9
4 5 0
