3 4 0
3 2 0
3 1 1
4 1 0
2 5 1
3 5 0
0 0 0
board #1 8
3 4 0
3 2 1
4 2 1
2 2 1
5 2 1
1 3 1
0 0 0
board #2 8
3 2 0
3 4 1
2 4 0
1 5 1
2 5 1
4 3 1
5 2 0
5 3 1
0 0 1
board #3 10
3 4 0
3 2 0
4 1 0
2 5 1
3 5 0
0 0 0
board #4 7
3 4 1
2 4 0
2 5 0
3 2 0
3 1 1
4 1 1
5 1 1
2 2 1
1 3 1
0 0 1
board #5 11
3 2 0
3 4 0
2 5 0
3 1 1
4 1 1
5 1 0
4 2 0
0 0 0
board #6 9
3 4 1
2 4 0
2 5 0
3 2 0
3 1 0
0 0 0
board #7 7
3 2 0
3 4 1
2 4 1
4 3 0
4 4 1
5 4 1
1 5 1
0 0 1
board #8 9
3 4 1
2 4 1
4 3 1
1 4 0
1 5 1
5 3 1
0 0 0
board #9 8
3 4 0
3 2 1
4 2 1
2 3 0
2 2 1
1 2 0
1 3 0
1 1 0
2 5 0
0 0 0
board #10 11
3 4 0
3 2 1
4 2 1
2 3 1
5 1 1
1 3 0
1 4 0
1 5 1
2 4 1
0 0 1
board #11 11
3 4 0
3 2 1
4 2 1
2 3 0
2 2 0
2 1 1
3 1 1
1 2 1
5 1 0
5 2 1
0 0 0
board #12 12
3 2 1
4 2 0
5 1 0
3 4 0
2 5 0
0 0 1
board #13 7
3 4 1
2 4 1
4 4 0
4 3 0
3 5 1
4 5 1
5 4 1
1 5 1
0 0 1
board #14 10
3 4 1
2 4 1
4 4 1
1 4 1
5 3 0
5 4 0
4 3 0
4 5 1
5 5 0
3 2 1
4 2 0
4 1 1
5 1 1
2 3 0
2 2 0
2 1 1
3 1 1
1 2 1
0 0 1
board #15 20
3 2 0
3 4 1
2 4 1
4 3 0
4 4 1
5 3 0
5 4 0
4 5 1
5 5 0
3 1 1
4 1 0
0 0 0
board #16 13
3 4 1
2 4 0
1 5 1
2 5 1
4 4 1
5 3 1
0 0 0
board #17 8
3 2 0
3 4 1
2 4 1
4 3 0
4 4 0
3 5 1
4 5 0
4 1 0
0 0 1
board #18 10
3 2 0
3 4 0
2 5 1
3 5 0
3 1 1
4 1 1
5 1 0
4 2 0
0 0 0
board #19 10
3 4 1
2 4 1
4 4 1
1 4 0
1 5 0
2 3 0
2 2 1
3 2 1
4 2 0
4 1 0
0 0 0
board #20 12
3 2 0
3 4 1
2 4 0
1 5 0
3 1 1
4 1 1
5 1 1
2 2 1
1 2 0
1 3 0
1 4 1
2 3 0
1 1 1
2 1 0
0 0 0
board #21 16
3 2 0
3 4 0
2 5 1
3 5 0
3 1 1
4 1 1
5 1 1
2 2 1
1 2 1
0 0 0
board #22 11
3 2 1
4 2 1
2 2 0
2 3 0
2 1 0
3 4 1
1 5 0
2 4 0
0 0 0
board #23 10
3 4 0
3 2 0
2 5 1
3 5 0
4 1 0
0 0 1
board #24 7
3 2 0
3 4 0
2 5 1
3 5 1
1 5 0
2 4 1
1 4 0
2 3 1
1 3 1
4 4 1
5 3 0
5 4 0
4 3 1
5 2 0
5 1 1
4 2 1
0 0 0
board #25 18
3 4 0
3 2 0
3 1 0
3 5 0
0 0 0
board #26 6
3 4 0
3 2 0
4 1 0
2 5 1
3 5 1
1 5 1
4 4 1
5 3 1
0 0 1
board #27 10
3 2 0
3 4 0
4 1 0
3 5 0
0 0 0
board #28 6
3 4 1
2 4 1
4 3 0
4 4 1
5 4 1
1 4 0
1 5 0
2 3 0
5 1 1
2 2 1
4 1 0
3 2 1
4 2 0
0 0 0
board #29 15
3 2 1
4 2 0
4 1 0
3 4 0
2 5 1
3 5 1
1 5 0
2 4 1
1 4 0
2 3 1
1 3 1
4 4 1
5 3 1
0 0 1
board #30 15
3 4 1
2 4 1
4 3 0
4 4 0
3 5 1
4 5 0
3 2 0
3 1 0
0 0 1
board #31 10
3 2 1
4 2 0
4 1 0
3 4 1
2 4 1
4 4 0
4 3 1
5 2 0
5 3 0
3 5 1
4 5 0
0 0 1
board #32 13
3 2 1
4 2 1
2 3 0
2 2 1
1 3 1
5 2 1
0 0 1
board #33 8
3 2 0
3 4 1
2 4 0
1 5 1
2 5 1
4 3 1
5 2 1
0 0 1
board #34 9
3 4 1
2 4 0
1 5 1
2 5 1
4 3 1
5 2 1
0 0 1
board #35 8
3 4 1
2 4 1
4 3 0
4 4 1
1 4 1
5 3 0
5 4 1
0 0 1
board #36 9
3 4 0
3 2 0
2 5 1
3 5 1
1 5 0
2 4 1
1 4 0
2 3 1
1 3 0
2 2 0
2 1 0
0 0 0
board #37 13
3 4 0
3 2 1
4 2 0
4 1 0
2 5 1
3 5 0
0 0 0
board #38 8
3 2 1
4 2 0
4 1 0
3 4 1
2 4 0
1 5 1
2 5 0
0 0 0
board #39 9
3 4 0
3 2 1
4 2 0
4 1 1
5 1 0
2 5 1
3 5 0
0 0 1
board #40 9
3 2 0
3 4 1
2 4 1
4 3 0
4 4 1
5 3 0
5 4 0
4 5 1
5 5 0
3 1 1
4 1 1
5 1 0
4 2 0
0 0 0
board #41 15
3 2 1
4 2 1
2 3 0
2 2 1
1 2 0
1 3 0
1 1 1
2 1 0
3 4 0
3 5 0
0 0 1
board #42 12
3 4 0
3 2 1
4 2 1
2 3 1
5 1 1
1 4 1
0 0 0
board #43 8
3 2 1
4 2 0
5 1 0
3 4 0
2 5 0
0 0 1
board #44 7
3 4 1
2 4 0
2 5 0
3 2 0
4 1 0
0 0 0
board #45 7
3 2 1
4 2 1
2 3 1
5 1 0
5 2 0
4 3 1
5 3 0
4 4 1
5 4 1
1 3 0
1 4 1
0 0 0
board #46 13
3 2 1
4 2 1
2 2 1
5 1 0
5 2 0
4 3 1
5 3 1
1 2 1
0 0 1
board #47 10
3 4 0
3 2 1
4 2 1
2 3 1
5 1 0
5 2 1
1 3 1
0 0 1
board #48 9
3 2 0
3 4 1
2 4 1
4 3 1
1 4 1
5 2 0
5 3 0
5 1 1
4 2 1
0 0 1
board #49 11
3 2 0
3 4 0
3 1 0
2 5 0
0 0 0
board #50 6
3 4 1
2 4 1
4 3 1
1 4 0
1 5 1
5 2 0
5 3 1
0 0 0
board #51 9
3 2 1
4 2 0
4 1 1
5 1 0
3 4 0
2 5 0
0 0 0
board #52 8
3 4 1
2 4 1
4 3 1
1 4 0
1 5 1
5 3 1
0 0 1
board #53 8
3 4 1
2 4 0
1 5 1
2 5 1
4 3 0
4 4 1
5 3 0
5 4 1
0 0 0
board #54 10
3 2 0
3 4 1
2 4 0
2 5 0
3 1 1
4 1 1
5 1 1
2 2 0
2 1 1
1 1 1
0 0 0
board #55 12
3 2 1
4 2 1
2 2 1
5 1 1
1 2 1
0 0 0
board #56 7
3 2 0
3 4 1
2 4 1
4 3 0
4 4 0
3 5 0
3 1 1
4 1 1
5 1 0
5 2 0
0 0 0
board #57 12
3 2 1
4 2 1
2 3 1
5 1 1
1 3 0
1 4 1
0 0 0
board #58 8
3 2 0
3 4 0
2 5 1
3 5 1
1 5 0
2 4 0
3 1 1
4 1 0
0 0 1
board #59 10
3 4 0
3 2 0
3 1 1
4 1 0
2 5 1
3 5 1
1 5 0
2 4 0
0 0 1
board #60 10
3 4 1
2 4 1
4 4 0
4 3 0
3 5 1
4 5 0
3 2 0
3 1 0
0 0 1
board #61 10
3 2 1
4 2 0
5 1 0
3 4 1
2 4 0
2 5 0
0 0 0
board #62 8
3 4 0
3 2 1
4 2 1
2 3 1
5 1 0
5 2 0
4 3 0
2 5 0
0 0 0
board #63 10
3 4 0
3 2 1
4 2 1
2 3 0
2 2 1
1 2 0
1 3 1
5 1 1
0 0 1
board #64 10
3 2 0
3 4 1
2 4 1
4 3 1
1 4 0
1 5 1
5 3 1
0 0 1
board #65 9
3 4 1
2 4 1
4 4 1
1 5 1
5 3 0
5 4 1
0 0 1
board #66 8
3 4 1
2 4 0
1 5 1
2 5 0
3 2 0
4 1 0
0 0 0
board #67 8
3 2 1
4 2 1
2 2 1
5 2 1
1 2 1
0 0 0
board #68 7
3 2 1
4 2 0
4 1 1
5 1 1
2 3 1
1 3 0
1 4 0
1 5 1
2 4 1
0 0 0
board #69 11
3 2 0
3 4 1
2 4 0
1 5 1
2 5 1
4 3 1
5 2 0
5 3 0
5 1 0
5 4 0
4 5 1
5 5 1
4 4 1
0 0 0
board #70 15
3 4 1
2 4 0
1 5 1
2 5 1
4 3 0
4 4 0
3 5 1
4 5 1
5 4 1
0 0 0
board #71 11
3 2 0
3 4 0
3 5 0
3 1 1
4 1 0
0 0 1
board #72 7
3 4 1
2 4 0
1 5 1
2 5 0
3 2 1
4 2 0
5 1 0
0 0 0
board #73 9
3 4 1
2 4 1
4 3 0
4 4 0
3 5 1
4 5 1
5 4 0
5 5 0
3 2 1
5 1 0
4 2 1
5 2 0
0 0 0
board #74 14
3 2 0
3 4 0
2 5 1
3 5 0
3 1 0
0 0 1
board #75 7
3 4 0
3 2 1
4 2 0
5 1 0
3 5 0
0 0 0
board #76 7
3 4 0
3 2 0
4 1 0
3 5 0
0 0 0
board #77 6
3 2 0
3 4 1
2 4 0
1 5 1
2 5 1
4 3 0
4 4 1
5 4 1
0 0 0
board #78 10
3 4 0
3 2 0
2 5 1
3 5 0
3 1 1
4 1 1
5 1 0
4 2 1
5 2 0
4 3 0
0 0 1
board #79 12
3 2 1
4 2 0
4 1 1
5 1 1
2 3 1
1 3 0
1 4 0
1 5 1
2 4 0
1 2 0
2 5 1
3 5 1
4 4 0
4 5 1
5 4 0
5 5 1
0 0 0
board #80 18
3 4 1
2 4 0
1 5 1
2 5 0
3 2 1
4 2 1
2 2 0
2 3 0
2 1 1
3 1 0
0 0 0
board #81 12
3 4 1
2 4 0
2 5 0
3 2 1
4 2 1
2 2 1
5 1 0
5 2 0
4 3 0
0 0 0
board #82 11
3 4 0
3 2 0
3 1 1
4 1 0
2 5 1
3 5 1
1 5 0
2 4 0
0 0 1
board #83 10
3 4 1
2 4 0
1 5 1
2 5 1
4 3 1
5 3 1
0 0 1
board #84 8
3 4 1
2 4 0
2 5 0
3 2 0
4 1 0
0 0 0
board #85 7
3 4 0
3 2 0
2 5 1
3 5 0
3 1 1
4 1 0
0 0 0
board #86 8
3 2 0
3 4 1
2 4 0
1 5 1
2 5 0
3 1 0
0 0 1
board #87 8
3 4 1
2 4 0
2 5 0
3 2 0
3 1 1
4 1 1
5 1 0
4 2 0
0 0 0
board #88 10
3 2 0
3 4 0
3 1 1
4 1 0
2 5 1
3 5 1
1 5 1
4 4 0
4 5 1
5 4 0
5 5 0
0 0 1
board #89 13
3 4 0
3 2 0
2 5 1
3 5 1
1 5 0
2 4 1
1 4 0
2 3 1
1 3 1
4 4 1
5 3 1
0 0 0
board #90 13
3 2 0
3 4 0
2 5 0
3 1 1
4 1 0
0 0 1
board #91 7
3 4 0
3 2 1
4 2 1
2 3 0
2 2 0
3 1 0
2 5 1
3 5 1
1 5 0
2 4 0
0 0 0
board #92 12
3 4 0
3 2 1
4 2 1
2 3 0
2 2 1
1 2 0
1 3 0
1 1 0
3 5 0
0 0 0
board #93 11
3 2 0
3 4 1
2 4 0
1 5 1
2 5 1
4 3 0
4 4 1
5 4 1
0 0 1
board #94 10
3 4 1
2 4 0
2 5 0
3 2 0
3 1 0
0 0 0
board #95 7
3 4 1
2 4 0
1 5 1
2 5 0
3 2 0
3 1 0
0 0 1
board #96 8
3 4 0
3 2 1
4 2 1
2 3 0
2 2 0
3 1 0
2 5 0
0 0 1
board #97 9
3 2 0
3 4 0
3 1 1
4 1 1
5 1 1
2 2 0
2 1 1
1 1 0
1 2 1
0 0 1
board #98 11
3 4 1
2 4 0
2 5 0
3 2 1
4 2 1
2 2 0
2 3 0
2 1 0
0 0 1
board #99 10
3 2 0
3 4 1
2 4 1
4 3 1
1 5 1
5 2 0
5 3 0
5 1 0
5 4 0
4 5 1
5 5 1
3 5 1
0 0 0
board #100 14
3 4 0
3 2 1
4 2 1
2 2 1
5 1 1
1 2 1
0 0 1
board #101 8
3 4 0
3 2 0
3 5 0
4 1 0
0 0 1
board #102 6
3 2 0
3 4 1
2 4 0
1 5 1
2 5 1
4 3 1
5 2 0
5 3 0
5 1 0
5 4 0
4 5 0
0 0 1
board #103 13
3 2 0
3 4 1
2 4 1
4 3 0
4 4 0
3 5 0
3 1 0
0 0 0
board #104 9
3 4 1
2 4 0
1 5 1
2 5 1
4 3 1
5 2 0
5 3 0
5 1 0
4 4 0
3 5 1
4 5 1
5 4 1
0 0 0
board #105 14
3 2 0
3 4 1
2 4 0
2 5 0
3 1 1
4 1 0
0 0 1
board #106 8
3 2 0
3 4 0
3 1 1
4 1 1
5 1 0
4 2 0
2 5 1
3 5 1
1 5 1
4 4 0
4 5 1
5 4 0
5 5 1
0 0 1
board #107 15
3 4 1
2 4 1
4 4 1
1 4 1
5 3 0
5 4 0
4 3 1
5 2 0
5 1 0
4 5 1
5 5 1
0 0 0
board #108 13
3 4 0
3 2 1
4 2 0
4 1 1
5 1 1
2 3 0
2 2 1
1 3 1
0 0 1
board #109 10
3 4 0
3 2 1
4 2 0
5 1 0
2 5 0
0 0 1
board #110 7
3 4 1
2 4 0
1 5 1
2 5 1
4 3 1
5 2 0
5 3 0
5 1 0
4 4 0
3 5 1
4 5 0
0 0 0
board #111 13
3 2 1
4 2 0
4 1 0
3 4 0
2 5 1
3 5 1
1 5 0
2 4 1
1 4 1
4 4 1
5 3 1
0 0 1
board #112 13
3 2 1
4 2 1
2 3 0
2 2 0
2 1 1
3 1 0
3 4 0
3 5 0
0 0 1
board #113 10
3 2 0
3 4 1
2 4 1
4 3 0
4 4 1
5 4 1
1 5 1
0 0 1
board #114 9
3 2 0
3 4 1
2 4 1
4 3 0
4 4 0
4 5 0
3 1 1
4 1 0
0 0 1
board #115 10
3 4 1
2 4 1
4 3 1
1 4 1
5 2 1
0 0 0
board #116 7
3 4 1
2 4 1
4 4 0
4 3 0
3 5 1
4 5 1
5 4 1
1 5 1
0 0 1
board #117 10
3 2 1
4 2 1
2 3 0
2 2 1
1 2 0
1 3 1
5 2 1
0 0 1
board #118 9
3 4 1
2 4 1
4 3 1
1 4 1
5 2 0
5 3 1
0 0 1
board #119 8
3 2 0
3 4 0
3 1 1
4 1 1
5 1 1
2 2 0
2 1 1
1 1 1
0 0 0
board #120 10
3 4 0
3 2 0
3 1 1
4 1 0
3 5 0
0 0 1
board #121 7
3 4 0
3 2 1
4 2 0
5 1 0
2 5 0
0 0 0
board #122 7
3 4 1
2 4 1
4 3 1
1 4 0
1 5 1
5 2 0
5 3 1
0 0 0
board #123 9
3 4 0
3 2 1
4 2 1
2 3 1
5 1 0
5 2 1
1 3 0
1 4 1
0 0 0
board #124 10
3 2 0
3 4 0
4 1 0
3 5 0
0 0 1
board #125 6
3 4 1
2 4 1
4 4 0
4 3 0
3 5 1
4 5 0
3 2 1
5 1 1
4 2 1
2 3 1
1 3 0
1 4 0
1 5 1
0 0 1
board #126 15
3 4 1
2 4 0
1 5 1
2 5 0
3 2 0
3 1 1
4 1 1
5 1 1
2 2 0
2 1 1
1 1 0
1 2 1
0 0 0
board #127 14
3 4 1
2 4 1
4 3 0
4 4 0
4 5 0
3 2 0
3 1 1
4 1 0
0 0 0
board #128 10
3 2 0
3 4 1
2 4 0
1 5 1
2 5 1
4 3 0
4 4 0
3 5 1
4 5 0
4 1 0
0 0 1
board #129 12
3 2 1
4 2 0
4 1 0
3 4 0
3 5 0
0 0 1
board #130 7
3 4 0
3 2 1
4 2 0
4 1 1
5 1 0
3 5 0
0 0 1
board #131 8
3 4 0
3 2 1
4 2 1
2 3 1
5 1 0
5 2 1
1 3 0
1 4 0
1 5 1
2 4 1
0 0 1
board #132 12
3 2 0
3 4 1
2 4 0
1 5 0
3 1 1
4 1 0
0 0 1
board #133 8
3 4 1
2 4 1
4 3 0
4 4 1
1 5 1
5 4 1
0 0 1
board #134 8
3 2 0
3 4 0
2 5 0
4 1 0
0 0 1
board #135 6
3 2 0
3 4 0
2 5 0
3 1 1
4 1 1
5 1 0
4 2 1
5 2 1
2 2 0
2 1 1
1 1 1
0 0 0
board #136 13
3 2 1
4 2 1
2 3 1
5 1 0
5 2 1
1 4 1
0 0 0
board #137 8
3 4 1
2 4 0
2 5 0
3 2 0
3 1 1
4 1 1
5 1 0
4 2 1
5 2 1
2 2 0
2 1 0
0 0 1
board #138 13
3 2 0
3 4 1
2 4 0
1 5 0
3 1 0
0 0 0
board #139 7
3 4 1
2 4 0
2 5 0
3 2 0
4 1 0
0 0 0
board #140 7
3 4 1
2 4 1
4 3 1
1 4 0
1 5 1
5 3 1
0 0 0
board #141 8
3 2 0
3 4 0
4 1 0
2 5 1
3 5 0
0 0 1
board #142 7
3 2 1
4 2 0
4 1 1
5 1 1
2 3 0
2 2 0
2 1 0
3 4 1
2 4 0
1 5 1
2 5 0
0 0 1
board #143 13
3 4 1
2 4 0
1 5 1
2 5 0
3 2 1
4 2 0
4 1 0
0 0 0
board #144 9
3 4 0
3 2 0
2 5 0
3 1 1
4 1 0
0 0 1
board #145 7
3 4 1
2 4 1
4 3 0
4 4 1
5 3 0
5 4 0
4 5 0
3 2 0
3 1 1
4 1 0
0 0 0
board #146 12
3 4 0
3 2 1
4 2 0
5 1 0
2 5 0
0 0 0
board #147 7
3 2 1
4 2 0
4 1 0
3 4 0
2 5 1
3 5 1
1 5 0
2 4 1
1 4 1
4 4 0
4 5 0
0 0 0
board #148 13
3 2 0
3 4 0
2 5 1
3 5 0
3 1 0
0 0 0
board #149 7
3 4 0
3 2 0
3 1 1
4 1 0
2 5 0
0 0 0
board #150 7
3 2 0
3 4 1
2 4 1
4 3 0
4 4 0
3 5 1
4 5 1
5 4 0
5 5 1
1 5 1
0 0 0
board #151 12
3 4 0
3 2 1
4 2 1
2 3 0
2 2 0
2 1 1
3 1 0
2 5 0
0 0 0
board #152 10
3 2 0
3 4 1
2 4 1
4 3 0
4 4 1
5 3 0
5 4 0
4 5 1
5 5 1
1 5 1
0 0 1
board #153 12
3 2 0
3 4 0
2 5 0
3 1 0
0 0 1
board #154 6
3 4 1
2 4 1
4 3 0
4 4 1
1 5 1
5 4 1
0 0 1
board #155 8
3 2 0
3 4 1
2 4 1
4 3 1
1 4 1
5 3 1
0 0 0
board #156 8
3 4 0
3 2 0
3 1 1
4 1 1
5 1 0
4 2 0
2 5 1
3 5 1
1 5 0
2 4 0
0 0 0
board #157 12
3 4 1
2 4 1
4 3 0
4 4 0
3 5 0
3 2 1
5 1 1
4 2 1
2 3 1
1 5 1
0 0 0
board #158 12
3 4 0
3 2 1
4 2 1
2 3 1
5 1 0
5 2 1
1 3 0
1 4 0
1 5 1
2 4 1
0 0 1
board #159 12
3 2 1
4 2 0
4 1 1
5 1 1
2 3 1
1 3 1
0 0 0
board #160 8
3 2 0
3 4 1
2 4 1
4 3 1
1 4 0
1 5 1
5 2 1
0 0 1
board #161 9
3 2 1
4 2 1
2 3 1
5 1 0
5 2 0
4 3 1
5 3 1
1 3 0
1 4 0
1 5 1
2 4 1
0 0 0
board #162 13
3 4 1
2 4 1
4 3 1
1 4 1
5 2 0
5 3 1
0 0 0
board #163 8
3 4 0
3 2 1
4 2 1
2 3 1
5 1 1
1 4 1
0 0 1
board #164 8
3 4 1
2 4 1
4 3 1
1 4 1
5 2 0
5 3 1
0 0 0
board #165 8
3 4 1
2 4 1
4 3 1
1 5 1
5 3 1
0 0 1
board #166 7
3 4 1
2 4 0
1 5 1
2 5 1
4 3 1
5 2 1
0 0 1
board #167 8
3 2 1
4 2 1
2 3 0
2 2 1
5 1 0
5 2 0
4 3 1
5 3 0
4 4 0
3 5 1
4 5 0
0 0 0
board #168 13
3 4 0
3 2 0
2 5 0
3 1 1
4 1 1
5 1 0
4 2 0
0 0 1
board #169 9
3 4 0
3 2 0
2 5 1
3 5 1
1 5 0
2 4 1
1 4 0
2 3 1
1 3 1
4 4 1
5 3 0
5 4 0
4 3 0
4 5 0
3 1 1
4 1 0
0 0 1
board #170 18
3 2 1
4 2 1
2 3 1
5 1 0
5 2 0
4 3 0
4 4 0
3 5 1
4 5 1
2 5 0
3 4 0
0 0 0
board #171 13
3 4 1
2 4 1
4 3 0
4 4 1
5 3 0
5 4 0
4 5 1
5 5 1
1 5 1
0 0 0
board #172 11
3 4 0
3 2 1
4 2 0
4 1 1
5 1 0
2 5 0
0 0 0
board #173 8
3 4 0
3 2 1
4 2 0
4 1 1
5 1 0
2 5 0
0 0 1
board #174 8
3 2 0
3 4 0
2 5 1
3 5 0
3 1 1
4 1 1
5 1 0
4 2 0
0 0 1
board #175 10
3 2 0
3 4 1
2 4 1
4 3 0
4 4 0
4 5 0
3 1 0
0 0 0
board #176 9
3 2 0
3 4 1
2 4 0
1 5 0
4 1 0
0 0 1
board #177 7
3 2 0
3 4 1
2 4 1
4 3 0
4 4 1
5 3 0
5 4 1
1 4 1
0 0 1
board #178 10
3 2 0
3 4 0
3 1 0
3 5 0
0 0 0
board #179 6
3 4 1
2 4 0
1 5 1
2 5 1
4 4 1
5 3 1
0 0 1
board #180 8
3 2 1
4 2 1
2 2 1
5 1 0
5 2 0
4 3 1
5 3 1
1 2 1
0 0 0
board #181 10
3 2 0
3 4 1
2 4 0
2 5 0
4 1 0
0 0 1
board #182 7
3 2 1
4 2 0
4 1 1
5 1 0
3 4 1
2 4 0
2 5 0
0 0 0
board #183 9
3 4 1
2 4 0
1 5 0
3 2 0
3 1 1
4 1 0
0 0 1
board #184 8
3 2 0
3 4 1
2 4 1
4 3 1
1 4 0
1 5 1
5 2 0
5 3 0
5 1 1
4 2 1
0 0 1
board #185 12
3 2 1
4 2 0
5 1 0
3 4 1
2 4 0
1 5 1
2 5 1
4 4 1
5 3 1
0 0 1
board #186 11
3 4 1
2 4 0
1 5 0
3 2 0
4 1 0
0 0 0
board #187 7
3 2 1
4 2 1
2 3 0
2 2 0
2 1 0
3 4 0
2 5 0
0 0 0
board #188 9
3 2 1
4 2 0
4 1 1
5 1 1
2 3 0
2 2 0
2 1 1
3 1 0
3 4 0
2 5 1
3 5 0
0 0 0
board #189 13
3 2 0
3 4 0
2 5 1
3 5 1
1 5 0
2 4 0
3 1 1
4 1 0
0 0 1
board #190 10
3 2 0
3 4 0
3 5 0
4 1 0
0 0 0
board #191 6
3 4 0
3 2 0
2 5 1
3 5 0
3 1 0
0 0 1
board #192 7
3 4 1
2 4 0
2 5 0
3 2 1
4 2 0
4 1 1
5 1 1
2 2 0
2 3 0
2 1 0
0 0 0
board #193 12
3 2 0
3 4 0
3 1 1
4 1 1
5 1 1
2 2 0
2 1 1
1 1 0
1 2 0
3 5 0
0 0 1
board #194 12
3 4 1
2 4 1
4 3 1
1 4 0
1 5 0
2 3 1
1 3 0
2 2 0
2 1 1
3 1 0
0 0 0
board #195 12
3 4 0
3 2 1
4 2 0
5 1 0
2 5 0
0 0 1
board #196 7
3 2 1
4 2 0
5 1 0
3 4 1
2 4 1
4 3 1
1 4 0
1 5 0
2 3 0
0 0 0
board #197 11
3 2 1
4 2 0
5 1 0
3 4 1
2 4 0
1 5 1
2 5 1
4 4 0
4 3 0
4 5 0
0 0 1
board #198 12
3 4 0
3 2 1
4 2 0
4 1 1
5 1 1
2 3 1
1 3 0
1 4 1
0 0 1
board #199 10
3 4 1
2 4 1
4 3 1
1 4 0
1 5 1
5 3 1
0 0 0
board #200 8
3 4 0
3 2 1
4 2 0
4 1 0
3 5 0
0 0 0
board #201 7
3 2 1
4 2 0
5 1 0
3 4 0
3 5 0
0 0 1
board #202 7
3 2 1
4 2 0
4 1 1
5 1 0
3 4 1
2 4 0
2 5 0
0 0 1
board #203 9
3 4 0
3 2 0
2 5 1
3 5 1
1 5 1
4 4 0
4 5 1
5 5 1
0 0 0
board #204 10
3 2 1
4 2 0
4 1 1
5 1 1
2 2 1
1 3 1
0 0 0
board #205 8
3 2 1
4 2 1
2 3 0
2 2 1
5 1 0
5 2 0
4 3 0
4 4 1
1 5 1
2 5 1
3 4 1
5 3 1
0 0 0
board #206 14
3 4 1
2 4 0
1 5 0
3 2 0
3 1 1
4 1 1
5 1 0
4 2 0
0 0 1
board #207 10
3 4 1
2 4 1
4 3 0
4 4 1
5 3 0
5 4 0
4 5 1
5 5 1
1 4 1
0 0 0
board #208 11
3 4 0
3 2 0
3 5 0
4 1 0
0 0 1
board #209 6
3 4 1
2 4 0
1 5 1
2 5 1
4 3 1
5 2 0
5 3 1
0 0 0
board #210 9
3 4 0
3 2 1
4 2 0
4 1 1
5 1 1
2 3 1
1 4 1
0 0 1
board #211 9
3 4 0
3 2 0
3 5 0
3 1 0
0 0 0
board #212 6
3 4 1
2 4 1
4 3 0
4 4 0
3 5 1
4 5 1
5 4 1
1 4 0
1 5 0
2 3 1
1 3 1
0 0 0
board #213 13
3 4 0
3 2 0
2 5 1
3 5 0
3 1 1
4 1 0
0 0 0
board #214 8
3 4 0
3 2 0
2 5 1
3 5 1
1 5 1
4 4 1
5 4 1
0 0 1
board #215 9
3 4 1
2 4 0
1 5 1
2 5 1
4 3 0
4 4 1
5 3 0
5 4 1
0 0 0
board #216 10
3 2 0
3 4 0
3 1 1
4 1 0
2 5 1
3 5 0
0 0 0
board #217 8
3 4 1
2 4 0
1 5 1
2 5 0
3 2 0
3 1 1
4 1 0
0 0 1
board #218 9
3 2 0
3 4 0
2 5 1
3 5 1
1 5 0
2 4 1
1 4 0
2 3 0
3 1 0
0 0 1
board #219 11
3 4 0
3 2 0
2 5 1
3 5 0
4 1 0
0 0 1
board #220 7
3 2 1
4 2 0
4 1 1
5 1 1
2 2 0
2 3 0
2 1 1
3 1 0
3 4 1
2 4 0
1 5 1
2 5 1
4 4 1
5 3 1
0 0 1
board #221 16
3 4 0
3 2 1
4 2 0
4 1 1
5 1 1
2 3 1
1 4 1
0 0 0
board #222 9
3 4 0
3 2 1
4 2 0
4 1 1
5 1 0
2 5 0
0 0 0
board #223 8
3 2 0
3 4 0
2 5 1
3 5 1
1 5 1
4 4 0
4 5 1
5 4 1
0 0 1
board #224 10
3 4 1
2 4 1
4 3 1
1 4 0
1 5 0
2 3 1
1 3 0
2 2 1
1 2 1
5 2 0
5 3 1
0 0 0
board #225 13
3 2 1
4 2 1
2 3 0
2 2 0
2 1 0
3 4 0
3 5 0
0 0 1
board #226 9
3 2 1
4 2 1
2 3 0
2 2 0
2 1 1
3 1 0
3 4 1
1 5 1
2 4 0
2 5 0
0 0 0
board #227 12
3 4 1
2 4 1
4 4 1
1 4 0
1 5 0
2 3 0
2 2 0
2 1 0
0 0 0
board #228 10
3 2 1
4 2 1
2 3 0
2 2 1
1 2 0
1 3 0
1 1 1
2 1 1
5 1 1
0 0 0
board #229 11
3 2 0
3 4 1
2 4 1
4 3 1
1 5 1
5 2 1
0 0 1
board #230 8
3 2 1
4 2 1
2 2 0
2 3 0
2 1 1
3 1 1
1 1 0
1 2 1
5 2 1
0 0 0
board #231 11
3 4 0
3 2 1
4 2 1
2 3 1
5 1 0
5 2 1
1 4 1
0 0 1
board #232 9
3 2 0
3 4 0
2 5 1
3 5 1
1 5 1
4 4 0
4 5 0
3 1 1
4 1 0
0 0 0
board #233 11
3 2 0
3 4 0
3 1 0
3 5 0
0 0 1
board #234 6
3 4 1
2 4 1
4 3 1
1 5 1
5 2 0
5 3 1
0 0 1
board #235 8
3 4 0
3 2 0
3 1 1
4 1 0
2 5 0
0 0 0
board #236 7
3 4 1
2 4 1
4 3 1
1 5 1
5 2 0
5 3 0
5 1 0
4 4 1
5 4 1
0 0 1
board #237 11
3 4 0
3 2 0
3 5 0
3 1 0
0 0 0
board #238 6
3 2 0
3 4 0
3 1 1
4 1 0
3 5 0
0 0 1
board #239 7
3 2 0
3 4 0
4 1 0
2 5 1
3 5 0
0 0 1
board #240 7
3 2 1
4 2 1
2 2 0
2 3 0
2 1 1
3 1 0
3 4 0
2 5 0
0 0 1
board #241 10
3 4 0
3 2 1
4 2 1
2 3 0
2 2 1
1 3 1
5 1 1
0 0 0
board #242 9
3 4 1
2 4 1
4 3 1
1 4 1
5 3 1
0 0 1
board #243 7
3 2 0
3 4 1
2 4 1
4 4 1
1 4 0
1 5 0
2 3 0
3 1 1
4 1 0
0 0 0
board #244 11
3 4 0
3 2 0
2 5 1
3 5 0
3 1 1
4 1 1
5 1 1
2 2 0
2 1 1
1 2 1
0 0 0
board #245 12
3 2 1
4 2 0
4 1 1
5 1 0
3 4 0
3 5 0
0 0 0
board #246 8
3 2 1
4 2 0
4 1 0
3 4 1
2 4 1
4 4 1
1 4 1
5 3 0
5 4 1
0 0 0
board #247 11
3 4 1
2 4 0
1 5 1
2 5 1
4 3 1
5 2 0
5 3 0
5 1 0
5 4 1
4 4 1
0 0 0
board #248 12
3 4 1
2 4 1
4 4 0
4 3 1
1 4 0
1 5 1
5 3 1
0 0 0
board #249 9
3 4 0
3 2 1
4 2 1
2 3 1
5 1 1
1 3 1
0 0 0
board #250 8
3 4 1
2 4 0
1 5 0
3 2 0
3 1 1
4 1 0
0 0 0
board #251 8
3 4 0
3 2 0
2 5 1
3 5 1
1 5 1
4 4 1
5 3 0
5 4 0
4 3 0
4 5 0
4 1 0
0 0 1
board #252 13
3 2 0
3 4 0
2 5 0
3 1 0
0 0 1
board #253 6
3 2 0
3 4 0
3 1 1
4 1 0
2 5 1
3 5 1
1 5 0
2 4 0
0 0 0
board #254 10
3 4 1
2 4 1
4 3 1
1 4 0
1 5 1
5 3 1
0 0 1
board #255 8
3 2 0
3 4 1
2 4 1
4 3 0
4 4 0
4 5 0
4 1 0
0 0 0
board #256 9
3 2 1
4 2 0
5 1 0
3 4 0
2 5 1
3 5 0
0 0 1
board #257 8
3 2 1
4 2 1
2 3 1
5 1 1
1 4 1
0 0 0
board #258 7
3 4 1
2 4 0
1 5 0
3 2 1
4 2 0
4 1 0
0 0 1
board #259 8
3 2 0
3 4 0
3 1 0
2 5 0
0 0 0
board #260 6
3 4 0
3 2 1
4 2 0
4 1 0
3 5 0
0 0 1
board #261 7
3 2 1
4 2 1
2 2 0
2 3 1
1 4 1
5 1 0
5 2 1
0 0 1
board #262 9
3 2 0
3 4 1
2 4 0
1 5 1
2 5 1
4 3 1
5 2 0
5 3 1
0 0 0
board #263 10
3 4 1
2 4 1
4 3 1
1 4 1
5 2 1
0 0 0
board #264 7
3 4 1
2 4 0
1 5 1
2 5 1
4 3 1
5 2 0
5 3 1
0 0 0
board #265 9
3 4 1
2 4 1
4 3 0
4 4 1
1 4 1
5 3 0
5 4 1
0 0 0
board #266 9
3 2 1
4 2 0
5 1 0
3 4 1
2 4 0
1 5 0
0 0 1
board #267 8
3 4 1
2 4 0
1 5 0
3 2 1
4 2 1
2 2 0
2 3 1
1 3 0
1 4 1
5 1 0
5 2 0
4 3 0
0 0 1
board #268 14
3 2 0
3 4 1
2 4 1
4 3 0
4 4 0
3 5 1
4 5 0
3 1 0
0 0 0
board #269 10
3 2 0
3 4 1
2 4 1
4 3 1
1 4 0
1 5 0
2 3 1
1 3 0
2 2 0
4 1 0
0 0 1
board #270 12
3 2 0
3 4 0
2 5 1
3 5 1
1 5 0
2 4 0
4 1 0
0 0 1
board #271 9
3 4 0
3 2 1
4 2 1
2 3 1
5 1 0
5 2 0
4 3 1
5 3 1
1 3 0
1 4 1
0 0 1
board #272 12
3 4 0
3 2 1
4 2 0
4 1 1
5 1 1
2 3 0
2 2 0
3 1 0
2 5 1
3 5 1
1 5 1
4 4 1
5 3 0
5 4 0
5 2 0
4 5 1
5 5 1
0 0 1
board #273 19
3 4 0
3 2 1
4 2 1
2 3 1
5 1 0
5 2 0
4 3 1
5 3 0
4 4 1
5 4 0
5 5 0
0 0 0
board #274 13
3 4 0
3 2 0
2 5 1
3 5 1
1 5 0
2 4 1
1 4 0
2 3 0
3 1 1
4 1 0
0 0 0
board #275 12
3 4 0
3 2 1
4 2 0
4 1 1
5 1 1
2 3 1
1 3 0
1 4 0
1 5 1
2 4 0
1 2 1
2 2 1
0 0 1
board #276 14
3 4 0
3 2 0
3 1 0
3 5 0
0 0 0
board #277 6
3 4 1
2 4 0
2 5 0
3 2 1
4 2 0
4 1 1
5 1 0
0 0 1
board #278 9
3 4 0
3 2 0
2 5 0
3 1 1
4 1 1
5 1 0
4 2 1
5 2 1
2 2 1
1 3 1
0 0 0
board #279 12
3 2 0
3 4 0
2 5 1
3 5 1
1 5 1
4 4 1
5 4 1
0 0 1
board #280 9
3 2 1
4 2 1
2 3 1
5 1 1
1 3 0
1 4 0
1 5 0
2 2 0
2 1 1
3 1 0
0 0 0
board #281 12
3 4 1
2 4 0
2 5 0
3 2 1
4 2 1
2 2 0
2 3 1
1 4 1
5 1 1
0 0 0
board #282 11
3 2 1
4 2 1
2 2 1
5 1 1
1 2 0
1 3 0
2 3 0
1 1 0
3 4 0
3 5 0
0 0 1
board #283 12
3 2 0
3 4 1
2 4 0
1 5 0
4 1 0
0 0 0
board #284 7
3 2 1
4 2 1
2 3 1
5 1 1
1 3 1
0 0 0
board #285 7
3 2 1
4 2 1
2 3 1
5 1 0
5 2 1
1 3 1
0 0 0
board #286 8
3 2 0
3 4 0
2 5 1
3 5 0
3 1 1
4 1 1
5 1 0
4 2 0
0 0 1
board #287 10
3 2 0
3 4 0
4 1 0
2 5 1
3 5 0
0 0 0
board #288 7
3 2 1
4 2 0
4 1 0
3 4 0
2 5 1
3 5 1
1 5 1
4 4 0
4 5 0
0 0 1
board #289 11
3 2 1
4 2 0
4 1 0
3 4 1
2 4 0
1 5 1
2 5 1
4 4 0
4 3 0
3 5 1
4 5 0
0 0 1
board #290 13
3 4 0
3 2 1
4 2 0
4 1 1
5 1 0
3 5 0
0 0 1
board #291 8
3 4 0
3 2 0
4 1 0
2 5 0
0 0 0
board #292 6
3 2 0
3 4 0
3 1 1
4 1 0
2 5 0
0 0 1
board #293 7
3 2 1
4 2 0
4 1 0
3 4 1
2 4 1
4 3 1
1 4 0
1 5 0
2 3 1
1 3 0
2 2 0
2 1 0
0 0 1
board #294 14
3 2 0
3 4 1
2 4 0
1 5 1
2 5 0
3 1 1
4 1 1
5 1 1
2 2 1
1 2 0
1 3 1
0 0 1
board #295 13
3 2 0
3 4 0
2 5 1
3 5 1
1 5 0
2 4 1
1 4 1
4 4 0
4 5 1
5 4 0
5 5 0
3 1 1
4 1 0
0 0 0
board #296 15
3 4 0
3 2 0
3 1 0
3 5 0
0 0 0
board #297 6
3 4 0
3 2 1
4 2 0
5 1 0
2 5 0
0 0 0
board #298 7
3 4 1
2 4 1
4 4 1
1 5 1
5 3 0
5 4 1
0 0 0
board #299 8
3 2 0
3 4 0
3 5 0
4 1 0
0 0 1
board #300 6
3 2 1
4 2 1
2 3 1
5 1 1
1 3 1
0 0 0
board #301 7
3 4 0
3 2 1
4 2 1
2 3 1
5 1 0
5 2 0
4 3 0
3 5 0
0 0 0
board #302 10
3 4 1
2 4 1
4 4 1
1 4 0
1 5 0
2 3 0
2 2 0
3 1 0
0 0 0
board #303 10
3 2 0
3 4 0
3 1 1
4 1 1
5 1 1
2 2 0
2 1 1
1 1 1
0 0 1
board #304 10
3 4 0
3 2 0
3 1 0
2 5 1
3 5 0
0 0 0
board #305 7
3 2 0
3 4 0
2 5 1
3 5 1
1 5 0
2 4 0
4 1 0
0 0 0
board #306 9
3 2 0
3 4 0
3 1 1
4 1 1
5 1 1
2 2 0
2 1 0
2 5 1
3 5 1
1 5 0
2 4 0
0 0 1
board #307 13
3 4 1
2 4 0
1 5 1
2 5 0
3 2 0
4 1 0
0 0 1
board #308 8
3 4 1
2 4 1
4 3 1
1 4 1
5 2 1
0 0 1
board #309 7
3 4 1
2 4 0
1 5 0
3 2 0
3 1 0
0 0 1
board #310 7
3 4 1
2 4 1
4 3 0
4 4 1
5 4 1
1 4 0
1 5 1
0 0 0
board #311 9
3 4 1
2 4 0
1 5 1
2 5 1
4 3 0
4 4 0
3 5 1
4 5 1
5 4 0
5 5 1
0 0 0
board #312 12
3 4 1
2 4 1
4 3 1
1 4 0
1 5 1
5 2 0
5 3 0
5 1 0
5 4 0
4 5 1
5 5 0
0 0 1
board #313 13
3 4 1
2 4 1
4 4 0
4 3 0
4 5 0
3 2 1
5 1 1
4 1 0
4 2 1
2 3 1
1 3 0
1 4 1
0 0 0
board #314 14
3 2 0
3 4 1
2 4 1
4 3 0
4 4 1
5 3 0
5 4 1
1 4 0
1 5 1
0 0 1
board #315 11
3 4 1
2 4 1
4 4 1
1 4 1
5 3 0
5 4 0
4 3 1
5 2 0
5 1 1
4 2 0
4 1 1
3 2 0
3 1 1
2 2 0
2 1 0
5 5 0
0 0 0
board #316 18
3 2 1
4 2 1
2 3 0
2 2 0
2 1 1
3 1 0
3 4 0
2 5 0
0 0 0
board #317 10
3 4 0
3 2 1
4 2 1
2 3 0
2 2 0
2 1 1
3 1 0
2 5 1
3 5 1
1 5 1
4 4 1
5 3 0
5 4 0
4 3 0
5 5 0
0 0 1
board #318 17
3 2 1
4 2 1
2 3 0
2 2 1
1 2 1
5 1 1
0 0 1
board #319 8
3 4 1
2 4 1
4 4 0
4 3 0
3 5 1
4 5 1
5 5 1
1 4 0
1 5 0
2 3 0
2 2 0
3 1 0
0 0 1
board #320 14
3 2 0
3 4 0
3 1 0
2 5 0
0 0 1
board #321 6
3 4 0
3 2 0
3 1 1
4 1 1
5 1 1
2 2 0
2 1 1
1 2 1
0 0 0
board #322 10
3 4 0
3 2 0
4 1 0
2 5 0
0 0 1
board #323 6
3 2 0
3 4 0
2 5 1
3 5 1
1 5 1
4 4 1
5 3 0
5 4 0
4 3 0
4 5 1
5 5 1
0 0 1
board #324 13
3 2 0
3 4 1
2 4 1
4 3 1
1 4 1
5 2 0
5 3 0
5 1 1
4 2 0
4 4 0
3 5 1
4 5 0
3 1 1
4 1 0
0 0 0
board #325 16
3 2 0
3 4 1
2 4 0
1 5 1
2 5 0
3 1 0
0 0 0
board #326 8
3 2 1
4 2 1
2 3 1
5 1 1
1 3 0
1 4 0
1 5 1
2 4 1
0 0 0
board #327 10
3 2 0
3 4 0
2 5 1
3 5 0
3 1 0
0 0 1
board #328 7
3 2 0
3 4 1
2 4 1
4 3 0
4 4 0
3 5 1
4 5 0
3 1 1
4 1 0
0 0 0
board #329 11
3 4 0
3 2 1
4 2 0
4 1 1
5 1 0
2 5 1
3 5 0
0 0 1
board #330 9
3 4 1
2 4 0
1 5 1
2 5 0
3 2 0
3 1 0
0 0 0
board #331 8
3 2 0
3 4 1
2 4 0
1 5 1
2 5 1
4 3 0
4 4 1
5 4 1
0 0 0
board #332 10
3 4 1
2 4 1
4 3 0
4 4 1
1 5 1
5 4 1
0 0 1
board #333 8
3 2 0
3 4 0
3 1 1
4 1 0
2 5 1
3 5 0
0 0 1
board #334 8
3 4 1
2 4 1
4 3 1
1 4 0
1 5 1
5 3 1
0 0 1
board #335 8
3 2 1
4 2 1
2 3 0
2 2 0
2 1 0
3 4 0
2 5 0
0 0 0
board #336 9
3 4 1
2 4 1
4 3 1
1 4 0
1 5 1
5 2 1
0 0 0
board #337 8
3 2 0
3 4 0
3 1 1
4 1 1
5 1 0
4 2 1
5 2 1
2 2 1
1 2 0
1 3 1
0 0 1
board #338 12
3 2 0
3 4 1
2 4 0
1 5 1
2 5 0
4 1 0
0 0 1
board #339 8
3 4 1
2 4 1
4 3 0
4 4 1
5 4 1
1 4 1
0 0 0
board #340 8
3 2 1
4 2 0
4 1 0
3 4 0
2 5 1
3 5 1
1 5 0
2 4 0
0 0 1
board #341 10
3 2 0
3 4 0
4 1 0
3 5 0
0 0 1
board #342 6
3 4 0
3 2 0
2 5 1
3 5 0
3 1 1
4 1 0
0 0 1
board #343 8
3 2 1
4 2 0
4 1 1
5 1 0
3 4 0
2 5 1
3 5 1
1 5 1
4 4 1
5 4 1
0 0 1
board #344 12
3 4 1
2 4 0
1 5 1
2 5 0
3 2 1
4 2 1
2 2 0
2 3 1
1 4 1
5 1 0
5 2 0
4 3 1
5 3 0
5 4 1
4 4 0
4 5 0
0 0 0
board #345 18
3 2 0
3 4 1
2 4 0
1 5 1
2 5 0
3 1 0
0 0 1
board #346 8
3 4 1
2 4 1
4 4 1
1 4 0
1 5 1
5 4 1
0 0 1
board #347 8
3 4 1
2 4 0
1 5 1
2 5 0
3 2 1
4 2 1
2 2 1
5 1 0
5 2 0
4 3 0
0 0 0
board #348 12
3 2 1
4 2 1
2 2 0
2 3 0
2 1 1
3 1 1
1 1 1
5 1 1
0 0 0
board #349 10
3 2 1
4 2 1
2 3 0
2 2 0
2 1 1
3 1 1
1 1 1
5 2 1
0 0 1
board #350 10
3 4 0
3 2 1
4 2 0
5 1 0
2 5 1
3 5 1
1 5 0
2 4 1
1 4 1
4 4 1
5 3 0
5 4 1
0 0 0
board #351 14
3 4 1
2 4 0
1 5 1
2 5 1
4 3 1
5 2 1
0 0 0
board #352 8
3 4 1
2 4 0
1 5 0
3 2 1
4 2 1
2 2 1
5 1 1
1 2 0
1 3 0
1 4 1
2 3 1
0 0 1
board #353 13
3 2 0
3 4 0
2 5 0
3 1 1
4 1 1
5 1 1
2 2 0
2 1 0
0 0 1
board #354 10
3 4 0
3 2 0
3 5 0
3 1 0
0 0 0
board #355 6
3 2 0
3 4 1
2 4 0
1 5 1
2 5 1
4 4 1
5 3 0
5 4 1
0 0 0
board #356 10
3 4 1
2 4 1
4 4 0
4 3 0
3 5 1
4 5 1
5 5 1
1 5 1
0 0 0
board #357 10
3 2 0
3 4 1
2 4 0
1 5 0
3 1 0
0 0 1
board #358 7
3 2 0
3 4 0
2 5 0
3 1 0
0 0 1
board #359 6
3 4 1
2 4 1
4 3 0
4 4 1
5 3 1
1 5 1
0 0 0
board #360 8
3 4 1
2 4 1
4 3 1
1 4 0
1 5 0
2 3 0
2 2 1
3 2 0
4 1 0
0 0 0
board #361 11
3 2 1
4 2 1
2 2 1
5 2 1
1 3 1
0 0 0
board #362 7
3 2 0
3 4 0
4 1 0
2 5 1
3 5 1
1 5 0
2 4 1
1 4 1
4 4 1
5 3 1
0 0 1
board #363 12
3 2 1
4 2 0
4 1 1
5 1 1
2 3 0
2 2 0
2 1 1
3 1 0
3 4 0
2 5 1
3 5 0
0 0 0
board #364 13
3 2 1
4 2 1
2 3 0
2 2 0
3 4 1
1 5 0
1 4 1
2 4 1
4 3 0
4 4 1
5 4 1
0 0 1
board #365 13
3 2 0
3 4 0
2 5 0
4 1 0
0 0 1
board #366 6
3 4 1
2 4 1
4 3 0
4 4 1
5 4 1
1 4 0
1 5 1
0 0 0
board #367 9
3 2 0
3 4 1
2 4 1
4 3 1
1 5 1
5 3 1
0 0 0
board #368 8
3 2 0
3 4 0
3 1 0
2 5 1
3 5 1
1 5 0
2 4 0
0 0 0
board #369 9
3 2 1
4 2 1
2 3 0
2 2 0
2 1 1
3 1 0
3 4 1
2 4 0
1 5 1
2 5 1
4 3 1
5 1 0
5 2 0
5 3 0
4 4 0
3 5 1
4 5 0
0 0 0
board #370 19
3 2 1
4 2 1
2 3 1
5 1 0
5 2 0
4 3 0
4 4 0
3 5 0
0 0 1
board #371 10
3 4 1
2 4 1
4 3 1
1 4 0
1 5 1
5 2 1
0 0 0
board #372 8
3 2 0
3 4 1
2 4 0
2 5 0
3 1 1
4 1 0
0 0 1
board #373 8
3 4 1
2 4 1
4 3 0
4 4 0
3 5 1
4 5 1
5 5 1
1 4 1
0 0 1
board #374 10
3 2 0
3 4 1
2 4 0
2 5 0
4 1 0
0 0 1
board #375 7
3 4 1
2 4 0
1 5 1
2 5 0
3 2 0
3 1 1
4 1 1
5 1 0
4 2 0
0 0 1
board #376 11
3 4 0
3 2 1
4 2 1
2 3 0
2 2 0
2 1 1
3 1 0
2 5 1
3 5 0
0 0 0
board #377 11
3 4 1
2 4 0
1 5 1
2 5 1
4 4 1
5 4 1
0 0 0
board #378 8
3 2 0
3 4 0
3 1 1
4 1 1
5 1 0
4 2 1
5 2 1
2 2 1
1 2 0
1 3 0
2 3 0
1 1 0
2 5 1
3 5 0
0 0 1
board #379 16
3 2 1
4 2 1
2 3 1
5 1 0
5 2 1
1 3 0
1 4 1
0 0 1
board #380 9
3 4 0
3 2 1
4 2 1
2 3 1
5 1 0
5 2 0
4 3 1
5 3 0
4 4 0
2 5 0
0 0 0
board #381 12
3 4 0
3 2 0
2 5 1
3 5 1
1 5 0
2 4 0
3 1 1
4 1 0
0 0 1
board #382 10
3 4 1
2 4 1
4 3 0
4 4 0
3 5 1
4 5 1
5 5 1
1 4 0
1 5 0
2 3 0
2 2 0
2 1 1
3 1 0
0 0 1
board #383 15
3 4 0
3 2 1
4 2 0
4 1 0
3 5 0
0 0 1
board #384 7
3 2 1
4 2 0
4 1 1
5 1 1
2 3 0
2 2 1
1 3 1
0 0 1
board #385 9
3 4 0
3 2 0
3 5 0
3 1 1
4 1 0
0 0 1
board #386 7
3 4 1
2 4 1
4 4 0
4 3 0
3 5 0
3 2 1
5 1 0
5 2 0
0 0 0
board #387 10
3 2 1
4 2 1
2 3 1
5 1 1
1 3 0
1 4 1
0 0 0
board #388 8
3 2 0
3 4 0
2 5 1
3 5 1
1 5 0
2 4 0
3 1 0
0 0 0
board #389 9
3 4 1
2 4 0
1 5 1
2 5 0
3 2 0
4 1 0
0 0 1
board #390 8
3 4 1
2 4 1
4 3 1
1 4 1
5 3 1
0 0 1
board #391 7
3 2 0
3 4 1
2 4 0
2 5 0
4 1 0
0 0 0
board #392 7
3 2 1
4 2 0
4 1 1
5 1 0
3 4 0
2 5 1
3 5 1
1 5 0
2 4 1
1 4 1
4 4 1
5 3 0
5 4 1
0 0 0
board #393 15
3 4 0
3 2 1
4 2 1
2 3 0
2 2 1
1 2 0
1 3 0
1 1 0
3 5 0
0 0 0
board #394 11
3 4 0
3 2 1
4 2 1
2 3 1
5 1 0
5 2 0
4 3 0
3 5 0
0 0 1
board #395 10
3 2 0
3 4 0
4 1 0
2 5 0
0 0 1
board #396 6
3 4 0
3 2 1
4 2 1
2 3 0
2 2 1
1 2 0
1 3 0
1 1 1
2 1 1
5 1 0
5 2 0
4 3 0
3 5 0
0 0 1
board #397 15
3 4 0
3 2 0
2 5 0
3 1 0
0 0 1
board #398 6
3 2 0
3 4 1
2 4 0
1 5 1
2 5 0
4 1 0
0 0 0
board #399 8
3 2 0
3 4 0
4 1 0
3 5 0
0 0 1
board #400 6
3 2 0
3 4 0
4 1 0
2 5 1
3 5 0
0 0 1
board #401 7
3 2 1
4 2 0
4 1 1
5 1 0
3 4 1
2 4 0
1 5 1
2 5 1
4 4 0
4 3 0
3 5 1
4 5 1
5 4 1
0 0 1
board #402 15
3 4 0
3 2 1
4 2 1
2 3 0
2 2 0
3 1 0
2 5 1
3 5 0
0 0 1
board #403 10
3 2 1
4 2 0
4 1 1
5 1 0
3 4 1
2 4 0
1 5 1
2 5 0
0 0 0
board #404 10
3 2 1
4 2 0
5 1 0
3 4 1
2 4 1
4 4 0
4 3 1
5 2 0
5 3 1
1 4 0
1 5 0
2 3 0
0 0 1
board #405 14
3 2 1
4 2 1
2 3 1
5 2 1
1 4 1
0 0 0
board #406 7
3 4 1
2 4 1
4 3 1
1 4 0
1 5 0
2 3 0
2 2 1
3 2 1
4 2 0
4 1 0
0 0 1
board #407 12
3 4 0
3 2 0
2 5 1
3 5 0
4 1 0
0 0 1
board #408 7
3 2 0
3 4 1
2 4 0
2 5 0
3 1 0
0 0 1
board #409 7
3 4 1
2 4 1
4 3 1
1 4 1
5 2 1
0 0 1
board #410 7
3 2 0
3 4 0
3 1 0
2 5 0
0 0 1
board #411 6
3 2 0
3 4 0
3 1 1
4 1 1
5 1 0
4 2 1
5 2 1
2 2 0
2 1 1
1 2 1
0 0 1
board #412 12
3 4 0
3 2 1
4 2 1
2 3 0
2 2 0
3 1 0
2 5 1
3 5 1
1 5 1
4 4 1
5 3 0
5 4 1
0 0 1
board #413 14
3 4 0
3 2 1
4 2 1
2 3 1
5 1 1
1 3 1
0 0 0
board #414 8
3 4 1
2 4 0
2 5 0
3 2 1
4 2 0
5 1 0
0 0 1
board #415 8
3 2 1
4 2 1
2 3 0
2 2 0
2 1 1
3 1 0
1 5 0
1 4 1
2 4 1
3 4 1
4 3 1
5 1 0
5 3 1
0 0 1
board #416 15
3 4 1
2 4 0
1 5 0
3 2 0
3 1 0
0 0 1
board #417 7
3 4 0
3 2 0
2 5 1
3 5 1
1 5 1
4 4 0
4 5 1
5 4 0
5 5 1
0 0 0
board #418 11
3 2 1
4 2 1
2 2 0
2 3 1
1 3 0
1 4 0
1 5 1
2 4 0
2 5 1
3 4 1
4 3 0
4 4 0
3 5 1
4 5 1
5 4 0
5 5 1
0 0 1
board #419 18
3 4 0
3 2 1
4 2 1
2 3 0
2 2 1
1 2 0
1 3 1
5 2 1
0 0 0
board #420 10
3 4 0
3 2 1
4 2 0
5 1 0
2 5 1
3 5 0
0 0 0
board #421 8
3 2 0
3 4 1
2 4 0
2 5 0
3 1 0
0 0 1
board #422 7
3 4 0
3 2 0
3 1 0
2 5 1
3 5 1
1 5 0
2 4 0
0 0 1
board #423 9
3 4 1
2 4 0
1 5 0
3 2 0
3 1 1
4 1 0
0 0 0
board #424 8
3 2 1
4 2 1
2 3 1
5 1 0
5 2 1
1 3 0
1 4 0
1 5 1
2 4 0
1 2 0
2 5 1
3 4 0
3 5 1
4 4 0
4 5 0
2 1 0
0 0 1
board #425 18
3 2 1
4 2 1
2 3 0
2 2 1
5 1 1
1 3 1
0 0 1
board #426 8
3 2 1
4 2 1
2 2 1
5 1 0
5 2 1
1 2 0
1 3 1
0 0 1
board #427 9
3 2 0
3 4 1
2 4 1
4 3 0
4 4 0
3 5 0
4 1 0
0 0 0
board #428 9
3 2 1
4 2 0
5 1 0
3 4 0
3 5 0
0 0 1
board #429 7
3 4 1
2 4 0
2 5 0
3 2 1
4 2 1
2 2 0
2 3 1
1 3 0
1 4 0
2 1 0
0 0 1
board #430 12
3 4 1
2 4 0
2 5 0
3 2 0
3 1 1
4 1 1
5 1 0
4 2 1
5 2 1
2 2 1
1 3 1
0 0 1
board #431 13
3 4 1
2 4 1
4 4 0
4 3 1
5 2 1
1 5 1
0 0 0
board #432 8
3 2 1
4 2 0
4 1 0
3 4 0
3 5 0
0 0 1
board #433 7
3 4 0
3 2 0
3 1 1
4 1 0
2 5 0
0 0 1
board #434 7
3 2 1
4 2 1
2 3 1
5 1 0
5 2 1
1 4 1
0 0 0
board #435 8
3 2 1
4 2 0
4 1 1
5 1 1
2 3 0
2 2 0
3 1 0
3 4 0
3 5 0
0 0 0
board #436 11
3 4 0
3 2 0
3 1 1
4 1 0
2 5 1
3 5 0
0 0 0
board #437 8
3 2 0
3 4 0
3 1 1
4 1 0
3 5 0
0 0 0
board #438 7
3 4 1
2 4 0
2 5 0
3 2 0
3 1 1
4 1 0
0 0 1
board #439 8
3 2 0
3 4 0
3 1 0
3 5 0
0 0 1
board #440 6
3 2 0
3 4 1
2 4 1
4 3 1
1 4 0
1 5 0
2 3 1
1 3 1
5 2 0
5 3 1
0 0 0
board #441 12
3 4 1
2 4 1
4 3 0
4 4 1
5 4 1
1 5 1
0 0 1
board #442 8
3 4 0
3 2 1
4 2 1
2 3 0
2 2 0
2 1 1
3 1 0
2 5 0
0 0 1
board #443 10
3 2 1
4 2 0
4 1 1
5 1 1
2 3 1
1 3 0
1 4 0
1 5 1
2 4 0
1 2 1
2 2 0
2 1 1
3 1 0
2 5 0
0 0 1
board #444 16
3 4 0
3 2 1
4 2 1
2 3 0
2 2 0
2 1 0
3 5 0
0 0 0
board #445 9
3 4 1
2 4 1
4 3 1
1 4 0
1 5 1
5 2 1
0 0 0
board #446 8
3 2 1
4 2 1
2 3 1
5 2 1
1 4 1
0 0 1
board #447 7
3 2 0
3 4 1
2 4 1
4 3 1
1 4 0
1 5 1
5 3 1
0 0 0
board #448 9
3 2 0
3 4 1
2 4 1
4 3 0
4 4 1
5 3 0
5 4 1
1 5 1
0 0 1
board #449 10
3 2 0
3 4 0
3 5 0
4 1 0
0 0 0
board #450 6
3 2 1
4 2 0
5 1 0
3 4 1
2 4 0
1 5 0
0 0 0
board #451 8
3 2 1
4 2 0
4 1 1
5 1 0
3 4 1
2 4 1
4 4 0
4 3 0
3 5 0
0 0 0
board #452 11
3 4 0
3 2 0
2 5 1
3 5 0
3 1 1
4 1 1
5 1 0
4 2 0
0 0 1
board #453 10
3 4 0
3 2 0
2 5 1
3 5 1
1 5 1
4 4 0
4 5 1
5 4 0
5 5 0
3 1 1
4 1 0
0 0 0
board #454 13
3 2 1
4 2 1
2 2 0
2 3 1
1 3 0
1 4 1
5 1 0
5 2 0
4 3 0
2 4 0
1 5 1
2 5 0
0 0 1
board #455 14
3 4 0
3 2 1
4 2 0
4 1 1
5 1 0
2 5 0
0 0 1
board #456 8
3 4 1
2 4 1
4 3 0
4 4 0
3 5 1
4 5 0
3 2 1
5 1 0
4 2 1
5 2 0
0 0 0
board #457 12
3 2 1
4 2 0
4 1 0
3 4 1
2 4 0
2 5 0
0 0 1
board #458 8
3 4 0
3 2 1
4 2 1
2 3 1
5 2 1
1 3 1
0 0 0
board #459 8
3 2 1
4 2 1
2 3 0
2 2 0
2 1 0
3 4 0
3 5 0
0 0 0
board #460 9
3 4 0
3 2 1
4 2 0
4 1 1
5 1 1
2 3 1
1 3 0
1 4 0
1 5 0
1 2 0
2 1 0
0 0 0
board #461 13
3 2 0
3 4 1
2 4 1
4 3 0
4 4 1
5 3 0
5 4 0
4 5 1
5 5 0
3 1 0
0 0 1
board #462 12
3 4 0
3 2 0
3 1 1
4 1 0
2 5 0
0 0 1
board #463 7
3 2 0
3 4 0
2 5 1
3 5 0
3 1 1
4 1 1
5 1 0
4 2 1
5 2 0
4 3 0
0 0 0
board #464 12
3 4 0
3 2 0
3 5 0
3 1 0
0 0 1
board #465 6
3 2 1
4 2 1
2 3 0
2 2 1
5 2 1
1 2 0
1 3 1
0 0 0
board #466 9
3 4 0
3 2 1
4 2 0
4 1 1
5 1 1
2 3 1
1 3 1
0 0 1
board #467 9
3 2 0
3 4 1
2 4 0
1 5 0
3 1 1
4 1 0
0 0 1
board #468 8
3 4 1
2 4 0
2 5 0
3 2 0
3 1 1
4 1 0
0 0 1
board #469 8
3 4 1
2 4 1
4 3 0
4 4 1
1 5 1
5 3 1
0 0 0
board #470 8
3 4 1
2 4 0
2 5 0
3 2 0
4 1 0
0 0 1
board #471 7
3 4 1
2 4 0
2 5 0
3 2 0
3 1 1
4 1 0
0 0 1
board #472 8
3 4 1
2 4 1
4 3 0
4 4 0
3 5 0
3 2 1
4 2 1
5 1 0
5 2 1
2 3 0
2 2 0
2 1 1
3 1 0
0 0 0
board #473 15
3 4 1
2 4 1
4 3 1
1 4 0
1 5 0
2 3 1
1 3 0
2 2 1
1 2 0
1 1 1
2 1 0
0 0 0
board #474 13
3 4 0
3 2 0
2 5 1
3 5 1
1 5 0
2 4 1
1 4 0
2 3 1
1 3 0
2 2 1
1 2 1
4 4 1
5 3 0
5 4 0
4 3 1
5 2 0
5 1 1
4 2 1
0 0 1
board #475 20
3 2 1
4 2 0
5 1 0
3 4 0
2 5 0
0 0 0
board #476 7
3 2 1
4 2 0
4 1 1
5 1 1
2 3 1
1 4 1
0 0 0
board #477 8
3 2 0
3 4 1
2 4 0
2 5 0
4 1 0
0 0 1
board #478 7
3 4 0
3 2 0
2 5 0
3 1 0
0 0 1
board #479 6
3 4 1
2 4 1
4 3 0
4 4 1
1 5 1
5 3 0
5 4 0
4 5 0
3 2 0
3 1 1
4 1 0
0 0 1
board #480 13
3 4 1
2 4 0
1 5 1
2 5 0
3 2 0
3 1 1
4 1 1
5 1 0
4 2 1
5 2 1
2 2 0
2 1 1
1 2 1
0 0 0
board #481 15
3 4 0
3 2 0
3 5 0
3 1 1
4 1 0
0 0 1
board #482 7
3 2 1
4 2 1
2 3 1
5 2 1
1 3 0
1 4 0
1 5 0
1 2 1
2 2 1
0 0 0
board #483 11
3 2 1
4 2 1
2 3 0
2 2 1
1 2 0
1 3 1
5 1 0
5 2 1
0 0 1
board #484 10
3 4 1
2 4 1
4 3 1
1 4 0
1 5 1
5 2 0
5 3 0
5 1 0
4 4 1
5 4 0
4 5 1
5 5 0
0 0 0
board #485 14
3 2 1
4 2 0
4 1 1
5 1 0
3 4 0
2 5 1
3 5 0
0 0 0
board #486 9
3 4 1
2 4 1
4 3 0
4 4 0
3 5 1
4 5 1
5 4 0
5 5 0
5 1 0
5 2 0
0 0 0
board #487 12
3 4 1
2 4 1
4 3 1
1 4 1
5 2 0
5 3 0
5 1 0
4 4 1
5 4 0
4 5 1
5 5 0
0 0 0
board #488 13
3 4 1
2 4 1
4 3 1
1 4 0
1 5 0
2 3 1
1 3 1
5 3 1
0 0 1
board #489 10
3 2 1
4 2 1
2 2 0
2 3 1
5 2 1
1 4 1
0 0 1
board #490 8
3 4 1
2 4 1
4 3 0
4 4 0
3 5 0
3 2 1
5 1 1
4 1 0
4 2 0
0 0 0
board #491 11
3 2 1
4 2 0
4 1 1
5 1 1
2 2 1
1 2 0
1 3 0
2 3 0
1 1 0
3 4 1
1 5 1
2 5 1
4 4 1
5 3 0
5 4 0
4 3 1
5 2 1
0 0 1
board #492 19
3 2 0
3 4 0
3 5 0
3 1 0
0 0 1
board #493 6
3 4 1
2 4 1
4 3 0
4 4 1
1 4 0
1 5 1
5 4 1
0 0 1
board #494 9
3 4 1
2 4 0
1 5 0
3 2 1
4 2 0
4 1 1
5 1 1
2 2 1
1 2 1
0 0 1
board #495 11
3 2 1
4 2 0
5 1 0
3 4 1
2 4 1
4 4 1
1 4 0
1 5 0
2 3 1
1 3 1
5 4 1
0 0 0
board #496 13
3 2 0
3 4 0
4 1 0
2 5 1
3 5 1
1 5 0
2 4 1
1 4 0
2 3 1
1 3 1
4 4 0
4 5 0
0 0 1
board #497 14
3 2 1
4 2 0
5 1 0
3 4 1
2 4 1
4 4 0
4 3 1
5 2 0
5 3 0
3 5 1
4 5 1
5 4 1
1 4 1
0 0 0
board #498 15
3 4 1
2 4 0
2 5 0
3 2 0
3 1 1
4 1 1
5 1 0
4 2 1
5 2 0
4 3 0
0 0 0
board #499 12
3 2 0
3 4 0
3 1 1
4 1 0
2 5 1
3 5 1
1 5 1
4 4 1
5 3 1
0 0 1
board #500 11
3 4 0
3 2 1
4 2 1
2 3 1
5 1 0
5 2 0
4 3 1
5 3 0
4 4 0
2 5 1
3 5 1
4 5 0
0 0 1
board #501 14
3 2 0
3 4 0
3 1 1
4 1 0
2 5 1
3 5 0
0 0 0
board #502 8
3 4 1
2 4 0
1 5 0
3 2 1
4 2 1
2 2 1
5 1 0
5 2 1
1 2 0
1 3 1
0 0 1
board #503 12
3 2 1
4 2 1
2 3 1
5 1 0
5 2 0
4 3 0
4 4 1
3 4 1
2 4 0
1 5 0
0 0 1
board #504 12
3 2 0
3 4 1
2 4 1
4 3 1
1 4 0
1 5 0
2 3 0
3 1 0
0 0 0
board #505 10
3 4 1
2 4 1
4 3 1
1 4 0
1 5 1
5 2 0
5 3 0
5 1 0
5 4 1
4 4 1
0 0 0
board #506 12
3 2 1
4 2 1
2 2 1
5 1 0
5 2 1
1 2 0
1 3 0
2 3 0
1 1 1
2 1 0
3 4 0
2 5 0
0 0 1
board #507 14
3 2 1
4 2 0
4 1 1
5 1 0
3 4 1
2 4 0
1 5 1
2 5 0
0 0 0
board #508 10
3 2 0
3 4 0
3 1 1
4 1 0
2 5 1
3 5 1
1 5 0
2 4 1
1 4 0
2 3 1
1 3 1
4 4 1
5 4 1
0 0 0
board #509 15
3 2 0
3 4 0
2 5 1
3 5 0
3 1 0
0 0 0
board #510 7
3 4 1
2 4 1
4 3 1
1 4 1
5 2 0
5 3 1
0 0 1
board #511 8
3 2 0
3 4 1
2 4 0
