8 9 1
7 9 1
6 9 1
9 8 0
9 9 1
10 9 1
5 9 0
5 10 0
6 8 0
5 11 1
6 10 1
4 11 1
3 11 0
3 12 0
4 10 0
3 13 0
3 14 1
2 14 1
4 13 1
1 14 0
1 15 1
5 12 0
4 12 0
5 13 0
5 14 1
4 14 0
4 15 0
7 7 0
8 6 0
8 5 0
8 4 0
8 3 1
9 3 0
9 2 1
10 2 0
10 1 1
11 1 0
0 0 1
board #1 39
8 7 0
7 10 0
7 9 0
8 6 0
7 11 0
8 5 0
7 12 1
6 12 0
6 13 1
5 13 0
5 14 1
4 14 0
3 15 1
4 15 1
2 15 1
1 15 1
8 11 1
9 11 1
10 10 1
11 10 1
12 10 1
13 10 1
14 10 0
14 9 0
13 11 1
14 11 1
15 10 0
15 11 1
0 0 0
board #2 30
8 10 0
8 7 1
9 7 0
9 6 0
8 9 1
7 9 1
9 9 1
6 9 1
10 9 1
5 9 0
5 10 1
4 10 0
4 11 0
6 8 1
5 8 0
6 7 1
5 7 0
6 6 0
4 12 0
4 13 0
7 5 1
6 5 1
7 6 0
8 5 1
8 6 1
5 6 1
4 7 1
7 7 0
7 8 0
9 5 1
10 5 0
10 4 0
10 3 1
11 3 0
11 2 1
12 2 0
12 1 0
4 14 1
3 14 1
5 13 0
5 14 0
4 15 1
5 15 1
6 14 0
6 15 0
0 0 1
board #3 47
8 7 0
8 9 1
7 9 1
9 8 0
9 9 1
10 8 0
10 9 1
11 8 0
11 9 0
10 10 1
11 10 1
12 9 1
6 9 1
5 9 0
5 10 1
4 10 1
13 8 0
13 9 1
14 8 0
14 9 0
12 8 1
13 7 0
12 7 1
13 6 1
14 6 0
14 5 1
3 10 1
15 4 0
15 5 1
2 11 1
1 11 1
0 0 0
board #4 33
8 7 0
8 6 1
9 6 0
9 5 0
8 9 0
8 10 0
9 4 0
8 11 1
7 11 1
9 10 1
6 11 1
5 11 1
10 9 0
10 10 1
11 9 1
4 11 1
3 11 1
12 9 1
2 11 1
13 8 0
13 9 1
14 8 0
14 9 0
13 10 0
12 8 1
13 7 1
14 6 1
15 5 1
1 11 1
0 0 0
board #5 31
9 6 0
8 9 0
8 7 0
9 5 0
8 10 1
7 10 0
7 11 0
7 12 1
6 12 0
6 13 1
5 13 0
5 14 0
9 4 1
10 4 0
10 3 0
10 2 1
11 2 1
9 3 1
12 2 1
13 2 0
12 3 1
13 3 1
8 5 1
14 3 0
14 2 0
13 4 1
14 4 0
13 5 0
12 5 1
12 6 0
11 6 0
15 1 0
10 6 1
10 7 0
9 8 0
4 15 0
0 0 1
board #6 38
9 6 1
8 6 1
10 6 1
7 6 0
7 7 1
6 7 0
6 8 1
5 8 0
5 9 1
4 9 0
4 10 0
4 11 0
4 12 1
5 11 1
3 12 0
3 13 1
2 13 0
2 14 1
1 15 1
5 10 0
6 10 0
6 11 0
6 12 0
8 5 1
7 5 0
8 4 1
7 4 0
8 3 0
6 13 1
5 13 0
5 14 1
4 14 0
3 15 1
4 15 0
9 2 0
10 1 0
0 0 0
board #7 38
7 10 0
7 9 0
8 7 0
7 11 0
8 6 1
9 6 0
9 5 1
10 5 0
10 4 0
10 3 1
11 3 1
9 4 0
9 3 0
7 12 0
10 2 1
9 2 0
9 1 1
10 1 1
8 2 1
12 3 0
11 4 0
12 2 1
13 2 1
14 2 1
7 3 1
15 2 1
6 4 0
6 3 0
7 4 1
6 5 1
5 5 1
4 5 1
3 5 0
3 6 0
4 4 1
3 4 0
4 3 0
3 7 0
4 7 0
5 7 0
6 7 0
5 2 1
4 2 1
5 3 0
7 2 1
6 2 1
3 3 1
2 4 0
2 3 0
2 2 0
3 1 0
7 7 0
7 13 1
6 13 1
8 12 0
8 13 0
7 14 1
8 14 0
8 15 0
0 0 0
board #8 61
8 7 1
9 7 1
7 7 0
7 8 0
8 6 1
7 6 0
8 5 0
8 9 1
7 9 0
7 10 1
6 10 1
9 8 0
9 9 1
10 8 1
5 10 1
4 10 1
11 7 0
11 8 0
10 7 1
11 6 1
12 6 1
3 10 0
3 11 0
4 9 1
3 9 1
2 10 1
13 6 0
13 5 1
14 5 1
15 4 0
15 5 0
14 6 1
15 6 1
1 10 0
1 11 0
2 11 1
1 12 0
2 9 0
2 12 0
3 8 1
2 8 1
1 8 0
1 9 0
2 7 1
1 7 1
0 0 0
board #9 47
8 9 0
9 6 0
8 7 1
9 7 1
7 8 0
7 7 0
8 6 0
8 10 1
7 10 1
9 9 1
6 10 0
6 11 1
5 11 0
5 12 0
6 9 1
7 9 1
5 9 0
5 10 1
4 10 1
3 11 0
3 10 1
2 11 0
2 10 0
3 9 1
2 9 0
3 8 1
2 8 1
1 9 1
10 9 1
11 9 0
11 8 1
12 8 0
12 7 0
11 7 0
10 10 0
9 8 1
10 6 0
10 7 0
9 11 1
10 11 1
8 11 1
11 11 1
12 11 0
12 10 1
13 10 0
13 9 1
14 9 0
14 8 1
15 8 1
0 0 1
board #10 51
9 6 0
8 9 0
8 10 1
7 10 1
9 9 1
6 10 1
10 9 1
5 10 1
4 10 1
11 9 1
3 10 0
3 11 1
2 11 1
12 9 0
12 8 1
13 8 0
13 7 1
14 7 0
14 6 1
15 5 1
1 12 1
0 0 1
board #11 23
8 9 1
7 9 1
9 8 0
9 9 1
10 8 0
10 9 1
11 8 0
11 9 0
10 10 0
9 11 1
10 11 1
9 10 1
11 10 0
11 11 0
10 12 1
11 12 1
12 11 1
6 9 1
13 10 1
5 9 1
