4 3 1
5 3 1
3 3 1
6 3 1
2 3 0
2 4 1
1 4 0
1 5 1
7 3 1
0 0 0
board #1 11
4 3 0
4 5 1
3 5 0
3 6 0
4 2 1
5 2 1
6 2 0
5 3 0
6 1 0
2 7 1
3 7 1
1 7 1
4 6 0
4 7 1
5 6 1
6 5 1
7 5 1
0 0 0
board #2 19
4 3 0
4 5 0
4 2 1
5 2 1
3 3 0
3 2 0
4 6 0
3 1 1
4 1 1
2 2 1
6 2 1
7 1 0
7 2 1
1 2 0
1 3 0
2 3 1
1 4 0
2 4 0
1 1 1
2 1 0
3 7 1
4 7 1
2 7 0
3 6 1
2 6 0
2 5 0
0 0 0
board #3 28
4 3 0
4 5 0
4 6 1
3 6 0
2 7 1
3 7 1
1 7 1
5 5 1
6 4 1
7 3 0
7 4 0
6 3 1
7 2 0
7 1 0
7 5 1
6 5 1
0 0 1
board #4 18
4 5 0
4 3 1
5 3 1
3 4 1
6 3 1
2 4 1
7 2 1
1 4 0
1 5 1
0 0 0
board #5 11
4 3 0
4 5 1
3 5 0
3 6 1
2 6 1
5 4 1
1 7 1
6 4 1
7 3 1
0 0 1
board #6 11
4 3 1
5 3 0
5 2 0
4 5 1
3 5 1
5 5 1
2 5 1
6 4 1
1 6 1
7 4 1
0 0 1
board #7 12
4 5 1
3 5 1
5 4 0
5 5 0
4 6 1
5 6 1
6 5 0
6 6 1
7 5 0
7 6 1
2 5 1
1 6 1
0 0 0
board #8 14
4 5 0
4 3 0
4 6 1
3 6 1
2 6 1
5 5 0
5 6 1
6 5 1
1 7 1
7 4 0
7 5 0
6 4 0
7 6 1
6 6 1
0 0 0
board #9 16
4 3 0
4 5 0
4 6 0
4 2 0
4 1 1
5 1 1
6 1 1
3 2 0
3 1 0
3 7 0
0 0 0
board #10 12
4 3 0
4 5 0
4 2 0
4 6 1
3 6 0
2 7 1
3 7 1
1 7 1
5 5 1
6 4 1
7 3 0
7 4 0
6 3 1
7 2 0
7 1 1
6 2 1
0 0 0
board #11 18
4 3 1
5 3 1
3 3 1
6 3 0
6 2 0
5 4 1
6 4 1
7 3 0
7 4 1
2 3 1
1 3 0
1 4 0
1 5 1
2 4 0
2 5 1
3 4 1
0 0 1
board #12 18
4 5 0
4 3 0
4 6 1
3 6 1
5 5 0
5 6 1
2 6 1
6 5 1
1 6 0
1 7 1
7 5 1
0 0 1
board #13 13
4 3 0
4 5 0
4 6 0
4 2 1
5 2 1
3 3 0
3 2 1
6 2 0
5 3 1
6 3 1
2 3 1
7 2 0
7 3 1
1 3 0
1 4 1
0 0 0
board #14 17
4 3 1
5 3 0
5 2 1
6 2 1
3 4 0
3 3 1
2 4 1
7 1 0
7 2 0
6 3 1
7 3 0
6 4 1
7 4 0
6 5 1
7 5 1
1 4 1
0 0 1
board #15 18
4 5 0
4 3 0
4 6 0
4 2 0
4 7 0
5 1 0
0 0 0
board #16 8
4 5 1
3 5 0
3 6 1
2 6 1
5 4 1
1 7 1
6 3 1
7 3 1
0 0 0
board #17 10
4 5 0
4 3 1
5 3 0
5 2 1
6 2 1
3 4 1
7 1 0
7 2 1
2 5 1
1 5 1
0 0 0
board #18 12
4 5 1
3 5 1
5 4 1
2 5 1
6 4 0
6 3 0
5 5 0
6 2 0
4 6 1
5 6 1
6 6 0
6 5 1
7 4 0
7 5 1
1 5 0
1 6 0
1 7 1
2 6 1
0 0 1
board #19 20
4 3 1
5 3 0
5 2 0
4 5 0
4 6 1
3 6 0
2 7 1
3 7 0
5 1 0
0 0 1
board #20 11
4 5 1
3 5 1
2 5 1
5 5 0
5 4 0
4 6 1
5 6 0
4 7 1
5 7 1
6 6 0
6 7 1
7 7 1
1 6 1
0 0 1
board #21 15
4 3 0
4 5 1
3 5 1
5 4 1
2 5 1
6 4 1
1 5 1
7 3 0
7 4 1
0 0 1
board #22 11
4 3 0
4 5 0
4 6 1
3 6 0
4 2 1
5 2 0
6 1 0
3 7 0
0 0 0
board #23 10
4 3 0
4 5 0
4 6 0
4 2 0
4 1 0
3 7 0
0 0 0
board #24 8
4 5 1
3 5 1
5 4 1
2 5 1
6 3 1
7 3 1
1 6 1
0 0 1
board #25 9
4 5 0
4 3 0
4 6 1
3 6 0
3 7 0
4 2 1
5 2 0
5 1 0
0 0 1
board #26 10
4 3 1
5 3 1
3 4 0
3 3 0
4 2 0
4 5 1
3 5 1
2 5 0
2 6 0
1 7 1
2 7 1
3 6 0
3 7 0
4 1 1
5 1 0
0 0 1
board #27 17
4 3 1
5 3 1
3 3 1
6 3 0
6 2 1
7 1 0
7 2 0
5 4 0
5 5 1
4 5 0
4 6 1
3 6 0
2 7 1
3 7 1
1 7 1
6 5 1
7 5 1
0 0 1
board #28 19
4 5 0
4 3 1
5 3 1
3 4 1
6 3 0
6 2 1
7 1 0
7 2 1
2 4 0
2 5 0
3 3 0
2 6 0
4 2 1
3 2 0
3 1 1
4 1 0
1 7 1
2 7 1
3 6 0
3 7 1
4 6 1
5 5 0
5 6 0
5 7 0
0 0 0
board #29 26
4 3 0
4 5 1
3 5 1
5 4 0
5 5 1
6 4 0
6 5 0
5 6 0
4 2 0
4 7 1
5 7 0
4 1 1
5 1 1
3 2 0
3 1 0
0 0 0
board #30 17
4 3 1
5 3 0
5 2 1
6 2 1
7 1 0
7 2 1
3 4 1
2 4 0
2 5 0
2 3 1
3 3 1
1 3 1
0 0 0
board #31 14
4 5 1
3 5 0
3 6 1
2 6 0
1 7 1
2 7 1
5 4 1
6 4 0
6 3 1
7 2 0
7 3 1
0 0 1
board #32 13
4 3 0
4 5 1
3 5 1
5 4 0
5 5 1
6 4 1
2 5 1
1 5 0
1 6 1
7 3 0
7 4 1
0 0 0
board #33 13
4 5 1
3 5 0
3 6 0
4 3 1
5 3 1
3 3 1
6 3 0
6 2 1
7 1 1
2 4 1
1 4 1
0 0 1
board #34 13
4 3 1
5 3 1
3 4 0
3 3 0
4 2 0
4 5 0
4 6 0
4 1 1
5 1 0
3 7 1
4 7 0
0 0 0
board #35 13
4 5 0
4 3 0
4 6 0
4 2 1
5 2 1
3 3 0
3 2 0
4 1 0
3 7 0
0 0 1
board #36 11
4 5 0
4 3 0
4 6 1
3 6 0
2 7 1
3 7 0
4 2 0
4 1 0
0 0 1
board #37 10
4 3 1
5 3 1
3 3 1
6 3 0
6 2 0
5 4 1
6 4 0
5 5 1
6 5 0
5 6 1
6 6 0
5 7 0
6 1 0
0 0 0
board #38 15
4 5 0
4 3 0
4 6 0
4 2 0
4 1 1
5 1 0
3 7 0
0 0 0
board #39 9
4 5 0
4 3 0
4 2 0
4 6 0
4 1 1
5 1 0
3 7 1
4 7 1
2 7 0
3 6 1
2 6 1
5 6 1
6 5 0
6 6 1
1 6 0
1 7 0
2 5 0
3 5 0
0 0 0
board #40 20
4 3 1
5 3 1
3 3 1
6 3 1
2 3 0
2 4 1
1 4 0
1 5 0
1 6 0
1 7 0
3 2 0
3 1 0
0 0 0
board #41 14
4 5 1
3 5 0
3 6 0
5 2 1
6 2 0
5 3 1
4 2 0
4 3 0
5 1 0
2 7 1
3 7 1
1 7 1
4 6 0
4 7 0
0 0 0
board #42 16
4 3 0
4 5 1
3 5 0
3 6 0
4 2 0
2 7 0
4 1 1
5 1 0
0 0 0
board #43 10
4 3 0
4 5 1
3 5 0
3 6 1
2 6 0
1 7 1
2 7 0
4 2 1
5 2 0
5 1 0
0 0 0
board #44 12
4 5 1
3 5 0
3 6 1
2 6 1
5 4 1
1 6 1
6 4 0
6 3 0
6 5 0
6 2 1
5 3 0
6 6 0
5 2 1
7 1 1
4 2 1
3 3 1
2 4 1
1 4 1
0 0 0
board #45 20
4 3 1
5 3 0
5 2 0
4 5 1
3 5 1
5 5 0
5 4 0
4 6 1
5 6 1
6 5 1
2 5 1
7 5 1
1 5 0
1 6 1
0 0 0
board #46 16
4 5 0
4 3 0
4 6 1
3 6 1
5 5 1
2 6 1
1 6 1
6 5 1
7 5 1
0 0 1
board #47 11
4 5 0
4 3 1
5 3 1
3 4 0
3 3 1
2 4 0
2 3 0
3 2 0
4 6 0
3 1 1
4 1 1
4 2 1
2 2 0
2 1 1
1 1 0
1 2 0
4 7 0
0 0 1
board #48 19
4 5 1
3 5 0
3 6 0
4 3 1
5 3 1
3 3 1
6 3 1
2 3 0
2 4 0
3 2 1
2 2 1
1 3 1
7 2 1
0 0 1
board #49 15
4 3 1
5 3 1
6 3 1
3 4 1
2 4 0
2 5 0
2 6 1
3 5 0
2 3 0
3 6 0
3 2 1
2 2 1
1 2 0
1 3 0
2 1 0
3 7 0
0 0 1
board #50 18
4 3 0
4 5 0
4 6 1
3 6 1
2 6 1
5 5 0
5 6 1
6 5 1
1 6 0
1 7 0
2 5 1
1 5 1
7 4 1
0 0 1
board #51 15
4 3 0
4 5 1
3 5 0
3 6 1
2 6 0
2 7 0
4 2 0
5 1 0
0 0 0
board #52 10
4 3 1
5 3 1
3 3 1
6 3 0
6 2 1
7 1 0
7 2 0
5 4 1
6 4 0
5 5 0
4 6 1
5 6 1
4 5 1
6 5 1
7 4 0
7 5 1
2 3 0
2 4 1
1 5 1
0 0 1
board #53 21
4 5 1
3 5 0
3 6 1
2 6 1
5 5 1
1 6 1
6 4 1
7 3 1
0 0 0
board #54 10
4 3 1
5 3 1
3 4 0
3 3 1
2 4 0
2 3 1
6 3 1
1 3 0
1 4 1
7 2 0
7 3 0
7 1 1
6 2 0
6 1 0
6 4 1
7 4 0
6 5 1
7 5 0
6 6 1
7 6 1
0 0 0
board #55 22
4 5 1
3 5 1
5 4 0
5 5 1
2 5 1
6 4 1
1 5 1
7 3 0
7 4 0
6 5 1
7 5 0
6 6 0
6 3 1
7 2 1
0 0 1
board #56 16
4 3 1
5 3 0
5 2 1
6 2 1
3 4 1
7 1 1
2 4 1
1 5 1
0 0 0
board #57 10
4 3 0
4 5 1
3 5 0
3 6 0
4 2 1
5 2 0
5 1 0
2 7 1
3 7 1
1 7 1
4 6 1
5 4 0
5 5 1
6 4 0
6 5 0
6 6 1
5 6 0
4 7 1
5 7 0
0 0 1
board #58 21
4 5 1
3 5 1
5 5 1
2 5 0
2 6 0
3 4 0
1 7 0
3 3 1
4 3 1
5 3 0
5 2 1
6 2 1
2 3 1
7 1 0
7 2 0
6 3 0
0 0 0
board #59 18
4 3 1
5 3 0
5 2 1
6 2 1
3 4 1
7 1 0
7 2 1
2 4 1
1 4 1
0 0 1
board #60 11
4 5 0
4 3 1
5 3 0
5 2 0
4 6 0
5 1 1
6 1 0
3 7 1
4 7 0
0 0 0
board #61 11
4 3 1
5 3 1
3 4 0
3 3 0
4 2 1
3 2 1
2 3 0
2 2 1
1 3 1
6 3 0
6 2 0
5 4 1
6 4 0
5 5 1
6 5 1
7 4 0
7 5 0
6 6 0
6 1 1
7 1 0
5 7 1
6 7 1
5 6 1
7 6 0
7 7 0
0 0 0
board #62 27
4 5 0
4 3 0
4 6 1
3 6 0
3 7 0
4 2 1
5 2 0
5 1 1
6 1 0
0 0 0
board #63 11
4 3 0
4 5 1
3 5 1
5 4 1
2 5 0
2 6 0
3 4 0
1 7 1
2 7 0
4 2 1
5 2 1
3 2 0
3 3 0
3 1 1
4 1 0
0 0 0
board #64 17
4 5 1
3 5 1
5 4 1
2 5 1
6 4 1
1 5 0
1 6 0
1 7 1
2 6 1
7 3 0
7 4 1
0 0 0
board #65 13
4 5 1
3 5 1
5 4 1
2 5 0
2 6 0
3 4 1
2 4 0
3 3 0
1 7 0
3 2 1
4 2 1
4 3 0
5 2 0
6 1 0
0 0 0
board #66 16
4 5 0
4 3 1
5 3 0
5 2 0
4 6 0
5 1 0
3 7 1
4 7 1
2 7 1
5 6 0
5 7 0
0 0 0
board #67 13
4 5 0
4 3 1
5 3 1
3 4 0
3 3 1
2 4 1
6 3 1
7 2 1
1 5 1
0 0 1
board #68 11
4 5 0
4 3 1
5 3 1
3 4 0
3 3 1
2 4 1
6 3 0
6 2 0
5 4 1
6 4 1
7 3 1
1 4 0
1 5 0
2 5 1
1 6 0
1 7 0
2 3 0
3 2 0
4 1 0
0 0 1
board #69 21
4 3 1
5 3 0
5 2 1
6 2 0
6 1 0
4 5 0
4 6 1
3 6 1
2 6 1
5 5 1
6 4 0
6 5 0
6 6 1
5 6 1
7 5 1
1 6 0
1 7 1
0 0 1
board #70 19
4 3 1
5 3 0
5 2 1
6 2 0
7 1 0
4 5 0
4 6 0
4 7 0
0 0 1
board #71 10
4 5 1
3 5 1
5 5 1
2 5 1
6 5 0
6 4 0
5 6 1
6 6 1
7 5 1
1 6 1
0 0 0
board #72 12
4 5 1
3 5 1
5 5 0
5 4 0
4 6 1
5 6 1
6 5 1
2 5 0
2 6 0
3 4 1
2 4 1
1 4 1
7 4 1
0 0 1
board #73 15
4 5 0
4 3 1
5 3 1
3 4 0
3 3 1
2 4 1
6 3 0
6 2 1
7 2 1
1 4 0
1 5 1
0 0 0
board #74 13
4 5 0
4 3 1
5 3 1
3 4 0
3 3 1
2 4 0
2 3 1
6 3 1
1 3 0
1 4 1
7 2 1
0 0 0
board #75 13
4 5 1
3 5 1
5 4 1
2 5 1
6 4 0
6 3 1
7 2 0
7 3 0
7 1 0
6 5 0
5 6 1
6 6 0
6 7 0
0 0 1
board #76 15
4 3 0
4 5 1
3 5 1
5 4 0
5 5 0
4 6 1
5 6 1
6 5 0
6 6 0
5 7 1
6 7 0
4 2 0
4 1 1
5 1 0
0 0 1
board #77 16
4 3 1
5 3 1
3 4 0
3 3 0
4 2 1
3 2 1
2 3 1
6 3 1
7 2 0
7 3 1
1 3 0
1 4 1
0 0 1
board #78 14
4 5 1
3 5 1
5 4 0
5 5 1
6 4 1
2 5 0
2 6 0
3 4 0
1 7 0
3 3 1
4 3 1
5 3 1
6 3 1
2 3 0
2 4 0
3 2 0
3 1 1
4 1 0
0 0 0
board #79 20
4 3 1
5 3 1
3 4 1
6 3 0
6 2 0
5 4 0
6 1 1
7 1 0
5 5 1
3 5 1
4 5 1
6 5 1
7 4 0
7 5 1
2 4 0
2 5 1
1 6 1
0 0 1
board #80 19
4 5 0
4 3 1
5 3 0
5 2 0
4 6 1
3 6 1
2 6 1
5 5 0
5 6 1
6 5 1
1 7 1
7 4 0
7 5 0
6 4 0
6 6 0
6 7 0
5 1 0
0 0 1
board #81 19
4 5 1
3 5 1
2 5 0
2 6 1
1 6 0
1 7 1
5 4 0
5 5 1
6 4 0
6 5 1
7 4 0
7 5 0
6 6 1
7 6 1
0 0 1
board #82 16
4 3 1
5 3 0
5 2 0
4 5 0
4 6 0
6 1 0
3 7 0
0 0 0
board #83 9
4 5 1
3 5 1
5 5 1
2 5 0
2 6 1
1 6 0
1 7 1
6 4 0
6 5 1
7 4 0
7 5 1
0 0 1
board #84 13
4 3 1
5 3 0
5 2 0
4 5 0
4 6 0
5 1 0
4 7 0
0 0 1
board #85 9
4 5 0
4 3 1
5 3 0
5 2 1
6 2 0
7 1 0
4 6 0
3 7 0
0 0 0
board #86 10
4 5 0
4 3 1
5 3 0
5 2 1
6 2 1
3 4 0
3 3 0
3 2 0
4 1 0
4 6 1
3 6 0
2 7 0
0 0 1
board #87 14
4 3 1
5 3 1
3 3 0
3 4 1
2 4 1
6 3 1
7 2 0
7 3 1
1 4 0
1 5 1
0 0 0
board #88 12
4 5 1
3 5 1
5 5 0
5 4 0
4 6 1
5 6 0
5 7 0
4 3 1
5 3 0
5 2 1
6 2 1
3 4 0
3 3 0
3 2 1
4 2 0
4 1 1
5 1 1
2 3 0
2 2 1
1 2 0
1 3 0
2 1 0
0 0 0
board #89 24
4 3 1
5 3 0
5 2 1
6 2 1
3 4 0
3 3 1
2 4 0
2 3 1
7 1 0
7 2 1
1 3 0
1 4 1
0 0 1
board #90 14
4 3 0
4 5 0
4 6 1
3 6 0
2 7 1
3 7 0
4 2 1
5 2 0
5 1 0
0 0 0
board #91 11
4 3 1
5 3 1
3 4 1
6 3 0
6 2 1
7 1 0
7 2 1
2 4 1
1 4 1
0 0 0
board #92 11
4 5 1
3 5 0
3 6 0
4 3 0
4 2 0
3 7 0
4 1 1
5 1 0
0 0 0
board #93 10
4 3 1
5 3 1
3 4 1
6 3 0
6 2 1
7 2 1
2 4 0
2 5 0
2 3 1
3 3 1
1 4 1
0 0 0
board #94 13
4 5 1
3 5 0
3 6 0
4 3 1
5 3 1
3 3 0
3 4 0
4 2 0
2 7 0
4 1 1
5 1 0
0 0 1
board #95 13
4 5 0
4 3 1
5 3 0
5 2 0
4 6 0
6 1 0
3 7 1
4 7 0
0 0 1
board #96 10
4 5 0
4 3 1
5 3 1
3 4 0
3 3 1
2 4 1
6 3 1
7 3 1
1 4 0
1 5 0
2 5 1
1 6 1
0 0 1
board #97 14
4 3 0
4 5 0
4 6 1
3 6 0
2 7 0
4 2 1
5 2 0
5 1 0
0 0 0
board #98 10
4 3 0
4 5 0
4 2 0
4 6 0
3 7 0
4 1 0
0 0 0
board #99 8
4 3 0
4 5 1
3 5 1
5 4 0
5 5 1
6 5 1
2 5 0
2 6 1
1 6 0
1 7 0
3 4 0
4 2 1
5 2 0
6 1 0
0 0 1
board #100 16
4 3 0
4 5 1
3 5 0
3 6 1
2 6 0
1 7 0
4 2 0
4 1 1
5 1 1
6 1 1
3 2 1
7 1 1
2 3 1
1 3 0
1 4 1
0 0 0
board #101 17
4 5 0
4 3 1
5 3 0
5 2 1
6 2 1
3 4 0
3 3 0
3 2 0
4 6 1
3 6 0
2 7 1
3 7 1
1 7 0
2 6 0
3 1 1
4 1 1
2 2 0
2 1 0
0 0 0
board #102 20
4 5 0
4 3 1
5 3 0
5 2 1
6 2 0
6 1 0
4 6 0
4 7 0
0 0 0
board #103 10
4 3 0
4 5 0
4 2 0
4 6 0
3 7 1
4 7 1
2 7 1
5 6 1
1 7 1
6 5 1
7 4 0
7 5 1
0 0 1
board #104 14
4 3 0
4 5 0
4 2 1
5 2 1
6 2 1
3 3 0
3 2 1
2 3 0
2 2 0
2 1 0
4 6 1
3 6 0
2 7 1
3 7 1
1 7 1
5 5 1
6 5 1
7 4 0
7 5 0
6 4 0
5 4 1
6 3 0
5 3 1
7 1 1
0 0 1
board #105 26
4 3 0
4 5 0
4 6 1
3 6 0
2 7 0
4 2 1
5 2 0
5 1 1
6 1 1
7 1 0
6 2 1
7 2 0
6 3 1
7 3 1
3 3 0
3 2 0
4 1 0
0 0 0
board #106 19
4 3 1
5 3 0
5 2 0
4 5 1
3 5 0
3 6 1
2 6 1
5 4 1
1 6 1
6 3 0
6 4 1
7 3 0
7 4 0
6 5 0
6 6 0
5 7 1
6 7 1
5 6 1
7 6 0
7 7 1
4 6 0
5 5 0
3 7 0
5 1 0
0 0 0
board #107 26
4 3 0
4 5 1
3 5 1
5 4 1
2 5 0
2 6 0
3 4 1
2 4 0
3 3 0
1 7 1
2 7 1
3 6 1
6 4 1
7 3 0
7 4 1
0 0 0
board #108 17
4 3 1
5 3 1
3 3 1
6 3 0
6 2 1
7 2 1
2 4 0
2 3 1
1 3 0
1 4 0
2 2 1
1 2 1
0 0 0
board #109 14
4 3 0
4 5 0
4 2 1
5 2 1
6 2 0
5 3 1
6 3 0
5 4 0
6 1 1
7 1 1
3 3 0
3 2 0
4 1 0
4 6 0
4 7 0
0 0 0
board #110 17
4 5 1
3 5 1
5 4 0
5 5 0
4 6 0
4 3 0
4 2 1
5 2 0
5 1 1
6 1 1
7 1 1
3 3 0
3 2 0
3 1 1
4 1 1
2 2 1
1 2 0
1 3 1
0 0 1
board #111 20
4 3 1
5 3 0
5 2 1
6 2 0
6 1 1
7 1 1
3 4 0
3 3 1
2 4 1
1 4 0
1 5 1
0 0 0
board #112 13
4 3 1
5 3 1
3 4 1
6 3 0
6 2 1
7 1 0
7 2 1
2 4 0
2 5 0
2 3 0
2 6 1
3 5 1
1 6 0
1 7 0
3 2 1
2 2 0
2 1 0
0 0 1
board #113 19
4 3 0
4 5 1
3 5 0
3 6 0
4 2 1
5 2 1
3 3 0
3 2 0
4 1 0
2 7 1
3 7 1
1 7 0
2 6 0
0 0 0
board #114 15
4 3 1
5 3 0
5 2 1
6 2 1
3 4 1
7 1 1
2 4 0
2 5 1
1 5 0
1 6 0
1 7 0
2 3 1
3 3 0
3 2 1
4 2 1
1 3 0
1 4 1
0 0 1
board #115 19
4 3 1
5 3 1
3 4 0
3 3 1
2 4 0
2 3 1
6 3 1
1 4 1
7 2 0
7 3 0
7 1 1
6 2 0
6 1 0
6 4 1
7 4 1
0 0 1
board #116 17
4 5 1
3 5 0
3 6 1
2 6 0
1 7 0
4 3 1
5 3 0
5 2 1
6 2 1
3 4 1
7 2 1
2 5 0
2 4 0
2 3 1
3 3 1
1 3 0
1 4 1
0 0 0
board #117 19
4 5 0
4 3 0
4 2 0
4 6 0
4 1 1
5 1 1
3 2 1
6 1 1
7 1 1
2 3 1
1 4 1
0 0 1
board #118 13
4 5 0
4 3 0
4 6 1
3 6 0
4 2 1
5 2 1
3 3 1
6 2 1
7 1 0
7 2 1
2 4 0
2 3 1
1 3 0
1 4 1
0 0 1
board #119 16
4 3 0
4 5 0
4 2 0
4 6 1
3 6 0
2 7 1
3 7 1
1 7 1
5 5 1
6 4 0
6 5 1
7 5 1
0 0 1
board #120 14
4 3 0
4 5 0
4 6 1
3 6 1
2 6 0
3 5 0
1 7 1
2 7 1
5 5 0
5 6 1
6 5 0
6 6 0
5 7 1
6 7 0
4 2 0
4 1 1
5 1 1
3 2 1
6 1 0
5 2 0
0 0 0
board #121 22
4 5 0
4 3 0
4 6 0
4 2 1
5 2 1
3 3 1
6 2 0
5 3 0
6 1 1
7 1 1
2 4 1
1 5 1
0 0 0
board #122 14
4 5 1
3 5 0
3 6 0
4 3 1
5 3 1
3 3 1
6 3 0
6 2 0
5 4 1
6 4 1
2 3 0
2 4 0
3 2 0
2 5 1
3 4 1
1 5 0
1 6 0
1 7 1
2 6 1
7 3 0
7 4 1
0 0 0
board #123 23
4 5 1
3 5 1
5 4 0
5 5 1
2 5 0
2 6 0
3 4 1
2 4 1
1 5 1
6 4 0
6 5 0
5 6 0
4 3 1
5 3 1
6 3 0
6 2 1
7 1 1
0 0 0
board #124 19
4 5 1
3 5 1
5 5 1
2 5 0
2 6 0
3 4 1
2 4 0
3 3 1
2 3 0
3 2 0
1 7 1
2 7 0
3 1 0
0 0 0
board #125 15
4 3 1
5 3 0
5 2 1
6 2 0
6 1 1
7 1 0
4 5 0
4 6 1
3 6 1
5 5 1
2 6 0
3 5 0
1 7 1
2 7 1
6 4 1
7 4 1
0 0 1
board #126 18
4 3 1
5 3 1
3 4 0
3 3 0
4 2 0
4 5 1
3 5 1
2 5 1
5 4 0
5 5 0
4 6 0
4 7 0
4 1 1
5 1 0
0 0 0
board #127 16
4 3 1
5 3 1
3 4 1
6 3 0
6 2 0
5 4 1
6 4 0
5 5 1
6 5 1
7 4 1
2 4 1
1 4 0
1 5 1
0 0 1
board #128 15
4 5 0
4 3 1
5 3 1
3 4 0
3 3 1
2 4 1
6 3 1
7 2 0
7 3 1
1 4 1
0 0 1
board #129 12
4 5 0
4 3 1
5 3 1
3 4 0
3 3 1
2 4 0
2 3 0
3 2 0
4 6 1
3 6 1
2 6 0
1 7 1
2 7 0
2 5 0
3 1 0
0 0 1
board #130 17
4 5 0
4 3 1
5 3 1
3 4 0
3 3 1
2 4 0
2 3 0
3 2 1
2 2 1
1 2 1
6 3 0
6 2 1
7 1 0
7 2 0
5 4 1
6 4 0
5 5 1
6 5 0
5 6 1
6 6 0
5 7 1
6 7 1
7 6 0
7 7 1
0 0 1
board #131 26
4 5 0
4 3 0
4 6 1
3 6 0
2 7 1
3 7 1
1 7 1
5 5 1
6 4 1
7 3 0
7 4 0
6 5 1
7 5 0
6 6 0
6 3 1
7 2 0
7 1 1
6 2 0
6 1 0
5 7 0
0 0 0
board #132 22
4 5 0
4 3 0
4 2 0
4 6 0
5 1 0
4 7 0
0 0 1
board #133 8
4 5 0
4 3 1
5 3 1
3 4 1
6 3 1
2 4 0
2 5 0
2 3 1
3 3 1
1 3 1
7 2 1
0 0 0
board #134 13
4 5 1
3 5 0
3 6 1
2 6 1
5 4 1
1 7 1
6 4 0
6 3 0
5 5 1
6 5 0
5 6 1
6 6 0
6 2 0
5 7 0
6 1 1
7 1 1
5 2 1
5 3 1
0 0 0
board #135 20
4 5 1
3 5 1
5 4 0
5 5 1
6 4 0
6 5 1
2 5 0
2 6 1
1 7 1
7 5 1
0 0 1
board #136 12
4 3 1
5 3 1
3 4 1
6 3 1
2 4 0
2 5 0
2 6 1
3 5 1
1 6 1
7 2 1
0 0 0
board #137 12
4 5 0
4 3 1
5 3 0
5 2 1
6 2 0
7 1 0
4 6 1
3 6 1
2 6 1
5 5 1
1 7 1
6 5 1
7 5 1
0 0 0
board #138 15
4 5 1
3 5 1
5 5 0
5 4 1
6 4 0
6 3 0
6 2 1
5 3 0
5 2 0
4 6 1
5 6 0
5 7 0
6 1 0
0 0 0
board #139 15
4 3 0
4 5 1
3 5 1
5 4 1
2 5 0
2 6 1
1 6 0
1 7 1
6 4 0
6 3 1
7 3 1
0 0 0
board #140 13
4 3 1
5 3 1
3 4 1
6 3 1
2 4 1
7 2 0
7 3 1
1 4 1
0 0 1
board #141 10
4 3 1
5 3 0
5 2 1
6 2 1
3 4 0
3 3 1
2 4 0
2 3 0
3 2 1
2 2 1
1 2 0
1 3 0
2 1 0
4 5 0
4 6 1
3 6 0
3 7 0
0 0 1
board #142 19
4 5 1
3 5 1
2 5 1
5 5 1
6 5 0
6 4 0
5 6 1
6 6 0
5 4 0
5 7 1
6 7 1
7 6 1
1 5 1
0 0 0
board #143 15
4 5 1
3 5 0
3 6 1
2 6 0
1 7 1
2 7 1
5 4 0
5 5 0
5 6 1
4 6 1
6 5 0
6 6 1
7 5 0
7 6 1
0 0 1
board #144 16
4 5 0
4 3 1
5 3 0
5 2 1
6 2 0
6 1 1
7 1 1
3 4 1
2 4 1
1 5 1
0 0 0
board #145 12
4 5 1
3 5 0
3 6 0
4 3 0
4 2 1
5 2 0
5 1 1
6 1 0
2 7 1
3 7 1
1 7 1
4 6 0
4 7 1
5 6 1
6 5 0
6 6 1
7 5 1
0 0 0
board #146 19
4 5 1
3 5 1
5 4 1
2 5 0
2 6 0
3 4 0
1 7 1
2 7 0
3 3 1
4 3 1
5 3 0
5 2 1
6 2 1
2 3 1
7 1 1
1 3 0
1 4 0
2 2 0
2 4 0
2 1 1
3 1 1
3 2 0
4 1 0
0 0 1
board #147 25
4 3 1
5 3 0
5 2 1
6 2 1
3 4 1
7 1 1
2 4 1
1 4 0
1 5 1
0 0 0
board #148 11
4 5 1
3 5 1
2 5 0
2 6 0
3 4 0
1 7 1
2 7 0
3 3 0
3 2 0
3 1 0
0 0 1
board #149 12
4 5 0
4 3 0
4 6 1
3 6 1
5 5 0
5 6 0
4 7 1
5 7 1
6 6 0
6 7 1
7 6 0
7 7 1
2 6 1
1 6 0
1 7 0
2 5 1
1 5 1
0 0 0
board #150 19
4 3 1
5 3 0
5 2 0
4 5 1
3 5 1
5 5 1
2 5 1
6 5 0
6 4 0
5 6 0
5 4 0
5 1 1
6 1 0
4 7 1
5 7 1
4 6 1
6 7 0
6 6 1
7 6 1
1 5 0
1 6 1
0 0 0
board #151 23
4 3 0
4 5 0
4 6 1
3 6 1
2 6 1
5 5 1
1 6 1
6 4 0
6 5 0
5 4 0
6 6 1
5 6 1
7 5 0
7 6 1
0 0 0
board #152 16
4 3 1
5 3 0
5 2 1
6 2 0
7 1 0
4 5 1
3 5 1
5 5 0
5 4 1
6 4 1
2 5 0
2 6 0
3 4 0
1 7 0
0 0 1
board #153 16
4 5 1
3 5 1
5 4 0
5 5 1
6 4 0
6 5 0
