9 8 0
9 10 0
9 7 1
10 7 0
10 6 1
11 6 1
8 8 0
8 7 0
8 6 1
9 6 0
10 5 1
9 5 1
7 7 0
7 6 0
8 5 0
9 4 1
8 4 0
9 3 0
9 11 1
8 11 1
10 10 0
10 11 0
9 12 0
9 13 0
9 14 1
8 14 0
8 15 0
8 16 0
10 2 1
9 2 0
9 1 0
8 17 1
7 17 1
9 16 1
6 17 1
5 17 1
4 17 0
5 16 1
4 16 0
5 15 1
4 15 0
5 14 1
4 14 1
10 15 1
3 15 1
11 14 1
12 13 0
12 14 0
11 13 1
12 12 0
11 12 0
12 15 1
11 15 1
13 14 1
14 13 1
2 15 1
15 12 0
15 13 1
16 12 0
16 13 0
14 12 1
15 11 1
16 10 1
17 9 1
1 16 1
18 8 1
0 0 1
board #1 68
8 11 1
9 11 0
9 10 1
10 10 1
11 10 0
11 9 0
10 11 0
11 8 1
10 9 1
12 8 0
12 7 1
13 7 1
14 7 0
13 8 0
14 6 1
15 6 0
15 5 1
16 5 0
16 4 0
16 3 0
16 2 0
16 1 1
17 1 0
8 12 0
7 13 1
8 13 0
7 14 0
7 15 0
7 16 1
6 16 0
6 17 0
5 18 0
0 0 1
board #2 34
7 13 1
8 13 0
8 12 1
9 12 0
9 11 0
9 10 1
8 11 1
10 10 1
11 10 1
12 10 0
12 9 1
13 9 0
13 8 1
14 8 1
15 8 0
15 7 1
16 7 1
6 13 1
5 13 1
4 13 0
4 14 0
5 12 1
4 12 1
3 13 1
2 14 0
2 13 1
1 13 1
17 7 0
17 6 1
18 5 0
18 6 1
0 0 0
board #3 33
9 10 0
9 8 0
9 11 0
9 7 1
10 7 1
8 8 1
11 7 0
11 6 1
12 6 1
13 6 1
14 6 1
7 9 0
7 8 0
8 9 1
7 10 1
6 10 1
15 6 0
15 5 0
14 7 0
15 4 0
13 8 0
15 3 1
16 3 0
16 2 0
12 9 0
16 1 1
17 1 0
12 10 0
12 11 1
11 11 0
11 12 1
10 12 1
9 12 0
9 13 0
10 11 1
11 9 1
11 10 1
10 8 1
13 10 0
13 11 1
14 10 1
10 9 0
11 8 1
15 9 1
16 9 0
16 8 0
15 8 0
16 10 0
15 11 1
16 11 0
15 12 0
14 13 0
13 14 1
14 14 1
13 13 0
12 14 1
12 13 0
11 14 1
11 13 1
15 14 1
16 13 1
17 13 1
18 12 0
18 13 0
17 14 0
17 12 1
18 11 0
17 11 1
18 10 0
17 10 0
16 15 0
15 16 1
16 16 0
15 17 0
14 9 0
14 18 1
15 18 0
0 0 0
board #4 79
10 7 0
9 10 0
9 8 1
10 8 0
9 11 0
10 6 1
11 6 1
9 7 1
12 6 0
11 7 1
12 7 1
13 7 0
13 6 1
14 6 1
8 9 0
8 8 1
7 9 1
15 6 1
6 10 1
16 6 1
5 10 1
17 6 1
4 10 0
4 11 0
5 9 0
5 11 0
6 11 0
6 8 1
5 8 1
4 8 0
4 9 1
3 10 1
6 9 0
7 8 1
2 11 0
2 10 1
1 11 1
18 6 1
0 0 0
board #5 40
9 10 1
8 10 1
10 10 0
10 9 0
9 11 1
10 11 1
11 10 0
11 11 1
12 10 0
12 11 0
11 12 1
12 12 1
13 11 0
13 12 0
12 13 1
13 13 0
12 14 1
13 14 1
14 13 0
14 14 1
15 13 0
15 14 0
14 15 1
15 15 0
14 16 1
15 16 1
16 15 0
16 16 0
15 17 0
14 18 0
9 8 0
9 7 1
8 8 0
8 7 1
10 7 1
7 8 1
11 7 1
12 7 0
12 6 1
13 6 0
13 5 1
14 5 1
15 5 0
15 4 0
14 6 0
15 3 0
