8 11 0
8 10 0
9 7 1
10 7 1
11 7 1
8 7 0
8 8 1
7 8 0
7 9 1
6 9 0
6 10 0
7 10 0
9 6 0
8 12 1
7 12 1
9 11 0
9 12 1
10 11 1
6 12 0
6 13 1
5 13 0
5 14 0
5 15 1
4 15 1
6 14 1
3 15 1
2 15 1
11 10 0
11 11 1
12 10 0
12 11 0
10 10 0
11 12 0
11 13 1
10 13 1
12 12 1
13 11 0
13 12 0
13 13 1
12 13 1
14 12 1
9 13 0
10 12 1
15 11 0
15 12 1
16 11 1
1 15 0
1 16 1
17 10 0
17 11 1
0 0 0
board #1 52
9 8 0
8 11 0
8 10 0
9 7 1
10 7 1
8 8 0
8 7 1
7 8 0
7 7 0
8 6 1
7 6 1
6 7 1
11 7 1
12 7 0
12 6 0
11 8 1
12 8 1
13 7 0
13 8 1
14 7 0
14 8 1
15 7 0
15 8 1
16 7 1
5 8 1
4 9 1
3 10 0
3 9 0
4 10 0
3 8 1
4 8 1
2 9 0
2 8 1
1 8 0
1 9 1
17 7 1
0 0 1
board #2 38
9 8 0
8 11 1
9 11 0
9 10 0
8 12 1
9 12 0
8 13 1
9 13 1
10 12 1
11 11 0
11 12 1
12 11 0
12 12 0
10 11 0
11 13 1
12 13 1
13 12 0
13 13 1
14 12 1
7 11 1
6 11 1
15 11 1
5 11 1
4 11 0
4 12 0
5 10 0
4 13 1
5 12 0
5 13 0
6 9 0
5 14 1
4 14 0
4 15 0
4 16 0
7 8 1
7 9 1
6 8 1
6 10 1
5 8 0
5 9 1
4 9 0
4 10 1
3 11 0
3 10 1
2 11 1
1 11 1
16 11 0
16 10 0
15 10 1
16 9 1
17 8 0
17 9 1
0 0 0
board #3 54
9 10 1
8 10 0
8 11 0
9 8 0
9 7 0
8 12 0
8 13 0
9 6 0
9 5 0
8 14 0
9 4 0
8 15 1
7 15 1
9 14 1
6 15 1
5 15 1
4 15 1
10 13 1
3 15 0
4 14 0
3 16 0
5 13 0
2 17 1
3 17 1
4 16 0
4 17 1
5 16 1
1 17 0
2 16 0
6 12 1
6 13 0
7 12 1
7 13 1
5 12 0
6 11 0
7 10 1
7 11 1
6 10 0
7 9 0
8 8 0
9 3 1
10 3 0
10 2 1
11 2 1
11 3 1
8 4 0
8 3 1
7 4 0
7 3 1
6 4 1
12 3 0
11 4 1
12 4 0
11 5 1
12 5 1
5 5 0
5 4 0
6 5 0
6 3 1
5 3 0
6 2 1
5 2 1
4 3 0
4 2 1
3 3 1
2 4 0
2 3 0
3 4 1
2 5 0
3 5 0
2 2 0
2 1 0
4 5 0
0 0 1
board #4 75
9 10 0
9 8 1
10 8 0
10 7 1
11 7 1
12 7 1
8 9 0
8 8 1
7 9 1
13 7 1
6 10 0
6 9 1
5 10 1
4 10 0
4 11 0
5 11 0
4 9 0
5 8 0
7 10 1
5 12 0
6 7 0
5 13 0
7 6 0
5 14 0
8 5 1
7 5 1
8 6 0
9 5 0
9 4 1
10 4 0
10 3 1
11 3 1
11 4 1
6 5 0
6 6 0
6 4 0
6 3 0
5 15 0
6 2 0
5 16 1
4 16 0
3 17 0
6 1 1
7 1 0
0 0 0
board #5 46
9 10 1
8 10 1
10 9 1
11 9 0
11 8 0
10 10 0
9 11 0
11 7 0
11 6 1
12 6 0
12 5 0
12 4 0
8 12 0
8 13 1
7 13 0
7 14 0
12 3 0
7 15 1
6 15 1
8 14 1
5 15 0
6 14 0
5 16 0
12 2 0
4 17 1
5 17 0
12 1 1
13 1 1
11 2 1
14 1 1
15 1 0
14 2 1
15 2 0
14 3 0
13 3 0
0 0 0
board #6 37
12 7 0
9 8 0
9 10 1
8 10 0
8 11 1
7 11 0
7 12 1
6 12 1
5 12 1
10 9 0
10 10 1
11 9 0
11 10 1
12 9 1
4 12 0
4 13 0
5 11 1
4 11 0
5 10 1
4 10 0
5 9 0
4 14 1
5 13 0
5 14 1
6 13 1
3 14 1
2 14 0
2 15 1
1 15 0
1 16 0
1 17 0
3 13 1
2 13 1
1 14 1
13 8 0
13 9 0
12 8 0
13 10 1
12 10 1
14 9 1
15 8 1
16 7 1
17 7 1
0 0 1
board #7 45
10 5 1
12 6 0
12 5 1
13 5 0
13 4 1
14 4 0
14 3 1
15 3 0
15 2 1
16 2 0
16 1 1
17 1 0
11 7 0
10 8 1
11 8 1
