3 2 0
3 4 1
2 4 1
4 3 1
1 5 1
5 2 0
5 3 0
5 1 0
5 4 0
4 5 1
5 5 0
0 0 1
board #1 13
3 4 1
2 4 0
1 5 0
3 2 1
4 2 0
4 1 0
0 0 0
board #2 8
3 4 0
3 2 1
4 2 1
2 3 0
2 2 0
2 1 0
2 5 1
3 5 1
1 5 0
1 4 0
0 0 0
board #3 12
3 4 1
2 4 1
4 3 0
4 4 0
4 5 0
3 2 0
3 1 1
4 1 1
5 1 1
2 2 1
1 3 1
0 0 0
board #4 13
3 4 0
3 2 0
4 1 0
2 5 1
3 5 0
0 0 0
board #5 7
3 4 1
2 4 0
2 5 0
3 2 0
4 1 0
0 0 0
board #6 7
3 2 1
4 2 0
5 1 0
3 4 0
2 5 0
0 0 1
board #7 7
3 2 1
4 2 0
4 1 1
5 1 1
2 3 0
2 2 0
2 1 0
3 4 1
2 4 1
1 4 0
1 5 0
0 0 1
board #8 13
3 4 0
3 2 0
3 5 0
3 1 1
4 1 0
0 0 1
board #9 7
3 2 1
4 2 0
4 1 1
5 1 1
2 3 0
2 2 1
1 2 0
1 3 1
0 0 1
board #10 10
3 2 1
4 2 0
4 1 1
5 1 0
3 4 0
2 5 1
3 5 0
0 0 0
board #11 9
3 2 1
4 2 0
5 1 0
3 4 0
2 5 1
3 5 1
1 5 0
2 4 1
1 4 0
2 3 0
0 0 0
board #12 12
3 2 1
4 2 1
2 2 0
2 3 1
1 3 0
1 4 1
5 1 1
0 0 1
board #13 9
3 2 1
4 2 1
2 2 1
5 1 1
1 2 0
1 3 1
0 0 0
board #14 8
3 4 1
2 4 0
1 5 1
2 5 0
3 2 1
4 2 0
5 1 0
0 0 0
board #15 9
3 2 0
3 4 1
2 4 0
1 5 0
3 1 1
4 1 0
0 0 0
board #16 8
3 2 1
4 2 1
2 2 1
5 1 0
5 2 0
4 3 1
5 3 0
4 4 0
3 5 0
0 0 0
board #17 11
3 4 0
3 2 0
2 5 1
3 5 1
1 5 0
2 4 0
3 1 1
4 1 0
0 0 0
board #18 10
3 4 1
2 4 1
4 3 0
4 4 1
1 4 0
1 5 0
2 3 1
1 3 0
2 2 1
1 2 0
2 1 0
0 0 0
board #19 13
3 2 1
4 2 1
2 2 0
2 3 1
5 1 0
5 2 1
1 4 1
0 0 1
board #20 9
3 2 0
3 4 1
2 4 1
4 3 1
1 5 1
5 2 0
5 3 0
5 1 1
4 2 0
4 4 0
3 5 1
4 5 1
5 4 0
5 5 1
0 0 1
board #21 16
3 4 0
3 2 1
4 2 0
4 1 1
5 1 1
2 3 0
2 2 1
1 2 1
0 0 0
board #22 10
3 2 1
4 2 1
2 2 1
5 1 0
5 2 1
1 2 1
0 0 0
board #23 8
3 4 0
3 2 0
3 1 1
4 1 1
5 1 0
4 2 1
5 2 1
2 2 0
2 1 0
2 5 0
0 0 1
board #24 12
3 4 1
2 4 1
4 4 0
4 3 0
3 5 1
4 5 1
5 5 1
1 4 0
1 5 0
2 3 1
1 3 1
0 0 0
board #25 13
3 2 0
3 4 0
3 1 0
2 5 1
3 5 0
0 0 1
board #26 7
3 4 1
2 4 1
4 3 1
1 4 1
5 2 0
5 3 0
5 1 1
4 2 0
4 4 1
5 4 0
4 1 1
3 2 1
2 3 1
0 0 0
board #27 15
3 4 0
3 2 0
2 5 1
3 5 0
3 1 1
4 1 0
0 0 0
board #28 8
3 4 0
3 2 1
4 2 1
2 3 1
5 1 0
5 2 1
1 3 0
1 4 0
1 5 0
1 2 0
2 1 0
0 0 0
board #29 13
3 4 0
3 2 0
4 1 0
2 5 1
3 5 1
1 5 0
2 4 0
0 0 1
board #30 9
3 2 0
3 4 0
3 1 1
4 1 0
2 5 1
3 5 1
1 5 0
2 4 0
0 0 1
board #31 10
3 4 1
2 4 0
1 5 1
2 5 1
4 3 1
5 2 1
0 0 0
board #32 8
3 2 0
3 4 1
2 4 0
2 5 0
3 1 1
4 1 0
0 0 0
board #33 8
3 4 1
2 4 0
2 5 0
3 2 0
4 1 0
0 0 1
board #34 7
3 2 1
4 2 1
2 2 1
5 2 1
1 2 0
1 3 1
0 0 1
board #35 8
3 4 1
2 4 1
4 4 1
1 4 0
1 5 1
5 3 1
0 0 1
board #36 8
3 2 1
4 2 0
4 1 1
5 1 1
2 3 0
2 2 1
1 2 0
1 3 1
0 0 0
board #37 10
3 4 1
2 4 0
1 5 1
2 5 0
3 2 0
3 1 0
0 0 1
board #38 8
3 2 1
4 2 0
4 1 1
5 1 1
2 2 0
2 3 1
1 4 1
0 0 0
board #39 9
3 2 0
3 4 1
2 4 0
2 5 0
3 1 1
4 1 1
5 1 0
4 2 1
5 2 1
2 2 1
1 2 1
0 0 1
board #40 13
3 4 1
2 4 0
1 5 1
2 5 1
4 3 0
4 4 1
5 3 1
0 0 0
board #41 9
3 4 0
3 2 0
3 1 1
4 1 0
3 5 0
0 0 1
board #42 7
3 4 1
2 4 0
1 5 1
2 5 0
3 2 1
4 2 0
4 1 0
0 0 1
board #43 9
3 4 0
3 2 0
2 5 0
3 1 1
4 1 0
0 0 1
board #44 7
3 2 0
3 4 1
2 4 1
4 3 0
4 4 0
3 5 1
4 5 0
3 1 1
4 1 1
5 1 0
4 2 1
5 2 0
0 0 1
board #45 14
3 4 0
3 2 1
4 2 0
5 1 0
2 5 1
3 5 1
1 5 0
2 4 1
1 4 0
2 3 0
0 0 0
board #46 12
3 2 0
3 4 1
2 4 1
4 3 1
1 4 0
1 5 1
5 3 1
0 0 0
board #47 9
3 4 1
2 4 1
4 3 0
4 4 0
3 5 0
3 2 0
3 1 1
4 1 0
0 0 1
board #48 10
3 4 1
2 4 1
4 3 0
4 4 0
3 5 1
4 5 0
3 2 0
4 1 0
0 0 1
board #49 10
3 4 0
3 2 0
3 1 1
4 1 1
5 1 0
4 2 0
2 5 0
0 0 0
board #50 9
3 2 1
4 2 0
4 1 1
5 1 0
3 4 0
2 5 1
3 5 1
1 5 0
2 4 1
1 4 1
4 4 1
5 3 1
0 0 0
board #51 14
3 4 0
3 2 0
3 1 1
4 1 0
2 5 1
3 5 1
1 5 0
2 4 1
1 4 0
2 3 1
1 3 0
2 2 1
1 2 1
4 4 1
5 3 0
5 4 0
4 3 0
5 5 0
0 0 0
board #52 20
3 2 0
3 4 0
3 1 1
4 1 0
2 5 0
0 0 0
board #53 7
3 4 0
3 2 0
3 1 1
4 1 1
5 1 1
2 2 1
1 2 0
1 3 1
0 0 0
board #54 10
3 2 1
4 2 1
2 2 1
5 1 0
5 2 0
4 3 1
5 3 1
1 2 0
1 3 0
1 4 1
2 3 1
0 0 1
board #55 13
3 4 0
3 2 1
4 2 0
4 1 1
5 1 0
2 5 1
3 5 1
1 5 0
2 4 1
1 4 1
4 4 1
5 3 1
0 0 0
board #56 14
3 2 1
4 2 1
2 3 0
2 2 0
3 1 0
1 5 0
1 4 0
0 0 0
board #57 9
3 4 1
2 4 0
1 5 0
3 2 1
4 2 0
5 1 0
0 0 1
board #58 8
3 2 1
4 2 0
5 1 0
3 4 1
2 4 1
4 4 0
4 3 1
5 2 1
1 4 0
1 5 0
2 3 1
1 3 0
2 2 0
2 1 0
0 0 0
board #59 16
3 2 1
4 2 0
4 1 0
3 4 1
2 4 0
2 5 0
0 0 1
board #60 8
3 4 1
2 4 0
1 5 1
2 5 0
3 2 0
3 1 1
4 1 0
0 0 0
board #61 9
3 2 0
3 4 1
2 4 0
1 5 1
2 5 1
4 3 0
4 4 1
5 4 1
0 0 0
board #62 10
3 2 1
4 2 1
2 3 1
5 1 0
5 2 0
4 3 1
5 3 0
4 4 1
5 4 0
4 5 1
5 5 0
0 0 0
board #63 13
3 4 0
3 2 1
4 2 0
4 1 1
5 1 1
2 3 0
2 2 1
1 2 0
1 3 1
0 0 1
board #64 11
3 2 1
4 2 1
2 2 1
5 1 0
5 2 0
4 3 0
4 4 1
3 4 1
2 4 1
5 4 1
1 4 0
1 5 0
2 3 0
0 0 1
board #65 15
3 2 1
4 2 0
5 1 0
3 4 0
2 5 1
3 5 0
0 0 1
board #66 8
3 4 0
3 2 0
3 1 1
4 1 1
5 1 1
2 2 0
2 1 0
3 5 0
0 0 1
board #67 10
3 2 0
3 4 1
2 4 0
1 5 0
3 1 1
4 1 0
0 0 1
board #68 8
3 2 0
3 4 1
2 4 1
4 3 0
4 4 1
5 3 0
5 4 0
4 5 1
5 5 0
3 1 0
0 0 1
board #69 12
3 2 1
4 2 1
2 2 1
5 2 1
1 2 0
1 3 0
2 3 0
1 1 1
2 1 1
0 0 1
board #70 11
3 4 1
2 4 1
4 3 0
4 4 1
5 3 1
1 4 0
1 5 0
2 3 0
2 2 0
2 1 1
3 1 1
4 1 0
3 2 0
0 0 0
board #71 15
3 4 1
2 4 0
2 5 0
3 2 1
4 2 1
2 2 0
2 3 1
1 3 0
1 4 0
2 1 1
3 1 0
0 0 1
board #72 13
3 2 0
3 4 1
2 4 1
4 3 0
4 4 1
1 4 0
1 5 0
2 3 1
1 3 1
5 3 1
0 0 0
board #73 12
3 4 0
3 2 0
3 1 0
2 5 1
3 5 1
1 5 1
4 4 1
5 4 1
0 0 1
board #74 10
3 4 0
3 2 0
3 1 0
2 5 1
3 5 1
1 5 0
2 4 0
0 0 1
board #75 9
3 4 0
3 2 0
3 1 1
4 1 0
2 5 0
0 0 0
board #76 7
3 2 1
4 2 1
2 2 1
5 1 0
5 2 1
1 2 0
1 3 1
0 0 1
board #77 9
3 2 0
3 4 0
2 5 0
3 1 1
4 1 0
0 0 1
board #78 7
3 4 1
2 4 0
1 5 1
2 5 1
4 4 0
4 3 0
3 5 0
3 2 1
4 2 0
4 1 0
0 0 0
board #79 12
3 2 1
4 2 0
5 1 0
3 4 0
2 5 1
3 5 0
0 0 1
board #80 8
3 2 0
3 4 1
2 4 0
1 5 1
2 5 1
4 3 1
5 3 1
0 0 1
board #81 9
3 4 1
2 4 0
1 5 1
2 5 1
4 3 1
5 2 1
0 0 1
board #82 8
3 2 0
3 4 0
2 5 0
4 1 0
0 0 1
board #83 6
3 4 1
2 4 0
1 5 1
2 5 1
4 3 0
4 4 0
4 5 0
3 2 0
3 1 0
0 0 0
board #84 11
3 4 1
2 4 1
4 3 0
4 4 1
1 4 0
1 5 1
5 3 1
0 0 0
board #85 9
3 4 0
3 2 0
2 5 1
3 5 0
3 1 0
0 0 1
board #86 7
3 4 0
3 2 0
4 1 0
2 5 1
3 5 0
0 0 1
board #87 7
3 4 1
2 4 1
4 3 1
1 5 1
5 3 1
0 0 0
board #88 7
3 4 1
2 4 1
4 4 1
1 4 1
5 3 0
5 4 0
4 3 1
5 2 1
0 0 1
board #89 10
3 2 1
4 2 1
2 3 1
5 1 0
5 2 0
4 3 1
5 3 1
1 4 1
0 0 1
board #90 10
3 2 1
4 2 0
5 1 0
3 4 0
3 5 0
0 0 0
board #91 7
3 4 1
2 4 1
4 4 1
1 5 1
5 4 1
0 0 0
board #92 7
3 4 0
3 2 1
4 2 0
4 1 1
5 1 0
2 5 0
0 0 0
board #93 8
3 4 0
3 2 0
2 5 1
3 5 1
1 5 0
2 4 0
3 1 1
4 1 1
5 1 1
2 2 1
1 2 0
1 3 0
1 1 1
2 1 0
1 4 1
2 3 1
0 0 1
board #94 18
3 2 1
4 2 1
2 3 0
2 2 1
5 2 1
1 2 1
0 0 0
board #95 8
3 2 1
4 2 0
5 1 0
3 4 1
2 4 0
1 5 1
2 5 0
0 0 0
board #96 9
3 4 0
3 2 1
4 2 1
2 3 0
2 2 1
1 3 1
5 2 1
0 0 0
board #97 9
3 4 0
3 2 1
4 2 1
2 3 1
5 1 0
5 2 1
1 3 1
0 0 0
board #98 9
3 4 0
3 2 1
4 2 1
2 3 0
2 2 0
2 1 1
3 1 0
2 5 1
3 5 0
0 0 1
board #99 11
3 4 0
3 2 0
4 1 0
2 5 1
3 5 1
1 5 1
4 4 1
5 4 1
0 0 1
board #100 10
3 2 0
3 4 0
3 5 0
3 1 0
0 0 1
board #101 6
3 4 1
2 4 0
2 5 0
3 2 0
3 1 0
0 0 1
board #102 7
3 2 1
4 2 1
2 3 1
5 1 1
1 3 0
1 4 1
0 0 1
board #103 8
3 4 1
2 4 0
2 5 0
3 2 0
3 1 1
4 1 0
0 0 1
board #104 8
3 2 1
4 2 1
2 3 0
2 2 0
2 1 1
3 1 0
1 5 0
1 4 1
2 4 1
3 4 0
3 5 0
0 0 1
board #105 13
3 2 1
4 2 1
2 2 1
5 1 0
5 2 1
1 2 0
1 3 0
2 3 1
1 4 0
1 5 1
2 4 1
0 0 0
board #106 13
3 2 0
3 4 1
2 4 1
4 3 0
4 4 1
5 3 0
5 4 1
1 5 1
0 0 1
board #107 10
3 2 1
4 2 0
4 1 1
5 1 1
2 3 0
2 2 0
2 1 1
3 1 1
1 1 0
1 2 1
0 0 0
board #108 12
3 2 1
4 2 1
2 3 1
5 1 0
5 2 1
1 3 0
1 4 1
0 0 0
board #109 9
3 2 0
3 4 1
2 4 0
1 5 1
2 5 0
3 1 1
4 1 0
0 0 0
board #110 9
3 4 0
3 2 0
4 1 0
2 5 0
0 0 0
board #111 6
3 2 1
4 2 0
4 1 0
3 4 0
2 5 1
3 5 1
1 5 0
2 4 0
0 0 0
board #112 10
3 2 0
3 4 0
3 5 0
4 1 0
0 0 1
board #113 6
3 4 0
3 2 0
2 5 0
3 1 1
4 1 0
0 0 1
board #114 7
3 4 0
3 2 1
4 2 1
2 3 1
5 2 1
1 3 0
1 4 0
1 5 0
2 2 0
2 1 0
0 0 0
board #115 12
3 2 1
4 2 1
2 3 1
5 1 1
1 3 1
0 0 1
board #116 7
3 2 1
4 2 0
5 1 0
3 4 0
2 5 1
3 5 0
0 0 0
board #117 8
3 2 0
3 4 1
2 4 0
2 5 0
3 1 1
4 1 0
0 0 0
board #118 8
3 2 0
3 4 0
3 1 1
4 1 0
3 5 0
0 0 0
board #119 7
3 4 1
2 4 1
4 3 1
1 5 1
5 3 1
0 0 0
board #120 7
3 4 0
3 2 0
2 5 1
3 5 1
1 5 1
4 4 0
4 5 1
5 5 1
0 0 0
board #121 10
3 4 1
2 4 1
4 3 1
1 4 0
1 5 1
5 3 1
0 0 0
board #122 8
3 2 1
4 2 0
5 1 0
3 4 0
2 5 1
3 5 0
0 0 0
board #123 8
3 2 1
4 2 1
2 3 1
5 1 0
5 2 1
1 3 0
1 4 0
1 5 0
1 2 1
2 2 1
0 0 0
board #124 12
3 4 1
2 4 0
1 5 1
2 5 0
3 2 0
4 1 0
0 0 0
board #125 8
3 4 1
2 4 0
2 5 0
3 2 0
4 1 0
0 0 0
board #126 7
3 2 1
4 2 0
4 1 1
5 1 0
3 4 0
2 5 1
3 5 0
0 0 0
board #127 9
3 2 0
3 4 0
3 5 0
4 1 0
0 0 0
board #128 6
3 4 1
2 4 1
4 4 0
4 3 1
5 2 0
5 3 1
1 5 1
0 0 0
board #129 9
3 2 1
4 2 0
4 1 1
5 1 0
3 4 1
2 4 1
4 4 0
4 3 0
3 5 0
0 0 0
board #130 11
3 2 0
3 4 0
3 5 0
3 1 1
4 1 0
0 0 0
board #131 7
3 4 1
2 4 1
4 3 1
1 4 0
1 5 0
2 3 0
2 2 1
3 2 1
4 2 1
1 3 1
5 1 0
5 2 0
5 3 0
4 4 0
3 5 1
4 5 0
0 0 1
board #132 18
3 2 0
3 4 0
3 1 0
2 5 0
0 0 0
board #133 6
3 2 1
4 2 1
2 2 1
5 1 0
5 2 1
1 2 0
1 3 1
0 0 0
board #134 9
3 2 1
4 2 1
2 3 1
5 2 1
1 4 1
0 0 0
board #135 7
3 4 0
3 2 1
4 2 0
4 1 1
5 1 0
2 5 1
3 5 0
0 0 0
board #136 9
3 4 0
3 2 1
4 2 0
4 1 1
5 1 1
2 3 0
2 2 1
1 2 1
0 0 1
board #137 10
3 2 0
3 4 1
2 4 1
4 3 0
4 4 0
4 5 0
4 1 0
0 0 1
board #138 9
3 2 0
3 4 1
2 4 1
4 3 1
1 4 0
1 5 0
2 3 1
1 3 0
2 2 0
2 1 1
3 1 1
4 1 1
5 1 0
4 2 0
0 0 1
board #139 16
3 2 1
4 2 1
2 3 0
2 2 1
1 2 0
1 3 0
2 1 0
3 4 1
1 5 1
2 5 1
4 3 0
4 4 0
3 5 1
4 5 0
0 0 1
board #140 16
3 4 0
3 2 1
4 2 0
4 1 1
5 1 0
3 5 0
0 0 0
board #141 8
3 4 1
2 4 1
4 3 0
4 4 1
5 3 0
5 4 0
5 5 0
3 2 1
4 2 1
5 1 0
5 2 1
2 3 1
1 3 0
1 4 1
0 0 1
board #142 16
3 2 1
4 2 0
4 1 1
5 1 1
2 2 0
2 3 0
2 1 0
3 4 1
1 5 1
2 4 0
2 5 0
0 0 1
board #143 13
3 2 0
3 4 0
3 1 0
2 5 1
3 5 0
0 0 1
board #144 7
3 4 1
2 4 0
1 5 0
3 2 0
4 1 0
0 0 0
board #145 7
3 2 0
3 4 0
3 1 1
4 1 1
5 1 1
2 2 0
2 1 0
2 5 0
0 0 0
board #146 10
3 2 1
4 2 1
2 3 1
5 1 0
5 2 1
1 4 1
0 0 0
board #147 8
3 2 0
3 4 1
2 4 1
4 3 1
1 5 1
5 3 1
0 0 0
board #148 8
3 2 1
4 2 1
2 2 1
5 1 0
5 2 1
1 2 0
1 3 0
2 3 0
1 1 1
2 1 1
0 0 0
board #149 12
3 2 0
3 4 1
2 4 1
4 3 0
4 4 1
5 3 1
1 4 0
1 5 0
2 3 0
3 1 1
4 1 1
5 1 1
2 2 0
2 1 1
1 1 1
0 0 1
board #150 17
3 2 0
3 4 0
2 5 0
3 1 1
4 1 0
0 0 1
board #151 7
3 4 1
2 4 1
4 4 1
1 5 1
5 3 0
5 4 0
4 3 0
4 5 1
5 5 1
0 0 0
board #152 11
3 2 1
4 2 0
4 1 0
3 4 1
2 4 0
2 5 0
0 0 0
board #153 8
3 2 0
3 4 0
3 1 0
2 5 0
0 0 1
board #154 6
3 2 1
4 2 1
2 3 0
2 2 1
1 3 1
5 2 1
0 0 0
board #155 8
3 2 0
3 4 1
2 4 1
4 3 1
1 4 0
1 5 1
5 2 1
0 0 1
board #156 9
3 4 1
2 4 1
4 4 1
1 4 1
5 3 0
5 4 0
4 3 1
5 2 1
0 0 0
board #157 10
3 2 1
4 2 0
5 1 0
3 4 0
2 5 1
3 5 1
1 5 0
2 4 1
1 4 0
2 3 1
1 3 0
1 2 0
2 1 0
0 0 1
board #158 15
3 4 0
3 2 1
4 2 1
2 3 0
2 2 1
1 2 1
5 1 0
5 2 0
4 3 0
2 5 1
3 5 1
1 5 1
4 5 0
4 4 0
0 0 0
board #159 16
3 2 0
3 4 0
3 1 1
4 1 0
2 5 1
3 5 1
1 5 0
2 4 0
0 0 0
board #160 10
3 2 0
3 4 0
2 5 1
3 5 1
1 5 0
2 4 0
3 1 1
4 1 1
5 1 0
4 2 1
5 2 1
2 2 1
1 3 1
0 0 1
board #161 15
3 4 0
3 2 0
3 5 0
4 1 0
0 0 0
board #162 6
3 2 0
3 4 1
2 4 0
1 5 0
4 1 0
0 0 1
board #163 7
3 2 1
4 2 1
2 3 1
5 1 0
5 2 1
1 4 1
0 0 1
board #164 8
3 4 1
2 4 0
1 5 1
2 5 0
3 2 0
3 1 1
4 1 0
0 0 0
board #165 9
3 4 1
2 4 0
1 5 0
3 2 0
3 1 1
4 1 1
5 1 0
4 2 0
0 0 0
board #166 10
3 2 1
4 2 1
2 3 1
5 1 1
1 3 0
1 4 0
1 5 1
2 4 0
2 5 1
3 4 1
4 3 1
0 0 1
board #167 13
3 2 0
3 4 1
2 4 1
4 3 1
1 4 0
1 5 0
2 3 1
1 3 0
2 2 1
1 2 1
5 2 1
0 0 0
board #168 13
3 4 1
2 4 0
2 5 0
3 2 0
4 1 0
0 0 1
board #169 7
3 4 1
2 4 1
4 4 0
4 3 0
3 5 1
4 5 1
5 5 1
1 4 0
1 5 1
0 0 1
board #170 11
3 2 1
4 2 0
4 1 1
5 1 1
2 2 1
1 2 0
1 3 0
2 3 1
1 4 1
0 0 0
board #171 11
3 2 0
3 4 1
2 4 1
4 3 0
4 4 1
5 3 0
5 4 1
1 5 1
0 0 0
board #172 10
3 2 1
4 2 0
4 1 1
5 1 1
2 3 1
1 3 0
1 4 1
0 0 0
board #173 9
3 4 1
2 4 0
2 5 0
3 2 0
4 1 0
0 0 0
board #174 7
3 4 0
3 2 0
2 5 0
4 1 0
0 0 0
board #175 6
3 4 1
2 4 1
4 4 0
4 3 0
3 5 1
4 5 0
3 2 1
4 2 1
5 1 0
5 2 1
2 3 1
1 3 0
1 5 1
0 0 0
board #176 15
3 2 1
4 2 0
5 1 0
3 4 1
2 4 1
4 3 1
1 5 1
5 2 1
0 0 1
board #177 10
3 2 1
4 2 1
2 3 1
5 1 0
5 2 0
4 3 0
4 4 1
3 4 0
2 5 1
3 5 0
0 0 0
board #178 12
3 2 0
3 4 1
2 4 1
4 3 0
4 4 1
5 3 0
5 4 0
5 5 0
4 1 0
0 0 1
board #179 11
3 2 1
4 2 1
2 3 0
2 2 0
2 1 0
3 4 0
2 5 1
3 5 1
1 5 0
2 4 0
0 0 1
board #180 12
3 4 0
3 2 1
4 2 1
2 3 1
5 2 1
1 4 1
0 0 1
board #181 8
3 2 1
4 2 1
2 3 0
2 2 1
1 2 1
5 2 1
0 0 0
board #182 8
3 2 0
3 4 0
2 5 1
3 5 1
1 5 1
4 4 1
5 4 1
0 0 0
board #183 9
3 2 0
3 4 1
2 4 0
1 5 1
2 5 0
4 1 0
0 0 1
board #184 8
3 4 1
2 4 1
4 4 0
4 3 1
5 2 1
1 4 0
1 5 0
2 3 0
2 2 1
4 2 0
4 1 1
5 1 0
0 0 0
board #185 14
3 4 0
3 2 1
4 2 0
5 1 0
3 5 0
0 0 0
board #186 7
3 2 1
4 2 0
4 1 1
5 1 0
3 4 1
2 4 0
2 5 0
0 0 1
board #187 9
3 2 0
3 4 0
3 5 0
3 1 1
4 1 1
5 1 1
2 2 1
1 2 0
1 3 0
2 3 1
1 4 0
1 5 0
1 1 1
2 1 0
0 0 1
board #188 16
3 4 0
3 2 1
4 2 0
4 1 1
5 1 1
2 3 1
1 3 0
1 4 1
0 0 0
board #189 10
3 4 0
3 2 1
4 2 1
2 3 0
2 2 0
2 1 1
3 1 1
1 1 0
1 2 0
3 5 0
0 0 0
board #190 12
3 4 0
3 2 0
2 5 1
3 5 0
3 1 1
4 1 0
0 0 1
board #191 8
3 4 1
2 4 1
4 3 0
4 4 0
3 5 0
3 2 1
5 1 0
4 2 1
5 2 0
0 0 1
board #192 11
3 4 1
2 4 1
4 3 1
1 4 0
1 5 1
5 2 0
5 3 1
0 0 0
board #193 9
3 2 1
4 2 1
2 2 0
2 3 0
2 1 1
3 1 1
1 2 1
5 1 1
0 0 0
board #194 10
3 4 0
3 2 0
3 1 0
2 5 1
3 5 0
0 0 0
board #195 7
3 4 1
2 4 0
2 5 0
3 2 1
4 2 0
5 1 0
0 0 1
board #196 8
3 4 1
2 4 0
1 5 1
2 5 1
4 3 0
4 4 0
3 5 1
4 5 1
5 4 1
0 0 1
board #197 11
3 2 0
3 4 0
3 5 0
4 1 0
0 0 0
board #198 6
3 4 0
3 2 1
4 2 1
2 3 1
5 2 1
1 3 1
0 0 0
board #199 8
3 2 1
4 2 1
2 3 1
5 1 1
1 3 1
0 0 1
board #200 7
3 2 1
4 2 1
2 3 0
2 2 1
1 2 1
5 1 0
5 2 1
0 0 0
board #201 9
3 2 0
3 4 0
4 1 0
2 5 1
3 5 1
1 5 1
4 4 0
4 5 0
0 0 1
board #202 10
3 2 1
4 2 0
4 1 1
5 1 1
2 3 1
1 3 0
1 4 0
1 5 0
2 2 0
2 1 0
0 0 1
board #203 12
3 4 0
3 2 0
2 5 1
3 5 0
4 1 0
0 0 0
board #204 7
3 4 1
2 4 0
1 5 0
3 2 0
3 1 0
0 0 0
board #205 7
3 4 1
2 4 1
4 3 0
4 4 0
4 5 0
3 2 1
4 2 0
4 1 1
5 1 1
2 3 0
2 2 0
2 1 1
3 1 1
1 2 1
0 0 0
board #206 16
3 2 0
3 4 0
3 1 1
4 1 0
2 5 1
3 5 1
1 5 1
4 4 0
4 5 0
0 0 1
board #207 11
3 4 0
3 2 0
3 1 0
2 5 1
3 5 1
1 5 0
2 4 1
1 4 1
4 4 1
5 4 1
0 0 0
board #208 12
3 4 1
2 4 1
4 4 0
4 3 1
1 4 0
1 5 1
5 3 1
0 0 1
board #209 9
3 4 1
2 4 0
2 5 0
3 2 0
3 1 0
0 0 0
board #210 7
3 2 0
3 4 0
2 5 0
3 1 1
4 1 0
0 0 1
board #211 7
3 2 1
4 2 0
4 1 1
5 1 0
3 4 0
2 5 1
3 5 0
0 0 0
board #212 9
3 4 1
2 4 0
1 5 1
2 5 0
3 2 0
3 1 1
4 1 0
0 0 1
board #213 9
3 2 1
4 2 0
4 1 1
5 1 1
2 3 0
2 2 1
1 3 1
0 0 1
board #214 9
3 4 0
3 2 1
4 2 0
4 1 1
5 1 0
2 5 1
3 5 1
1 5 0
2 4 1
1 4 1
4 4 1
5 3 0
5 4 1
0 0 0
board #215 15
3 2 1
4 2 1
2 3 0
2 2 1
1 3 1
5 1 0
5 2 0
4 3 1
5 3 0
4 4 0
3 5 0
0 0 1
board #216 13
3 4 1
2 4 0
1 5 0
3 2 0
3 1 1
4 1 1
5 1 1
2 2 1
1 3 1
0 0 1
board #217 11
3 2 0
3 4 0
2 5 0
4 1 0
0 0 0
board #218 6
3 2 0
3 4 1
2 4 0
1 5 0
4 1 0
0 0 1
board #219 7
3 2 1
4 2 0
4 1 1
5 1 0
3 4 1
2 4 1
4 4 0
4 3 0
3 5 0
0 0 1
board #220 11
3 2 0
3 4 1
2 4 1
4 3 1
1 4 0
1 5 0
2 3 1
1 3 0
2 2 0
4 1 0
0 0 1
board #221 12
3 4 0
3 2 0
3 5 0
3 1 1
4 1 0
0 0 0
board #222 7
3 4 1
2 4 0
2 5 0
3 2 0
4 1 0
0 0 0
board #223 7
3 4 0
3 2 0
2 5 1
3 5 0
3 1 1
4 1 1
5 1 0
4 2 0
0 0 1
board #224 10
3 4 1
2 4 0
1 5 1
2 5 1
4 3 1
5 2 0
5 3 0
5 1 1
4 2 1
0 0 0
board #225 11
3 2 1
4 2 0
4 1 1
5 1 1
2 3 1
1 3 0
1 4 0
1 5 1
2 4 1
0 0 1
board #226 11
3 4 0
3 2 0
3 1 1
4 1 0
2 5 1
3 5 0
0 0 1
board #227 8
3 2 0
3 4 0
2 5 1
3 5 1
1 5 0
2 4 0
4 1 0
0 0 1
board #228 9
3 2 1
4 2 0
4 1 1
5 1 1
2 3 0
2 2 1
1 2 0
1 3 0
2 1 0
3 4 1
1 5 0
1 4 1
2 4 1
4 4 0
4 3 0
4 5 0
0 0 0
board #229 18
3 4 0
3 2 1
4 2 1
2 3 1
5 2 1
1 3 0
1 4 1
0 0 0
board #230 9
3 4 1
2 4 0
1 5 1
2 5 1
4 3 1
5 2 1
0 0 1
board #231 8
3 4 1
2 4 0
1 5 1
2 5 0
3 2 0
3 1 0
0 0 0
board #232 8
3 2 1
4 2 1
2 3 0
2 2 0
2 1 1
3 1 1
1 1 1
5 1 1
0 0 0
board #233 10
3 4 1
2 4 1
4 3 1
1 4 1
5 2 0
5 3 1
0 0 1
board #234 8
3 2 0
3 4 0
3 1 0
2 5 1
3 5 1
1 5 1
4 4 1
5 3 0
5 4 0
4 3 1
5 2 1
0 0 1
board #235 13
3 2 1
4 2 1
2 3 1
5 1 1
1 3 1
0 0 0
board #236 7
3 4 0
3 2 0
2 5 0
3 1 1
4 1 0
0 0 1
board #237 7
3 4 1
2 4 0
1 5 1
2 5 1
4 3 1
5 2 0
5 3 0
5 1 0
4 4 1
5 4 0
5 5 0
0 0 0
board #238 13
3 4 0
3 2 0
3 1 0
2 5 1
3 5 1
1 5 1
4 4 0
4 5 0
0 0 1
board #239 10
3 2 1
4 2 0
4 1 1
5 1 0
3 4 0
2 5 1
3 5 0
0 0 0
board #240 9
3 4 0
3 2 0
2 5 1
3 5 0
3 1 0
0 0 1
board #241 7
3 4 1
2 4 1
4 3 0
4 4 1
5 3 0
5 4 1
1 4 0
1 5 1
0 0 0
board #242 10
3 4 0
3 2 1
4 2 0
4 1 1
5 1 1
2 3 1
1 3 0
1 4 0
1 5 0
2 2 1
1 2 1
0 0 1
board #243 13
3 2 1
4 2 1
2 3 0
2 2 0
2 1 1
3 1 1
1 1 0
1 2 0
3 4 1
1 5 0
1 4 1
2 4 0
0 0 1
board #244 14
3 2 1
4 2 0
5 1 0
3 4 0
2 5 1
3 5 0
0 0 1
board #245 8
3 2 1
4 2 1
2 3 1
5 2 1
1 3 0
1 4 0
1 5 0
2 2 1
1 2 0
1 1 1
2 1 1
0 0 1
board #246 13
3 2 1
4 2 1
2 3 0
2 2 1
1 2 1
5 1 0
5 2 1
0 0 1
board #247 9
3 2 1
4 2 0
4 1 0
3 4 1
2 4 0
1 5 1
2 5 0
0 0 1
board #248 9
3 4 0
3 2 0
3 5 0
3 1 1
4 1 0
0 0 1
board #249 7
3 4 0
3 2 0
4 1 0
2 5 1
3 5 0
0 0 1
board #250 7
3 4 0
3 2 0
3 1 0
2 5 1
3 5 1
1 5 1
4 4 0
4 5 0
0 0 0
board #251 10
3 2 1
4 2 1
2 3 1
5 2 1
1 4 1
0 0 0
board #252 7
3 2 1
4 2 1
2 3 1
5 1 1
1 3 1
0 0 1
board #253 7
3 4 1
2 4 1
4 4 0
4 3 0
4 5 0
3 2 1
5 1 0
5 2 0
0 0 0
board #254 10
3 2 0
3 4 0
3 1 0
2 5 1
3 5 1
1 5 0
2 4 0
0 0 0
board #255 9
3 4 1
2 4 1
4 3 0
4 4 1
1 4 0
1 5 1
5 3 1
0 0 0
board #256 9
3 4 1
2 4 1
4 3 1
1 4 0
1 5 1
5 2 1
0 0 1
board #257 8
3 4 0
3 2 0
2 5 0
3 1 1
4 1 1
5 1 1
2 2 0
2 1 0
0 0 1
board #258 10
3 2 0
3 4 0
2 5 0
4 1 0
0 0 1
board #259 6
3 4 0
3 2 0
2 5 1
3 5 1
1 5 0
2 4 0
4 1 0
0 0 1
board #260 9
3 4 0
3 2 0
4 1 0
2 5 0
0 0 1
board #261 6
3 2 0
3 4 1
2 4 1
4 3 1
1 4 0
1 5 1
5 2 1
0 0 1
board #262 9
3 4 0
3 2 1
4 2 1
2 3 1
5 2 1
1 4 1
0 0 1
board #263 8
3 4 1
2 4 1
4 4 0
4 3 0
3 5 1
4 5 0
3 2 1
5 1 1
4 1 0
4 2 0
0 0 1
board #264 12
3 2 0
3 4 0
2 5 1
3 5 1
1 5 1
4 4 1
5 4 1
0 0 0
board #265 9
3 4 0
3 2 0
4 1 0
2 5 1
3 5 1
1 5 1
4 4 0
4 5 1
5 4 0
5 5 1
0 0 0
board #266 12
3 4 0
3 2 1
4 2 0
4 1 1
5 1 1
2 3 0
2 2 1
1 2 0
1 3 0
1 1 0
3 5 0
0 0 1
board #267 13
3 2 0
3 4 0
2 5 0
4 1 0
0 0 1
board #268 6
3 4 0
3 2 0
3 1 1
4 1 0
2 5 0
0 0 0
board #269 7
3 2 0
3 4 0
2 5 1
3 5 1
1 5 0
2 4 1
1 4 1
4 4 0
4 5 0
3 1 0
0 0 0
board #270 12
3 4 1
2 4 0
1 5 1
2 5 0
3 2 0
3 1 1
4 1 1
5 1 1
2 2 1
1 2 0
1 3 0
1 1 0
1 4 1
2 3 0
0 0 0
board #271 16
3 4 0
3 2 1
4 2 0
5 1 0
2 5 1
3 5 1
1 5 1
4 4 0
4 5 1
5 4 0
5 5 0
0 0 1
board #272 13
3 4 1
2 4 0
1 5 0
3 2 0
3 1 0
0 0 1
board #273 7
3 2 1
4 2 1
2 3 0
2 2 1
1 2 1
5 1 0
5 2 1
0 0 1
board #274 9
3 4 1
2 4 1
4 4 0
4 3 1
5 3 1
1 5 1
0 0 0
board #275 8
3 4 0
3 2 0
3 1 1
4 1 1
5 1 0
4 2 0
2 5 0
0 0 1
board #276 9
3 2 1
4 2 0
4 1 1
5 1 1
2 3 1
1 4 1
0 0 0
board #277 8
3 4 0
3 2 0
3 5 0
3 1 0
0 0 0
board #278 6
3 2 0
3 4 1
2 4 1
4 3 1
1 4 0
1 5 1
5 2 0
5 3 1
0 0 1
board #279 10
3 2 1
4 2 0
4 1 1
5 1 0
3 4 1
2 4 0
1 5 1
2 5 0
0 0 0
board #280 10
3 4 1
2 4 0
1 5 1
2 5 0
3 2 0
3 1 1
4 1 1
5 1 1
2 2 1
1 2 0
1 3 1
0 0 1
board #281 13
3 2 0
3 4 1
2 4 0
1 5 0
3 1 0
0 0 1
board #282 7
3 2 0
3 4 1
2 4 1
4 3 0
4 4 1
5 3 1
1 4 1
0 0 0
board #283 9
3 2 0
3 4 1
2 4 1
4 4 1
1 4 1
5 4 1
0 0 0
board #284 8
3 4 1
2 4 1
4 3 0
4 4 0
3 5 1
4 5 0
3 2 1
4 2 1
5 2 1
2 3 0
2 2 0
2 1 1
3 1 1
1 1 1
0 0 0
board #285 16
3 2 1
4 2 1
2 3 0
2 2 0
3 1 0
1 5 0
1 4 1
2 4 1
3 4 0
3 5 0
0 0 0
board #286 12
3 4 1
2 4 0
1 5 1
2 5 1
4 3 1
5 2 0
5 3 1
0 0 0
board #287 9
3 4 1
2 4 0
1 5 1
2 5 0
3 2 0
3 1 0
0 0 0
board #288 8
3 4 0
3 2 0
2 5 1
3 5 0
4 1 0
0 0 1
board #289 7
3 2 1
4 2 1
2 3 1
5 1 0
5 2 1
1 3 0
1 4 1
0 0 0
board #290 9
3 4 1
2 4 1
4 3 1
1 4 0
1 5 1
5 2 0
5 3 1
0 0 0
board #291 9
3 2 0
3 4 1
2 4 1
4 3 0
4 4 1
5 4 1
1 4 0
1 5 0
2 3 1
1 3 0
2 2 0
3 1 0
0 0 1
board #292 14
3 4 0
3 2 1
4 2 1
2 3 0
2 2 0
3 1 0
2 5 0
0 0 0
board #293 9
3 4 1
2 4 1
4 3 0
4 4 1
1 4 1
5 3 1
0 0 0
board #294 8
3 4 0
3 2 0
2 5 1
3 5 0
3 1 1
4 1 1
5 1 1
2 2 0
2 1 1
1 1 1
0 0 0
board #295 12
3 4 0
3 2 1
4 2 1
2 3 1
5 1 1
1 3 1
0 0 0
board #296 8
3 4 1
2 4 1
4 3 1
1 4 1
5 2 0
5 3 1
0 0 0
board #297 8
3 2 0
3 4 1
2 4 1
4 3 1
1 5 1
5 3 1
0 0 0
board #298 8
3 2 1
4 2 1
2 2 1
5 1 1
1 2 0
1 3 1
0 0 1
board #299 8
3 2 1
4 2 1
2 3 0
2 2 0
3 1 0
3 4 1
1 5 0
2 4 0
0 0 1
board #300 10
3 2 1
4 2 1
2 2 0
2 3 0
2 1 1
3 1 1
1 1 0
1 2 0
3 4 1
1 5 1
2 4 1
4 3 0
4 4 1
5 3 1
0 0 1
board #301 16
3 4 0
3 2 0
2 5 0
3 1 0
0 0 1
board #302 6
3 4 0
3 2 1
4 2 0
5 1 0
2 5 1
3 5 0
0 0 1
board #303 8
3 4 1
2 4 0
1 5 1
2 5 1
4 3 1
5 2 0
5 3 1
0 0 0
board #304 9
3 2 0
3 4 1
2 4 1
4 3 1
1 4 1
5 2 1
0 0 1
board #305 8
3 4 0
3 2 1
4 2 0
4 1 1
5 1 0
2 5 0
0 0 1
board #306 8
3 2 1
4 2 0
4 1 1
5 1 0
3 4 1
2 4 1
4 4 0
4 3 1
5 3 1
1 4 0
1 5 0
2 3 1
1 3 0
1 2 0
1 1 1
2 1 0
0 0 0
board #307 18
3 2 1
4 2 0
4 1 1
5 1 1
2 2 1
1 3 1
0 0 0
board #308 8
3 2 1
4 2 0
4 1 1
5 1 0
3 4 1
2 4 0
1 5 0
0 0 0
board #309 9
3 2 1
4 2 0
4 1 0
3 4 0
2 5 0
0 0 1
board #310 7
3 2 0
3 4 0
2 5 0
3 1 0
0 0 1
board #311 6
3 4 1
2 4 0
1 5 1
2 5 1
4 3 1
5 2 0
5 3 0
5 1 0
5 4 1
4 4 0
4 5 0
0 0 1
board #312 13
3 2 1
4 2 1
2 3 1
5 2 1
1 3 0
1 4 0
1 5 0
1 2 1
2 2 0
2 1 1
3 1 1
0 0 0
board #313 13
3 2 1
4 2 1
2 3 1
5 1 1
1 3 1
0 0 0
board #314 7
3 2 1
4 2 0
5 1 0
3 4 0
2 5 0
0 0 0
board #315 7
3 2 0
3 4 1
2 4 1
4 3 0
4 4 1
5 3 0
5 4 1
1 4 0
1 5 1
0 0 0
board #316 11
3 2 1
4 2 1
2 2 1
5 1 0
5 2 0
4 3 0
4 4 1
3 4 1
2 4 0
1 5 0
0 0 0
board #317 12
3 4 0
3 2 1
4 2 0
4 1 1
5 1 0
3 5 0
0 0 0
board #318 8
3 4 1
2 4 0
1 5 1
2 5 1
4 3 0
4 4 0
3 5 0
3 2 0
4 1 0
0 0 0
board #319 11
3 2 0
3 4 0
2 5 1
3 5 0
3 1 0
0 0 1
board #320 7
3 4 0
3 2 1
4 2 0
5 1 0
2 5 0
0 0 0
board #321 7
3 4 0
3 2 0
4 1 0
2 5 1
3 5 0
0 0 0
board #322 7
3 2 0
3 4 1
2 4 1
4 3 0
4 4 1
5 3 0
5 4 1
1 4 0
1 5 0
2 3 1
1 3 1
0 0 0
board #323 13
3 2 1
4 2 0
5 1 0
3 4 1
2 4 0
2 5 0
0 0 0
board #324 8
3 4 1
2 4 1
4 3 0
4 4 0
3 5 1
4 5 0
3 2 0
3 1 1
4 1 0
0 0 0
board #325 11
3 4 0
3 2 0
4 1 0
2 5 1
3 5 0
0 0 1
board #326 7
3 2 0
3 4 1
2 4 1
4 3 0
4 4 1
5 3 0
5 4 1
1 4 0
1 5 0
2 3 0
4 1 0
0 0 0
board #327 13
3 4 0
3 2 1
4 2 1
2 3 0
2 2 1
1 2 0
1 3 1
5 2 1
0 0 1
board #328 10
3 4 1
2 4 0
1 5 1
2 5 0
3 2 1
4 2 0
5 1 0
0 0 0
board #329 9
3 2 0
3 4 0
2 5 1
3 5 0
4 1 0
0 0 1
board #330 7
3 2 1
4 2 0
5 1 0
3 4 1
2 4 0
2 5 0
0 0 1
board #331 8
3 4 0
3 2 1
4 2 0
4 1 1
5 1 1
2 3 1
1 3 0
1 4 0
1 5 1
2 4 0
1 2 0
1 1 0
3 5 0
0 0 1
board #332 15
3 2 0
3 4 1
2 4 1
4 3 0
4 4 1
5 3 1
1 4 0
1 5 0
2 3 0
3 1 1
4 1 0
0 0 1
board #333 13
3 2 0
3 4 0
2 5 1
3 5 1
1 5 1
4 4 1
5 3 0
5 4 1
0 0 0
board #334 10
3 4 1
2 4 0
1 5 1
2 5 1
4 3 1
5 2 0
5 3 1
0 0 0
board #335 9
3 4 0
3 2 1
4 2 0
5 1 0
2 5 1
3 5 1
1 5 0
2 4 0
0 0 0
board #336 10
3 2 1
4 2 1
2 3 1
5 1 0
5 2 0
4 3 1
5 3 0
4 4 1
5 4 0
4 5 0
0 0 1
board #337 12
3 4 0
3 2 0
3 1 1
4 1 1
5 1 0
4 2 0
2 5 0
0 0 1
board #338 9
3 4 0
3 2 0
3 1 1
4 1 0
2 5 0
0 0 1
board #339 7
3 4 0
3 2 0
2 5 1
3 5 1
1 5 1
4 4 0
4 5 1
5 4 1
0 0 0
board #340 10
3 4 1
2 4 1
4 3 0
4 4 0
3 5 1
4 5 1
5 4 0
5 5 0
3 2 0
3 1 1
4 1 1
5 1 1
2 2 1
1 2 0
1 3 0
2 3 1
1 4 1
0 0 1
board #341 19
3 4 1
2 4 0
1 5 1
2 5 0
3 2 1
4 2 0
5 1 0
0 0 1
board #342 9
3 2 1
4 2 1
2 3 0
2 2 0
2 1 0
3 4 0
2 5 1
3 5 1
1 5 0
1 4 1
2 4 0
0 0 0
board #343 13
3 2 1
4 2 0
4 1 1
5 1 1
2 3 0
2 2 1
1 2 0
1 3 1
0 0 1
board #344 10
3 4 0
3 2 0
2 5 1
3 5 0
3 1 0
0 0 1
board #345 7
3 4 0
3 2 1
4 2 1
2 3 0
2 2 1
1 2 0
1 3 1
5 2 1
0 0 1
board #346 10
3 2 0
3 4 1
2 4 0
2 5 0
3 1 0
0 0 0
board #347 7
3 4 0
3 2 0
2 5 1
3 5 1
1 5 0
2 4 0
3 1 1
4 1 1
5 1 0
4 2 0
0 0 1
board #348 12
3 4 1
2 4 0
2 5 0
3 2 1
4 2 0
4 1 0
0 0 0
board #349 8
3 4 0
3 2 1
4 2 0
5 1 0
2 5 1
3 5 0
0 0 1
board #350 8
3 2 1
4 2 1
2 3 1
5 1 1
1 3 1
0 0 1
board #351 7
3 4 0
3 2 1
4 2 1
2 3 1
5 1 1
1 4 1
0 0 0
board #352 8
3 4 0
3 2 1
4 2 1
2 3 1
5 1 1
1 3 0
1 4 1
0 0 1
board #353 9
3 4 1
2 4 1
4 3 0
4 4 1
1 4 0
1 5 1
5 3 0
5 4 0
5 5 0
3 2 0
3 1 1
4 1 1
5 1 1
2 2 0
2 1 1
1 1 1
0 0 1
board #354 18
3 2 1
4 2 1
2 2 1
5 1 0
5 2 0
4 3 0
4 4 1
3 4 0
2 5 1
3 5 1
1 5 0
2 4 0
0 0 1
board #355 14
3 2 0
3 4 1
2 4 0
1 5 0
3 1 0
0 0 0
board #356 7
3 4 0
3 2 0
3 1 1
4 1 0
2 5 1
3 5 1
1 5 0
2 4 1
1 4 1
4 4 1
5 3 0
5 4 1
0 0 0
board #357 14
3 4 0
3 2 0
3 1 1
4 1 0
2 5 1
3 5 0
0 0 0
board #358 8
3 2 1
4 2 0
4 1 1
5 1 0
3 4 0
2 5 0
0 0 1
board #359 8
3 4 0
3 2 1
4 2 1
2 3 1
5 1 1
1 3 1
0 0 1
board #360 8
3 2 0
3 4 0
2 5 1
3 5 0
3 1 1
4 1 0
0 0 1
board #361 8
3 4 1
2 4 0
1 5 1
2 5 0
3 2 0
3 1 0
0 0 0
board #362 8
3 2 0
3 4 0
3 1 1
4 1 0
2 5 1
3 5 1
1 5 1
4 4 1
5 3 0
5 4 1
0 0 1
board #363 12
3 4 1
2 4 0
2 5 0
3 2 1
4 2 0
4 1 1
5 1 1
2 2 0
2 3 0
2 1 1
3 1 0
0 0 0
board #364 13
3 4 0
3 2 0
2 5 1
3 5 0
3 1 1
4 1 0
0 0 1
board #365 8
3 4 0
3 2 0
3 1 1
4 1 0
3 5 0
0 0 1
board #366 7
3 2 0
3 4 0
2 5 1
3 5 0
4 1 0
0 0 1
board #367 7
3 4 0
3 2 0
2 5 1
3 5 0
3 1 1
4 1 0
0 0 0
board #368 8
3 4 0
3 2 0
4 1 0
2 5 0
0 0 0
board #369 6
3 4 0
3 2 0
3 1 1
4 1 1
5 1 1
2 2 0
2 1 1
1 1 0
1 2 1
0 0 1
board #370 11
3 4 1
2 4 0
1 5 0
3 2 0
3 1 1
4 1 1
5 1 1
2 2 1
1 2 1
0 0 1
board #371 11
3 2 1
4 2 0
4 1 1
5 1 1
2 3 0
2 2 0
2 1 0
3 4 1
1 5 0
2 4 0
0 0 1
board #372 12
3 4 1
2 4 0
1 5 1
2 5 1
4 3 1
5 2 0
5 3 0
5 1 0
5 4 1
4 4 1
0 0 1
board #373 12
3 4 1
2 4 0
1 5 0
3 2 1
4 2 1
2 2 1
5 1 1
1 2 0
1 3 1
0 0 1
board #374 11
3 2 1
4 2 0
4 1 0
3 4 1
2 4 0
1 5 1
2 5 0
0 0 0
board #375 9
3 4 0
3 2 0
4 1 0
2 5 1
3 5 0
0 0 1
board #376 7
3 4 1
2 4 1
4 3 1
1 4 0
1 5 0
2 3 1
1 3 1
5 2 0
5 3 1
0 0 0
board #377 11
3 2 0
3 4 0
3 1 1
4 1 1
5 1 1
2 2 1
1 2 1
0 0 1
board #378 9
3 4 1
2 4 1
4 3 1
1 4 0
1 5 0
2 3 0
2 2 1
3 2 1
4 2 1
1 3 1
5 2 1
0 0 1
board #379 13
3 2 0
3 4 1
2 4 1
4 3 1
1 4 0
1 5 1
5 3 1
0 0 1
board #380 9
3 2 1
4 2 0
4 1 0
3 4 0
2 5 0
0 0 0
board #381 7
3 4 1
2 4 1
4 3 1
1 4 0
1 5 0
2 3 1
1 3 0
2 2 1
1 2 0
1 1 1
2 1 1
5 2 0
5 3 1
0 0 1
board #382 15
3 2 1
4 2 0
4 1 0
3 4 0
2 5 1
3 5 1
1 5 1
4 4 0
4 5 0
0 0 1
board #383 11
3 2 0
3 4 0
3 5 0
3 1 0
0 0 0
board #384 6
3 4 0
3 2 0
4 1 0
2 5 0
0 0 0
board #385 6
3 2 1
4 2 1
2 3 0
2 2 0
3 1 0
3 4 1
1 5 0
1 4 0
0 0 0
board #386 10
3 4 1
2 4 0
1 5 1
2 5 1
4 3 0
4 4 1
5 3 1
0 0 0
board #387 9
3 4 1
2 4 0
1 5 1
2 5 0
3 2 0
3 1 0
0 0 1
board #388 8
3 4 1
2 4 1
4 3 0
4 4 1
5 3 0
5 4 1
1 4 0
1 5 0
2 3 1
1 3 1
0 0 0
board #389 12
3 2 0
3 4 0
3 1 1
4 1 1
5 1 1
2 2 1
1 2 0
1 3 1
0 0 1
board #390 10
3 4 1
2 4 0
1 5 1
2 5 1
4 4 1
5 3 0
5 4 0
4 3 1
5 2 1
0 0 0
board #391 11
3 2 0
3 4 1
2 4 1
4 3 0
4 4 0
3 5 1
4 5 1
5 4 1
1 5 1
0 0 1
board #392 11
3 4 0
3 2 0
2 5 1
3 5 0
3 1 1
4 1 1
5 1 0
4 2 1
5 2 1
2 2 0
2 1 0
0 0 1
board #393 13
3 2 0
3 4 0
2 5 1
3 5 0
3 1 1
4 1 1
5 1 0
4 2 1
5 2 1
2 2 0
2 1 0
0 0 0
board #394 13
3 4 1
2 4 1
4 4 0
4 3 1
1 4 0
1 5 1
5 3 1
0 0 0
board #395 9
3 4 0
3 2 1
4 2 0
5 1 0
2 5 1
3 5 0
0 0 0
board #396 8
3 2 0
3 4 1
2 4 0
1 5 0
3 1 1
4 1 0
0 0 0
board #397 8
3 4 0
3 2 1
4 2 1
2 3 0
2 2 1
1 2 1
5 1 0
5 2 0
4 3 0
3 5 0
0 0 0
board #398 12
3 4 0
3 2 0
3 5 0
3 1 1
4 1 0
0 0 0
board #399 7
3 2 1
4 2 1
2 3 0
2 2 1
5 1 1
1 2 0
1 3 0
2 1 0
3 4 1
2 4 0
1 5 1
2 5 0
0 0 0
board #400 14
3 2 0
3 4 0
3 1 0
2 5 0
0 0 1
board #401 6
3 2 0
3 4 0
4 1 0
2 5 1
3 5 1
1 5 1
4 4 1
5 4 1
0 0 1
board #402 10
3 4 0
3 2 1
4 2 0
4 1 0
3 5 0
0 0 0
board #403 7
3 4 0
3 2 1
4 2 1
2 3 0
2 2 0
3 1 0
3 5 0
0 0 1
board #404 9
3 2 0
3 4 1
2 4 1
4 3 1
1 4 0
1 5 1
5 3 1
0 0 1
board #405 9
3 2 1
4 2 0
4 1 1
5 1 1
2 3 1
1 4 1
0 0 1
board #406 8
3 2 0
3 4 1
2 4 0
2 5 0
3 1 1
4 1 0
0 0 1
board #407 8
3 2 1
4 2 0
4 1 1
5 1 0
3 4 1
2 4 0
1 5 0
0 0 1
board #408 9
3 2 1
4 2 0
5 1 0
3 4 1
2 4 0
1 5 1
2 5 0
0 0 0
board #409 9
3 2 1
4 2 0
4 1 0
3 4 0
2 5 1
3 5 1
1 5 1
4 4 1
5 4 1
0 0 1
board #410 11
3 4 0
3 2 0
2 5 0
3 1 1
4 1 0
0 0 0
board #411 7
3 2 0
3 4 1
2 4 1
4 3 1
1 4 0
1 5 1
5 2 0
5 3 1
0 0 1
board #412 10
3 2 0
3 4 0
2 5 0
3 1 0
0 0 1
board #413 6
3 2 1
4 2 0
4 1 1
5 1 0
3 4 0
3 5 0
0 0 0
board #414 8
3 4 0
3 2 1
4 2 0
4 1 0
2 5 1
3 5 1
1 5 1
4 4 0
4 5 1
5 4 1
0 0 0
board #415 12
3 2 1
4 2 1
2 2 1
5 1 0
5 2 1
1 3 1
0 0 0
board #416 8
3 2 1
4 2 1
2 3 1
5 1 1
1 3 0
1 4 1
0 0 1
board #417 8
3 2 1
4 2 0
5 1 0
3 4 0
2 5 1
3 5 0
0 0 0
board #418 8
3 4 0
3 2 1
4 2 0
4 1 1
5 1 1
2 3 1
1 4 1
0 0 1
board #419 9
3 4 0
3 2 0
3 5 0
4 1 0
0 0 1
board #420 6
3 4 0
3 2 0
3 1 1
4 1 1
5 1 0
4 2 1
5 2 1
2 2 0
2 1 0
2 5 1
3 5 1
1 5 1
4 4 0
4 5 1
5 4 0
5 5 0
0 0 0
board #421 18
3 4 1
2 4 0
1 5 1
2 5 1
4 3 0
4 4 1
5 3 0
5 4 1
0 0 1
board #422 10
3 2 0
3 4 1
2 4 0
1 5 1
2 5 0
4 1 0
0 0 0
board #423 8
3 2 0
3 4 1
2 4 1
4 3 0
4 4 1
5 3 1
1 4 0
1 5 1
0 0 1
board #424 10
3 4 0
3 2 1
4 2 1
2 3 0
2 2 0
3 1 0
3 5 0
0 0 1
board #425 9
3 2 0
3 4 1
2 4 1
4 3 1
1 4 0
1 5 1
5 3 1
0 0 1
board #426 9
3 2 1
4 2 1
2 3 1
5 1 0
5 2 0
4 3 1
5 3 0
4 4 0
3 5 0
0 0 0
board #427 11
3 2 1
4 2 1
2 3 0
2 2 1
1 3 1
5 1 0
5 2 0
4 3 0
4 4 1
3 4 1
1 5 1
2 4 0
2 5 1
5 3 1
0 0 0
board #428 16
3 2 1
4 2 0
5 1 0
3 4 1
2 4 1
4 4 1
1 4 0
1 5 0
2 3 1
1 3 0
1 2 1
2 2 1
5 3 0
5 4 1
0 0 1
board #429 16
3 2 1
4 2 1
2 2 0
2 3 0
2 1 1
3 1 1
1 1 0
1 2 1
5 1 0
5 2 0
4 3 1
5 3 1
0 0 0
board #430 14
3 4 1
2 4 0
1 5 0
3 2 1
4 2 0
4 1 0
0 0 1
board #431 8
3 2 1
4 2 1
2 3 0
2 2 1
1 2 0
1 3 1
5 1 1
0 0 0
board #432 9
3 4 1
2 4 1
4 3 0
4 4 1
1 4 0
1 5 0
2 3 1
1 3 1
5 3 0
5 4 1
0 0 1
board #433 12
3 2 0
3 4 0
3 1 1
4 1 1
5 1 1
2 2 0
2 1 1
1 2 1
0 0 1
board #434 10
3 4 1
2 4 0
1 5 1
2 5 0
3 2 0
3 1 0
0 0 0
board #435 8
3 4 0
3 2 0
2 5 1
3 5 1
1 5 0
2 4 1
1 4 0
2 3 1
1 3 0
2 2 0
2 1 0
0 0 1
board #436 13
3 4 0
3 2 0
3 1 0
3 5 0
0 0 1
board #437 6
3 2 1
4 2 1
2 3 1
5 2 1
1 4 1
0 0 0
board #438 7
3 4 0
3 2 0
3 1 1
4 1 1
5 1 0
4 2 1
5 2 0
4 3 1
5 3 0
4 4 1
5 4 0
4 5 1
5 5 1
2 2 1
1 2 0
1 3 1
0 0 1
board #439 18
3 4 0
3 2 1
4 2 0
4 1 0
3 5 0
0 0 0
board #440 7
3 2 1
4 2 0
4 1 1
5 1 0
3 4 1
2 4 1
4 4 1
1 4 0
1 5 1
5 3 1
0 0 0
board #441 12
3 2 0
3 4 0
2 5 1
3 5 1
1 5 1
4 4 1
5 4 1
0 0 0
board #442 9
3 2 1
4 2 0
4 1 1
5 1 1
2 2 1
1 3 1
0 0 1
board #443 8
3 4 0
3 2 0
3 1 1
4 1 0
3 5 0
0 0 1
board #444 7
3 4 0
3 2 0
3 1 1
4 1 0
2 5 0
0 0 0
board #445 7
3 4 1
2 4 1
4 3 1
1 4 0
1 5 0
2 3 1
1 3 0
2 2 0
2 1 0
0 0 0
board #446 11
3 4 1
2 4 0
1 5 1
2 5 0
3 2 0
3 1 0
0 0 1
board #447 8
3 2 1
4 2 0
4 1 0
3 4 1
2 4 1
4 4 0
4 3 1
5 2 0
5 3 0
4 5 0
0 0 1
board #448 12
3 4 0
3 2 1
4 2 1
2 3 0
2 2 0
2 1 1
3 1 0
2 5 1
3 5 0
0 0 1
board #449 11
3 4 0
3 2 0
3 5 0
4 1 0
0 0 1
board #450 6
3 2 0
3 4 1
2 4 0
1 5 1
2 5 0
3 1 0
0 0 0
board #451 8
3 2 0
3 4 0
2 5 1
3 5 0
4 1 0
0 0 0
board #452 7
3 4 1
2 4 0
1 5 1
2 5 1
4 4 0
4 3 1
5 3 1
0 0 1
board #453 9
3 4 1
2 4 0
2 5 0
3 2 1
4 2 0
4 1 0
0 0 0
board #454 8
3 2 1
4 2 0
4 1 1
5 1 0
3 4 0
3 5 0
0 0 0
board #455 8
3 4 1
2 4 1
4 3 1
1 4 1
5 2 1
0 0 0
board #456 7
3 4 0
3 2 1
4 2 0
4 1 1
5 1 0
2 5 1
3 5 0
0 0 0
board #457 9
3 4 1
2 4 1
4 3 0
4 4 1
5 3 0
5 4 0
4 5 1
5 5 0
3 2 1
4 2 1
5 2 1
2 3 1
1 3 0
1 4 0
1 5 1
0 0 1
board #458 17
3 2 0
3 4 1
2 4 0
1 5 1
2 5 1
4 3 0
4 4 1
5 3 0
5 4 1
0 0 1
board #459 11
3 2 1
4 2 0
4 1 1
5 1 0
3 4 1
2 4 1
4 4 1
1 4 0
1 5 1
5 3 1
0 0 0
board #460 12
3 4 0
3 2 0
4 1 0
2 5 1
3 5 1
1 5 1
4 4 1
5 3 0
5 4 0
4 3 0
4 5 1
5 5 1
0 0 0
board #461 14
3 2 1
4 2 1
2 2 1
5 1 1
1 3 1
0 0 1
board #462 7
3 4 1
2 4 1
4 4 0
4 3 0
3 2 1
5 1 1
4 1 1
2 3 1
1 3 0
1 4 0
1 5 0
2 2 1
1 2 0
2 1 0
0 0 0
board #463 16
3 4 0
3 2 1
4 2 0
4 1 1
5 1 1
2 3 1
1 3 1
0 0 0
board #464 9
3 2 0
3 4 1
2 4 0
1 5 1
2 5 0
3 1 0
0 0 0
board #465 8
3 4 1
2 4 1
4 3 0
4 4 0
4 5 0
3 2 0
3 1 0
0 0 0
board #466 9
3 4 1
2 4 1
4 3 1
1 4 0
1 5 0
2 3 0
2 2 0
2 1 0
0 0 1
board #467 10
3 4 0
3 2 1
4 2 0
4 1 1
5 1 0
2 5 1
3 5 1
1 5 1
4 4 0
4 5 0
0 0 1
board #468 12
3 2 0
3 4 1
2 4 1
4 3 0
4 4 0
3 5 0
3 1 1
4 1 0
0 0 0
board #469 10
3 2 0
3 4 1
2 4 0
2 5 0
3 1 1
4 1 1
5 1 0
4 2 0
0 0 1
board #470 10
3 4 1
2 4 0
1 5 1
2 5 1
4 4 1
5 3 1
0 0 1
board #471 8
3 4 0
3 2 1
4 2 1
2 3 0
2 2 1
1 2 0
1 3 0
1 1 1
2 1 1
5 1 1
0 0 1
board #472 12
3 2 0
3 4 0
2 5 1
3 5 1
1 5 0
2 4 1
1 4 1
4 4 0
4 5 0
3 1 0
0 0 1
board #473 12
3 4 1
2 4 1
4 4 1
1 4 1
5 4 1
0 0 0
board #474 7
3 4 0
3 2 1
4 2 1
2 3 0
2 2 0
2 1 0
2 5 0
0 0 1
board #475 9
3 2 1
4 2 1
2 3 0
2 2 1
1 2 0
1 3 1
5 1 1
0 0 1
board #476 9
3 4 1
2 4 0
2 5 0
3 2 0
3 1 1
4 1 1
5 1 0
4 2 1
5 2 0
4 3 1
5 3 0
5 4 1
4 4 0
3 5 1
4 5 1
2 2 1
1 2 0
1 3 0
1 4 1
2 3 0
1 1 1
2 1 1
0 0 1
board #477 24
3 2 0
3 4 1
2 4 0
2 5 0
3 1 1
4 1 1
5 1 0
4 2 0
0 0 1
board #478 10
3 4 1
2 4 0
1 5 0
3 2 1
4 2 1
2 2 0
2 3 0
2 1 1
3 1 0
0 0 1
board #479 11
3 4 0
3 2 1
4 2 1
2 3 1
5 1 0
5 2 0
4 3 1
5 3 0
4 4 1
5 4 1
1 3 0
1 4 0
1 5 1
2 4 0
2 2 1
1 2 1
0 0 1
board #480 18
3 2 0
3 4 1
2 4 1
4 3 1
1 5 1
5 2 1
0 0 0
board #481 8
3 2 1
4 2 0
5 1 0
3 4 1
2 4 1
4 4 1
1 4 1
5 3 1
0 0 1
board #482 10
3 4 0
3 2 1
4 2 1
2 3 0
2 2 0
3 1 0
2 5 0
0 0 1
board #483 9
3 4 1
2 4 0
1 5 1
2 5 1
4 3 1
5 2 1
0 0 1
board #484 8
3 4 0
3 2 1
4 2 1
2 3 0
2 2 0
2 1 1
3 1 1
1 2 1
5 1 1
0 0 1
board #485 11
3 2 0
3 4 0
3 1 1
4 1 1
5 1 1
2 2 0
2 1 1
1 2 1
0 0 0
board #486 10
3 2 1
4 2 0
4 1 1
5 1 0
3 4 1
2 4 1
4 3 1
1 4 0
1 5 1
5 2 0
5 3 1
0 0 1
board #487 13
3 2 0
3 4 0
2 5 0
3 1 0
0 0 1
board #488 6
3 2 1
4 2 0
4 1 1
5 1 1
2 2 0
2 3 0
2 1 1
3 1 1
1 1 0
1 2 1
0 0 1
board #489 12
3 2 0
3 4 0
4 1 0
2 5 1
3 5 1
1 5 1
4 4 1
5 3 0
5 4 1
0 0 1
board #490 11
3 4 1
2 4 1
4 3 1
1 4 0
1 5 1
5 2 1
0 0 0
board #491 8
3 2 1
4 2 1
2 3 1
5 1 0
5 2 0
4 3 1
5 3 1
1 4 1
0 0 0
board #492 10
3 2 1
4 2 1
2 3 0
2 2 1
5 2 1
1 2 0
1 3 1
0 0 1
board #493 9
3 4 1
2 4 0
1 5 0
3 2 0
4 1 0
0 0 0
board #494 7
3 2 1
4 2 0
4 1 1
5 1 1
2 2 0
2 3 0
3 1 0
3 4 0
3 5 0
0 0 1
board #495 11
3 4 0
3 2 1
4 2 0
4 1 0
3 5 0
0 0 1
board #496 7
3 4 1
2 4 0
1 5 1
2 5 1
4 3 1
5 3 1
0 0 1
board #497 8
3 4 0
3 2 1
4 2 0
4 1 1
5 1 0
2 5 0
0 0 1
board #498 8
3 4 1
2 4 1
4 3 0
4 4 0
4 5 0
3 2 0
4 1 0
0 0 1
board #499 9
3 2 0
3 4 1
2 4 0
1 5 1
2 5 1
4 3 0
4 4 1
5 3 0
5 4 1
0 0 1
board #500 11
3 4 0
3 2 1
4 2 1
2 3 0
2 2 0
2 1 1
3 1 1
1 2 1
5 1 0
5 2 1
0 0 1
board #501 12
3 2 1
4 2 1
2 3 0
2 2 1
5 1 0
5 2 1
1 2 0
1 3 0
1 1 1
2 1 1
0 0 0
board #502 12
3 2 1
4 2 0
5 1 0
3 4 0
2 5 0
0 0 0
board #503 7
3 4 1
2 4 0
1 5 0
3 2 0
3 1 0
0 0 1
board #504 7
3 2 1
4 2 0
5 1 0
3 4 1
2 4 1
4 4 1
1 5 1
5 3 1
0 0 1
board #505 10
3 2 1
4 2 0
4 1 1
5 1 1
2 3 1
1 3 1
0 0 0
board #506 8
3 2 1
4 2 0
5 1 0
3 4 0
2 5 0
0 0 0
board #507 7
3 2 1
4 2 0
5 1 0
3 4 1
2 4 1
4 4 0
4 3 0
4 5 0
0 0 1
board #508 10
3 4 1
2 4 1
4 4 1
1 4 0
1 5 1
5 3 0
5 4 0
5 2 0
4 5 1
5 5 0
5 1 0
0 0 1
board #509 13
3 2 1
4 2 0
4 1 1
5 1 0
3 4 1
2 4 0
1 5 1
2 5 0
0 0 0
board #510 10
3 2 0
3 4 1
2 4 0
1 5 1
2 5 1
4 3 1
5 3 1
0 0 1
board #511 9
3 2 0
3 4 1
2 4 0
2 5 0
3 1 0
0 0 0
board #512 7
3 4 0
3 2 0
2 5 0
4 1 0
0 0 0
board #513 6
3 4 0
3 2 1
4 2 1
2 3 0
2 2 0
2 1 0
2 5 1
3 5 1
1 5 1
4 4 1
5 4 1
0 0 1
board #514 13
3 2 1
4 2 0
