10 9 0
10 11 0
10 12 1
9 12 1
11 11 0
11 12 1
12 11 1
8 12 0
8 13 0
9 11 0
8 14 1
7 14 1
9 13 1
6 14 1
5 14 1
4 14 1
13 10 0
13 11 1
14 10 1
3 14 1
2 14 0
2 15 1
15 9 1
16 8 0
16 9 1
17 8 0
17 9 0
16 10 1
17 10 1
18 9 1
1 16 1
19 8 0
19 9 0
18 8 0
18 10 0
17 11 0
15 8 1
16 7 0
15 7 0
16 12 0
15 13 0
15 6 0
14 14 0
15 5 0
13 15 1
14 15 1
13 14 0
12 15 0
12 16 0
15 4 1
16 4 1
14 5 0
14 4 1
13 5 0
13 4 1
12 5 1
17 4 1
12 6 0
11 6 1
11 7 1
18 4 0
18 3 1
19 3 1
12 7 1
14 8 0
12 10 0
13 9 0
10 8 1
9 9 1
8 10 1
7 11 1
6 12 1
5 13 1
0 0 0
board #1 75
10 9 1
11 9 0
11 8 1
12 8 0
12 7 0
12 6 1
13 6 1
11 7 0
11 6 0
11 5 0
10 11 1
9 11 0
9 12 1
8 12 1
11 11 0
11 10 1
12 10 1
7 12 0
8 11 0
7 13 0
7 14 0
7 15 0
7 16 0
12 4 1
11 4 0
12 3 1
11 3 0
12 2 1
11 2 1
10 3 0
10 2 1
9 3 1
12 5 0
13 4 1
13 5 1
8 4 0
8 3 0
9 4 1
8 5 0
9 5 0
8 2 0
10 4 0
9 1 0
7 17 1
6 17 1
8 16 1
5 17 0
6 16 1
5 16 0
6 15 0
5 18 0
5 19 0
0 0 1
board #2 54
10 11 0
10 9 1
11 9 0
11 8 1
12 8 0
12 7 0
12 6 0
10 12 0
12 5 1
13 5 0
13 4 0
10 13 0
13 3 0
10 14 0
10 15 0
10 16 1
9 16 1
11 15 0
11 16 0
10 17 1
11 17 0
10 18 0
14 2 0
14 1 0
9 19 1
10 19 1
9 18 1
11 18 0
11 19 0
0 0 1
board #3 31
11 9 0
9 12 0
11 8 1
12 8 0
12 7 1
13 7 0
13 6 1
14 6 0
14 5 0
14 4 0
14 3 1
15 3 1
13 4 1
16 3 1
17 3 1
13 5 1
18 3 0
18 2 1
19 1 0
19 2 1
10 8 0
10 9 1
9 9 0
9 10 0
10 7 0
10 6 0
10 5 1
11 5 1
9 6 1
8 7 1
12 4 1
7 8 0
7 7 0
8 8 0
7 6 0
7 5 0
7 4 0
7 3 0
8 9 1
9 7 0
7 2 0
9 13 1
8 13 1
10 12 1
7 13 0
7 14 1
6 14 0
6 15 1
5 15 1
4 15 1
12 11 0
12 12 0
12 10 1
11 11 0
10 11 1
11 10 1
13 10 1
14 9 0
14 10 1
15 9 0
15 10 1
16 9 0
16 10 1
3 15 1
17 9 0
17 10 1
18 9 0
18 10 1
19 9 0
19 10 0
18 11 1
19 11 0
18 12 0
17 13 1
18 13 1
17 12 1
19 12 0
19 13 0
18 14 1
19 14 1
2 16 0
2 15 0
3 14 0
2 17 1
3 16 0
3 17 1
4 16 0
4 17 0
4 13 1
4 14 0
5 14 0
4 18 0
8 12 1
7 12 1
3 13 1
6 12 0
7 11 0
5 13 1
6 13 0
8 10 1
8 11 1
7 9 0
7 10 1
6 10 1
5 11 1
2 13 0
2 14 1
4 12 0
5 12 1
1 14 1
0 0 0
board #4 112
10 8 0
10 9 0
10 11 0
