5 4 0
5 6 0
5 3 1
6 3 1
4 4 1
7 3 1
8 3 1
3 4 0
3 5 0
4 5 0
3 3 1
4 3 1
2 4 1
9 2 0
9 3 1
1 4 1
0 0 0
board #1 18
5 6 0
5 4 0
5 7 0
5 3 0
5 8 1
4 8 0
5 2 0
4 9 0
5 1 1
6 1 0
0 0 0
board #2 12
5 4 0
5 6 0
5 7 0
5 3 1
6 3 0
6 2 0
5 8 0
7 1 0
4 9 1
5 9 1
6 8 0
6 9 0
0 0 0
board #3 14
5 4 0
5 6 1
4 6 1
6 5 1
3 6 1
2 6 1
7 5 1
8 5 0
8 4 1
9 3 0
9 4 0
9 2 1
8 3 1
1 6 0
1 7 1
0 0 0
board #4 17
5 6 1
4 6 0
4 7 1
3 7 1
6 5 0
6 6 1
7 5 1
2 7 0
2 8 1
1 8 0
1 9 1
8 5 1
9 4 0
9 5 1
0 0 1
board #5 16
5 4 1
6 4 0
6 3 0
5 6 1
4 6 1
6 6 1
3 6 0
3 7 0
4 5 0
3 8 0
2 9 0
7 2 1
6 2 1
8 2 1
5 2 0
5 3 0
6 1 0
0 0 1
board #6 19
5 4 0
5 6 1
4 6 0
4 7 1
3 7 0
3 8 1
2 8 0
1 9 1
2 9 0
5 3 0
5 2 0
5 1 1
6 1 1
4 2 1
7 1 0
6 2 1
7 2 0
6 3 1
7 3 1
3 3 1
8 3 0
8 2 1
9 1 0
9 2 0
7 4 0
6 4 1
6 5 1
7 5 1
8 5 0
8 4 1
9 3 1
2 4 0
2 3 1
1 3 0
1 4 1
0 0 1
board #7 37
5 6 0
5 4 1
6 4 0
6 3 1
7 3 1
8 3 1
4 5 0
4 4 0
4 3 1
5 3 0
6 2 0
5 7 0
7 1 0
5 8 0
4 9 0
0 0 0
board #8 17
5 6 0
5 4 0
5 7 1
4 7 1
6 6 1
3 7 0
3 8 1
2 8 1
1 8 0
1 9 0
2 7 1
1 7 0
2 6 1
1 6 0
2 5 1
1 5 0
2 4 1
1 4 1
7 6 1
8 6 0
8 5 1
9 5 1
0 0 0
board #9 24
5 6 0
5 4 0
5 7 0
5 3 1
6 3 1
4 4 0
4 3 1
3 4 1
7 3 0
6 4 0
7 2 1
8 2 0
8 1 0
5 8 0
4 9 0
0 0 1
board #10 17
5 4 1
6 4 0
6 3 0
5 6 0
5 7 1
4 7 1
6 6 1
3 7 1
2 7 0
2 8 0
3 6 0
1 9 1
2 9 1
3 8 0
3 9 1
4 8 1
7 5 1
8 4 0
8 5 0
7 4 1
8 3 0
8 6 1
7 6 0
7 7 1
6 7 1
9 5 1
0 0 0
board #11 28
5 4 0
5 6 1
4 6 0
4 7 1
3 7 0
3 8 1
2 8 1
6 5 0
6 6 1
7 5 0
7 6 0
6 7 0
6 8 1
5 8 0
4 9 1
5 9 1
4 8 1
7 8 1
8 7 1
1 9 1
9 6 0
9 7 1
0 0 0
board #12 24
5 6 1
4 6 1
6 5 1
3 6 0
3 7 0
4 5 0
3 8 0
4 4 1
6 4 0
6 3 0
6 2 1
7 2 1
5 3 1
8 2 1
3 5 0
3 4 0
3 3 1
4 3 1
2 4 1
9 2 1
1 4 0
1 5 1
0 0 1
board #13 24
5 4 1
6 4 1
4 5 0
4 4 1
3 5 1
7 4 1
8 4 1
2 6 0
2 5 0
3 6 1
2 7 0
2 8 1
3 7 1
1 8 0
1 9 1
9 3 1
0 0 0
board #14 18
5 6 0
5 4 0
5 3 1
6 3 0
6 2 0
5 7 1
4 7 0
4 8 1
3 8 0
2 9 1
3 9 1
1 9 0
2 8 0
6 1 1
7 1 0
0 0 0
board #15 17
5 4 1
6 4 1
4 5 1
7 4 1
3 5 0
3 6 1
2 6 1
8 3 1
9 2 0
9 3 0
9 1 0
8 4 1
9 4 0
8 5 0
7 6 1
8 6 0
7 7 1
8 7 0
7 8 1
8 8 1
7 5 0
6 6 0
5 7 0
5 8 1
4 8 1
4 7 1
6 8 1
9 7 1
3 7 1
1 6 1
0 0 1
board #16 32
5 4 1
6 4 0
6 3 0
5 6 0
5 7 0
6 2 0
5 8 1
4 8 1
6 7 1
3 8 1
2 8 1
7 6 1
1 9 1
8 5 1
9 5 1
0 0 1
board #17 17
5 4 0
5 6 1
4 6 1
6 5 1
3 6 1
7 5 0
7 4 0
6 6 1
7 6 1
8 5 1
2 6 0
2 7 1
1 7 0
1 8 1
9 4 0
9 5 0
8 4 1
9 3 1
0 0 0
board #18 20
5 4 1
6 4 1
4 5 0
4 4 1
7 4 0
7 3 1
8 3 0
8 2 0
6 5 1
7 5 1
8 5 0
8 4 1
9 3 0
9 4 1
3 4 0
3 5 1
2 5 1
1 5 0
1 6 0
2 4 1
1 4 1
0 0 1
board #19 23
5 6 0
5 4 1
6 4 1
4 4 1
7 4 0
7 3 1
8 3 0
8 2 0
6 5 1
7 5 0
6 6 1
7 6 0
6 7 1
7 7 0
6 8 0
8 1 1
9 1 0
5 9 1
6 9 1
5 8 1
7 8 0
7 9 1
8 8 0
8 9 1
9 8 0
9 9 1
3 4 1
2 4 1
1 4 1
0 0 1
board #20 31
5 6 0
5 4 0
5 3 1
6 3 1
7 3 0
6 4 0
7 2 0
5 7 1
4 7 1
6 6 1
3 7 1
2 7 1
7 6 1
8 5 1
1 7 1
9 4 1
0 0 0
board #21 18
5 4 1
6 4 0
6 3 0
5 6 0
6 2 1
7 2 0
7 1 1
8 1 1
9 1 0
8 2 1
9 2 1
5 3 1
4 5 0
4 3 0
4 4 1
3 4 1
2 5 0
2 4 0
3 5 0
3 3 1
2 3 1
1 4 1
0 0 0
board #22 24
5 6 1
4 6 0
4 7 1
3 7 0
3 8 1
2 8 1
1 8 1
6 6 0
6 5 0
6 7 1
5 7 1
7 6 1
8 5 0
8 6 0
7 5 0
8 7 1
7 7 0
6 8 1
7 8 0
6 9 0
5 4 1
7 3 0
7 2 1
8 2 0
9 1 0
6 4 1
7 4 0
0 0 1
board #23 29
5 4 1
6 4 1
7 4 1
4 4 0
4 5 1
3 5 1
8 4 0
8 3 1
9 3 1
2 6 1
1 6 0
1 7 1
0 0 0
board #24 14
5 6 1
4 6 1
6 6 1
3 6 0
3 7 0
4 5 0
3 8 1
2 8 0
1 9 1
2 9 1
4 7 0
4 8 1
5 7 0
5 8 1
6 7 0
6 8 0
6 9 0
4 4 1
5 4 0
5 3 1
6 3 0
6 2 1
7 2 0
8 1 0
0 0 1
board #25 26
5 6 0
5 4 0
5 3 1
6 3 1
4 4 0
4 3 1
7 3 1
3 4 1
8 3 0
8 2 1
9 1 0
9 2 1
2 5 1
1 5 0
1 6 1
0 0 1
board #26 17
5 4 1
6 4 1
4 5 1
7 4 0
7 3 1
8 3 0
8 2 1
9 1 1
3 5 1
2 5 0
2 6 0
3 4 1
2 4 1
1 4 0
1 5 0
2 3 1
1 3 1
0 0 1
board #27 19
5 4 1
6 4 0
6 3 0
5 6 0
5 7 1
4 7 1
6 6 1
3 7 0
4 6 0
3 8 0
2 9 1
3 9 1
1 9 0
2 8 0
6 2 1
7 2 0
7 1 0
0 0 1
board #28 19
5 4 0
5 6 0
5 7 1
4 7 1
6 6 1
3 7 1
2 7 1
7 5 1
8 4 1
1 7 0
1 8 0
2 6 0
1 9 0
3 5 1
3 6 0
4 5 1
4 6 1
2 5 1
1 6 1
9 4 1
0 0 1
board #29 22
5 6 1
4 6 1
6 5 1
3 6 1
2 6 1
7 5 1
8 5 0
8 4 0
7 6 1
8 6 1
9 5 0
9 6 1
1 6 1
0 0 1
board #30 15
5 4 1
6 4 1
7 4 1
4 4 0
4 5 1
3 5 0
3 6 1
2 6 0
2 7 0
2 8 0
5 3 1
4 3 1
3 3 0
3 4 1
2 4 0
2 5 0
4 2 0
1 9 1
2 9 0
4 1 1
5 1 0
0 0 0
board #31 23
5 6 1
4 6 0
4 7 0
5 4 1
6 4 0
6 3 0
4 8 0
6 2 1
7 2 0
7 1 1
8 1 0
3 9 1
4 9 0
0 0 1
board #32 15
5 4 0
5 6 1
4 6 1
6 5 1
3 6 1
7 4 1
2 6 0
2 7 0
3 5 1
2 5 1
1 5 0
1 6 0
2 4 1
1 4 0
2 3 0
2 8 0
3 2 1
2 2 1
3 3 0
4 2 1
4 3 1
1 2 1
3 4 1
8 4 1
9 3 0
9 4 0
9 2 1
8 3 1
0 0 0
board #33 30
5 4 1
6 4 1
4 5 1
7 4 0
7 3 0
6 5 0
7 2 1
8 2 0
8 1 1
9 1 1
6 3 0
6 2 1
5 3 1
3 5 1
2 6 1
1 6 0
1 7 0
1 5 0
1 8 0
1 9 1
2 8 0
2 9 1
3 8 1
3 7 1
2 7 1
0 0 0
board #34 27
5 4 1
6 4 1
4 4 0
4 5 1
3 5 1
7 4 0
7 3 1
8 3 0
8 2 1
9 2 1
2 5 1
1 5 1
0 0 0
board #35 14
5 6 1
4 6 0
4 7 1
3 7 1
2 7 0
2 8 0
3 6 0
1 9 1
2 9 1
3 8 1
6 5 0
6 6 0
6 7 1
5 7 0
5 8 0
4 9 1
5 9 1
6 8 1
4 8 1
7 6 1
8 5 1
9 4 1
0 0 1
board #36 24
5 4 0
5 6 1
4 6 1
6 5 1
3 6 1
7 5 1
2 6 1
8 5 1
1 6 1
9 4 1
0 0 0
board #37 12
5 6 1
4 6 1
6 5 1
3 6 0
3 7 0
4 5 0
3 8 0
4 4 1
5 4 1
6 4 1
3 4 1
2 5 0
2 4 1
1 4 0
1 5 0
2 3 1
1 3 1
7 5 1
8 5 1
9 5 1
0 0 1
board #38 22
5 4 0
5 3 1
6 3 1
7 3 1
4 4 0
4 3 0
5 2 1
4 2 0
4 1 0
5 6 0
5 7 0
5 8 1
4 8 1
3 8 0
4 7 1
3 7 1
6 7 1
2 7 0
2 8 0
3 6 1
2 6 0
3 5 1
2 5 1
1 5 0
1 6 0
2 4 0
3 3 0
1 9 1
3 9 0
0 0 0
board #39 31
5 6 1
4 6 1
6 6 0
6 5 1
7 5 1
3 6 0
3 7 1
2 7 1
8 5 1
1 7 0
1 8 1
9 5 1
0 0 0
board #40 14
5 6 1
4 6 0
4 7 1
3 7 0
3 8 0
5 4 0
5 3 0
5 2 1
6 2 0
2 9 1
3 9 1
4 8 0
4 9 1
1 9 0
2 8 0
6 1 1
7 1 0
0 0 0
board #41 19
5 6 1
4 6 1
6 5 1
3 6 0
3 7 1
2 7 0
2 8 0
4 5 0
2 9 0
4 4 1
5 4 0
5 3 1
6 3 0
6 2 0
7 1 0
0 0 0
board #42 17
5 6 0
5 4 0
5 3 0
5 7 0
5 8 0
5 2 1
6 2 1
4 3 1
7 2 1
8 2 1
9 2 1
3 4 0
3 3 0
4 4 0
3 2 1
4 2 1
2 3 0
2 2 0
3 1 0
4 9 0
0 0 0
board #43 22
5 6 1
4 6 0
4 7 1
3 7 0
3 8 1
2 8 1
1 8 1
6 5 0
6 6 1
7 5 1
8 4 0
8 5 0
7 6 1
8 6 1
9 6 1
0 0 1
board #44 17
5 4 0
5 6 1
4 6 1
6 6 1
3 6 1
7 6 1
2 6 0
2 7 1
1 7 0
1 8 0
1 9 1
2 8 0
2 9 0
3 5 1
2 5 1
1 5 0
1 6 0
2 4 1
1 4 0
2 3 0
3 2 0
4 1 0
0 0 1
board #45 24
5 4 0
5 6 1
4 6 1
6 5 0
6 6 0
5 7 0
5 3 0
5 8 0
6 2 0
7 1 0
5 9 0
0 0 0
board #46 13
5 6 1
4 6 1
6 5 0
6 6 1
7 5 0
7 6 0
6 7 0
5 4 1
6 4 0
6 3 0
6 2 1
7 2 0
8 1 0
6 8 1
5 8 0
4 9 1
5 9 0
0 0 1
board #47 19
5 4 0
5 6 0
5 3 0
5 7 0
5 8 1
4 8 1
6 7 1
3 8 1
2 8 1
1 8 1
7 6 0
7 7 1
8 6 0
8 7 0
6 6 1
7 5 0
6 5 0
7 8 0
7 9 0
5 2 1
6 2 1
4 3 0
4 2 0
4 1 1
5 1 1
3 2 1
7 2 1
8 2 0
8 1 1
9 1 0
7 3 1
8 3 0
7 4 1
8 4 1
9 3 1
2 3 1
1 4 1
0 0 1
board #48 39
5 6 0
5 4 0
5 7 1
4 7 0
4 8 1
3 8 0
2 9 1
3 9 1
1 9 0
2 8 0
5 3 1
6 3 0
6 2 0
6 1 0
0 0 1
board #49 16
5 4 0
5 6 0
5 3 1
6 3 1
4 4 0
4 3 1
3 4 0
3 3 1
7 3 1
2 4 0
2 3 1
1 3 0
1 4 1
8 3 1
9 3 1
0 0 1
board #50 17
5 6 0
5 4 1
6 4 0
6 3 0
6 2 1
7 2 0
7 1 0
5 7 1
4 7 0
4 8 0
3 9 1
4 9 0
0 0 0
board #51 14
5 6 0
5 4 1
6 4 1
4 5 1
7 4 1
8 4 1
3 5 1
2 5 1
9 3 0
9 4 0
8 5 1
9 5 0
8 6 1
9 6 0
9 2 1
8 3 0
8 2 1
7 3 0
7 2 1
6 3 1
1 5 0
1 6 0
2 4 0
1 7 1
2 6 0
2 7 0
2 8 0
3 3 1
2 3 1
3 4 0
4 3 0
4 2 0
1 9 1
2 9 0
4 1 0
0 0 1
board #52 37
5 6 1
4 6 0
4 7 1
3 7 0
3 8 0
5 4 0
5 3 0
2 9 1
3 9 0
5 2 1
6 2 0
6 1 0
0 0 1
board #53 14
5 6 1
4 6 1
6 6 1
3 6 1
2 6 0
2 7 0
3 5 1
2 5 0
3 4 0
2 8 0
2 9 0
4 3 0
5 2 0
6 1 0
0 0 0
board #54 16
5 4 1
6 4 0
6 3 1
7 3 1
8 3 1
4 5 0
4 4 0
4 3 1
5 3 1
3 4 1
2 4 0
2 5 0
3 5 0
2 3 1
3 3 0
4 2 0
5 1 0
5 6 1
4 6 1
3 6 1
2 6 1
6 5 0
6 6 0
5 7 1
6 7 1
7 6 1
1 7 1
8 5 0
8 6 0
7 5 1
8 4 0
7 4 0
8 7 0
7 8 1
8 8 1
6 8 0
7 7 0
5 9 1
6 9 0
0 0 0
board #55 41
5 4 1
6 4 1
4 4 1
7 4 1
8 4 1
3 4 0
3 5 1
2 5 0
2 6 1
1 7 1
9 3 0
9 4 1
0 0 0
board #56 14
5 6 0
5 4 0
5 7 1
4 7 1
6 6 0
6 7 0
5 8 0
5 3 0
5 2 1
6 2 1
4 3 1
7 2 1
8 2 1
9 1 0
9 2 0
8 3 0
7 4 0
7 5 1
6 5 0
4 9 1
5 9 0
0 0 1
board #57 23
5 4 1
6 4 0
6 3 1
7 3 1
4 5 0
4 4 1
3 5 1
8 3 0
8 2 1
9 1 0
9 2 1
2 5 0
2 6 1
1 6 0
1 7 1
0 0 1
board #58 17
5 4 1
6 4 1
4 5 0
4 4 1
3 5 0
3 4 0
4 3 1
3 3 0
4 2 1
3 2 0
4 1 0
5 6 1
3 7 1
6 5 0
6 6 0
6 7 0
6 8 1
5 8 0
5 9 0
0 0 1
board #59 21
5 4 1
6 4 0
6 3 1
7 3 0
7 2 0
5 6 1
4 6 1
6 6 1
3 6 1
7 6 1
2 6 1
8 5 0
8 6 1
9 5 1
1 6 0
1 7 1
0 0 1
board #60 18
5 4 0
5 6 0
5 7 1
4 7 1
6 6 1
3 7 0
3 8 1
2 8 0
1 9 1
2 9 1
7 5 0
7 6 0
6 5 0
7 7 1
6 7 0
5 8 1
6 8 1
8 6 1
9 5 0
9 6 0
8 5 1
9 4 1
0 0 0
board #61 24
5 6 0
5 4 0
5 7 0
5 3 0
5 8 1
4 8 1
6 7 0
6 8 1
7 7 1
3 8 0
4 7 0
2 9 1
3 9 1
1 9 1
8 6 1
9 5 0
9 6 1
0 0 1
board #62 19
5 6 0
5 4 1
6 4 1
4 5 1
7 4 0
7 3 1
8 3 1
3 6 0
3 5 0
3 4 1
4 4 0
4 3 0
3 7 1
4 6 1
2 7 0
2 8 0
1 9 1
2 9 0
5 2 0
5 1 1
6 1 0
0 0 1
board #63 23
5 6 0
5 4 1
6 4 1
4 5 0
4 4 0
5 3 1
4 3 1
3 4 1
7 4 1
8 4 1
2 4 0
2 5 1
1 6 1
