4 5 1
3 5 1
5 5 0
5 4 0
4 6 0
4 7 1
3 7 0
4 3 0
2 8 1
3 8 1
1 8 0
2 7 0
4 2 1
5 2 0
5 1 1
6 1 1
7 1 0
6 2 0
0 0 0
board #1 20
4 5 1
3 5 1
5 5 0
5 4 1
6 4 1
7 4 0
7 3 1
8 3 1
2 5 1
1 5 0
1 6 0
2 4 1
1 4 1
0 0 0
board #2 15
4 5 0
4 6 0
4 3 0
3 7 0
4 2 1
5 2 1
3 3 0
3 2 1
6 2 0
5 3 1
6 3 0
5 4 1
6 4 1
2 3 0
2 2 0
2 1 0
3 8 0
0 0 1
board #3 19
4 5 0
4 6 0
4 3 0
4 7 0
4 2 0
3 8 1
4 8 0
4 1 0
0 0 1
board #4 10
4 5 0
4 6 0
4 3 0
4 7 1
3 7 0
2 8 1
3 8 0
4 2 1
5 2 1
3 3 1
6 2 1
7 2 1
8 1 1
2 4 0
2 3 0
3 4 1
2 5 1
1 6 1
0 0 0
board #5 20
4 5 1
3 5 0
3 6 1
2 6 0
2 7 0
1 8 1
2 8 0
4 3 1
5 3 0
5 2 1
6 2 0
6 1 1
7 1 0
0 0 0
board #6 15
3 6 0
3 7 1
2 7 1
4 6 1
1 7 1
5 5 0
5 6 1
6 5 1
7 5 0
7 4 0
6 4 1
7 3 1
8 2 0
8 3 1
0 0 0
board #7 16
3 6 0
4 3 0
4 5 1
3 5 1
5 4 0
5 5 1
6 4 0
6 5 0
5 6 1
6 6 1
7 5 1
2 6 1
1 7 1
8 5 1
0 0 1
board #8 16
4 5 0
4 6 1
3 6 0
3 7 1
2 7 0
1 8 0
4 3 0
4 2 0
4 1 1
5 1 1
6 1 0
5 2 1
6 2 1
3 2 0
3 1 1
2 2 0
2 1 0
0 0 0
board #9 19
4 5 0
4 6 1
3 6 1
5 5 1
2 6 0
2 7 0
3 5 1
2 5 1
1 5 1
6 5 0
6 4 1
7 4 0
7 3 1
8 2 0
8 3 1
0 0 0
board #10 17
4 5 0
4 6 0
4 3 0
4 7 0
4 2 1
5 2 1
3 3 0
3 2 1
6 2 0
5 3 1
6 3 0
5 4 0
6 1 1
7 1 0
4 8 0
0 0 1
board #11 17
3 6 1
4 6 1
5 6 0
5 5 1
6 5 0
6 4 1
7 4 1
2 6 0
2 7 1
1 7 1
8 3 1
0 0 0
board #12 13
4 5 0
4 6 0
4 3 1
5 3 1
3 4 0
3 3 1
6 3 0
5 4 1
6 4 1
2 4 0
2 3 1
1 4 1
7 4 1
8 3 0
8 4 0
7 5 0
8 2 1
7 3 1
0 0 0
board #13 20
4 5 1
3 5 1
5 5 0
5 4 1
6 4 0
6 3 0
4 6 0
6 2 1
7 2 0
8 1 0
4 7 1
3 7 0
2 8 0
0 0 0
board #14 15
4 5 1
3 5 1
5 5 0
5 4 0
4 6 0
4 7 1
3 7 1
5 6 0
5 7 0
4 8 1
5 8 1
6 7 0
6 8 0
4 3 0
4 2 0
4 1 0
0 0 0
board #15 18
4 5 1
3 5 1
5 4 1
6 4 0
6 3 0
6 5 0
6 2 0
5 6 1
6 6 0
5 7 1
6 7 1
7 6 0
7 7 0
7 8 0
6 1 1
7 1 0
0 0 1
board #16 18
4 5 1
3 5 0
3 6 0
3 7 1
2 7 1
4 6 0
4 7 0
3 8 0
4 3 1
5 3 0
5 2 0
6 1 0
0 0 1
board #17 14
4 5 1
3 5 0
3 6 1
2 6 0
2 7 0
1 8 0
4 3 0
4 2 0
4 1 1
5 1 0
0 0 0
board #18 12
4 5 0
4 6 1
3 6 1
5 5 0
5 6 0
4 7 1
5 7 0
4 8 0
4 3 1
5 3 1
3 4 1
6 3 1
7 3 1
2 5 0
2 4 1
8 2 0
8 3 0
7 4 0
8 1 1
7 2 0
7 1 1
6 2 1
1 5 1
0 0 0
board #19 25
4 5 0
4 6 1
3 6 0
3 7 0
4 3 1
5 3 0
5 2 1
6 2 1
7 2 1
3 4 0
3 3 0
3 2 1
4 2 0
4 1 1
5 1 1
2 3 1
8 1 0
8 2 0
7 3 0
6 3 1
6 4 1
7 4 1
8 3 0
8 4 0
7 5 0
6 6 1
7 6 0
6 7 0
5 8 1
6 8 1
5 7 1
7 8 1
6 5 1
8 7 1
1 3 0
1 4 1
0 0 0
board #20 38
4 5 0
4 6 1
3 6 0
3 7 1
2 7 1
5 5 1
1 7 0
1 8 0
2 6 0
4 3 0
4 2 0
5 1 0
0 0 1
board #21 14
4 5 0
4 6 0
4 3 0
3 7 0
5 2 0
2 8 1
3 8 1
1 8 1
4 7 1
5 6 1
6 5 0
6 6 1
7 5 0
7 6 1
8 5 0
8 6 0
7 7 0
5 5 0
6 8 1
7 8 1
6 7 1
8 7 0
8 8 0
5 1 0
0 0 1
board #22 26
4 5 1
3 5 1
5 5 0
5 4 1
6 4 1
7 4 0
7 3 1
8 2 0
8 3 1
2 5 0
2 6 1
1 6 0
1 7 0
1 8 0
3 4 1
2 4 1
1 5 1
0 0 0
board #23 19
4 5 1
3 5 1
5 5 1
6 5 0
6 4 1
7 4 0
7 3 0
7 2 1
6 3 0
5 6 0
6 2 0
4 7 0
6 1 1
7 1 1
5 2 1
8 1 1
4 3 0
4 2 1
3 3 1
2 4 0
2 3 1
1 3 0
1 4 0
3 4 1
2 5 1
1 5 0
1 6 0
1 7 1
2 6 0
2 7 0
2 2 0
3 1 0
1 8 0
0 0 0
board #24 35
4 5 1
3 5 1
5 4 1
6 4 0
6 3 0
5 5 0
4 6 1
5 6 0
4 7 1
5 7 0
6 2 0
4 8 1
5 8 0
6 1 0
0 0 0
board #25 16
4 5 1
3 5 0
3 6 1
2 6 1
5 5 0
5 4 0
5 6 1
4 6 1
6 5 0
6 6 1
7 5 1
1 6 1
8 4 1
0 0 0
board #26 15
4 5 1
3 5 1
5 4 1
6 4 1
2 5 0
2 6 0
3 4 0
2 7 0
1 8 0
5 3 1
4 3 1
3 3 0
4 2 1
3 2 1
2 3 0
2 2 1
1 2 0
1 3 1
7 4 1
8 4 1
0 0 0
board #27 22
4 5 1
3 5 1
5 5 0
5 4 1
6 4 1
2 5 0
2 6 0
3 4 0
2 7 0
1 8 1
2 8 0
5 3 1
3 3 1
4 3 0
5 2 1
4 2 1
2 3 1
1 3 1
7 4 1
8 4 1
0 0 0
board #28 22
4 5 0
4 6 1
3 6 1
5 5 1
2 6 0
2 7 0
3 5 1
2 5 0
3 4 1
2 4 0
3 3 0
1 8 0
4 2 1
3 2 0
3 1 1
4 1 0
0 0 1
board #29 18
4 5 1
3 5 1
5 5 0
5 4 0
4 6 0
4 3 1
5 3 0
5 2 0
4 7 0
5 1 0
3 8 1
4 8 1
5 7 0
5 8 1
6 7 1
2 8 0
3 7 0
0 0 0
board #30 19
4 5 1
3 5 0
3 6 0
3 7 0
4 3 1
5 3 1
6 3 0
5 4 1
3 3 1
6 4 0
6 2 0
5 5 0
4 6 0
7 1 0
3 8 0
0 0 0
board #31 17
4 5 1
3 5 1
5 5 0
5 4 0
4 6 0
4 3 1
5 3 0
5 2 0
4 7 1
3 7 1
5 7 0
5 6 1
6 5 1
2 7 0
3 6 1
2 5 0
2 6 1
1 7 1
7 5 1
8 4 0
8 5 0
7 6 0
7 4 1
8 3 1
0 0 0
board #32 26
4 5 0
4 6 1
3 6 0
3 7 1
2 7 1
5 5 1
1 7 0
1 8 0
2 6 0
4 3 0
4 2 1
5 2 1
3 3 1
6 2 1
7 2 1
2 3 0
2 4 0
3 2 0
2 5 1
3 4 0
3 1 1
4 1 1
2 1 1
1 1 1
8 1 0
8 2 0
7 3 0
6 3 1
6 4 1
7 4 1
8 3 0
8 4 0
7 5 0
6 6 1
7 6 1
5 6 0
6 5 0
5 7 1
4 7 1
8 5 0
8 6 0
7 7 1
8 7 1
0 0 0
board #33 45
4 5 1
3 5 1
5 5 0
5 4 0
4 6 0
3 7 0
4 3 1
5 3 0
5 2 0
3 8 0
5 1 0
0 0 1
board #34 13
4 5 0
4 6 1
3 6 0
3 7 1
2 7 0
2 8 0
4 3 1
5 3 0
5 2 0
5 1 0
0 0 0
board #35 12
4 5 1
3 5 1
5 4 0
5 5 1
6 4 0
6 5 1
7 4 0
7 5 0
6 6 0
6 7 0
4 3 1
6 2 1
7 2 0
7 1 0
6 3 0
5 8 1
6 8 1
5 7 1
7 7 1
5 6 1
8 6 0
8 7 0
8 8 0
7 6 1
8 5 0
0 0 0
board #36 27
4 5 0
4 6 1
3 6 1
5 5 1
2 6 1
6 5 1
1 6 0
1 7 0
1 8 1
2 7 1
7 5 1
8 4 0
8 5 0
7 6 1
8 6 1
0 0 1
board #37 17
4 5 0
4 6 0
4 3 0
4 7 0
4 2 0
3 8 1
4 8 0
4 1 1
5 1 0
0 0 0
board #38 11
4 5 1
3 5 1
5 5 0
5 4 1
6 4 0
6 3 1
7 3 1
2 5 0
2 6 1
1 6 0
1 7 0
1 8 0
3 4 1
2 4 0
3 3 1
2 3 1
1 3 0
1 4 0
2 2 1
1 2 0
1 1 1
2 1 1
8 2 1
0 0 0
board #39 25
4 5 0
4 6 0
4 3 1
5 3 0
5 2 1
6 2 0
6 1 0
4 7 0
3 8 0
0 0 0
board #40 11
4 5 1
3 5 1
5 5 0
5 4 0
4 6 0
4 7 1
3 7 0
3 8 0
4 3 1
5 3 0
5 2 0
5 1 1
6 1 0
0 0 1
board #41 15
4 5 0
4 6 0
4 3 0
4 7 0
4 2 1
5 2 1
3 3 1
6 2 1
7 2 1
8 2 1
2 4 0
2 3 1
1 3 0
1 4 0
2 2 1
1 2 1
0 0 1
board #42 18
4 5 1
3 5 0
3 6 0
4 3 0
3 7 0
4 2 1
5 2 1
3 3 1
6 2 1
7 2 0
6 3 0
7 1 1
8 1 1
2 4 1
1 4 1
0 0 1
board #43 17
4 5 1
3 5 1
5 5 1
6 5 0
6 4 1
7 4 0
7 3 1
8 2 1
2 5 1
1 5 0
1 6 1
0 0 0
board #44 13
4 5 0
4 6 1
3 6 0
3 7 1
2 7 1
5 5 1
1 7 0
1 8 1
6 5 0
6 4 1
7 4 1
8 4 1
0 0 0
board #45 14
4 5 0
4 6 1
3 6 1
5 5 1
2 6 0
2 7 0
3 5 1
2 5 0
3 4 1
2 4 1
1 5 1
6 5 0
6 4 1
7 4 0
7 3 1
8 3 1
0 0 0
board #46 18
4 5 1
3 5 0
3 6 0
3 7 0
5 3 0
5 2 1
6 2 1
7 2 1
4 2 1
3 2 1
8 1 0
8 2 0
7 3 0
6 3 0
2 8 0
0 0 1
board #47 17
4 5 1
3 5 0
3 6 0
3 7 1
2 7 0
1 8 1
2 8 1
4 6 1
5 6 0
5 4 1
6 4 1
7 4 0
7 3 0
6 5 1
7 5 1
8 4 1
0 0 0
board #48 18
4 5 1
3 5 0
3 6 1
2 6 1
5 4 1
6 4 1
7 4 1
1 6 1
8 3 0
8 4 0
8 2 0
7 5 1
8 5 1
0 0 1
board #49 15
4 5 1
3 5 1
5 5 1
6 5 0
6 4 0
5 6 0
6 3 0
6 2 1
7 2 1
5 3 1
5 4 0
4 3 0
4 2 1
5 2 0
5 1 1
6 1 1
3 3 0
3 2 1
2 3 1
8 1 0
8 2 0
7 3 0
5 7 0
4 8 1
5 8 0
0 0 0
board #50 27
4 5 1
3 5 1
5 5 1
6 5 1
2 5 0
2 6 0
3 4 1
2 4 1
1 4 0
1 5 0
2 3 0
2 7 0
1 8 1
2 8 1
3 7 1
3 6 0
4 6 0
4 7 1
5 6 0
5 7 1
6 6 1
7 6 0
7 4 1
8 3 0
8 4 1
0 0 0
board #51 27
4 5 1
3 5 1
5 5 0
5 4 0
4 6 1
5 6 1
6 5 1
2 5 1
7 5 1
1 5 0
1 6 0
2 4 0
1 7 1
2 6 1
8 5 1
0 0 1
board #52 17
4 5 1
3 5 0
3 6 1
2 6 1
5 4 0
5 5 0
5 6 0
5 7 1
4 7 0
4 8 0
4 3 0
4 2 1
5 2 0
5 1 1
6 1 0
0 0 1
board #53 17
4 5 1
3 5 1
5 5 0
5 4 1
6 4 1
7 3 1
2 5 1
8 2 1
1 5 0
1 6 1
0 0 1
board #54 12
4 5 0
4 6 1
3 6 1
5 5 0
5 6 1
6 5 1
2 6 0
2 7 1
1 7 0
1 8 1
7 5 1
8 4 0
8 5 0
7 6 1
8 6 0
7 4 1
8 3 0
7 7 0
7 3 1
8 2 0
8 1 1
7 2 0
7 1 0
6 8 0
0 0 0
board #55 26
4 5 1
3 5 1
5 5 0
5 4 1
6 4 0
6 3 1
7 3 1
2 5 0
2 6 1
1 6 1
8 2 0
8 3 0
8 1 0
7 4 0
4 6 1
5 6 0
4 7 1
5 7 1
6 7 1
7 7 0
7 6 0
6 8 0
7 5 0
0 0 0
board #56 25
4 5 0
4 6 1
3 6 1
5 5 1
2 6 1
6 5 1
7 5 1
1 7 1
8 5 1
0 0 0
board #57 11
4 5 0
4 6 1
3 6 0
3 7 0
4 3 0
4 2 1
5 2 0
5 1 0
2 8 0
0 0 1
board #58 11
4 5 1
3 5 0
3 6 1
2 6 1
5 4 1
6 4 1
7 4 0
7 3 0
6 5 0
7 2 0
5 6 1
6 6 0
5 7 1
6 7 1
7 6 0
7 7 1
8 6 0
8 7 0
7 8 0
7 1 1
8 1 1
6 2 0
6 1 0
0 0 1
board #59 25
4 5 1
3 5 0
3 6 0
3 7 1
2 7 1
4 6 1
1 7 0
1 8 0
2 6 1
1 6 1
5 6 0
5 5 1
6 5 0
6 4 1
7 4 0
7 3 1
8 2 0
8 3 0
8 1 1
7 2 0
7 1 0
5 7 1
4 7 1
6 7 1
7 7 0
7 6 1
8 5 0
8 6 0
7 5 1
8 4 1
0 0 0
board #60 32
4 5 0
4 6 1
3 6 1
5 5 0
5 6 1
6 5 1
2 6 0
2 7 1
1 8 1
7 5 0
7 4 0
6 4 1
7 3 0
6 6 0
7 2 0
5 7 0
8 1 0
5 8 0
0 0 1
board #61 20
4 5 0
4 6 0
4 3 1
5 3 1
3 4 1
6 3 0
6 2 1
7 2 0
8 1 0
5 4 0
4 7 0
3 8 0
0 0 0
board #62 14
4 5 0
4 6 1
3 6 1
5 5 0
5 6 0
4 7 0
4 3 1
5 3 1
3 4 0
3 3 1
6 3 0
6 2 0
5 4 0
6 1 1
7 1 0
3 8 1
4 8 0
0 0 0
board #63 19
4 5 1
3 5 1
5 5 0
5 4 0
4 6 0
4 3 0
4 7 1
3 7 0
2 8 1
3 8 0
4 2 1
5 2 1
6 2 0
6 3 0
7 1 0
0 0 1
board #64 17
4 5 0
4 6 1
3 6 1
5 5 0
5 6 1
6 5 0
6 6 1
7 5 0
7 6 0
6 7 1
7 7 1
8 6 0
8 7 0
7 8 0
4 3 1
5 3 1
6 3 1
3 4 1
7 3 0
7 2 0
7 4 0
7 1 1
8 1 0
0 0 0
board #65 25
4 5 0
4 6 1
3 6 0
3 7 0
4 3 0
4 2 1
5 2 1
3 3 1
6 2 0
5 3 1
6 3 0
5 4 0
6 1 1
7 1 1
8 1 0
7 2 1
8 2 1
2 4 1
1 4 0
1 5 0
2 5 1
1 6 0
2 6 1
1 7 1
0 0 0
board #66 26
4 5 0
4 6 1
3 6 1
5 5 0
5 6 1
6 5 0
6 6 1
7 5 1
2 6 1
1 6 0
1 7 1
8 4 0
8 5 0
7 4 0
7 6 0
6 7 1
7 7 1
8 6 1
0 0 1
board #67 20
4 5 1
3 5 0
3 6 1
2 6 0
2 7 0
2 8 0
4 3 1
5 3 1
3 3 1
6 3 1
2 3 1
7 3 0
7 2 1
8 1 0
8 2 0
6 4 0
5 4 0
0 0 1
board #68 19
3 6 0
3 7 0
3 5 1
4 5 0
4 3 0
4 2 1
5 2 1
6 2 0
5 3 0
7 1 0
3 8 0
0 0 0
board #69 13
4 5 0
4 6 1
3 6 0
3 7 1
2 7 0
2 8 0
4 3 0
4 2 1
5 2 1
6 2 0
5 3 0
6 1 1
7 1 1
8 1 0
7 2 1
8 2 0
7 3 1
8 3 1
3 3 0
3 2 1
2 3 1
1 3 0
1 4 0
2 4 1
1 5 0
2 5 1
1 6 0
2 2 1
1 2 0
1 1 1
2 1 1
0 0 1
board #70 33
3 6 0
3 7 0
3 5 0
4 3 1
5 3 1
6 3 1
3 3 0
3 4 1
2 4 0
2 5 0
4 2 0
2 8 1
3 8 1
1 8 0
2 7 1
1 7 1
4 7 0
4 8 1
5 7 1
6 6 1
7 6 1
8 5 0
8 6 1
0 0 0
board #71 25
4 5 0
4 6 1
3 6 0
3 7 1
2 7 0
1 8 1
2 8 0
4 3 0
4 2 0
5 1 0
0 0 0
board #72 12
4 5 1
3 5 0
3 6 1
2 6 0
2 7 0
1 8 1
2 8 1
3 7 1
5 5 0
5 4 0
4 7 0
5 6 0
4 8 0
4 3 0
4 2 0
4 1 1
5 1 1
6 1 0
5 2 1
6 2 1
3 2 0
3 1 1
2 2 0
2 1 0
0 0 1
board #73 26
4 5 1
3 5 0
3 6 1
2 6 0
2 7 0
2 8 0
4 3 0
4 2 1
5 2 0
5 1 0
0 0 0
board #74 12
4 5 1
3 5 1
5 5 1
6 5 1
2 5 0
2 6 1
1 6 0
1 7 1
7 5 0
7 4 1
8 3 0
8 4 0
8 2 0
8 1 0
6 6 1
7 6 1
8 6 1
0 0 1
board #75 19
4 5 1
3 5 1
5 5 0
5 4 1
6 4 0
6 3 0
6 2 0
4 6 0
3 7 0
7 1 0
3 8 0
0 0 0
board #76 13
4 5 1
3 5 0
3 6 0
3 7 0
4 3 1
5 3 1
3 3 0
3 4 0
4 2 1
3 2 1
2 3 0
2 2 0
2 1 0
2 8 0
0 0 0
board #77 16
4 5 1
3 5 1
5 4 1
6 4 1
2 5 1
7 4 0
7 3 1
8 2 0
8 3 1
1 5 0
1 6 0
2 4 0
1 7 1
2 6 0
2 7 1
3 6 1
0 0 0
board #78 18
4 5 0
4 6 0
4 3 1
5 3 0
5 2 0
4 7 0
6 1 0
3 8 1
4 8 1
5 7 1
2 8 1
1 8 0
2 7 0
3 7 0
0 0 1
board #79 16
4 5 0
4 6 0
4 3 1
5 3 0
5 2 1
6 2 1
7 2 0
6 3 1
7 3 0
6 4 0
7 1 1
8 1 1
3 4 0
3 3 0
3 2 1
4 2 1
2 3 1
1 3 0
1 4 1
0 0 1
board #80 21
4 5 0
4 6 1
3 6 0
3 7 1
2 7 1
5 5 1
1 7 0
1 8 1
6 5 0
6 4 1
7 4 1
8 3 1
0 0 0
board #81 14
3 6 1
4 6 1
5 6 1
2 6 0
2 7 0
3 5 1
2 5 1
1 5 0
1 6 1
6 6 0
6 5 0
5 7 0
6 4 1
5 5 0
5 4 1
4 5 0
4 3 1
5 3 1
3 4 1
7 4 1
8 3 0
8 4 0
7 5 1
8 5 1
0 0 0
board #82 26
3 6 1
4 6 0
4 5 1
5 5 0
5 4 0
3 7 0
4 3 1
5 3 0
5 2 0
2 8 1
3 8 0
6 1 0
0 0 1
board #83 14
4 5 1
3 5 0
3 6 0
3 7 0
4 3 0
4 2 1
5 2 0
5 1 0
2 8 1
3 8 1
1 8 1
4 7 0
4 8 0
0 0 1
board #84 15
4 5 0
4 6 0
4 3 1
5 3 1
6 3 0
6 2 1
7 2 1
3 4 0
3 3 1
2 4 1
8 1 0
8 2 1
1 4 0
1 5 0
2 5 0
2 3 0
3 2 0
4 1 0
4 7 1
3 7 1
5 6 0
5 7 0
4 8 1
5 8 1
6 7 1
2 7 0
1 8 1
2 8 0
3 6 0
0 0 1
board #85 31
4 5 1
3 5 1
5 5 0
5 4 1
6 4 0
6 3 1
7 3 1
2 5 1
8 2 1
1 5 0
1 6 1
0 0 0
board #86 13
4 5 1
3 5 1
5 5 1
6 5 1
2 5 1
7 4 1
1 5 0
1 6 1
8 3 1
0 0 1
board #87 11
3 6 0
4 5 0
4 3 1
5 3 0
5 2 1
6 2 0
6 1 0
3 7 1
2 7 0
1 8 1
2 8 0
0 0 1
board #88 13
4 5 0
4 6 0
4 3 0
4 7 0
4 2 0
4 8 0
4 1 1
5 1 1
3 2 1
6 1 0
5 2 0
0 0 0
board #89 13
4 5 1
3 5 1
5 5 0
5 4 0
4 6 1
5 6 1
6 5 1
7 5 0
7 4 0
6 4 1
7 3 1
8 3 1
2 5 0
2 6 0
2 7 1
1 8 1
3 6 0
3 7 0
3 4 1
2 4 0
3 3 0
3 8 0
4 2 1
3 2 0
3 1 1
4 1 0
0 0 0
board #90 28
4 5 0
4 6 0
4 7 0
4 3 0
4 2 1
5 2 0
5 1 0
4 8 0
0 0 1
board #91 10
4 5 1
3 5 0
3 6 1
2 6 1
5 5 1
6 5 0
6 4 1
7 4 1
1 6 0
1 7 1
8 3 1
0 0 1
board #92 13
3 6 1
4 6 1
2 6 1
5 5 1
6 5 1
7 5 1
1 6 0
1 7 0
1 8 0
2 5 1
1 5 1
8 4 0
8 5 1
0 0 0
board #93 15
4 5 0
4 6 0
4 3 0
4 7 1
3 7 0
2 8 0
4 2 1
5 2 1
3 3 1
6 2 0
5 3 0
6 1 1
7 1 1
8 1 1
2 4 1
1 4 1
0 0 1
board #94 18
4 5 0
4 6 0
