6 5 1
7 5 0
7 4 1
8 4 1
9 4 0
9 3 1
10 3 1
5 6 1
4 6 0
4 7 1
3 7 1
11 3 1
2 7 1
1 7 0
1 8 0
2 6 1
1 6 0
2 5 0
1 9 0
1 10 0
1 11 1
2 10 1
3 9 0
2 9 1
3 8 1
0 0 1
board #1 27
8 3 1
7 3 1
9 3 1
6 3 1
5 3 1
10 3 1
4 3 0
4 4 0
4 5 0
5 2 0
4 6 1
5 5 0
5 6 0
6 7 1
5 7 1
4 7 1
7 6 0
7 7 1
8 6 0
8 7 1
9 6 0
9 7 0
8 8 0
7 9 0
5 1 0
6 10 0
5 11 1
6 11 0
0 0 1
board #2 30
6 7 1
5 7 1
7 6 1
4 7 0
4 8 0
5 6 1
4 6 0
5 5 1
4 5 1
3 6 1
8 6 0
8 5 0
7 7 1
8 7 0
8 4 1
9 4 1
7 5 0
7 4 1
6 4 0
6 5 1
10 4 1
2 6 0
2 7 0
3 7 1
2 8 1
1 9 1
11 3 0
11 4 0
10 5 1
11 5 1
0 0 0
board #3 32
7 5 0
7 4 0
6 7 0
7 3 1
8 3 1
6 4 1
9 3 0
8 4 1
9 4 0
8 5 0
9 2 0
6 8 1
5 8 1
7 8 0
7 7 0
6 9 0
9 1 0
6 10 0
5 11 1
6 11 1
7 10 0
7 11 0
0 0 1
board #4 24
6 5 0
6 7 1
5 7 1
7 6 1
4 7 0
4 8 1
3 8 0
3 9 0
5 6 0
3 10 0
6 4 0
2 11 1
3 11 0
6 3 1
7 3 0
7 2 0
7 1 1
8 1 1
6 2 1
8 2 0
9 1 1
10 1 1
11 1 0
10 2 1
11 2 1
5 4 1
4 5 1
3 6 1
2 6 1
1 6 0
1 7 1
0 0 0
board #5 33
6 7 1
5 7 1
7 6 1
4 7 0
4 8 1
3 8 0
3 9 1
2 9 1
8 6 1
9 6 1
1 10 1
10 5 1
11 4 0
11 5 0
10 4 1
11 3 0
10 6 1
11 6 1
0 0 0
board #6 20
6 5 1
7 5 0
7 4 1
8 4 1
5 6 0
5 5 0
6 4 0
7 3 1
6 3 0
7 2 0
6 7 0
6 8 1
5 8 0
5 9 1
4 9 1
3 9 1
7 7 0
7 8 1
8 7 1
2 9 1
9 6 1
1 9 0
1 10 0
1 11 0
2 8 0
3 7 0
4 6 0
7 1 0
0 0 1
board #7 30
6 5 1
7 5 0
7 4 1
8 4 1
5 6 0
5 5 0
5 4 1
6 4 0
7 3 0
6 7 1
5 7 0
5 8 1
4 8 1
3 8 0
3 9 1
2 9 1
7 6 0
7 7 0
7 8 1
6 8 0
6 9 1
5 9 0
4 10 0
3 11 1
4 11 1
5 10 0
5 11 1
6 10 0
6 11 0
8 2 1
7 2 0
7 1 1
8 1 0
0 0 0
board #8 35
6 5 0
6 7 0
6 4 0
6 8 1
5 8 0
5 9 0
6 3 1
7 3 1
5 4 0
5 3 1
4 4 1
8 3 1
9 3 1
10 3 0
10 2 0
9 4 0
10 1 1
11 1 1
9 2 1
3 5 1
2 6 0
2 5 1
1 6 1
0 0 1
board #9 25
6 7 0
6 5 1
7 5 0
7 4 1
8 4 1
5 6 1
9 4 0
9 3 1
10 3 1
4 6 0
4 7 1
3 7 1
11 2 1
2 7 0
2 8 1
1 8 0
1 9 0
1 10 1
2 9 0
2 10 0
3 6 0
5 4 0
1 11 0
5 5 0
6 3 0
7 2 0
7 1 1
8 1 1
8 2 0
9 1 1
9 2 0
10 1 0
0 0 0
board #10 34
6 5 1
7 5 1
5 6 1
8 5 0
8 4 0
7 6 0
8 3 0
8 2 1
9 2 0
9 1 1
10 1 1
11 1 1
7 3 0
7 2 1
6 3 0
6 2 1
5 3 0
5 2 1
4 3 1
3 4 1
2 5 0
2 4 1
1 4 1
0 0 0
board #11 25
6 7 0
6 5 0
6 4 1
7 4 1
5 5 0
5 4 0
6 3 1
5 3 1
4 4 0
4 3 1
3 4 1
8 4 1
9 4 1
10 4 1
2 5 1
11 3 0
11 4 0
10 5 0
11 2 1
10 3 1
1 5 1
0 0 0
board #12 23
6 5 0
6 7 0
6 4 0
6 8 1
5 8 0
5 9 0
6 3 0
5 10 0
6 2 0
5 11 0
6 1 0
0 0 1
board #13 13
6 7 0
6 5 0
6 8 1
5 8 0
5 9 0
6 4 0
6 3 0
4 10 0
6 2 1
7 2 1
5 3 0
5 2 0
6 1 0
3 11 1
4 11 0
0 0 1
board #14 17
6 7 1
5 7 1
7 7 0
7 6 0
6 8 0
6 5 1
7 5 1
8 5 0
8 4 0
8 3 1
9 3 0
9 2 0
5 9 1
6 9 0
5 10 0
9 1 1
10 1 1
11 1 1
8 2 0
8 1 0
4 11 1
5 11 0
0 0 0
board #15 24
6 5 1
7 5 1
5 5 0
5 6 0
6 4 0
6 7 0
6 8 0
6 9 1
5 9 1
7 8 0
7 9 1
8 8 0
8 9 1
9 8 1
4 9 1
3 9 1
2 9 1
10 7 1
1 9 1
11 6 1
0 0 0
board #16 22
6 5 1
7 5 1
5 6 1
8 5 1
9 5 1
4 6 0
4 7 0
4 5 0
4 8 0
5 4 1
4 4 1
3 5 0
3 4 0
4 3 1
3 3 0
4 2 1
3 2 1
2 3 0
2 2 1
1 2 0
1 3 1
5 5 1
10 5 1
11 4 0
11 5 0
10 6 0
11 3 0
11 2 1
10 3 0
10 2 0
9 7 1
10 7 0
9 8 1
10 8 0
9 9 0
10 1 1
11 1 1
9 2 0
9 1 1
8 2 0
8 1 1
7 2 1
6 3 0
7 3 0
6 2 1
5 2 0
5 3 0
5 1 1
6 1 0
8 10 0
7 11 0
0 0 0
board #17 53
6 7 0
6 5 0
6 4 1
7 4 0
7 3 1
8 3 0
8 2 0
6 8 1
5 8 1
7 7 1
4 8 0
5 7 1
4 7 1
8 7 0
8 6 1
9 6 1
3 7 1
2 8 1
10 5 0
10 6 0
9 7 1
10 7 1
11 7 1
1 8 1
0 0 0
board #18 26
6 7 1
5 7 0
5 8 0
6 5 0
5 9 1
4 9 0
4 10 1
3 10 1
2 10 1
6 8 0
6 9 1
7 8 0
7 9 0
6 10 1
7 10 0
6 11 1
7 11 1
8 10 1
9 9 0
9 10 0
8 9 0
8 11 0
6 4 1
7 4 0
7 3 1
8 3 0
8 2 0
8 1 1
9 1 0
0 0 0
board #19 31
6 5 1
7 5 1
8 5 0
7 6 1
8 6 0
8 4 0
7 7 1
8 7 0
7 8 0
8 3 0
8 2 1
9 2 1
7 3 1
10 2 1
6 4 0
7 4 1
11 2 1
5 5 1
4 5 0
4 6 1
3 6 1
2 6 1
1 6 0
1 7 0
2 5 1
1 5 0
2 4 0
1 8 1
2 7 0
2 8 0
2 9 1
3 8 1
1 10 1
3 7 0
4 7 0
4 8 0
4 9 0
3 3 1
2 3 0
3 2 1
2 2 1
3 4 1
1 2 1
0 0 0
board #20 45
6 7 1
5 7 0
5 8 1
4 8 0
4 9 1
3 9 1
2 9 1
7 6 0
7 7 1
8 6 1
9 5 0
9 6 1
10 5 1
1 9 0
1 10 1
11 4 1
0 0 0
board #21 18
6 5 0
6 7 1
5 7 0
5 8 1
4 8 1
7 6 0
7 7 1
8 6 1
3 8 1
2 8 0
2 9 1
1 9 0
1 10 0
1 11 0
3 7 0
4 7 0
7 4 0
7 3 0
8 2 0
9 1 0
0 0 1
board #22 22
6 5 0
6 4 0
6 7 1
5 7 1
7 6 1
4 7 0
4 8 1
3 8 0
3 9 1
2 9 1
8 6 1
9 6 1
1 10 1
10 5 0
10 6 1
11 5 0
11 6 0
10 7 1
11 7 1
0 0 0
board #23 21
6 7 0
6 5 0
6 4 0
6 8 0
6 3 0
6 9 0
6 2 1
7 2 1
5 3 0
5 2 0
5 1 0
6 10 0
5 11 1
6 11 1
7 10 1
4 11 0
5 10 0
0 0 0
board #24 19
6 7 1
5 7 1
7 7 1
4 7 0
4 8 1
3 8 0
3 9 1
2 9 0
2 10 1
1 10 1
8 7 0
8 6 0
7 8 0
7 6 0
6 9 0
6 5 1
5 6 1
7 5 0
7 4 0
7 3 0
5 10 0
7 2 1
8 2 1
6 3 1
9 2 0
8 3 0
9 1 0
4 11 0
0 0 1
board #25 30
6 7 1
5 7 1
7 6 1
4 7 1
3 7 0
3 8 0
4 6 1
3 6 1
2 7 0
2 6 0
3 5 1
2 5 1
1 5 1
8 6 0
8 5 1
9 5 0
9 4 1
10 4 0
10 3 0
10 2 1
9 3 1
11 2 1
0 0 1
board #26 24
6 7 1
5 7 0
5 8 0
5 9 1
4 9 0
4 10 1
3 10 0
2 11 1
3 11 1
1 11 0
2 10 0
6 5 1
7 5 0
7 4 1
8 4 1
9 4 0
8 5 1
5 5 1
9 5 1
4 5 1
3 5 0
3 6 1
2 6 0
2 7 0
3 7 1
2 8 1
1 9 1
10 5 0
10 4 0
9 6 0
9 3 0
9 2 1
10 2 1
8 3 0
8 2 0
8 6 0
7 6 1
6 8 0
7 7 0
9 1 0
0 0 1
board #27 42
6 7 1
5 7 1
4 7 0
4 8 0
5 6 1
4 6 1
3 7 0
3 6 0
4 5 0
4 9 1
3 9 0
3 10 1
2 10 1
5 8 0
5 9 1
6 8 0
6 9 1
7 8 1
1 10 0
1 11 1
8 7 1
9 6 0
9 7 1
10 6 0
10 7 0
9 8 1
10 8 1
11 7 0
11 8 1
0 0 0
board #28 31
6 5 1
7 5 0
7 4 1
8 4 0
8 3 0
8 2 0
6 7 0
6 8 0
6 9 1
5 9 0
5 10 1
4 10 0
3 11 1
4 11 0
8 1 0
0 0 1
board #29 17
6 7 0
6 5 1
7 5 0
7 4 1
8 4 1
9 4 1
5 6 0
5 5 1
4 6 0
4 5 1
3 6 0
3 5 1
2 6 1
10 4 0
10 3 0
9 5 1
10 5 0
9 6 0
10 2 0
11 1 0
8 6 1
8 7 0
7 7 0
7 9 1
6 9 1
5 9 0
5 10 1
4 10 1
3 10 0
4 9 0
3 11 0
5 8 0
0 0 1
board #30 34
6 5 0
6 7 0
6 4 0
6 8 0
6 9 0
6 3 0
6 10 0
7 2 0
7 1 1
8 1 0
6 11 0
0 0 0
board #31 13
6 5 1
7 5 1
5 5 0
5 6 1
4 6 0
4 7 0
4 8 0
6 4 1
5 4 1
4 4 1
3 5 1
8 5 1
9 5 1
2 6 0
2 5 1
1 5 1
10 5 1
11 4 0
11 5 0
10 6 0
11 3 1
10 4 0
10 3 1
9 4 1
0 0 1
board #32 26
6 7 1
5 7 0
5 8 0
