4 3 0
4 5 0
4 2 1
5 2 0
5 1 0
4 6 1
3 6 1
5 5 0
5 6 1
6 5 0
6 6 1
2 6 0
3 5 0
1 7 1
2 7 1
7 5 1
0 0 1
board #1 18
4 3 1
5 3 0
5 2 1
6 2 0
6 1 0
4 5 0
4 6 1
3 6 0
2 7 1
3 7 1
1 7 0
2 6 1
1 6 1
5 5 0
5 6 0
5 7 0
0 0 1
board #2 18
4 5 1
3 5 1
5 4 0
5 5 0
4 6 0
4 3 0
4 2 1
5 2 1
6 2 1
3 3 1
7 1 1
2 4 1
1 4 0
1 5 1
0 0 1
board #3 16
4 3 0
4 5 1
3 5 0
3 6 1
2 6 1
5 4 1
1 7 1
6 4 1
7 3 0
7 4 1
0 0 1
board #4 12
4 5 1
3 5 1
5 4 1
2 5 0
2 6 0
3 4 0
1 7 0
5 3 1
3 3 0
4 2 1
3 2 1
2 3 1
5 2 0
4 3 1
1 3 0
1 4 0
1 2 1
2 2 0
2 4 0
2 1 1
3 1 1
6 4 0
6 3 1
7 2 1
0 0 0
board #5 26
4 3 0
4 5 1
3 5 0
3 6 1
2 6 1
5 4 0
5 5 0
5 6 0
4 7 1
5 7 1
6 6 1
3 7 0
4 6 1
1 6 1
7 6 1
0 0 1
board #6 17
4 3 0
4 5 1
3 5 1
5 4 0
5 5 0
4 6 1
5 6 0
4 7 0
4 2 0
4 1 0
0 0 0
board #7 12
4 5 0
4 3 0
4 2 1
5 2 1
3 3 0
3 2 1
6 2 1
2 3 0
2 2 1
1 2 1
7 1 0
7 2 0
6 3 0
5 4 0
4 6 0
3 7 1
4 7 0
0 0 0
board #8 19
4 3 0
4 5 1
3 5 1
5 4 0
5 5 0
4 6 0
4 2 0
3 7 1
4 7 0
4 1 0
0 0 0
board #9 12
4 5 1
3 5 1
5 4 1
2 5 1
6 4 0
6 3 1
7 2 0
7 3 1
1 6 1
0 0 1
board #10 11
4 3 0
4 5 1
3 5 0
3 6 0
4 2 0
3 7 0
4 1 1
5 1 1
3 2 1
6 1 1
7 1 1
2 3 0
2 2 1
1 2 1
0 0 1
board #11 16
4 5 1
3 5 1
5 4 0
5 5 1
6 4 1
2 5 0
2 6 0
3 4 0
1 7 0
3 3 0
3 2 0
3 1 0
0 0 0
board #12 14
4 3 0
4 5 1
3 5 1
5 4 0
5 5 1
6 4 0
6 5 1
2 5 1
7 4 1
1 5 1
0 0 0
board #13 12
4 5 1
3 5 1
5 5 0
5 4 0
4 6 1
5 6 0
4 7 1
5 7 0
4 3 0
4 2 1
5 2 0
6 1 0
0 0 0
board #14 14
4 3 1
5 3 1
3 3 0
3 4 1
2 4 0
2 5 0
2 6 0
4 2 1
3 2 1
2 3 0
2 2 0
2 1 1
3 1 0
1 7 0
0 0 0
board #15 16
4 3 0
4 5 0
4 2 1
5 2 0
5 1 0
4 6 1
3 6 1
2 6 1
5 5 0
5 6 0
4 7 1
5 7 0
0 0 1
board #16 14
4 3 0
4 5 1
3 5 0
3 6 0
4 2 1
5 2 1
3 3 1
6 2 1
7 1 1
2 3 1
1 3 0
1 4 1
0 0 0
board #17 14
4 5 0
4 3 0
4 6 1
3 6 1
2 6 1
5 5 1
1 6 0
1 7 1
6 4 0
6 5 0
5 4 0
6 6 0
5 7 1
6 7 1
7 6 0
7 7 0
4 2 1
5 2 1
6 2 1
3 3 0
3 2 1
2 3 1
7 2 1
1 3 1
0 0 1
board #18 26
4 5 0
4 3 0
4 2 1
5 2 0
6 1 0
4 6 0
3 7 1
4 7 0
0 0 0
board #19 10
4 5 0
4 3 0
4 6 0
4 2 0
4 7 0
4 1 1
5 1 1
3 2 0
3 1 0
0 0 1
board #20 11
4 3 0
4 5 0
4 2 0
4 6 0
4 1 1
5 1 0
3 7 1
4 7 1
2 7 1
5 6 1
1 7 0
2 6 0
3 5 1
3 6 1
2 5 0
3 4 1
2 4 0
3 3 0
0 0 0
board #21 20
4 3 1
5 3 1
3 3 1
6 3 1
2 3 1
7 2 0
7 3 0
7 1 1
6 2 0
6 1 1
5 2 1
1 3 0
1 4 1
0 0 0
board #22 15
4 5 1
3 5 0
3 6 0
4 3 0
4 2 0
2 7 0
4 1 0
0 0 1
board #23 9
3 6 1
2 6 1
4 6 0
4 5 1
5 5 0
5 4 0
4 7 0
4 3 1
5 3 0
5 2 0
5 1 1
6 1 0
0 0 0
board #24 14
4 3 1
5 3 1
6 3 0
6 2 1
7 1 1
3 4 0
3 3 0
4 2 0
4 5 0
4 6 0
4 1 1
5 1 1
3 1 1
6 1 1
2 2 0
2 1 1
1 1 0
1 2 1
0 0 1
board #25 20
4 3 1
5 3 1
3 4 1
6 3 1
2 4 1
7 2 0
7 3 1
1 5 1
0 0 0
board #26 10
4 5 0
4 3 1
5 3 0
5 2 0
3 6 0
6 1 0
2 7 0
0 0 0
board #27 9
4 3 1
5 3 1
3 4 1
6 3 1
2 4 1
7 2 0
7 3 0
7 1 1
6 2 0
6 1 0
6 4 0
5 5 1
6 5 0
5 6 0
5 7 0
0 0 0
board #28 17
4 3 1
5 3 0
5 2 1
6 2 1
3 4 1
7 2 1
2 4 0
2 5 0
2 3 0
2 6 0
2 2 1
3 2 1
1 2 0
1 3 1
4 2 1
0 0 1
board #29 17
4 5 0
4 3 0
4 6 1
3 6 0
2 7 1
3 7 0
4 2 0
5 1 0
0 0 0
board #30 10
5 2 0
4 5 0
5 3 0
4 6 1
3 6 0
3 7 0
5 1 1
6 1 1
7 1 1
4 2 1
3 2 1
2 2 0
2 3 0
3 3 0
2 1 1
3 1 1
1 1 0
1 2 0
3 4 0
0 0 0
board #31 21
4 3 0
4 5 1
3 5 1
5 4 0
5 5 0
4 6 1
5 6 0
5 7 0
4 2 0
5 1 0
0 0 0
board #32 12
4 3 0
4 5 0
4 2 1
5 2 1
6 2 0
5 3 1
6 3 0
7 1 0
5 4 1
6 4 0
5 5 1
6 5 1
3 3 0
3 2 0
4 6 1
3 6 1
2 6 0
1 7 1
2 7 0
3 5 1
2 5 0
2 4 1
3 4 1
7 5 1
1 4 0
1 5 1
0 0 1
board #33 28
4 5 1
3 5 0
3 6 1
2 6 1
5 4 0
5 5 1
6 4 0
6 5 0
5 6 1
6 6 0
5 7 1
6 7 0
4 3 1
6 2 0
5 3 1
6 3 0
6 1 1
7 1 1
5 2 1
3 3 0
3 4 0
3 2 1
4 2 1
2 3 1
1 3 1
0 0 0
board #34 27
4 3 0
4 5 1
3 5 0
3 6 1
2 6 0
2 7 0
4 2 1
5 2 1
3 3 0
3 2 1
6 2 0
5 3 0
6 1 1
7 1 0
0 0 0
board #35 16
4 3 0
4 5 0
4 2 0
4 6 0
4 1 1
5 1 1
6 1 1
3 2 1
7 1 0
6 2 1
7 2 1
2 3 1
1 4 1
0 0 1
board #36 15
4 5 0
4 3 0
4 6 1
3 6 0
4 2 1
5 2 1
3 3 0
3 2 0
3 1 1
4 1 1
2 2 1
6 2 1
7 2 1
1 3 1
0 0 1
board #37 16
4 3 0
4 5 1
3 5 0
3 6 1
2 6 0
1 7 1
2 7 0
4 2 0
4 1 1
5 1 1
6 1 0
5 2 0
0 0 0
board #38 14
4 5 1
3 5 0
3 6 0
4 3 1
5 3 0
5 2 1
6 2 0
7 1 0
2 7 1
3 7 0
0 0 0
board #39 12
4 3 0
4 5 1
3 5 1
5 5 1
2 5 1
6 4 1
1 5 0
1 6 0
1 7 1
2 6 1
7 4 1
0 0 1
board #40 13
4 3 0
4 5 1
3 5 0
3 6 0
4 2 1
5 2 0
6 1 0
2 7 1
3 7 0
0 0 0
board #41 11
4 5 1
3 5 0
3 6 0
4 3 1
5 3 0
5 2 1
6 2 0
7 1 0
3 7 0
0 0 1
board #42 11
4 5 1
3 5 0
3 6 1
2 6 0
1 7 0
4 3 0
4 2 0
4 1 1
5 1 1
3 2 0
3 1 0
0 0 0
board #43 13
4 5 0
4 3 0
4 2 1
5 2 0
5 1 1
6 1 0
4 6 0
3 7 1
4 7 0
0 0 0
board #44 11
4 5 1
3 5 0
3 6 1
2 6 0
1 7 1
2 7 1
5 4 1
6 4 0
6 3 1
7 2 0
7 3 1
0 0 1
board #45 13
4 5 0
4 3 0
4 2 0
4 6 0
4 7 0
4 1 1
5 1 0
0 0 1
board #46 9
4 5 0
4 3 1
5 3 0
5 2 0
4 6 0
5 1 0
3 7 1
4 7 1
5 6 1
2 7 1
1 7 0
2 6 1
1 6 1
6 5 1
7 4 1
0 0 1
board #47 17
4 5 1
3 5 1
5 5 1
2 5 0
2 6 1
1 6 0
1 7 0
3 4 1
2 4 1
1 5 1
6 5 0
6 4 0
6 3 0
5 6 0
6 2 0
6 1 1
7 1 0
4 7 1
5 7 0
0 0 0
board #48 21
4 5 1
3 5 1
5 4 1
2 5 1
6 4 0
6 3 1
7 2 0
7 3 1
1 5 0
1 6 0
1 7 1
2 6 1
0 0 1
board #49 14
4 3 1
5 3 1
3 4 0
3 3 0
4 2 1
3 2 0
4 1 0
4 5 0
4 6 0
3 7 1
4 7 0
0 0 1
board #50 13
4 5 1
3 5 0
3 6 0
4 3 1
5 3 0
5 2 1
6 2 1
3 3 0
3 4 1
2 4 0
2 5 1
7 1 1
1 5 0
1 6 0
1 7 0
3 2 1
4 2 1
2 2 1
1 2 1
0 0 1
board #51 21
4 3 1
5 3 1
6 3 1
3 4 0
3 3 0
4 2 0
4 5 0
4 6 1
3 6 0
3 7 0
4 1 1
5 1 0
0 0 0
board #52 14
4 3 1
5 3 0
5 2 1
6 2 1
3 4 0
3 3 0
3 2 0
4 5 1
3 5 0
3 6 1
2 6 1
5 5 1
1 7 1
6 4 1
7 4 1
0 0 0
board #53 17
4 3 1
5 3 1
3 4 1
6 3 1
2 4 0
2 5 1
1 5 0
1 6 1
7 2 0
7 3 0
7 1 0
6 4 1
7 4 1
0 0 1
board #54 15
4 3 1
5 3 1
3 3 1
6 3 1
2 3 1
7 2 0
7 3 1
1 3 1
0 0 0
board #55 10
4 5 0
4 3 0
4 2 0
4 6 0
5 1 0
4 7 0
0 0 0
board #56 8
4 5 0
4 3 1
5 3 0
5 2 1
6 2 0
6 1 1
7 1 0
4 6 0
3 7 1
4 7 1
5 6 1
2 7 0
3 6 1
2 6 1
6 5 0
6 6 1
7 5 0
7 6 0
7 7 0
5 5 0
0 0 1
board #57 22
4 5 1
3 5 0
3 6 1
2 6 0
2 7 0
4 3 1
5 3 0
5 2 0
5 1 0
0 0 0
board #58 11
4 5 0
4 3 1
5 3 0
5 2 1
6 2 0
7 1 0
4 6 1
3 6 1
2 6 1
5 5 0
5 6 0
4 7 1
5 7 1
6 6 0
6 7 1
7 6 0
7 7 1
1 6 1
0 0 1
board #59 20
4 3 1
5 3 1
3 4 0
3 3 0
4 2 1
3 2 1
2 3 0
2 2 0
3 1 0
4 5 0
4 6 1
3 6 1
2 6 1
5 5 0
5 6 0
5 7 0
0 0 1
board #60 18
4 3 0
4 5 1
3 5 0
3 6 1
2 6 1
5 5 1
1 7 1
6 5 1
7 4 0
7 5 1
0 0 0
board #61 12
4 3 1
5 3 0
5 2 1
6 2 1
3 4 1
7 1 0
7 2 1
2 4 1
1 4 1
0 0 0
board #62 11
4 3 0
4 5 1
3 5 0
3 6 0
4 2 0
2 7 1
3 7 0
4 1 0
0 0 0
board #63 10
4 3 0
4 5 0
4 6 0
4 2 0
4 1 0
3 7 1
4 7 0
0 0 1
board #64 9
4 3 1
5 3 1
6 3 0
6 2 1
7 2 1
3 3 1
2 3 0
2 4 1
1 5 1
0 0 1
board #65 11
4 3 0
4 5 1
3 5 0
3 6 0
4 2 0
3 7 0
4 1 1
5 1 0
0 0 0
board #66 10
4 5 0
4 3 1
5 3 0
5 2 1
6 2 1
3 4 0
3 3 0
4 2 0
5 1 0
4 6 0
3 7 0
0 0 0
board #67 13
4 5 0
4 3 1
5 3 0
5 2 0
4 6 1
3 6 0
3 7 0
6 1 0
0 0 1
board #68 10
4 3 0
4 5 1
3 5 1
5 4 0
5 5 0
4 6 0
4 2 1
5 2 0
6 1 0
3 7 0
0 0 1
board #69 12
4 5 1
3 5 1
2 5 1
5 4 1
6 4 1
1 5 0
1 6 0
1 7 0
2 4 1
1 4 1
7 4 1
0 0 0
board #70 13
4 3 0
4 5 0
4 2 1
5 2 0
6 1 0
4 6 1
3 6 1
5 5 0
5 6 0
4 7 0
0 0 1
board #71 12
4 3 1
5 3 0
5 2 1
6 2 1
3 3 1
7 2 1
2 4 0
2 3 1
1 3 0
1 4 1
0 0 1
board #72 12
4 3 0
3 6 1
2 6 1
4 6 0
4 5 0
3 7 1
4 7 0
4 2 1
5 2 1
6 2 1
3 3 1
7 1 1
2 4 0
2 3 1
1 3 0
1 4 0
3 4 1
2 5 1
1 7 1
0 0 0
board #73 21
4 5 1
3 5 0
3 6 0
4 3 0
4 2 0
3 7 0
4 1 0
0 0 1
board #74 9
4 3 1
5 3 0
5 2 1
6 2 1
3 4 1
7 2 1
2 5 1
1 5 0
1 6 1
0 0 0
board #75 11
4 3 0
4 5 0
4 6 1
3 6 1
2 6 0
3 5 1
2 5 0
3 4 0
2 7 0
4 2 1
5 2 0
5 1 1
6 1 1
7 1 1
3 2 0
3 3 0
3 1 1
4 1 1
2 2 0
2 1 1
1 1 0
1 2 1
0 0 0
board #76 24
4 3 1
5 3 1
6 3 1
3 4 1
2 4 0
2 5 0
2 3 0
2 6 1
3 5 0
3 6 0
3 2 1
2 2 0
2 1 0
2 7 1
3 7 1
4 6 0
4 7 1
5 6 0
5 7 0
0 0 1
board #77 21
4 3 1
5 3 0
5 2 0
4 5 0
4 6 1
3 6 0
3 7 0
5 1 1
6 1 0
0 0 1
board #78 11
4 3 0
4 5 0
4 6 1
3 6 0
2 7 1
3 7 1
1 7 0
2 6 1
1 6 0
2 5 0
3 4 0
4 2 0
4 1 1
5 1 1
6 1 0
5 2 1
6 2 0
5 3 1
6 3 1
3 2 1
2 3 0
2 2 1
1 2 1
7 2 0
7 3 0
6 4 1
7 4 1
0 0 0
board #79 29
4 3 0
4 5 1
3 5 1
5 4 1
2 5 1
6 4 1
1 5 1
7 3 0
7 4 1
0 0 1
board #80 11
4 3 0
4 5 1
3 5 1
5 4 1
2 5 1
6 4 0
6 3 1
7 2 0
7 3 0
7 1 0
6 5 1
5 5 1
7 4 1
1 5 0
1 6 0
1 7 0
2 4 1
1 4 0
2 3 1
1 3 1
0 0 1
board #81 22
4 3 0
4 5 1
3 5 0
3 6 1
2 6 1
5 4 1
1 7 1
6 4 0
6 3 1
7 2 1
0 0 0
board #82 12
4 5 0
4 3 1
5 3 0
5 2 0
4 6 0
6 1 0
3 7 1
4 7 1
2 7 1
5 6 0
5 7 1
6 6 1
1 7 1
7 5 0
7 6 1
0 0 0
board #83 17
4 5 0
4 3 1
5 3 0
5 2 1
6 2 1
3 4 0
3 3 1
2 4 1
7 1 0
7 2 0
6 3 1
7 3 1
1 4 0
1 5 0
2 5 1
1 6 1
0 0 0
board #84 18
4 3 1
5 3 1
6 3 1
3 3 0
3 4 1
2 4 0
2 5 1
1 5 0
1 6 0
1 7 1
2 6 0
2 7 1
3 6 0
3 7 0
4 2 0
5 1 0
0 0 0
board #85 18
4 3 0
4 5 1
3 5 1
5 4 1
2 5 0
2 6 1
1 7 1
6 4 1
7 3 0
7 4 1
0 0 0
board #86 12
4 5 1
3 5 0
3 6 0
4 3 1
5 3 0
5 2 1
6 2 0
7 1 0
3 7 0
0 0 0
board #87 11
4 3 1
5 3 0
5 2 1
6 2 1
3 4 0
3 3 1
2 4 1
7 1 0
7 2 1
1 5 1
0 0 1
board #88 12
4 3 1
5 3 1
3 3 0
3 4 1
2 4 1
6 3 0
6 2 0
5 4 0
6 1 0
5 5 1
3 5 0
3 6 1
2 6 0
1 7 0
0 0 1
board #89 16
4 5 0
4 3 0
4 2 0
4 6 1
3 6 0
2 7 1
3 7 0
4 1 1
5 1 1
6 1 1
7 1 1
3 2 1
2 3 1
1 4 1
0 0 0
board #90 16
4 3 1
5 3 0
5 2 0
4 5 1
3 5 1
5 5 1
2 5 0
2 6 1
1 6 0
1 7 1
6 4 0
6 5 0
5 6 0
6 3 1
5 4 1
7 3 1
0 0 0
board #91 18
4 5 1
3 5 0
3 6 0
4 3 0
4 2 1
5 2 1
3 3 1
6 2 1
7 1 1
2 4 0
2 3 1
1 3 0
1 4 1
0 0 0
board #92 15
4 5 0
4 3 1
5 3 0
5 2 0
4 6 1
3 6 0
2 7 1
3 7 1
1 7 1
5 5 1
6 4 1
7 4 1
0 0 1
board #93 14
4 5 0
4 3 0
4 2 1
5 2 1
6 2 1
3 3 1
7 1 1
2 3 1
1 4 1
0 0 1
board #94 11
4 3 0
4 5 1
3 5 1
5 4 1
2 5 0
2 6 1
1 6 1
6 3 1
7 2 0
7 3 0
7 1 1
6 2 0
6 4 0
6 1 0
6 5 0
5 6 1
6 6 1
4 6 1
7 6 1
0 0 0
board #95 21
4 5 0
4 3 0
4 2 1
5 2 1
3 3 1
6 2 1
7 2 1
2 4 0
2 3 1
1 4 1
0 0 0
board #96 12
4 5 0
4 3 0
4 2 0
4 6 1
3 6 0
2 7 0
4 1 1
5 1 1
6 1 0
5 2 1
6 2 1
3 2 0
3 1 1
2 2 0
2 1 0
0 0 1
board #97 17
4 3 1
5 3 1
6 3 0
6 2 0
5 4 0
6 1 1
7 1 1
5 2 0
5 1 1
4 2 0
4 1 1
3 2 0
3 1 1
2 2 0
2 1 0
5 5 1
4 5 1
3 5 1
6 5 0
6 4 1
7 3 0
7 4 1
2 5 1
1 5 0
1 6 0
1 7 1
2 6 0
2 7 1
3 6 0
3 7 0
2 4 0
3 3 0
0 0 1
board #98 34
4 3 1
5 3 1
3 4 0
3 3 1
6 3 0
6 2 0
5 4 1
6 4 1
7 3 0
7 4 0
6 5 1
7 5 0
6 6 1
7 6 0
6 7 1
7 7 0
7 1 0
0 0 1
board #99 19
4 5 0
4 3 0
4 2 1
5 2 0
5 1 1
6 1 0
4 6 0
3 7 1
4 7 1
2 7 1
5 6 1
1 7 1
6 5 1
7 5 1
0 0 0
board #100 16
4 5 1
3 5 0
3 6 0
4 3 0
4 2 1
5 2 1
6 2 1
3 3 0
3 2 0
4 1 0
3 7 0
0 0 0
board #101 13
4 3 1
5 3 1
3 3 1
6 3 1
2 3 0
2 4 1
1 4 0
1 5 0
1 6 1
2 5 1
7 3 1
0 0 1
board #102 13
4 3 0
4 5 0
4 6 1
3 6 0
3 7 0
4 2 1
5 2 0
5 1 1
6 1 0
0 0 0
board #103 11
4 3 1
5 3 1
6 3 1
3 4 0
3 3 0
4 2 0
4 5 1
3 5 0
3 6 0
3 7 0
5 1 0
0 0 0
board #104 13
4 3 0
4 5 1
3 5 0
3 6 0
4 2 1
5 2 0
5 1 1
6 1 0
2 7 1
3 7 0
0 0 1
board #105 12
4 5 1
3 5 0
3 6 0
4 3 0
4 2 0
2 7 1
3 7 1
1 7 0
2 6 1
1 6 0
2 5 0
4 1 1
5 1 0
0 0 1
board #106 15
4 3 1
5 3 1
6 3 0
6 2 1
7 1 1
3 4 1
2 4 1
1 4 1
0 0 0
board #107 10
4 3 0
4 5 0
4 6 0
4 2 0
3 7 1
4 7 1
2 7 0
3 6 1
2 6 0
3 5 1
2 5 0
3 4 0
4 1 1
5 1 0
0 0 0
board #108 16
4 3 0
4 5 0
4 2 0
4 6 0
4 1 1
5 1 0
4 7 0
0 0 0
board #109 9
4 3 0
4 5 0
4 2 0
4 6 1
3 6 0
2 7 1
3 7 0
5 1 0
0 0 0
board #110 10
4 5 0
4 3 1
5 3 0
5 2 0
4 6 1
3 6 0
3 7 0
5 1 1
6 1 1
7 1 1
4 2 1
3 4 0
3 2 0
3 3 0
3 1 1
4 1 1
2 2 0
2 1 1
1 1 0
1 2 1
0 0 0
board #111 22
4 5 0
4 3 0
4 6 0
4 2 1
5 2 1
6 2 1
3 3 0
3 2 0
3 1 1
4 1 0
3 7 1
4 7 0
0 0 0
board #112 14
4 5 0
4 3 0
4 6 0
4 2 0
3 7 1
4 7 1
5 6 1
2 7 1
1 7 0
2 6 1
1 6 0
2 5 1
1 5 0
2 4 0
3 3 1
3 4 0
4 1 0
0 0 0
board #113 19
4 5 1
3 5 0
3 6 0
4 3 0
4 2 0
3 7 0
5 1 0
0 0 1
board #114 9
4 3 1
5 3 1
3 3 1
6 3 0
6 2 0
5 4 0
7 1 0
5 5 1
4 5 0
4 6 0
3 7 0
0 0 1
board #115 13
4 5 0
4 3 0
4 6 1
3 6 1
2 6 1
5 5 0
5 6 1
6 5 0
6 6 1
7 5 0
7 6 1
1 6 0
1 7 0
2 5 0
3 4 1
3 5 0
4 2 1
5 2 1
6 2 1
3 2 1
2 2 0
2 3 1
7 1 1
1 3 1
0 0 1
board #116 26
4 3 1
5 3 1
3 3 0
3 4 1
2 4 1
6 3 0
6 2 1
7 1 0
7 2 1
1 4 1
0 0 1
board #117 12
4 3 0
4 5 0
4 6 1
3 6 1
2 6 1
5 5 1
1 6 0
1 7 0
2 5 1
1 5 0
2 4 0
3 3 1
3 4 1
2 3 0
3 2 1
2 2 1
1 3 1
6 4 1
7 3 0
7 4 0
7 2 0
7 5 1
6 5 1
0 0 1
board #118 25
4 3 0
4 5 0
4 2 1
5 2 1
3 3 1
6 2 0
5 3 0
7 1 0
4 6 1
3 6 0
3 7 0
0 0 1
board #119 13
4 3 0
4 5 1
3 5 1
5 5 1
2 5 0
2 6 1
1 6 0
1 7 0
3 4 1
2 4 1
1 5 1
6 4 1
7 4 1
0 0 0
board #120 15
4 3 1
5 3 1
3 4 1
6 3 1
2 4 0
2 5 0
2 6 0
2 3 0
3 2 1
2 2 1
3 3 1
1 2 0
1 3 0
1 1 0
1 7 1
2 7 1
3 6 1
3 5 0
4 5 0
4 6 0
4 7 0
0 0 1
board #121 23
4 3 0
4 5 0
4 2 1
5 2 1
3 3 0
3 2 0
4 1 0
4 6 1
3 6 0
3 7 0
0 0 1
board #122 12
4 3 0
4 5 1
3 5 1
5 4 1
2 5 0
2 6 0
3 4 0
2 7 0
4 2 1
5 2 1
3 2 0
3 3 1
2 3 1
6 2 1
1 3 0
1 4 0
2 2 0
1 5 0
3 1 0
0 0 0
board #123 21
4 5 0
4 3 0
4 6 1
3 6 1
2 6 0
3 5 1
2 5 0
3 4 0
1 7 1
2 7 1
5 5 1
6 5 1
7 4 0
7 5 1
0 0 0
board #124 16
4 3 1
5 3 1
6 3 1
3 4 1
2 4 1
7 2 1
1 4 0
1 5 1
0 0 0
board #125 10
4 3 1
5 3 1
3 3 1
6 3 0
6 2 1
7 2 1
2 4 1
1 5 1
0 0 1
board #126 10
4 3 1
5 3 0
5 2 1
6 2 0
7 1 0
4 5 0
4 6 0
3 7 1
4 7 1
2 7 1
5 6 0
5 7 1
6 6 0
6 7 1
1 7 0
2 6 1
1 6 1
7 7 1
0 0 0
board #127 20
4 5 0
4 3 0
4 2 0
4 6 1
3 6 0
2 7 1
3 7 1
1 7 0
2 6 0
4 1 1
5 1 0
0 0 1
board #128 13
4 5 0
4 3 0
3 6 0
4 2 1
5 2 0
6 1 0
2 7 0
0 0 1
board #129 9
4 5 1
3 5 0
3 6 1
2 6 0
1 7 1
2 7 0
4 3 0
5 2 0
5 1 0
0 0 1
board #130 11
4 3 0
4 5 1
3 5 0
3 6 1
2 6 1
5 4 0
5 5 0
5 6 0
4 7 1
5 7 1
6 6 1
3 7 0
4 6 0
4 2 1
5 2 1
6 2 1
3 3 1
7 1 0
7 2 0
6 3 1
7 3 0
6 4 0
0 0 0
board #131 24
4 5 0
4 3 1
5 3 1
3 4 0
3 3 1
2 4 0
2 3 1
6 3 0
6 2 1
7 1 0
7 2 1
1 3 1
0 0 1
board #132 14
4 5 1
3 5 1
5 4 0
5 5 1
2 5 1
6 4 0
6 5 0
5 6 0
4 3 0
4 2 1
5 2 0
5 1 1
6 1 0
4 7 1
5 7 1
4 6 1
6 7 0
6 6 1
7 6 1
1 5 0
1 6 1
0 0 1
board #133 23
4 3 1
5 3 1
3 4 1
6 3 1
2 4 0
2 5 0
2 6 0
2 3 1
3 3 0
4 2 1
3 2 0
3 1 0
1 7 0
0 0 0
board #134 15
4 3 1
5 3 1
3 4 1
6 3 0
6 2 0
5 4 0
7 1 0
5 5 1
4 5 1
3 5 0
3 6 1
2 6 1
6 4 1
1 6 1
7 3 1
0 0 1
board #135 17
4 3 1
5 3 1
6 3 1
3 3 1
2 4 1
7 2 0
7 3 1
1 4 0
1 5 0
2 3 0
1 6 1
2 5 1
0 0 0
board #136 14
4 3 0
4 5 1
3 5 0
3 6 0
4 2 0
2 7 0
4 1 1
5 1 1
3 2 0
3 1 0
0 0 0
board #137 12
4 5 0
4 3 1
5 3 1
3 3 1
6 3 1
2 4 1
7 2 0
7 3 1
1 4 0
1 5 1
0 0 0
board #138 12
4 5 1
3 5 1
5 4 0
5 5 1
6 4 1
2 5 0
2 6 1
1 6 1
7 4 1
0 0 0
board #139 11
4 5 1
3 5 1
5 4 0
5 5 0
4 6 0
4 3 0
4 2 1
5 2 0
5 1 1
6 1 0
3 7 0
0 0 1
board #140 13
4 5 0
4 3 1
5 3 0
5 2 1
6 2 1
3 4 0
3 3 1
2 4 0
2 3 1
1 3 0
1 4 1
7 2 1
0 0 0
board #141 14
4 5 1
3 5 0
3 6 0
4 3 0
4 2 1
5 2 1
6 2 0
5 3 1
6 3 0
5 4 0
6 1 0
2 7 1
3 7 0
0 0 0
board #142 15
4 5 1
3 5 0
3 6 1
2 6 1
5 4 0
5 5 0
5 6 1
4 6 0
4 7 0
4 3 1
5 3 0
5 2 1
6 2 0
6 1 1
7 1 1
3 3 0
3 4 0
3 2 1
4 2 0
4 1 1
5 1 0
0 0 1
board #143 23
4 3 1
5 3 1
6 3 0
6 2 1
7 1 1
3 3 0
3 4 0
4 2 0
4 5 0
4 6 1
3 6 1
2 6 0
1 7 1
2 7 0
2 5 0
4 1 1
5 1 0
0 0 0
board #144 19
4 3 0
4 5 0
4 6 0
4 2 0
3 7 1
4 7 1
5 6 1
2 7 1
1 7 0
2 6 0
3 6 0
5 1 0
0 0 0
board #145 14
4 3 0
4 5 0
4 2 0
4 6 1
3 6 1
5 5 1
2 6 1
1 6 1
6 4 1
7 3 0
7 4 1
0 0 1
board #146 13
4 3 1
5 3 1
3 4 0
3 3 1
6 3 0
6 2 0
5 4 0
6 1 1
7 1 1
5 2 0
5 1 0
4 6 1
3 6 0
3 7 0
3 5 0
0 0 0
board #147 17
4 3 1
5 3 0
5 2 1
6 2 1
3 4 0
3 3 0
3 2 1
4 2 0
4 1 1
5 1 1
2 3 0
2 2 0
3 1 0
4 5 1
2 6 0
3 5 0
1 7 1
2 7 1
3 6 1
5 5 0
5 4 1
6 3 1
7 3 1
0 0 0
board #148 25
4 3 0
4 5 0
4 6 1
3 6 0
2 7 0
4 2 1
5 2 0
5 1 0
0 0 0
board #149 10
4 3 1
5 3 0
5 2 1
6 2 0
6 1 0
4 5 1
3 5 0
3 6 1
2 6 0
1 7 0
0 0 0
board #150 12
4 3 1
5 3 1
3 4 0
3 3 1
2 4 0
2 3 0
3 2 0
4 5 1
3 5 0
3 6 0
3 1 1
4 1 1
4 2 0
5 1 1
5 2 1
2 2 1
1 2 0
1 3 0
2 1 0
2 7 1
3 7 1
1 7 0
2 6 1
1 6 1
4 6 0
4 7 1
5 6 1
6 5 1
7 4 0
7 5 1
0 0 1
board #151 32
4 3 1
5 3 0
5 2 0
4 5 1
3 5 0
3 6 0
5 1 1
6 1 1
7 1 0
6 2 0
2 7 1
3 7 1
1 7 1
4 6 0
4 7 0
0 0 1
board #152 17
4 3 0
4 5 1
3 5 1
5 4 1
2 5 1
6 3 0
6 4 0
6 5 0
6 2 0
5 6 1
6 6 1
5 5 1
7 5 0
7 6 1
1 6 1
0 0 0
board #153 17
4 5 0
4 3 0
4 6 1
3 6 0
2 7 1
3 7 1
1 7 0
2 6 0
4 2 1
5 2 1
3 3 0
3 2 1
6 2 1
