6 7 0
6 8 0
6 5 0
6 9 1
5 9 1
7 8 0
7 9 0
6 10 0
6 4 0
6 3 1
7 3 0
7 2 1
8 2 1
5 4 0
5 3 1
4 4 1
9 2 1
10 2 0
9 3 1
10 3 0
9 4 1
10 4 1
11 4 0
11 3 0
10 5 0
10 1 1
11 1 1
12 1 0
11 2 0
9 6 0
8 7 1
8 6 0
7 7 0
6 11 1
5 11 1
5 10 1
7 10 1
8 9 0
8 10 0
7 11 0
6 12 0
0 0 0
board #1 43
6 8 0
6 7 1
5 7 1
7 7 1
8 7 0
8 6 1
9 6 1
4 7 1
3 7 1
10 6 1
2 7 0
2 8 1
1 8 0
1 9 0
2 9 1
1 10 0
1 11 1
2 10 1
11 6 1
12 6 1
0 0 0
board #2 22
6 7 0
6 8 0
6 5 1
7 5 0
7 4 1
8 4 1
5 6 0
5 5 1
4 6 0
4 5 1
9 4 1
3 6 0
3 5 1
2 6 0
2 5 1
1 5 1
10 4 1
11 4 1
12 3 1
0 0 0
board #3 21
6 5 0
6 7 0
6 8 1
5 8 1
7 7 1
4 8 0
4 9 0
5 7 1
4 7 1
3 8 0
3 7 0
4 6 0
4 10 1
3 10 0
3 11 1
2 11 1
5 9 1
1 12 1
8 7 0
8 6 1
9 6 0
9 5 0
8 5 0
8 8 1
7 8 0
7 9 1
6 9 1
9 7 1
10 6 1
11 5 1
12 4 1
0 0 0
board #4 33
6 7 0
6 5 1
7 5 1
5 6 1
8 5 1
9 5 0
9 4 1
10 4 1
4 6 1
11 4 1
3 7 1
2 8 1
12 3 1
1 8 0
1 9 1
0 0 1
board #5 17
6 7 0
6 8 0
6 5 1
7 5 1
5 6 0
5 5 0
6 4 0
6 9 1
5 9 0
5 10 0
5 11 0
7 3 0
7 2 1
8 2 0
8 1 1
9 1 0
4 12 1
5 12 0
0 0 1
board #6 20
6 7 0
6 8 0
6 9 1
5 9 0
5 10 1
4 10 1
7 8 1
3 10 0
4 9 0
3 11 1
2 11 1
1 11 0
1 12 0
2 10 1
1 10 0
2 9 0
3 9 1
3 8 1
2 8 0
3 7 0
4 6 1
4 7 0
3 6 0
3 5 0
3 4 0
3 3 1
4 3 0
4 2 0
4 1 1
5 1 0
0 0 0
board #7 32
6 7 1
5 7 0
5 8 1
4 8 0
4 9 0
4 10 1
3 10 1
5 9 1
2 10 1
7 6 0
7 7 1
8 6 0
8 7 1
9 6 1
1 10 1
10 6 1
11 6 1
12 6 1
0 0 0
board #8 20
6 5 1
7 5 0
7 4 1
8 4 0
8 3 0
5 8 0
6 7 0
5 9 0
8 2 1
9 2 1
7 3 1
10 2 1
11 2 1
5 6 0
5 5 1
4 6 0
4 5 1
3 6 1
12 1 1
2 7 1
1 7 0
1 8 0
2 8 0
2 6 0
3 5 0
4 4 1
3 4 1
2 4 1
1 4 1
0 0 0
board #9 31
6 7 1
5 7 1
7 7 0
7 6 1
8 6 0
8 5 1
9 5 1
10 5 1
4 7 0
4 8 0
5 6 1
4 6 1
3 7 1
11 5 1
2 7 1
12 4 0
12 5 1
1 7 1
0 0 1
board #10 20
6 7 1
5 7 0
5 8 1
4 8 0
4 9 0
4 10 0
6 5 0
4 11 0
6 4 1
7 4 1
5 5 1
8 4 1
9 4 0
8 5 1
9 5 1
4 5 0
4 6 1
3 6 0
3 7 1
2 7 1
10 5 0
10 4 0
9 6 0
9 3 1
10 3 0
10 2 0
8 6 0
7 6 1
7 7 1
8 7 0
7 8 1
8 8 0
7 9 0
11 1 0
6 10 0
5 11 0
3 12 0
0 0 0
board #11 39
6 7 1
5 7 1
7 6 1
8 6 1
4 7 1
9 5 1
3 7 1
10 5 0
10 4 1
11 4 1
2 7 1
12 3 0
12 4 0
11 5 0
12 2 0
12 1 1
11 2 1
10 3 0
11 3 0
10 2 0
9 6 1
10 6 0
9 7 1
10 7 0
9 8 0
8 9 1
9 9 0
8 10 0
11 1 0
8 11 0
8 12 0
0 0 1
board #12 33
6 7 0
6 8 1
5 8 0
5 9 0
6 5 1
7 5 0
7 4 0
5 10 1
4 10 0
4 11 0
8 3 0
8 2 0
3 12 0
8 1 0
0 0 0
board #13 16
6 5 1
7 5 0
7 4 1
8 4 1
9 4 1
5 6 1
10 4 1
11 4 1
4 6 0
4 7 0
4 5 0
5 7 0
4 4 0
5 3 0
6 2 1
5 2 0
5 8 1
4 8 1
3 8 1
6 7 1
7 6 0
7 7 0
7 8 1
6 8 0
6 9 1
5 9 0
5 10 0
5 11 1
4 11 0
5 1 1
6 1 0
3 12 1
4 12 1
6 10 0
6 11 1
2 12 1
7 10 1
1 12 1
8 9 0
8 10 0
7 9 1
8 7 0
8 8 1
9 7 0
9 8 1
10 7 1
11 6 0
11 7 1
12 6 1
0 0 0
board #14 51
6 7 0
6 8 0
6 5 0
6 9 0
6 4 1
7 4 1
5 5 0
5 4 1
4 5 1
8 4 1
9 4 1
10 4 1
3 6 0
3 5 0
4 6 1
3 7 1
2 7 0
2 8 1
11 4 0
11 3 1
12 3 1
1 9 1
0 0 0
board #15 24
6 7 1
5 7 1
7 6 0
7 7 1
8 6 1
4 7 0
4 8 1
3 8 1
9 6 1
10 6 0
10 5 0
9 7 1
10 7 1
11 6 1
2 8 0
2 9 0
3 7 0
2 10 1
3 9 1
1 10 0
1 11 1
12 5 1
0 0 1
board #16 24
6 7 0
6 8 1
5 8 1
7 7 0
7 8 1
8 7 0
8 8 0
7 9 0
6 10 0
6 5 1
7 5 1
5 6 0
5 5 1
4 6 0
4 5 0
5 4 1
4 4 1
3 5 0
3 4 0
4 3 1
3 3 1
2 4 0
2 3 1
8 5 1
1 3 0
1 4 1
9 5 1
10 5 0
10 4 1
11 4 1
12 3 0
12 4 0
11 5 1
12 5 1
0 0 1
board #17 36
6 7 0
6 5 1
7 5 1
5 6 0
5 5 0
6 4 1
5 4 1
4 5 0
4 4 1
3 5 1
8 5 0
8 4 0
7 6 0
8 3 0
8 2 1
9 2 1
7 3 0
7 2 0
6 8 1
5 8 0
5 9 1
4 9 0
4 10 1
3 10 0
3 11 1
2 11 0
1 12 0
7 1 0
0 0 0
board #18 30
6 8 0
6 7 0
6 5 0
6 4 1
7 4 1
5 5 0
5 4 1
4 5 1
8 4 0
7 5 1
8 5 1
9 5 0
9 4 1
10 4 1
3 5 1
11 3 1
2 6 0
2 5 0
3 6 0
4 6 0
3 4 0
4 3 0
4 2 0
6 9 0
4 1 1
5 1 0
6 10 1
5 10 1
7 9 0
7 10 1
8 9 0
8 10 0
7 11 0
6 12 1
7 12 0
0 0 1
board #19 37
6 5 0
6 7 0
6 8 0
6 9 1
5 9 0
5 10 1
4 10 0
4 11 0
6 4 1
7 4 0
7 3 1
8 3 1
5 5 0
5 4 0
5 3 1
6 3 1
4 4 1
9 3 0
8 4 0
9 2 1
10 2 1
11 2 1
12 1 0
12 2 1
3 5 1
2 6 0
2 5 0
3 6 0
2 4 0
3 3 0
4 2 0
4 5 0
4 1 1
5 1 0
4 12 0
0 0 0
board #20 37
6 7 1
5 7 0
5 8 1
4 8 1
7 6 1
3 8 1
8 5 1
9 5 0
9 4 0
9 6 1
8 6 1
10 5 0
10 6 0
9 7 1
10 7 1
11 6 1
2 8 0
2 9 1
1 9 0
1 10 0
1 11 0
1 12 1
2 11 1
2 10 1
12 5 1
0 0 1
board #21 27
6 7 0
6 8 0
6 9 0
6 5 0
6 4 0
6 10 0
6 3 0
6 11 1
5 11 0
5 12 0
6 2 0
6 1 0
0 0 0
board #22 14
6 7 1
5 7 1
7 7 1
8 7 0
8 6 1
9 6 1
4 7 0
4 8 1
3 8 1
10 6 1
2 9 1
11 6 0
11 5 1
12 4 0
12 5 1
1 10 1
0 0 1
board #23 18
6 7 0
6 8 0
6 5 0
6 9 0
6 4 1
7 4 0
7 3 0
6 10 0
7 2 0
5 11 1
6 11 1
7 10 0
7 11 1
8 10 0
8 11 0
7 12 1
8 12 1
9 11 1
4 11 0
5 10 0
3 12 1
4 12 0
7 1 0
0 0 1
board #24 25
6 7 1
5 7 0
5 8 0
5 9 0
5 10 1
4 10 1
6 9 1
3 10 0
4 9 0
3 11 1
2 11 0
1 12 1
2 12 1
7 9 1
8 9 0
8 8 0
7 10 0
8 7 1
7 8 1
9 7 0
9 6 1
10 6 0
10 5 0
9 5 0
9 4 1
8 5 1
10 4 1
8 6 1
11 4 1
12 4 1
0 0 0
board #25 32
5 8 1
6 8 0
6 7 0
6 9 0
6 5 1
7 5 1
5 6 1
8 5 0
7 6 0
8 4 0
8 3 0
6 10 1
5 10 1
7 9 0
7 10 1
8 9 0
8 10 0
7 11 1
8 11 0
8 12 0
