3 2 0
3 4 1
2 4 0
2 5 0
3 1 0
0 0 0
board #1 7
3 4 1
2 4 1
4 3 0
4 4 0
3 5 1
4 5 0
3 2 1
4 2 0
4 1 0
0 0 0
board #2 11
3 4 1
2 4 1
4 4 0
4 3 0
4 5 0
3 2 0
4 1 0
0 0 1
board #3 9
3 2 1
4 2 1
2 2 1
5 1 0
5 2 0
4 3 0
4 4 1
3 4 0
2 5 1
3 5 1
1 5 1
5 3 1
0 0 0
board #4 14
3 2 0
3 4 1
2 4 0
2 5 0
3 1 0
0 0 1
board #5 7
3 4 0
3 2 1
4 2 1
2 3 1
5 1 0
5 2 0
4 3 0
2 5 1
3 5 1
1 5 1
4 4 0
4 5 0
0 0 0
board #6 14
3 2 1
4 2 1
2 3 0
2 2 1
1 3 1
5 2 1
0 0 1
board #7 8
3 2 0
3 4 0
4 1 0
2 5 1
3 5 0
0 0 0
board #8 7
3 4 0
3 2 0
2 5 1
3 5 1
1 5 0
2 4 1
1 4 0
2 3 1
1 3 1
4 4 0
4 5 0
4 1 0
0 0 1
board #9 14
3 2 0
3 4 1
2 4 0
1 5 0
3 1 1
4 1 0
0 0 0
board #10 8
3 4 1
2 4 0
1 5 1
2 5 1
4 3 1
5 2 1
0 0 0
board #11 8
3 2 1
4 2 1
2 2 1
5 1 0
5 2 1
1 2 0
1 3 0
2 3 1
1 4 1
0 0 0
board #12 11
3 2 0
3 4 1
2 4 0
2 5 0
3 1 1
4 1 0
0 0 1
board #13 8
3 2 0
3 4 0
3 1 1
4 1 0
3 5 0
0 0 1
board #14 7
3 2 0
3 4 0
3 5 0
3 1 1
4 1 0
0 0 1
board #15 7
3 4 1
2 4 0
2 5 0
3 2 1
4 2 0
4 1 1
5 1 0
0 0 0
board #16 9
3 4 0
3 2 0
3 1 0
3 5 0
0 0 0
board #17 6
3 4 0
3 2 1
4 2 0
4 1 1
5 1 0
2 5 1
3 5 0
0 0 0
board #18 9
3 4 0
3 2 1
4 2 0
4 1 0
3 5 0
0 0 1
board #19 7
3 4 1
2 4 1
4 4 1
1 4 1
5 4 1
0 0 1
board #20 7
3 4 0
3 2 0
4 1 0
3 5 0
0 0 0
board #21 6
3 2 1
4 2 1
2 3 0
2 2 1
1 2 0
1 3 1
5 1 1
0 0 1
board #22 9
3 4 1
2 4 1
4 4 0
4 3 0
4 5 0
3 2 0
3 1 0
0 0 0
board #23 9
3 4 0
3 2 1
4 2 1
2 3 0
2 2 1
1 2 0
1 3 1
5 2 1
0 0 1
board #24 10
3 4 1
2 4 0
1 5 0
3 2 0
3 1 0
0 0 0
board #25 7
3 4 1
2 4 0
2 5 0
3 2 0
3 1 1
4 1 0
0 0 1
board #26 8
3 2 1
4 2 1
2 3 0
2 2 1
1 2 0
1 3 1
5 1 0
5 2 0
4 3 0
1 5 0
1 4 1
2 4 0
0 0 0
board #27 14
3 4 0
3 2 0
2 5 0
3 1 0
0 0 1
board #28 6
3 2 1
4 2 1
2 2 1
5 2 1
1 3 1
0 0 1
board #29 7
3 2 0
3 4 0
4 1 0
3 5 0
0 0 1
board #30 6
3 4 0
3 2 1
4 2 1
2 3 1
5 2 1
1 3 1
0 0 1
board #31 8
3 4 0
3 2 0
3 1 0
2 5 1
3 5 0
0 0 1
board #32 7
3 2 1
4 2 0
4 1 1
5 1 1
2 3 0
2 2 1
1 2 0
1 3 0
1 1 1
2 1 0
1 5 0
1 4 0
0 0 1
board #33 14
3 4 1
2 4 1
4 3 0
4 4 0
3 5 1
4 5 1
5 4 0
5 5 1
1 4 1
0 0 1
board #34 11
3 2 1
4 2 1
2 2 0
2 3 0
2 1 1
3 1 0
3 4 0
2 5 1
3 5 0
0 0 1
board #35 11
3 2 0
3 4 0
2 5 1
3 5 1
1 5 1
4 4 1
5 3 0
5 4 0
4 3 1
5 2 1
0 0 1
board #36 12
3 2 0
3 4 0
2 5 1
3 5 0
3 1 0
0 0 0
board #37 7
3 4 1
2 4 1
4 3 0
4 4 1
1 4 0
1 5 1
5 3 0
5 4 0
4 5 1
5 5 1
0 0 0
board #38 12
3 4 1
2 4 1
4 3 0
4 4 0
3 5 0
3 2 0
3 1 1
4 1 1
5 1 0
4 2 0
0 0 0
board #39 12
3 2 0
3 4 1
2 4 0
2 5 0
3 1 0
0 0 1
board #40 7
3 4 1
2 4 1
4 3 0
4 4 0
4 5 0
3 2 0
3 1 1
4 1 0
0 0 0
board #41 10
3 2 1
4 2 0
5 1 0
3 4 1
2 4 1
4 3 1
1 5 1
5 2 1
0 0 0
board #42 10
3 4 0
3 2 0
4 1 0
2 5 1
3 5 1
1 5 0
2 4 1
1 4 1
4 4 1
5 3 0
5 4 1
0 0 1
board #43 13
3 2 0
3 4 1
2 4 0
1 5 1
2 5 1
4 4 1
5 3 0
5 4 0
4 3 1
5 2 1
0 0 1
board #44 12
3 4 1
2 4 1
4 3 0
4 4 0
3 5 0
3 2 1
4 2 1
5 1 0
5 2 0
0 0 1
board #45 11
3 2 1
4 2 1
2 3 1
5 1 1
1 3 0
1 4 1
0 0 0
board #46 8
3 2 0
3 4 0
2 5 1
3 5 1
1 5 0
2 4 0
3 1 0
0 0 1
board #47 9
3 4 1
2 4 0
2 5 0
3 2 0
3 1 0
0 0 0
board #48 7
3 2 1
4 2 0
5 1 0
3 4 1
2 4 0
2 5 0
0 0 1
board #49 8
3 2 0
3 4 1
2 4 0
2 5 0
3 1 1
4 1 1
5 1 1
2 2 0
2 1 1
1 1 1
0 0 0
board #50 12
3 2 1
4 2 0
4 1 1
5 1 0
3 4 0
2 5 1
3 5 1
1 5 1
4 4 1
5 3 0
5 4 1
0 0 1
board #51 13
3 2 1
4 2 0
4 1 0
3 4 1
2 4 1
4 4 0
4 3 0
3 5 1
4 5 1
5 4 1
1 4 0
1 5 1
0 0 1
board #52 14
3 4 0
3 2 1
4 2 0
4 1 1
5 1 1
2 3 1
1 3 0
1 4 1
0 0 1
board #53 10
3 2 1
4 2 1
2 2 1
5 1 0
5 2 0
4 3 0
4 4 0
3 5 1
4 5 1
2 5 0
2 4 0
0 0 0
board #54 13
3 2 0
3 4 0
2 5 1
3 5 0
3 1 0
0 0 0
board #55 7
3 4 0
3 2 0
2 5 0
3 1 1
4 1 0
0 0 0
board #56 7
3 4 1
2 4 1
4 3 0
4 4 0
3 5 1
4 5 1
5 5 1
1 4 0
1 5 1
0 0 1
board #57 11
3 4 0
3 2 1
4 2 1
2 3 1
5 1 1
1 3 0
1 4 0
1 5 0
1 2 0
1 1 0
0 0 1
board #58 12
3 4 1
2 4 0
1 5 0
3 2 1
4 2 1
2 3 1
5 1 0
5 2 0
4 3 0
0 0 1
board #59 11
3 2 0
3 4 0
2 5 1
3 5 1
1 5 1
4 4 1
5 4 1
0 0 1
board #60 9
3 4 1
2 4 1
4 3 0
4 4 1
1 4 1
5 3 1
0 0 0
board #61 8
3 2 1
4 2 0
4 1 1
5 1 0
3 4 1
2 4 0
1 5 0
0 0 1
board #62 9
3 2 0
3 4 1
2 4 1
4 3 1
1 4 0
1 5 1
5 2 1
0 0 1
board #63 9
3 4 0
3 2 1
4 2 1
2 3 1
5 1 0
5 2 1
1 4 1
0 0 0
board #64 9
3 2 0
3 4 0
2 5 1
3 5 0
3 1 0
0 0 0
board #65 7
3 4 0
3 2 0
3 1 1
4 1 0
2 5 0
0 0 0
board #66 7
3 4 0
3 2 1
4 2 0
5 1 0
2 5 1
3 5 1
1 5 0
2 4 0
0 0 0
board #67 10
3 2 0
3 4 0
2 5 1
3 5 0
4 1 0
0 0 1
board #68 7
3 4 0
3 2 1
4 2 0
4 1 1
5 1 0
3 5 0
0 0 0
board #69 8
3 2 1
4 2 1
2 2 0
2 3 0
2 1 1
3 1 1
1 2 1
5 2 1
0 0 0
board #70 10
3 2 1
4 2 0
4 1 1
5 1 0
3 4 0
2 5 1
3 5 0
0 0 1
board #71 9
3 4 0
3 2 1
4 2 1
2 3 0
2 2 0
2 1 1
3 1 1
1 1 0
1 2 1
5 1 0
5 2 1
0 0 1
board #72 13
3 4 1
2 4 0
1 5 1
2 5 0
3 2 1
4 2 1
2 2 0
2 3 0
2 1 1
3 1 1
1 1 0
1 2 1
5 2 1
0 0 1
board #73 15
3 2 0
3 4 1
2 4 1
4 3 0
4 4 1
5 4 1
1 4 0
1 5 0
2 3 1
1 3 0
2 2 1
1 2 1
0 0 0
board #74 14
3 4 0
3 2 0
2 5 1
3 5 1
1 5 0
2 4 0
4 1 0
0 0 0
board #75 9
3 2 0
3 4 0
3 1 1
4 1 1
5 1 0
4 2 0
3 5 0
0 0 0
board #76 9
3 2 1
4 2 0
4 1 1
5 1 1
2 2 0
2 3 0
3 1 0
3 4 0
2 5 1
3 5 0
0 0 1
board #77 12
3 4 0
3 2 1
4 2 0
4 1 0
2 5 0
0 0 1
board #78 7
3 2 0
3 4 1
2 4 1
4 3 1
1 4 0
1 5 0
2 3 0
3 1 1
4 1 1
5 1 1
2 2 0
2 1 1
1 1 0
1 2 0
0 0 1
board #79 16
3 4 0
3 2 0
2 5 1
3 5 1
1 5 1
4 4 1
5 3 0
5 4 0
4 3 1
5 2 1
0 0 0
board #80 12
3 4 0
3 2 1
4 2 0
4 1 0
3 5 0
0 0 1
board #81 7
3 2 1
4 2 0
4 1 1
5 1 1
2 2 0
2 3 1
1 3 0
1 4 0
1 5 0
3 1 0
0 0 0
board #82 12
3 4 0
3 2 1
4 2 1
2 3 0
2 2 0
2 1 1
3 1 1
1 1 0
1 2 0
2 5 0
0 0 1
board #83 12
3 4 1
2 4 1
4 3 0
4 4 0
3 5 0
3 2 1
5 1 1
4 1 1
2 3 1
1 3 0
1 4 0
1 5 0
1 2 0
1 1 0
0 0 0
board #84 16
3 2 0
3 4 1
2 4 1
4 3 0
4 4 0
3 5 1
4 5 1
5 5 1
1 4 0
1 5 0
2 3 0
3 1 0
0 0 1
board #85 14
3 4 0
3 2 1
4 2 0
4 1 1
5 1 1
2 3 0
2 2 0
2 1 1
3 1 1
1 1 1
0 0 1
board #86 12
3 4 1
2 4 1
4 3 0
4 4 1
5 3 0
5 4 0
4 5 1
5 5 1
1 5 1
0 0 1
board #87 11
3 4 1
2 4 1
4 4 1
1 4 0
1 5 0
2 3 0
2 2 1
3 2 1
4 2 1
1 3 1
5 1 0
5 2 1
0 0 0
board #88 14
3 2 1
4 2 1
2 2 1
5 2 1
1 2 0
1 3 1
0 0 0
board #89 8
3 4 0
3 2 0
3 5 0
3 1 1
4 1 1
5 1 0
4 2 1
5 2 1
2 2 1
1 2 0
1 3 0
2 3 1
1 4 0
1 1 0
2 4 0
0 0 0
board #90 17
3 2 1
4 2 0
5 1 0
3 4 0
2 5 1
3 5 0
0 0 0
board #91 8
3 4 1
2 4 1
4 3 1
1 4 0
1 5 1
5 2 0
5 3 1
0 0 0
board #92 9
3 2 1
4 2 1
2 3 1
5 1 1
1 4 1
0 0 0
board #93 7
3 4 1
2 4 1
4 3 1
1 4 0
1 5 1
5 3 1
0 0 1
board #94 8
3 4 1
2 4 1
4 3 0
4 4 0
3 5 1
4 5 1
5 4 0
5 5 0
3 2 0
3 1 1
4 1 1
5 1 0
4 2 1
5 2 1
2 2 1
1 2 0
1 3 0
2 3 1
1 4 1
0 0 1
board #95 21
3 2 0
3 4 0
2 5 0
4 1 0
0 0 0
board #96 6
3 2 1
4 2 1
2 2 1
5 1 1
1 2 0
1 3 0
2 3 0
2 1 0
3 4 0
3 5 0
0 0 0
board #97 12
3 2 1
4 2 1
2 2 0
2 3 1
5 1 0
5 2 0
4 3 0
4 4 1
3 4 0
3 5 0
0 0 0
board #98 12
3 2 0
3 4 1
2 4 0
2 5 0
3 1 1
4 1 0
0 0 1
board #99 8
3 2 1
4 2 0
4 1 1
5 1 0
3 4 0
2 5 0
0 0 1
board #100 8
3 4 0
3 2 0
3 5 0
3 1 1
4 1 1
5 1 1
2 2 1
1 3 1
0 0 0
board #101 10
3 2 1
4 2 0
5 1 0
3 4 0
3 5 0
0 0 0
board #102 7
3 4 1
2 4 1
4 3 0
4 4 1
5 3 0
5 4 0
4 5 1
5 5 1
1 5 1
0 0 1
board #103 11
3 4 0
3 2 0
4 1 0
3 5 0
0 0 1
board #104 6
3 2 0
3 4 0
2 5 1
3 5 1
1 5 1
4 4 0
4 5 1
5 4 1
0 0 0
board #105 10
3 2 1
4 2 1
2 2 1
5 2 1
1 2 0
1 3 1
0 0 0
board #106 8
3 4 1
2 4 0
1 5 0
3 2 0
4 1 0
0 0 1
board #107 7
3 2 0
3 4 1
2 4 1
4 4 1
1 4 1
5 3 0
5 4 1
0 0 0
board #108 9
3 4 0
3 2 1
4 2 0
4 1 1
5 1 0
2 5 1
3 5 0
0 0 1
board #109 9
3 4 1
2 4 0
1 5 1
2 5 0
3 2 0
3 1 1
4 1 1
5 1 1
2 2 0
2 1 0
0 0 1
board #110 12
3 2 0
3 4 1
2 4 1
4 3 1
1 5 1
5 2 0
5 3 1
0 0 0
board #111 9
3 2 1
4 2 0
4 1 1
5 1 1
2 3 0
2 2 1
1 2 1
0 0 1
board #112 9
3 2 1
4 2 0
5 1 0
3 4 0
2 5 1
3 5 0
0 0 1
board #113 8
3 4 0
3 2 1
4 2 0
4 1 0
2 5 0
0 0 0
board #114 7
3 2 0
3 4 1
2 4 0
1 5 1
2 5 0
4 1 0
0 0 1
board #115 8
3 2 1
4 2 0
4 1 0
3 4 1
2 4 1
4 4 1
1 4 0
1 5 0
2 3 1
1 3 0
2 2 0
2 1 1
3 1 1
1 1 1
5 4 1
0 0 0
board #116 17
3 4 0
3 2 0
4 1 0
2 5 1
3 5 1
1 5 0
2 4 1
1 4 0
2 3 0
0 0 1
board #117 11
3 2 1
4 2 1
2 3 0
2 2 0
2 1 1
3 1 1
1 1 0
1 2 1
5 1 0
5 2 1
0 0 1
board #118 12
3 2 1
4 2 1
2 3 0
2 2 1
1 2 0
1 3 0
1 1 1
2 1 0
3 4 0
3 5 0
0 0 0
board #119 12
3 2 0
3 4 1
2 4 1
4 3 1
1 4 0
1 5 1
5 2 1
0 0 0
board #120 9
3 4 1
2 4 0
1 5 1
2 5 1
4 3 1
5 2 0
5 3 0
5 1 1
4 2 0
5 4 0
4 1 0
5 5 0
0 0 0
board #121 14
3 2 1
4 2 0
5 1 0
3 4 1
2 4 1
4 4 1
1 4 1
5 3 0
5 4 0
4 5 0
4 3 1
5 2 1
0 0 0
board #122 14
3 4 1
2 4 1
4 3 1
1 5 1
5 2 1
0 0 0
board #123 7
3 4 0
3 2 1
4 2 1
2 3 1
5 1 0
5 2 0
4 3 0
2 5 1
3 5 0
0 0 0
board #124 11
3 4 1
2 4 1
4 3 0
4 4 0
3 5 1
4 5 1
5 4 1
1 4 0
1 5 1
0 0 1
board #125 11
3 4 0
3 2 0
2 5 0
4 1 0
0 0 0
board #126 6
3 4 1
2 4 1
4 3 1
1 4 0
1 5 1
5 2 0
5 3 1
0 0 0
board #127 9
3 4 1
2 4 0
1 5 1
2 5 0
3 2 1
4 2 0
4 1 1
5 1 1
2 2 1
1 2 0
1 3 0
1 4 0
2 1 0
0 0 0
board #128 15
3 2 0
3 4 0
3 1 1
4 1 1
5 1 1
2 2 1
1 2 0
1 3 1
0 0 0
board #129 10
3 2 0
3 4 1
2 4 1
4 3 0
4 4 1
5 3 1
1 4 0
1 5 1
0 0 1
board #130 10
3 4 0
3 2 0
3 1 0
2 5 1
3 5 0
0 0 0
board #131 7
3 2 1
4 2 1
2 3 0
2 2 0
2 1 1
3 1 1
1 2 1
5 2 1
0 0 1
board #132 10
3 4 0
3 2 0
2 5 0
3 1 1
4 1 1
5 1 1
2 2 0
2 1 0
0 0 1
board #133 10
3 4 1
2 4 1
4 4 1
1 4 1
5 3 1
0 0 0
board #134 7
3 4 0
3 2 0
3 1 1
4 1 1
5 1 0
4 2 1
5 2 1
2 2 0
2 1 0
2 5 1
3 5 1
1 5 1
4 4 0
4 5 0
0 0 1
board #135 16
3 4 0
3 2 1
4 2 0
4 1 0
3 5 0
0 0 0
board #136 7
3 4 0
3 2 0
3 1 0
2 5 1
3 5 0
0 0 1
board #137 7
3 2 1
4 2 1
2 3 1
5 1 1
1 3 0
1 4 0
1 5 0
1 2 0
1 1 1
2 1 0
0 0 1
board #138 12
3 2 1
4 2 0
4 1 0
3 4 1
2 4 1
4 4 0
4 3 0
3 5 1
4 5 1
5 5 1
1 4 0
1 5 0
2 3 1
1 3 1
0 0 1
board #139 16
3 4 0
3 2 0
2 5 0
4 1 0
0 0 0
board #140 6
3 4 1
2 4 0
1 5 1
2 5 0
3 2 0
3 1 0
0 0 1
board #141 8
3 2 0
3 4 1
2 4 1
4 3 1
1 4 1
5 2 1
0 0 0
board #142 8
3 4 1
2 4 0
1 5 0
3 2 1
4 2 1
2 2 0
2 3 0
2 1 1
3 1 0
0 0 0
board #143 11
3 2 0
3 4 1
2 4 1
4 3 1
1 4 0
1 5 1
5 2 0
5 3 0
5 4 1
4 4 0
5 1 1
4 2 0
3 5 1
4 5 1
0 0 0
board #144 16
3 2 0
3 4 0
2 5 1
3 5 0
3 1 1
4 1 0
0 0 0
board #145 8
3 2 0
3 4 1
2 4 1
4 3 0
4 4 0
3 5 1
4 5 1
5 4 0
5 5 1
1 4 1
0 0 0
board #146 12
3 2 1
4 2 0
5 1 0
3 4 0
3 5 0
0 0 1
board #147 7
3 2 1
4 2 1
2 3 0
2 2 1
1 2 0
1 3 1
5 1 0
5 2 1
0 0 1
board #148 10
3 4 0
3 2 0
2 5 1
3 5 0
4 1 0
0 0 1
board #149 7
3 2 0
3 4 1
2 4 1
4 3 0
4 4 0
3 5 1
4 5 1
5 4 0
5 5 0
3 1 0
0 0 0
board #150 12
3 2 0
3 4 1
2 4 1
4 3 0
4 4 0
3 5 0
3 1 1
4 1 1
5 1 1
2 2 1
1 2 0
1 3 0
2 3 0
1 1 1
2 1 1
0 0 0
board #151 17
3 2 0
3 4 0
3 1 0
3 5 0
0 0 0
board #152 6
3 2 1
4 2 1
2 3 0
2 2 1
1 2 1
5 1 0
5 2 1
0 0 1
board #153 9
3 4 0
3 2 1
4 2 0
4 1 1
5 1 1
2 3 0
2 2 1
1 3 1
0 0 1
board #154 10
3 2 1
4 2 0
4 1 1
5 1 0
3 4 1
2 4 1
4 4 1
1 4 0
1 5 0
2 3 1
1 3 0
2 2 0
2 1 0
0 0 1
board #155 15
3 4 1
2 4 0
2 5 0
3 2 1
4 2 0
5 1 0
0 0 1
board #156 8
3 4 0
3 2 1
4 2 1
2 3 1
5 1 0
5 2 1
1 4 1
0 0 0
board #157 9
3 4 1
2 4 1
4 4 1
1 4 1
5 3 0
5 4 1
0 0 0
board #158 8
3 4 0
3 2 0
3 1 0
2 5 1
3 5 1
1 5 0
2 4 0
0 0 1
board #159 9
3 4 0
3 2 1
4 2 1
2 3 0
2 2 1
1 3 1
5 2 1
0 0 1
board #160 9
3 2 1
4 2 1
2 3 0
2 2 1
5 2 1
1 2 1
0 0 0
board #161 8
3 2 0
3 4 1
2 4 1
4 3 1
1 4 1
5 3 1
0 0 0
board #162 8
3 2 0
3 4 0
3 5 0
3 1 1
4 1 0
0 0 1
board #163 7
3 2 0
3 4 1
2 4 0
1 5 0
4 1 0
0 0 0
board #164 7
3 2 1
4 2 0
4 1 1
5 1 0
3 4 0
2 5 1
3 5 0
0 0 1
board #165 9
3 4 1
2 4 0
2 5 0
3 2 0
3 1 1
4 1 1
5 1 0
4 2 1
5 2 0
4 3 1
5 3 1
2 2 1
1 2 0
1 3 1
0 0 1
board #166 16
3 2 0
3 4 0
3 5 0
3 1 1
4 1 0
0 0 1
board #167 7
3 4 0
3 2 0
3 1 1
4 1 0
2 5 0
0 0 1
board #168 7
3 4 0
3 2 0
3 1 1
4 1 0
2 5 0
0 0 1
board #169 7
3 4 1
2 4 1
4 3 0
4 4 0
3 5 0
3 2 0
3 1 1
4 1 1
5 1 0
4 2 1
5 2 1
2 2 0
2 1 1
1 1 0
1 2 0
0 0 1
board #170 17
3 2 1
4 2 1
2 3 0
2 2 0
2 1 1
3 1 0
3 4 1
2 4 1
1 5 1
4 3 0
4 4 0
4 5 0
0 0 1
board #171 14
3 2 0
3 4 1
2 4 1
4 3 0
4 4 1
5 3 0
5 4 0
4 5 1
5 5 1
1 5 1
0 0 0
board #172 12
4 2 0
3 4 1
2 4 1
4 4 0
4 3 0
4 5 0
4 1 1
5 1 1
3 2 1
2 3 1
1 4 1
0 0 0
board #173 13
3 4 1
2 4 1
4 4 1
1 4 0
1 5 0
2 3 0
2 2 1
3 2 1
4 2 0
4 1 0
0 0 1
board #174 12
3 4 1
2 4 0
1 5 1
2 5 0
3 2 0
3 1 1
4 1 1
5 1 1
2 2 1
1 3 1
0 0 0
board #175 12
3 4 0
3 2 0
3 5 0
3 1 1
4 1 0
0 0 1
board #176 7
3 2 1
4 2 0
4 1 1
5 1 1
2 3 1
1 3 0
1 4 1
0 0 0
board #177 9
3 4 1
2 4 0
1 5 1
2 5 1
4 3 0
4 4 0
3 5 0
3 2 1
4 2 1
5 1 1
2 2 0
2 3 0
2 1 0
0 0 0
board #178 15
3 4 0
3 2 0
2 5 1
3 5 1
1 5 1
4 4 1
5 3 1
0 0 1
board #179 9
3 4 1
2 4 1
4 3 0
4 4 0
3 5 1
4 5 1
5 4 0
5 5 0
3 2 0
3 1 0
0 0 0
board #180 12
3 4 0
3 2 1
4 2 1
2 3 1
5 1 0
5 2 0
4 3 0
3 5 0
0 0 1
board #181 10
3 2 0
3 4 0
2 5 1
3 5 0
3 1 1
4 1 0
0 0 1
board #182 8
3 4 1
2 4 1
4 4 1
1 4 0
1 5 1
5 3 0
5 4 1
0 0 1
board #183 9
3 2 1
4 2 0
4 1 0
3 4 0
2 5 1
3 5 1
1 5 0
2 4 1
1 4 1
4 4 1
5 4 1
0 0 1
board #184 13
3 4 1
2 4 0
2 5 0
3 2 1
4 2 1
2 3 1
5 1 1
1 3 0
1 4 0
1 2 1
2 2 0
2 1 1
3 1 1
0 0 1
board #185 15
3 2 1
4 2 0
5 1 0
3 4 0
2 5 1
3 5 0
0 0 0
board #186 8
3 2 0
3 4 1
2 4 0
1 5 1
2 5 1
4 3 0
4 4 1
5 3 0
5 4 1
0 0 0
board #187 11
3 2 1
4 2 1
2 3 0
2 2 1
1 2 1
5 2 1
0 0 0
board #188 8
3 2 0
3 4 0
3 1 0
2 5 0
0 0 1
board #189 6
3 2 1
4 2 0
5 1 0
3 4 0
2 5 1
3 5 0
0 0 0
board #190 8
3 2 0
3 4 0
2 5 1
3 5 1
1 5 1
4 4 0
4 5 0
3 1 1
4 1 1
5 1 1
2 2 0
2 1 0
0 0 1
board #191 14
3 2 1
4 2 0
4 1 1
5 1 0
3 4 0
2 5 1
3 5 1
1 5 1
4 4 0
4 5 0
0 0 1
board #192 12
3 2 0
3 4 1
2 4 1
4 3 1
1 5 1
5 2 1
0 0 1
board #193 8
3 2 0
3 4 0
2 5 1
3 5 0
3 1 1
4 1 1
5 1 1
2 2 1
1 2 0
1 3 0
2 3 1
1 4 0
1 1 0
1 5 1
2 4 1
0 0 1
board #194 17
3 2 1
4 2 0
4 1 1
5 1 0
3 4 1
2 4 1
4 4 0
4 3 0
3 5 1
4 5 0
0 0 0
board #195 12
3 4 0
3 2 1
4 2 1
2 3 1
5 1 0
5 2 1
1 3 0
1 4 1
0 0 1
board #196 10
3 2 1
4 2 0
4 1 0
3 4 1
2 4 1
4 4 1
1 4 1
5 3 0
5 4 1
0 0 0
board #197 11
3 2 1
4 2 1
2 3 0
2 2 0
2 1 1
3 1 0
3 4 1
2 4 0
1 5 0
0 0 0
board #198 11
3 4 0
3 2 1
4 2 0
4 1 0
2 5 0
0 0 1
board #199 7
3 4 1
2 4 0
1 5 1
2 5 1
4 3 0
4 4 0
3 5 0
5 1 0
5 2 0
0 0 0
board #200 11
3 4 0
3 2 1
4 2 1
2 2 1
5 1 1
1 2 0
1 3 0
2 3 1
1 4 0
1 5 1
2 4 0
1 1 1
2 1 0
3 5 0
0 0 1
board #201 16
3 2 1
4 2 1
2 2 1
5 1 1
1 2 1
0 0 1
board #202 7
3 2 1
4 2 0
4 1 1
5 1 1
2 3 1
1 3 1
0 0 0
board #203 8
3 4 1
2 4 1
4 3 0
4 4 0
3 5 1
4 5 1
5 4 1
1 4 0
1 5 1
0 0 0
board #204 11
3 4 0
3 2 0
2 5 1
3 5 0
3 1 0
0 0 0
board #205 7
3 4 0
3 2 0
4 1 0
3 5 0
0 0 0
board #206 6
3 4 1
2 4 0
2 5 0
3 2 0
3 1 0
0 0 0
board #207 7
3 2 1
4 2 0
4 1 1
5 1 1
2 3 0
2 2 0
2 1 0
3 4 1
2 4 0
2 5 0
0 0 1
board #208 12
3 2 0
3 4 1
2 4 1
4 4 1
1 5 1
5 4 1
0 0 0
board #209 8
3 2 1
4 2 1
2 3 0
2 2 1
1 3 1
5 1 1
0 0 0
board #210 8
3 2 1
4 2 0
4 1 0
3 4 0
2 5 1
3 5 1
1 5 1
4 4 0
4 5 0
0 0 1
board #211 11
3 2 0
3 4 1
2 4 0
1 5 1
2 5 0
4 1 0
0 0 0
board #212 8
3 2 0
3 4 1
2 4 0
1 5 1
2 5 1
4 3 0
4 4 0
3 5 0
3 1 1
4 1 0
0 0 0
board #213 12
3 4 1
2 4 1
4 4 1
1 4 0
1 5 0
2 3 1
1 3 1
5 3 0
5 4 0
5 2 0
5 1 0
5 5 0
0 0 1
board #214 14
3 4 0
3 2 1
4 2 0
5 1 0
2 5 1
3 5 1
1 5 0
2 4 0
0 0 1
board #215 10
3 4 1
2 4 0
1 5 1
2 5 0
3 2 0
3 1 1
4 1 0
0 0 0
board #216 9
3 2 0
3 4 1
2 4 0
2 5 0
3 1 1
4 1 0
0 0 1
board #217 8
3 4 1
2 4 1
4 3 1
1 5 1
5 3 1
0 0 0
board #218 7
3 2 0
3 4 1
2 4 0
1 5 1
2 5 1
4 3 1
5 2 1
0 0 0
board #219 9
3 2 1
4 2 1
2 3 0
2 2 1
1 3 1
5 1 1
0 0 1
board #220 8
3 2 1
4 2 0
4 1 0
3 4 1
2 4 1
4 4 0
4 3 1
5 2 0
5 3 1
1 4 0
1 5 1
0 0 1
board #221 13
3 2 0
3 4 0
2 5 1
3 5 0
4 1 0
0 0 1
board #222 7
3 2 1
4 2 0
5 1 0
3 4 1
2 4 0
2 5 0
0 0 1
board #223 8
3 2 1
4 2 0
4 1 0
3 4 0
3 5 0
0 0 0
board #224 7
3 2 0
3 4 0
3 5 0
3 1 1
4 1 1
5 1 1
2 2 0
2 1 0
0 0 1
board #225 10
3 4 0
3 2 1
4 2 0
4 1 0
3 5 0
0 0 0
board #226 7
3 4 1
2 4 0
1 5 0
3 2 0
3 1 1
4 1 1
5 1 1
2 2 0
2 1 1
1 1 1
0 0 0
board #227 12
3 2 1
4 2 1
2 2 1
5 1 0
5 2 1
1 3 1
0 0 1
board #228 8
3 2 0
3 4 0
2 5 1
3 5 1
1 5 0
2 4 0
3 1 1
4 1 1
5 1 0
4 2 0
0 0 1
board #229 12
3 4 1
2 4 1
4 3 0
4 4 0
3 2 1
4 2 0
5 1 0
3 5 0
0 0 1
board #230 10
3 4 1
2 4 1
4 4 1
1 4 0
1 5 0
2 3 0
2 2 0
2 1 1
3 1 0
0 0 0
board #231 11
3 4 0
3 2 0
2 5 0
4 1 0
0 0 0
board #232 6
3 2 0
3 4 1
2 4 0
1 5 1
2 5 1
4 3 1
5 2 0
5 3 0
4 4 1
5 4 0
5 1 1
4 2 0
5 5 0
3 1 1
4 1 1
2 2 0
2 1 1
1 1 1
0 0 1
board #233 20
3 2 1
4 2 0
4 1 1
5 1 1
2 2 1
1 3 1
0 0 0
board #234 8
3 4 0
3 2 1
4 2 0
4 1 1
5 1 0
2 5 1
3 5 1
1 5 0
2 4 1
1 4 0
2 3 1
1 3 1
4 4 0
4 5 1
5 5 1
0 0 0
board #235 17
3 2 1
4 2 0
4 1 1
5 1 1
2 3 0
2 2 0
2 1 0
3 4 1
1 5 1
2 4 0
2 5 1
4 3 1
5 2 1
0 0 0
board #236 15
3 4 0
3 2 0
2 5 1
3 5 0
3 1 1
4 1 0
0 0 0
board #237 8
3 4 0
3 2 1
4 2 1
2 3 0
2 2 1
1 2 0
1 3 0
1 1 0
2 5 1
3 5 0
0 0 0
board #238 12
3 4 0
3 2 1
4 2 1
2 3 1
5 1 0
5 2 1
1 4 1
0 0 1
board #239 9
3 4 0
3 2 1
4 2 0
4 1 1
5 1 1
2 3 1
1 3 0
1 4 0
1 5 1
2 4 1
0 0 1
board #240 12
3 4 0
3 2 0
3 1 1
4 1 1
5 1 0
4 2 1
5 2 1
2 2 1
1 2 0
1 3 1
0 0 0
board #241 12
3 4 1
2 4 1
4 3 0
4 4 0
4 5 0
3 2 1
5 1 1
4 1 0
4 2 1
2 3 0
2 2 1
1 2 0
1 3 0
1 1 0
0 0 1
board #242 16
3 2 1
4 2 1
2 3 0
2 2 0
2 1 0
3 4 0
3 5 0
0 0 0
board #243 9
3 2 0
3 4 1
2 4 0
2 5 0
3 1 1
4 1 1
5 1 1
2 2 0
2 1 0
0 0 1
board #244 11
3 2 1
4 2 1
2 3 1
5 1 0
5 2 0
4 3 1
5 3 1
1 3 0
1 4 0
1 5 0
2 2 1
1 2 0
1 1 1
2 1 1
0 0 0
board #245 16
3 4 0
3 2 1
4 2 0
4 1 1
5 1 0
2 5 0
0 0 1
board #246 8
3 4 1
2 4 0
1 5 1
2 5 1
4 3 1
5 2 0
5 3 0
5 1 1
4 2 1
0 0 1
board #247 11
3 2 1
4 2 0
4 1 0
3 4 0
2 5 1
3 5 0
0 0 0
board #248 8
3 2 0
3 4 1
2 4 0
1 5 1
2 5 1
4 3 1
5 3 1
0 0 0
board #249 9
3 4 0
3 2 0
3 1 0
3 5 0
0 0 1
board #250 6
3 2 0
3 4 0
3 1 0
2 5 1
3 5 0
0 0 0
board #251 7
3 2 1
4 2 1
2 2 1
5 2 1
1 2 0
1 3 0
2 3 0
1 1 1
2 1 1
0 0 1
board #252 11
3 2 0
3 4 0
2 5 1
3 5 1
1 5 0
2 4 1
1 4 0
2 3 0
3 1 1
4 1 1
5 1 1
2 2 1
1 2 0
1 3 1
0 0 0
board #253 16
3 2 0
3 4 1
2 4 0
1 5 1
2 5 0
3 1 1
4 1 0
0 0 1
board #254 9
3 4 0
3 2 1
4 2 1
2 3 1
5 1 0
5 2 0
4 3 1
5 3 0
4 4 0
2 5 1
3 5 1
4 5 1
1 5 1
5 4 1
0 0 0
board #255 16
3 2 0
3 4 1
2 4 1
4 3 1
1 4 0
1 5 0
2 3 1
1 3 1
5 2 0
5 3 1
0 0 1
board #256 12
3 2 1
4 2 1
2 3 0
2 2 0
2 1 1
3 1 1
1 1 1
5 1 0
5 2 0
4 3 0
4 4 1
1 5 1
3 4 0
2 5 1
3 5 1
5 3 0
5 4 1
0 0 0
board #257 19
3 4 0
3 2 1
4 2 0
5 1 0
3 5 0
0 0 1
board #258 7
3 2 0
3 4 1
2 4 0
1 5 1
2 5 0
3 1 1
4 1 1
5 1 1
2 2 0
2 1 1
1 1 0
1 2 1
0 0 0
board #259 14
3 2 1
4 2 1
2 3 1
5 1 1
1 3 1
0 0 1
board #260 7
3 4 1
2 4 1
4 3 0
4 4 0
3 5 1
4 5 0
3 2 1
4 2 0
4 1 0
0 0 1
board #261 11
3 2 1
4 2 1
2 2 0
2 3 1
5 1 0
5 2 1
1 4 1
0 0 0
board #262 9
3 4 1
2 4 0
1 5 1
2 5 1
4 3 0
4 4 1
5 3 0
5 4 1
0 0 1
board #263 10
3 2 0
3 4 0
2 5 0
3 1 1
4 1 1
5 1 0
4 2 0
0 0 1
board #264 9
3 4 1
2 4 0
1 5 1
2 5 1
4 3 0
4 4 0
3 5 0
3 2 0
3 1 1
4 1 0
0 0 0
board #265 12
3 2 0
3 4 0
3 1 1
4 1 1
5 1 0
4 2 1
5 2 1
2 2 0
2 1 0
2 5 0
0 0 1
board #266 12
3 2 0
3 4 1
2 4 0
1 5 1
2 5 1
4 3 0
4 4 0
3 5 0
3 1 1
4 1 0
0 0 1
board #267 12
3 4 1
2 4 0
1 5 0
3 2 1
4 2 1
2 2 1
5 1 0
5 2 1
1 2 1
0 0 1
board #268 11
3 4 0
3 2 0
2 5 0
3 1 0
0 0 1
board #269 6
3 4 1
2 4 0
1 5 1
2 5 0
3 2 1
4 2 0
4 1 1
5 1 1
2 2 0
2 3 1
1 3 0
1 4 0
2 1 0
0 0 1
board #270 15
3 4 0
3 2 0
3 5 0
3 1 1
4 1 1
5 1 0
4 2 0
0 0 1
board #271 9
3 4 0
3 2 1
4 2 0
4 1 0
2 5 1
3 5 0
0 0 0
board #272 8
3 4 1
2 4 0
1 5 0
3 2 1
4 2 1
2 2 1
5 1 0
5 2 1
1 2 0
1 3 0
1 1 1
2 1 0
1 4 1
2 3 1
0 0 1
board #273 16
3 2 1
4 2 1
2 3 1
5 2 1
1 3 0
1 4 1
0 0 1
board #274 8
3 4 1
2 4 1
4 3 1
1 4 1
5 3 1
0 0 1
board #275 7
3 2 0
3 4 1
2 4 0
1 5 1
2 5 1
4 3 0
4 4 0
4 5 0
3 1 0
0 0 0
board #276 11
3 4 0
3 2 0
4 1 0
2 5 0
0 0 1
board #277 6
3 4 1
2 4 1
4 3 1
1 5 1
5 2 0
5 3 1
0 0 0
board #278 8
3 4 1
2 4 0
1 5 1
2 5 0
3 2 0
3 1 0
0 0 0
board #279 8
3 4 1
2 4 0
1 5 0
3 2 0
3 1 0
0 0 0
board #280 7
3 2 1
4 2 1
2 3 0
2 2 0
2 1 1
3 1 1
1 2 1
5 1 0
5 2 1
0 0 0
board #281 11
3 4 0
3 2 1
4 2 0
4 1 1
5 1 1
2 3 0
2 2 0
2 1 1
3 1 0
3 5 0
0 0 0
board #282 12
3 4 1
2 4 1
4 3 1
1 4 1
5 3 1
0 0 1
board #283 7
3 4 0
3 2 0
3 5 0
3 1 1
4 1 0
0 0 0
board #284 7
3 4 1
2 4 1
4 3 1
1 4 0
1 5 0
2 3 1
1 3 0
2 2 0
2 1 1
3 1 1
3 2 1
1 1 0
1 2 0
0 0 1
board #285 15
3 4 1
2 4 0
1 5 1
2 5 0
3 2 0
3 1 1
4 1 1
5 1 1
2 2 0
2 1 1
1 1 0
1 2 0
0 0 1
board #286 14
3 4 1
2 4 0
1 5 1
2 5 1
4 3 1
5 2 1
0 0 1
board #287 8
3 2 0
3 4 0
2 5 1
3 5 0
3 1 1
4 1 1
5 1 0
4 2 0
0 0 1
board #288 10
3 4 0
3 2 0
2 5 1
3 5 0
3 1 0
0 0 0
board #289 7
3 4 1
2 4 0
2 5 0
3 2 0
3 1 1
4 1 0
0 0 0
board #290 8
3 4 1
2 4 1
4 4 0
4 3 0
3 5 1
4 5 1
5 4 1
1 4 0
1 5 1
0 0 0
board #291 11
3 4 0
3 2 0
2 5 0
3 1 1
4 1 1
5 1 0
4 2 1
5 2 0
4 3 1
5 3 1
2 2 1
1 2 0
1 3 0
2 3 1
1 4 0
2 1 0
1 5 1
2 4 1
0 0 1
board #292 20
3 2 1
4 2 0
5 1 0
3 4 0
2 5 0
0 0 0
board #293 7
3 2 1
4 2 1
2 3 1
5 1 0
5 2 1
1 4 1
0 0 1
board #294 8
3 2 1
4 2 0
4 1 1
5 1 1
2 3 1
1 3 1
0 0 1
board #295 8
3 4 0
3 2 1
4 2 1
2 3 1
5 1 1
1 3 1
0 0 0
board #296 8
3 2 0
3 4 1
2 4 0
1 5 0
3 1 1
4 1 0
0 0 1
board #297 8
3 4 1
2 4 0
1 5 1
2 5 1
4 3 0
4 4 1
5 4 1
0 0 1
board #298 9
3 2 1
4 2 1
2 2 0
2 3 0
2 1 0
3 4 0
2 5 1
3 5 1
1 5 1
4 4 1
5 3 1
0 0 0
board #299 13
3 2 1
4 2 1
2 2 1
5 1 1
1 3 1
0 0 1
board #300 7
3 2 1
4 2 0
4 1 0
3 4 0
2 5 1
3 5 0
0 0 0
board #301 8
3 4 0
3 2 0
3 5 0
3 1 0
0 0 1
board #302 6
3 4 0
3 2 1
4 2 0
4 1 0
2 5 0
0 0 1
board #303 7
3 4 1
2 4 1
4 3 1
1 5 1
5 2 1
0 0 0
board #304 7
3 2 0
3 4 1
2 4 1
4 3 1
1 4 0
1 5 1
5 2 0
5 3 0
5 1 0
5 4 1
4 4 0
3 5 0
0 0 1
board #305 14
3 2 0
3 4 0
2 5 1
3 5 0
3 1 0
0 0 1
board #306 7
3 4 0
3 2 0
2 5 1
3 5 1
1 5 1
4 4 1
5 3 0
5 4 0
4 3 0
4 5 0
3 1 0
0 0 0
board #307 13
3 4 0
3 2 1
4 2 0
4 1 1
5 1 0
2 5 1
3 5 0
0 0 1
board #308 9
3 4 0
3 2 0
3 1 1
4 1 1
5 1 0
4 2 0
3 5 0
0 0 1
board #309 9
3 4 0
3 2 1
4 2 1
2 3 0
2 2 0
2 1 0
3 5 0
0 0 1
board #310 9
3 2 1
4 2 1
2 3 1
5 1 0
5 2 0
4 3 0
4 4 0
3 5 1
4 5 0
0 0 1
board #311 11
3 2 0
3 4 1
2 4 0
1 5 1
2 5 0
3 1 1
4 1 1
5 1 0
4 2 0
0 0 1
board #312 11
3 2 1
4 2 1
2 3 0
2 2 0
2 1 1
3 1 0
3 4 0
2 5 1
3 5 0
0 0 0
board #313 11
3 4 0
3 2 1
4 2 1
2 3 0
2 2 0
2 1 1
3 1 0
2 5 1
3 5 1
1 5 1
4 4 0
4 5 0
0 0 1
board #314 14
3 4 0
3 2 1
4 2 0
5 1 0
3 5 0
0 0 0
board #315 7
3 2 0
3 4 1
2 4 0
1 5 1
2 5 1
4 3 0
4 4 0
3 5 1
4 5 1
5 4 0
5 5 1
0 0 1
board #316 13
3 2 1
4 2 1
2 2 1
5 2 1
1 2 1
0 0 1
board #317 7
3 2 0
3 4 1
2 4 0
1 5 1
2 5 0
3 1 0
0 0 0
board #318 8
3 4 1
2 4 1
4 4 0
4 3 1
5 2 0
5 3 1
1 4 1
0 0 1
board #319 9
3 2 1
4 2 0
4 1 1
5 1 0
3 4 1
2 4 0
1 5 0
0 0 1
board #320 9
3 2 0
3 4 0
3 1 1
4 1 0
3 5 0
0 0 0
board #321 7
3 2 1
4 2 0
4 1 0
3 4 0
2 5 0
0 0 0
board #322 7
3 2 1
4 2 1
2 2 0
2 3 0
2 1 0
3 4 0
2 5 0
0 0 0
board #323 9
3 2 0
3 4 0
2 5 1
3 5 1
1 5 0
2 4 1
1 4 1
4 4 0
4 5 0
3 1 1
4 1 1
5 1 1
2 2 1
1 2 0
2 3 1
0 0 0
board #324 17
3 4 0
3 2 0
2 5 1
3 5 0
3 1 1
4 1 1
5 1 0
4 2 1
5 2 0
4 3 0
0 0 1
board #325 12
3 2 0
3 4 1
2 4 0
1 5 1
2 5 1
4 3 0
4 4 0
3 5 1
4 5 1
5 4 0
5 5 1
0 0 0
board #326 13
3 4 1
2 4 1
4 3 1
1 4 0
1 5 0
2 3 0
2 2 0
2 1 1
3 1 1
4 1 1
5 1 1
1 1 1
0 0 1
board #327 14
3 4 0
3 2 0
2 5 1
3 5 0
3 1 1
4 1 0
0 0 1
board #328 8
3 2 1
4 2 1
2 3 0
2 2 1
1 3 1
5 1 0
5 2 1
0 0 1
board #329 9
3 2 1
4 2 1
2 3 0
2 2 1
1 2 0
1 3 1
5 1 0
5 2 1
0 0 1
board #330 10
3 2 0
3 4 0
2 5 0
3 1 0
0 0 0
board #331 6
3 4 0
3 2 0
3 1 0
2 5 1
3 5 1
1 5 0
2 4 1
1 4 1
4 4 0
4 5 0
0 0 0
board #332 12
3 2 0
3 4 0
3 1 0
2 5 1
3 5 1
1 5 0
2 4 1
1 4 0
2 3 1
1 3 1
4 4 1
5 3 0
5 4 0
4 3 1
5 2 0
4 2 0
4 5 1
5 5 0
0 0 0
board #333 20
3 4 0
3 2 0
3 1 0
2 5 1
3 5 0
0 0 1
board #334 7
3 2 1
4 2 1
2 3 1
5 1 1
1 3 1
0 0 0
board #335 7
3 4 1
2 4 0
1 5 1
2 5 1
4 3 1
5 2 1
0 0 1
board #336 8
3 4 1
2 4 0
1 5 1
2 5 0
3 2 1
4 2 1
2 2 0
2 3 1
1 3 0
1 4 0
2 1 1
3 1 1
1 1 0
1 2 1
5 1 0
5 2 0
4 3 1
5 3 0
5 4 1
4 4 0
3 5 0
0 0 1
board #337 23
3 2 1
4 2 1
2 3 1
5 1 1
1 3 1
0 0 0
board #338 7
3 2 1
4 2 0
4 1 1
5 1 0
3 4 0
2 5 0
0 0 1
board #339 8
3 2 1
4 2 1
2 3 1
5 1 1
1 4 1
0 0 0
board #340 7
3 4 1
2 4 0
2 5 0
3 2 0
3 1 1
4 1 0
0 0 1
board #341 8
3 4 0
3 2 0
3 1 0
2 5 0
0 0 1
board #342 6
3 4 1
2 4 0
1 5 0
3 2 1
4 2 1
2 3 0
2 2 0
2 1 1
3 1 1
1 2 1
5 1 0
5 2 0
4 3 0
0 0 1
board #343 15
3 2 0
3 4 1
2 4 1
4 3 0
4 4 0
3 5 1
4 5 0
4 1 0
0 0 1
board #344 10
3 2 0
3 4 0
3 5 0
4 1 0
0 0 0
board #345 6
3 2 0
3 4 0
3 1 1
4 1 0
2 5 1
3 5 1
1 5 0
2 4 0
0 0 1
board #346 10
3 4 1
2 4 0
1 5 1
2 5 0
3 2 1
4 2 0
4 1 0
0 0 1
board #347 9
3 4 1
2 4 0
2 5 0
3 2 0
3 1 1
4 1 0
0 0 1
board #348 8
3 2 1
4 2 0
4 1 0
3 4 0
2 5 1
3 5 1
1 5 1
4 4 0
4 5 0
0 0 1
board #349 11
3 4 1
2 4 0
1 5 0
3 2 1
4 2 1
2 3 1
5 1 1
1 3 0
1 4 0
1 2 0
1 1 0
0 0 0
board #350 13
3 2 0
3 4 1
2 4 1
4 3 1
1 4 0
1 5 1
5 2 0
5 3 1
0 0 1
board #351 10
3 2 0
3 4 1
2 4 1
4 3 0
4 4 0
3 5 0
3 1 1
4 1 0
0 0 0
board #352 10
3 2 1
4 2 1
2 3 1
5 2 1
1 3 1
0 0 0
board #353 7
3 2 1
4 2 0
4 1 1
5 1 1
2 3 0
2 2 0
2 1 1
3 1 1
1 1 0
1 2 0
1 5 0
1 4 1
2 4 1
3 4 0
2 5 0
0 0 1
board #354 17
3 2 0
3 4 0
2 5 0
4 1 0
0 0 1
board #355 6
3 4 1
2 4 0
2 5 0
3 2 1
4 2 1
2 2 0
2 3 1
1 3 0
1 4 1
5 1 0
5 2 1
0 0 0
board #356 13
3 2 1
4 2 0
4 1 0
3 4 1
2 4 0
2 5 0
0 0 1
board #357 8
3 4 1
2 4 0
1 5 0
3 2 1
4 2 0
5 1 0
0 0 1
board #358 8
3 4 1
2 4 0
1 5 0
3 2 0
3 1 1
4 1 1
5 1 1
2 2 1
1 2 0
1 3 1
0 0 1
board #359 12
3 2 0
3 4 1
2 4 0
1 5 1
2 5 0
4 1 0
0 0 0
board #360 8
3 4 0
3 2 0
3 1 0
2 5 0
0 0 0
board #361 6
3 2 0
3 4 0
3 1 1
4 1 1
5 1 1
2 2 0
2 1 1
1 1 0
1 2 1
0 0 0
board #362 11
3 2 1
4 2 1
2 2 0
2 3 0
2 1 0
3 4 1
2 4 1
1 4 0
1 5 1
4 3 1
5 1 0
5 2 1
0 0 0
board #363 14
3 4 1
2 4 0
1 5 1
2 5 0
3 2 1
4 2 0
5 1 0
0 0 1
board #364 9
3 2 0
3 4 1
2 4 1
4 3 0
4 4 0
3 5 0
3 1 0
0 0 0
board #365 9
3 2 1
4 2 0
4 1 0
3 4 0
2 5 0
0 0 1
board #366 7
3 4 1
2 4 1
4 3 1
1 4 1
5 3 1
0 0 0
board #367 7
3 4 0
3 2 1
4 2 1
2 3 0
2 2 1
1 2 1
5 1 0
5 2 0
4 3 1
5 3 0
4 4 0
2 5 0
0 0 0
board #368 14
3 4 1
2 4 0
1 5 1
2 5 1
4 4 1
5 3 0
5 4 1
0 0 1
board #369 9
3 2 1
4 2 1
2 2 1
5 1 0
5 2 0
4 3 1
5 3 1
1 2 0
1 3 1
0 0 1
board #370 11
3 2 0
3 4 0
3 1 1
4 1 1
5 1 0
4 2 0
2 5 0
0 0 1
board #371 9
3 4 0
3 2 1
4 2 0
4 1 1
5 1 0
2 5 1
3 5 1
1 5 1
4 4 1
5 3 0
5 4 1
0 0 0
board #372 13
3 2 1
4 2 1
2 3 0
2 2 0
2 1 1
3 1 0
3 4 0
2 5 1
3 5 0
0 0 0
board #373 11
3 2 0
3 4 0
2 5 1
3 5 1
1 5 0
2 4 1
1 4 0
2 3 0
3 1 1
4 1 0
0 0 1
board #374 12
3 4 0
3 2 1
4 2 0
5 1 0
3 5 0
0 0 1
board #375 7
3 4 1
2 4 0
1 5 0
3 2 0
3 1 0
0 0 1
board #376 7
3 2 1
4 2 1
2 3 1
5 1 1
1 3 1
0 0 1
board #377 7
3 2 1
4 2 0
4 1 0
3 4 0
2 5 1
3 5 0
0 0 0
board #378 8
3 2 1
4 2 1
2 3 1
5 2 1
1 3 0
1 4 0
1 5 1
2 4 1
0 0 0
board #379 10
3 4 1
2 4 0
1 5 0
3 2 1
4 2 1
2 2 0
2 3 1
1 3 0
1 4 1
5 1 0
5 2 0
4 3 1
5 3 1
0 0 0
board #380 15
3 4 1
2 4 1
4 3 0
4 4 0
4 5 0
3 2 0
3 1 1
4 1 0
0 0 1
board #381 10
3 2 0
3 4 0
2 5 0
3 1 0
0 0 0
board #382 6
3 4 0
3 2 1
4 2 0
4 1 1
5 1 1
2 3 0
2 2 0
2 1 1
3 1 0
2 5 0
0 0 0
board #383 12
3 2 0
3 4 0
2 5 1
3 5 1
1 5 1
4 4 0
4 5 0
3 1 0
0 0 1
board #384 10
3 4 1
2 4 1
4 4 0
4 3 0
3 5 1
4 5 0
3 2 1
4 2 1
5 2 1
2 3 1
1 5 1
0 0 0
board #385 13
3 2 0
3 4 1
2 4 1
4 3 0
4 4 0
4 5 0
3 1 0
0 0 1
board #386 9
3 2 1
4 2 0
4 1 0
3 4 0
3 5 0
0 0 1
board #387 7
3 4 1
2 4 0
1 5 1
2 5 0
3 2 0
3 1 0
0 0 0
board #388 8
3 4 0
3 2 0
2 5 0
3 1 1
4 1 0
0 0 0
board #389 7
3 4 1
2 4 0
2 5 0
3 2 1
4 2 1
2 2 0
2 3 1
1 3 0
1 4 0
2 1 0
0 0 1
board #390 12
3 2 0
3 4 0
2 5 1
3 5 1
1 5 0
2 4 1
1 4 0
2 3 0
3 1 0
0 0 0
board #391 11
3 4 0
3 2 1
4 2 0
4 1 1
5 1 1
2 3 0
2 2 1
1 2 0
1 3 0
1 1 1
2 1 0
2 5 1
3 5 1
1 5 0
2 4 0
0 0 0
board #392 17
3 4 0
3 2 0
3 1 0
3 5 0
0 0 0
board #393 6
3 4 0
3 2 1
4 2 0
5 1 0
2 5 0
0 0 1
board #394 7
3 2 0
3 4 1
2 4 0
1 5 1
2 5 0
4 1 0
0 0 0
board #395 8
3 2 0
3 4 0
3 1 0
2 5 0
0 0 1
board #396 6
3 2 0
3 4 1
2 4 1
4 3 1
1 5 1
5 3 1
0 0 1
board #397 8
3 4 1
2 4 0
1 5 0
3 2 1
4 2 1
2 2 0
2 3 1
1 4 1
5 1 0
5 2 0
4 3 0
0 0 0
board #398 13
3 2 0
3 4 0
3 1 1
4 1 1
5 1 1
2 2 1
1 2 0
1 3 0
2 3 0
1 1 0
2 5 0
0 0 1
board #399 13
3 2 0
3 4 0
2 5 1
3 5 0
3 1 1
4 1 1
5 1 0
4 2 1
5 2 1
2 2 0
2 1 0
0 0 1
board #400 13
3 2 1
4 2 0
5 1 0
3 4 0
2 5 1
3 5 0
0 0 1
board #401 8
3 2 0
3 4 1
2 4 1
4 3 0
4 4 1
5 4 1
1 4 0
1 5 0
2 3 0
3 1 1
4 1 0
0 0 1
board #402 13
3 4 1
2 4 1
4 3 1
1 4 0
1 5 0
2 3 0
2 2 1
3 2 0
3 1 1
4 1 0
0 0 0
board #403 12
3 4 0
3 2 1
4 2 1
2 3 0
2 2 1
1 2 0
1 3 0
1 1 0
3 5 0
0 0 0
board #404 11
3 2 1
4 2 1
2 3 1
5 1 0
5 2 1
1 3 0
1 4 1
0 0 1
board #405 9
3 4 1
2 4 1
4 3 0
4 4 1
1 4 1
5 3 0
5 4 0
4 5 1
5 5 1
0 0 0
board #406 11
3 4 0
3 2 1
4 2 0
4 1 1
5 1 1
2 3 0
2 2 1
1 2 1
0 0 1
board #407 10
3 4 1
2 4 1
4 4 1
1 5 1
5 3 0
5 4 1
0 0 0
board #408 8
3 4 0
3 2 1
4 2 0
4 1 1
5 1 0
2 5 1
3 5 1
1 5 1
4 4 0
4 5 0
0 0 1
board #409 12
3 2 1
4 2 1
2 2 1
5 2 1
1 2 0
1 3 1
0 0 0
board #410 8
3 2 0
3 4 1
2 4 1
4 3 1
1 4 0
1 5 0
2 3 0
3 1 1
4 1 1
5 1 0
4 2 1
2 2 0
2 1 1
1 1 1
5 3 1
0 0 1
board #411 17
3 2 1
4 2 1
2 2 0
2 3 0
2 1 1
3 1 1
1 2 1
5 1 0
5 2 0
4 3 0
1 5 1
4 4 0
4 5 0
0 0 1
board #412 15
3 4 1
2 4 0
2 5 0
3 2 1
4 2 0
5 1 0
0 0 1
board #413 8
3 2 1
4 2 1
2 3 0
2 2 0
2 1 1
3 1 1
1 1 0
1 2 1
5 1 0
5 2 1
0 0 0
board #414 12
3 4 1
2 4 1
4 3 1
1 4 1
5 2 0
5 3 1
0 0 1
board #415 8
3 4 1
2 4 1
4 3 1
1 4 0
1 5 0
2 3 1
1 3 0
2 2 1
1 2 1
5 2 0
5 3 1
0 0 1
board #416 13
3 4 0
3 2 1
4 2 1
2 3 0
2 2 1
1 2 1
5 2 1
0 0 1
board #417 9
3 4 1
2 4 0
1 5 0
3 2 0
3 1 0
0 0 0
board #418 7
3 2 0
3 4 0
2 5 1
3 5 0
3 1 1
4 1 0
0 0 1
board #419 8
3 2 0
3 4 0
3 1 1
4 1 0
3 5 0
0 0 0
board #420 7
3 2 1
4 2 1
2 2 1
5 1 0
5 2 0
4 3 0
4 4 1
3 4 1
2 4 1
5 3 1
1 4 0
1 5 1
0 0 1
board #421 14
3 4 0
3 2 0
2 5 0
4 1 0
0 0 0
board #422 6
3 4 0
3 2 0
3 5 0
3 1 1
4 1 0
0 0 0
board #423 7
3 4 1
2 4 1
4 4 1
1 4 0
1 5 0
2 3 0
2 2 1
3 2 1
4 2 1
1 2 0
1 3 0
1 1 1
2 1 1
5 1 0
5 2 1
0 0 1
board #424 17
3 4 0
3 2 1
4 2 1
2 3 0
2 2 0
3 1 0
3 5 0
0 0 1
board #425 9
3 4 1
2 4 1
4 3 0
4 4 1
5 3 0
5 4 1
1 4 0
1 5 0
2 3 1
1 3 0
2 2 1
1 2 0
1 1 0
0 0 0
board #426 15
3 4 1
2 4 1
4 3 1
1 4 0
1 5 0
2 3 0
2 2 1
3 2 1
4 2 0
4 1 1
5 1 1
1 2 1
0 0 0
board #427 14
3 2 1
4 2 0
4 1 0
3 4 1
2 4 1
4 3 0
4 4 0
4 5 0
0 0 0
board #428 10
3 4 0
3 2 0
3 1 1
4 1 1
5 1 0
4 2 0
3 5 0
0 0 0
board #429 9
3 4 1
2 4 0
2 5 0
3 2 1
4 2 1
2 2 1
5 1 0
5 2 1
1 2 0
1 3 0
2 3 0
1 1 1
2 1 1
0 0 0
board #430 15
3 2 0
3 4 1
2 4 1
4 3 1
1 5 1
5 2 1
0 0 0
board #431 8
3 4 0
3 2 1
4 2 0
4 1 0
2 5 0
0 0 1
board #432 7
3 4 1
2 4 0
1 5 1
2 5 1
4 3 0
4 4 0
3 5 1
4 5 1
5 4 0
5 5 0
3 2 1
5 1 0
4 2 0
0 0 1
board #433 15
3 2 1
4 2 1
2 2 1
5 1 0
5 2 1
1 2 1
0 0 0
board #434 8
3 4 0
3 2 0
3 1 0
3 5 0
0 0 0
board #435 6
3 2 1
4 2 0
5 1 0
3 4 0
3 5 0
0 0 0
board #436 7
3 2 0
3 4 0
3 1 0
2 5 1
3 5 0
0 0 0
board #437 7
3 2 0
3 4 1
2 4 0
1 5 0
3 1 1
4 1 1
5 1 0
4 2 1
5 2 1
2 2 0
2 1 0
0 0 1
board #438 13
3 4 0
3 2 1
4 2 0
4 1 0
3 5 0
0 0 0
board #439 7
3 2 1
4 2 1
2 3 1
5 1 0
5 2 1
1 4 1
0 0 1
board #440 8
3 2 1
4 2 1
2 3 1
5 2 1
1 3 0
1 4 1
0 0 0
board #441 8
3 2 0
3 4 1
2 4 1
4 3 0
4 4 1
5 3 1
1 4 1
0 0 0
board #442 9
3 4 1
2 4 1
4 3 0
4 4 1
1 4 0
1 5 1
5 4 1
0 0 1
board #443 9
3 2 1
4 2 0
4 1 0
3 4 1
2 4 1
4 4 0
4 3 0
3 5 0
0 0 0
board #444 10
3 2 0
3 4 1
2 4 1
4 3 0
4 4 1
5 4 1
1 4 0
1 5 0
2 3 1
1 3 1
0 0 0
board #445 12
3 2 0
3 4 0
2 5 1
3 5 1
1 5 1
4 4 1
5 3 0
5 4 1
0 0 0
board #446 10
3 4 0
3 2 1
4 2 1
2 3 0
2 2 1
1 3 1
5 1 1
0 0 1
board #447 9
3 4 1
2 4 1
4 3 1
1 4 0
1 5 0
2 3 0
2 2 0
2 1 0
0 0 0
board #448 10
3 2 0
3 4 1
2 4 0
2 5 0
3 1 1
4 1 0
0 0 1
board #449 8
3 2 1
4 2 1
2 3 0
2 2 0
3 1 0
3 4 1
2 4 0
1 5 1
2 5 1
4 3 0
4 4 0
3 5 1
4 5 1
5 4 0
5 5 1
0 0 1
board #450 17
3 4 1
2 4 1
4 3 0
4 4 0
4 5 0
3 2 1
5 1 1
4 1 0
4 2 0
0 0 0
board #451 11
3 2 0
3 4 0
2 5 0
3 1 0
0 0 1
board #452 6
3 4 1
2 4 0
1 5 1
2 5 1
4 3 1
5 2 0
5 3 0
5 1 1
4 2 0
4 4 1
5 4 0
4 5 0
4 1 1
3 2 1
2 2 0
2 3 1
1 4 1
0 0 1
board #453 19
3 4 1
2 4 1
4 3 1
1 4 0
1 5 1
5 2 0
5 3 0
5 1 0
4 4 1
5 4 1
0 0 0
board #454 12
3 4 0
3 2 0
2 5 1
3 5 0
4 1 0
0 0 0
board #455 7
3 2 1
4 2 1
2 3 0
2 2 0
2 1 0
3 4 0
3 5 0
0 0 0
board #456 9
3 4 0
3 2 0
2 5 1
3 5 0
4 1 0
0 0 1
board #457 7
3 4 0
3 2 1
4 2 0
5 1 0
2 5 1
3 5 1
1 5 0
2 4 0
0 0 0
board #458 10
3 4 0
3 2 0
3 1 1
4 1 1
5 1 1
2 2 0
2 1 0
2 5 1
3 5 1
1 5 1
4 4 0
4 5 0
0 0 0
board #459 14
3 2 0
3 4 1
2 4 1
4 3 1
1 4 0
1 5 0
2 3 0
3 1 1
4 1 0
0 0 0
board #460 11
3 4 0
3 2 1
4 2 0
4 1 1
5 1 0
2 5 0
0 0 1
board #461 8
3 4 1
2 4 0
2 5 0
3 2 1
4 2 1
2 2 0
2 3 1
1 3 1
5 2 1
0 0 0
board #462 11
3 4 1
2 4 1
4 4 1
1 4 0
1 5 0
2 3 0
2 2 1
3 2 1
4 2 0
4 1 1
5 1 1
1 2 0
1 3 1
0 0 1
board #463 15
3 2 0
3 4 0
4 1 0
2 5 0
0 0 0
board #464 6
3 4 0
3 2 0
2 5 1
3 5 0
3 1 1
4 1 1
5 1 0
4 2 0
0 0 1
board #465 10
3 4 1
2 4 1
4 3 1
1 5 1
5 2 1
0 0 0
board #466 7
3 2 0
3 4 1
2 4 1
4 3 1
1 4 0
1 5 0
2 3 1
1 3 0
2 2 0
2 1 0
0 0 1
board #467 12
3 2 1
4 2 0
5 1 0
3 4 1
2 4 1
4 4 0
4 3 1
5 2 1
1 4 0
1 5 1
0 0 0
board #468 12
3 4 1
2 4 1
4 3 1
1 4 1
5 2 0
5 3 1
0 0 0
board #469 8
3 4 0
3 2 0
2 5 1
3 5 1
1 5 0
2 4 1
1 4 1
4 4 1
5 3 0
5 4 0
4 3 1
5 2 1
0 0 1
board #470 14
3 4 1
2 4 1
4 3 1
1 5 1
5 2 1
0 0 0
board #471 7
3 2 1
4 2 0
4 1 1
5 1 0
3 4 1
2 4 1
4 4 0
4 3 0
3 5 1
4 5 0
0 0 1
board #472 12
3 2 1
4 2 0
4 1 1
5 1 1
2 3 1
1 3 1
0 0 0
board #473 8
3 2 1
4 2 0
4 1 0
3 4 1
2 4 1
4 4 0
4 3 0
3 5 0
0 0 1
board #474 10
3 2 1
4 2 1
2 2 1
5 1 1
1 2 0
1 3 1
0 0 1
board #475 8
3 4 1
2 4 0
1 5 0
3 2 1
4 2 1
2 2 0
2 3 1
1 3 0
1 4 0
3 1 0
0 0 0
board #476 12
3 4 1
2 4 1
4 3 1
1 4 0
1 5 0
2 3 1
1 3 0
2 2 0
3 1 0
0 0 1
board #477 11
3 4 0
3 2 1
4 2 0
4 1 1
5 1 1
2 3 0
2 2 0
2 1 1
3 1 1
1 1 0
1 2 0
2 5 1
3 5 1
1 5 0
1 4 1
2 4 0
0 0 1
board #478 18
3 2 1
4 2 1
2 2 0
2 3 0
3 1 0
3 4 0
2 5 1
3 5 1
1 5 1
4 4 1
5 3 0
5 4 1
0 0 0
board #479 14
3 4 1
2 4 0
1 5 0
3 2 1
4 2 0
4 1 1
5 1 0
0 0 0
board #480 9
3 2 1
4 2 1
2 3 1
5 1 0
5 2 0
4 3 0
4 4 0
3 5 1
4 5 1
2 5 1
1 5 0
2 4 0
0 0 0
board #481 14
3 2 0
