3 4 1
2 4 1
4 4 0
4 3 0
3 5 1
4 5 0
3 2 0
4 1 0
0 0 0
board #1 10
3 2 0
3 4 0
4 1 0
2 5 0
0 0 1
board #2 6
3 4 0
3 2 1
4 2 0
4 1 0
3 5 0
0 0 1
board #3 7
3 4 1
2 4 1
4 4 0
4 3 1
5 2 1
1 4 1
0 0 1
board #4 8
3 2 1
4 2 1
2 3 1
5 2 1
1 4 1
0 0 0
board #5 7
3 2 0
3 4 0
3 1 1
4 1 1
5 1 0
4 2 0
3 5 0
0 0 0
board #6 9
3 2 0
3 4 1
2 4 1
4 3 0
4 4 0
4 5 0
3 1 0
0 0 0
board #7 9
3 4 0
3 2 0
2 5 1
3 5 1
1 5 1
4 4 0
4 5 1
5 5 1
0 0 1
board #8 10
3 2 1
4 2 0
5 1 0
3 4 1
2 4 1
4 4 1
1 5 1
5 3 1
0 0 0
board #9 10
3 2 1
4 2 1
2 3 0
2 2 0
2 1 1
3 1 1
1 1 0
1 2 1
5 1 0
5 2 1
0 0 0
board #10 12
3 4 1
2 4 1
4 3 1
1 5 1
5 2 0
5 3 1
0 0 1
board #11 8
3 4 1
2 4 1
4 3 1
1 4 1
5 2 1
0 0 0
board #12 7
3 4 0
3 2 0
2 5 1
3 5 1
1 5 0
2 4 1
1 4 1
4 4 0
4 5 1
5 4 1
0 0 0
board #13 12
3 2 1
4 2 1
2 3 0
2 2 0
3 1 0
3 4 1
1 5 1
2 4 0
2 5 1
4 3 0
4 4 0
3 5 1
4 5 1
5 4 0
5 5 1
0 0 0
board #14 17
3 2 0
3 4 1
2 4 1
4 3 1
1 4 0
1 5 1
5 2 1
0 0 0
board #15 9
3 2 0
3 4 0
2 5 0
4 1 0
0 0 1
board #16 6
3 2 0
3 4 0
3 1 1
4 1 1
5 1 0
4 2 1
5 2 0
4 3 1
5 3 0
4 4 1
5 4 1
2 2 1
1 2 0
1 3 1
0 0 0
board #17 16
3 2 1
4 2 1
2 3 0
2 2 1
5 1 0
5 2 0
4 3 1
5 3 1
1 3 1
0 0 1
board #18 11
3 4 1
2 4 0
1 5 1
2 5 0
3 2 0
4 1 0
0 0 1
board #19 8
3 2 0
3 4 1
2 4 1
4 4 1
1 4 1
5 3 0
5 4 1
0 0 0
board #20 9
3 4 0
3 2 0
3 1 1
4 1 0
3 5 0
0 0 1
board #21 7
3 4 1
2 4 0
2 5 0
3 2 0
4 1 0
0 0 1
board #22 7
3 4 0
3 2 0
2 5 0
3 1 1
4 1 0
0 0 1
board #23 7
3 4 1
2 4 0
2 5 0
3 2 0
3 1 1
4 1 0
0 0 0
board #24 8
3 4 0
3 2 1
4 2 0
5 1 0
3 5 0
0 0 0
board #25 7
3 4 0
3 2 0
3 1 1
4 1 0
3 5 0
0 0 0
board #26 7
3 4 0
3 2 0
2 5 0
3 1 1
4 1 1
5 1 1
2 2 0
2 1 1
1 1 1
0 0 1
board #27 11
3 4 0
3 2 1
4 2 0
4 1 1
5 1 0
2 5 0
0 0 0
board #28 8
3 4 1
2 4 1
4 4 1
1 5 1
5 3 0
5 4 0
4 3 1
5 2 1
0 0 0
board #29 10
3 4 0
3 2 1
4 2 0
4 1 1
5 1 1
2 3 1
1 3 0
1 4 1
0 0 1
board #30 10
3 2 1
4 2 1
2 2 0
2 3 1
1 4 1
5 2 1
0 0 1
board #31 8
3 4 1
2 4 0
1 5 0
3 2 1
4 2 0
5 1 0
0 0 0
board #32 8
3 2 1
4 2 1
2 2 0
2 3 1
1 3 0
1 4 0
1 5 1
2 4 0
2 5 0
2 1 0
0 0 0
board #33 12
3 2 0
3 4 0
3 1 1
4 1 1
5 1 1
2 2 0
2 1 1
1 1 0
1 2 0
3 5 0
0 0 0
board #34 12
3 4 0
3 2 1
4 2 1
2 3 1
5 1 1
1 3 1
0 0 0
board #35 8
3 4 0
3 2 1
4 2 0
4 1 1
5 1 1
2 3 0
2 2 1
1 2 0
1 3 0
1 1 1
2 1 0
2 5 1
3 5 0
0 0 1
board #36 15
3 2 1
4 2 0
4 1 1
5 1 0
3 4 0
2 5 1
3 5 1
1 5 0
2 4 0
0 0 0
board #37 11
3 4 0
3 2 1
4 2 1
2 3 0
2 2 0
2 1 1
3 1 1
1 1 1
5 1 1
0 0 0
board #38 11
3 2 1
4 2 0
4 1 1
5 1 0
3 4 0
2 5 1
3 5 0
0 0 1
board #39 9
3 4 1
2 4 0
1 5 0
3 2 0
3 1 1
4 1 1
5 1 0
4 2 0
0 0 1
board #40 10
3 4 0
3 2 1
4 2 0
4 1 1
5 1 1
2 3 0
2 2 0
2 1 1
3 1 0
2 5 0
0 0 1
board #41 12
3 4 1
2 4 0
1 5 1
2 5 0
3 2 0
3 1 1
4 1 1
5 1 1
2 2 0
2 1 0
0 0 0
board #42 12
3 4 1
2 4 1
4 3 1
1 4 0
1 5 1
5 2 0
5 3 0
5 1 1
4 2 0
5 4 1
4 4 1
0 0 0
board #43 13
3 4 0
3 2 1
4 2 1
2 3 1
5 2 1
1 3 0
1 4 1
0 0 0
board #44 9
3 2 0
3 4 1
2 4 1
4 3 0
4 4 1
5 3 0
5 4 0
5 5 0
3 1 1
4 1 1
5 1 1
2 2 0
2 1 1
1 1 1
0 0 0
board #45 16
3 2 0
3 4 1
2 4 1
4 3 0
4 4 1
5 4 1
1 4 1
0 0 1
board #46 9
3 2 1
4 2 0
4 1 1
5 1 0
3 4 1
2 4 0
1 5 1
2 5 1
4 4 1
5 3 0
5 4 1
0 0 1
board #47 13
3 4 1
2 4 0
1 5 1
2 5 0
3 2 0
3 1 1
4 1 1
5 1 1
2 2 0
2 1 0
0 0 0
board #48 12
3 4 0
3 2 1
4 2 0
4 1 0
3 5 0
0 0 0
board #49 7
3 2 0
3 4 0
2 5 1
3 5 0
4 1 0
0 0 0
board #50 7
3 4 1
2 4 0
1 5 1
2 5 0
3 2 1
4 2 0
4 1 1
5 1 0
0 0 0
board #51 10
3 2 1
4 2 1
2 3 1
5 1 1
1 3 1
0 0 0
board #52 7
3 2 1
4 2 0
4 1 0
3 4 0
3 5 0
0 0 1
board #53 7
3 4 0
3 2 0
2 5 0
3 1 0
0 0 1
board #54 6
3 2 0
3 4 0
2 5 1
3 5 1
1 5 1
4 4 1
5 3 0
5 4 1
0 0 1
board #55 10
3 4 0
3 2 0
3 5 0
3 1 1
4 1 0
0 0 1
board #56 7
3 4 0
3 2 0
3 1 1
4 1 1
5 1 1
2 2 1
1 2 1
0 0 0
board #57 9
3 2 1
4 2 1
2 3 1
5 2 1
1 3 0
1 4 1
0 0 1
board #58 8
3 4 1
2 4 0
1 5 1
2 5 1
4 3 1
5 2 1
0 0 1
board #59 8
3 2 0
3 4 0
4 1 0
2 5 1
3 5 0
0 0 0
board #60 7
3 4 0
3 2 0
3 5 0
3 1 0
0 0 0
board #61 6
3 2 0
3 4 1
2 4 0
1 5 0
3 1 0
0 0 1
board #62 7
3 4 0
3 2 0
3 1 1
4 1 1
5 1 0
4 2 1
5 2 1
2 2 1
1 3 1
0 0 0
board #63 11
3 4 0
3 2 0
2 5 1
3 5 0
3 1 1
4 1 1
5 1 0
4 2 0
0 0 1
board #64 10
3 2 1
4 2 0
5 1 0
3 4 0
2 5 0
0 0 1
board #65 7
3 4 0
3 2 1
4 2 0
4 1 0
3 5 0
0 0 0
board #66 7
3 2 1
4 2 0
4 1 0
3 4 0
2 5 1
3 5 1
1 5 0
2 4 1
1 4 1
4 4 0
4 5 0
0 0 0
board #67 13
3 2 0
3 4 0
2 5 1
3 5 1
1 5 1
4 4 0
4 5 1
5 5 1
0 0 0
board #68 10
3 4 1
2 4 1
4 3 0
4 4 0
3 5 1
4 5 0
3 2 1
4 2 0
4 1 1
5 1 1
2 3 0
2 2 1
1 2 1
0 0 1
board #69 15
3 4 1
2 4 0
1 5 0
3 2 1
4 2 1
2 2 0
2 3 1
1 3 1
5 1 1
0 0 0
board #70 11
3 2 0
3 4 1
2 4 0
2 5 0
3 1 0
0 0 1
board #71 7
3 4 0
3 2 0
2 5 0
3 1 0
0 0 1
board #72 6
3 4 0
3 2 0
3 1 0
2 5 1
3 5 0
0 0 0
board #73 7
3 2 1
4 2 1
2 2 0
2 3 0
3 4 1
2 4 1
1 4 0
1 5 1
4 3 1
5 1 0
5 2 0
5 3 1
0 0 1
board #74 14
3 2 0
3 4 0
2 5 1
3 5 0
3 1 0
0 0 0
board #75 7
3 2 0
3 4 1
2 4 1
4 3 0
4 4 1
5 3 1
1 4 0
1 5 1
0 0 1
board #76 10
3 4 0
3 2 1
4 2 1
2 3 0
2 2 1
1 2 1
5 1 1
0 0 0
board #77 9
3 4 0
3 2 1
4 2 1
2 3 1
5 1 1
1 3 0
1 4 1
0 0 1
board #78 9
3 4 0
3 2 0
2 5 0
4 1 0
0 0 0
board #79 6
3 2 1
4 2 0
4 1 0
3 4 1
2 4 1
4 4 0
4 3 0
4 5 0
0 0 1
board #80 10
3 2 1
4 2 1
2 3 1
5 2 1
1 3 1
0 0 0
board #81 7
3 2 0
3 4 1
2 4 0
2 5 0
4 1 0
0 0 1
board #82 7
3 2 0
3 4 0
3 1 1
4 1 1
5 1 1
2 2 1
1 2 1
0 0 1
board #83 9
3 2 0
3 4 1
2 4 0
1 5 0
3 1 0
0 0 0
board #84 7
3 2 1
4 2 1
2 3 1
5 2 1
1 3 0
1 4 0
1 5 1
2 4 1
0 0 0
board #85 10
3 4 0
3 2 0
3 1 0
2 5 1
3 5 0
0 0 0
board #86 7
3 2 1
4 2 1
2 3 0
2 2 0
2 1 1
3 1 1
1 1 0
1 2 1
5 2 1
0 0 0
board #87 11
3 2 0
3 4 1
2 4 0
1 5 1
2 5 0
3 1 1
4 1 1
5 1 0
4 2 1
5 2 0
4 3 0
0 0 0
board #88 13
3 4 0
3 2 1
4 2 0
4 1 1
5 1 1
2 3 1
1 3 1
0 0 0
board #89 9
3 2 0
3 4 0
3 1 1
4 1 1
5 1 1
2 2 0
2 1 1
1 1 0
1 2 0
2 5 1
3 5 1
1 5 0
2 4 1
1 4 1
4 4 0
4 5 0
0 0 0
board #90 18
3 2 1
4 2 1
2 3 0
2 2 1
1 2 0
1 3 0
2 1 0
3 4 0
2 5 1
3 5 1
1 5 1
4 4 0
4 5 1
5 4 0
5 5 1
0 0 1
board #91 17
3 2 0
3 4 1
2 4 1
4 3 0
4 4 1
5 4 1
1 5 1
0 0 1
board #92 9
3 2 1
4 2 1
2 2 1
5 1 1
1 2 1
0 0 1
board #93 7
3 2 1
4 2 0
5 1 0
3 4 1
2 4 1
4 3 1
1 4 0
1 5 1
5 2 1
0 0 1
board #94 11
3 4 1
2 4 1
4 3 1
1 4 0
1 5 1
5 2 0
5 3 1
0 0 1
board #95 9
3 2 0
3 4 0
3 1 1
4 1 0
2 5 0
0 0 1
board #96 7
3 2 0
3 4 1
2 4 1
4 3 0
4 4 0
4 5 0
3 1 1
4 1 0
0 0 1
board #97 10
3 4 0
3 2 1
4 2 1
2 3 1
5 1 1
1 3 0
1 4 1
0 0 1
board #98 9
3 2 0
3 4 0
4 1 0
2 5 0
0 0 0
board #99 6
3 2 0
3 4 1
2 4 1
4 3 0
4 4 0
3 5 1
4 5 1
5 5 1
1 4 0
1 5 0
2 3 1
1 3 0
2 2 1
1 2 0
2 1 0
0 0 0
board #100 17
3 2 0
3 4 0
3 1 1
4 1 0
2 5 1
3 5 0
0 0 1
board #101 8
3 4 1
2 4 0
1 5 1
2 5 0
3 2 1
4 2 1
2 2 1
5 2 1
1 3 1
0 0 0
board #102 11
3 2 1
4 2 0
4 1 1
5 1 1
2 3 1
1 3 0
1 4 0
1 5 0
1 2 0
1 1 0
0 0 0
board #103 12
3 2 1
4 2 1
2 3 0
2 2 0
2 1 1
3 1 1
1 1 1
5 1 0
5 2 0
4 3 0
4 4 1
3 4 1
2 4 0
1 5 1
2 5 1
5 3 0
5 4 1
0 0 0
board #104 19
3 4 1
2 4 0
2 5 0
3 2 0
3 1 0
0 0 0
board #105 7
3 2 0
3 4 1
2 4 1
4 3 1
1 4 1
5 2 0
5 3 1
0 0 0
board #106 9
3 2 0
3 4 0
3 1 1
4 1 1
5 1 1
2 2 1
1 2 0
1 3 0
2 3 1
1 4 0
1 5 0
1 1 0
0 0 1
board #107 14
3 4 0
3 2 1
4 2 1
2 3 0
2 2 0
2 1 1
3 1 1
1 2 1
5 1 1
0 0 1
board #108 11
3 4 1
2 4 1
4 3 0
4 4 0
3 5 1
4 5 0
3 2 1
5 1 1
4 2 1
2 3 0
2 2 1
1 2 0
1 3 0
1 1 1
2 1 1
0 0 1
board #109 17
3 2 0
3 4 1
2 4 1
4 3 0
4 4 0
4 5 0
3 1 1
4 1 1
5 1 0
4 2 0
0 0 1
board #110 12
3 4 1
2 4 1
4 3 0
4 4 0
4 5 0
3 2 0
3 1 1
4 1 1
5 1 0
4 2 0
0 0 1
board #111 12
3 2 1
4 2 1
2 2 1
5 1 1
1 2 0
1 3 0
2 3 0
1 1 1
2 1 0
3 4 0
2 5 0
0 0 1
board #112 13
3 2 1
4 2 0
4 1 0
3 4 1
2 4 0
1 5 1
2 5 1
4 4 0
4 3 1
5 2 1
0 0 1
board #113 12
3 2 0
3 4 1
2 4 0
1 5 1
2 5 1
4 3 1
5 2 1
0 0 1
board #114 9
3 2 0
3 4 1
2 4 0
1 5 0
4 1 0
0 0 1
board #115 7
3 2 0
3 4 0
2 5 0
3 1 1
4 1 0
0 0 0
board #116 7
3 2 0
3 4 1
2 4 0
2 5 0
4 1 0
0 0 0
board #117 7
3 2 0
3 4 0
3 1 0
2 5 0
0 0 1
board #118 6
3 2 1
4 2 1
2 2 1
5 1 0
5 2 1
1 2 1
0 0 0
board #119 8
3 2 1
4 2 0
4 1 1
5 1 1
2 3 1
1 4 1
0 0 1
board #120 8
3 2 0
3 4 1
2 4 0
1 5 0
3 1 1
4 1 0
0 0 0
board #121 8
3 2 0
3 4 0
3 5 0
3 1 1
4 1 0
0 0 1
board #122 7
3 2 0
3 4 0
2 5 0
3 1 1
4 1 1
5 1 0
4 2 1
5 2 1
2 2 1
1 2 0
1 3 0
2 3 0
1 1 0
0 0 1
board #123 15
3 4 0
3 2 1
4 2 1
2 3 1
5 2 1
1 3 0
1 4 0
1 5 1
2 4 0
2 2 0
3 1 0
2 5 1
3 5 0
0 0 1
board #124 15
3 4 1
2 4 1
4 3 0
4 4 0
4 5 0
3 2 0
3 1 1
4 1 1
5 1 1
2 2 1
1 2 0
1 3 0
2 3 0
1 1 1
2 1 0
0 0 1
board #125 17
3 2 1
4 2 0
4 1 0
3 4 0
2 5 0
0 0 1
board #126 7
3 4 1
2 4 1
4 3 0
4 4 0
3 5 1
4 5 0
3 2 0
3 1 1
4 1 0
0 0 0
board #127 11
3 2 1
4 2 0
5 1 0
3 4 0
2 5 1
3 5 0
0 0 0
board #128 8
3 2 1
4 2 0
4 1 1
5 1 0
3 4 1
2 4 1
4 3 0
4 4 0
4 5 0
0 0 1
board #129 11
3 4 0
3 2 1
4 2 0
5 1 0
2 5 0
0 0 1
board #130 7
3 4 0
3 2 1
4 2 1
2 3 1
5 1 0
5 2 1
1 4 1
0 0 1
board #131 9
3 2 1
4 2 1
2 2 1
5 1 0
5 2 1
1 2 0
1 3 1
0 0 0
board #132 9
3 4 1
2 4 0
2 5 0
3 2 1
4 2 1
2 3 1
5 1 1
1 3 0
1 4 1
0 0 0
board #133 11
3 2 1
4 2 1
2 2 0
2 3 1
5 1 1
1 3 0
1 4 0
1 5 0
2 1 1
3 1 0
0 0 1
board #134 12
3 2 0
3 4 0
2 5 1
3 5 0
3 1 1
4 1 0
0 0 0
board #135 8
3 2 0
3 4 0
2 5 1
3 5 0
3 1 0
0 0 0
board #136 7
3 4 1
2 4 1
4 3 0
4 4 1
1 4 0
1 5 1
5 3 0
5 4 1
0 0 1
board #137 10
3 2 0
3 4 0
2 5 1
3 5 1
1 5 0
2 4 0
3 1 1
4 1 0
0 0 0
board #138 10
3 2 0
3 4 0
2 5 1
3 5 1
1 5 0
2 4 0
4 1 0
0 0 1
board #139 9
3 4 0
3 2 0
3 1 1
4 1 0
2 5 1
3 5 0
0 0 0
board #140 8
3 2 0
3 4 0
3 5 0
4 1 0
0 0 1
board #141 6
3 4 1
2 4 0
2 5 0
3 2 0
3 1 1
4 1 1
5 1 1
2 2 0
2 1 1
1 1 0
1 2 1
0 0 0
board #142 13
3 4 1
2 4 1
4 3 0
4 4 1
1 4 1
5 3 0
5 4 0
4 5 1
5 5 1
0 0 0
board #143 11
3 2 0
3 4 1
2 4 1
4 3 0
4 4 0
3 5 1
4 5 0
4 1 0
0 0 1
board #144 10
3 4 1
2 4 0
2 5 0
3 2 1
4 2 0
4 1 1
5 1 0
0 0 0
board #145 9
3 4 0
3 2 0
2 5 1
3 5 1
1 5 0
2 4 0
4 1 0
0 0 0
board #146 9
3 4 1
2 4 0
1 5 0
3 2 0
3 1 0
0 0 0
board #147 7
3 2 1
4 2 0
5 1 0
3 4 0
2 5 0
0 0 1
board #148 7
3 2 1
4 2 1
2 3 1
5 1 0
5 2 1
1 4 1
0 0 0
board #149 8
3 4 1
2 4 1
4 4 1
1 4 1
5 3 0
5 4 0
4 3 1
5 2 1
0 0 0
board #150 10
3 4 1
2 4 1
4 3 0
4 4 1
1 5 1
5 4 1
0 0 1
board #151 8
3 4 0
3 2 0
4 1 0
2 5 1
3 5 0
0 0 0
board #152 7
3 2 0
3 4 1
2 4 1
4 3 0
4 4 1
5 4 1
1 4 1
0 0 0
board #153 9
3 4 0
3 2 0
3 1 1
4 1 0
2 5 1
3 5 1
1 5 1
4 4 0
4 5 1
5 4 1
0 0 0
board #154 12
3 2 1
4 2 0
4 1 1
5 1 0
3 4 0
3 5 0
0 0 1
board #155 8
3 4 1
2 4 1
4 4 1
1 4 1
5 3 0
5 4 1
0 0 1
board #156 8
3 2 1
4 2 0
4 1 0
3 4 1
2 4 1
4 4 0
4 3 0
3 5 1
4 5 0
0 0 1
board #157 11
3 2 1
4 2 1
2 3 1
5 1 1
1 4 1
0 0 1
board #158 7
3 2 0
3 4 0
3 5 0
4 1 0
0 0 0
board #159 6
3 2 0
3 4 0
2 5 1
3 5 1
1 5 1
4 4 1
5 3 0
5 4 0
4 3 0
4 5 1
5 5 1
0 0 0
board #160 13
3 4 1
2 4 0
1 5 0
3 2 0
3 1 1
4 1 1
5 1 0
4 2 1
5 2 1
2 2 0
2 1 1
1 2 1
0 0 1
board #161 14
3 4 1
2 4 0
1 5 1
2 5 0
3 2 1
4 2 0
4 1 1
5 1 0
0 0 1
board #162 10
3 2 1
4 2 1
2 3 1
5 1 0
5 2 0
4 3 0
4 4 0
3 5 0
0 0 0
board #163 10
3 2 1
4 2 1
2 3 0
2 2 0
2 1 0
3 4 0
2 5 1
3 5 1
1 5 0
1 4 1
2 4 0
0 0 0
board #164 13
3 4 1
2 4 0
1 5 1
2 5 0
3 2 1
4 2 0
4 1 1
5 1 0
0 0 0
board #165 10
3 2 1
4 2 1
2 3 0
2 2 0
3 1 0
3 4 0
2 5 1
3 5 0
0 0 0
board #166 10
3 4 1
2 4 0
1 5 0
3 2 1
4 2 1
2 2 0
2 3 1
1 3 0
1 4 1
5 2 1
0 0 0
board #167 12
3 4 1
2 4 1
4 3 0
4 4 0
3 5 0
3 2 0
4 1 0
0 0 1
board #168 9
3 2 1
4 2 1
2 3 1
5 1 1
1 4 1
0 0 0
board #169 7
3 4 1
2 4 1
4 3 1
1 5 1
5 2 0
5 3 0
5 1 0
5 4 1
4 4 1
0 0 1
board #170 11
3 2 1
4 2 0
4 1 0
3 4 1
2 4 1
4 4 0
4 3 0
3 5 0
0 0 1
board #171 10
3 2 0
3 4 0
4 1 0
3 5 0
0 0 0
board #172 6
3 4 0
3 2 0
2 5 1
3 5 0
3 1 0
0 0 1
board #173 7
3 2 0
3 4 0
2 5 1
3 5 1
1 5 1
4 4 1
5 4 1
0 0 1
board #174 9
3 4 1
2 4 1
4 3 1
1 4 0
1 5 0
2 3 1
1 3 0
2 2 0
2 1 1
3 1 1
3 2 1
1 1 0
1 2 0
0 0 1
board #175 15
3 2 1
4 2 0
4 1 1
5 1 1
2 3 1
1 3 0
1 4 1
0 0 1
board #176 9
3 2 1
4 2 1
2 3 0
2 2 1
1 2 0
1 3 0
1 1 1
2 1 1
5 2 1
0 0 1
board #177 11
3 4 1
2 4 0
1 5 1
2 5 1
4 3 0
4 4 0
3 5 1
4 5 0
3 2 0
3 1 1
4 1 1
5 1 1
2 2 0
2 1 0
0 0 1
board #178 16
3 2 0
3 4 0
2 5 1
3 5 1
1 5 1
4 4 1
5 4 1
0 0 1
board #179 9
3 4 1
2 4 1
4 3 1
1 5 1
5 2 0
5 3 0
5 1 0
4 4 1
5 4 0
4 5 0
0 0 0
board #180 12
3 2 0
3 4 1
2 4 1
4 3 1
1 5 1
5 3 1
0 0 0
board #181 8
3 2 0
3 4 1
2 4 1
4 3 1
1 4 0
1 5 1
5 2 1
0 0 0
board #182 9
3 2 0
3 4 1
2 4 1
4 3 0
4 4 1
5 3 0
5 4 1
1 4 0
1 5 0
2 3 1
1 3 0
2 2 0
2 1 1
3 1 1
4 1 1
5 1 1
1 1 0
1 2 1
0 0 0
board #183 20
3 2 1
4 2 1
2 3 0
2 2 1
5 1 0
5 2 0
4 3 0
4 4 1
1 5 0
1 4 0
0 0 0
board #184 12
3 2 1
4 2 1
2 3 0
2 2 0
2 1 1
3 1 0
1 5 0
1 4 0
0 0 1
board #185 10
3 2 0
3 4 0
2 5 0
4 1 0
0 0 1
board #186 6
3 2 1
4 2 0
4 1 1
5 1 1
2 3 1
1 3 1
0 0 0
board #187 8
3 2 0
3 4 0
2 5 1
3 5 1
1 5 0
2 4 0
4 1 0
0 0 1
board #188 9
3 2 1
4 2 1
2 3 1
5 1 1
1 3 0
1 4 1
0 0 1
board #189 8
3 2 0
3 4 0
3 1 0
3 5 0
0 0 1
board #190 6
3 2 0
3 4 0
3 1 0
2 5 1
3 5 1
1 5 0
2 4 1
1 4 0
2 3 1
1 3 1
4 4 0
4 5 1
5 4 0
5 5 1
0 0 0
board #191 16
3 2 0
3 4 1
2 4 1
4 3 1
1 4 0
1 5 0
2 3 0
4 1 0
0 0 0
board #192 10
3 2 1
4 2 0
4 1 0
3 4 0
3 5 0
0 0 1
board #193 7
3 4 0
3 2 1
4 2 0
5 1 0
2 5 0
0 0 1
board #194 7
3 2 0
3 4 1
2 4 1
4 3 0
4 4 1
5 3 0
5 4 1
1 4 1
0 0 1
board #195 10
3 2 0
3 4 0
3 1 1
4 1 0
2 5 1
3 5 0
0 0 1
board #196 8
3 2 0
3 4 0
2 5 1
3 5 0
4 1 0
0 0 1
board #197 7
3 4 0
3 2 0
3 1 1
4 1 0
3 5 0
0 0 0
board #198 7
3 4 1
2 4 1
4 3 0
4 4 0
3 5 0
3 2 1
4 2 1
5 1 1
2 3 0
2 2 0
2 1 0
0 0 1
board #199 13
3 4 1
2 4 0
2 5 0
3 2 1
4 2 0
4 1 1
5 1 1
2 2 0
2 3 0
2 1 0
0 0 0
board #200 12
3 2 0
3 4 1
2 4 0
1 5 1
2 5 1
4 3 1
5 2 1
0 0 0
board #201 9
3 2 1
4 2 1
2 3 1
5 1 1
1 3 0
1 4 0
1 5 0
2 2 1
1 2 0
1 1 1
2 1 0
0 0 0
board #202 13
3 2 1
4 2 0
4 1 0
3 4 0
2 5 1
3 5 1
1 5 0
2 4 0
0 0 1
board #203 10
3 2 0
3 4 0
3 1 1
4 1 0
3 5 0
0 0 0
board #204 7
3 2 0
3 4 1
2 4 1
4 3 0
4 4 1
5 3 0
5 4 0
5 5 0
3 1 0
0 0 1
board #205 11
3 2 1
4 2 0
4 1 1
5 1 1
2 3 1
1 3 1
0 0 0
board #206 8
3 4 0
3 2 0
3 1 1
4 1 0
2 5 0
0 0 0
board #207 7
3 2 0
3 4 0
2 5 1
3 5 1
1 5 0
2 4 1
1 4 1
4 4 0
4 5 0
3 1 1
4 1 0
0 0 0
board #208 13
3 2 0
3 4 0
2 5 0
4 1 0
0 0 1
board #209 6
3 2 0
3 4 1
2 4 1
4 3 0
4 4 1
5 4 1
1 4 0
1 5 0
2 3 1
1 3 0
2 2 1
1 2 1
0 0 0
board #210 14
3 4 1
2 4 1
4 3 0
4 4 0
3 5 0
3 2 1
4 2 1
5 1 0
5 2 1
2 3 0
2 2 0
2 1 1
3 1 0
0 0 1
board #211 15
3 4 0
3 2 1
4 2 1
2 3 0
2 2 0
2 1 0
3 5 0
0 0 0
board #212 9
3 2 0
3 4 0
4 1 0
2 5 1
3 5 0
0 0 0
board #213 7
3 4 1
2 4 1
4 3 0
4 4 1
1 5 1
5 3 0
5 4 0
4 5 0
3 2 1
5 1 0
4 2 1
5 2 0
0 0 1
board #214 14
3 4 1
2 4 0
1 5 1
2 5 1
4 3 0
4 4 1
5 3 1
0 0 1
board #215 9
3 4 0
3 2 0
2 5 1
3 5 1
1 5 1
4 4 1
5 3 1
0 0 1
board #216 9
3 4 1
2 4 1
4 3 0
4 4 1
5 4 1
1 4 0
1 5 0
2 3 0
2 2 1
3 2 0
3 1 0
0 0 0
board #217 13
3 2 0
3 4 0
2 5 0
4 1 0
0 0 1
board #218 6
3 2 0
2 4 0
1 5 1
2 5 1
3 4 1
4 3 0
4 4 0
3 5 0
3 1 0
0 0 1
board #219 11
3 2 1
4 2 1
2 2 1
5 1 1
1 2 0
1 3 0
2 3 0
1 1 1
2 1 1
0 0 0
board #220 11
3 4 0
3 2 1
4 2 1
2 3 1
5 1 0
5 2 1
1 4 1
0 0 0
board #221 9
3 2 0
3 4 0
3 1 0
2 5 0
0 0 0
board #222 6
3 4 1
2 4 0
2 5 0
3 2 1
4 2 0
5 1 0
0 0 1
board #223 8
3 4 0
3 2 1
4 2 1
2 3 0
2 2 0
2 1 1
3 1 1
1 2 1
5 1 0
5 2 1
0 0 0
board #224 12
3 2 0
3 4 1
2 4 1
4 3 0
4 4 0
3 5 1
4 5 0
3 1 0
0 0 0
board #225 10
3 2 0
3 4 1
2 4 0
1 5 0
3 1 1
4 1 0
0 0 0
board #226 8
3 4 1
2 4 1
4 3 0
4 4 1
1 4 1
5 3 0
5 4 0
4 5 1
5 5 0
3 2 1
4 2 0
4 1 0
0 0 1
board #227 14
3 2 1
4 2 1
2 3 1
5 1 0
5 2 1
1 3 0
1 4 0
1 5 1
2 4 0
2 2 0
2 5 0
2 1 1
3 1 0
0 0 0
board #228 15
3 4 0
3 2 1
4 2 1
2 3 1
5 1 0
5 2 0
4 3 0
2 5 1
3 5 0
0 0 0
board #229 11
3 4 0
3 2 1
4 2 0
5 1 0
2 5 1
3 5 0
0 0 0
board #230 8
3 2 1
4 2 0
5 1 0
3 4 0
3 5 0
0 0 0
board #231 7
3 4 1
2 4 1
4 3 0
4 4 0
4 5 0
3 2 0
3 1 1
4 1 0
0 0 1
board #232 10
3 2 1
4 2 1
2 3 0
2 2 0
2 1 0
3 4 0
2 5 0
0 0 1
board #233 9
3 4 1
2 4 0
2 5 0
3 2 1
4 2 0
4 1 1
5 1 0
0 0 0
board #234 9
3 4 0
3 2 0
3 5 0
3 1 1
4 1 0
0 0 1
board #235 7
3 2 0
3 4 0
2 5 1
3 5 1
1 5 0
2 4 0
3 1 1
4 1 0
0 0 1
board #236 10
3 4 0
3 2 1
4 2 1
2 3 1
5 2 1
1 4 1
0 0 0
board #237 8
3 4 0
3 2 1
4 2 0
5 1 0
2 5 1
3 5 0
0 0 0
board #238 8
3 2 1
4 2 0
4 1 1
5 1 0
3 4 0
2 5 0
0 0 0
board #239 8
3 2 1
4 2 1
2 3 1
5 1 0
5 2 0
4 3 1
5 3 1
1 3 0
1 4 0
1 5 1
2 4 1
0 0 1
board #240 13
3 2 0
3 4 0
3 1 1
4 1 1
5 1 1
2 2 0
2 1 0
2 5 1
3 5 0
0 0 0
board #241 11
3 2 1
4 2 0
5 1 0
3 4 1
2 4 1
4 4 0
4 3 1
5 3 1
1 4 0
1 5 0
2 3 1
1 3 1
0 0 1
board #242 14
3 2 0
3 4 1
2 4 0
2 5 0
3 1 0
0 0 0
board #243 7
3 2 0
3 4 0
4 1 0
2 5 1
3 5 1
1 5 0
2 4 0
0 0 0
board #244 9
3 4 0
3 2 1
4 2 1
2 3 0
2 2 0
2 1 1
3 1 0
2 5 1
3 5 0
0 0 1
board #245 11
3 4 1
2 4 1
4 3 0
4 4 0
3 5 1
4 5 0
3 2 0
3 1 1
4 1 0
0 0 1
board #246 11
3 2 1
4 2 0
4 1 1
5 1 0
3 4 0
2 5 1
3 5 1
1 5 0
2 4 0
0 0 0
board #247 11
3 2 0
3 4 1
2 4 0
1 5 1
2 5 0
3 1 0
0 0 0
board #248 8
3 4 1
2 4 0
1 5 1
2 5 0
3 2 1
4 2 1
2 2 0
2 3 0
2 1 0
0 0 0
board #249 11
3 4 0
3 2 1
4 2 1
2 3 0
2 2 1
1 2 0
1 3 0
2 1 0
3 5 0
0 0 0
board #250 11
3 4 1
2 4 0
2 5 0
3 2 0
3 1 1
4 1 1
5 1 1
2 2 1
1 2 1
0 0 1
board #251 11
3 2 0
3 4 0
3 1 0
2 5 1
3 5 1
1 5 0
2 4 1
1 4 1
4 4 1
5 3 1
0 0 1
board #252 12
3 2 0
3 4 0
3 1 0
2 5 1
3 5 0
0 0 1
board #253 7
3 4 0
3 2 1
4 2 0
5 1 0
2 5 1
3 5 0
0 0 0
board #254 8
3 2 1
4 2 0
4 1 0
3 4 1
2 4 1
4 4 0
4 3 0
4 5 0
0 0 1
board #255 10
3 2 1
4 2 0
4 1 1
5 1 0
3 4 1
2 4 1
4 4 0
4 3 1
5 3 1
1 5 1
0 0 1
board #256 12
3 2 0
3 4 0
3 1 1
4 1 1
5 1 1
2 2 1
1 3 1
0 0 0
board #257 9
3 2 0
3 4 1
2 4 1
4 3 0
4 4 1
5 3 1
1 4 0
1 5 0
2 3 1
1 3 1
0 0 1
board #258 12
3 4 0
3 2 0
3 1 0
3 5 0
0 0 1
board #259 6
3 4 0
3 2 1
4 2 1
2 3 0
2 2 1
1 2 0
1 3 1
5 1 0
5 2 1
0 0 1
board #260 11
3 2 1
4 2 0
4 1 1
5 1 1
2 3 0
2 2 1
1 3 1
0 0 0
board #261 9
3 2 0
3 4 1
2 4 1
4 3 1
1 4 0
1 5 0
2 3 0
3 1 0
0 0 1
board #262 10
3 2 1
4 2 1
2 2 1
5 2 1
1 2 0
1 3 1
0 0 0
board #263 8
3 2 1
4 2 1
2 3 1
5 1 1
1 3 0
1 4 1
0 0 0
board #264 8
3 2 1
4 2 0
4 1 1
5 1 0
3 4 0
2 5 1
3 5 0
0 0 1
board #265 9
3 2 0
3 4 0
3 1 0
2 5 1
3 5 1
1 5 0
2 4 0
0 0 0
board #266 9
3 2 0
3 4 0
2 5 1
3 5 1
1 5 0
2 4 0
3 1 1
4 1 0
0 0 0
board #267 10
3 4 0
3 2 1
4 2 0
4 1 0
2 5 1
3 5 1
1 5 1
4 4 0
4 5 1
5 4 0
5 5 0
0 0 1
board #268 13
3 2 1
4 2 1
2 3 1
5 1 0
5 2 1
1 3 1
0 0 0
board #269 8
3 2 0
3 4 1
2 4 0
1 5 1
2 5 1
4 3 0
4 4 1
5 3 0
5 4 1
0 0 1
board #270 11
3 4 0
3 2 0
3 1 1
4 1 0
2 5 1
3 5 0
0 0 1
board #271 8
3 2 0
3 4 1
2 4 1
4 3 0
4 4 0
4 5 0
3 1 0
0 0 1
board #272 9
3 4 1
2 4 1
4 3 0
4 4 1
5 3 0
5 4 1
1 5 1
0 0 0
board #273 9
3 4 1
2 4 0
1 5 1
2 5 0
3 2 0
3 1 1
4 1 1
5 1 1
2 2 0
2 1 1
1 1 1
0 0 1
board #274 13
3 4 1
2 4 1
4 4 1
1 5 1
5 4 1
0 0 0
board #275 7
3 2 1
4 2 1
2 3 1
5 1 1
1 4 1
0 0 1
board #276 7
3 2 1
4 2 0
4 1 1
5 1 1
2 3 1
1 3 0
1 4 0
1 5 1
2 4 1
0 0 0
board #277 11
3 2 0
3 4 0
3 1 0
2 5 1
3 5 0
0 0 1
board #278 7
3 4 1
2 4 1
4 4 0
4 3 0
4 5 0
3 2 0
4 1 0
0 0 0
board #279 9
3 2 1
4 2 1
2 3 0
2 2 0
2 1 0
3 4 0
2 5 0
0 0 1
board #280 9
3 4 1
2 4 1
4 4 1
1 4 0
1 5 0
2 3 1
1 3 1
5 4 1
0 0 0
board #281 10
3 4 0
3 2 0
3 1 1
4 1 0
3 5 0
0 0 0
board #282 7
3 4 0
3 2 1
4 2 1
2 3 0
2 2 0
2 1 0
3 5 0
0 0 0
board #283 9
3 4 0
3 2 1
4 2 1
2 3 0
2 2 1
1 3 1
5 1 0
5 2 1
0 0 0
board #284 10
3 2 1
4 2 0
4 1 1
5 1 1
2 3 0
2 2 1
1 2 0
1 3 0
1 1 1
2 1 1
0 0 1
board #285 12
3 2 1
4 2 0
5 1 0
3 4 1
2 4 1
4 3 1
1 4 1
5 2 0
5 3 0
5 4 1
4 4 1
0 0 1
board #286 13
3 2 0
3 4 0
2 5 0
3 1 1
4 1 0
0 0 0
board #287 7
3 4 1
2 4 0
1 5 1
2 5 1
4 4 1
5 3 0
5 4 0
4 3 0
4 5 1
5 5 0
3 2 1
5 1 1
4 1 1
2 2 1
1 3 1
0 0 1
board #288 17
3 4 1
2 4 0
1 5 1
2 5 0
3 2 1
4 2 0
4 1 0
0 0 0
board #289 9
3 2 0
3 4 1
2 4 1
4 3 1
1 4 1
5 2 0
5 3 0
5 1 0
4 4 0
3 5 0
0 0 1
board #290 12
3 2 1
4 2 1
2 3 0
2 2 0
2 1 1
3 1 1
1 2 1
5 2 1
0 0 1
board #291 10
3 2 1
4 2 1
2 3 0
2 2 1
1 3 1
5 1 1
0 0 0
board #292 8
3 4 1
2 4 1
4 3 1
1 4 0
1 5 0
2 3 1
1 3 0
2 2 1
1 2 0
2 1 0
0 0 1
board #293 12
3 2 1
4 2 1
2 3 0
2 2 1
1 2 1
5 2 1
0 0 0
board #294 8
3 2 1
4 2 1
2 3 1
5 1 0
5 2 0
4 3 0
4 4 1
3 4 0
2 5 1
3 5 1
1 5 1
5 3 1
0 0 0
board #295 14
3 2 0
3 4 0
3 1 1
4 1 1
5 1 1
2 2 0
2 1 1
1 2 1
0 0 1
board #296 10
3 2 1
4 2 0
4 1 1
5 1 1
2 3 0
2 2 1
1 2 0
1 3 1
0 0 0
board #297 10
3 2 1
4 2 0
4 1 1
5 1 0
3 4 0
2 5 0
0 0 1
board #298 8
3 4 1
2 4 0
1 5 0
3 2 0
3 1 1
4 1 1
5 1 0
4 2 1
5 2 0
4 3 0
0 0 0
board #299 12
3 4 0
3 2 1
4 2 1
2 3 1
5 2 1
1 3 0
1 4 1
0 0 0
board #300 9
3 2 1
4 2 0
5 1 0
3 4 0
3 5 0
0 0 0
board #301 7
3 4 0
3 2 0
3 1 1
4 1 1
5 1 0
4 2 1
5 2 0
4 3 0
3 5 0
0 0 0
board #302 11
3 4 0
3 2 1
4 2 1
2 3 1
5 2 1
1 3 0
1 4 0
1 5 1
2 4 1
0 0 0
board #303 11
3 4 0
3 2 1
4 2 1
2 3 1
5 1 0
5 2 1
1 4 1
0 0 1
board #304 9
3 4 0
3 2 1
4 2 1
2 3 0
2 2 1
1 2 0
1 3 1
5 2 1
0 0 0
board #305 10
3 4 1
2 4 1
4 3 0
4 4 0
3 5 1
4 5 1
5 5 1
1 4 1
0 0 1
board #306 10
3 2 0
3 4 1
2 4 1
4 3 0
4 4 1
5 3 1
1 4 0
1 5 1
0 0 1
board #307 10
3 2 1
4 2 1
2 3 1
5 2 1
1 3 1
0 0 0
board #308 7
3 4 1
2 4 0
1 5 1
2 5 0
3 2 0
4 1 0
0 0 1
board #309 8
3 2 0
2 4 0
1 5 0
4 1 0
0 0 1
board #310 6
3 4 0
3 2 0
3 1 1
4 1 0
2 5 0
0 0 1
board #311 7
3 4 1
2 4 0
1 5 0
3 2 0
4 1 0
0 0 1
board #312 7
3 4 0
3 2 1
4 2 1
2 3 0
2 2 0
2 1 0
3 5 0
0 0 1
board #313 9
3 4 0
3 2 0
3 1 1
4 1 0
2 5 1
3 5 0
0 0 0
board #314 8
3 2 0
3 4 0
2 5 1
3 5 1
1 5 1
4 4 0
4 5 0
4 1 0
0 0 1
board #315 10
3 2 1
4 2 1
2 3 1
5 1 0
5 2 1
1 3 0
1 4 1
0 0 0
board #316 9
3 2 0
3 4 0
3 1 1
4 1 1
5 1 1
2 2 0
2 1 1
1 1 0
1 2 0
3 5 0
0 0 0
board #317 12
3 2 0
3 4 0
3 1 1
4 1 1
5 1 0
4 2 0
2 5 0
0 0 1
board #318 9
3 4 1
2 4 0
1 5 1
2 5 0
3 2 1
4 2 0
4 1 0
0 0 1
board #319 9
3 4 1
2 4 0
2 5 0
3 2 0
4 1 0
0 0 0
board #320 7
3 2 0
3 4 1
2 4 0
2 5 0
3 1 0
0 0 0
board #321 7
3 4 1
2 4 0
2 5 0
3 2 1
4 2 1
2 2 0
2 3 1
1 3 0
1 4 0
2 1 1
3 1 0
0 0 1
board #322 13
3 4 1
2 4 1
4 4 1
1 4 0
1 5 0
2 3 0
2 2 1
3 2 0
3 1 0
0 0 0
board #323 11
3 4 1
2 4 1
4 4 1
1 5 1
5 3 0
5 4 0
4 3 0
4 5 1
5 5 0
3 2 1
4 2 0
4 1 1
5 1 0
0 0 1
board #324 15
3 4 0
3 2 0
3 1 0
3 5 0
0 0 0
board #325 6
3 4 0
3 2 1
4 2 0
4 1 1
5 1 0
2 5 0
0 0 0
board #326 8
3 4 1
2 4 0
2 5 0
3 2 1
4 2 1
2 2 0
2 3 0
2 1 0
0 0 0
board #327 10
3 2 0
3 4 0
3 1 1
4 1 0
2 5 1
3 5 1
1 5 1
4 4 0
4 5 1
5 4 0
5 5 1
0 0 1
board #328 13
3 4 0
3 2 1
4 2 1
2 3 1
5 1 0
5 2 0
4 3 0
2 5 0
0 0 1
board #329 10
3 4 0
3 2 1
4 2 0
4 1 1
5 1 1
2 2 1
1 2 0
1 3 0
2 3 0
1 1 1
2 1 1
0 0 1
board #330 13
3 4 0
3 2 1
4 2 1
2 3 1
5 1 1
1 4 1
0 0 0
board #331 8
3 4 0
3 2 1
4 2 0
4 1 1
5 1 1
2 3 1
1 4 1
0 0 0
board #332 9
3 4 1
2 4 0
2 5 0
3 2 1
4 2 1
2 2 0
2 3 0
2 1 1
3 1 1
1 2 1
5 1 0
5 2 1
0 0 0
board #333 14
3 2 1
4 2 0
4 1 0
3 4 1
2 4 0
1 5 0
0 0 0
board #334 8
3 2 1
4 2 0
4 1 1
5 1 0
3 4 0
2 5 1
3 5 0
0 0 0
board #335 9
3 2 0
3 4 1
2 4 0
1 5 1
2 5 0
3 1 0
0 0 0
board #336 8
3 4 0
3 2 0
3 1 0
2 5 0
0 0 1
board #337 6
3 4 0
3 2 0
2 5 0
3 1 0
0 0 0
board #338 6
3 4 0
3 2 1
4 2 1
2 3 0
2 2 1
1 2 1
5 1 1
0 0 1
board #339 9
3 2 0
3 4 0
2 5 1
3 5 0
4 1 0
0 0 0
board #340 7
3 2 1
4 2 0
4 1 1
5 1 1
2 3 1
1 3 0
1 4 1
0 0 0
board #341 9
3 2 0
3 4 0
3 1 1
4 1 1
5 1 1
2 2 0
2 1 0
2 5 1
3 5 0
0 0 1
board #342 11
3 4 0
3 2 1
4 2 0
4 1 0
3 5 0
0 0 0
board #343 7
3 4 1
2 4 1
4 3 1
1 4 0
1 5 1
5 3 1
0 0 1
board #344 8
3 2 1
4 2 0
5 1 0
3 4 0
2 5 1
3 5 0
0 0 1
board #345 8
3 2 1
4 2 0
4 1 1
5 1 1
2 3 0
2 2 0
2 1 1
3 1 1
1 2 1
0 0 1
board #346 11
3 2 1
4 2 1
2 3 0
2 2 0
2 1 0
3 4 1
1 5 0
1 4 1
2 4 0
0 0 1
board #347 11
3 4 1
2 4 0
2 5 0
3 2 1
4 2 0
5 1 0
0 0 0
board #348 8
3 2 0
3 4 1
2 4 1
4 3 0
4 4 1
5 3 1
1 4 1
0 0 0
board #349 9
3 2 1
4 2 0
4 1 1
5 1 1
2 2 1
1 2 0
1 3 0
2 3 0
1 1 0
3 4 0
2 5 1
3 5 1
1 5 0
1 4 1
2 4 1
4 4 0
4 5 1
5 4 1
0 0 0
board #350 20
3 4 1
2 4 0
1 5 1
2 5 0
3 2 1
4 2 1
2 2 1
5 1 0
5 2 1
1 2 0
1 3 0
1 4 1
2 3 0
1 1 1
2 1 1
0 0 0
board #351 17
3 2 1
4 2 1
2 3 1
5 1 0
5 2 0
4 3 0
4 4 1
3 4 1
2 4 0
2 5 0
0 0 1
board #352 12
3 2 1
4 2 1
2 3 1
5 1 1
1 3 0
1 4 1
0 0 0
board #353 8
3 4 0
3 2 1
4 2 1
2 3 1
5 1 1
1 4 1
0 0 0
board #354 8
3 2 1
4 2 1
2 3 0
2 2 0
2 1 0
3 4 1
2 4 0
1 5 1
2 5 0
0 0 0
board #355 11
3 2 1
4 2 1
2 3 1
5 1 0
5 2 0
4 3 1
5 3 0
4 4 0
3 5 1
4 5 1
3 4 1
5 4 1
1 4 1
0 0 0
board #356 15
3 4 0
3 2 0
3 1 0
2 5 0
0 0 0
board #357 6
3 4 1
2 4 1
4 4 1
1 5 1
5 3 0
5 4 1
0 0 0
board #358 8
3 4 1
2 4 0
1 5 0
3 2 1
4 2 1
2 2 1
5 1 1
1 2 1
0 0 1
board #359 10
3 4 0
3 2 1
4 2 0
5 1 0
2 5 1
3 5 0
0 0 1
board #360 8
3 2 0
3 4 0
2 5 1
3 5 1
1 5 0
2 4 1
1 4 0
2 3 1
1 3 0
2 2 1
1 2 0
2 1 0
0 0 0
board #361 14
3 2 0
3 4 1
2 4 0
1 5 0
3 1 1
4 1 1
5 1 1
2 2 1
1 2 1
0 0 0
board #362 11
3 2 1
4 2 0
4 1 1
5 1 0
3 4 1
2 4 1
4 3 1
1 5 1
5 3 1
0 0 1
board #363 11
3 2 1
4 2 0
5 1 0
3 4 1
2 4 1
4 4 1
1 5 1
5 3 1
0 0 0
board #364 10
3 2 1
4 2 1
2 3 1
5 1 0
5 2 0
4 3 0
4 4 0
3 5 1
4 5 0
0 0 1
board #365 11
3 2 1
4 2 1
2 3 0
2 2 0
2 1 1
3 1 0
3 4 0
2 5 0
0 0 0
board #366 10
3 4 1
2 4 1
4 3 1
1 4 0
1 5 0
2 3 0
2 2 1
3 2 0
3 1 1
4 1 0
0 0 1
board #367 12
3 4 0
3 2 0
4 1 0
2 5 1
3 5 0
0 0 1
board #368 7
3 2 0
3 4 0
2 5 1
3 5 1
1 5 1
4 4 0
4 5 1
5 4 0
5 5 1
0 0 0
board #369 11
3 2 0
3 4 1
2 4 1
4 3 0
4 4 1
5 4 1
1 5 1
0 0 0
board #370 9
3 2 0
3 4 1
2 4 1
4 3 1
1 4 0
1 5 1
5 2 1
0 0 1
board #371 9
3 2 0
3 4 1
2 4 1
4 3 1
1 4 0
1 5 1
5 3 1
0 0 1
board #372 9
3 4 0
3 2 0
2 5 1
3 5 0
3 1 1
4 1 1
5 1 0
4 2 1
5 2 1
2 2 1
1 2 1
0 0 0
board #373 13
3 2 0
3 4 1
2 4 1
4 3 1
1 4 1
5 2 0
5 3 0
5 1 0
5 4 0
4 5 1
5 5 0
0 0 0
board #374 13
3 2 0
3 4 1
2 4 1
4 3 0
4 4 0
3 5 1
4 5 0
3 1 0
0 0 0
board #375 10
3 4 0
3 2 1
4 2 1
2 3 0
2 2 0
2 1 0
3 5 0
0 0 0
board #376 9
3 4 1
2 4 1
4 4 1
1 4 0
1 5 1
5 3 0
5 4 0
4 3 1
5 2 0
5 1 0
4 5 1
5 5 0
0 0 0
board #377 14
3 2 0
3 4 0
3 5 0
3 1 1
4 1 1
5 1 1
2 2 0
2 1 0
0 0 1
board #378 10
3 2 1
4 2 1
2 3 1
5 1 0
5 2 0
4 3 0
4 4 1
2 4 0
1 5 1
2 5 1
3 5 1
5 3 1
0 0 1
board #379 14
3 2 1
4 2 0
4 1 1
5 1 1
2 2 1
1 2 1
0 0 0
board #380 8
3 2 1
4 2 0
5 1 0
3 4 0
2 5 0
0 0 0
board #381 7
3 4 0
3 2 1
4 2 0
4 1 1
5 1 0
2 5 0
0 0 0
board #382 8
3 4 1
2 4 1
4 3 1
1 4 0
1 5 1
5 2 0
5 3 0
5 1 0
4 4 1
5 4 0
4 5 1
5 5 0
0 0 0
board #383 14
3 4 0
3 2 1
4 2 1
2 3 0
2 2 0
2 1 1
3 1 0
3 5 0
0 0 1
board #384 10
3 4 1
2 4 0
1 5 1
2 5 0
3 2 0
3 1 1
4 1 1
5 1 1
2 2 0
2 1 0
0 0 0
board #385 12
3 4 1
2 4 1
4 4 0
4 3 0
3 5 1
4 5 1
5 4 1
1 4 0
1 5 1
0 0 0
board #386 11
3 4 0
3 2 0
3 1 1
4 1 1
5 1 1
2 2 1
1 2 0
1 3 1
0 0 0
board #387 10
3 2 0
3 4 0
3 5 0
3 1 1
4 1 1
5 1 1
2 2 1
1 3 1
0 0 0
board #388 10
3 2 1
4 2 1
2 3 1
5 1 0
5 2 0
4 3 0
4 4 1
2 4 0
1 5 1
2 5 1
3 4 0
3 5 0
0 0 1
board #389 14
3 2 0
3 4 1
2 4 0
1 5 1
2 5 1
4 3 0
4 4 0
4 5 0
3 1 1
4 1 1
5 1 0
5 2 0
0 0 1
board #390 14
3 4 1
2 4 1
4 4 1
1 5 1
5 3 1
0 0 0
board #391 7
3 2 1
4 2 0
4 1 0
3 4 0
3 5 0
0 0 0
board #392 7
3 2 0
3 4 1
2 4 0
1 5 1
2 5 1
4 3 0
4 4 1
5 4 1
0 0 0
board #393 10
3 2 0
3 4 1
2 4 1
4 3 1
1 5 1
5 2 0
5 3 1
0 0 0
board #394 9
3 4 1
2 4 1
4 4 1
1 5 1
5 4 1
0 0 0
board #395 7
3 2 1
4 2 1
2 3 0
2 2 1
1 3 1
5 1 1
0 0 0
board #396 8
3 4 0
3 2 0
4 1 0
2 5 0
0 0 1
board #397 6
3 4 0
3 2 1
4 2 0
4 1 0
2 5 1
3 5 0
0 0 1
board #398 8
3 2 1
4 2 0
4 1 1
5 1 0
3 4 0
3 5 0
0 0 0
board #399 8
3 4 0
3 2 0
3 1 1
4 1 0
3 5 0
0 0 1
board #400 7
3 2 0
3 4 0
3 1 0
2 5 0
0 0 1
board #401 6
3 4 0
3 2 1
4 2 1
2 3 1
5 1 1
1 3 1
0 0 0
board #402 8
3 4 1
2 4 0
1 5 1
2 5 0
3 2 1
4 2 1
2 2 0
2 3 1
1 4 1
5 1 0
5 2 0
4 3 0
0 0 0
board #403 14
3 2 0
3 4 0
4 1 0
2 5 1
3 5 1
1 5 0
2 4 1
1 4 0
2 3 1
1 3 1
4 4 1
5 4 1
0 0 1
board #404 14
3 4 0
3 2 0
3 1 1
4 1 1
5 1 1
2 2 1
1 2 1
0 0 0
board #405 9
3 4 0
3 2 0
3 1 1
4 1 0
3 5 0
0 0 0
board #406 7
3 2 0
3 4 0
3 1 1
4 1 0
3 5 0
0 0 0
board #407 7
3 2 1
4 2 0
4 1 1
5 1 1
2 3 0
2 2 1
1 3 1
0 0 1
board #408 9
3 4 0
3 2 1
4 2 1
2 3 0
2 2 1
1 2 1
5 1 1
0 0 1
board #409 9
3 2 1
4 2 0
4 1 0
3 4 1
2 4 1
4 4 0
4 3 0
3 5 1
4 5 0
0 0 0
board #410 11
3 4 0
3 2 0
2 5 1
3 5 1
1 5 0
2 4 0
4 1 0
0 0 1
board #411 9
3 4 1
2 4 1
4 3 0
4 4 0
4 5 0
3 2 1
5 1 1
4 1 0
4 2 0
0 0 1
board #412 11
3 4 0
3 2 0
2 5 0
3 1 0
0 0 0
board #413 6
3 4 1
2 4 1
4 3 1
1 4 1
5 2 0
5 3 0
5 1 0
4 4 1
5 4 1
0 0 0
board #414 11
3 4 1
2 4 1
4 3 1
1 4 0
1 5 1
5 2 1
0 0 1
board #415 8
3 2 1
4 2 0
5 1 0
3 4 1
2 4 0
1 5 1
2 5 0
0 0 0
board #416 9
3 2 0
3 4 0
3 1 1
4 1 0
2 5 1
3 5 0
0 0 1
board #417 8
3 4 0
3 2 0
2 5 1
3 5 1
1 5 0
2 4 0
4 1 0
0 0 1
board #418 9
3 2 1
4 2 0
5 1 0
3 4 1
2 4 0
2 5 0
0 0 1
board #419 8
3 2 1
4 2 0
4 1 1
5 1 0
3 4 0
2 5 1
3 5 1
1 5 1
4 4 0
4 5 0
0 0 0
board #420 12
3 4 0
3 2 0
2 5 0
3 1 0
0 0 0
board #421 6
3 2 0
3 4 0
3 5 0
4 1 0
0 0 0
board #422 6
3 4 0
3 2 1
4 2 0
4 1 0
2 5 1
3 5 1
1 5 1
4 4 0
4 5 0
0 0 0
board #423 11
3 4 1
2 4 1
4 3 1
1 4 1
5 3 1
0 0 0
board #424 7
3 4 1
2 4 1
4 3 1
1 4 0
1 5 0
2 3 1
1 3 0
2 2 0
2 1 1
3 1 1
3 2 1
1 1 0
1 2 1
5 2 0
5 3 1
0 0 1
board #425 17
3 2 1
4 2 1
2 3 0
2 2 1
1 2 0
1 3 1
5 1 1
0 0 1
board #426 9
3 4 1
2 4 0
1 5 0
3 2 0
4 1 0
0 0 0
board #427 7
3 4 1
2 4 1
4 3 1
1 4 1
5 3 1
0 0 0
board #428 7
3 2 1
4 2 1
2 2 1
5 2 1
1 2 1
0 0 1
board #429 7
3 2 0
3 4 1
2 4 0
1 5 1
2 5 1
4 3 0
4 4 1
5 4 1
0 0 1
board #430 10
3 4 1
2 4 1
4 4 1
1 4 1
5 4 1
0 0 0
board #431 7
3 4 1
2 4 1
4 3 0
4 4 0
3 5 1
4 5 0
3 2 1
4 2 0
5 1 0
0 0 0
board #432 11
3 4 1
2 4 1
4 3 0
4 4 1
1 5 1
5 4 1
0 0 1
board #433 8
3 2 1
4 2 0
4 1 1
5 1 1
2 2 1
1 2 0
1 3 0
2 3 1
1 4 1
0 0 0
board #434 11
3 2 1
4 2 1
2 3 1
5 1 0
5 2 0
4 3 1
5 3 1
1 3 0
1 4 1
0 0 1
board #435 11
3 4 0
3 2 0
3 1 1
4 1 1
5 1 0
4 2 1
5 2 1
2 2 1
1 2 0
1 3 1
0 0 0
board #436 12
3 2 1
4 2 0
5 1 0
3 4 1
2 4 1
4 4 0
4 3 0
4 5 0
0 0 1
board #437 10
3 2 0
3 4 0
2 5 0
3 1 1
4 1 1
5 1 1
2 2 1
1 2 1
0 0 1
board #438 10
3 4 1
2 4 0
1 5 1
2 5 0
3 2 0
3 1 1
4 1 0
0 0 1
board #439 9
3 2 1
4 2 0
4 1 1
5 1 1
2 2 0
2 3 0
2 1 1
3 1 1
1 1 0
1 2 1
0 0 1
board #440 12
3 4 1
2 4 0
1 5 1
2 5 1
4 3 0
4 4 0
3 5 1
4 5 0
3 2 1
5 1 1
4 1 0
4 2 0
0 0 1
board #441 14
3 2 0
3 4 0
3 1 1
4 1 0
2 5 0
0 0 1
board #442 7
3 4 1
2 4 0
2 5 0
3 2 0
3 1 1
4 1 1
5 1 1
2 2 1
1 3 1
0 0 0
board #443 11
3 4 0
3 2 0
3 1 0
2 5 0
0 0 0
board #444 6
3 4 1
2 4 0
2 5 0
3 2 0
3 1 1
4 1 1
5 1 1
2 2 0
2 1 0
0 0 1
board #445 11
3 2 1
4 2 1
2 3 0
2 2 0
2 1 1
3 1 0
3 4 1
2 4 0
1 5 1
2 5 1
4 3 1
5 1 0
5 2 1
0 0 0
board #446 15
3 4 1
2 4 0
1 5 1
2 5 0
3 2 1
4 2 0
4 1 0
0 0 1
board #447 9
3 2 0
3 4 0
3 1 1
4 1 1
5 1 0
4 2 1
5 2 1
2 2 0
2 1 0
2 5 0
0 0 1
board #448 12
3 4 1
2 4 0
1 5 1
2 5 1
4 4 0
4 3 0
3 5 1
4 5 1
5 4 0
5 5 1
0 0 1
board #449 12
3 2 1
4 2 0
5 1 0
3 4 0
3 5 0
0 0 1
board #450 7
3 4 0
3 2 1
4 2 1
2 3 1
5 2 1
1 3 1
0 0 0
board #451 8
3 4 1
2 4 0
1 5 0
3 2 0
3 1 1
4 1 1
5 1 0
4 2 1
5 2 0
4 3 1
5 3 0
4 4 1
5 4 1
2 2 1
1 2 1
0 0 0
board #452 17
3 2 1
4 2 0
4 1 0
3 4 0
2 5 0
0 0 0
board #453 7
3 4 0
3 2 1
4 2 1
2 3 1
5 1 0
5 2 0
4 3 0
2 5 1
3 5 1
1 5 1
4 4 1
5 3 1
0 0 1
board #454 14
3 2 0
3 4 1
2 4 1
4 4 1
1 4 0
1 5 1
5 3 0
5 4 1
0 0 1
board #455 10
3 4 1
2 4 0
1 5 1
2 5 1
4 3 0
4 4 1
5 3 0
5 4 0
4 5 1
5 5 0
3 2 0
3 1 0
0 0 1
board #456 14
3 4 1
2 4 1
4 3 0
4 4 0
3 5 1
4 5 1
5 5 1
1 5 1
0 0 0
board #457 10
3 4 1
2 4 0
1 5 1
2 5 1
4 3 1
5 2 0
5 3 1
0 0 1
board #458 9
3 2 1
4 2 1
2 3 1
5 2 1
1 3 0
1 4 0
1 5 1
2 4 0
2 2 1
1 2 0
2 5 1
3 4 1
4 3 1
0 0 0
board #459 15
3 2 1
4 2 0
4 1 0
3 4 1
2 4 0
1 5 0
0 0 0
board #460 8
3 2 1
4 2 1
2 3 0
2 2 1
1 2 0
1 3 1
5 2 1
0 0 0
board #461 9
3 4 0
3 2 0
2 5 1
3 5 1
1 5 1
4 4 0
4 5 0
3 1 1
4 1 0
0 0 0
board #462 11
3 4 1
2 4 1
4 3 0
4 4 1
5 4 1
1 5 1
0 0 1
board #463 8
3 2 0
3 4 1
2 4 1
4 3 0
4 4 0
3 5 1
4 5 0
4 1 0
0 0 1
board #464 10
3 2 1
4 2 1
2 3 1
5 1 1
1 3 0
1 4 1
0 0 0
board #465 8
3 4 0
3 2 0
2 5 0
3 1 1
4 1 0
0 0 0
board #466 7
3 2 1
4 2 0
4 1 0
3 4 0
2 5 1
3 5 1
1 5 1
4 4 0
4 5 0
0 0 1
board #467 11
3 4 0
3 2 1
4 2 1
2 3 0
2 2 0
2 1 1
3 1 1
1 1 0
1 2 1
5 1 0
5 2 0
4 3 0
3 5 0
0 0 0
board #468 15
3 2 0
3 4 1
2 4 0
1 5 1
2 5 0
3 1 1
4 1 1
5 1 1
2 2 1
1 3 1
0 0 0
board #469 12
3 4 1
2 4 0
2 5 0
3 2 0
4 1 0
0 0 0
board #470 7
3 4 0
3 2 1
4 2 1
2 3 0
2 2 0
3 1 0
3 5 0
0 0 1
board #471 9
3 4 1
2 4 1
4 3 0
4 4 1
1 4 1
5 3 1
0 0 1
board #472 8
3 2 0
3 4 0
2 5 1
3 5 0
3 1 1
4 1 1
5 1 0
4 2 1
5 2 0
4 3 1
5 3 1
2 2 1
1 2 0
1 3 1
0 0 1
board #473 16
3 2 1
4 2 1
2 3 0
2 2 1
5 1 0
5 2 0
4 3 1
5 3 0
4 4 0
3 5 1
4 5 1
3 4 0
2 5 1
1 5 0
1 4 0
0 0 0
board #474 17
3 2 1
4 2 0
4 1 0
3 4 0
2 5 1
3 5 1
1 5 0
2 4 0
0 0 1
board #475 10
3 2 1
4 2 1
2 2 1
5 1 1
1 3 1
0 0 0
board #476 7
3 4 0
3 2 1
4 2 1
2 3 1
5 1 0
5 2 0
4 3 1
5 3 1
1 3 1
0 0 1
board #477 11
3 4 0
3 2 1
4 2 0
4 1 1
5 1 0
3 5 0
0 0 0
board #478 8
3 2 0
3 4 0
3 1 1
4 1 0
3 5 0
0 0 0
board #479 7
3 4 0
3 2 0
3 1 0
2 5 1
3 5 0
0 0 1
board #480 7
3 2 1
4 2 1
2 3 0
2 2 0
2 1 1
3 1 0
3 4 1
1 5 0
1 4 0
0 0 0
board #481 11
3 4 0
3 2 0
3 1 0
2 5 1
3 5 1
1 5 1
4 4 1
5 3 1
0 0 1
board #482 10
3 2 1
4 2 1
2 3 0
2 2 0
2 1 1
3 1 1
1 1 1
5 2 1
0 0 1
board #483 10
3 4 0
3 2 0
2 5 1
3 5 1
1 5 1
4 4 0
4 5 0
3 1 0
0 0 1
board #484 10
3 4 0
3 2 0
4 1 0
2 5 0
0 0 1
board #485 6
3 4 1
2 4 0
2 5 0
3 2 1
4 2 1
2 2 1
5 2 1
1 2 1
0 0 0
board #486 10
3 4 1
2 4 1
4 3 0
4 4 0
3 5 0
3 2 0
3 1 1
4 1 0
0 0 1
board #487 10
3 4 1
2 4 0
1 5 1
2 5 1
4 3 0
4 4 0
3 5 1
4 5 1
5 5 1
0 0 1
board #488 11
3 2 0
3 4 1
2 4 1
4 3 0
4 4 1
5 3 0
5 4 1
1 5 1
0 0 1
board #489 10
3 4 0
3 2 0
4 1 0
2 5 1
3 5 1
1 5 0
2 4 0
0 0 1
board #490 9
3 2 1
4 2 0
4 1 1
5 1 1
2 3 1
1 3 1
0 0 1
board #491 8
3 2 0
3 4 1
2 4 0
1 5 0
3 1 1
4 1 1
5 1 0
4 2 0
0 0 0
board #492 10
3 4 0
3 2 1
4 2 0
5 1 0
2 5 1
3 5 1
1 5 0
2 4 1
1 4 0
2 3 0
0 0 1
board #493 12
3 2 0
3 4 0
2 5 1
3 5 1
1 5 0
2 4 0
3 1 1
4 1 0
0 0 1
board #494 10
3 2 0
3 4 1
2 4 1
4 3 1
1 5 1
5 3 1
0 0 1
board #495 8
3 2 0
3 4 1
2 4 1
4 3 0
4 4 1
5 4 1
1 4 0
1 5 0
2 3 1
1 3 1
0 0 0
board #496 12
3 2 0
3 4 1
2 4 1
4 3 0
4 4 1
5 3 1
1 4 0
1 5 0
2 3 1
1 3 1
0 0 1
board #497 12
3 4 1
2 4 1
4 3 1
1 4 0
1 5 1
5 2 1
0 0 0
board #498 8
3 2 0
3 4 1
2 4 0
1 5 1
2 5 1
4 3 1
5 3 1
0 0 0
board #499 9
3 4 1
2 4 1
4 3 1
1 4 1
5 3 1
0 0 0
board #500 7
3 2 1
4 2 0
4 1 1
5 1 0
3 4 0
2 5 0
0 0 0
board #501 8
3 2 0
3 4 1
2 4 0
1 5 0
3 1 1
4 1 1
5 1 1
2 2 1
1 2 0
1 3 0
1 1 1
2 1 0
