3 4 1
2 4 1
4 4 1
5 4 0
5 3 1
6 3 1
1 4 0
1 5 0
1 6 0
2 3 1
1 3 1
0 0 1
board #1 13
3 4 0
3 5 0
3 2 1
4 2 1
5 2 1
2 3 1
6 1 0
6 2 0
5 3 1
6 3 1
1 3 0
1 4 0
2 4 0
1 2 1
2 2 1
0 0 1
board #2 17
3 4 0
3 5 0
3 2 1
4 2 1
5 2 0
4 3 1
5 3 1
2 3 1
6 2 0
6 3 1
1 3 0
1 4 1
0 0 0
board #3 14
3 4 0
3 5 0
3 2 0
2 6 1
3 6 0
3 1 0
0 0 1
board #4 8
3 4 1
2 4 1
4 3 1
5 3 1
1 4 0
1 5 0
1 6 1
2 5 0
2 6 1
3 5 1
6 2 1
0 0 1
board #5 13
3 4 1
2 4 0
2 5 1
1 6 1
4 4 0
4 3 1
5 3 1
6 2 0
6 3 0
6 1 1
5 2 1
0 0 0
board #6 13
3 4 0
3 5 1
2 5 0
1 6 1
2 6 0
3 2 1
4 2 1
5 2 1
2 3 0
2 2 1
1 2 0
1 3 1
6 2 1
0 0 1
board #7 15
3 4 1
2 4 0
2 5 1
1 5 0
1 6 0
3 2 1
4 2 1
2 2 1
5 2 1
6 2 1
1 2 0
1 3 0
1 1 1
2 1 1
0 0 0
board #8 16
3 4 1
2 4 0
2 5 0
2 6 0
3 2 0
3 1 1
4 1 0
0 0 0
board #9 9
3 4 1
2 4 1
4 4 0
4 3 1
5 3 1
6 2 0
6 3 1
1 4 0
1 5 1
0 0 0
board #10 11
3 4 1
2 4 1
4 4 0
4 3 0
3 5 0
3 2 0
3 6 0
3 1 1
4 1 0
0 0 1
board #11 11
3 4 0
3 5 1
2 5 0
1 6 1
2 6 0
3 2 1
4 2 1
5 2 0
4 3 1
5 3 0
4 4 1
5 4 1
2 3 0
2 2 1
1 2 1
6 4 1
0 0 1
board #12 18
3 4 1
2 4 1
4 4 1
5 4 0
5 3 0
4 5 0
5 2 1
4 3 0
3 2 0
4 6 0
3 1 0
0 0 1
board #13 13
3 4 1
2 4 1
4 4 1
5 4 1
1 4 1
6 3 0
6 4 0
6 2 0
5 5 0
6 1 1
5 2 1
4 3 0
5 3 1
0 0 0
board #14 15
3 4 1
2 4 0
2 5 0
3 2 1
4 2 1
5 2 1
2 2 0
2 3 0
2 1 1
3 1 1
1 1 0
1 2 0
1 6 0
0 0 1
board #15 15
3 4 1
2 4 1
4 4 0
4 3 0
3 5 1
4 5 1
5 4 0
5 5 0
4 6 1
5 6 0
3 2 0
3 1 1
4 1 0
0 0 1
board #16 15
3 4 0
3 5 1
2 5 1
4 4 0
4 5 1
5 4 0
5 5 1
6 5 1
1 6 1
0 0 1
board #17 11
3 4 1
2 4 0
2 5 0
2 6 0
3 2 0
3 1 1
4 1 0
0 0 1
board #18 9
3 4 0
3 5 1
2 5 0
1 6 1
2 6 1
4 4 1
5 3 1
6 2 0
6 3 1
0 0 1
board #19 11
3 4 1
2 4 1
4 4 1
5 4 0
5 3 0
4 5 0
5 2 1
4 3 0
3 2 0
3 6 1
4 6 1
3 5 1
5 6 0
5 5 0
4 1 0
0 0 1
board #20 17
2 5 0
3 4 1
2 4 0
1 6 1
2 6 0
3 2 1
4 2 1
5 2 1
2 2 1
1 2 1
6 1 0
6 2 0
5 3 1
6 3 0
5 4 0
4 5 0
3 5 0
0 0 1
board #21 19
3 4 1
2 4 1
4 4 0
4 3 1
5 3 0
5 2 1
6 1 1
1 4 0
1 5 0
1 6 1
2 5 0
2 6 1
3 5 1
0 0 1
board #22 15
3 4 0
3 5 0
3 2 1
4 2 1
5 2 1
2 3 1
6 1 1
1 3 0
1 4 1
0 0 0
board #23 11
3 4 0
3 5 0
3 2 1
4 2 1
5 2 1
2 3 1
6 1 0
6 2 1
1 3 0
1 4 1
0 0 1
board #24 12
3 4 0
3 5 1
2 5 0
2 6 0
3 2 0
3 1 1
4 1 1
5 1 0
4 2 0
0 0 1
board #25 11
3 4 1
2 4 0
2 5 0
1 6 0
3 2 0
4 1 0
0 0 0
board #26 8
3 4 0
3 5 0
3 2 0
2 6 0
3 1 0
0 0 0
board #27 7
3 4 1
2 4 1
4 4 0
4 3 0
3 5 0
3 2 0
2 6 1
3 6 0
3 1 1
4 1 0
0 0 0
board #28 12
3 4 0
3 5 1
2 5 1
4 4 1
1 6 1
5 4 0
5 3 0
5 5 1
4 5 1
6 4 1
0 0 0
board #29 12
3 4 0
3 5 1
2 5 0
1 6 1
2 6 0
4 2 0
5 1 0
0 0 1
board #30 9
3 4 1
2 4 0
2 5 0
1 6 0
3 2 0
3 1 1
4 1 0
0 0 0
board #31 9
3 4 0
3 5 1
2 5 1
4 4 1
1 5 0
1 6 0
2 4 1
1 4 1
5 4 1
6 3 1
0 0 1
board #32 12
3 4 0
3 5 0
3 2 1
4 2 0
4 1 0
3 6 0
0 0 0
board #33 8
3 4 0
3 5 0
3 2 0
2 6 0
3 1 1
4 1 0
0 0 0
board #34 8
3 4 0
3 5 1
2 5 0
1 6 0
3 2 0
3 1 0
0 0 0
board #35 8
3 4 0
3 5 1
2 5 0
2 6 0
3 2 0
3 1 0
0 0 1
board #36 8
3 4 0
3 5 1
2 5 0
1 6 0
3 2 1
4 2 1
5 2 0
4 3 1
5 3 1
2 3 1
1 3 1
6 2 1
0 0 1
board #37 14
3 4 0
3 5 1
2 5 1
4 4 1
1 5 1
5 4 0
5 3 0
5 5 1
4 5 1
6 5 1
0 0 0
board #38 12
3 4 0
3 5 1
2 5 1
4 4 1
1 5 0
1 6 1
5 4 0
5 3 1
6 2 1
0 0 0
board #39 11
2 5 0
3 4 0
3 2 1
4 2 0
4 1 1
5 1 0
2 6 0
0 0 0
board #40 9
3 4 1
2 4 1
4 4 0
4 3 0
3 5 1
4 5 1
5 4 0
5 5 1
6 4 0
6 5 1
1 5 1
0 0 0
board #41 13
3 4 1
2 4 1
4 4 1
5 3 1
1 4 0
1 5 0
1 6 1
2 5 1
6 2 0
6 3 0
6 1 0
5 4 0
4 5 1
5 5 1
6 4 0
6 5 0
6 6 0
0 0 0
board #42 19
2 5 0
3 4 1
2 4 0
2 6 0
3 2 0
3 1 1
4 1 1
5 1 1
2 2 1
6 1 0
5 2 0
4 2 1
4 3 0
0 0 0
board #43 15
3 4 1
2 4 0
2 5 0
2 6 0
3 2 0
3 1 1
4 1 0
0 0 0
board #44 9
3 4 0
3 5 0
3 2 1
4 2 1
2 3 0
2 2 1
5 2 1
1 2 1
6 1 0
6 2 1
0 0 0
board #45 12
3 4 0
3 5 1
2 5 0
1 6 1
2 6 0
3 2 1
4 2 0
4 1 1
5 1 1
6 1 0
5 2 0
0 0 1
board #46 13
3 4 1
2 4 0
2 5 1
1 5 1
4 4 0
4 3 0
4 5 0
3 6 1
4 6 1
5 5 0
5 6 1
3 5 1
6 5 0
6 6 1
0 0 0
board #47 16
3 4 0
3 5 0
3 2 1
4 2 1
5 2 1
2 3 0
2 2 1
1 3 1
6 1 1
0 0 1
board #48 11
3 4 0
3 5 0
3 2 0
2 6 1
3 6 0
4 1 0
0 0 0
board #49 8
3 4 0
3 5 1
2 5 1
4 4 0
4 5 1
5 4 0
5 5 1
6 5 1
1 5 0
1 6 0
2 4 0
3 2 0
3 1 1
4 1 0
0 0 1
board #50 16
2 5 1
3 5 1
1 5 0
1 6 0
2 4 1
1 4 1
4 5 0
4 4 0
4 3 1
3 4 0
3 6 0
3 2 1
4 2 1
5 3 0
5 2 1
6 1 1
2 3 1
0 0 0
board #51 19
3 4 1
2 4 0
2 5 1
1 5 1
4 4 1
5 4 1
6 4 1
0 0 0
board #52 9
3 4 1
2 4 0
2 5 1
1 6 1
4 4 0
4 3 0
4 5 0
3 6 0
3 2 1
4 2 1
5 2 1
2 2 0
2 3 0
2 1 0
0 0 0
board #53 16
3 4 1
2 4 1
4 4 0
4 3 1
5 3 0
5 2 0
3 5 0
6 1 0
2 6 1
3 6 0
0 0 1
board #54 12
3 4 1
2 4 0
2 5 0
1 6 1
2 6 0
3 2 0
3 1 1
4 1 1
5 1 0
4 2 0
0 0 1
board #55 12
3 4 1
2 4 0
2 5 1
1 5 0
1 6 1
4 4 0
4 3 1
5 3 0
5 2 1
6 1 1
0 0 0
board #56 12
3 4 1
2 4 1
4 4 0
4 3 0
3 5 0
3 2 1
4 2 1
5 2 0
5 1 1
6 1 1
2 3 1
1 4 1
0 0 1
board #57 14
3 4 0
3 5 0
3 2 1
4 2 1
5 2 1
2 3 0
2 2 1
1 2 0
1 3 0
1 1 1
2 1 0
3 6 0
0 0 0
board #58 14
3 4 0
3 5 0
3 2 1
4 2 0
4 1 1
5 1 0
2 6 1
3 6 0
0 0 0
board #59 10
2 5 1
3 5 0
3 4 1
4 4 0
4 3 1
5 3 1
1 5 0
1 6 1
6 3 1
0 0 1
board #60 11
2 5 1
3 5 0
3 4 0
2 6 1
3 6 1
4 5 1
1 5 0
1 6 0
2 4 1
1 4 0
2 3 1
1 3 0
2 2 0
2 1 0
0 0 0
board #61 16
3 4 1
2 4 1
4 4 0
4 3 1
5 3 0
5 2 1
6 2 1
1 5 1
0 0 0
board #62 10
3 4 0
3 5 1
2 5 1
4 4 1
1 5 1
5 4 0
5 3 0
5 5 0
5 2 1
4 3 0
5 6 0
3 2 1
4 2 0
4 1 0
0 0 1
board #63 16
3 4 1
2 4 0
2 5 0
2 6 0
3 2 1
4 2 1
5 2 1
2 3 0
2 2 1
1 2 0
1 3 0
1 1 1
2 1 1
6 1 0
6 2 1
0 0 1
board #64 17
3 4 1
2 4 1
4 4 0
4 3 1
5 3 0
5 2 1
6 1 0
6 2 0
3 5 0
2 6 1
3 6 1
4 5 1
1 6 1
5 5 1
6 4 0
6 5 1
0 0 0
board #65 18
3 4 0
3 5 1
2 5 1
4 4 1
1 5 0
1 6 1
5 4 0
5 3 0
5 5 1
4 5 0
3 6 1
4 6 1
6 4 0
6 5 1
0 0 0
board #66 16
3 4 1
2 4 0
2 5 1
1 5 0
1 6 1
4 4 0
4 3 0
4 5 0
4 6 0
3 2 0
3 1 1
4 1 1
5 1 0
5 2 0
0 0 0
board #67 16
3 4 0
3 5 0
3 2 1
4 2 1
5 2 1
2 3 0
2 2 1
1 2 0
1 3 1
6 1 0
6 2 1
0 0 1
board #68 13
3 4 0
3 5 1
2 5 0
2 6 0
3 2 1
4 2 0
5 1 0
0 0 0
board #69 9
3 4 0
3 5 0
3 2 1
4 2 0
5 1 0
2 6 1
3 6 1
1 6 1
4 5 1
5 4 1
6 3 1
0 0 1
board #70 13
3 4 0
3 5 0
3 2 1
4 2 1
5 2 1
2 3 1
6 1 0
6 2 1
1 4 1
0 0 1
board #71 11
3 4 1
2 4 1
4 4 1
5 4 1
1 4 0
1 5 1
6 3 1
0 0 1
board #72 9
3 4 0
3 5 1
2 5 0
2 6 0
3 2 1
4 2 1
5 2 1
2 3 1
6 2 1
1 3 0
1 4 1
0 0 0
board #73 13
3 4 1
2 4 0
2 5 1
1 5 1
4 4 0
4 3 0
4 5 0
3 6 0
3 2 1
4 2 0
4 1 1
5 1 0
0 0 1
board #74 14
3 4 0
3 5 1
2 5 1
4 4 0
4 5 0
3 6 0
3 2 0
3 1 0
0 0 0
board #75 10
3 4 0
3 5 1
2 5 0
1 6 1
2 6 0
3 2 1
4 2 1
5 2 0
4 3 1
5 3 0
4 4 0
5 1 1
6 1 1
2 3 0
2 2 1
1 3 1
0 0 0
board #76 18
3 4 1
2 4 0
2 5 0
2 6 0
3 2 1
4 2 0
5 1 0
0 0 1
board #77 9
3 4 1
2 4 1
4 4 0
4 3 0
3 5 1
4 5 1
5 4 1
1 4 0
1 5 0
1 6 0
2 3 0
2 2 1
3 2 1
4 2 0
5 1 0
0 0 0
board #78 17
3 4 1
2 4 1
4 4 0
4 3 1
5 3 1
6 2 0
6 3 0
6 1 1
5 2 0
5 1 1
4 2 1
1 4 0
1 5 1
0 0 1
board #79 15
3 4 1
2 4 0
2 5 0
1 6 1
2 6 0
3 2 1
4 2 1
2 2 1
5 2 0
4 3 1
5 3 0
5 1 1
6 1 0
4 4 1
5 4 1
6 3 0
6 4 0
5 5 1
6 5 1
1 2 0
1 3 1
0 0 0
board #80 23
3 4 0
3 5 0
3 2 1
4 2 1
5 2 0
4 3 1
5 3 1
2 3 0
2 2 1
1 2 1
6 3 1
0 0 1
board #81 13
3 4 1
2 4 0
2 5 1
1 5 1
4 4 1
5 3 1
6 3 1
0 0 0
board #82 9
3 4 0
3 5 0
3 2 1
4 2 1
5 2 1
2 3 0
2 2 1
1 2 0
1 3 0
2 1 0
3 6 0
0 0 1
board #83 13
3 4 1
2 4 0
2 5 1
1 5 0
1 6 0
4 2 1
3 2 1
5 2 0
4 3 0
5 1 0
0 0 0
board #84 12
3 4 1
2 4 0
2 5 1
1 5 0
1 6 0
3 2 0
3 1 1
4 1 0
0 0 1
board #85 10
2 5 1
3 5 1
4 4 0
4 5 1
5 4 0
5 5 0
4 6 0
4 3 1
3 4 0
3 2 1
4 2 0
4 1 0
0 0 0
board #86 14
3 4 0
3 5 0
3 2 1
4 2 1
5 2 0
4 3 0
5 1 1
6 1 0
2 6 1
3 6 1
1 6 0
2 5 0
0 0 0
board #87 14
3 4 0
3 5 1
2 5 1
4 4 0
4 5 1
5 4 0
5 5 0
4 6 0
3 2 1
4 2 1
5 2 1
2 3 1
6 1 0
6 2 1
1 3 1
0 0 0
board #88 17
3 4 1
2 4 1
4 4 0
4 3 1
5 3 1
6 2 0
6 3 1
1 4 1
0 0 0
board #89 10
3 4 0
3 2 0
3 5 1
2 5 1
4 4 0
4 5 0
3 6 0
3 1 1
4 1 1
5 1 0
4 2 1
5 2 1
2 2 1
6 1 1
1 2 1
0 0 1
board #90 17
3 4 0
3 5 0
3 2 0
2 6 1
3 6 0
3 1 1
4 1 1
5 1 1
2 2 1
6 1 0
5 2 0
4 2 1
4 3 0
0 0 1
board #91 15
3 4 0
3 5 0
3 2 1
4 2 1
5 2 0
4 3 0
6 1 0
3 6 0
0 0 0
board #92 10
3 4 1
2 4 1
4 4 0
4 3 1
5 3 1
6 3 1
1 4 0
1 5 0
1 6 0
2 3 0
4 2 1
2 2 1
3 2 0
3 1 0
0 0 0
board #93 16
3 4 0
3 5 0
3 2 1
4 2 1
2 3 1
5 2 0
4 3 0
5 1 0
2 6 0
0 0 1
board #94 11
3 4 0
3 5 1
2 5 1
4 4 0
4 5 0
4 6 0
3 2 1
4 2 1
5 2 1
2 3 1
6 1 0
6 2 1
1 3 0
1 4 1
0 0 0
board #95 16
3 4 0
3 5 1
2 5 1
4 4 0
4 5 1
5 4 0
5 5 0
4 6 1
5 6 0
3 2 0
3 1 0
0 0 0
board #96 13
3 4 1
2 4 1
4 4 1
5 4 1
1 4 1
6 3 0
6 4 0
6 2 1
5 3 1
0 0 1
board #97 11
3 4 1
2 4 0
2 5 1
1 5 1
4 4 1
5 4 1
6 3 0
6 4 1
0 0 1
board #98 10
3 4 1
2 4 0
2 5 0
1 6 1
2 6 0
3 2 1
4 2 1
5 2 0
4 3 0
5 1 1
6 1 0
0 0 0
board #99 13
3 4 1
2 4 1
4 4 0
4 3 1
5 3 0
5 2 1
6 1 1
1 5 1
0 0 1
board #100 10
3 4 1
2 4 0
2 5 1
1 5 1
4 4 1
5 3 1
6 2 0
6 3 1
0 0 0
board #101 10
3 4 1
2 4 1
4 4 0
4 3 0
3 5 0
3 2 1
4 2 0
4 1 1
5 1 1
6 1 1
2 3 0
2 2 0
3 1 0
2 6 1
3 6 1
1 6 1
4 5 0
4 6 1
5 5 1
6 4 0
6 5 0
5 4 0
6 6 0
0 0 1
board #102 25
3 4 1
2 4 1
4 4 0
4 3 1
5 3 0
5 2 0
3 5 1
4 5 0
5 1 1
6 1 0
4 6 0
0 0 1
board #103 13
3 4 1
2 4 0
2 5 0
1 6 0
3 2 1
4 2 0
4 1 1
5 1 0
0 0 0
board #104 10
2 5 0
3 4 0
3 2 1
4 2 0
4 1 1
5 1 0
1 6 0
0 0 0
board #105 9
3 4 1
2 4 1
4 4 1
5 4 0
5 3 1
6 3 1
1 4 0
1 5 1
0 0 1
board #106 10
3 4 1
2 4 0
2 5 0
1 6 0
3 2 1
4 2 0
4 1 1
5 1 0
0 0 1
board #107 10
3 4 0
3 5 0
3 2 0
2 6 1
3 6 0
3 1 1
4 1 1
5 1 0
4 2 1
5 2 0
4 3 0
0 0 1
board #108 13
3 4 1
2 4 0
2 5 1
1 5 0
1 6 0
3 2 0
3 1 1
4 1 0
0 0 0
board #109 10
3 4 0
3 5 1
2 5 1
4 4 1
1 5 0
1 6 1
5 4 0
5 3 1
6 2 0
6 3 1
0 0 1
board #110 12
3 4 1
2 4 1
4 4 1
5 4 1
1 4 1
6 3 0
6 4 0
6 2 0
5 5 1
6 5 1
0 0 0
board #111 12
3 4 1
2 4 0
2 5 1
1 5 1
4 4 0
4 3 1
5 3 1
6 3 1
0 0 1
board #112 10
3 4 1
2 4 1
4 4 0
4 3 0
3 5 0
3 2 1
4 2 1
5 2 1
2 3 1
6 1 1
1 4 1
0 0 0
board #113 13
3 4 1
2 4 1
4 4 0
4 3 0
3 5 0
3 2 0
2 6 1
3 6 0
4 1 0
0 0 1
board #114 11
3 4 0
3 5 0
3 2 0
2 6 1
3 6 0
3 1 1
4 1 1
5 1 1
2 2 0
2 1 0
0 0 0
board #115 12
2 5 1
3 5 0
3 4 0
4 2 0
2 6 1
3 6 1
4 5 1
1 6 1
5 4 1
6 4 1
0 0 1
board #116 12
3 4 0
3 5 0
4 2 0
2 6 1
3 6 0
5 1 0
0 0 0
board #117 8
3 4 0
3 5 0
3 2 1
4 2 0
4 1 0
2 6 1
3 6 1
1 6 0
2 5 1
1 5 1
4 5 1
5 4 0
5 5 1
6 4 1
0 0 0
board #118 16
3 4 1
2 4 0
2 5 1
1 6 1
4 4 0
4 3 1
5 3 0
5 2 0
4 5 0
5 1 1
6 1 1
4 2 0
4 1 0
3 6 1
4 6 0
0 0 1
board #119 17
3 4 1
2 4 1
4 4 0
4 3 1
5 3 1
6 2 0
6 3 1
1 4 0
1 5 1
0 0 1
board #120 11
3 4 0
3 5 1
2 5 1
4 4 1
1 6 1
5 4 1
6 3 1
0 0 0
board #121 9
3 4 1
2 4 1
4 4 1
5 4 1
1 4 1
6 3 1
0 0 0
board #122 8
3 4 0
3 5 0
3 2 1
4 2 1
5 2 1
2 3 1
6 1 0
6 2 1
1 3 0
1 4 1
0 0 1
board #123 12
3 4 0
3 5 0
4 2 0
2 6 1
3 6 1
1 6 1
4 5 1
5 5 1
6 4 0
6 5 1
0 0 0
board #124 12
3 4 1
2 4 0
2 5 0
1 6 1
2 6 0
3 2 1
4 2 0
4 1 1
5 1 0
0 0 1
board #125 11
3 4 1
2 4 0
2 5 0
2 6 0
3 2 1
4 2 1
5 2 1
2 2 1
1 2 0
1 3 0
1 1 1
2 1 1
6 1 1
0 0 1
board #126 15
3 4 1
2 4 1
4 4 0
4 3 1
5 3 0
5 2 1
6 2 1
1 5 1
0 0 0
board #127 10
3 4 1
2 4 0
2 5 1
1 5 0
1 6 1
4 4 1
5 3 1
6 2 0
6 3 0
6 1 0
6 4 0
5 5 1
6 5 1
5 4 1
0 0 0
board #128 16
2 5 0
3 4 0
3 2 0
1 6 0
4 1 0
0 0 0
board #129 7
3 4 0
3 5 1
2 5 1
4 4 1
1 5 1
5 4 0
5 3 1
6 3 1
0 0 0
board #130 10
3 4 1
2 4 1
4 4 0
4 3 0
3 5 1
4 5 0
4 6 0
3 2 1
4 2 0
4 1 0
0 0 0
board #131 12
3 4 1
2 4 0
2 5 1
1 5 1
4 4 1
5 3 1
6 2 0
6 3 1
0 0 0
board #132 10
3 4 1
2 4 1
4 4 1
5 4 1
1 4 1
6 3 0
6 4 0
5 5 0
6 2 0
6 1 0
4 6 1
5 6 1
4 5 0
3 6 1
3 5 0
2 6 1
6 5 0
6 6 0
0 0 1
board #133 20
2 5 0
3 4 1
2 4 1
4 4 0
4 3 0
3 5 1
4 5 1
5 4 1
1 4 0
1 5 1
6 4 1
0 0 1
board #134 13
3 4 1
2 4 1
4 4 1
5 4 0
5 3 1
6 2 1
1 4 0
1 5 1
0 0 0
board #135 10
3 4 0
3 5 1
2 5 1
4 4 1
1 5 0
1 6 0
2 4 0
3 2 1
4 2 0
4 1 1
5 1 0
0 0 1
board #136 13
3 4 0
3 5 0
3 2 0
2 6 1
3 6 1
1 6 0
2 5 1
1 5 0
2 4 1
1 4 1
4 5 1
5 4 0
5 5 0
4 4 0
4 6 1
5 6 0
3 1 1
4 1 1
5 1 1
6 1 0
5 2 1
6 2 0
6 3 0
0 0 1
board #137 25
2 5 1
3 5 0
3 4 0
3 6 0
4 2 0
4 1 0
0 0 0
board #138 8
3 4 0
3 5 0
3 2 0
2 6 1
3 6 0
4 1 0
0 0 0
board #139 8
3 4 0
3 5 1
2 5 0
1 6 0
4 2 0
4 1 1
5 1 1
6 1 1
3 2 1
2 3 0
2 2 0
2 1 0
0 0 0
board #140 14
3 4 0
3 5 1
2 5 0
1 6 1
2 6 1
4 4 1
5 4 0
5 3 0
5 5 0
5 2 0
5 6 0
6 1 0
0 0 0
board #141 14
3 4 0
3 5 1
2 5 1
4 4 0
4 5 1
5 4 1
1 5 0
1 6 1
6 3 0
6 4 1
0 0 1
board #142 12
3 4 0
3 5 0
3 2 1
4 2 1
5 2 0
4 3 0
5 1 1
6 1 0
2 6 1
3 6 0
0 0 1
board #143 12
3 4 1
2 4 1
4 4 1
5 4 0
5 3 0
4 5 0
5 2 0
5 1 1
6 1 1
4 2 0
4 1 0
4 6 0
0 0 0
board #144 14
3 4 1
2 4 0
2 5 0
1 6 1
2 6 1
3 5 1
4 5 0
4 4 1
5 4 0
5 3 0
5 2 1
4 3 1
6 1 0
6 2 0
3 6 1
4 6 0
0 0 0
board #145 18
3 4 0
3 5 1
2 5 0
1 6 1
2 6 1
4 4 0
4 5 0
3 6 1
4 6 0
3 2 1
4 2 1
5 2 0
5 1 1
6 1 0
5 3 0
0 0 1
board #146 17
2 5 1
3 5 0
3 4 0
3 2 0
2 6 1
3 6 0
4 1 0
0 0 0
board #147 9
3 4 1
2 4 1
4 4 0
4 3 1
5 3 0
5 2 1
6 1 1
1 4 1
0 0 0
board #148 10
3 4 1
2 4 1
4 4 0
4 3 1
5 3 1
6 2 1
1 5 1
0 0 0
board #149 9
3 4 1
2 4 0
2 5 1
1 5 1
4 4 1
5 4 0
5 3 0
4 5 0
5 2 1
4 3 1
6 1 0
6 2 1
0 0 1
board #150 14
3 4 0
3 5 0
3 2 0
2 6 0
3 1 1
4 1 1
5 1 0
4 2 0
0 0 1
board #151 10
3 4 0
3 5 1
2 5 1
4 5 1
1 5 1
5 4 1
6 3 1
0 0 1
board #152 9
3 4 1
2 4 0
2 5 0
1 6 1
2 6 1
3 5 0
3 6 0
3 2 0
3 1 1
4 1 0
0 0 0
board #153 12
3 4 0
3 5 1
2 5 0
1 6 1
2 6 1
4 4 1
5 4 1
6 3 0
6 4 1
0 0 0
board #154 11
3 4 0
3 5 0
3 2 1
4 2 1
5 2 0
4 3 1
5 3 1
2 3 0
2 2 0
2 1 0
2 6 1
3 6 0
0 0 1
board #155 14
3 4 0
3 5 0
3 2 1
4 2 0
5 1 0
2 6 1
3 6 1
1 6 1
4 5 0
4 6 0
0 0 0
board #156 12
3 4 0
3 5 1
2 5 0
2 6 0
3 2 0
3 1 1
4 1 1
5 1 1
2 2 1
6 1 1
1 2 0
1 3 0
2 3 1
1 4 0
1 1 1
2 1 0
2 4 0
0 0 0
board #157 19
2 5 0
3 4 0
3 2 1
4 2 0
4 1 1
5 1 0
1 6 1
2 6 0
0 0 0
board #158 10
3 4 0
3 5 1
2 5 0
1 6 0
3 2 1
4 2 0
4 1 1
5 1 1
6 1 1
2 3 1
1 4 1
0 0 0
board #159 13
3 4 0
3 5 0
3 2 0
2 6 1
3 6 0
4 1 0
0 0 0
board #160 8
3 4 1
2 4 1
4 4 0
4 3 0
3 5 0
3 2 0
2 6 0
4 1 0
0 0 1
board #161 10
3 4 1
2 4 1
4 4 0
4 3 0
3 5 0
3 2 1
4 2 0
4 1 1
5 1 0
3 6 0
0 0 1
board #162 12
2 5 0
3 4 1
2 4 0
1 6 0
3 2 0
4 1 0
0 0 1
board #163 8
3 4 1
2 4 0
2 5 1
1 5 1
4 4 0
4 3 0
4 5 0
4 6 0
3 2 1
4 2 0
4 1 1
5 1 0
0 0 0
board #164 14
3 4 0
3 5 1
2 5 0
1 6 1
2 6 1
4 5 1
5 5 1
6 4 0
6 5 1
0 0 0
board #165 11
3 4 0
3 5 0
3 2 1
4 2 0
4 1 1
5 1 0
2 6 1
3 6 0
0 0 0
board #166 10
3 4 0
3 5 1
2 5 0
1 6 1
2 6 1
4 4 0
4 5 1
5 4 0
5 5 1
6 4 0
6 5 1
0 0 1
board #167 13
3 4 1
2 4 1
4 4 0
4 3 1
5 3 0
5 2 0
3 5 1
4 5 0
5 1 1
6 1 0
3 6 1
4 6 0
0 0 0
board #168 14
3 4 1
2 4 1
4 3 0
4 4 1
5 3 1
1 4 0
1 5 0
1 6 0
2 3 0
2 2 1
3 2 0
3 1 0
0 0 1
board #169 14
3 4 1
2 4 1
4 4 1
5 4 1
1 4 1
6 3 0
6 4 0
6 2 0
5 5 1
6 5 0
6 1 0
5 6 0
0 0 1
board #170 14
3 4 0
3 5 1
2 5 0
1 6 1
2 6 0
3 2 0
3 1 1
4 1 0
0 0 1
board #171 10
2 5 1
3 5 0
3 4 1
4 4 0
4 3 1
5 3 1
1 6 1
6 3 1
0 0 1
board #172 10
2 5 0
3 4 1
2 4 1
4 4 0
4 3 0
3 5 1
4 5 1
5 4 1
1 4 0
1 5 0
2 3 1
1 3 0
2 2 0
2 6 0
2 1 1
3 1 1
3 2 0
4 1 1
5 1 1
6 1 1
1 1 0
1 2 1
0 0 1
board #173 24
3 4 1
2 4 1
4 4 0
4 3 1
5 3 1
1 4 0
1 5 1
6 3 1
0 0 0
board #174 10
3 4 1
2 4 0
2 5 1
1 5 0
1 6 0
3 2 0
3 1 1
4 1 0
0 0 1
board #175 10
3 4 1
2 4 1
4 4 0
4 3 0
3 5 0
3 2 1
4 2 0
5 1 0
2 6 1
3 6 1
1 6 1
4 5 0
4 6 0
0 0 1
board #176 15
3 4 0
3 5 0
3 2 1
4 2 0
4 1 0
2 6 1
3 6 0
0 0 0
board #177 9
3 4 0
3 5 1
2 5 1
4 4 1
1 5 1
5 4 0
5 3 0
5 2 1
4 3 0
5 5 1
4 5 0
3 6 1
4 6 0
3 2 0
4 1 0
0 0 1
board #178 17
3 4 1
2 4 0
2 5 0
3 2 1
4 2 0
2 6 0
4 1 1
5 1 0
0 0 0
board #179 10
3 4 1
2 4 0
2 5 0
2 6 0
3 2 0
3 1 1
4 1 1
5 1 0
4 2 1
5 2 0
4 3 1
2 2 1
5 3 0
4 4 0
3 5 1
4 5 0
3 6 1
4 6 0
0 0 0
board #180 20
3 4 0
3 5 0
3 2 0
3 6 0
3 1 1
4 1 0
0 0 0
board #181 8
3 4 1
2 4 0
2 5 1
1 6 1
4 4 1
5 4 1
6 4 1
0 0 0
board #182 9
3 4 0
3 5 0
3 2 0
2 6 0
3 1 1
4 1 0
0 0 1
board #183 8
3 4 1
2 4 1
4 4 0
4 3 1
5 3 0
5 2 1
6 1 1
1 4 0
1 5 1
0 0 0
board #184 11
2 5 0
2 4 0
3 2 0
1 6 1
2 6 1
3 5 0
3 6 1
4 5 0
4 6 0
3 1 1
4 1 0
0 0 1
board #185 13
3 4 1
2 4 1
4 4 0
4 3 1
5 3 0
5 2 0
3 5 1
4 5 1
5 5 1
6 5 1
1 5 1
0 0 0
board #186 13
3 4 1
2 4 1
4 4 0
4 3 0
3 5 0
3 2 0
2 6 0
4 1 0
0 0 0
board #187 10
3 4 0
3 5 1
2 5 0
1 6 1
2 6 0
3 2 0
3 1 1
4 1 0
0 0 1
board #188 10
3 4 1
2 4 1
4 4 0
4 3 0
3 5 1
4 5 1
5 4 0
5 5 1
6 4 1
1 4 0
1 5 0
1 6 1
2 6 1
0 0 1
board #189 15
3 4 0
3 5 0
3 2 0
3 6 0
3 1 1
4 1 1
5 1 0
4 2 1
5 2 1
2 2 1
6 1 0
6 2 0
5 3 1
6 3 0
5 4 1
6 4 0
5 5 1
6 5 1
1 2 1
0 0 0
board #190 21
2 5 0
3 4 1
2 4 1
4 4 1
5 3 1
1 4 1
6 2 1
0 0 0
board #191 9
3 4 0
3 5 1
2 5 1
4 4 1
1 5 1
5 4 0
5 3 1
6 3 1
0 0 0
board #192 10
2 5 1
3 5 1
4 5 0
4 4 0
4 3 1
3 4 0
4 6 0
3 2 0
4 1 0
0 0 1
board #193 11
3 4 1
2 4 1
4 4 1
5 4 0
5 3 1
6 2 1
1 5 1
0 0 1
board #194 9
3 4 0
3 5 0
3 2 1
4 2 1
5 2 0
4 3 0
5 1 1
6 1 1
2 3 1
1 4 1
0 0 0
board #195 12
3 4 0
3 5 1
2 5 1
4 4 0
4 5 0
3 6 1
4 6 1
5 5 0
5 6 1
6 6 1
1 5 0
1 6 0
2 4 0
3 2 0
3 1 1
4 1 0
0 0 1
board #196 18
3 4 0
3 5 1
2 5 0
1 6 0
3 2 1
4 2 0
4 1 1
5 1 1
6 1 1
2 3 1
1 3 1
0 0 1
board #197 13
3 4 1
2 4 0
2 5 1
1 5 0
1 6 1
4 4 0
4 3 0
4 5 0
4 6 0
3 2 1
4 2 0
4 1 1
5 1 1
6 1 0
5 2 1
6 2 0
5 3 1
6 3 1
2 2 0
2 3 1
1 3 0
1 4 0
3 1 0
0 0 1
board #198 25
3 4 1
2 4 1
4 4 1
5 4 1
1 4 0
1 5 0
1 6 0
2 3 0
2 2 1
4 2 0
4 1 0
0 0 1
board #199 13
3 4 0
3 5 0
3 2 1
4 2 1
5 2 0
4 3 0
5 1 1
6 1 0
2 6 1
3 6 1
1 6 0
2 5 1
1 5 1
4 5 0
4 6 1
5 5 0
5 6 0
0 0 0
board #200 19
3 4 0
3 5 1
2 5 1
4 4 0
4 5 0
3 6 0
3 2 0
3 1 0
0 0 0
board #201 10
3 4 1
2 4 1
4 4 1
5 4 1
1 4 0
1 5 1
6 3 1
0 0 0
board #202 9
2 5 0
2 4 0
3 2 1
4 2 1
5 2 0
4 3 1
5 3 0
5 1 1
6 1 1
2 2 1
1 2 1
0 0 1
board #203 13
3 4 1
2 4 1
4 4 1
5 4 1
1 4 1
6 3 0
6 4 0
6 2 0
5 5 1
6 5 1
0 0 0
board #204 12
3 4 0
3 5 1
2 5 0
1 6 1
2 6 1
4 4 0
4 5 0
3 6 1
4 6 0
3 2 1
4 2 0
5 1 0
0 0 1
board #205 14
3 4 1
2 4 1
4 4 0
4 3 0
3 5 1
4 5 1
5 4 1
1 4 0
1 5 0
1 6 1
2 5 1
6 3 0
6 4 1
0 0 0
board #206 15
3 4 0
3 5 0
3 2 0
2 6 0
3 1 1
4 1 1
5 1 0
4 2 1
5 2 0
4 3 1
5 3 0
4 4 0
0 0 0
board #207 14
3 4 1
2 4 0
2 5 1
1 6 1
4 4 0
4 3 1
5 3 0
5 2 0
4 5 0
5 1 1
6 1 0
3 6 1
4 6 0
0 0 0
board #208 15
2 5 0
2 4 0
2 6 0
3 2 0
3 1 1
4 1 1
2 2 0
2 1 1
5 1 0
4 2 1
5 2 1
1 1 1
6 1 0
6 2 0
5 3 1
6 3 0
5 4 1
6 4 0
5 5 1
6 5 0
5 6 1
6 6 1
0 0 1
board #209 24
3 4 0
3 5 1
2 5 1
4 4 1
1 6 1
5 4 1
6 3 1
0 0 1
board #210 9
3 4 1
2 4 1
4 4 1
5 4 0
5 3 1
6 3 1
1 4 0
1 5 1
0 0 1
board #211 10
3 4 1
2 4 1
4 4 0
4 3 0
3 5 0
3 2 1
5 2 0
6 1 0
3 6 0
0 0 0
board #212 11
3 4 1
2 4 0
2 5 1
1 5 1
4 4 0
4 3 0
4 5 1
3 5 0
3 6 0
3 2 0
4 1 0
0 0 0
board #213 13
3 4 1
2 4 1
4 4 0
4 3 0
3 5 1
4 5 1
5 4 0
5 5 0
5 6 0
3 2 1
4 2 0
4 1 1
5 1 0
0 0 1
board #214 15
3 4 1
2 4 0
2 5 1
1 5 0
1 6 1
4 4 1
5 4 1
6 3 0
6 4 0
6 2 0
5 5 0
6 1 1
5 2 0
5 1 0
4 6 0
0 0 0
board #215 17
3 4 0
3 5 0
3 2 0
2 6 1
3 6 1
1 6 0
2 5 1
1 5 0
2 4 1
1 4 1
4 5 1
5 4 0
5 5 1
6 4 0
6 5 0
4 4 1
5 3 0
6 6 0
4 3 0
3 1 1
4 1 0
0 0 1
board #216 23
3 4 1
2 4 0
2 5 1
1 5 0
1 6 0
3 2 0
3 1 0
0 0 1
board #217 9
3 4 0
3 5 0
3 2 0
2 6 1
3 6 1
1 6 1
4 5 1
5 4 0
5 5 0
4 4 0
5 6 0
3 1 1
4 1 1
5 1 1
6 1 1
2 2 0
2 1 1
1 1 0
1 2 0
0 0 1
board #218 21
3 4 0
3 5 0
3 2 0
2 6 1
3 6 0
4 1 0
0 0 0
board #219 8
3 4 0
3 5 1
2 5 0
2 6 0
3 2 1
4 2 1
5 2 1
2 3 1
6 1 1
1 4 1
0 0 0
board #220 12
2 5 1
3 5 1
4 5 1
1 5 1
5 4 1
6 3 0
6 4 0
6 5 1
5 5 0
6 2 1
5 3 0
5 2 0
4 6 1
5 6 1
0 0 0
board #221 16
3 4 1
2 4 1
4 4 1
5 4 0
5 3 1
6 2 0
6 3 1
1 5 1
0 0 0
board #222 10
3 4 0
3 5 0
3 2 1
4 2 0
4 1 1
5 1 1
6 1 1
2 3 0
2 2 1
1 2 1
0 0 0
board #223 12
3 4 1
2 4 0
2 5 0
1 6 0
3 2 0
3 1 0
0 0 0
board #224 8
3 4 0
3 5 1
2 5 1
4 4 1
1 6 1
5 4 0
5 3 0
5 5 0
5 2 0
5 6 0
5 1 1
6 1 1
4 2 1
4 3 0
3 2 0
3 1 1
4 1 1
2 2 1
1 2 0
1 3 0
2 3 1
2 4 1
0 0 1
board #225 24
3 4 1
2 4 1
4 4 1
5 4 0
5 3 0
4 5 1
5 5 0
5 2 0
4 6 1
5 6 0
5 1 0
0 0 1
board #226 13
3 4 1
2 4 1
4 4 1
5 4 1
1 4 0
1 5 0
1 6 0
2 3 1
1 3 1
6 4 1
0 0 0
board #227 12
3 4 0
3 5 1
2 5 0
1 6 1
2 6 1
4 4 1
5 4 0
5 3 0
5 5 0
5 2 0
4 6 1
5 6 0
5 1 1
6 1 0
0 0 0
board #228 16
3 4 0
3 5 0
3 2 1
4 2 1
5 2 0
4 3 0
5 1 1
6 1 1
2 3 1
1 3 1
0 0 0
board #229 12
2 5 0
3 4 1
2 4 0
2 6 0
3 2 0
3 1 1
4 1 1
5 1 1
2 2 1
6 1 0
5 2 0
4 3 0
0 0 0
board #230 14
3 4 1
2 4 1
4 4 0
4 3 0
3 5 0
3 2 1
4 2 1
5 2 1
2 3 0
2 2 1
6 1 0
6 2 0
5 3 0
2 6 0
0 0 1
board #231 16
3 4 1
2 4 0
2 5 1
1 6 1
4 4 1
5 4 0
5 3 1
6 2 0
6 3 1
0 0 1
board #232 11
3 4 1
2 4 0
2 5 1
1 5 0
1 6 1
4 4 0
4 3 0
4 5 0
3 6 1
4 6 1
5 5 0
5 6 1
3 5 1
6 5 0
6 6 0
3 2 1
4 2 1
5 2 0
5 1 0
0 0 1
board #233 21
3 4 0
3 5 0
3 2 0
2 6 0
3 1 0
0 0 1
board #234 7
3 4 0
3 5 1
2 5 1
4 4 0
4 5 0
3 6 1
4 6 0
3 2 1
4 2 1
5 2 1
2 3 1
6 1 0
6 2 1
1 3 0
1 4 1
0 0 1
board #235 17
3 4 0
3 5 0
3 2 0
2 6 1
3 6 0
3 1 1
4 1 0
0 0 0
board #236 9
3 4 0
3 5 0
3 2 1
4 2 0
4 1 1
5 1 1
6 1 0
5 2 0
3 6 0
0 0 0
board #237 11
3 4 0
3 5 0
3 2 0
3 6 0
3 1 0
0 0 0
board #238 7
3 4 1
2 4 1
4 4 0
4 3 0
3 5 1
4 5 0
3 6 0
3 2 1
4 2 0
4 1 1
5 1 1
6 1 0
5 2 1
6 2 1
2 3 1
1 5 1
0 0 1
board #239 18
3 4 1
2 4 0
2 5 0
1 6 0
3 2 1
4 2 0
4 1 0
0 0 1
board #240 9
3 4 1
2 4 1
4 4 1
5 4 0
5 3 0
4 5 0
5 2 0
5 1 0
3 6 1
4 6 0
0 0 1
board #241 12
3 4 1
2 4 1
4 4 0
4 3 1
5 3 0
5 2 0
3 5 0
5 1 1
6 1 0
2 6 0
0 0 0
board #242 12
3 4 0
3 5 0
3 2 1
4 2 0
4 1 0
2 6 0
0 0 0
board #243 8
3 4 0
3 5 1
2 5 1
4 4 1
1 5 0
1 6 1
5 4 1
6 3 0
6 4 0
6 2 1
5 3 0
5 2 1
4 3 0
5 5 0
3 2 0
4 6 0
4 1 0
0 0 1
board #244 19
3 4 0
3 5 1
2 5 1
4 4 0
4 5 1
5 4 1
1 6 1
6 3 0
6 4 0
5 3 1
6 2 1
0 0 0
board #245 13
3 4 1
2 4 1
4 4 1
5 4 0
5 3 1
6 3 1
1 5 1
0 0 1
board #246 9
3 4 0
3 5 0
3 2 1
4 2 1
2 3 0
2 2 0
3 1 0
2 6 0
0 0 1
board #247 10
3 4 1
2 4 0
2 5 0
1 6 1
2 6 0
3 2 0
4 1 0
0 0 1
board #248 9
3 4 1
2 4 1
4 4 0
4 3 1
5 3 1
6 3 1
1 5 1
0 0 0
board #249 9
3 4 0
3 5 1
2 5 0
1 6 1
2 6 0
3 2 0
3 1 1
4 1 1
5 1 1
2 2 0
2 1 0
0 0 0
board #250 13
3 4 1
2 4 0
2 5 0
1 6 1
2 6 0
3 2 0
3 1 0
0 0 0
board #251 9
3 4 0
3 5 1
2 5 0
1 6 1
2 6 1
4 4 0
4 5 0
4 6 0
3 2 1
4 2 1
5 2 0
5 1 0
4 3 1
5 3 0
0 0 1
board #252 16
3 4 1
2 4 1
4 4 1
5 4 0
5 3 1
6 2 1
1 4 0
1 5 0
1 6 0
2 3 0
2 2 1
4 2 1
3 2 0
3 1 1
4 1 1
5 2 1
1 2 0
1 3 1
0 0 1
board #253 20
3 4 1
2 4 1
4 4 1
5 4 0
5 3 0
4 5 0
