4 5 0
4 6 0
4 3 1
5 3 0
5 2 0
4 7 0
4 8 0
5 1 1
6 1 0
0 0 1
board #1 11
4 5 0
4 6 1
3 6 1
5 5 1
2 6 1
6 5 0
6 4 1
7 4 1
1 6 0
1 7 1
8 4 1
0 0 1
board #2 13
4 5 0
4 6 1
3 6 1
5 5 0
5 6 0
4 7 0
4 3 1
5 3 1
3 4 0
3 3 1
6 3 0
6 2 0
5 4 0
6 1 1
7 1 1
8 1 0
7 2 0
3 8 1
4 8 1
5 7 0
5 8 1
6 7 0
6 8 0
0 0 1
board #3 25
4 5 1
3 5 0
3 6 1
2 6 0
2 7 0
1 8 1
2 8 1
3 7 0
3 8 0
4 3 1
5 3 0
5 2 0
5 1 0
0 0 1
board #4 15
4 5 1
3 5 0
3 6 0
3 7 0
4 3 1
5 3 0
5 2 0
2 8 0
5 1 1
6 1 1
4 2 0
4 1 1
3 2 0
3 1 1
7 1 0
6 2 0
0 0 1
board #5 18
4 5 0
4 6 1
3 6 0
3 7 1
2 7 1
5 5 0
5 6 0
5 7 0
4 8 0
4 3 0
4 2 1
5 2 1
6 2 0
5 3 0
7 1 0
0 0 1
board #6 17
4 5 1
3 5 1
5 5 0
5 4 0
4 6 0
4 7 0
4 3 1
5 3 1
6 3 1
3 4 1
7 3 1
8 2 1
2 4 0
2 6 1
1 6 0
1 7 1
0 0 1
board #7 18
4 5 1
3 5 0
3 6 1
2 6 0
2 7 1
1 7 1
5 5 0
5 4 0
5 6 0
5 7 0
4 8 1
5 8 0
4 3 1
5 3 1
6 3 1
3 3 1
7 3 1
2 3 1
8 2 1
1 3 0
1 4 0
2 4 1
1 5 1
0 0 0
board #8 25
3 6 1
4 6 1
2 6 0
2 7 0
3 5 0
1 8 0
4 3 1
5 3 1
3 3 1
6 3 0
5 4 0
6 2 0
6 1 1
7 1 1
5 2 1
8 1 0
7 2 1
8 2 0
7 3 1
8 3 0
7 4 1
8 4 0
7 5 1
8 5 1
2 4 1
1 4 0
1 5 1
0 0 1
board #9 29
4 6 0
4 5 0
4 3 1
5 3 0
5 2 0
4 7 0
6 1 0
3 8 1
4 8 0
0 0 1
board #10 11
4 5 0
4 6 1
3 6 1
5 5 0
5 6 1
6 5 0
6 6 1
7 5 1
2 6 0
2 7 0
3 5 0
1 8 1
2 8 0
4 3 1
5 3 0
5 2 1
6 2 0
6 1 1
7 1 1
8 1 0
7 2 0
0 0 0
board #11 23
4 5 0
4 3 0
4 6 0
4 7 1
3 7 1
5 6 0
5 7 1
6 6 1
2 7 1
1 7 0
1 8 0
2 6 1
1 6 1
7 5 0
7 6 0
6 5 1
7 4 0
6 4 1
7 3 0
7 7 0
7 2 1
6 3 1
8 2 1
0 0 0
board #12 25
4 5 0
4 6 0
4 3 1
5 3 1
3 4 0
3 3 0
4 2 1
3 2 1
2 3 0
2 2 0
2 1 1
3 1 1
1 1 0
1 2 1
6 3 1
7 3 1
8 2 0
8 3 0
8 1 1
7 2 0
7 1 0
7 4 1
8 4 0
7 5 0
6 6 1
6 5 1
7 6 1
8 5 1
0 0 0
board #13 30
4 5 1
3 5 1
5 5 1
6 5 0
6 4 1
7 4 1
2 5 0
2 6 0
3 4 0
2 7 1
3 6 0
3 7 1
4 6 1
1 7 0
1 8 1
8 3 0
8 4 0
7 5 0
8 2 1
7 3 1
0 0 0
board #14 22
4 5 0
4 6 0
4 3 0
4 7 1
3 7 1
5 6 0
5 7 1
6 6 1
2 7 1
1 7 1
7 5 1
8 4 0
8 5 1
0 0 0
board #15 15
4 5 1
3 5 0
3 6 1
2 6 1
5 4 0
5 5 0
5 6 0
5 7 1
4 7 1
6 6 0
6 7 1
7 6 1
3 7 1
1 6 1
8 5 0
8 6 1
0 0 1
board #16 18
4 5 1
3 5 0
3 6 1
2 6 1
5 4 1
6 4 1
7 4 1
1 7 1
8 3 0
8 4 1
0 0 1
board #17 12
4 5 0
4 6 1
3 6 0
3 7 0
4 3 0
2 8 1
3 8 1
1 8 1
4 7 0
4 8 0
4 2 1
5 2 0
5 1 0
0 0 1
board #18 15
3 6 0
4 5 0
3 7 0
4 3 0
4 2 1
5 2 0
5 1 1
6 1 0
2 8 1
3 8 0
0 0 1
board #19 12
4 5 0
4 6 1
3 6 0
3 7 1
2 7 1
5 6 1
1 8 1
6 6 0
6 5 0
5 5 0
5 7 0
4 3 1
5 3 0
5 2 1
6 2 0
7 1 0
4 8 0
0 0 1
board #20 19
3 6 0
4 5 1
3 5 1
5 5 1
2 5 1
6 5 0
6 4 0
5 6 1
6 6 1
7 5 1
1 6 1
8 4 0
8 5 0
7 4 1
8 3 0
8 2 1
7 3 0
7 6 0
6 7 1
7 7 1
8 6 0
8 7 0
7 8 1
8 8 1
0 0 1
board #21 26
4 5 1
3 5 1
5 4 0
5 5 0
4 6 1
5 6 0
4 7 0
4 3 1
5 3 0
5 2 0
3 8 0
5 1 1
6 1 0
0 0 1
board #22 15
4 5 1
3 5 0
3 6 1
2 6 1
5 5 1
6 5 1
1 6 0
1 7 1
7 5 0
7 4 1
8 4 1
0 0 1
board #23 13
4 5 1
3 5 1
5 5 0
5 4 1
6 4 0
6 3 0
4 6 1
5 6 0
4 7 1
5 7 0
6 2 0
4 8 0
6 1 1
7 1 0
0 0 1
board #24 16
4 5 1
3 5 0
3 6 0
3 7 0
4 3 1
5 3 0
5 2 0
2 8 1
3 8 1
1 8 1
4 7 0
4 8 0
6 1 0
0 0 1
board #25 15
4 5 1
3 5 1
5 4 1
6 4 0
6 3 0
6 5 0
5 6 1
6 6 1
7 5 0
7 6 1
4 6 0
5 5 1
8 5 1
2 5 1
1 5 0
1 6 0
2 4 0
1 7 0
1 8 0
3 3 1
2 3 0
3 2 1
2 2 1
3 4 1
1 3 1
0 0 0
board #26 27
4 5 0
4 6 0
4 3 1
5 3 0
5 2 1
6 2 0
6 1 0
4 7 0
3 8 0
0 0 0
board #27 11
4 5 0
4 6 1
3 6 1
5 5 0
5 6 1
6 5 1
2 6 1
7 4 1
1 7 1
8 3 0
8 4 0
8 5 0
7 3 0
7 6 1
8 6 1
6 6 1
0 0 0
board #28 18
3 6 1
4 6 0
4 5 0
3 7 1
4 7 1
5 6 1
2 6 1
6 5 0
6 6 0
5 5 1
6 4 1
7 4 0
7 3 0
7 2 0
6 7 0
8 1 0
5 8 0
0 0 0
board #29 19
4 5 0
4 6 0
4 3 1
5 3 1
3 4 1
6 3 0
6 2 1
7 2 1
8 1 1
2 4 0
2 5 1
1 5 1
0 0 0
board #30 14
4 5 0
4 3 1
5 3 0
5 2 1
6 2 0
6 1 1
7 1 1
8 1 1
3 4 0
3 3 0
3 2 1
4 2 0
4 1 1
5 1 1
2 3 0
2 2 0
3 1 0
4 6 1
3 6 0
3 7 1
2 7 1
5 5 0
5 6 0
5 7 1
4 7 1
6 6 0
6 7 0
5 8 1
6 8 1
7 7 1
1 7 0
1 8 1
8 7 1
0 0 1
board #31 35
3 6 1
4 6 0
4 5 1
5 5 1
2 6 1
6 5 0
6 4 0
5 6 0
6 3 1
5 4 0
4 3 0
3 7 1
5 7 0
4 8 0
4 2 0
4 1 1
5 1 0
0 0 0
board #32 19
4 5 0
4 6 1
3 6 1
5 5 1
2 6 0
2 7 0
3 5 1
2 5 0
3 4 1
2 4 1
1 4 0
1 5 1
6 5 1
7 5 0
7 4 1
8 3 0
8 4 1
0 0 1
board #33 19
3 6 0
3 7 1
2 7 1
4 6 0
4 7 0
3 8 1
4 8 1
5 7 1
1 7 1
6 6 0
6 7 1
7 6 1
8 6 1
0 0 0
board #34 15
4 5 1
3 5 0
3 6 0
3 7 0
4 3 0
4 2 1
5 2 1
6 2 0
5 3 0
6 1 1
7 1 0
2 8 1
3 8 0
0 0 0
board #35 15
4 5 0
4 6 1
3 6 0
3 7 0
4 3 0
4 2 1
5 2 0
5 1 0
3 8 0
0 0 0
board #36 11
4 5 1
3 5 1
5 4 1
6 4 1
7 4 0
7 3 0
7 2 0
6 5 1
7 5 1
8 4 1
2 5 1
1 5 0
1 6 1
0 0 1
board #37 15
4 5 1
3 5 1
5 5 0
5 4 1
6 4 0
6 3 0
6 2 1
7 2 1
5 3 0
5 2 0
4 6 1
5 6 0
4 7 1
5 7 1
6 6 0
6 7 0
5 8 0
5 1 1
6 1 0
0 0 0
board #38 21
4 5 1
3 5 0
3 6 0
3 7 0
4 3 1
5 3 1
3 3 1
6 3 1
2 4 0
2 3 0
3 2 1
2 2 0
2 5 1
3 4 0
2 1 1
3 1 0
3 8 0
0 0 0
board #39 19
4 5 1
3 5 1
5 5 1
6 5 0
6 4 0
5 6 1
6 6 0
5 7 0
6 3 0
6 2 0
6 1 1
7 1 1
8 1 0
7 2 0
4 8 1
5 8 0
0 0 1
board #40 18
4 5 1
3 5 1
5 5 0
5 4 1
6 4 1
7 4 1
2 5 0
2 6 1
1 6 0
1 7 0
1 8 0
3 4 0
5 3 0
6 2 1
5 2 0
5 1 1
6 1 1
4 1 0
4 2 1
3 2 0
3 3 1
2 3 1
6 3 0
7 2 0
7 1 1
8 1 0
0 0 1
board #41 28
4 5 0
4 6 0
4 7 0
4 3 0
5 2 0
3 8 1
4 8 1
2 8 1
5 7 0
5 8 1
6 7 1
1 8 1
7 6 0
7 7 1
8 6 0
8 7 0
6 6 0
7 8 1
8 8 1
0 0 0
board #42 21
4 5 0
4 3 0
4 6 0
4 7 1
3 7 0
2 8 0
4 2 1
5 2 0
5 1 0
0 0 0
board #43 11
4 5 1
3 5 0
3 6 0
3 7 0
4 3 1
5 3 1
3 4 0
3 3 0
4 2 0
2 8 0
4 1 1
5 1 1
5 2 1
3 2 1
2 3 1
6 3 0
5 4 1
6 4 0
6 2 1
7 2 1
8 1 0
8 2 1
1 4 1
0 0 1
board #44 25
4 5 1
3 5 0
3 6 1
2 6 0
2 7 1
1 7 0
1 8 0
4 3 1
5 3 0
5 2 0
6 1 0
0 0 0
board #45 13
3 6 1
4 6 1
2 6 0
2 7 1
1 7 1
5 6 1
6 5 0
6 6 0
5 7 1
6 7 1
7 6 1
8 5 0
8 6 0
7 5 1
8 4 0
7 4 0
7 7 1
8 7 1
0 0 0
board #46 20
4 5 0
4 6 0
4 3 0
4 7 1
3 7 1
5 6 0
5 7 0
4 8 1
5 8 0
5 2 0
5 1 0
0 0 0
board #47 13
4 5 0
4 6 0
4 3 1
5 3 1
3 4 0
3 3 0
4 2 1
3 2 0
3 1 0
4 7 1
3 7 0
2 8 1
3 8 1
1 8 0
2 7 1
1 7 1
5 6 0
5 7 1
6 6 1
7 5 1
8 5 1
0 0 1
board #48 23
4 5 0
4 6 1
3 6 1
5 5 0
5 6 1
6 5 0
6 6 1
7 5 1
2 6 1
1 7 1
8 4 0
8 5 1
0 0 0
board #49 14
4 5 0
4 6 0
4 3 0
4 7 0
4 2 0
3 8 1
4 8 0
4 1 1
5 1 0
0 0 0
board #50 11
4 5 0
4 6 1
3 6 0
3 7 0
4 3 0
5 2 1
4 2 0
2 8 0
5 1 0
0 0 0
board #51 11
4 5 1
3 5 0
3 6 1
2 6 1
5 5 1
6 5 0
6 4 1
7 4 0
7 3 1
8 2 1
1 6 1
0 0 0
board #52 13
4 5 0
4 6 1
3 6 1
5 6 1
2 6 0
2 7 1
1 8 1
6 6 0
6 5 1
7 5 0
7 4 1
8 3 0
8 4 0
8 2 1
7 3 1
0 0 0
board #53 17
4 5 1
3 5 1
5 5 1
6 5 0
6 4 1
7 4 0
7 3 1
8 3 1
2 5 0
2 6 0
3 4 0
2 7 1
3 6 1
1 7 1
0 0 1
board #54 16
4 5 1
3 5 1
5 5 0
5 4 0
4 6 0
4 3 0
3 7 0
4 2 0
3 8 0
4 1 1
5 1 1
3 2 1
6 1 1
7 1 1
8 1 1
2 2 1
1 2 1
0 0 0
board #55 19
4 5 1
3 5 1
5 5 1
6 5 0
6 4 0
5 6 0
6 3 1
5 4 0
4 3 1
5 3 0
5 2 1
6 2 1
3 4 1
7 3 0
7 2 1
8 1 0
8 2 0
5 7 0
4 8 1
5 8 1
6 7 0
6 8 0
0 0 1
board #56 24
4 5 1
3 5 1
5 5 1
6 5 1
2 5 0
2 6 1
1 6 1
7 5 1
8 4 0
8 5 1
0 0 0
board #57 12
4 5 0
4 6 1
3 6 1
5 5 0
5 6 1
6 5 0
6 6 0
5 7 0
4 3 0
4 2 1
5 2 0
6 1 0
4 8 0
0 0 0
board #58 15
4 5 0
4 6 1
3 6 1
5 5 0
5 6 1
6 5 0
6 6 0
5 7 0
4 3 1
5 3 1
6 3 1
3 4 1
7 3 0
7 2 1
8 1 0
8 2 1
2 5 1
1 5 0
1 6 0
2 4 0
1 7 0
1 8 1
2 7 0
2 8 0
3 3 0
4 2 1
3 2 0
4 1 0
0 0 0
board #59 30
3 6 1
4 6 1
2 6 0
2 7 1
1 7 1
5 6 0
5 5 0
4 7 0
5 4 1
4 5 0
4 3 0
4 8 0
4 2 1
5 2 0
5 1 0
0 0 1
board #60 17
4 5 0
4 6 0
4 7 1
3 7 0
4 3 1
5 3 0
5 2 1
6 2 1
7 2 0
6 3 0
7 1 1
8 1 1
3 4 0
3 3 1
2 4 1
1 5 1
0 0 1
board #61 18
4 5 0
4 6 0
4 3 1
5 3 1
3 4 1
6 3 1
7 3 1
2 4 1
8 2 0
8 3 0
8 1 1
7 2 0
7 1 0
7 4 1
8 4 0
7 5 1
8 5 0
7 6 0
6 7 1
7 7 1
6 6 1
8 7 1
1 5 1
0 0 1
board #62 25
3 6 0
4 3 1
5 3 0
5 2 1
6 2 1
7 2 0
6 3 0
7 1 0
4 5 1
3 5 0
3 7 0
3 8 0
0 0 1
board #63 14
4 5 1
3 5 0
3 6 0
3 7 0
4 3 1
5 3 0
5 2 0
2 8 0
5 1 1
6 1 0
0 0 0
board #64 12
4 5 0
4 3 1
5 3 0
4 6 1
3 6 1
5 5 0
5 6 1
6 5 1
2 6 1
7 5 0
7 4 0
6 4 1
7 3 1
8 2 1
1 6 0
1 7 1
0 0 1
board #65 18
4 5 0
4 6 1
3 6 0
3 7 1
2 7 0
1 8 1
2 8 1
5 5 1
6 4 0
6 5 1
7 4 0
7 5 1
8 5 1
0 0 0
board #66 15
4 5 1
3 5 0
3 6 0
3 7 1
2 7 1
4 6 0
4 7 0
3 8 1
4 8 1
5 7 0
5 8 0
4 3 1
5 3 1
6 3 1
3 3 1
7 3 0
7 2 1
8 1 0
8 2 1
2 4 0
2 3 0
3 2 1
2 2 0
3 4 0
2 1 1
3 1 0
0 0 1
board #67 28
3 6 1
4 6 0
4 5 0
3 7 0
4 3 1
5 3 0
5 2 1
6 2 0
6 1 0
2 8 0
0 0 1
board #68 12
4 5 0
4 6 1
3 6 0
3 7 0
5 3 0
5 2 1
6 2 1
4 2 0
4 3 1
3 4 0
3 3 1
7 2 0
6 3 1
7 3 0
6 4 0
8 1 0
5 5 0
2 8 0
0 0 1
board #69 20
2 7 1
4 5 1
3 6 0
3 5 0
3 7 0
4 3 1
5 3 1
3 3 0
3 4 0
4 2 0
3 8 0
5 1 0
0 0 1
board #70 14
4 5 1
3 5 1
5 5 1
6 5 1
2 5 0
2 6 1
1 6 0
1 7 0
1 8 0
3 4 1
2 4 1
1 4 1
7 5 1
8 4 1
0 0 0
board #71 16
4 5 1
3 5 0
3 6 0
3 7 1
2 7 1
4 6 1
1 8 1
5 6 0
5 5 0
5 4 0
5 7 0
4 8 1
5 8 0
4 3 1
5 3 1
6 3 1
3 4 1
2 5 0
2 4 0
2 3 1
3 3 1
7 3 1
1 3 1
8 2 0
8 3 0
8 1 1
7 2 1
0 0 0
board #72 29
4 5 1
3 5 0
3 6 1
2 6 1
5 5 0
5 4 0
5 6 1
4 6 1
6 5 1
7 4 1
1 6 0
1 7 0
2 5 0
1 8 0
5 2 0
4 3 1
5 3 1
6 3 0
6 2 0
5 1 1
6 1 1
7 1 0
0 0 1
board #73 24
4 5 1
3 5 0
3 6 1
2 6 0
2 7 0
1 8 1
2 8 1
3 7 1
5 4 0
5 5 0
5 6 1
4 7 1
6 5 0
6 6 1
7 5 0
7 6 1
8 5 0
8 6 0
7 7 1
8 7 0
7 8 1
8 8 0
4 3 1
5 3 1
6 3 1
3 3 1
7 3 0
7 2 0
7 4 0
7 1 0
0 0 0
board #74 32
3 6 0
3 5 0
3 7 0
4 3 1
5 3 0
5 2 0
2 8 1
3 8 0
5 1 1
6 1 0
0 0 1
board #75 12
4 5 0
4 6 0
4 3 0
4 7 1
3 7 1
5 6 1
2 7 1
1 7 0
1 8 0
2 6 0
3 6 0
4 2 1
5 2 0
5 1 1
6 1 0
0 0 0
board #76 17
4 5 1
3 5 0
3 6 1
2 6 0
2 7 0
2 8 0
4 3 1
5 3 0
5 2 1
6 2 1
7 2 0
6 3 0
7 1 1
8 1 0
0 0 0
board #77 16
4 5 1
3 5 1
5 4 1
6 4 0
6 3 1
7 3 0
7 2 0
6 5 0
7 1 1
8 1 0
6 6 1
5 6 0
5 7 0
4 8 0
0 0 1
board #78 16
4 5 1
3 5 0
3 6 0
3 7 0
4 3 1
5 3 1
3 3 0
3 4 1
2 5 0
2 4 1
6 3 0
5 4 0
6 2 1
7 2 0
7 1 1
8 1 1
1 4 1
0 0 0
board #79 19
4 5 0
4 6 0
4 3 0
4 7 0
4 2 1
5 2 0
5 1 0
3 8 0
0 0 1
board #80 10
4 5 1
3 5 0
3 6 0
3 7 1
2 7 1
4 6 0
4 7 1
5 6 1
1 7 0
1 8 0
2 6 0
4 3 1
5 3 0
5 2 0
6 1 0
0 0 1
board #81 17
4 5 0
4 6 0
4 3 1
5 3 0
5 2 1
6 2 0
6 1 1
7 1 1
8 1 1
3 4 1
2 4 1
1 4 0
1 5 0
2 3 0
2 5 1
1 6 1
0 0 0
board #82 18
4 5 1
3 5 0
3 6 0
3 7 1
2 7 1
4 6 1
1 7 0
1 8 0
2 6 1
1 6 1
5 6 1
6 6 1
7 5 1
8 4 1
0 0 0
board #83 16
3 6 1
4 6 0
4 5 1
5 5 1
2 6 0
2 7 0
3 5 0
1 8 0
4 3 0
4 2 0
4 1 1
5 1 0
0 0 0
board #84 14
4 5 0
4 6 1
3 6 1
5 5 1
2 6 1
6 5 0
6 4 1
7 4 1
1 7 1
8 3 1
0 0 1
board #85 12
4 5 1
3 5 0
3 6 0
3 7 0
4 3 0
4 2 0
2 8 1
3 8 1
1 8 1
4 7 1
5 6 1
6 5 0
6 6 0
5 5 1
6 4 1
7 4 0
7 3 0
7 2 0
6 7 0
5 8 1
6 8 1
7 7 0
7 8 0
8 1 0
0 0 1
board #86 26
4 5 1
3 5 1
5 5 0
5 4 1
6 4 1
2 5 0
2 6 0
3 4 1
2 4 1
7 4 1
1 4 0
1 5 1
8 3 1
0 0 0
board #87 15
4 5 0
4 6 0
4 3 1
5 3 1
6 3 0
5 4 0
6 2 0
4 7 0
6 1 1
7 1 0
3 8 1
4 8 0
0 0 0
board #88 14
4 5 0
4 6 0
4 3 0
4 7 0
5 2 1
4 2 0
4 1 0
4 8 0
0 0 1
board #89 10
4 5 0
4 6 0
4 3 1
5 3 0
5 2 0
4 7 1
3 7 0
2 8 1
3 8 1
1 8 1
5 6 0
5 7 0
4 8 0
5 1 1
6 1 1
4 2 0
4 1 0
0 0 1
board #90 19
4 5 1
3 5 0
3 6 1
2 6 0
2 7 1
1 8 1
5 4 1
6 4 1
7 4 0
7 3 0
6 5 1
7 5 1
8 5 1
0 0 0
board #91 15
4 5 1
3 5 1
5 5 0
5 4 1
6 4 0
6 3 0
4 6 0
6 2 0
4 7 1
3 7 0
3 8 0
6 1 1
7 1 1
8 1 1
5 2 1
5 3 1
2 5 0
2 6 1
1 6 1
0 0 1
board #92 21
4 5 0
4 6 0
4 3 1
5 3 0
5 2 0
4 7 1
3 7 1
2 7 0
3 6 1
5 6 0
5 7 0
4 8 1
5 8 0
5 1 0
0 0 0
board #93 16
4 5 0
4 6 1
3 6 0
3 7 0
4 3 0
4 2 1
5 2 0
5 1 1
6 1 1
7 1 0
6 2 1
7 2 1
3 3 0
3 2 0
3 1 1
4 1 1
2 2 0
2 1 0
2 8 1
3 8 0
0 0 0
board #94 22
4 5 0
4 6 0
4 3 0
4 7 0
4 2 0
3 8 1
4 8 0
4 1 0
0 0 0
board #95 10
4 5 0
4 6 1
3 6 0
3 7 0
4 3 1
5 3 1
3 4 0
3 3 0
3 2 0
3 8 0
4 1 0
0 0 0
board #96 13
4 5 1
3 5 1
5 5 1
6 5 1
2 5 1
7 5 1
1 5 0
1 6 1
8 5 1
0 0 0
board #97 11
3 6 1
4 6 1
2 6 0
2 7 1
1 7 0
1 8 0
