3 2 0
3 4 0
2 5 1
3 5 1
1 5 1
4 4 0
4 5 1
5 4 0
5 5 0
3 1 1
4 1 0
0 0 1
board #1 13
3 4 0
3 2 1
4 2 1
2 3 1
5 1 0
5 2 1
1 3 1
0 0 1
board #2 9
3 4 1
2 4 1
4 4 1
1 4 0
1 5 0
2 3 0
2 2 0
2 1 0
0 0 0
board #3 10
3 4 0
3 2 0
2 5 1
3 5 1
1 5 1
4 4 0
4 5 1
5 5 1
0 0 0
board #4 10
3 4 0
3 2 0
3 5 0
4 1 0
0 0 0
board #5 6
3 2 0
3 4 1
2 4 0
2 5 0
3 1 1
4 1 0
0 0 1
board #6 8
3 4 0
3 2 0
3 1 0
2 5 1
3 5 1
1 5 1
4 4 1
5 3 0
5 4 1
0 0 0
board #7 11
3 2 1
4 2 0
4 1 1
5 1 0
3 4 1
2 4 0
1 5 0
0 0 1
board #8 9
3 2 1
4 2 1
2 3 0
2 2 0
2 1 1
3 1 0
3 4 1
1 5 1
2 4 1
4 3 1
5 3 1
0 0 1
board #9 13
3 2 1
4 2 0
4 1 1
5 1 0
3 4 1
2 4 0
1 5 1
2 5 0
0 0 0
board #10 10
3 2 0
3 4 1
2 4 0
1 5 1
2 5 0
3 1 1
4 1 0
0 0 0
board #11 9
3 2 1
4 2 1
2 3 0
2 2 0
3 1 0
3 4 1
2 4 0
1 5 1
2 5 0
0 0 1
board #12 11
3 4 0
3 2 1
4 2 0
5 1 0
2 5 0
0 0 0
board #13 7
3 2 1
4 2 1
2 3 1
5 2 1
1 4 1
0 0 0
board #14 7
3 2 0
3 4 0
2 5 0
3 1 1
4 1 1
5 1 1
2 2 1
1 2 0
1 3 0
2 3 0
1 1 1
2 1 0
0 0 0
board #15 14
3 2 1
4 2 0
5 1 0
3 4 0
2 5 1
3 5 0
0 0 0
board #16 8
3 2 1
4 2 0
4 1 1
5 1 1
2 3 0
2 2 1
1 2 0
1 3 0
2 1 0
3 4 1
1 5 1
2 4 0
2 5 1
4 4 0
4 3 0
3 5 1
4 5 0
0 0 1
board #17 19
3 2 1
4 2 1
2 3 0
2 2 0
2 1 1
3 1 0
3 4 0
2 5 1
3 5 1
1 5 1
4 4 0
4 5 0
0 0 1
board #18 14
3 4 1
2 4 1
4 3 0
4 4 1
1 4 0
1 5 1
5 3 1
0 0 1
board #19 9
3 4 1
2 4 1
4 4 0
4 3 1
1 4 0
1 5 1
5 2 0
5 3 1
0 0 1
board #20 10
3 4 0
3 2 0
2 5 0
3 1 1
4 1 0
0 0 1
board #21 7
3 4 1
2 4 0
1 5 1
2 5 1
4 4 1
5 3 1
0 0 1
board #22 8
3 4 1
2 4 0
1 5 0
3 2 1
4 2 0
4 1 1
5 1 0
0 0 1
board #23 9
3 2 1
4 2 1
2 3 0
2 2 1
5 1 1
1 3 1
0 0 0
board #24 8
3 2 0
3 4 0
3 1 1
4 1 1
5 1 1
2 2 0
2 1 0
2 5 0
0 0 0
board #25 10
3 4 0
3 2 1
4 2 1
2 3 0
2 2 0
3 1 0
2 5 0
0 0 0
board #26 9
3 4 1
2 4 0
1 5 1
2 5 1
4 4 0
4 3 1
5 2 0
5 3 1
0 0 1
board #27 10
3 2 1
4 2 0
5 1 0
3 4 0
2 5 1
3 5 1
1 5 0
2 4 1
1 4 1
4 4 0
4 5 1
5 4 0
5 5 0
0 0 0
board #28 15
3 2 0
3 4 0
2 5 1
3 5 0
4 1 0
0 0 1
board #29 7
3 2 1
4 2 0
4 1 1
5 1 1
2 3 0
2 2 1
1 3 1
0 0 1
board #30 9
3 2 0
3 4 1
2 4 0
1 5 1
2 5 1
4 3 1
5 2 0
5 3 1
0 0 0
board #31 10
3 4 1
2 4 1
4 3 0
4 4 0
3 5 1
4 5 0
3 2 1
5 1 0
5 2 0
0 0 1
board #32 11
3 2 0
3 4 0
2 5 1
3 5 1
1 5 0
2 4 1
1 4 1
4 4 0
4 5 0
3 1 1
4 1 1
5 1 0
4 2 1
5 2 1
2 2 0
2 1 0
0 0 0
board #33 18
3 2 1
4 2 0
5 1 0
3 4 0
2 5 1
3 5 1
1 5 1
4 4 1
5 3 0
5 4 0
4 3 0
4 5 0
0 0 1
board #34 14
3 4 1
2 4 1
4 4 1
1 4 0
1 5 0
2 3 1
1 3 0
2 2 0
3 1 0
0 0 0
board #35 11
3 4 1
2 4 1
4 3 1
1 4 0
1 5 1
5 3 1
0 0 0
board #36 8
3 4 1
2 4 0
1 5 1
2 5 0
3 2 0
3 1 1
4 1 1
5 1 1
2 2 0
2 1 1
1 1 1
0 0 1
board #37 13
3 2 1
4 2 1
2 2 1
5 1 0
5 2 1
1 2 1
0 0 1
board #38 8
3 4 0
3 2 0
3 1 1
4 1 1
5 1 1
2 2 1
1 2 1
0 0 0
board #39 9
3 4 0
3 2 1
4 2 1
2 2 1
5 2 1
1 3 1
0 0 1
board #40 8
3 4 1
2 4 1
4 3 0
4 4 1
1 5 1
5 4 1
0 0 0
board #41 8
3 2 1
4 2 0
4 1 0
3 4 1
2 4 0
1 5 1
2 5 0
0 0 1
board #42 9
3 4 1
2 4 0
1 5 0
3 2 1
4 2 0
4 1 0
0 0 1
board #43 8
3 2 0
3 4 0
2 5 0
3 1 1
4 1 0
0 0 1
board #44 7
3 2 1
4 2 0
4 1 1
5 1 1
2 3 0
2 2 1
1 2 1
0 0 1
board #45 9
3 4 0
3 2 1
4 2 1
2 3 1
5 2 1
1 3 1
0 0 1
board #46 8
3 4 1
2 4 0
1 5 1
2 5 0
3 2 1
4 2 1
2 2 0
2 3 0
2 1 1
3 1 1
1 1 0
1 2 0
0 0 1
board #47 14
3 4 1
2 4 0
1 5 1
2 5 1
4 4 1
5 4 1
0 0 0
board #48 8
3 4 1
2 4 1
4 3 1
1 5 1
5 3 1
0 0 0
board #49 7
3 4 0
3 2 0
3 1 1
4 1 0
2 5 1
3 5 0
0 0 1
board #50 8
3 2 0
3 4 0
3 5 0
3 1 0
0 0 1
board #51 6
3 4 0
3 2 1
4 2 0
4 1 0
2 5 1
3 5 1
1 5 1
4 4 1
5 3 0
5 4 0
4 5 0
4 3 1
5 2 0
0 0 0
board #52 15
3 2 0
3 4 0
3 5 0
3 1 0
0 0 0
board #53 6
3 4 0
3 2 0
3 5 0
3 1 0
0 0 0
board #54 6
3 4 1
2 4 0
2 5 0
3 2 0
3 1 0
0 0 1
board #55 7
3 4 1
2 4 1
4 4 1
1 4 1
5 3 1
0 0 1
board #56 7
3 2 1
4 2 0
4 1 0
3 4 0
2 5 1
3 5 0
0 0 0
board #57 8
3 4 1
2 4 1
4 3 0
4 4 0
4 5 0
3 2 0
4 1 0
0 0 0
board #58 9
3 2 1
4 2 0
4 1 0
3 4 1
2 4 1
4 4 1
1 5 1
5 3 0
5 4 1
0 0 0
board #59 11
3 2 1
4 2 1
2 3 1
5 1 1
1 4 1
0 0 1
board #60 7
3 2 0
3 4 1
2 4 1
4 3 1
1 5 1
5 2 0
5 3 1
0 0 0
board #61 9
3 4 0
3 2 1
4 2 0
4 1 1
5 1 1
2 3 1
1 4 1
0 0 0
board #62 9
3 2 0
3 4 1
2 4 1
4 3 0
4 4 1
5 3 0
5 4 1
1 4 0
1 5 0
2 3 0
3 1 1
4 1 0
0 0 0
board #63 14
3 4 0
3 2 0
4 1 0
2 5 1
3 5 1
1 5 1
4 4 1
5 3 0
5 4 1
0 0 0
board #64 11
3 2 0
3 4 0
3 1 1
4 1 0
2 5 1
3 5 0
0 0 1
board #65 8
3 4 1
2 4 1
4 3 1
1 4 1
5 2 0
5 3 0
5 1 0
5 4 1
4 4 0
4 5 0
0 0 0
board #66 12
3 4 0
3 2 0
3 5 0
3 1 1
4 1 0
0 0 0
board #67 7
3 4 1
2 4 0
1 5 1
2 5 1
4 4 1
5 4 1
0 0 1
board #68 8
3 4 1
2 4 0
1 5 0
3 2 0
3 1 1
4 1 1
5 1 0
4 2 1
5 2 1
2 2 0
2 1 0
0 0 0
board #69 13
3 4 1
2 4 1
4 3 1
1 4 0
1 5 0
2 3 1
1 3 0
2 2 0
3 1 0
0 0 0
board #70 11
3 4 1
2 4 0
1 5 1
2 5 0
3 2 0
3 1 0
0 0 0
board #71 8
3 4 1
2 4 0
1 5 1
2 5 0
3 2 0
3 1 0
0 0 1
board #72 8
3 4 0
3 2 1
4 2 1
2 3 1
5 2 1
1 4 1
0 0 0
board #73 8
3 4 1
2 4 0
1 5 1
2 5 1
4 3 0
4 4 0
3 5 0
3 2 1
5 1 1
4 2 1
2 2 1
1 2 0
1 3 0
2 1 0
1 4 1
2 3 1
0 0 1
board #74 18
3 4 1
2 4 1
4 3 1
1 5 1
5 2 1
0 0 0
board #75 7
3 2 0
3 4 1
2 4 0
2 5 0
4 1 0
0 0 1
board #76 7
3 2 1
4 2 0
5 1 0
3 4 1
2 4 0
1 5 1
2 5 0
0 0 0
board #77 9
3 4 0
3 2 0
3 1 1
4 1 1
5 1 0
4 2 0
3 5 0
0 0 0
board #78 9
3 2 0
3 4 0
4 1 0
2 5 0
0 0 0
board #79 6
3 2 1
4 2 0
4 1 1
5 1 0
3 4 0
2 5 1
3 5 0
0 0 0
board #80 9
3 4 0
3 2 0
3 1 1
4 1 1
5 1 1
2 2 0
2 1 0
2 5 1
3 5 0
0 0 1
board #81 11
3 2 1
4 2 0
5 1 0
3 4 1
2 4 0
1 5 1
2 5 0
0 0 0
board #82 9
3 2 0
3 4 1
2 4 1
4 3 1
1 4 0
1 5 1
5 3 1
0 0 1
board #83 9
3 4 0
3 2 0
3 1 0
2 5 1
3 5 1
1 5 0
2 4 0
0 0 0
board #84 9
3 2 1
4 2 0
4 1 1
5 1 1
2 3 1
1 3 0
1 4 1
0 0 1
board #85 9
3 4 0
3 2 1
4 2 0
4 1 1
5 1 1
2 3 0
2 2 1
1 2 0
1 3 1
0 0 1
board #86 11
3 2 1
4 2 1
2 3 0
2 2 0
2 1 0
3 4 0
2 5 0
0 0 0
board #87 9
3 2 0
3 4 0
2 5 0
4 1 0
0 0 0
board #88 6
3 2 1
4 2 1
2 3 1
5 1 0
5 2 1
1 3 0
1 4 1
0 0 0
board #89 9
3 2 1
4 2 1
2 3 0
2 2 1
5 2 1
1 3 1
0 0 1
board #90 8
3 2 1
4 2 1
2 3 0
2 2 1
1 2 0
1 3 1
5 1 0
5 2 1
0 0 0
board #91 10
3 2 0
3 4 1
2 4 1
4 3 0
4 4 0
3 5 0
3 1 1
4 1 0
0 0 0
board #92 10
3 4 1
2 4 0
1 5 1
2 5 1
4 3 0
4 4 0
3 5 0
3 2 1
4 2 0
5 1 0
0 0 0
board #93 12
3 4 0
3 2 0
2 5 1
3 5 0
4 1 0
0 0 0
board #94 7
3 4 0
3 2 1
4 2 1
2 3 0
2 2 0
2 1 1
3 1 1
1 1 0
1 2 1
5 1 0
5 2 0
4 3 1
5 3 1
0 0 0
board #95 15
3 4 0
3 2 1
4 2 1
2 3 1
5 1 1
1 4 1
0 0 0
board #96 8
3 2 0
3 4 1
2 4 0
1 5 0
4 1 0
0 0 0
board #97 7
3 4 1
2 4 1
4 3 1
1 4 0
1 5 0
2 3 0
2 2 1
3 2 0
4 1 0
0 0 1
board #98 11
3 2 1
4 2 0
4 1 0
3 4 0
2 5 0
0 0 1
board #99 7
3 4 1
2 4 0
1 5 0
3 2 1
4 2 1
2 2 0
2 3 1
1 4 1
5 2 1
0 0 0
board #100 11
3 4 1
2 4 0
2 5 0
3 2 1
4 2 1
2 2 1
5 1 0
5 2 1
1 2 0
1 3 1
0 0 1
board #101 12
3 4 1
2 4 0
2 5 0
3 2 1
4 2 1
2 2 0
2 3 0
3 1 0
0 0 0
board #102 10
3 4 0
3 2 1
4 2 0
4 1 1
5 1 1
2 3 1
1 3 0
1 4 1
0 0 1
board #103 10
3 4 0
3 2 0
3 1 1
4 1 0
2 5 1
3 5 1
1 5 1
4 4 0
4 5 0
0 0 1
board #104 11
3 4 0
3 2 0
3 5 0
3 1 1
4 1 0
0 0 0
board #105 7
3 2 1
4 2 0
4 1 0
3 4 1
2 4 1
4 4 0
4 3 0
3 5 0
0 0 0
board #106 10
3 4 0
3 2 0
3 1 0
2 5 1
3 5 1
1 5 1
4 4 1
5 3 1
0 0 0
board #107 10
3 4 0
3 2 1
4 2 0
4 1 1
5 1 0
2 5 1
3 5 0
0 0 1
board #108 9
3 4 1
2 4 1
4 3 1
1 4 0
1 5 1
5 2 0
5 3 1
0 0 0
board #109 9
3 4 1
2 4 1
4 3 1
1 4 1
5 3 1
0 0 0
board #110 7
3 4 0
3 2 1
4 2 0
4 1 1
5 1 0
2 5 1
3 5 0
0 0 0
board #111 9
3 4 1
2 4 1
4 3 1
1 4 0
1 5 1
5 2 0
5 3 1
0 0 0
board #112 9
3 4 0
3 2 0
2 5 0
3 1 1
4 1 1
5 1 0
4 2 0
0 0 1
board #113 9
3 4 0
3 2 1
4 2 1
2 3 0
2 2 1
1 2 1
5 1 1
0 0 1
board #114 9
3 4 0
3 2 0
3 1 1
4 1 1
5 1 0
4 2 0
2 5 1
3 5 1
1 5 1
4 4 0
4 5 0
0 0 1
board #115 13
3 2 0
3 4 1
2 4 0
1 5 0
3 1 1
4 1 0
0 0 1
board #116 8
3 2 0
3 4 1
2 4 0
2 5 0
4 1 0
0 0 1
board #117 7
3 4 0
3 2 0
2 5 1
3 5 1
1 5 0
2 4 1
1 4 0
2 3 1
1 3 1
4 4 0
4 5 0
4 1 0
0 0 0
board #118 14
3 2 0
3 4 0
3 1 1
4 1 1
5 1 0
4 2 1
5 2 0
4 3 0
3 5 0
0 0 0
board #119 11
3 4 1
2 4 1
4 4 1
1 4 0
1 5 0
2 3 1
1 3 0
2 2 1
1 2 0
1 1 0
0 0 1
board #120 12
3 2 1
4 2 0
5 1 0
3 4 0
2 5 0
0 0 1
board #121 7
3 2 1
4 2 0
4 1 1
5 1 1
2 3 1
1 4 1
0 0 1
board #122 8
3 2 1
4 2 1
2 3 0
2 2 1
1 3 1
5 1 1
0 0 1
board #123 8
3 4 0
3 2 0
2 5 1
3 5 0
3 1 0
0 0 0
board #124 7
3 4 0
3 2 0
2 5 0
4 1 0
0 0 0
board #125 6
3 4 1
2 4 0
1 5 1
2 5 1
4 3 0
4 4 0
3 5 0
3 2 0
3 1 1
4 1 0
0 0 1
board #126 12
3 2 0
3 4 0
2 5 1
3 5 0
3 1 0
0 0 1
board #127 7
3 2 0
3 4 0
2 5 1
3 5 0
3 1 1
4 1 0
0 0 1
board #128 8
3 4 0
3 2 1
4 2 1
2 2 1
5 1 0
5 2 0
4 3 0
3 5 0
0 0 0
board #129 10
3 2 1
4 2 1
2 2 1
5 1 0
5 2 0
4 3 0
4 4 0
3 5 1
4 5 0
0 0 1
board #130 11
3 2 0
3 4 0
2 5 1
3 5 1
1 5 1
4 4 1
5 3 0
5 4 1
0 0 1
board #131 10
3 2 0
3 4 1
2 4 0
1 5 1
2 5 1
4 3 0
4 4 0
3 5 1
4 5 0
3 1 0
0 0 0
board #132 12
3 4 1
2 4 0
1 5 1
2 5 0
3 2 1
4 2 1
2 2 0
2 3 0
3 1 0
0 0 1
board #133 11
3 4 1
2 4 1
4 3 1
1 4 1
5 2 0
5 3 1
0 0 1
board #134 8
3 4 0
3 2 0
3 1 0
2 5 1
3 5 1
1 5 1
4 4 0
4 5 0
0 0 1
board #135 10
3 4 1
2 4 1
4 3 1
1 4 1
5 2 0
5 3 1
0 0 0
board #136 8
3 2 1
4 2 0
4 1 0
3 4 1
2 4 0
1 5 1
2 5 1
4 4 1
5 3 0
5 4 1
0 0 0
board #137 12
3 4 0
3 2 0
2 5 1
3 5 1
1 5 0
2 4 1
1 4 1
4 4 0
4 5 0
4 1 0
0 0 1
board #138 12
3 4 0
3 2 1
4 2 1
2 3 0
2 2 0
2 1 0
2 5 0
0 0 0
board #139 9
3 4 0
3 2 0
2 5 0
3 1 1
4 1 1
5 1 1
2 2 0
2 1 0
0 0 1
board #140 10
3 2 1
4 2 1
2 3 0
2 2 0
2 1 1
3 1 1
1 1 0
1 2 1
5 2 1
0 0 0
board #141 11
3 4 0
3 2 0
4 1 0
2 5 1
3 5 1
1 5 0
2 4 1
1 4 1
4 4 1
5 3 0
5 4 0
4 3 1
5 2 1
0 0 0
board #142 15
3 2 1
4 2 1
2 3 0
2 2 1
5 1 0
5 2 0
4 3 0
4 4 1
3 4 0
3 5 0
0 0 1
board #143 12
3 2 1
4 2 0
4 1 1
5 1 1
2 3 1
1 3 0
1 4 0
1 5 0
2 2 1
1 2 1
0 0 1
board #144 12
3 4 0
3 2 1
4 2 1
2 3 0
2 2 1
1 2 1
5 2 1
0 0 0
board #145 9
3 4 1
2 4 0
1 5 1
2 5 1
4 4 1
5 3 0
5 4 1
0 0 0
board #146 9
3 2 0
3 4 0
2 5 0
3 1 0
0 0 1
board #147 6
3 2 1
4 2 1
2 3 0
2 2 0
2 1 1
3 1 0
3 4 1
1 5 1
2 5 1
4 3 1
5 2 1
0 0 0
board #148 13
3 4 0
3 2 1
4 2 1
2 3 1
5 1 0
5 2 1
1 3 0
1 4 0
1 5 0
2 2 1
1 2 1
0 0 1
board #149 13
3 4 0
3 2 1
4 2 0
4 1 0
3 5 0
0 0 1
board #150 7
3 2 0
3 4 0
3 1 1
4 1 1
5 1 1
2 2 1
1 2 0
1 3 0
2 3 0
1 1 1
2 1 0
2 5 1
3 5 1
1 5 1
4 4 1
5 3 0
5 4 0
4 3 0
4 5 1
5 5 1
0 0 1
board #151 22
3 4 1
2 4 1
4 3 1
1 4 0
1 5 0
2 3 0
2 2 0
2 1 0
0 0 1
board #152 10
3 2 1
4 2 1
2 3 0
2 2 1
1 2 0
1 3 1
5 1 0
5 2 1
0 0 0
board #153 10
3 2 0
3 4 1
2 4 0
1 5 1
2 5 1
4 3 0
4 4 1
5 3 0
5 4 1
0 0 1
board #154 11
3 4 0
3 2 1
4 2 0
4 1 1
5 1 1
2 3 1
1 3 0
1 4 1
0 0 1
board #155 10
3 4 0
3 2 0
2 5 0
3 1 0
0 0 0
board #156 6
3 4 0
3 2 0
3 1 1
4 1 0
3 5 0
0 0 0
board #157 7
3 4 0
3 2 1
4 2 0
4 1 1
5 1 1
2 3 1
1 3 1
0 0 1
board #158 9
3 4 1
2 4 1
4 3 0
4 4 1
1 4 1
5 4 1
0 0 1
board #159 8
3 2 0
3 4 0
3 1 1
4 1 0
2 5 0
0 0 1
board #160 7
3 4 0
3 2 1
4 2 1
2 3 1
5 1 0
5 2 1
1 4 1
0 0 1
board #161 9
3 2 1
4 2 1
2 3 1
5 1 0
5 2 0
4 3 1
5 3 0
4 4 1
5 4 0
4 5 0
0 0 0
board #162 12
3 2 0
3 4 1
2 4 0
1 5 1
2 5 1
4 3 1
5 3 1
0 0 0
board #163 9
3 2 0
3 4 1
2 4 0
2 5 0
3 1 1
4 1 1
5 1 1
2 2 1
1 2 0
1 3 1
0 0 0
board #164 12
3 4 0
3 2 1
4 2 1
2 3 0
2 2 0
2 1 1
3 1 0
2 5 0
0 0 1
board #165 10
3 4 0
3 2 1
4 2 0
4 1 1
5 1 1
2 3 0
2 2 0
2 1 1
3 1 0
3 5 0
0 0 0
board #166 12
3 4 0
3 2 1
4 2 1
2 3 1
5 1 0
5 2 1
1 4 1
0 0 1
board #167 9
3 2 1
4 2 0
4 1 1
5 1 0
3 4 0
2 5 0
0 0 1
board #168 8
3 2 1
4 2 1
2 3 1
5 1 0
5 2 1
1 3 0
1 4 0
1 5 1
2 4 0
1 2 1
2 2 1
0 0 1
board #169 13
3 2 1
4 2 0
4 1 0
3 4 0
2 5 1
3 5 0
0 0 1
board #170 8
3 2 1
4 2 0
5 1 0
3 4 1
2 4 1
4 4 1
1 4 1
5 3 1
0 0 0
board #171 10
3 2 0
3 4 1
2 4 0
2 5 0
4 1 0
0 0 1
board #172 7
3 4 0
3 2 1
4 2 0
4 1 1
5 1 1
2 3 0
2 2 1
1 2 0
1 3 1
0 0 1
board #173 11
3 2 1
4 2 1
2 2 0
2 3 0
2 1 0
3 4 0
2 5 1
3 5 1
1 5 1
4 4 1
5 3 0
5 4 0
4 3 1
5 1 0
5 2 0
4 5 1
5 5 1
0 0 0
board #174 19
3 2 1
4 2 0
4 1 1
5 1 1
2 3 0
2 2 1
1 2 0
1 3 1
0 0 1
board #175 10
3 2 1
4 2 0
4 1 1
5 1 0
3 4 1
2 4 1
4 4 1
1 5 1
5 3 0
5 4 1
0 0 0
board #176 12
3 2 0
3 4 1
2 4 1
4 3 0
4 4 0
3 5 1
4 5 0
3 1 1
4 1 0
0 0 1
board #177 11
3 2 0
3 4 0
3 1 0
2 5 0
0 0 1
board #178 6
3 4 1
2 4 1
4 4 1
1 4 0
1 5 0
2 3 0
2 2 0
2 1 1
3 1 0
0 0 1
board #179 11
3 2 1
4 2 0
5 1 0
3 4 0
2 5 1
3 5 0
0 0 1
board #180 8
3 2 0
3 4 0
3 1 1
4 1 0
2 5 1
3 5 0
0 0 1
board #181 8
3 4 0
3 2 0
3 1 1
4 1 0
2 5 1
3 5 1
1 5 1
4 4 0
4 5 0
0 0 0
board #182 11
3 2 0
3 4 1
2 4 0
1 5 1
2 5 0
3 1 1
4 1 0
0 0 1
board #183 9
3 4 1
2 4 0
1 5 1
2 5 0
3 2 0
3 1 0
0 0 0
board #184 8
3 4 1
2 4 0
1 5 0
3 2 0
3 1 1
4 1 0
0 0 0
board #185 8
3 4 1
2 4 1
4 3 0
4 4 1
5 3 0
5 4 0
4 5 0
3 2 1
5 1 0
4 2 1
5 2 1
2 3 1
1 4 1
0 0 0
board #186 15
3 4 1
2 4 1
4 4 0
4 3 0
3 5 1
4 5 1
5 4 0
5 5 0
3 2 1
4 2 0
5 1 0
0 0 0
board #187 13
3 4 1
2 4 0
1 5 1
2 5 0
3 2 0
3 1 1
4 1 1
5 1 0
4 2 0
0 0 1
board #188 11
3 2 0
3 4 0
3 1 0
3 5 0
0 0 0
board #189 6
3 2 1
4 2 0
5 1 0
3 4 1
2 4 0
1 5 0
0 0 0
board #190 8
3 2 1
4 2 1
2 2 1
5 1 0
5 2 0
4 3 0
4 4 0
4 5 0
0 0 0
board #191 10
3 2 0
3 4 1
2 4 0
1 5 1
2 5 0
4 1 0
0 0 0
board #192 8
3 4 1
2 4 1
4 3 0
4 4 0
3 5 0
3 2 0
3 1 1
4 1 0
0 0 1
board #193 10
3 4 1
2 4 0
1 5 0
3 2 0
3 1 0
0 0 1
board #194 7
3 4 0
3 2 0
4 1 0
2 5 0
0 0 0
board #195 6
3 2 1
4 2 1
2 2 1
5 2 1
1 2 0
1 3 1
0 0 1
board #196 8
3 2 1
4 2 1
2 3 0
2 2 1
1 2 0
1 3 0
2 1 0
3 4 1
1 5 0
1 4 1
2 4 1
4 3 1
5 1 0
5 2 0
5 3 1
0 0 1
board #197 17
3 4 1
2 4 1
4 4 1
1 4 0
1 5 0
2 3 0
2 2 0
2 1 1
3 1 0
0 0 0
board #198 11
3 2 0
3 4 1
2 4 1
4 3 1
1 5 1
5 2 0
5 3 1
0 0 1
board #199 9
3 2 0
3 4 0
2 5 1
3 5 1
1 5 1
4 4 0
4 5 1
5 5 1
0 0 1
board #200 10
3 2 0
3 4 0
3 1 1
4 1 1
5 1 1
2 2 1
1 2 1
0 0 1
board #201 9
3 4 1
2 4 0
2 5 0
3 2 1
4 2 0
5 1 0
0 0 1
board #202 8
3 4 1
2 4 0
1 5 1
2 5 1
4 3 0
4 4 1
5 3 1
0 0 0
board #203 9
3 2 0
3 4 1
2 4 1
4 3 0
4 4 1
5 3 1
1 4 1
0 0 0
board #204 9
3 4 0
3 2 0
3 1 1
4 1 1
5 1 1
2 2 0
2 1 0
2 5 0
0 0 1
board #205 10
3 2 0
3 4 1
2 4 0
1 5 0
3 1 1
4 1 1
5 1 0
4 2 1
5 2 1
2 2 1
1 2 0
1 3 1
0 0 1
board #206 14
3 4 1
2 4 1
4 3 0
4 4 0
4 5 0
3 2 0
3 1 1
4 1 0
0 0 0
board #207 10
3 2 1
4 2 1
2 3 0
2 2 1
1 2 0
1 3 0
1 1 1
2 1 1
5 2 1
0 0 0
board #208 11
3 4 1
2 4 1
4 4 1
1 4 1
5 3 0
5 4 0
4 3 1
5 2 1
0 0 1
board #209 10
3 2 1
4 2 0
4 1 1
5 1 1
2 3 0
2 2 0
2 1 1
3 1 1
1 1 0
1 2 0
1 5 1
3 4 0
2 5 1
3 5 0
0 0 1
board #210 16
3 4 0
3 2 1
4 2 0
4 1 0
2 5 0
0 0 0
board #211 7
3 2 0
3 4 1
2 4 0
2 5 0
3 1 0
0 0 1
board #212 7
3 4 0
3 2 1
4 2 0
4 1 0
2 5 0
0 0 1
board #213 7
3 2 0
3 4 1
2 4 0
2 5 0
3 1 1
4 1 0
0 0 1
board #214 8
3 4 1
2 4 1
4 4 0
4 3 0
3 5 0
3 2 1
4 2 0
5 1 0
0 0 1
board #215 10
3 2 1
4 2 1
2 3 1
5 1 0
5 2 1
1 3 0
1 4 0
1 5 1
2 4 0
1 2 1
2 2 1
0 0 0
board #216 13
3 4 0
3 2 0
2 5 1
3 5 0
3 1 1
4 1 1
5 1 1
2 2 0
2 1 0
0 0 0
board #217 11
3 2 0
3 4 0
2 5 1
3 5 0
3 1 1
4 1 0
0 0 0
board #218 8
3 4 0
3 2 0
3 1 0
3 5 0
0 0 0
board #219 6
3 4 0
3 2 0
2 5 1
3 5 0
3 1 1
4 1 0
0 0 0
board #220 8
3 2 0
3 4 0
2 5 0
3 1 0
0 0 1
board #221 6
3 4 0
3 2 0
2 5 1
3 5 0
3 1 1
4 1 1
5 1 0
4 2 0
0 0 1
board #222 10
3 2 1
4 2 1
2 3 0
2 2 0
2 1 0
3 4 1
1 5 1
2 4 1
4 3 1
5 1 1
0 0 0
board #223 12
3 4 1
2 4 0
2 5 0
3 2 0
3 1 1
4 1 0
0 0 1
board #224 8
3 2 0
3 4 1
2 4 0
1 5 1
2 5 0
4 1 0
0 0 0
board #225 8
3 2 1
4 2 0
4 1 0
3 4 0
2 5 1
3 5 0
0 0 1
board #226 8
3 4 1
2 4 0
2 5 0
3 2 0
4 1 0
0 0 0
board #227 7
3 4 0
3 2 0
2 5 1
3 5 1
1 5 0
2 4 0
3 1 0
0 0 1
board #228 9
3 2 0
3 4 0
4 1 0
2 5 1
3 5 0
0 0 0
board #229 7
3 2 1
4 2 1
2 3 0
2 2 0
2 1 0
3 4 0
3 5 0
0 0 0
board #230 9
3 2 0
3 4 0
3 1 1
4 1 0
2 5 1
3 5 0
0 0 1
board #231 8
3 2 1
4 2 0
5 1 0
3 4 1
2 4 0
1 5 1
2 5 1
4 4 1
5 3 0
5 4 1
0 0 1
board #232 12
3 2 1
4 2 1
2 3 0
2 2 0
3 1 0
3 4 1
1 5 0
1 4 1
2 4 1
4 3 1
5 1 0
5 2 0
5 3 1
0 0 1
board #233 15
3 2 0
3 4 1
2 4 1
4 3 0
4 4 0
3 5 1
4 5 1
5 4 0
5 5 0
4 1 0
0 0 0
board #234 12
3 2 1
4 2 0
4 1 0
3 4 1
2 4 0
1 5 1
2 5 0
0 0 0
board #235 9
3 2 0
3 4 1
2 4 0
2 5 0
3 1 1
4 1 0
0 0 0
board #236 8
3 2 1
4 2 0
4 1 1
5 1 1
2 2 0
2 3 0
2 1 1
3 1 1
1 1 0
1 2 0
3 4 1
1 5 0
1 4 1
2 4 1
4 4 0
4 3 1
5 3 1
0 0 0
board #237 19
3 4 0
3 2 0
3 1 0
2 5 1
3 5 0
0 0 0
board #238 7
3 2 1
4 2 1
2 3 0
2 2 1
5 2 1
1 2 0
1 3 0
1 1 1
2 1 0
3 4 0
3 5 0
0 0 0
board #239 13
3 4 0
3 2 0
4 1 0
2 5 1
3 5 1
1 5 1
4 4 1
5 3 1
0 0 1
board #240 10
3 2 1
4 2 0
4 1 0
3 4 1
2 4 1
4 4 1
1 4 1
5 4 1
0 0 1
board #241 10
3 2 1
4 2 0
4 1 0
3 4 0
2 5 1
3 5 1
1 5 1
4 4 1
5 3 0
5 4 0
5 5 0
4 3 0
0 0 0
board #242 14
3 2 1
4 2 0
4 1 1
5 1 1
2 3 0
2 2 1
1 2 0
1 3 0
1 1 0
3 4 1
2 4 1
1 4 0
1 5 1
4 3 1
5 3 1
0 0 0
board #243 17
3 2 1
4 2 0
4 1 1
5 1 1
2 3 0
2 2 1
1 3 1
0 0 1
board #244 9
3 4 1
2 4 0
1 5 1
2 5 0
3 2 0
4 1 0
0 0 0
board #245 8
3 4 0
3 2 1
4 2 1
2 3 1
5 1 0
5 2 0
4 3 1
5 3 0
4 4 1
5 4 0
4 5 0
0 0 1
board #246 13
3 2 0
3 4 0
4 1 0
3 5 0
0 0 0
board #247 6
3 4 1
2 4 1
4 3 0
4 4 1
1 4 0
1 5 0
2 3 0
2 2 1
3 2 0
3 1 0
0 0 0
board #248 12
3 2 0
3 4 0
3 5 0
3 1 0
0 0 0
board #249 6
3 2 0
3 4 0
2 5 1
3 5 0
3 1 1
4 1 1
5 1 0
4 2 0
0 0 1
board #250 10
3 4 1
2 4 1
4 4 1
1 4 0
1 5 1
5 3 0
5 4 0
4 3 1
5 2 1
0 0 1
board #251 11
3 4 0
3 2 0
3 1 1
4 1 1
5 1 0
4 2 0
2 5 1
3 5 1
1 5 0
2 4 0
0 0 0
board #252 12
3 4 0
3 2 0
3 1 1
4 1 1
5 1 0
4 2 1
5 2 0
4 3 1
5 3 1
2 2 0
2 1 0
3 5 0
0 0 0
board #253 14
3 4 1
2 4 1
4 3 0
4 4 1
5 3 0
5 4 1
1 4 0
1 5 0
2 3 1
1 3 1
0 0 0
board #254 12
3 2 1
4 2 0
4 1 1
5 1 1
2 3 0
2 2 1
1 2 0
1 3 0
1 1 0
3 4 1
2 4 1
1 5 1
4 4 0
4 3 0
3 5 1
4 5 1
5 4 1
0 0 0
board #255 19
3 2 0
3 4 1
2 4 1
4 3 0
4 4 1
5 3 0
5 4 1
1 5 1
0 0 1
board #256 10
3 2 1
4 2 1
2 3 1
5 1 1
1 3 0
1 4 1
0 0 0
board #257 8
3 2 1
4 2 1
2 3 1
5 2 1
1 3 0
1 4 0
1 5 0
1 2 1
2 2 0
2 1 1
3 1 1
0 0 1
board #258 13
3 4 0
3 2 1
4 2 0
4 1 1
5 1 1
2 3 0
2 2 0
2 1 1
3 1 0
2 5 0
0 0 0
board #259 12
3 2 1
4 2 0
5 1 0
3 4 0
2 5 1
3 5 0
0 0 1
board #260 8
3 2 0
3 4 1
2 4 1
4 3 1
1 4 0
1 5 1
5 2 0
5 3 0
5 1 1
4 2 0
5 4 0
4 5 1
5 5 1
3 5 1
0 0 0
board #261 16
3 4 0
3 2 1
4 2 1
2 3 0
2 2 0
2 1 0
2 5 0
0 0 1
board #262 9
3 4 0
3 2 1
4 2 0
4 1 1
5 1 1
2 3 0
2 2 0
2 1 1
3 1 1
1 2 1
0 0 0
board #263 12
3 2 0
3 4 0
2 5 0
3 1 1
4 1 0
0 0 0
board #264 7
3 4 1
2 4 1
4 3 1
1 4 0
1 5 0
2 3 1
1 3 0
2 2 0
2 1 1
3 1 0
0 0 1
board #265 12
3 2 1
4 2 0
5 1 0
3 4 0
2 5 1
3 5 0
0 0 0
board #266 8
3 2 1
4 2 0
5 1 0
3 4 1
2 4 1
4 3 1
1 4 1
5 2 1
0 0 1
board #267 10
3 4 1
2 4 1
4 4 0
4 3 1
5 3 1
1 4 0
1 5 0
2 3 1
1 3 1
0 0 1
board #268 11
3 4 0
3 2 1
4 2 0
4 1 1
5 1 1
2 3 1
1 3 0
1 4 0
1 5 1
2 4 1
0 0 0
board #269 12
3 4 0
3 2 1
4 2 0
4 1 0
2 5 0
0 0 1
board #270 7
3 2 0
3 4 1
2 4 1
4 3 0
4 4 0
3 5 1
4 5 0
4 1 0
0 0 1
board #271 10
3 4 1
2 4 0
2 5 0
3 2 0
3 1 1
4 1 1
5 1 0
4 2 0
0 0 1
board #272 10
3 2 1
4 2 1
2 3 0
2 2 0
2 1 1
3 1 0
3 4 1
2 4 0
1 5 1
2 5 1
4 3 1
5 1 0
5 3 1
0 0 1
board #273 15
3 4 0
3 2 1
4 2 1
2 3 1
5 1 0
5 2 1
1 3 1
0 0 0
board #274 9
3 2 0
3 4 0
2 5 1
3 5 0
4 1 0
0 0 1
board #275 7
3 2 1
4 2 0
4 1 1
5 1 0
3 4 0
2 5 1
3 5 1
1 5 1
4 4 0
4 5 1
5 5 1
0 0 1
board #276 13
3 4 0
3 2 1
4 2 0
4 1 1
5 1 1
2 3 1
1 3 0
1 4 1
0 0 1
board #277 10
3 4 1
2 4 0
1 5 0
3 2 0
3 1 0
0 0 0
board #278 7
3 2 1
4 2 1
2 3 0
2 2 0
3 1 0
1 5 1
3 4 0
2 5 1
3 5 1
4 4 1
5 3 1
0 0 1
board #279 13
3 2 0
3 4 0
2 5 0
3 1 0
0 0 0
board #280 6
3 2 1
4 2 1
2 3 0
2 2 0
2 1 1
3 1 1
1 1 0
1 2 0
3 4 0
2 5 0
0 0 1
board #281 12
3 2 1
4 2 0
4 1 1
5 1 1
2 2 0
2 3 1
1 4 1
0 0 1
board #282 9
3 2 0
3 4 0
2 5 1
3 5 1
1 5 0
2 4 0
3 1 0
0 0 0
board #283 9
3 4 0
3 2 1
4 2 1
2 3 1
5 1 0
5 2 1
1 3 0
1 4 0
1 5 1
2 4 0
1 2 0
1 1 0
3 5 0
0 0 1
board #284 15
3 4 0
3 2 1
4 2 1
2 3 0
2 2 0
2 1 1
3 1 1
1 1 1
5 1 0
5 2 1
0 0 1
board #285 12
3 4 1
2 4 0
1 5 1
2 5 0
3 2 0
3 1 1
4 1 1
5 1 1
2 2 0
2 1 0
0 0 1
board #286 12
3 4 0
3 2 0
3 5 0
3 1 1
4 1 0
0 0 1
board #287 7
3 2 1
4 2 1
2 3 1
5 1 1
1 3 0
1 4 1
0 0 0
board #288 8
3 2 0
3 4 1
2 4 1
4 3 0
4 4 1
5 3 0
5 4 0
4 5 0
3 1 0
0 0 0
board #289 11
3 2 0
3 4 0
3 1 1
4 1 1
5 1 1
2 2 0
2 1 1
1 1 0
1 2 1
0 0 1
board #290 11
3 4 0
3 2 0
3 5 0
3 1 1
4 1 0
0 0 1
board #291 7
3 2 1
4 2 1
2 3 0
2 2 1
5 1 0
5 2 1
1 2 0
1 3 1
0 0 0
board #292 10
3 2 0
3 4 0
2 5 0
3 1 0
0 0 1
board #293 6
3 4 0
3 2 0
2 5 0
4 1 0
0 0 0
board #294 6
3 4 0
3 2 1
4 2 0
4 1 1
5 1 1
2 3 0
2 2 1
1 2 0
1 3 1
0 0 0
board #295 11
3 4 1
2 4 0
1 5 0
3 2 1
4 2 0
5 1 0
0 0 0
board #296 8
3 2 0
3 4 0
3 1 0
2 5 1
3 5 0
0 0 0
board #297 7
3 2 0
3 4 0
2 5 1
3 5 0
3 1 0
0 0 0
board #298 7
3 4 0
3 2 1
4 2 0
5 1 0
2 5 1
3 5 1
1 5 0
2 4 1
1 4 1
4 4 0
4 5 1
5 4 1
0 0 0
board #299 14
3 2 0
3 4 0
2 5 1
3 5 1
1 5 1
4 4 1
5 3 0
5 4 1
0 0 1
board #300 10
3 4 1
2 4 1
4 3 1
1 4 0
1 5 0
2 3 0
2 2 1
3 2 0
3 1 0
0 0 1
board #301 11
3 4 0
3 2 0
3 5 0
3 1 1
4 1 1
5 1 0
4 2 1
5 2 1
2 2 0
2 1 0
0 0 0
board #302 12
3 2 0
3 4 1
2 4 1
4 3 1
1 4 0
1 5 1
5 2 0
5 3 1
0 0 0
board #303 10
3 2 1
4 2 0
5 1 0
3 4 0
2 5 1
3 5 0
0 0 0
board #304 8
3 4 0
3 2 0
3 1 1
4 1 1
5 1 0
4 2 0
3 5 0
0 0 1
board #305 9
3 2 0
3 4 1
2 4 1
4 3 0
4 4 1
5 3 1
1 5 1
0 0 1
board #306 9
3 2 1
4 2 0
4 1 0
3 4 1
2 4 1
4 4 0
4 3 1
5 2 0
5 3 0
4 5 0
0 0 1
board #307 12
3 4 0
3 2 1
4 2 1
2 3 1
5 2 1
1 3 1
0 0 1
board #308 8
3 4 1
2 4 0
2 5 0
3 2 0
3 1 1
4 1 0
0 0 0
board #309 8
3 4 0
3 2 0
2 5 1
3 5 1
1 5 0
2 4 1
1 4 0
2 3 0
4 1 0
0 0 1
board #310 11
3 4 0
3 2 0
4 1 0
2 5 0
0 0 0
board #311 6
3 2 0
3 4 1
2 4 0
1 5 1
2 5 0
3 1 1
4 1 0
0 0 1
board #312 9
3 2 1
4 2 1
2 3 1
5 1 0
5 2 1
1 3 0
1 4 1
0 0 1
board #313 9
3 2 0
3 4 0
4 1 0
2 5 1
3 5 1
1 5 1
4 4 1
5 3 0
5 4 0
4 3 1
5 2 1
0 0 0
board #314 13
3 4 1
2 4 0
1 5 1
2 5 0
3 2 0
4 1 0
0 0 0
board #315 8
3 2 0
3 4 0
2 5 1
3 5 0
3 1 0
0 0 0
board #316 7
3 2 1
4 2 0
4 1 1
5 1 0
3 4 1
2 4 1
4 4 1
1 4 0
1 5 1
5 3 0
5 4 1
0 0 1
board #317 13
3 4 1
2 4 1
4 3 0
4 4 0
3 5 1
4 5 1
5 4 0
5 5 1
1 5 1
0 0 0
board #318 11
3 4 1
2 4 1
4 3 1
1 5 1
5 2 0
5 3 1
0 0 1
board #319 8
3 4 0
3 2 1
4 2 1
2 3 1
5 1 0
5 2 0
4 3 0
2 5 1
3 5 0
0 0 1
board #320 11
3 4 1
2 4 0
1 5 1
2 5 1
4 4 1
5 3 0
5 4 0
4 3 0
4 5 1
5 5 0
3 2 0
3 1 1
4 1 1
5 1 0
5 2 0
0 0 1
board #321 17
3 4 0
3 2 1
4 2 0
4 1 0
2 5 0
0 0 0
board #322 7
3 2 0
3 4 1
2 4 1
4 3 1
1 4 1
5 2 1
0 0 1
board #323 8
3 4 1
2 4 0
1 5 0
3 2 0
4 1 0
0 0 1
board #324 7
3 2 1
4 2 0
4 1 0
3 4 0
2 5 1
3 5 0
0 0 1
board #325 8
3 4 0
3 2 1
4 2 0
4 1 1
5 1 0
2 5 0
0 0 1
board #326 8
3 2 0
3 4 1
2 4 0
2 5 0
3 1 0
0 0 0
board #327 7
3 4 1
2 4 1
4 3 0
4 4 0
4 5 0
3 2 0
3 1 0
0 0 1
board #328 9
3 4 1
2 4 1
4 3 0
4 4 1
1 5 1
5 3 0
5 4 0
5 5 0
3 2 1
5 1 0
4 2 1
5 2 0
0 0 1
board #329 14
3 2 0
3 4 0
3 1 1
4 1 1
5 1 1
2 2 1
1 2 0
1 3 0
2 3 0
2 1 0
2 5 0
0 0 1
board #330 13
3 2 1
4 2 0
4 1 1
5 1 1
2 3 1
1 3 0
1 4 1
0 0 1
board #331 9
3 2 0
3 4 1
2 4 0
2 5 0
3 1 1
4 1 1
5 1 0
4 2 0
0 0 1
board #332 10
3 4 1
2 4 0
1 5 0
3 2 0
3 1 1
4 1 1
5 1 1
2 2 0
2 1 1
1 2 1
0 0 1
board #333 12
3 4 1
2 4 0
2 5 0
3 2 0
3 1 1
4 1 1
5 1 0
4 2 1
5 2 1
2 2 0
2 1 1
1 1 1
0 0 0
board #334 14
3 4 0
3 2 1
4 2 1
2 3 1
5 1 1
1 3 1
0 0 1
board #335 8
3 2 0
3 4 0
3 1 1
4 1 0
3 5 0
0 0 1
board #336 7
3 2 1
4 2 0
5 1 0
3 4 1
2 4 1
4 4 0
4 3 0
3 5 1
4 5 1
5 4 1
1 4 0
1 5 1
0 0 1
board #337 14
3 2 1
4 2 0
4 1 0
3 4 1
2 4 1
4 4 0
4 3 1
5 2 1
1 4 1
0 0 0
board #338 11
3 4 0
3 2 0
3 1 0
2 5 0
0 0 0
board #339 6
3 2 0
3 4 1
2 4 1
4 3 0
4 4 1
5 3 1
1 4 1
0 0 0
board #340 9
3 4 0
3 2 0
2 5 0
3 1 1
4 1 0
0 0 0
board #341 7
3 2 1
4 2 1
2 3 1
5 1 0
5 2 0
4 3 0
4 4 1
3 4 0
2 5 0
0 0 1
board #342 11
3 4 0
3 2 0
2 5 1
3 5 0
3 1 1
4 1 0
0 0 0
board #343 8
3 2 1
4 2 0
4 1 0
3 4 0
3 5 0
0 0 0
board #344 7
3 4 1
2 4 0
2 5 0
3 2 0
3 1 0
0 0 0
board #345 7
3 4 0
3 2 1
4 2 0
4 1 1
5 1 1
2 3 1
1 3 0
1 4 0
1 5 1
2 4 1
0 0 0
board #346 12
3 2 1
4 2 1
2 3 0
2 2 0
2 1 1
3 1 0
3 4 0
2 5 0
0 0 1
board #347 10
3 2 1
4 2 1
2 3 1
5 1 0
5 2 1
1 3 0
1 4 0
1 5 1
2 4 0
1 2 0
2 5 1
3 4 0
3 5 1
4 4 1
4 3 0
5 3 0
5 4 0
4 5 0
1 1 0
0 0 1
board #348 21
3 4 0
3 2 0
2 5 1
3 5 1
1 5 0
2 4 0
3 1 1
4 1 1
5 1 1
2 2 0
2 1 1
1 1 1
0 0 1
board #349 14
3 2 1
4 2 0
4 1 0
3 4 1
2 4 0
2 5 0
0 0 0
board #350 8
3 2 0
3 4 0
3 1 0
3 5 0
0 0 0
board #351 6
3 2 1
4 2 1
2 3 0
2 2 1
1 2 0
1 3 0
1 1 0
3 4 0
2 5 1
3 5 1
1 5 1
4 4 1
5 4 1
0 0 0
board #352 15
3 2 1
4 2 1
2 3 0
2 2 1
1 2 1
5 1 1
0 0 1
board #353 8
3 4 0
3 2 1
4 2 1
2 3 0
2 2 0
2 1 0
2 5 0
0 0 1
board #354 9
3 2 0
3 4 0
3 1 0
2 5 1
3 5 0
0 0 1
board #355 7
3 4 0
3 2 0
3 1 1
4 1 0
2 5 1
3 5 0
0 0 1
board #356 8
3 4 0
3 2 0
2 5 1
3 5 1
1 5 0
2 4 1
1 4 1
4 4 1
5 3 1
0 0 1
board #357 11
3 4 0
3 2 1
4 2 1
2 3 1
5 1 1
1 3 0
1 4 1
0 0 1
board #358 9
3 4 1
2 4 0
1 5 0
3 2 0
3 1 1
4 1 0
0 0 1
board #359 8
3 4 0
3 2 0
3 1 1
4 1 0
2 5 0
0 0 1
board #360 7
3 4 1
2 4 1
4 3 0
4 4 0
3 5 0
3 2 1
5 1 1
4 1 1
2 3 1
1 3 0
1 4 0
1 5 1
0 0 1
board #361 14
3 2 1
4 2 0
4 1 0
3 4 0
2 5 1
3 5 0
0 0 0
board #362 8
3 4 1
2 4 1
4 4 0
4 3 0
3 5 1
4 5 1
5 5 1
1 4 0
1 5 1
0 0 1
board #363 11
3 2 0
3 4 0
3 1 1
4 1 0
2 5 1
3 5 0
0 0 1
board #364 8
3 2 0
3 4 1
2 4 1
4 3 1
1 4 0
1 5 1
5 2 0
5 3 0
5 1 0
5 4 0
5 5 0
0 0 1
board #365 13
3 2 0
3 4 0
3 5 0
4 1 0
0 0 1
board #366 6
3 4 1
2 4 0
1 5 1
2 5 1
4 3 0
4 4 1
5 3 0
5 4 0
4 5 1
5 5 1
0 0 1
board #367 12
3 2 0
3 4 1
2 4 0
1 5 1
2 5 1
4 3 1
5 2 0
5 3 1
0 0 1
board #368 10
3 2 1
4 2 1
2 2 1
5 2 1
1 2 1
0 0 0
board #369 7
3 2 1
4 2 0
5 1 0
3 4 1
2 4 1
4 4 0
4 3 0
3 5 0
0 0 0
board #370 10
3 2 1
4 2 0
4 1 1
5 1 0
3 4 0
2 5 0
0 0 1
board #371 8
3 2 1
4 2 0
4 1 1
5 1 0
3 4 0
3 5 0
0 0 1
board #372 8
3 2 0
3 4 1
2 4 1
4 3 0
4 4 1
1 4 0
1 5 1
5 4 1
0 0 1
board #373 10
3 4 1
2 4 0
1 5 1
2 5 0
3 2 1
4 2 1
2 2 1
5 1 0
5 2 0
4 3 0
0 0 0
board #374 12
3 4 0
3 2 0
2 5 0
3 1 1
4 1 1
5 1 1
2 2 1
1 2 0
1 3 1
0 0 0
board #375 11
3 4 0
3 2 0
2 5 1
3 5 0
3 1 1
4 1 1
5 1 0
4 2 1
5 2 0
4 3 0
0 0 0
board #376 12
3 4 0
3 2 0
2 5 1
3 5 0
4 1 0
0 0 0
board #377 7
3 2 0
3 4 0
3 1 1
4 1 0
2 5 1
3 5 0
0 0 0
board #378 8
3 4 1
2 4 1
4 4 1
1 4 0
1 5 0
2 3 0
2 2 1
3 2 0
3 1 0
0 0 0
board #379 11
3 4 0
3 2 1
4 2 1
2 3 0
2 2 0
2 1 0
2 5 0
0 0 0
board #380 9
3 2 0
3 4 1
2 4 0
1 5 1
2 5 1
4 3 0
4 4 0
3 5 1
4 5 0
3 1 0
0 0 0
board #381 12
3 4 1
2 4 0
1 5 1
2 5 0
3 2 1
4 2 0
4 1 1
5 1 0
0 0 0
board #382 10
3 4 0
3 2 0
3 1 1
4 1 1
5 1 1
2 2 1
1 3 1
0 0 0
board #383 9
3 4 1
2 4 1
4 3 0
4 4 1
1 4 0
1 5 1
5 4 1
0 0 1
board #384 9
3 2 1
4 2 1
2 3 0
2 2 1
1 2 0
1 3 1
5 1 1
0 0 1
board #385 9
3 2 0
3 4 1
2 4 0
2 5 0
3 1 1
4 1 1
5 1 0
4 2 1
5 2 0
4 3 1
2 2 0
2 1 0
0 0 1
board #386 14
3 4 0
3 2 1
4 2 1
2 3 0
2 2 1
1 2 0
1 3 1
5 1 1
0 0 0
board #387 10
3 2 0
3 4 0
3 1 0
3 5 0
0 0 0
board #388 6
3 4 1
2 4 1
4 3 0
4 4 0
3 5 0
3 2 1
5 1 0
5 2 0
0 0 0
board #389 10
3 2 0
3 4 0
2 5 1
3 5 0
3 1 1
4 1 0
0 0 0
board #390 8
3 2 1
4 2 0
4 1 1
5 1 1
2 3 0
2 2 0
2 1 1
3 1 1
1 1 0
1 2 1
0 0 0
board #391 12
3 2 1
4 2 0
4 1 0
3 4 1
2 4 0
1 5 0
0 0 1
board #392 8
3 4 0
3 2 0
3 1 1
4 1 1
5 1 0
4 2 1
5 2 1
2 2 0
2 1 0
2 5 1
3 5 0
0 0 0
board #393 13
3 2 0
3 4 0
3 1 0
2 5 1
3 5 0
0 0 1
board #394 7
3 4 0
3 2 1
4 2 0
4 1 1
5 1 1
2 3 0
2 2 0
2 1 1
3 1 1
1 1 0
1 2 1
0 0 1
board #395 13
3 2 0
3 4 1
2 4 1
4 3 0
4 4 0
3 5 1
4 5 1
5 4 0
5 5 0
3 1 1
4 1 1
5 1 0
5 2 0
0 0 0
board #396 15
3 2 1
4 2 1
2 3 0
2 2 0
2 1 0
3 4 0
2 5 1
3 5 0
0 0 0
board #397 10
3 4 0
3 2 0
3 5 0
3 1 1
4 1 1
5 1 1
2 2 0
2 1 0
0 0 0
board #398 10
3 2 0
3 4 0
3 5 0
3 1 1
4 1 0
0 0 0
board #399 7
3 2 0
3 4 1
2 4 1
4 3 0
4 4 1
5 3 0
5 4 1
1 5 1
0 0 1
board #400 10
3 4 1
2 4 0
1 5 1
2 5 1
4 3 0
4 4 1
5 3 1
0 0 0
board #401 9
3 4 0
3 2 1
4 2 1
2 3 0
2 2 1
1 3 1
5 1 1
0 0 0
board #402 9
3 4 1
2 4 1
4 3 1
1 4 1
5 2 0
5 3 1
0 0 1
board #403 8
3 2 1
4 2 0
5 1 0
3 4 1
2 4 0
2 5 0
0 0 1
board #404 8
3 4 1
2 4 1
4 4 0
4 3 0
4 5 0
3 2 1
5 1 0
4 2 1
5 2 0
0 0 1
board #405 11
3 2 1
4 2 1
2 3 0
2 2 0
2 1 1
3 1 0
3 4 0
3 5 0
0 0 1
board #406 10
3 4 0
3 2 1
4 2 0
4 1 0
2 5 0
0 0 1
board #407 7
3 4 0
3 2 1
4 2 1
2 3 0
2 2 0
2 1 1
3 1 1
1 1 0
1 2 0
2 5 1
3 5 1
1 5 0
2 4 0
0 0 1
board #408 15
3 2 0
3 4 1
2 4 0
1 5 1
2 5 0
4 1 0
0 0 1
board #409 8
3 2 1
4 2 1
2 2 0
2 3 1
5 1 0
5 2 1
1 3 1
0 0 0
board #410 9
3 2 1
4 2 0
4 1 1
5 1 0
3 4 0
3 5 0
0 0 1
board #411 8
3 4 0
3 2 1
4 2 0
5 1 0
3 5 0
0 0 0
board #412 7
3 2 0
3 4 0
2 5 1
3 5 1
1 5 0
2 4 0
4 1 0
0 0 0
board #413 9
3 4 0
3 2 0
3 1 0
2 5 1
3 5 0
0 0 1
board #414 7
3 4 1
2 4 1
4 3 0
4 4 0
3 2 1
5 1 1
4 2 1
2 3 1
1 3 0
1 5 1
0 0 1
board #415 12
3 4 0
3 2 0
3 1 1
4 1 1
5 1 1
2 2 0
2 1 1
1 2 1
0 0 0
board #416 10
3 4 1
2 4 1
4 3 1
1 4 1
5 2 1
0 0 1
board #417 7
3 2 1
4 2 0
4 1 1
5 1 0
3 4 0
2 5 1
3 5 0
0 0 1
board #418 9
3 4 1
2 4 1
4 4 0
4 3 1
5 3 1
1 4 0
1 5 1
0 0 0
board #419 9
3 2 0
3 4 1
2 4 1
4 3 1
1 4 1
5 2 1
0 0 1
board #420 8
3 4 0
3 2 0
3 1 1
4 1 0
3 5 0
0 0 1
board #421 7
3 2 0
3 4 1
2 4 0
1 5 1
2 5 1
4 3 0
4 4 0
3 5 1
4 5 0
3 1 1
4 1 0
0 0 1
board #422 13
3 4 0
3 2 1
4 2 0
4 1 1
5 1 1
2 3 1
1 3 1
0 0 0
board #423 9
3 2 1
4 2 0
4 1 0
3 4 1
2 4 0
2 5 0
0 0 0
board #424 8
3 4 1
2 4 1
4 3 0
4 4 0
3 5 1
4 5 0
3 2 0
3 1 1
4 1 1
5 1 0
5 2 0
0 0 0
board #425 13
3 4 0
3 2 1
4 2 1
2 2 1
5 2 1
1 2 0
1 3 1
0 0 0
board #426 9
3 2 1
4 2 0
4 1 1
5 1 0
3 4 1
2 4 0
2 5 0
0 0 0
board #427 9
3 2 1
4 2 0
4 1 0
3 4 0
2 5 1
3 5 0
0 0 1
board #428 8
3 2 1
4 2 0
4 1 0
3 4 0
2 5 1
3 5 0
0 0 0
board #429 8
3 2 1
4 2 0
4 1 0
3 4 0
2 5 0
0 0 1
board #430 7
3 4 1
2 4 0
1 5 1
2 5 0
3 2 0
3 1 1
4 1 0
0 0 1
board #431 9
3 4 1
2 4 0
2 5 0
3 2 1
4 2 0
4 1 1
5 1 1
2 2 0
2 3 1
1 3 0
1 4 0
2 1 1
3 1 0
0 0 0
board #432 15
3 4 1
2 4 1
4 3 1
1 4 0
1 5 1
5 3 1
0 0 0
board #433 8
3 4 0
3 2 0
3 1 0
2 5 1
3 5 1
1 5 0
2 4 0
0 0 1
board #434 9
3 2 0
3 4 0
3 1 1
4 1 1
5 1 1
2 2 0
2 1 1
1 1 1
0 0 0
board #435 10
3 2 1
4 2 1
2 3 0
2 2 0
3 1 0
3 4 1
2 4 1
1 4 0
1 5 0
0 0 0
board #436 11
3 4 0
3 2 0
4 1 0
2 5 1
3 5 0
0 0 1
board #437 7
3 4 1
2 4 1
4 4 1
1 4 0
1 5 1
5 3 0
5 4 0
4 3 0
4 5 1
5 5 0
3 2 0
3 1 1
4 1 0
0 0 0
board #438 15
3 4 1
2 4 1
4 3 1
1 4 1
5 2 1
0 0 1
board #439 7
3 2 1
4 2 1
2 3 0
2 2 0
2 1 1
3 1 0
3 4 1
2 4 1
1 4 0
1 5 1
4 3 0
4 4 1
5 3 0
5 4 0
5 5 0
0 0 0
board #440 17
3 2 0
3 4 1
2 4 1
4 3 1
1 4 0
1 5 0
2 3 0
4 1 0
0 0 1
board #441 10
3 4 0
3 2 1
4 2 0
5 1 0
2 5 1
3 5 1
1 5 1
4 4 0
4 5 1
5 4 0
5 5 1
0 0 0
board #442 13
3 4 1
2 4 0
2 5 0
3 2 1
4 2 0
5 1 0
0 0 0
board #443 8
3 4 0
3 2 1
4 2 1
2 3 0
2 2 1
1 2 1
5 1 1
0 0 0
board #444 9
3 2 1
4 2 0
4 1 1
5 1 1
2 2 0
2 3 1
1 4 1
0 0 0
board #445 9
3 4 0
3 2 0
2 5 1
3 5 1
1 5 0
2 4 0
3 1 1
4 1 0
0 0 0
board #446 10
3 2 1
4 2 0
4 1 1
5 1 1
2 3 1
1 3 0
1 4 1
0 0 1
board #447 9
3 4 0
3 2 1
4 2 1
2 3 0
2 2 0
3 1 0
3 5 0
0 0 0
board #448 9
3 2 1
4 2 1
2 3 1
5 1 0
5 2 0
4 3 0
4 4 0
3 5 1
4 5 1
2 5 0
2 4 1
3 4 1
5 5 1
1 3 1
0 0 1
board #449 16
3 2 1
4 2 1
2 3 0
2 2 0
2 1 1
3 1 1
1 1 1
5 1 0
5 2 1
0 0 1
board #450 11
3 4 1
2 4 0
1 5 1
2 5 1
4 4 1
5 3 0
5 4 1
0 0 1
board #451 9
3 4 1
2 4 0
2 5 0
3 2 0
3 1 1
4 1 1
5 1 1
2 2 0
2 1 1
1 2 1
0 0 1
board #452 12
3 4 0
3 2 1
4 2 0
5 1 0
3 5 0
0 0 1
board #453 7
3 2 1
4 2 0
4 1 0
3 4 1
2 4 1
4 4 0
4 3 0
3 5 0
0 0 1
board #454 10
3 4 0
3 2 1
4 2 1
2 3 1
5 1 0
5 2 0
4 3 0
2 5 1
3 5 1
1 5 1
4 5 0
4 4 1
5 4 1
0 0 1
board #455 15
3 4 0
3 2 0
2 5 1
3 5 0
3 1 0
0 0 1
board #456 7
3 2 1
4 2 1
2 3 1
5 1 0
5 2 0
4 3 1
5 3 0
4 4 0
4 5 0
0 0 1
board #457 11
3 4 0
3 2 0
3 1 0
3 5 0
0 0 1
board #458 6
3 2 0
3 4 0
3 1 1
4 1 1
5 1 0
4 2 1
5 2 0
4 3 1
5 3 0
4 4 1
5 4 1
2 2 0
2 1 1
1 1 1
0 0 0
board #459 16
3 2 0
3 4 1
2 4 1
4 3 1
1 4 0
1 5 1
5 3 1
0 0 0
board #460 9
3 4 0
3 2 1
4 2 1
2 3 0
2 2 1
1 2 1
5 1 1
0 0 0
board #461 9
3 4 0
3 2 1
4 2 1
2 3 1
5 1 0
5 2 0
4 3 0
2 5 0
0 0 1
board #462 10
3 2 0
3 4 1
2 4 1
4 3 0
4 4 1
5 3 0
5 4 1
1 5 1
0 0 1
board #463 10
3 2 0
3 4 1
2 4 0
1 5 1
2 5 0
4 1 0
0 0 1
board #464 8
3 2 0
3 4 1
2 4 1
4 3 0
4 4 0
3 5 1
4 5 0
4 1 0
0 0 0
board #465 10
3 4 1
2 4 1
4 3 1
1 4 0
1 5 0
2 3 1
1 3 0
2 2 0
3 1 0
0 0 0
board #466 11
3 4 1
2 4 1
4 3 0
4 4 1
5 3 1
1 4 1
0 0 0
board #467 8
3 4 1
2 4 0
2 5 0
3 2 0
4 1 0
0 0 1
board #468 7
3 2 0
3 4 1
2 4 0
1 5 0
4 1 0
0 0 0
board #469 7
3 4 1
2 4 0
2 5 0
3 2 0
3 1 1
4 1 0
0 0 0
board #470 8
3 2 0
3 4 1
2 4 0
1 5 1
2 5 1
4 3 1
5 2 1
0 0 0
board #471 9
3 2 0
3 4 0
3 5 0
3 1 0
0 0 0
board #472 6
3 4 1
2 4 0
1 5 1
2 5 0
3 2 1
4 2 1
2 2 1
5 2 1
1 2 1
0 0 1
board #473 11
3 2 0
3 4 0
3 5 0
3 1 1
4 1 1
5 1 1
2 2 1
1 2 1
0 0 0
board #474 10
3 2 0
3 4 0
2 5 1
3 5 0
4 1 0
0 0 1
board #475 7
3 2 0
3 4 0
3 5 0
3 1 0
0 0 1
board #476 6
3 4 0
3 2 0
3 1 1
4 1 1
5 1 0
4 2 0
3 5 0
0 0 1
board #477 9
3 2 1
4 2 0
4 1 1
5 1 1
2 3 1
1 4 1
0 0 0
board #478 8
3 4 0
3 2 1
4 2 1
2 3 1
5 1 0
5 2 0
4 3 0
2 5 1
3 5 1
1 5 1
4 5 1
5 4 0
5 5 1
0 0 1
board #479 15
3 4 0
3 2 1
4 2 0
4 1 1
5 1 0
3 5 0
0 0 1
board #480 8
3 4 0
3 2 0
4 1 0
3 5 0
0 0 0
board #481 6
3 2 1
4 2 1
2 3 1
5 1 0
5 2 0
4 3 1
5 3 1
1 3 0
1 4 0
1 5 0
1 2 1
2 2 0
2 1 0
0 0 0
board #482 15
3 2 0
3 4 0
4 1 0
2 5 0
0 0 1
board #483 6
3 4 0
3 2 1
4 2 0
4 1 0
2 5 1
3 5 0
0 0 0
board #484 8
3 4 1
2 4 1
4 3 0
4 4 1
5 4 1
1 4 1
0 0 1
board #485 8
3 4 1
2 4 0
2 5 0
3 2 1
4 2 1
2 2 0
2 3 0
2 1 0
0 0 0
board #486 10
3 4 0
3 2 0
2 5 1
3 5 0
3 1 1
4 1 1
5 1 0
4 2 1
5 2 0
4 3 1
5 3 1
2 2 1
1 3 1
0 0 1
board #487 15
3 2 0
3 4 1
2 4 0
1 5 1
2 5 1
4 3 0
4 4 1
5 3 0
5 4 1
0 0 1
board #488 11
3 4 0
3 2 1
4 2 1
2 3 0
2 2 0
2 1 1
3 1 0
2 5 1
3 5 1
1 5 0
1 4 1
2 4 1
4 4 0
4 5 0
0 0 0
board #489 16
3 4 1
2 4 0
1 5 1
2 5 0
3 2 1
4 2 0
4 1 1
5 1 0
0 0 1
board #490 10
3 2 0
3 4 1
2 4 1
4 3 1
1 4 0
1 5 1
5 3 1
0 0 0
board #491 9
3 2 1
4 2 0
4 1 1
5 1 0
3 4 0
2 5 1
3 5 0
0 0 0
board #492 9
3 4 0
3 2 1
4 2 1
2 3 0
2 2 0
2 1 1
3 1 1
1 1 1
5 2 1
0 0 0
board #493 11
3 2 0
3 4 0
2 5 1
3 5 1
1 5 0
2 4 1
1 4 1
4 4 1
5 4 1
0 0 1
board #494 11
3 4 0
3 2 1
4 2 0
4 1 1
5 1 1
2 3 0
2 2 0
2 1 1
3 1 0
2 5 1
3 5 1
1 5 0
1 4 0
0 0 1
board #495 15
3 4 1
2 4 0
1 5 1
2 5 1
4 3 0
4 4 1
5 4 1
0 0 1
board #496 9
3 2 1
4 2 0
5 1 0
3 4 0
2 5 1
3 5 0
0 0 1
board #497 8
3 4 1
2 4 1
4 3 1
1 4 1
5 3 1
0 0 0
board #498 7
3 2 1
4 2 0
5 1 0
3 4 1
2 4 1
4 4 0
4 3 0
4 5 0
0 0 0
board #499 10
3 2 0
3 4 0
3 1 1
4 1 0
2 5 1
3 5 0
0 0 0
board #500 8
3 2 0
3 4 0
4 1 0
2 5 0
0 0 0
board #501 6
3 4 1
2 4 1
4 3 0
4 4 0
3 5 1
4 5 1
5 4 0
5 5 0
3 2 1
5 1 0
4 2 1
5 2 1
2 3 0
2 2 1
1 2 0
1 3 1
0 0 0
board #502 18
3 4 0
3 2 0
3 1 1
4 1 0
3 5 0
0 0 1
board #503 7
3 4 0
3 2 1
4 2 1
2 3 1
5 1 1
1 3 0
1 4 0
1 5 0
2 2 1
1 2 1
0 0 1
board #504 12
3 4 1
2 4 0
1 5 1
2 5 1
4 3 1
5 2 0
5 3 1
0 0 1
board #505 9
3 4 0
3 2 1
4 2 1
2 3 0
2 2 1
1 2 0
1 3 0
1 1 1
2 1 1
5 2 1
0 0 0
board #506 12
3 4 1
2 4 1
4 3 0
4 4 0
3 5 1
4 5 0
3 2 1
4 2 1
2 3 0
2 2 1
5 1 0
5 2 0
0 0 1
board #507 14
3 2 1
4 2 1
2 2 1
5 1 1
