4 5 1
3 5 0
3 6 0
4 3 0
4 2 1
5 2 1
3 3 1
6 2 0
5 3 0
7 1 0
2 7 0
0 0 0
board #1 13
4 3 0
4 5 1
3 5 1
5 4 1
2 5 0
2 6 1
1 6 0
1 7 0
3 4 0
4 2 0
4 1 1
5 1 1
3 2 1
6 1 0
5 2 1
6 2 0
5 3 0
0 0 1
board #2 19
4 3 1
5 3 0
5 2 0
4 5 0
3 6 0
5 1 0
2 7 0
0 0 0
board #3 9
4 5 1
3 5 0
3 6 0
4 3 0
4 2 1
5 2 0
5 1 1
6 1 1
7 1 1
3 3 1
2 4 0
2 3 1
1 3 1
0 0 0
board #4 15
4 5 0
4 3 1
5 3 1
3 4 1
6 3 0
6 2 1
7 2 1
2 5 1
1 6 1
0 0 0
board #5 11
4 5 0
4 3 1
5 3 1
3 4 1
6 3 0
6 2 1
7 1 0
7 2 0
5 4 1
6 4 1
7 3 0
7 4 0
6 5 0
6 6 0
5 7 1
6 7 1
5 6 1
5 5 1
7 6 0
7 7 0
0 0 1
board #6 22
4 3 0
4 5 0
5 2 0
3 6 0
2 7 1
3 7 0
5 1 1
6 1 1
7 1 1
4 2 0
4 1 0
0 0 1
board #7 13
4 3 1
5 3 1
3 4 0
3 3 0
4 2 0
4 5 1
3 5 1
2 5 1
5 4 1
1 5 1
6 4 1
7 4 1
0 0 0
board #8 14
4 3 1
5 3 0
5 2 1
6 2 0
6 1 1
7 1 0
4 5 1
3 5 0
3 6 0
2 7 0
0 0 0
board #9 12
4 3 1
5 3 0
5 2 0
4 5 1
3 5 0
3 6 0
2 7 1
3 7 0
5 1 1
6 1 0
0 0 1
board #10 12
4 3 1
5 3 1
3 4 1
6 3 1
2 4 0
2 5 1
1 5 0
1 6 0
1 7 1
2 6 0
2 7 1
3 6 1
3 5 0
4 5 0
4 6 0
3 3 1
2 3 0
3 2 1
2 2 1
1 2 0
1 3 1
7 2 1
0 0 0
board #11 24
4 5 0
4 3 1
5 3 0
5 2 0
4 6 1
3 6 1
2 6 0
3 5 1
2 5 1
5 5 0
5 6 1
6 5 0
6 6 0
5 7 1
6 7 1
7 6 0
7 7 0
5 1 1
6 1 1
7 1 1
4 2 1
3 4 0
3 3 0
3 2 1
2 3 1
1 4 1
0 0 1
board #12 28
4 3 0
4 5 0
4 2 1
5 2 0
5 1 0
4 6 0
3 7 1
4 7 0
0 0 1
board #13 10
4 5 1
3 5 0
3 6 1
2 6 1
5 4 0
5 5 1
6 4 0
6 5 1
1 7 1
7 4 1
0 0 0
board #14 12
4 5 1
3 5 0
3 6 0
4 3 1
5 3 1
3 3 1
6 3 0
6 2 1
7 1 0
7 2 1
2 4 0
2 3 0
3 2 0
2 5 0
3 1 0
3 7 0
0 0 0
board #15 18
4 5 0
4 3 0
4 2 0
4 6 1
3 6 1
5 5 1
2 6 1
1 6 0
1 7 1
6 4 0
6 5 0
5 4 0
6 6 1
5 6 1
7 5 0
7 6 1
0 0 1
board #16 18
4 5 0
4 3 0
4 6 0
4 2 1
5 2 1
3 3 0
3 2 0
3 1 1
4 1 1
2 2 0
2 1 1
1 1 0
1 2 1
6 2 0
5 3 0
7 1 0
3 7 1
4 7 1
2 7 0
3 6 0
0 0 1
board #17 22
4 5 1
3 5 0
3 6 1
2 6 1
5 5 0
5 4 0
5 6 1
4 6 0
3 7 0
4 3 0
4 2 1
5 2 0
5 1 0
0 0 1
board #18 15
4 5 0
4 3 0
4 2 0
4 6 0
4 1 1
5 1 0
3 7 0
0 0 1
board #19 9
4 3 1
5 3 1
3 4 0
3 3 1
2 4 1
6 3 1
7 2 1
1 4 1
0 0 1
board #20 10
4 5 1
3 5 1
5 4 1
2 5 1
6 4 1
1 6 1
7 3 0
7 4 1
0 0 1
board #21 10
4 5 0
4 3 0
4 2 0
4 6 1
3 6 1
5 5 1
2 6 1
1 7 1
6 4 1
7 4 1
0 0 1
board #22 12
4 5 0
4 3 0
4 6 1
3 6 1
2 6 1
5 5 0
5 6 1
6 5 0
6 6 1
7 5 1
1 7 1
0 0 1
board #23 13
4 3 0
4 5 1
3 5 1
5 4 1
2 5 1
6 4 1
1 6 1
7 3 1
0 0 1
board #24 10
4 3 1
5 3 0
5 2 1
6 2 1
3 4 0
3 3 1
2 4 0
2 3 1
7 2 1
1 3 0
1 4 0
2 2 0
3 1 0
4 5 0
4 6 0
4 7 0
0 0 1
board #25 18
4 3 0
4 5 0
4 6 1
3 6 0
2 7 1
3 7 0
4 2 1
5 2 1
3 3 1
6 2 1
7 1 0
7 2 0
6 3 0
5 3 0
0 0 0
board #26 16
4 5 1
3 5 0
3 6 0
4 3 0
4 2 1
5 2 1
3 3 0
3 2 0
4 1 0
2 7 1
3 7 0
0 0 1
board #27 13
4 3 1
5 3 1
3 3 0
3 4 0
4 2 0
4 5 0
4 6 0
5 1 0
3 7 1
4 7 0
0 0 0
board #28 12
4 5 1
3 5 1
5 4 0
5 5 1
6 4 1
2 5 1
1 6 1
7 3 1
0 0 1
board #29 10
4 3 1
5 3 1
3 4 0
3 3 0
4 2 0
4 5 0
4 6 0
3 7 1
4 7 0
4 1 0
0 0 1
board #30 12
4 5 1
3 5 0
3 6 1
2 6 1
5 4 1
1 6 1
6 4 1
7 3 0
7 4 1
0 0 1
board #31 11
4 5 1
3 5 0
3 6 1
2 6 0
1 7 0
4 3 0
4 2 0
4 1 1
5 1 1
6 1 1
3 2 0
3 1 1
2 2 0
2 1 0
0 0 0
board #32 16
4 5 1
3 5 0
3 6 1
2 6 1
5 4 0
5 5 1
6 4 0
6 5 0
5 6 1
6 6 1
7 5 1
1 6 0
1 7 1
0 0 0
board #33 15
4 3 0
4 5 0
4 2 1
5 2 0
5 1 1
6 1 0
4 6 1
3 6 0
2 7 1
3 7 1
1 7 0
2 6 0
0 0 0
board #34 14
4 5 0
4 3 0
4 2 1
5 2 0
5 1 1
6 1 0
4 6 1
3 6 1
2 6 1
5 5 0
5 6 0
5 7 0
0 0 0
board #35 14
4 5 1
3 5 0
3 6 0
4 3 1
5 3 0
5 2 1
6 2 1
7 1 0
7 2 0
6 3 1
7 3 1
3 3 0
3 4 1
2 5 0
2 4 0
3 2 0
4 1 0
3 7 0
0 0 0
board #36 20
4 5 0
4 3 0
4 6 0
4 2 1
5 2 0
6 1 0
3 7 1
4 7 1
2 7 1
5 6 1
1 7 0
2 6 1
1 6 0
2 5 0
3 5 0
0 0 0
board #37 17
4 5 1
3 5 0
3 6 1
2 6 0
1 7 1
2 7 0
4 3 0
4 2 1
5 2 0
5 1 0
0 0 1
board #38 12
4 5 0
4 3 1
5 3 0
5 2 0
4 6 0
5 1 1
6 1 1
7 1 0
6 2 1
7 2 0
6 3 1
4 2 0
4 1 0
3 7 0
0 0 1
board #39 16
4 5 1
3 5 0
3 6 1
2 6 1
5 4 1
1 7 1
6 4 0
6 3 0
6 5 0
6 2 1
5 3 1
7 1 0
7 2 1
0 0 0
board #40 15
4 5 1
3 5 0
3 6 0
4 3 0
4 2 0
2 7 1
3 7 1
1 7 1
4 6 0
4 7 0
4 1 0
0 0 1
board #41 13
4 3 0
4 5 1
3 5 0
3 6 1
2 6 0
1 7 1
2 7 1
5 4 0
5 5 0
5 6 0
4 7 1
5 7 1
6 6 0
6 7 1
4 6 1
7 6 1
0 0 1
board #42 18
4 3 1
5 3 1
3 4 0
3 3 0
4 2 1
3 2 1
2 3 1
6 3 0
6 2 1
7 1 0
7 2 1
1 4 1
0 0 0
board #43 14
4 5 0
4 3 1
5 3 0
5 2 1
6 2 1
3 4 1
7 1 0
7 2 0
6 3 0
4 6 0
4 7 0
0 0 0
board #44 13
4 5 0
4 3 1
5 3 1
3 4 0
3 3 1
2 4 1
6 3 1
7 2 0
7 3 1
1 4 1
0 0 0
board #45 12
4 5 0
4 3 0
4 2 0
4 6 0
3 7 0
5 1 0
0 0 1
board #46 8
4 5 1
3 5 1
5 5 0
5 4 1
6 4 1
2 5 0
2 6 1
1 6 1
7 3 0
7 4 0
6 5 0
7 2 1
6 3 1
0 0 0
board #47 15
4 5 1
3 5 0
3 6 0
4 3 0
5 2 0
3 7 0
5 1 1
6 1 1
7 1 1
4 2 1
3 3 1
2 4 0
2 3 1
1 3 1
0 0 1
board #48 16
4 5 1
3 5 0
3 6 1
2 6 1
5 4 0
5 5 0
5 6 0
4 3 0
5 7 0
4 2 0
4 1 1
5 1 0
0 0 1
board #49 14
4 3 1
5 3 0
5 2 0
4 5 0
3 6 0
5 1 1
6 1 0
3 7 0
0 0 1
board #50 10
4 3 1
5 3 0
5 2 1
6 2 1
3 4 0
3 3 0
3 2 1
4 2 0
4 1 1
5 1 1
2 3 1
7 1 0
7 2 1
1 3 1
0 0 1
board #51 16
4 3 0
4 5 0
4 6 0
4 2 1
5 2 1
3 3 0
3 2 0
3 1 1
4 1 0
3 7 1
4 7 1
2 7 1
5 6 1
1 7 1
6 5 1
7 4 1
0 0 1
board #52 18
4 5 0
4 3 1
5 3 1
3 4 0
3 3 1
2 3 1
6 3 1
1 4 1
7 2 0
7 3 1
0 0 0
board #53 12
4 3 0
4 5 0
4 2 1
5 2 1
6 2 1
3 3 1
7 2 1
2 3 1
1 3 0
1 4 0
2 2 0
2 4 1
1 5 1
0 0 0
board #54 15
4 3 0
4 5 1
3 5 1
5 4 0
5 5 1
6 4 1
2 5 1
1 6 1
7 3 0
7 4 0
6 3 1
7 2 0
7 1 0
6 5 1
7 5 1
0 0 1
board #55 17
4 5 1
3 5 0
3 6 1
2 6 1
5 5 1
1 6 1
6 5 0
6 4 0
5 6 1
6 6 0
5 4 0
6 7 0
4 3 1
6 2 1
5 2 1
7 1 1
3 4 1
2 5 0
2 4 0
3 3 0
3 2 1
4 2 0
4 1 1
5 1 1
2 2 0
2 3 0
2 1 0
0 0 1
board #56 29
4 3 1
5 3 1
3 3 1
6 3 0
6 2 0
5 4 1
6 4 1
7 3 0
7 4 1
2 3 0
2 4 0
2 5 0
3 2 1
2 2 1
1 2 0
1 3 0
2 1 0
2 6 1
1 6 0
1 7 1
3 5 0
3 6 1
4 5 1
0 0 1
board #57 25
4 3 0
4 5 0
4 2 1
5 2 1
3 3 0
3 2 0
3 1 1
4 1 0
4 6 1
3 6 0
2 7 1
3 7 1
1 7 0
2 6 1
1 6 1
5 5 1
6 4 0
6 5 1
7 4 1
0 0 0
board #58 21
4 3 0
4 5 1
3 5 0
3 6 0
4 2 0
2 7 1
3 7 1
1 7 1
4 6 1
5 4 1
6 3 1
7 2 1
0 0 1
board #59 14
4 3 1
5 3 1
3 4 0
3 3 0
4 2 0
4 5 0
4 6 1
3 6 1
2 6 0
1 7 1
2 7 0
2 5 1
3 5 0
4 1 1
5 1 0
0 0 1
board #60 17
4 5 1
3 5 0
3 6 0
4 3 0
4 2 1
5 2 0
5 1 0
2 7 1
3 7 1
1 7 0
2 6 1
1 6 1
4 6 0
4 7 0
0 0 0
board #61 16
4 3 1
5 3 0
5 2 1
6 2 0
6 1 1
7 1 0
4 5 0
4 6 0
3 7 1
4 7 0
0 0 0
board #62 12
4 3 1
5 3 1
3 3 1
6 3 0
6 2 1
7 1 0
7 2 1
2 3 1
1 3 1
0 0 0
board #63 11
4 3 0
4 5 1
3 5 0
3 6 0
4 2 1
5 2 1
3 3 1
6 2 0
5 3 0
6 1 1
7 1 1
2 4 0
2 3 1
1 3 1
0 0 1
board #64 16
4 3 0
4 5 1
3 5 0
3 6 0
4 2 1
5 2 0
5 1 0
2 7 1
3 7 1
1 7 1
4 6 1
5 4 1
6 3 0
6 4 0
5 6 0
6 5 1
5 5 0
6 2 0
4 7 1
5 7 1
6 6 1
7 4 1
0 0 0
board #65 24
4 5 1
3 5 1
5 5 0
5 4 1
6 4 1
2 5 0
2 6 1
1 7 1
7 3 0
7 4 0
6 5 1
7 5 1
0 0 0
board #66 14
4 3 0
4 5 1
3 5 0
3 6 0
4 2 1
5 2 0
5 1 1
6 1 1
7 1 0
6 2 1
7 2 1
3 3 1
2 4 0
2 3 1
1 3 0
1 4 0
2 2 1
1 2 1
0 0 1
board #67 20
4 5 1
3 5 1
5 4 0
5 5 0
4 6 0
4 3 0
4 2 0
3 7 0
4 1 1
5 1 0
0 0 0
board #68 12
4 5 1
3 5 0
3 6 1
2 6 1
5 5 1
1 6 0
1 7 0
2 5 0
4 3 0
5 2 0
5 1 1
6 1 0
0 0 0
board #69 14
4 3 0
4 5 0
4 2 0
4 6 0
3 7 1
4 7 0
5 1 0
0 0 1
board #70 9
4 5 0
4 3 1
5 3 1
3 4 0
3 3 0
4 2 1
3 2 1
2 3 0
2 2 1
1 2 0
1 3 1
6 3 0
6 2 1
7 1 1
0 0 0
board #71 16
4 3 0
4 5 0
4 2 0
4 6 1
3 6 1
5 5 1
2 6 1
1 6 1
6 4 0
6 5 1
7 4 0
7 5 0
6 6 1
7 6 0
5 4 0
6 7 1
7 7 1
0 0 1
board #72 19
4 3 1
5 3 0
5 2 1
6 2 0
6 1 1
7 1 0
4 5 0
4 6 0
3 7 0
0 0 1
board #73 11
4 5 0
4 3 1
5 3 0
5 2 1
6 2 0
6 1 1
7 1 0
4 6 0
3 7 1
4 7 1
5 6 0
5 7 0
0 0 1
board #74 14
4 5 0
4 3 1
5 3 1
3 4 0
3 3 0
4 2 1
3 2 1
2 3 1
6 3 0
6 2 1
7 1 0
7 2 0
5 4 0
4 6 1
3 6 1
2 6 0
1 7 1
2 7 1
5 6 0
5 5 0
4 7 1
5 7 0
0 0 0
board #75 24
4 5 0
4 3 1
5 3 0
5 2 0
4 6 1
3 6 0
2 7 1
3 7 0
5 1 0
0 0 1
board #76 11
4 3 0
4 5 0
4 2 0
4 6 1
3 6 0
2 7 0
4 1 1
5 1 1
3 2 0
3 1 0
0 0 0
board #77 12
4 5 0
4 3 0
4 2 1
5 2 1
3 3 0
3 2 0
4 1 0
4 6 0
3 7 0
0 0 1
board #78 11
4 5 1
3 5 1
5 4 0
5 5 0
4 6 1
5 6 1
6 5 1
2 5 0
2 6 1
1 7 1
7 4 0
7 5 1
0 0 1
board #79 14
4 3 0
4 5 1
3 5 0
3 6 0
4 2 1
5 2 0
5 1 1
6 1 0
2 7 1
3 7 1
1 7 0
2 6 1
1 6 1
4 6 1
5 4 1
6 3 0
6 4 1
7 4 1
0 0 0
board #80 20
4 3 0
4 5 1
3 5 0
3 6 0
4 2 1
5 2 1
6 2 0
5 3 0
6 1 0
2 7 1
3 7 1
1 7 1
4 6 0
4 7 1
5 6 0
5 7 1
6 6 0
6 7 1
7 6 1
0 0 0
board #81 21
4 5 0
4 3 1
5 3 1
3 3 0
3 4 0
4 2 1
3 2 1
2 3 1
6 3 1
1 3 0
1 4 1
7 3 1
0 0 1
board #82 14
4 3 1
5 3 1
3 3 0
3 4 0
4 2 0
4 5 1
3 5 0
3 6 1
2 6 1
5 4 0
5 5 0
5 6 1
4 6 1
6 5 0
6 6 1
7 5 1
1 6 0
1 7 1
0 0 0
board #83 20
4 3 1
5 3 0
5 2 1
6 2 0
7 1 0
4 5 1
3 5 1
5 5 0
5 4 1
6 4 1
2 5 0
2 6 1
1 6 0
1 7 0
3 4 1
2 4 1
1 4 1
7 3 1
0 0 0
board #84 20
4 3 1
5 3 0
5 2 0
4 5 1
3 5 0
3 6 1
2 6 0
2 7 0
6 1 0
0 0 0
board #85 11
4 3 0
4 5 1
3 5 0
3 6 1
2 6 0
1 7 0
4 2 1
5 2 1
3 3 0
3 2 0
3 1 0
0 0 0
board #86 13
4 3 1
5 3 1
3 4 0
3 3 0
4 2 0
4 5 1
3 5 1
2 5 0
2 6 1
1 6 1
5 4 0
5 5 1
6 4 1
7 3 1
0 0 0
board #87 16
4 5 0
4 3 0
4 2 1
5 2 0
5 1 1
6 1 1
7 1 0
6 2 1
7 2 1
3 3 0
3 2 0
3 1 1
4 1 1
2 2 0
2 1 1
1 1 1
0 0 0
board #88 18
4 5 1
3 5 0
3 6 0
4 3 1
5 3 0
5 2 1
6 2 1
3 3 1
7 2 1
2 4 0
2 3 1
1 3 0
1 4 0
2 2 0
2 5 1
3 4 0
3 1 0
2 7 1
3 7 0
0 0 1
board #89 21
4 3 0
4 5 0
4 6 1
3 6 0
4 2 1
5 2 1
6 2 0
5 3 1
6 3 1
3 3 0
3 2 0
4 1 0
2 7 0
0 0 0
board #90 15
4 5 0
4 3 0
4 6 1
3 6 0
4 2 1
5 2 0
6 1 0
2 7 1
3 7 1
1 7 1
5 5 0
5 6 1
6 5 0
6 6 1
7 6 1
0 0 0
board #91 17
4 3 0
4 5 0
4 2 1
5 2 1
3 3 0
3 2 1
6 2 1
2 3 0
2 2 1
1 2 0
1 3 1
7 1 1
0 0 1
board #92 14
4 3 0
4 5 0
4 2 1
5 2 0
5 1 0
4 6 0
3 7 1
4 7 0
0 0 0
board #93 10
4 3 1
5 3 0
5 2 1
6 2 0
6 1 0
4 5 0
4 6 0
3 7 1
4 7 1
2 7 1
5 6 0
5 7 0
0 0 1
board #94 14
4 3 1
5 3 0
5 2 1
6 2 0
6 1 0
4 5 0
4 6 1
3 6 0
2 7 1
3 7 0
0 0 0
board #95 12
4 5 0
4 3 0
4 2 1
5 2 0
5 1 1
6 1 0
3 6 0
2 7 0
0 0 0
board #96 10
4 3 1
5 3 1
3 4 1
6 3 1
2 4 1
7 2 0
7 3 1
1 4 0
1 5 0
2 3 1
1 3 0
1 6 0
1 7 1
2 6 1
2 5 0
3 5 1
0 0 1
board #97 18
4 5 0
4 3 0
4 2 1
5 2 0
5 1 0
4 6 1
3 6 0
2 7 1
3 7 0
0 0 1
board #98 11
4 5 1
3 5 1
5 4 1
2 5 1
6 4 1
1 5 1
7 3 0
7 4 1
0 0 0
board #99 10
4 5 0
4 3 0
4 6 1
3 6 1
2 6 0
3 5 0
2 7 0
4 2 1
5 2 1
6 2 1
3 3 0
3 2 0
4 1 0
0 0 0
board #100 15
4 5 0
4 3 1
5 3 0
5 2 1
6 2 1
3 4 1
7 2 1
2 4 1
1 4 0
1 5 0
1 6 0
2 3 1
1 3 1
0 0 0
board #101 15
4 5 0
4 3 1
5 3 1
3 4 1
6 3 0
6 2 1
7 1 1
2 5 1
1 5 1
0 0 1
board #102 11
4 3 0
4 5 1
3 5 1
5 4 1
2 5 1
6 4 0
6 3 1
7 2 1
1 6 1
0 0 1
board #103 11
4 5 1
3 5 1
2 5 0
2 6 0
3 4 0
2 7 0
3 3 1
4 3 0
4 2 1
5 2 0
5 1 0
0 0 0
board #104 13
4 3 1
5 3 0
5 2 0
4 5 0
4 6 0
6 1 0
4 7 0
0 0 0
board #105 9
4 5 1
3 5 0
3 6 1
2 6 0
1 7 0
4 3 1
5 3 0
5 2 1
6 2 0
7 1 0
0 0 1
board #106 12
4 3 0
4 5 0
4 2 1
5 2 0
5 1 0
4 6 0
3 7 1
4 7 0
0 0 0
board #107 10
4 5 0
4 3 1
5 3 1
3 4 0
3 3 1
2 4 0
2 3 1
6 3 1
1 3 0
1 4 0
2 2 1
1 2 0
1 1 0
4 6 1
3 6 1
2 6 1
5 5 0
5 6 1
6 5 1
1 6 1
7 4 0
7 5 0
6 4 0
6 6 0
5 7 1
6 7 0
0 0 1
board #108 28
4 5 0
4 3 0
4 6 1
3 6 1
5 5 1
2 6 1
1 6 0
1 7 0
2 5 0
3 4 1
3 5 1
2 4 0
3 3 0
3 2 1
4 2 1
5 2 0
5 1 1
6 1 1
7 1 1
2 2 0
2 3 0
2 1 1
3 1 1
1 2 1
0 0 1
board #109 26
4 3 1
5 3 1
6 3 1
3 3 1
2 3 0
2 4 0
3 2 1
2 2 0
2 5 1
3 4 0
3 1 0
4 5 1
3 5 0
3 6 1
2 6 0
1 7 0
0 0 1
board #110 18
4 5 1
3 5 1
5 4 0
5 5 1
2 5 0
2 6 1
1 6 1
6 4 1
7 3 0
7 4 0
6 3 1
7 2 1
0 0 1
board #111 14
4 3 1
5 3 1
3 4 1
6 3 1
2 4 0
2 5 1
1 6 1
7 2 1
0 0 1
board #112 10
4 5 1
3 5 1
5 4 1
2 5 0
2 6 1
1 6 0
1 7 0
3 4 1
2 4 1
1 5 1
6 4 0
6 3 0
6 2 0
5 5 1
6 5 0
5 6 1
6 6 1
7 6 1
0 0 1
board #113 20
4 5 1
3 5 0
3 6 0
4 3 1
5 3 0
5 2 1
6 2 0
6 1 0
2 7 1
3 7 0
0 0 0
board #114 12
4 5 0
4 3 0
4 2 1
5 2 1
6 2 1
3 3 1
7 1 0
7 2 0
6 3 1
7 3 1
2 4 0
2 3 0
3 4 0
2 2 1
3 2 0
3 1 1
4 1 0
4 6 0
3 7 1
4 7 1
2 7 0
3 6 0
0 0 1
board #115 24
4 3 1
5 3 1
3 4 1
6 3 0
6 2 0
5 4 0
6 1 0
5 5 1
4 5 1
3 5 0
3 6 0
2 7 0
0 0 1
board #116 14
4 5 0
4 3 0
4 6 0
4 2 1
5 2 1
3 3 1
6 2 0
5 3 0
6 1 0
3 7 1
4 7 0
0 0 0
board #117 13
4 3 1
5 3 0
5 2 1
6 2 1
3 3 1
7 1 1
2 4 1
1 4 1
0 0 1
board #118 10
4 5 0
4 3 1
5 3 0
5 2 0
4 6 1
3 6 0
2 7 0
5 1 0
0 0 0
board #119 10
4 5 0
4 3 0
4 6 1
3 6 1
2 6 0
3 5 0
1 7 1
2 7 1
5 5 0
5 6 1
6 5 1
7 4 0
7 5 0
6 4 0
6 6 1
7 6 0
7 7 0
4 2 1
5 2 0
6 1 0
0 0 1
board #120 22
4 3 0
4 5 0
4 6 0
4 2 1
5 2 0
6 1 0
3 7 1
4 7 0
0 0 1
board #121 10
4 5 1
3 5 1
5 4 0
5 5 1
6 4 0
6 5 1
2 5 1
7 5 1
1 5 0
1 6 1
0 0 0
board #122 12
4 3 0
4 5 1
3 5 1
5 5 1
2 5 0
2 6 1
1 6 1
6 5 1
7 4 0
7 5 0
6 6 1
7 6 1
0 0 0
board #123 14
4 3 0
4 5 0
4 6 0
4 2 1
5 2 0
5 1 0
4 7 0
0 0 0
board #124 9
4 5 1
3 5 1
5 5 1
2 5 0
2 6 1
1 7 1
6 4 1
7 3 0
7 4 0
6 5 0
7 2 0
7 1 0
5 6 0
4 7 1
5 7 1
4 6 0
3 7 0
0 0 0
board #125 19
4 5 0
4 3 1
5 3 0
5 2 0
4 6 1
3 6 0
2 7 0
5 1 1
6 1 1
7 1 1
4 2 0
4 1 0
0 0 0
board #126 14
4 3 1
5 3 1
3 4 0
3 3 0
3 2 0
4 5 1
3 5 1
2 5 1
5 4 1
1 5 0
1 6 1
6 4 0
6 3 1
7 2 0
7 3 1
0 0 0
board #127 17
4 5 1
3 5 1
2 5 0
2 6 0
3 4 0
1 7 1
2 7 1
3 6 0
3 7 1
4 6 0
4 7 0
3 3 0
3 2 1
4 2 1
5 2 0
5 3 1
4 3 1
2 3 1
6 3 1
1 3 1
7 2 0
7 3 1
0 0 0
board #128 24
4 5 1
3 5 1
5 4 0
5 5 0
4 6 1
5 6 1
6 5 0
6 6 1
7 5 0
7 6 1
2 5 0
2 6 0
3 4 1
2 4 0
3 3 0
1 7 1
2 7 0
4 2 0
4 1 1
5 1 1
5 2 1
3 1 0
3 2 1
2 2 0
2 3 1
1 3 0
1 4 0
0 0 1
board #129 29
4 3 0
4 5 1
3 5 0
3 6 1
2 6 0
1 7 1
2 7 1
5 4 0
5 5 0
5 6 0
4 7 0
4 2 0
5 1 0
0 0 0
board #130 15
4 5 1
3 5 1
5 4 0
5 5 0
4 6 1
5 6 1
6 5 1
2 5 1
1 5 1
7 4 0
7 5 0
6 4 1
7 3 0
7 6 0
6 3 0
6 7 1
7 7 0
7 1 1
6 1 1
5 2 1
4 3 1
3 4 1
0 0 1
board #131 24
4 5 1
3 5 0
3 6 1
2 6 0
1 7 1
2 7 1
5 5 1
6 5 0
6 4 0
5 4 0
5 6 0
4 7 1
5 7 1
6 7 1
3 7 0
4 6 1
7 6 0
7 7 0
6 6 1
7 5 1
0 0 1
board #132 22
4 3 1
5 3 1
3 4 0
3 3 1
2 4 1
6 3 0
6 2 0
5 4 1
6 4 1
7 3 0
7 4 1
1 4 1
0 0 1
board #133 14
4 5 0
4 3 1
5 3 0
5 2 0
3 6 1
4 6 1
5 5 0
5 6 1
2 6 1
6 5 1
1 6 0
1 7 1
7 5 1
0 0 0
board #134 15
4 5 0
4 3 0
4 2 1
5 2 1
6 2 0
5 3 1
6 3 1
3 3 0
3 2 0
3 1 1
4 1 0
4 6 0
3 7 0
0 0 1
board #135 15
4 5 0
4 3 1
5 3 1
3 4 1
6 3 1
2 4 0
2 5 0
2 3 1
3 3 0
4 2 0
2 6 0
1 7 0
4 1 0
0 0 0
board #136 15
4 5 0
4 3 1
5 3 0
5 2 1
6 2 0
6 1 1
7 1 1
3 4 1
2 4 1
1 4 0
1 5 0
2 3 0
1 6 1
2 5 0
2 6 1
3 5 0
3 2 1
2 2 1
1 2 0
1 3 1
3 3 1
0 0 1
board #137 23
4 3 1
5 3 1
3 4 0
3 3 0
4 2 1
3 2 1
2 3 0
2 2 1
1 2 0
1 3 1
6 3 0
6 2 1
7 1 1
0 0 1
board #138 15
4 3 0
4 5 0
4 2 1
5 2 1
3 3 0
3 2 0
4 6 1
3 6 1
2 6 0
3 5 1
2 5 1
5 5 0
5 6 1
6 5 1
1 5 0
1 6 0
2 4 0
2 7 0
3 1 1
4 1 1
2 2 1
6 2 0
5 3 0
6 1 1
7 1 1
1 2 0
1 3 1
0 0 0
board #139 29
4 5 0
4 3 0
4 6 0
4 2 0
4 7 0
4 1 1
5 1 0
0 0 0
board #140 9
4 3 1
5 3 0
5 2 1
6 2 0
6 1 1
7 1 1
3 4 0
3 3 0
3 2 0
3 1 1
4 1 1
2 2 1
4 2 1
1 2 0
1 3 0
2 3 0
1 1 1
2 1 0
4 5 1
3 5 1
2 5 1
5 5 1
6 4 1
1 5 1
7 3 0
7 4 1
0 0 1
board #141 28
4 5 0
4 3 0
4 6 0
4 2 0
4 1 0
3 7 1
4 7 1
2 7 0
3 6 0
0 0 0
board #142 11
4 3 1
5 3 0
5 2 0
4 5 1
3 5 1
5 5 1
2 5 0
2 6 0
3 4 0
2 7 0
5 1 1
6 1 0
0 0 1
board #143 14
4 3 1
5 3 0
5 2 1
6 2 1
3 4 0
3 3 1
2 4 0
2 3 1
7 2 1
1 4 1
0 0 1
board #144 12
4 5 1
3 5 0
3 6 0
4 3 0
4 2 1
5 2 0
5 1 1
6 1 0
2 7 1
3 7 0
0 0 1
board #145 12
4 5 1
3 5 0
3 6 0
4 3 1
5 3 0
5 2 1
6 2 1
3 3 1
7 1 1
2 3 0
2 4 1
1 4 0
1 5 0
2 5 1
1 6 0
1 7 0
3 2 0
3 1 1
4 1 1
2 1 1
4 2 0
5 1 1
1 2 1
0 0 1
board #146 25
4 3 1
5 3 1
6 3 0
6 2 0
5 4 1
6 4 0
5 5 0
6 1 1
7 1 0
4 6 1
5 6 0
4 7 1
5 7 0
0 0 1
board #147 15
4 5 1
3 5 1
5 4 1
2 5 0
2 6 0
3 4 1
2 4 0
3 3 0
1 7 0
4 2 0
4 1 0
0 0 0
board #148 13
4 3 0
4 5 1
3 5 1
5 4 1
2 5 1
6 4 1
1 6 1
7 3 0
7 4 1
0 0 1
board #149 11
4 5 1
3 5 0
3 6 1
2 6 1
5 4 1
1 6 0
1 7 1
6 4 1
7 3 0
7 4 1
0 0 0
board #150 12
4 3 1
5 3 0
5 2 1
6 2 0
6 1 1
7 1 0
4 5 0
4 6 1
3 6 0
2 7 0
0 0 1
board #151 12
4 5 0
4 3 0
5 2 0
4 6 1
3 6 1
5 5 1
2 6 0
3 5 0
2 7 0
5 1 1
6 1 0
0 0 1
board #152 13
4 5 1
3 5 0
3 6 0
4 3 0
4 2 1
5 2 1
3 3 0
3 2 0
3 1 0
2 7 1
3 7 0
0 0 1
board #153 13
4 5 0
