9 10 1
8 10 1
10 9 0
10 10 0
9 11 1
10 11 1
11 10 0
11 11 1
12 10 1
7 10 0
8 9 0
7 11 1
6 11 1
5 11 0
5 12 1
4 12 1
3 12 1
13 9 0
13 10 0
12 9 1
13 8 1
14 8 1
2 12 0
2 13 0
3 11 1
2 11 1
15 7 1
1 11 1
16 7 1
17 6 1
0 0 0
board #1 32
10 8 1
9 8 0
9 7 0
9 10 1
8 10 1
10 9 1
7 10 0
7 11 0
8 9 0
7 12 0
7 13 1
6 13 1
8 12 0
8 13 1
9 12 1
5 13 0
6 12 1
5 12 0
6 11 0
5 14 0
5 15 0
10 6 1
9 6 1
10 7 0
11 6 1
11 7 0
12 6 0
12 5 1
13 5 1
8 7 0
8 6 0
9 5 1
8 5 1
7 6 1
14 5 0
13 6 1
14 6 0
14 4 0
13 7 0
12 7 0
14 3 1
15 3 0
15 2 1
16 2 0
16 1 0
5 16 0
4 17 1
5 17 1
6 16 1
3 17 0
4 16 0
0 0 1
board #2 53
10 7 0
8 12 1
9 12 0
9 11 0
9 10 1
10 10 0
10 9 0
8 13 1
9 13 1
10 12 0
10 13 0
9 14 0
10 6 0
10 5 0
9 8 1
10 8 1
11 8 0
11 7 0
10 4 0
8 15 1
9 15 1
8 14 1
10 14 0
10 15 1
11 14 1
12 13 0
12 14 1
13 13 0
13 14 1
14 13 1
7 12 1
6 12 1
5 12 1
15 12 0
15 13 1
16 12 1
4 12 0
4 13 0
5 11 0
4 14 0
4 15 1
3 15 1
5 14 0
5 15 1
6 14 1
2 15 1
1 16 1
6 13 0
7 13 1
17 11 0
17 12 0
16 11 0
16 13 0
15 14 0
14 12 1
15 11 0
14 11 1
15 10 1
16 9 1
17 9 1
0 0 1
board #3 62
9 10 0
9 8 1
10 8 1
8 9 0
8 8 1
7 9 0
7 8 0
8 7 0
9 11 1
8 11 1
10 10 1
7 11 1
6 11 1
5 11 0
5 12 0
6 10 0
5 13 1
6 12 0
6 13 1
4 13 0
4 14 0
4 15 0
9 6 1
8 6 1
9 7 0
10 6 0
10 5 1
11 5 0
11 4 0
4 16 0
11 3 1
12 3 0
12 2 0
3 17 1
4 17 1
5 16 1
2 17 1
1 17 0
2 16 1
1 16 0
2 15 0
3 14 1
3 15 1
2 14 0
3 13 0
12 1 0
0 0 0
board #4 48
9 8 0
9 7 0
8 12 0
9 10 0
8 11 0
9 6 1
10 6 0
10 5 0
8 13 1
7 13 0
7 14 0
7 15 1
6 15 1
8 14 0
8 15 1
9 14 1
5 15 1
4 15 0
5 14 0
4 16 1
3 16 1
2 16 1
10 13 0
10 14 0
9 13 1
10 12 0
9 12 0
10 15 1
9 15 1
11 14 0
11 15 1
12 14 0
12 15 1
13 14 0
13 15 0
12 16 0
12 17 0
10 4 0
10 3 1
11 3 1
9 4 0
9 3 0
10 2 1
9 2 1
8 3 0
8 2 0
9 1 0
0 0 1
board #5 49
9 8 0
9 7 0
9 10 1
8 10 0
8 11 0
9 6 1
10 6 1
8 7 1
11 6 1
12 6 1
7 8 0
7 7 1
6 8 1
13 6 0
13 5 0
12 7 0
13 4 0
11 7 1
11 8 1
12 8 0
11 9 1
12 9 0
11 10 0
13 3 1
14 3 0
14 2 1
15 2 1
12 4 0
12 3 0
12 2 0
10 11 1
11 11 1
10 10 0
9 11 0
9 12 0
12 1 0
9 13 1
8 13 0
8 14 0
8 15 0
8 16 0
7 17 1
8 17 0
0 0 1
board #6 45
10 8 1
9 8 1
11 8 1
8 8 0
8 9 0
9 7 1
8 7 0
9 6 0
9 10 1
10 9 0
10 10 1
11 9 1
8 10 1
7 10 1
6 10 1
5 10 1
4 10 1
3 11 0
3 10 0
4 9 0
3 12 0
3 13 1
4 12 1
2 13 1
4 11 0
5 11 0
5 12 0
5 13 0
5 14 0
5 8 0
5 15 1
4 15 1
6 14 0
6 15 1
7 14 1
3 15 0
4 14 0
3 16 1
2 16 1
1 16 1
7 13 0
8 13 1
8 12 0
9 12 1
10 11 0
9 11 1
14 7 0
14 6 1
13 7 1
15 6 1
12 7 0
12 8 1
16 6 0
16 5 1
17 4 1
0 0 0
board #7 57
11 7 1
10 7 1
9 7 0
