3 4 0
3 5 1
2 5 1
4 4 0
4 5 0
3 6 1
4 6 1
5 5 0
5 6 0
3 2 1
4 2 1
5 2 0
6 1 0
5 3 0
0 0 1
board #1 16
3 4 1
2 4 0
2 5 0
1 6 1
2 6 1
3 5 0
3 6 0
3 2 1
4 2 1
5 2 1
2 2 0
2 3 1
1 3 0
1 4 0
2 1 1
3 1 1
1 2 1
6 1 0
6 2 1
0 0 1
board #2 21
3 4 0
3 5 1
2 5 0
1 6 1
2 6 1
4 4 1
5 4 1
6 4 1
0 0 0
board #3 10
3 4 1
2 4 1
4 4 1
5 4 0
5 3 1
6 2 0
6 3 1
1 4 1
0 0 0
board #4 10
3 4 0
3 5 0
3 2 1
4 2 0
4 1 0
2 6 1
3 6 0
0 0 0
board #5 9
3 4 0
3 5 1
2 5 0
1 6 1
2 6 0
3 2 1
4 2 0
4 1 1
5 1 1
6 1 0
5 2 1
6 2 0
5 3 0
4 3 0
0 0 1
board #6 16
3 4 0
3 5 1
2 5 0
1 6 0
3 2 0
3 1 1
4 1 1
5 1 0
4 2 1
5 2 0
4 3 0
0 0 1
board #7 13
3 4 1
2 4 0
2 5 0
2 6 0
3 2 0
4 1 0
0 0 1
board #8 8
3 4 1
2 4 1
4 4 1
5 4 0
5 3 0
4 5 1
5 5 0
5 2 0
4 6 1
5 6 1
6 5 0
6 6 1
1 5 1
0 0 1
board #9 15
3 4 1
2 4 1
4 4 1
5 4 0
5 3 0
4 5 0
5 2 1
4 3 0
3 2 1
4 2 0
4 1 1
5 1 0
3 6 1
4 6 0
0 0 1
board #10 16
3 4 1
2 4 1
4 4 1
5 4 1
1 4 0
1 5 0
1 6 0
2 3 1
1 3 1
6 3 1
0 0 0
board #11 12
3 4 1
2 4 0
2 5 0
1 6 1
2 6 0
3 2 0
3 1 1
4 1 1
5 1 1
6 1 1
2 2 0
2 1 1
1 2 1
0 0 0
board #12 15
3 4 1
2 4 1
4 4 1
5 4 0
5 3 1
6 3 1
1 4 0
1 5 1
0 0 0
board #13 10
3 4 1
2 4 1
4 4 0
4 3 0
3 5 1
4 5 0
4 6 0
3 2 1
4 2 0
4 1 1
5 1 1
6 1 1
2 3 0
2 2 0
2 1 0
0 0 0
board #14 17
3 4 1
2 4 0
2 5 1
1 5 0
1 6 1
4 4 1
5 4 0
5 3 1
6 3 1
0 0 1
board #15 11
3 4 0
3 5 1
2 5 0
2 6 0
4 2 1
3 2 0
3 1 1
4 1 1
2 2 1
5 2 0
4 3 1
5 3 1
1 2 1
6 2 0
6 3 0
5 4 1
6 4 1
0 0 1
board #16 19
3 4 0
3 5 1
2 5 1
4 4 1
1 5 0
1 6 0
2 4 0
3 2 1
4 2 1
2 2 1
5 2 0
4 3 1
1 2 0
1 3 0
2 1 0
1 4 1
2 3 0
0 0 1
board #17 19
3 4 0
3 5 1
2 5 0
2 6 0
3 2 1
4 2 0
4 1 0
0 0 1
board #18 9
3 4 1
2 4 0
2 5 0
2 6 0
3 2 0
4 1 0
0 0 1
board #19 8
3 4 1
2 4 0
2 5 0
1 6 1
2 6 1
3 5 1
4 5 1
5 5 1
6 4 0
6 5 0
6 3 1
5 4 1
0 0 1
board #20 14
3 4 0
3 5 0
3 2 1
4 2 0
5 1 0
2 6 1
3 6 1
1 6 1
4 5 0
4 6 1
5 5 1
6 4 0
6 5 1
0 0 1
board #21 15
3 4 1
2 4 1
4 4 1
5 4 0
5 3 1
6 2 1
1 4 1
0 0 1
board #22 9
3 4 0
3 5 1
2 5 1
4 4 0
4 5 0
3 6 1
4 6 0
3 2 1
4 2 1
5 2 0
5 1 0
5 3 0
0 0 0
board #23 14
3 4 0
3 5 0
3 2 1
4 2 0
4 1 0
2 6 1
3 6 1
1 6 0
2 5 0
0 0 0
board #24 11
3 4 0
3 5 0
3 2 0
2 6 1
3 6 0
3 1 1
4 1 0
0 0 0
board #25 9
3 4 0
3 5 0
3 2 1
4 2 1
5 2 1
2 3 0
2 2 0
2 1 0
2 6 0
0 0 0
board #26 11
3 4 0
3 5 1
2 5 1
4 4 1
1 6 1
5 4 1
6 4 1
0 0 0
board #27 9
3 4 1
2 4 0
2 5 0
1 6 1
2 6 0
3 2 0
3 1 0
0 0 1
board #28 9
3 4 0
3 5 1
2 5 1
4 4 0
4 5 1
5 4 1
1 6 1
6 3 0
6 4 1
0 0 0
board #29 11
3 4 1
2 4 1
4 4 0
4 3 0
3 5 0
3 2 0
2 6 1
3 6 1
1 6 0
2 5 1
4 5 1
5 4 1
1 4 0
1 5 0
2 3 0
4 1 0
0 0 0
board #30 18
3 4 1
2 4 0
2 5 1
1 5 0
1 6 0
3 2 1
4 2 1
2 2 0
2 3 0
2 1 0
0 0 1
board #31 12
3 4 1
2 4 1
4 4 1
5 4 0
5 3 0
4 5 1
5 5 0
5 2 0
4 6 1
5 6 0
6 1 0
0 0 1
board #32 13
3 4 0
3 5 1
2 5 0
1 6 1
2 6 0
3 2 0
3 1 1
4 1 0
0 0 1
board #33 10
3 4 1
2 4 0
2 5 0
1 6 0
3 2 0
3 1 0
0 0 1
board #34 8
2 5 1
3 5 0
3 4 1
4 4 1
1 5 0
1 6 1
5 4 1
6 3 0
6 4 1
0 0 1
board #35 11
3 4 0
3 5 1
2 5 1
4 4 0
4 5 0
4 6 0
3 2 0
4 1 0
0 0 1
board #36 10
2 5 1
3 5 1
4 5 0
4 4 0
4 3 1
3 4 1
5 3 0
5 2 0
5 1 0
3 6 1
4 6 0
0 0 0
board #37 13
2 5 0
2 4 0
3 2 0
1 6 0
3 1 0
0 0 1
board #38 7
3 4 0
3 5 1
2 5 1
4 4 1
1 6 1
5 3 1
6 2 0
6 3 0
6 1 0
6 4 0
5 5 1
6 5 0
5 6 1
6 6 0
0 0 0
board #39 16
3 4 1
2 4 1
4 4 0
4 3 1
5 3 0
5 2 0
3 5 1
4 5 0
6 1 0
3 6 1
4 6 0
0 0 0
board #40 13
3 4 0
3 5 1
2 5 1
4 4 1
1 6 1
5 4 1
6 4 1
0 0 1
board #41 9
3 4 0
3 5 1
2 5 0
1 6 0
3 2 1
4 2 1
5 2 1
2 3 0
2 2 0
2 1 0
0 0 0
board #42 12
3 4 0
3 5 1
2 5 0
1 6 1
2 6 1
4 4 1
5 4 1
6 3 0
6 4 1
0 0 1
board #43 11
3 4 0
3 5 0
3 2 1
4 2 1
5 2 0
4 3 0
6 1 0
2 6 1
3 6 1
1 6 0
2 5 0
0 0 0
board #44 13
3 4 1
2 4 1
4 4 1
5 4 1
1 4 0
1 5 1
6 3 0
6 4 1
0 0 1
board #45 10
3 4 1
2 4 1
4 4 0
4 3 1
5 3 0
5 2 1
6 1 1
1 4 1
0 0 1
board #46 10
3 4 0
3 5 1
2 5 1
4 4 0
4 5 1
5 4 1
1 5 1
6 3 0
6 4 0
5 3 0
5 5 0
4 6 0
3 2 0
3 1 0
0 0 1
board #47 16
3 4 0
3 5 0
3 2 1
4 2 0
5 1 0
3 6 0
0 0 0
board #48 8
3 4 0
3 5 1
2 5 1
4 4 1
1 5 0
1 6 1
5 4 1
6 3 1
0 0 0
board #49 10
3 4 1
2 4 0
2 5 1
1 5 1
4 4 1
5 4 0
5 3 0
4 5 0
5 2 0
6 1 0
3 6 0
0 0 1
board #50 13
3 4 1
2 4 1
4 4 1
5 3 1
6 2 0
6 3 0
6 1 1
5 2 0
5 4 0
5 1 1
4 2 0
4 1 0
4 5 0
3 6 1
4 6 1
3 5 0
2 6 0
0 0 0
board #51 19
2 5 0
3 4 1
2 4 1
4 3 1
5 3 1
1 4 0
1 5 1
6 2 0
6 3 0
6 1 0
5 4 1
6 4 1
0 0 1
board #52 14
3 4 1
2 4 0
2 5 1
1 5 0
1 6 0
4 2 0
4 1 1
5 1 0
0 0 0
board #53 10
3 4 0
3 5 0
3 2 0
3 6 0
3 1 1
4 1 0
0 0 0
board #54 8
3 4 0
3 5 0
3 2 0
2 6 1
3 6 1
1 6 1
4 5 1
5 4 0
5 5 0
4 4 0
4 6 0
4 1 0
0 0 0
board #55 14
3 4 1
2 4 1
4 4 0
4 3 0
3 5 0
3 2 1
4 2 1
5 2 1
2 3 1
6 2 1
1 5 1
0 0 0
board #56 13
3 4 1
2 4 1
4 4 0
4 3 0
3 5 1
4 5 0
3 6 1
4 6 1
5 5 0
5 6 1
6 5 0
6 6 0
3 2 1
4 2 0
4 1 0
0 0 0
board #57 17
3 4 1
2 4 0
2 5 1
1 5 1
4 4 0
4 3 0
4 5 1
3 5 1
5 4 1
6 3 0
6 4 0
5 3 1
6 2 1
0 0 0
board #58 15
3 4 1
2 4 1
4 4 1
5 4 1
1 4 0
1 5 0
1 6 1
2 5 0
2 6 1
3 5 1
6 3 0
6 4 0
5 5 1
6 5 1
0 0 0
board #59 16
3 4 0
3 5 1
2 5 1
4 4 1
1 5 0
1 6 1
5 3 1
6 3 1
0 0 1
board #60 10
3 4 1
2 4 0
2 5 1
1 5 0
1 6 1
4 4 0
4 3 0
4 5 1
3 5 1
5 4 0
5 5 0
4 6 1
5 6 0
3 2 0
4 1 0
0 0 1
board #61 17
3 4 1
2 4 0
2 5 0
2 6 0
3 2 0
3 1 1
4 1 0
0 0 1
board #62 9
3 4 0
3 5 1
2 5 0
2 6 0
3 2 0
4 1 0
0 0 1
board #63 8
3 4 0
3 5 0
3 2 0
2 6 0
3 1 0
0 0 1
board #64 7
3 4 1
2 4 1
4 4 0
4 3 0
3 5 1
4 5 1
5 4 1
1 5 1
6 3 1
0 0 0
board #65 11
3 4 0
3 5 0
3 2 1
4 2 1
5 2 0
4 3 0
6 1 0
2 6 0
0 0 1
board #66 10
3 4 0
3 5 0
3 2 0
3 6 0
3 1 1
4 1 1
5 1 0
4 2 1
5 2 0
4 3 0
0 0 0
board #67 12
3 4 0
3 5 1
2 5 0
1 6 0
3 2 1
4 2 0
4 1 0
0 0 0
board #68 9
3 4 1
2 4 0
2 5 1
1 5 0
1 6 0
3 2 1
4 2 0
4 1 1
5 1 1
6 1 0
5 2 1
6 2 0
5 3 1
6 3 0
5 4 1
6 4 0
5 5 0
4 6 0
0 0 1
board #69 20
3 4 1
2 4 0
2 5 1
1 5 1
4 4 1
5 4 1
6 4 1
0 0 0
board #70 9
3 4 0
3 5 0
3 2 1
4 2 1
5 2 1
2 3 1
6 1 1
1 3 1
0 0 0
board #71 10
3 4 1
2 4 1
4 4 1
5 4 1
1 4 0
1 5 0
1 6 0
2 3 1
1 3 0
2 2 0
2 1 0
0 0 0
board #72 13
3 4 1
2 4 1
4 4 0
4 3 0
3 5 1
4 5 1
5 4 0
5 5 1
6 4 0
6 5 0
5 6 1
6 6 0
3 2 1
4 2 0
4 1 1
5 1 0
0 0 0
board #73 18
2 5 0
3 4 1
2 4 0
2 6 0
3 2 1
4 2 1
5 2 0
4 3 0
5 1 1
6 1 0
0 0 0
board #74 12
3 4 1
2 4 0
2 5 1
1 5 0
1 6 0
3 2 1
4 2 0
5 1 0
0 0 0
board #75 10
3 4 1
2 4 0
2 5 1
1 5 0
1 6 0
4 2 0
4 1 1
5 1 0
0 0 0
board #76 10
3 4 0
3 5 1
2 5 0
1 6 1
2 6 0
3 2 1
4 2 1
5 2 1
2 3 0
2 2 1
1 2 0
1 3 0
1 1 1
2 1 1
6 1 0
6 2 1
0 0 0
board #77 18
3 4 0
3 5 0
3 2 1
4 2 1
5 2 0
4 3 0
6 1 0
2 6 1
3 6 1
1 6 1
4 5 1
5 4 1
6 4 1
0 0 1
board #78 15
3 4 0
3 5 0
3 2 0
2 6 0
3 1 0
0 0 1
board #79 7
3 4 0
3 5 0
3 2 1
4 2 1
5 2 1
2 3 1
6 2 1
1 3 0
1 4 1
0 0 1
board #80 11
3 4 1
2 4 0
2 5 0
1 6 1
2 6 1
3 5 1
4 5 0
4 4 1
5 4 0
5 3 1
6 2 0
6 3 0
6 1 1
5 2 0
5 1 0
3 6 1
4 6 1
5 6 0
5 5 1
6 4 0
6 5 0
0 0 1
board #81 23
3 4 0
3 5 0
3 2 0
2 6 1
3 6 0
3 1 1
4 1 0
0 0 1
board #82 9
3 4 0
3 5 0
3 2 1
4 2 0
5 1 0
2 6 1
3 6 1
1 6 1
4 5 0
4 6 1
5 5 1
6 4 0
6 5 1
0 0 1
board #83 15
3 4 1
2 4 0
2 5 1
1 5 1
4 4 0
4 3 1
5 3 1
6 2 0
6 3 1
0 0 0
board #84 11
3 4 1
2 4 1
4 4 1
5 4 0
5 3 1
6 2 0
6 3 0
6 1 0
4 5 1
5 5 1
6 4 1
1 5 1
0 0 1
board #85 14
3 4 0
3 5 1
2 5 0
1 6 1
2 6 0
3 2 1
4 2 1
5 2 0
4 3 0
6 1 0
0 0 1
board #86 12
3 4 0
3 5 1
2 5 1
4 4 0
4 5 0
3 6 1
4 6 1
5 5 0
5 6 1
6 5 1
1 5 1
0 0 0
board #87 13
3 4 1
2 4 0
2 5 1
1 6 1
4 4 1
5 4 1
6 3 1
0 0 1
board #88 9
3 4 1
2 4 1
4 4 1
5 4 0
5 3 1
6 3 1
1 4 0
1 5 0
1 6 0
2 3 0
4 2 1
2 2 0
3 1 0
0 0 0
board #89 15
3 4 1
2 4 1
4 4 0
4 3 1
5 3 1
1 4 1
6 2 1
0 0 0
board #90 9
2 5 1
3 5 1
1 5 0
1 6 0
2 4 0
3 2 1
4 2 1
2 2 0
2 3 1
5 2 1
1 3 0
1 4 1
6 2 1
0 0 1
board #91 15
2 5 0
3 4 1
2 4 0
1 6 0
4 2 0
4 1 0
0 0 1
board #92 8
3 4 0
3 5 1
2 5 1
4 4 0
4 5 0
3 6 1
4 6 0
3 2 0
3 1 1
4 1 0
0 0 1
board #93 12
3 4 0
3 5 1
2 5 0
1 6 1
2 6 1
4 4 1
5 4 1
6 3 0
6 4 1
0 0 1
board #94 11
2 5 0
3 4 1
2 4 0
1 6 1
2 6 0
4 2 0
4 1 1
5 1 0
0 0 0
board #95 10
3 4 0
3 5 0
3 2 0
2 6 1
3 6 1
1 6 1
4 5 0
4 6 0
3 1 0
0 0 0
board #96 11
3 4 1
2 4 1
4 4 0
4 3 1
5 3 1
1 4 1
6 2 1
0 0 0
board #97 9
3 4 1
2 4 0
2 5 1
1 5 0
1 6 1
4 4 1
5 3 1
6 2 0
6 3 1
0 0 0
board #98 11
3 4 1
2 4 1
4 4 1
5 4 0
5 3 1
6 2 1
1 4 1
0 0 1
board #99 9
3 4 1
2 4 1
4 4 0
4 3 1
5 3 1
1 4 0
1 5 0
1 6 1
2 5 1
6 3 1
0 0 1
board #100 12
3 4 1
2 4 0
2 5 1
1 5 0
1 6 0
3 2 1
4 2 1
5 2 1
2 2 1
1 2 0
1 3 0
1 4 1
2 3 0
1 1 0
0 0 1
board #101 16
3 4 1
2 4 1
4 4 0
4 3 1
5 3 1
6 3 1
1 4 1
0 0 0
board #102 9
3 4 1
2 4 0
2 5 0
1 6 1
2 6 1
3 5 0
3 6 1
4 5 0
4 6 0
3 2 0
4 1 0
0 0 0
board #103 13
2 5 0
3 4 1
2 4 0
1 6 1
2 6 0
3 2 0
3 1 0
0 0 1
board #104 9
3 4 1
2 4 0
2 5 1
1 5 1
4 4 1
5 4 1
6 3 1
0 0 0
board #105 9
3 4 1
2 4 1
4 4 1
5 4 0
5 3 1
6 3 1
1 4 0
1 5 0
1 6 0
2 3 1
1 3 0
2 2 0
2 1 0
0 0 0
board #106 15
3 4 0
3 5 0
3 2 1
4 2 1
5 2 0
4 3 1
5 3 1
2 3 0
2 2 1
1 2 0
1 3 0
1 1 1
2 1 1
6 2 0
6 3 0
5 4 1
6 4 1
0 0 1
board #107 19
2 5 1
3 5 1
4 4 1
1 5 1
5 3 0
5 4 0
5 5 0
5 2 0
5 6 0
5 1 1
6 1 1
4 2 1
4 3 0
3 2 0
3 1 1
4 1 1
2 2 1
1 2 0
1 3 0
2 3 1
1 4 0
2 4 0
1 1 0
0 0 0
board #108 25
2 5 1
3 5 1
4 5 1
1 5 1
5 5 1
6 4 0
6 5 0
6 3 1
5 4 0
5 3 0
6 6 0
5 2 1
4 3 0
3 2 1
4 2 1
6 1 1
2 3 1
1 3 1
0 0 0
board #109 20
2 5 0
3 4 0
3 2 1
4 2 0
4 1 1
5 1 1
6 1 1
2 3 1
1 3 0
1 4 1
0 0 0
board #110 12
3 4 0
3 5 0
3 2 0
2 6 0
3 1 1
4 1 0
0 0 1
board #111 8
3 4 1
2 4 1
4 4 1
5 4 1
1 4 1
6 3 0
6 4 1
0 0 0
board #112 9
3 4 0
3 5 1
2 5 1
4 4 0
4 5 0
3 6 1
4 6 1
5 5 0
5 6 0
3 2 0
3 1 1
4 1 0
0 0 0
board #113 14
3 4 1
2 4 0
2 5 0
1 6 1
2 6 1
3 5 0
3 6 0
3 2 1
4 2 0
4 1 0
0 0 0
board #114 12
3 4 1
2 4 1
4 4 1
5 4 1
1 4 0
1 5 0
1 6 1
2 5 1
6 3 0
6 4 0
6 2 0
5 5 1
6 5 1
0 0 0
board #115 15
3 4 0
3 5 0
3 2 1
4 2 0
5 1 0
2 6 0
0 0 0
board #116 8
3 4 0
3 5 1
2 5 0
2 6 0
3 2 0
3 1 1
4 1 0
0 0 0
board #117 9
2 5 0
3 4 0
3 2 1
4 2 1
5 2 1
2 3 1
6 1 1
1 3 0
1 4 1
0 0 1
board #118 11
3 4 1
2 4 0
2 5 0
2 6 0
3 2 0
3 1 0
0 0 1
board #119 8
3 4 0
3 5 0
3 2 0
3 6 0
3 1 0
0 0 1
board #120 7
2 5 0
3 4 1
2 4 0
1 6 0
3 2 1
4 2 0
5 1 0
0 0 1
board #121 9
3 4 1
2 4 1
4 4 0
4 3 1
5 3 0
5 2 0
3 5 1
4 5 1
5 5 1
6 5 1
1 4 0
1 5 0
1 6 0
2 3 0
4 2 0
5 1 0
0 0 0
board #122 18
3 4 0
3 5 1
2 5 1
4 4 0
4 5 0
3 6 0
3 2 0
3 1 0
0 0 1
board #123 10
2 5 1
3 5 1
4 5 0
4 4 0
4 3 1
3 4 1
5 3 0
5 2 1
6 1 1
1 5 0
1 6 0
2 4 1
1 4 1
0 0 0
board #124 15
3 4 1
2 4 0
2 5 1
1 5 0
1 6 0
3 2 1
4 2 1
2 2 0
2 3 1
5 2 1
1 3 0
1 4 0
2 1 0
0 0 0
board #125 15
3 4 0
3 5 1
2 5 1
4 4 0
4 5 0
3 6 1
4 6 1
5 5 0
5 6 0
3 2 1
4 2 0
4 1 0
0 0 0
board #126 14
3 4 0
3 5 1
2 5 0
1 6 0
3 2 0
3 1 1
4 1 0
0 0 1
board #127 9
3 4 1
2 4 1
4 4 1
5 4 0
5 3 0
4 5 1
5 5 1
6 4 0
6 5 1
1 4 0
1 5 1
0 0 1
board #128 13
3 4 0
3 5 0
3 2 1
4 2 0
5 1 0
2 6 0
0 0 0
board #129 8
3 4 0
3 5 1
2 5 1
4 4 1
1 5 1
5 3 1
6 2 0
6 3 0
6 1 1
5 2 1
0 0 1
board #130 12
3 4 0
3 5 0
3 2 0
2 6 1
3 6 1
1 6 0
2 5 1
1 5 0
2 4 1
1 4 0
2 3 1
1 3 1
4 5 0
4 6 1
5 5 0
5 6 0
3 1 1
4 1 1
2 2 0
2 1 0
0 0 1
board #131 22
3 4 1
2 4 1
4 4 1
5 4 0
5 3 1
6 2 1
1 4 0
1 5 1
0 0 1
board #132 10
3 4 1
2 4 1
4 4 1
5 4 1
1 5 1
6 3 1
0 0 1
board #133 8
3 4 1
2 4 0
2 5 1
1 5 0
1 6 0
3 2 1
4 2 0
4 1 0
0 0 0
board #134 10
3 4 1
2 4 0
2 5 1
1 5 1
4 4 0
4 3 0
4 5 1
3 5 1
5 4 0
5 5 0
4 6 1
5 6 1
6 5 0
6 6 0
3 2 0
3 1 1
4 1 1
5 1 0
5 2 0
0 0 1
board #135 21
3 4 0
3 5 0
3 2 1
4 2 1
5 2 1
2 3 0
2 2 0
2 1 0
3 6 0
0 0 1
board #136 11
3 4 1
2 4 0
2 5 1
1 6 1
4 4 0
4 3 1
5 3 1
6 3 1
0 0 1
board #137 10
3 4 0
3 5 0
3 2 1
4 2 0
5 1 0
2 6 1
3 6 1
1 6 0
2 5 1
1 5 0
2 4 0
0 0 0
board #138 13
3 4 0
3 5 0
3 2 1
4 2 0
4 1 1
5 1 0
2 6 1
3 6 1
1 6 1
4 5 0
4 6 0
0 0 1
board #139 13
3 4 1
2 4 0
2 5 1
1 5 0
1 6 1
4 4 0
4 3 1
5 3 1
6 2 0
6 3 0
6 1 0
5 4 0
5 5 1
3 5 1
4 5 1
6 4 1
0 0 0
board #140 18
3 4 1
2 4 0
2 5 1
1 6 1
4 4 0
4 3 1
5 3 0
5 2 0
4 5 0
5 1 1
6 1 0
3 6 0
0 0 0
board #141 14
3 4 0
3 5 0
3 2 1
4 2 0
5 1 0
2 6 1
3 6 0
0 0 0
board #142 9
3 4 0
3 5 1
2 5 0
1 6 1
2 6 1
4 4 1
5 4 0
5 3 0
4 5 0
5 2 0
4 6 0
6 1 0
0 0 0
board #143 14
3 4 1
2 4 1
4 4 0
4 3 0
3 5 1
4 5 0
3 6 1
4 6 1
5 5 0
5 6 0
3 2 1
4 2 1
5 2 1
2 3 1
6 1 1
1 3 0
1 4 1
0 0 1
board #144 19
3 4 0
3 5 1
2 5 0
1 6 0
3 2 1
4 2 0
4 1 1
5 1 0
0 0 1
board #145 10
3 4 1
2 4 0
2 5 1
1 6 1
4 4 1
5 4 1
6 4 1
0 0 0
board #146 9
3 4 1
2 4 1
4 4 0
4 3 1
5 3 1
1 4 0
1 5 0
1 6 0
2 3 0
4 2 1
2 2 0
2 1 1
3 1 0
0 0 0
board #147 15
3 4 1
2 4 1
4 4 0
4 3 1
5 3 1
1 4 0
1 5 1
6 2 0
6 3 1
0 0 1
board #148 11
1 6 1
2 6 0
2 5 0
2 4 0
3 2 1
4 2 0
5 1 0
0 0 1
board #149 9
3 4 1
2 4 1
4 4 0
4 3 0
3 5 0
3 2 1
4 2 1
5 2 1
2 3 1
6 1 0
6 2 0
5 3 0
2 6 0
0 0 0
board #150 15
3 4 1
2 4 1
4 4 0
4 3 0
4 5 0
3 2 0
3 6 0
4 1 0
0 0 0
board #151 10
3 4 1
2 4 1
4 4 0
4 3 0
3 5 1
4 5 1
5 4 0
5 5 1
6 4 1
1 4 0
1 5 0
1 6 0
2 3 0
2 2 0
2 1 1
3 1 1
4 1 0
3 2 1
4 2 0
0 0 0
board #152 21
3 4 1
2 4 0
2 5 1
1 5 0
1 6 1
4 4 0
4 3 1
5 3 1
6 2 0
6 3 0
6 1 0
5 4 0
3 5 0
2 6 1
3 6 0
0 0 1
board #153 17
3 4 1
2 4 0
2 5 1
1 5 0
1 6 0
3 2 0
3 1 1
4 1 1
5 1 1
2 2 0
2 1 1
6 1 0
5 2 1
6 2 0
5 3 0
4 3 0
0 0 0
board #154 18
3 4 1
2 4 1
4 4 0
4 3 0
3 5 1
4 5 0
3 6 0
3 2 0
3 1 1
4 1 0
0 0 1
board #155 12
3 4 0
3 5 1
2 5 0
2 6 0
3 2 1
4 2 0
4 1 0
0 0 1
board #156 9
3 4 1
2 4 1
4 4 0
4 3 1
5 3 1
1 4 0
1 5 1
6 3 1
0 0 0
board #157 10
3 4 1
2 4 1
4 4 0
4 3 0
3 5 1
4 5 0
3 6 0
3 2 1
4 2 0
4 1 0
0 0 1
board #158 12
3 4 1
2 4 0
2 5 0
1 6 1
2 6 0
4 2 0
4 1 1
5 1 0
0 0 0
board #159 10
3 4 0
3 5 1
2 5 1
4 4 0
4 5 1
5 4 0
5 5 1
6 5 1
1 5 1
0 0 1
board #160 11
3 4 0
3 5 0
3 2 0
2 6 1
3 6 1
1 6 1
4 5 1
5 4 0
5 5 1
6 4 1
0 0 0
board #161 12
3 4 0
3 5 1
2 5 1
4 4 1
1 5 1
5 4 0
5 3 1
6 2 0
6 3 0
6 1 0
5 5 1
4 5 0
4 6 0
0 0 0
board #162 15
3 4 1
2 4 0
2 5 0
1 6 0
3 2 0
3 1 1
4 1 0
0 0 1
board #163 9
3 4 0
3 5 1
2 5 1
4 4 0
4 5 0
3 6 1
4 6 0
3 2 1
4 2 0
5 1 0
0 0 0
board #164 12
3 4 0
3 5 0
3 2 0
2 6 0
3 1 1
4 1 1
5 1 0
4 2 0
0 0 1
board #165 10
3 4 1
2 4 0
2 5 1
1 5 0
1 6 1
4 4 0
4 3 1
5 3 0
5 2 0
4 5 0
6 1 0
3 6 1
4 6 0
0 0 0
board #166 15
3 4 1
2 4 1
4 4 0
4 3 0
3 5 1
4 5 1
5 4 1
1 5 1
6 3 0
6 4 0
5 3 0
5 5 0
4 6 0
3 2 0
3 1 0
0 0 1
board #167 17
3 4 1
2 4 0
2 5 0
3 2 1
4 2 1
5 2 0
4 3 0
5 1 1
6 1 1
2 2 1
1 3 1
0 0 1
board #168 13
3 4 0
3 5 0
3 2 1
4 2 0
4 1 0
3 6 0
0 0 1
board #169 8
3 4 0
3 5 1
2 5 0
1 6 1
2 6 0
3 2 0
3 1 1
4 1 1
2 2 1
5 1 0
4 2 1
5 2 0
4 3 0
0 0 1
board #170 15
2 5 0
3 4 1
2 4 1
4 4 1
5 4 1
1 5 1
6 3 0
6 4 0
6 2 0
5 5 1
6 5 0
6 1 0
5 6 1
6 6 0
0 0 1
board #171 16
3 4 1
2 4 0
2 5 0
1 6 1
2 6 0
3 2 1
4 2 0
4 1 1
5 1 0
0 0 0
board #172 11
3 4 0
3 5 0
3 2 1
4 2 0
4 1 0
2 6 1
3 6 1
1 6 1
4 5 0
4 6 1
5 5 0
5 6 0
0 0 1
board #173 14
3 4 0
3 5 1
2 5 0
1 6 1
2 6 0
3 2 0
3 1 0
0 0 0
board #174 9
3 4 0
3 5 1
2 5 0
1 6 1
2 6 0
3 2 1
4 2 0
4 1 1
5 1 1
6 1 1
2 3 0
2 2 1
1 3 1
0 0 0
board #175 15
3 4 0
3 5 0
3 2 1
4 2 1
2 3 1
5 2 0
4 3 1
5 3 1
6 2 0
6 3 0
5 4 1
6 4 0
5 5 0
6 1 0
5 6 0
0 0 1
board #176 17
3 4 0
3 5 1
2 5 1
4 4 1
1 6 1
5 4 0
5 3 1
6 3 1
0 0 1
board #177 10
3 4 0
3 5 0
3 2 0
2 6 1
3 6 1
1 6 0
2 5 0
3 1 0
0 0 0
board #178 10
3 4 1
2 4 1
4 4 1
5 4 0
5 3 0
4 5 0
5 2 0
6 1 0
4 6 0
0 0 1
board #179 11
3 4 1
2 4 0
2 5 1
1 6 1
4 4 0
4 3 0
4 5 0
3 6 1
4 6 1
5 5 0
5 6 1
6 5 0
6 6 0
3 2 1
4 2 1
5 2 0
5 1 1
6 1 1
2 2 1
1 2 0
1 3 0
1 4 1
2 3 0
1 1 0
0 0 1
board #180 26
3 4 0
3 5 1
2 5 1
4 4 0
4 5 1
5 4 1
1 6 1
6 3 0
6 4 0
5 3 0
5 5 0
4 6 0
3 2 0
3 1 1
4 1 1
5 1 1
6 1 0
5 2 0
0 0 0
board #181 20
3 4 1
2 4 1
4 4 0
4 3 1
5 3 1
6 3 1
1 5 1
0 0 0
board #182 9
3 4 1
2 4 0
2 5 1
1 5 1
4 4 1
5 4 1
6 3 0
6 4 1
0 0 0
board #183 10
3 4 1
2 4 0
2 5 1
1 5 0
1 6 1
4 4 0
4 3 0
4 5 0
3 6 1
4 6 1
5 5 1
2 6 1
6 4 1
0 0 1
board #184 15
3 4 1
2 4 1
4 4 1
5 4 1
1 4 1
6 3 0
6 4 0
5 5 1
6 5 0
6 2 0
6 1 1
5 2 0
5 1 1
4 2 1
4 3 0
3 2 1
2 3 1
0 0 0
board #185 19
3 4 0
3 5 1
2 5 1
4 4 1
1 6 1
5 4 0
5 3 0
5 5 0
5 2 0
4 6 1
5 6 1
3 6 0
4 5 0
5 1 0
0 0 1
board #186 16
3 4 1
2 4 1
4 4 0
4 3 0
3 5 1
4 5 1
5 4 1
1 4 0
1 5 1
6 4 1
0 0 0
board #187 12
3 4 1
2 4 1
4 4 0
4 3 1
5 3 1
6 3 1
1 4 0
1 5 0
1 6 1
2 5 1
0 0 1
board #188 12
3 4 1
2 4 1
4 4 0
4 3 0
3 5 1
4 5 0
3 6 0
3 2 0
3 1 0
0 0 0
board #189 11
2 5 0
3 4 1
2 4 1
4 4 1
5 4 1
1 4 0
1 5 0
2 3 1
1 3 0
2 2 1
1 2 1
6 4 1
0 0 0
board #190 14
3 4 0
3 5 0
3 2 1
4 2 1
5 2 1
2 3 1
6 2 1
1 4 1
0 0 0
board #191 10
3 4 1
2 4 0
2 5 0
2 6 0
3 2 1
4 2 0
4 1 1
5 1 0
0 0 0
board #192 10
3 4 1
2 4 1
4 4 1
5 4 1
1 4 0
1 5 1
6 3 0
6 4 1
0 0 1
board #193 10
3 4 1
2 4 1
4 4 0
4 3 0
3 5 0
3 2 1
4 2 1
5 2 1
2 3 0
2 2 1
1 2 1
6 1 0
6 2 0
5 3 0
3 6 0
0 0 0
board #194 17
3 4 0
3 5 1
2 5 1
4 4 1
1 5 0
1 6 0
2 4 1
1 4 0
2 3 0
2 2 1
3 2 1
4 2 1
5 2 1
1 2 1
6 1 0
6 2 1
0 0 1
board #195 18
3 4 1
2 4 1
4 4 1
5 4 0
5 3 1
6 2 0
6 3 1
1 5 1
0 0 1
board #196 10
3 4 0
3 5 0
3 2 0
2 6 0
3 1 1
4 1 0
0 0 0
board #197 8
3 4 0
3 5 1
2 5 1
4 4 1
1 5 0
1 6 0
2 4 1
1 4 1
5 4 1
6 3 0
6 4 0
6 2 0
5 5 1
6 5 1
0 0 1
board #198 16
3 4 1
2 4 1
4 4 1
5 3 1
1 5 1
6 2 0
6 3 0
6 1 1
5 2 1
0 0 1
board #199 11
3 4 0
3 5 0
3 2 1
4 2 0
4 1 1
5 1 0
2 6 0
0 0 0
board #200 9
3 4 1
2 4 1
4 3 1
5 3 1
1 5 1
6 2 0
6 3 1
0 0 0
board #201 9
3 4 1
2 4 0
2 5 1
1 5 0
1 6 0
3 2 1
4 2 0
5 1 0
0 0 0
board #202 10
3 4 1
2 4 1
4 4 0
4 3 1
5 3 0
5 2 1
6 1 0
6 2 0
3 5 0
2 6 0
0 0 1
board #203 12
3 4 1
2 4 1
4 4 1
5 4 1
1 4 0
1 5 1
6 3 1
0 0 0
board #204 9
3 4 1
2 4 0
2 5 0
2 6 0
3 2 0
3 1 0
0 0 1
board #205 8
3 4 0
3 5 0
3 2 0
3 6 0
3 1 1
4 1 1
5 1 1
6 1 0
5 2 0
4 2 0
0 0 1
board #206 12
3 4 1
2 4 0
2 5 0
2 6 0
3 2 0
4 1 0
0 0 1
board #207 8
3 4 0
3 5 0
3 2 0
2 6 0
4 1 0
0 0 0
board #208 7
3 4 0
3 5 1
2 5 0
1 6 1
2 6 1
4 4 1
5 4 1
6 3 0
6 4 0
6 2 1
5 3 1
0 0 1
board #209 13
3 4 1
2 4 0
2 5 1
1 5 0
1 6 0
3 2 0
3 1 1
4 1 1
5 1 0
4 2 1
5 2 1
2 2 1
1 2 0
1 3 1
6 1 0
6 2 0
5 3 0
4 3 0
0 0 0
board #210 20
3 4 0
3 5 1
2 5 1
4 4 1
1 5 0
1 6 1
5 3 1
6 3 1
0 0 0
board #211 10
3 4 1
2 4 0
2 5 0
1 6 1
2 6 0
3 2 0
4 1 0
0 0 1
board #212 9
3 4 0
3 5 0
3 2 1
4 2 0
4 1 0
3 6 0
0 0 0
board #213 8
3 4 1
2 4 0
2 5 0
1 6 0
3 2 0
3 1 0
0 0 1
board #214 8
3 4 1
2 4 0
2 5 0
1 6 1
2 6 1
3 5 0
3 6 0
3 2 0
3 1 0
0 0 0
board #215 11
3 4 0
3 5 0
3 2 1
4 2 1
5 2 0
4 3 1
5 3 0
4 4 1
5 4 1
2 3 1
6 3 1
1 3 0
1 4 1
0 0 1
board #216 15
3 4 0
3 5 1
2 5 0
1 6 1
2 6 0
3 2 0
4 1 0
0 0 1
board #217 9
3 4 0
3 5 0
3 2 0
2 6 1
3 6 0
3 1 0
0 0 1
board #218 8
3 4 0
3 5 0
3 2 1
4 2 0
4 1 1
5 1 1
6 1 0
5 2 1
6 2 0
5 3 1
6 3 1
2 3 0
2 2 1
1 3 1
0 0 1
board #219 16
2 5 0
3 4 0
3 2 1
4 2 1
5 2 0
4 3 0
5 1 1
6 1 0
1 6 1
2 6 0
0 0 1
board #220 12
3 4 1
2 4 0
2 5 0
1 6 1
2 6 0
3 2 1
4 2 0
5 1 0
0 0 0
board #221 10
3 4 0
3 5 1
2 5 1
4 4 0
4 5 1
5 4 1
1 5 0
1 6 0
2 4 0
3 2 0
3 1 1
4 1 0
0 0 1
board #222 14
3 4 1
2 4 1
4 4 1
5 4 1
1 4 0
1 5 0
1 6 1
2 5 1
6 4 1
0 0 1
board #223 11
2 5 1
3 5 1
4 5 1
1 6 1
5 5 1
6 5 1
0 0 1
board #224 8
3 4 1
2 4 1
4 4 1
5 4 0
5 3 0
4 5 1
5 5 0
5 2 1
4 3 0
4 6 0
3 2 1
4 2 0
5 1 0
0 0 0
board #225 15
3 4 1
2 4 1
4 4 1
5 4 1
1 4 0
1 5 0
1 6 1
2 5 1
6 3 0
6 4 0
6 2 1
5 3 0
5 2 1
4 3 0
5 5 0
3 2 0
4 6 0
3 1 1
4 1 1
2 2 1
4 2 0
5 1 1
1 2 0
1 3 0
2 3 1
0 0 0
board #226 27
3 4 0
3 5 1
2 5 1
4 4 1
1 5 1
5 4 1
6 3 0
6 4 1
0 0 0
board #227 10
3 4 1
2 4 0
2 5 0
1 6 0
3 2 1
4 2 0
4 1 0
0 0 0
board #228 9
3 4 1
2 4 0
2 5 1
1 5 1
4 4 1
5 4 0
5 3 0
4 5 1
5 5 0
5 2 0
4 6 1
5 6 1
6 5 0
6 6 1
0 0 1
board #229 16
3 4 1
2 4 0
2 5 1
1 5 1
4 4 0
4 3 1
5 3 0
5 2 1
6 1 0
6 2 1
0 0 1
board #230 12
2 5 1
3 5 0
3 4 0
3 2 0
2 6 1
3 6 0
3 1 0
0 0 0
board #231 9
3 4 1
2 4 1
4 4 1
5 4 1
1 4 0
1 5 0
1 6 0
2 3 1
1 3 0
2 2 0
3 1 0
0 0 0
board #232 13
3 4 1
2 4 0
2 5 1
1 5 0
1 6 1
4 4 0
4 3 1
5 3 0
5 2 1
6 1 0
6 2 1
0 0 1
board #233 13
3 4 1
2 4 1
4 4 1
5 4 0
5 3 1
6 3 1
1 5 1
0 0 1
board #234 9
3 4 1
2 4 0
2 5 0
1 6 1
2 6 0
3 2 1
4 2 0
4 1 0
0 0 0
board #235 10
2 5 0
3 4 1
2 4 0
1 6 1
2 6 0
3 2 1
4 2 1
5 2 0
4 3 1
2 3 1
5 3 0
6 1 0
4 4 1
5 4 0
4 5 0
3 5 1
4 6 0
0 0 1
board #236 19
3 4 0
3 5 0
3 2 0
3 6 0
3 1 1
4 1 0
0 0 1
board #237 8
3 4 0
3 5 0
3 2 0
2 6 1
3 6 0
3 1 1
4 1 1
5 1 0
4 2 0
0 0 0
board #238 11
3 4 0
3 5 0
3 2 1
4 2 1
5 2 0
4 3 1
5 3 0
5 1 1
6 1 1
2 3 0
2 2 1
1 3 1
0 0 1
board #239 14
3 4 0
3 5 0
3 2 0
2 6 1
3 6 0
4 1 0
0 0 1
board #240 8
3 4 0
3 5 1
2 5 1
4 4 1
1 5 1
5 4 0
5 3 1
6 2 0
6 3 0
6 1 1
5 2 0
5 1 0
4 5 0
4 6 0
0 0 1
board #241 16
2 5 1
3 5 1
4 4 1
1 5 0
1 6 0
2 4 0
3 2 1
4 2 1
2 2 0
2 3 1
5 2 0
4 3 1
1 3 0
1 4 1
5 4 1
6 3 0
6 4 1
0 0 1
board #242 19
3 4 1
2 4 0
2 5 0
1 6 1
2 6 0
3 2 1
4 2 1
2 2 0
2 3 1
5 2 1
1 3 1
6 1 0
6 2 1
0 0 0
board #243 15
3 4 1
2 4 1
4 4 1
5 3 1
1 4 0
1 5 0
1 6 0
2 3 1
1 3 1
6 2 0
6 3 0
6 1 0
5 4 0
4 5 0
4 6 0
0 0 1
board #244 17
3 4 1
2 4 0
2 5 1
1 5 0
1 6 1
4 4 1
5 4 0
5 3 0
4 5 1
5 5 1
6 4 0
6 5 0
5 6 1
6 6 1
0 0 0
board #245 16
3 4 0
3 5 1
2 5 1
4 4 0
4 5 1
5 4 0
5 5 1
6 4 0
6 5 1
1 5 0
1 6 0
2 4 0
3 2 1
4 2 0
4 1 0
0 0 1
board #246 17
3 4 0
3 5 1
2 5 1
4 4 0
4 5 1
5 4 1
1 6 1
6 3 1
0 0 1
board #247 10
3 4 1
2 4 0
2 5 1
1 5 1
4 4 1
5 3 1
6 3 1
0 0 0
board #248 9
3 4 0
3 5 1
2 5 1
4 4 1
1 5 0
1 6 1
5 4 0
5 3 1
6 2 0
6 3 1
0 0 0
board #249 12
3 4 0
3 5 1
2 5 1
4 4 0
4 5 0
3 6 0
3 2 0
3 1 1
4 1 0
0 0 1
board #250 11
3 4 0
3 5 0
3 2 1
4 2 1
5 2 1
2 3 0
2 2 1
1 3 1
6 1 1
0 0 0
board #251 11
3 4 0
3 5 1
2 5 0
1 6 1
2 6 1
4 4 1
5 4 1
6 4 1
0 0 0
board #252 10
3 4 0
3 5 0
3 2 0
2 6 1
3 6 1
1 6 1
4 5 0
4 6 1
5 5 1
6 4 1
0 0 1
board #253 12
3 4 0
3 5 0
3 2 1
4 2 1
5 2 0
4 3 1
5 3 1
2 3 0
2 2 0
2 1 1
3 1 1
1 1 1
6 3 1
0 0 1
board #254 15
3 4 1
2 4 1
4 4 0
4 3 0
3 5 0
3 2 0
2 6 1
3 6 1
1 6 1
4 5 0
4 6 1
5 5 1
6 4 1
0 0 0
board #255 15
3 4 1
2 4 0
2 5 0
2 6 0
3 2 1
4 2 0
4 1 0
0 0 1
board #256 9
3 4 0
3 5 0
3 2 1
4 2 0
4 1 1
5 1 1
6 1 1
2 3 1
1 3 0
1 4 1
0 0 0
board #257 12
3 4 1
2 4 1
4 4 1
5 4 1
1 4 0
1 5 0
1 6 0
2 3 0
4 2 0
4 1 1
5 1 0
0 0 1
board #258 13
2 5 1
3 5 0
3 4 1
4 4 0
4 3 1
5 3 0
5 2 0
5 1 0
2 6 1
3 6 1
4 5 1
5 5 1
6 5 1
1 6 1
0 0 1
board #259 16
3 4 1
2 4 1
4 4 1
5 4 1
1 5 1
6 3 1
0 0 0
board #260 8
3 4 1
