4 5 1
3 5 0
3 6 1
2 6 1
5 5 1
6 5 1
1 6 0
1 7 0
2 5 1
1 5 1
7 5 1
8 4 1
0 0 0
board #1 14
3 6 0
3 7 0
4 5 0
4 3 1
5 3 0
5 2 1
6 2 0
6 1 0
2 8 1
3 8 1
1 8 1
4 7 0
4 8 0
0 0 0
board #2 15
4 5 0
4 6 0
4 3 1
5 3 0
5 2 0
4 7 1
3 7 1
5 6 0
5 7 0
5 8 0
5 1 1
6 1 1
4 2 1
7 1 1
8 1 1
3 4 0
3 3 1
2 4 0
2 3 1
1 3 1
0 0 0
board #3 22
4 5 0
4 6 0
4 3 1
5 3 1
3 4 0
3 3 0
4 2 1
3 2 1
2 3 1
6 3 1
7 3 0
7 2 1
8 2 1
1 3 1
0 0 0
board #4 16
4 5 0
4 6 1
3 6 0
3 7 1
2 7 1
5 5 0
5 6 1
6 5 1
1 8 1
7 4 1
8 4 1
0 0 0
board #5 13
4 5 0
4 6 1
3 6 0
3 7 0
4 3 0
4 2 1
5 2 1
3 3 0
3 2 1
6 2 1
2 3 0
2 2 1
7 2 0
6 3 0
7 1 1
8 1 0
5 3 0
3 8 0
0 0 0
board #6 20
4 5 1
3 5 1
5 4 1
6 4 0
6 3 1
7 3 0
7 2 0
6 5 1
5 5 0
5 6 0
7 1 1
8 1 0
5 7 0
4 8 0
0 0 0
board #7 16
4 5 1
3 5 0
3 6 1
2 6 0
2 7 0
1 8 1
2 8 1
3 7 1
5 4 1
6 4 1
7 4 0
7 3 0
6 5 1
7 5 1
8 4 0
8 5 1
0 0 1
board #8 18
4 5 0
4 6 1
3 6 1
5 5 0
5 6 1
6 5 1
2 6 1
1 6 0
1 7 0
2 5 1
1 5 0
1 8 0
2 4 1
1 4 0
2 3 0
2 2 0
2 1 0
0 0 0
board #9 19
3 6 1
4 6 1
2 6 1
5 6 1
6 6 0
6 5 0
6 4 0
5 7 0
6 3 1
5 4 0
4 3 1
5 3 0
5 2 0
5 8 0
5 1 1
6 1 0
0 0 0
board #10 18
4 5 0
4 6 1
3 6 1
5 5 1
2 6 0
2 7 1
1 8 1
6 5 1
7 4 1
8 3 0
8 4 0
8 2 1
7 3 0
7 5 0
7 2 0
6 6 1
7 6 0
6 7 0
7 1 1
8 1 1
6 2 1
6 3 1
5 4 1
0 0 0
board #11 25
3 6 0
3 7 1
2 7 1
4 6 0
4 7 0
3 8 1
4 8 1
5 7 0
5 8 0
4 3 1
5 3 1
6 3 1
3 4 1
7 3 0
7 2 1
8 1 0
8 2 0
6 4 0
5 5 0
0 0 1
board #12 21
4 5 1
3 5 1
5 5 1
6 5 1
2 5 0
2 6 1
1 6 1
7 5 1
8 4 0
8 5 1
0 0 0
board #13 12
4 5 1
3 5 1
5 5 1
6 5 0
6 4 1
7 4 1
2 5 1
8 4 1
1 5 0
1 6 0
2 4 1
1 4 0
2 3 0
1 7 1
2 6 1
0 0 1
board #14 17
4 5 0
4 6 1
3 6 0
3 7 1
2 7 1
5 5 0
5 6 1
6 5 0
6 6 1
7 5 1
1 7 1
8 4 0
8 5 1
0 0 1
board #15 15
4 5 0
4 6 0
4 3 1
5 3 1
3 4 0
3 3 0
4 2 1
3 2 0
4 1 0
3 7 0
2 8 1
3 8 0
0 0 1
board #16 14
4 5 1
3 5 0
3 6 1
2 6 0
2 7 0
1 8 1
2 8 1
3 7 0
3 8 1
4 7 0
4 8 0
4 3 1
5 3 1
3 3 0
3 4 0
4 2 1
3 2 1
2 3 0
2 2 0
2 1 1
3 1 0
0 0 1
board #17 23
4 5 1
3 5 0
3 6 0
3 7 1
2 7 0
1 8 0
4 3 1
5 3 0
5 2 0
5 1 1
6 1 0
0 0 0
board #18 13
4 5 1
3 5 0
3 6 1
2 6 1
5 5 0
5 4 0
5 6 1
4 6 0
4 7 1
3 7 1
6 5 1
7 5 1
1 7 1
8 4 0
8 5 0
7 6 1
8 6 1
0 0 0
board #19 19
4 5 0
4 6 0
4 3 0
4 7 1
3 7 1
5 6 1
2 7 0
3 6 1
2 6 1
6 5 1
1 6 0
1 7 0
2 5 0
1 8 1
2 8 0
3 4 1
3 5 0
4 2 1
5 2 0
6 1 0
0 0 0
board #20 22
4 5 1
3 5 1
5 5 1
6 5 0
6 4 1
7 4 1
2 5 1
8 3 0
8 4 1
1 6 1
0 0 0
board #21 12
4 5 1
3 5 0
3 6 0
3 7 0
4 3 0
4 2 0
2 8 1
3 8 0
4 1 1
5 1 0
0 0 0
board #22 12
2 7 1
3 7 0
3 6 0
3 5 1
4 5 0
4 3 0
2 8 1
3 8 0
4 2 0
5 1 0
0 0 1
board #23 12
4 5 1
3 5 0
3 6 1
2 6 1
5 5 0
5 4 0
5 6 0
5 7 0
4 3 0
4 8 1
5 8 1
6 7 0
6 8 0
4 2 0
4 1 1
5 1 0
0 0 0
board #24 18
4 5 1
3 5 1
5 5 0
5 4 1
6 4 0
6 3 1
7 3 1
2 5 0
2 6 0
3 4 1
2 4 1
1 5 1
8 2 0
8 3 1
0 0 1
board #25 16
4 5 0
3 7 0
4 6 1
3 6 0
4 3 1
5 3 0
5 2 1
6 2 0
6 1 1
7 1 0
2 8 1
3 8 0
0 0 0
board #26 14
4 5 0
4 6 1
3 6 0
3 7 0
4 3 1
5 3 1
3 4 0
3 3 1
2 4 0
2 3 0
3 2 0
2 8 0
4 1 0
0 0 1
board #27 15
4 5 1
3 5 1
5 5 1
6 5 0
6 4 1
7 4 0
7 3 0
7 2 0
5 6 0
8 1 0
4 7 0
4 8 0
0 0 0
board #28 14
4 5 0
4 6 0
4 3 0
4 7 0
4 2 1
5 2 1
3 3 1
6 2 0
5 3 0
6 1 0
4 8 0
0 0 0
board #29 13
4 5 0
4 6 1
3 6 1
5 5 1
2 6 0
2 7 0
3 5 1
2 5 0
3 4 0
1 8 0
3 3 0
3 2 0
3 1 1
4 1 1
5 1 0
4 2 1
5 2 0
5 3 0
0 0 0
board #30 20
3 6 1
4 6 0
4 5 0
4 7 0
4 3 1
5 3 0
5 2 0
3 8 0
5 1 1
6 1 0
0 0 0
board #31 12
4 5 0
4 3 1
5 3 1
6 3 0
6 2 0
5 4 1
6 4 1
7 3 0
7 4 1
3 4 0
3 3 1
2 4 1
8 3 0
8 4 1
1 4 1
0 0 1
board #32 17
3 6 0
4 5 0
4 3 1
5 3 1
3 4 0
3 3 0
4 2 1
3 2 1
2 3 1
6 3 0
5 4 1
6 4 1
7 4 0
7 3 1
8 2 0
8 3 1
1 4 1
0 0 1
board #33 19
4 5 1
3 5 0
3 6 0
3 7 0
4 3 1
5 3 0
5 2 0
2 8 1
3 8 1
1 8 0
2 7 0
6 1 0
0 0 0
board #34 14
4 5 1
3 5 1
5 5 1
6 5 1
2 5 0
2 6 0
3 4 1
2 4 1
1 4 0
1 5 0
2 3 1
1 3 0
2 2 0
2 7 0
1 8 1
2 8 1
3 7 0
3 8 1
4 7 1
4 6 0
5 6 1
7 5 1
8 5 1
0 0 0
board #35 25
4 5 1
3 5 1
5 5 1
6 5 0
6 4 0
5 6 0
6 3 0
6 2 1
7 2 0
8 1 0
5 7 1
4 7 0
4 8 0
0 0 1
board #36 15
4 5 0
4 6 1
3 6 0
3 7 0
4 3 0
4 2 1
5 2 0
6 1 0
2 8 1
3 8 1
1 8 1
4 7 0
4 8 0
0 0 1
board #37 15
4 5 1
3 5 1
5 5 1
6 4 1
2 5 0
2 6 1
1 6 1
7 4 0
7 3 1
8 2 0
8 3 0
8 1 1
7 2 0
7 1 1
6 2 1
6 3 1
0 0 0
board #38 18
4 5 0
4 6 0
4 7 0
4 3 1
5 3 1
3 4 0
3 3 1
2 4 1
6 3 0
5 4 1
6 4 1
7 4 1
1 4 0
1 5 0
2 5 1
1 6 0
2 3 1
1 3 1
8 3 1
0 0 1
board #39 21
4 5 1
3 5 0
3 6 0
3 7 1
2 7 0
1 8 1
2 8 0
4 3 0
4 2 1
5 2 0
6 1 0
0 0 0
board #40 13
4 6 0
4 5 1
3 5 0
3 6 0
4 3 1
5 3 0
5 2 0
4 7 1
3 7 0
2 8 0
6 1 0
0 0 1
board #41 13
4 5 0
4 6 0
4 3 1
5 3 0
5 2 1
6 2 0
6 1 0
4 7 1
3 7 1
5 6 0
5 7 0
4 8 1
5 8 1
6 7 1
2 7 1
7 6 0
7 7 0
6 6 1
7 5 0
6 5 1
7 4 1
1 8 1
8 4 1
0 0 0
board #42 25
4 5 1
3 5 0
3 6 1
2 6 1
5 5 0
5 4 0
5 6 0
5 7 1
4 7 0
3 8 1
4 8 0
4 3 0
4 2 0
4 1 0
0 0 1
board #43 16
3 6 1
4 6 1
2 6 0
2 7 1
1 8 1
5 6 0
5 5 1
6 5 1
7 4 0
7 5 0
6 6 0
7 3 0
7 2 1
6 3 1
8 1 1
5 4 0
6 4 1
0 0 0
board #44 19
4 5 0
4 6 1
3 6 0
3 7 1
2 7 0
2 8 0
4 3 0
5 2 0
6 1 0
0 0 0
board #45 11
4 5 0
4 6 0
4 3 1
5 3 0
5 2 1
6 2 0
6 1 0
4 7 1
3 7 1
5 6 0
5 7 1
6 6 0
6 7 0
5 8 0
0 0 0
board #46 16
3 6 1
4 6 1
2 6 1
5 6 1
6 6 1
1 7 1
7 5 0
7 6 0
6 7 0
7 4 0
7 3 1
6 4 0
6 3 1
5 4 0
4 3 0
5 2 0
5 8 1
6 8 1
5 7 1
7 7 1
8 6 0
8 7 0
7 8 1
8 8 1
0 0 0
board #47 26
4 5 0
4 6 0
4 3 0
3 7 0
4 2 1
5 2 0
5 1 1
6 1 1
7 1 0
6 2 1
7 2 1
3 3 1
8 1 1
2 4 0
2 3 1
1 3 0
1 4 0
3 4 1
2 5 0
2 2 0
3 5 1
2 6 1
1 7 1
0 0 1
board #48 25
4 5 1
3 5 0
3 6 0
3 7 1
2 7 1
4 6 1
1 7 0
1 8 1
5 6 0
5 4 1
6 4 1
7 4 0
7 3 1
8 2 0
8 3 0
8 1 1
7 2 1
0 0 0
board #49 19
4 5 0
4 6 0
4 3 0
4 7 1
3 7 0
2 8 0
4 2 0
4 1 1
5 1 1
3 2 1
6 1 1
7 1 0
6 2 1
7 2 1
2 3 1
8 1 1
1 4 1
0 0 1
board #50 19
4 5 1
3 5 0
3 6 1
2 6 1
5 4 0
5 5 1
6 4 1
7 4 0
7 3 1
8 2 1
1 6 1
0 0 0
board #51 13
4 5 0
4 6 0
4 7 0
4 3 0
4 2 0
3 8 0
5 1 0
0 0 1
board #52 9
4 5 1
3 5 1
5 4 0
5 5 0
4 6 1
5 6 0
4 7 0
4 3 1
5 3 1
6 3 1
3 4 0
3 3 0
4 2 0
4 1 1
5 1 1
5 2 1
3 2 0
3 1 1
2 2 0
2 1 0
4 8 0
0 0 1
board #53 23
4 5 0
4 6 0
4 3 0
4 7 1
3 7 0
2 8 1
3 8 1
1 8 1
5 6 0
5 7 0
5 8 0
4 2 0
4 1 0
0 0 1
board #54 15
4 5 0
4 6 1
3 6 0
3 7 0
4 3 1
5 3 1
3 4 0
3 3 1
6 3 1
2 4 0
2 3 1
1 4 1
7 3 0
7 2 1
8 1 1
0 0 0
board #55 17
3 6 0
3 5 0
3 7 1
2 7 0
1 8 1
2 8 0
4 3 0
5 2 1
4 2 1
6 2 0
5 3 0
6 1 1
7 1 0
0 0 0
board #56 15
4 5 1
3 5 1
5 5 0
5 4 0
4 6 1
5 6 1
6 5 0
6 6 0
5 7 0
4 3 1
5 3 0
5 2 1
6 2 1
7 2 0
6 3 1
7 3 1
3 4 1
8 2 0
8 3 0
7 4 0
7 1 0
4 8 1
5 8 0
0 0 1
board #57 25
4 5 0
4 6 1
3 6 1
5 5 1
2 6 0
2 7 0
3 5 1
2 5 1
1 5 1
6 5 0
6 4 1
7 4 1
8 4 1
0 0 0
board #58 15
4 5 0
4 6 1
3 6 1
5 5 1
2 6 0
2 7 1
1 7 0
1 8 1
6 5 1
7 5 1
8 4 0
8 5 0
7 6 0
8 3 0
8 2 1
7 3 1
6 4 1
0 0 0
board #59 19
3 6 1
4 6 1
2 6 1
5 6 0
5 5 1
6 5 1
7 5 1
1 6 1
8 4 0
8 5 0
7 6 0
8 3 0
8 2 0
8 1 0
6 7 1
7 7 0
6 8 1
7 8 0
0 0 0
board #60 20
4 5 0
4 6 1
3 6 1
5 5 1
2 6 0
2 7 0
3 5 1
2 5 0
3 4 1
2 4 0
3 3 0
1 8 1
2 8 1
3 7 0
3 8 0
4 2 0
4 1 1
5 1 1
5 2 0
6 1 0
0 0 0
board #61 22
4 5 0
4 6 0
4 3 0
4 7 0
4 2 1
5 2 1
3 3 0
3 2 1
6 2 1
2 3 0
2 2 0
2 1 1
3 1 1
1 1 0
1 2 1
7 2 0
6 3 1
7 3 0
6 4 1
7 4 0
6 5 0
8 1 0
5 5 1
5 6 1
6 6 0
5 7 1
6 7 1
7 6 1
8 5 0
8 6 1
0 0 1
board #62 32
4 5 0
4 6 0
4 7 1
3 7 1
5 6 0
5 7 1
6 6 0
6 7 1
2 7 0
3 6 0
1 8 1
2 8 0
4 3 1
5 3 1
3 4 0
3 3 0
4 2 0
5 1 0
0 0 0
board #63 20
3 6 1
4 6 0
4 5 0
4 7 1
3 7 1
5 6 0
5 7 1
6 6 0
6 7 1
7 6 1
2 6 0
1 8 0
3 5 0
1 7 1
2 7 0
4 3 0
5 2 0
6 1 0
0 0 1
board #64 20
4 5 1
3 5 1
5 5 1
6 5 0
6 4 1
7 4 0
7 3 0
7 2 0
5 6 0
7 1 1
8 1 1
6 2 0
6 1 0
4 7 0
3 8 0
0 0 1
board #65 17
4 5 0
4 6 1
3 6 1
5 5 0
5 6 1
6 5 0
6 6 0
5 7 1
6 7 1
7 6 0
7 7 1
8 6 0
8 7 1
2 6 1
1 6 1
0 0 0
board #66 17
3 6 1
4 6 1
2 6 0
2 7 0
3 5 1
2 5 0
3 4 1
2 4 0
3 3 0
1 8 0
3 2 0
4 1 0
0 0 1
board #67 14
4 5 1
3 5 0
3 6 0
3 7 1
2 7 1
4 6 1
1 7 0
1 8 0
2 6 0
4 3 0
4 2 0
4 1 0
0 0 0
board #68 14
4 5 0
4 6 0
4 3 1
5 3 1
3 4 0
3 3 0
4 2 0
4 7 1
3 7 0
2 8 1
3 8 0
4 1 1
5 1 0
0 0 0
board #69 15
4 5 0
4 6 1
3 6 0
3 7 1
2 7 0
1 8 1
2 8 1
5 5 1
6 5 1
7 5 1
8 4 0
8 5 0
7 6 1
8 6 1
0 0 1
board #70 16
4 5 1
3 5 0
3 6 0
3 7 1
2 7 0
2 8 0
4 3 0
4 2 0
4 1 0
0 0 0
board #71 11
4 5 1
3 5 1
5 5 1
6 5 0
6 4 0
5 6 0
6 3 0
6 2 0
4 7 0
6 1 0
4 8 0
0 0 1
board #72 13
4 5 1
3 5 1
5 5 1
6 5 0
6 4 1
7 4 0
7 3 1
8 2 1
2 5 1
1 5 0
1 6 1
0 0 0
board #73 13
4 5 1
3 5 0
3 6 0
3 7 1
2 7 0
1 8 1
2 8 0
4 3 1
5 3 1
3 4 1
6 3 1
2 5 1
7 3 1
8 2 1
1 6 1
0 0 0
board #74 17
4 5 1
3 5 1
5 5 0
5 4 1
6 4 1
2 5 1
7 4 0
7 3 1
8 2 0
8 3 1
1 6 1
0 0 1
board #75 13
4 5 0
4 6 1
3 6 0
3 7 1
2 7 0
1 8 0
4 3 1
5 3 1
3 4 1
6 3 1
7 3 1
2 4 0
2 5 0
3 3 0
2 6 0
4 2 0
5 1 0
0 0 1
board #76 19
4 5 0
4 6 1
3 6 0
3 7 0
4 3 1
5 3 1
3 4 0
3 3 1
2 4 1
6 3 1
7 3 1
8 2 1
1 4 0
1 5 0
2 5 0
1 3 1
2 3 0
3 2 1
2 2 1
0 0 0
board #77 21
4 5 1
3 5 0
3 6 0
3 7 1
2 7 0
1 8 0
4 3 0
5 2 0
5 1 1
6 1 0
0 0 1
board #78 12
4 5 1
3 5 1
5 5 0
5 4 0
4 6 1
5 6 1
6 5 0
6 6 1
7 5 0
7 6 0
6 7 0
4 3 0
5 8 1
6 8 0
4 2 1
5 2 0
6 1 0
0 0 0
board #79 19
4 5 1
3 5 1
5 5 1
2 5 0
2 6 0
3 4 1
2 4 1
6 5 1
1 5 1
7 5 1
8 4 0
8 5 0
7 6 1
8 6 1
0 0 0
board #80 16
4 5 0
4 6 1
3 6 0
3 7 1
2 7 1
5 5 1
1 7 0
1 8 1
6 4 1
7 4 0
7 3 0
7 5 1
6 5 1
8 4 0
8 5 0
7 6 0
7 2 1
6 3 0
6 2 0
6 7 0
5 8 0
7 1 0
0 0 0
board #81 24
4 5 0
4 6 0
4 3 0
4 7 1
3 7 0
3 8 0
4 2 0
5 1 0
0 0 0
board #82 10
3 6 1
4 6 1
2 6 1
5 5 0
5 6 1
6 5 1
7 5 1
1 6 1
8 5 1
0 0 1
board #83 11
4 6 1
3 6 0
3 7 1
2 7 1
5 6 1
1 8 1
6 5 0
6 6 0
6 4 0
5 7 1
6 7 1
7 6 0
7 7 0
6 8 1
7 8 1
8 7 0
8 8 0
6 3 1
5 4 0
4 3 1
5 3 0
5 2 0
5 1 1
6 1 1
4 2 0
4 1 1
3 2 0
3 1 1
7 1 0
6 2 0
0 0 1
board #84 32
4 6 0
4 5 1
5 5 1
3 5 1
6 5 0
6 4 0
5 6 1
6 6 1
7 5 0
7 6 0
6 7 0
6 3 0
6 2 1
7 2 1
5 3 1
5 4 0
4 3 1
3 4 0
3 3 1
2 4 0
2 3 1
8 1 0
8 2 0
7 3 1
8 3 1
1 3 1
0 0 0
board #85 28
3 6 0
4 5 1
3 5 1
5 4 1
6 4 1
2 6 1
7 4 0
7 3 0
6 5 1
7 5 0
6 6 0
7 2 1
6 3 1
8 1 0
8 2 0
5 7 0
4 8 0
0 0 1
board #86 19
4 5 1
3 5 0
3 6 1
2 6 0
2 7 1
1 7 0
1 8 1
5 4 1
6 4 0
6 3 0
6 5 0
5 6 0
6 2 0
4 7 1
5 7 1
6 7 0
6 6 1
7 5 0
7 6 0
5 8 0
7 1 0
0 0 1
board #87 23
4 5 0
4 6 0
4 3 1
5 3 0
5 2 1
6 2 0
6 1 0
4 7 1
3 7 0
2 8 1
3 8 0
0 0 1
board #88 13
4 5 0
4 3 1
5 3 0
5 2 0
4 6 1
3 6 0
3 7 0
2 8 1
3 8 1
1 8 1
4 7 0
4 8 1
5 7 0
5 8 0
5 1 0
0 0 1
board #89 17
4 5 0
4 6 0
4 3 0
4 7 0
4 2 1
5 2 1
6 2 0
5 3 0
6 1 1
7 1 1
8 1 0
7 2 0
3 8 0
0 0 1
board #90 15
4 5 0
4 6 1
3 6 1
5 5 1
2 6 0
2 7 0
3 5 0
1 8 1
2 8 1
3 7 1
6 5 1
7 4 0
7 5 0
6 6 0
7 3 1
6 4 1
8 2 0
8 3 0
8 1 0
6 7 1
5 7 1
7 7 1
4 7 1
8 7 1
0 0 1
board #91 26
4 5 1
3 5 0
3 6 1
2 6 0
2 7 0
2 8 0
4 3 1
5 3 1
3 3 1
6 3 0
5 4 1
2 3 0
2 4 1
6 4 1
1 4 0
1 5 1
7 3 1
8 2 0
8 3 0
8 1 1
7 2 0
7 1 0
7 4 0
6 5 0
5 6 1
6 6 0
5 7 0
4 8 0
0 0 0
board #92 30
4 5 1
3 5 0
3 6 1
2 6 1
5 5 0
5 4 0
5 6 0
4 7 0
4 3 1
5 3 1
6 3 0
6 2 0
6 1 1
7 1 0
3 8 1
4 8 0
0 0 0
board #93 18
4 5 0
4 6 1
3 6 0
3 7 0
4 3 1
5 3 1
6 3 0
5 4 1
3 4 0
3 3 0
4 2 0
2 8 0
5 1 0
0 0 0
board #94 15
4 5 0
4 6 0
4 7 0
4 3 0
4 2 0
4 8 0
4 1 0
0 0 0
board #95 9
4 5 0
4 6 0
4 3 1
5 3 1
3 4 1
6 3 1
7 3 0
7 2 0
6 4 1
7 4 0
6 5 1
7 5 0
6 6 0
7 1 1
8 1 0
5 7 1
6 7 1
5 6 0
4 7 0
4 8 0
0 0 0
board #96 22
4 5 1
3 5 1
5 5 0
5 4 0
4 6 1
5 6 0
4 7 0
4 3 0
4 2 0
4 8 0
4 1 0
0 0 0
board #97 13
4 5 0
4 6 0
4 3 0
4 7 0
4 2 0
3 8 1
4 8 1
5 7 1
