9 10 1
8 10 1
10 9 1
7 10 1
11 9 0
11 8 1
12 8 0
12 7 1
13 7 0
13 6 1
14 6 0
14 5 1
15 5 1
16 5 0
16 4 0
15 6 1
16 6 1
17 5 0
17 6 0
16 7 0
16 3 0
15 8 0
16 2 1
17 2 0
17 1 1
18 1 1
15 3 0
15 2 0
15 1 0
14 9 0
13 10 1
14 10 0
13 11 0
12 12 1
13 12 1
12 11 1
14 12 0
14 11 0
13 13 1
14 13 1
15 12 0
15 13 1
16 12 1
13 9 1
14 7 0
10 10 1
11 10 1
17 11 0
17 12 1
18 11 0
18 12 0
17 13 0
16 11 0
16 14 0
15 15 1
16 15 1
15 14 1
17 15 1
18 14 0
18 15 1
6 10 0
6 11 1
5 11 0
5 12 1
4 12 1
12 9 1
3 12 0
3 13 1
2 13 0
2 14 0
4 11 1
3 11 0
4 10 1
3 10 0
2 15 0
4 9 0
2 16 0
2 17 0
5 8 1
4 8 1
5 9 1
3 8 0
3 9 0
4 7 1
3 7 1
2 8 1
1 8 0
1 9 1
0 0 1
board #1 90
7 13 1
8 13 0
8 12 0
8 11 1
9 11 0
9 10 1
10 10 1
7 12 0
7 11 1
6 12 1
11 10 0
11 9 0
10 11 0
10 9 0
7 14 1
8 14 1
6 13 1
9 14 0
9 13 1
10 13 1
11 12 0
11 13 1
12 12 1
13 11 1
14 10 1
15 9 0
15 10 1
16 9 1
5 12 1
4 12 0
4 13 1
3 13 0
3 14 1
2 14 1
17 8 0
17 9 0
16 8 0
17 10 1
16 10 0
15 11 0
14 9 0
15 12 0
14 13 1
15 13 0
14 14 0
13 9 0
13 15 1
14 15 1
13 14 0
12 15 1
12 14 1
15 15 0
15 14 0
14 16 1
15 16 1
16 15 1
17 14 1
11 14 0
12 13 0
13 13 0
10 15 1
11 15 1
10 14 0
8 15 0
8 16 0
8 17 1
7 17 1
9 16 1
7 16 0
6 17 1
6 16 1
6 15 1
18 13 1
1 15 1
0 0 0
board #2 76
8 12 0
8 11 1
9 11 1
7 12 0
7 11 1
6 12 1
10 10 1
11 9 1
5 13 0
5 12 1
4 13 1
12 9 1
13 9 1
3 13 1
14 9 0
14 8 0
13 10 0
14 7 1
13 8 1
15 7 1
16 7 0
16 6 1
17 6 1
2 14 0
2 13 0
3 12 0
2 15 1
3 14 0
3 15 0
4 11 1
3 11 1
5 11 1
2 11 0
2 12 1
1 12 0
1 13 1
18 5 0
18 6 0
17 7 0
18 4 0
18 3 0
15 8 0
18 2 0
18 1 1
17 2 0
17 1 0
12 11 1
13 11 0
12 12 1
13 12 0
12 13 1
13 13 0
12 14 1
13 14 1
14 13 1
12 10 0
11 11 0
10 12 1
11 12 0
10 13 1
11 13 0
10 14 0
10 15 0
10 16 0
10 17 0
9 18 1
10 18 0
0 0 0
board #3 69
7 13 1
9 10 0
8 13 0
8 12 0
7 14 1
8 14 1
9 13 1
6 13 0
7 12 0
6 14 0
6 15 1
5 15 0
5 16 1
4 16 0
4 17 1
3 17 0
2 18 1
3 18 1
1 18 1
10 12 0
10 13 0
9 12 0
10 14 0
10 15 0
10 16 0
10 17 0
9 8 1
10 8 1
8 9 1
11 8 0
11 7 1
12 7 1
7 9 0
7 10 0
7 8 1
8 8 0
8 7 0
7 11 1
8 10 1
6 11 1
5 11 0
5 12 1
4 12 0
4 13 1
3 13 0
3 14 1
2 14 1
13 7 0
13 6 0
12 8 1
13 8 1
14 8 1
15 8 1
16 8 1
1 14 0
1 15 0
2 13 1
1 13 1
17 8 0
17 7 1
18 7 1
0 0 0
board #4 63
9 10 0
8 12 1
9 12 1
