8 12 0
8 13 1
7 13 1
9 13 1
6 13 1
5 13 1
10 13 0
10 12 1
11 12 1
12 12 1
4 13 0
4 14 1
3 14 1
13 12 0
13 11 0
12 13 1
13 13 1
14 12 0
14 13 1
15 12 0
15 13 0
14 14 0
13 10 0
13 9 1
12 10 1
14 9 0
14 8 1
15 8 1
11 11 1
16 8 0
16 7 0
15 9 0
16 6 0
16 5 0
16 4 0
13 15 1
14 15 1
13 14 1
15 14 1
16 13 0
16 14 1
17 13 1
18 12 0
18 13 1
19 12 1
2 14 1
1 14 1
0 0 1
board #1 49
11 8 0
11 9 0
10 12 1
9 12 1
8 12 0
9 11 1
8 11 1
11 11 1
12 11 0
12 10 0
12 12 0
12 9 1
11 10 1
13 9 1
7 11 1
14 9 1
15 9 1
6 11 1
5 11 0
5 12 1
4 12 0
4 13 1
3 13 0
3 14 1
2 14 1
16 9 0
16 8 0
15 10 1
16 10 1
17 9 0
17 10 1
18 9 1
1 15 1
19 8 0
19 9 0
18 8 1
19 7 1
0 0 0
board #2 39
9 12 0
11 8 1
14 6 1
10 8 1
12 8 0
12 7 1
13 7 0
13 6 1
15 6 1
9 8 1
8 8 1
16 6 0
16 5 1
17 5 0
17 4 1
18 4 1
7 8 1
6 8 0
6 9 1
5 9 0
5 10 0
6 10 1
5 11 1
4 11 1
3 11 0
3 12 1
2 12 0
2 13 1
1 14 1
19 3 0
19 4 1
0 0 0
board #3 33
10 9 1
11 9 0
11 8 0
11 7 0
10 11 1
9 11 0
9 12 1
8 12 1
7 12 0
8 11 0
7 13 0
7 14 0
7 15 0
11 6 0
7 16 1
6 16 0
6 17 1
5 17 1
8 15 1
4 17 1
3 17 1
2 17 0
2 18 0
3 16 1
2 16 0
3 15 0
1 19 1
2 19 0
4 15 0
5 15 1
5 14 1
4 16 0
5 16 1
4 14 0
5 13 1
4 13 1
3 13 0
3 14 1
2 14 0
2 15 1
1 15 0
1 16 1
9 14 0
9 15 1
10 14 0
10 15 1
11 14 1
12 13 0
12 14 0
11 13 0
8 14 0
12 15 1
11 15 1
13 14 0
13 15 0
12 16 0
11 17 0
10 18 0
11 5 0
11 4 1
12 4 1
10 5 1
13 4 0
12 5 1
13 5 1
14 5 0
13 6 1
14 6 1
9 6 1
8 7 1
15 6 0
15 5 1
16 5 0
16 4 1
17 4 0
17 3 0
14 7 1
15 7 0
14 8 0
17 2 1
18 2 1
16 3 0
16 2 0
13 8 0
16 1 1
17 1 0
12 9 0
9 19 1
10 19 0
0 0 1
board #4 91
8 13 1
7 13 0
7 14 0
8 12 1
7 12 0
8 11 0
7 15 1
6 15 1
8 14 1
5 15 0
5 16 1
4 16 1
3 16 1
2 16 1
10 12 0
10 11 1
9 11 1
11 11 0
11 10 0
9 14 0
10 13 1
9 13 0
9 15 1
8 15 1
10 14 1
11 12 1
12 11 1
13 10 0
13 11 0
12 10 1
13 9 1
14 9 0
14 8 0
13 8 0
13 12 1
12 12 1
14 11 0
14 12 0
13 13 1
14 13 1
15 12 0
15 13 1
16 12 0
16 13 0
15 14 1
16 14 1
17 13 1
18 12 1
1 16 0
1 17 1
19 11 0
19 12 0
18 11 1
19 10 1
0 0 0
board #5 56
6 15 0
11 7 1
10 7 0
10 8 1
9 8 1
12 7 0
12 6 1
13 6 1
