4 5 1
3 5 0
3 6 1
2 6 1
5 5 0
5 4 1
6 4 0
6 3 1
7 3 1
8 2 1
1 7 1
0 0 1
board #1 13
4 5 0
4 3 1
5 3 0
5 2 0
4 6 1
3 6 0
3 7 0
2 8 1
3 8 1
1 8 1
4 7 1
5 5 0
5 6 0
5 7 0
4 8 1
5 8 0
5 1 1
6 1 0
0 0 1
board #2 20
4 5 0
4 6 1
3 6 0
3 7 0
4 3 0
4 2 0
2 8 1
3 8 1
1 8 0
2 7 0
4 1 0
0 0 1
board #3 13
4 5 0
4 3 0
4 6 0
3 7 0
4 2 0
2 8 0
5 1 0
0 0 1
board #4 9
4 5 0
4 6 1
3 6 0
3 7 0
4 3 1
5 3 0
5 2 0
2 8 1
3 8 1
1 8 0
2 7 0
5 1 1
6 1 1
7 1 0
6 2 0
0 0 0
board #5 17
4 5 0
4 6 1
3 6 1
5 5 0
5 6 1
6 5 0
6 6 0
5 7 1
6 7 0
5 8 1
6 8 0
4 3 0
4 2 0
4 1 0
0 0 1
board #6 16
4 5 0
4 6 1
3 6 1
5 5 1
2 6 0
2 7 0
3 5 0
2 8 0
4 3 0
4 2 1
5 2 1
6 2 0
5 3 1
6 3 1
3 3 0
3 2 1
2 3 0
2 2 0
3 1 0
0 0 0
board #7 21
4 5 0
4 6 0
4 3 1
5 3 0
5 2 1
6 2 0
6 1 1
7 1 1
8 1 0
7 2 0
4 7 1
3 7 1
5 6 0
5 7 0
4 8 1
5 8 1
6 7 1
2 7 1
7 6 0
7 7 0
6 6 0
6 8 1
7 8 0
0 0 0
board #8 25
4 5 0
4 6 0
4 3 1
5 3 0
5 2 0
4 7 0
5 1 1
6 1 1
4 2 1
7 1 1
8 1 0
7 2 0
6 2 1
6 3 0
4 8 0
0 0 1
board #9 17
4 5 0
4 6 0
4 3 1
5 3 1
3 4 0
3 3 0
4 2 1
3 2 0
3 1 1
4 1 1
2 2 1
6 3 0
6 2 1
7 2 0
7 1 0
5 4 1
6 4 0
5 5 0
4 7 1
3 7 1
2 7 1
5 7 0
5 6 0
4 8 1
5 8 0
0 0 1
board #10 27
4 5 1
3 5 1
5 5 0
5 4 1
6 4 1
7 4 1
2 5 1
1 5 0
1 6 1
8 3 1
0 0 0
board #11 12
4 5 1
3 5 1
5 5 1
6 5 0
6 4 1
7 4 0
7 3 1
8 2 0
8 3 1
2 5 1
1 5 0
1 6 0
2 4 0
1 7 1
2 6 0
2 7 0
3 3 0
2 8 0
4 2 1
3 2 0
4 1 0
0 0 1
board #12 23
4 5 1
3 5 0
3 6 1
2 6 1
5 4 0
5 5 1
6 5 0
6 4 0
5 6 0
4 7 0
4 3 0
4 2 0
3 8 1
4 8 1
3 7 1
5 7 0
5 8 0
5 1 0
0 0 1
board #13 20
4 5 1
3 5 1
5 5 0
5 4 0
4 6 0
4 7 0
4 3 0
4 2 0
3 8 0
4 1 1
5 1 1
6 1 1
3 2 0
3 1 1
2 2 1
7 1 1
8 1 0
7 2 1
8 2 0
7 3 1
8 3 1
1 3 1
0 0 0
board #14 24
4 5 1
3 5 1
5 5 1
6 5 0
6 4 0
5 6 0
6 3 1
5 4 0
4 3 0
5 7 0
4 2 0
4 8 1
5 8 0
4 1 0
0 0 0
board #15 16
4 5 0
4 6 1
3 6 1
5 6 1
2 6 0
2 7 0
3 5 1
2 5 1
1 5 0
1 6 0
2 4 0
1 8 0
3 3 1
2 3 0
3 2 1
2 2 1
3 4 0
5 3 0
5 2 0
5 1 1
6 1 1
7 1 1
8 1 0
7 2 0
6 2 1
6 3 1
7 3 0
6 4 1
4 1 1
7 4 0
6 5 0
5 5 0
0 0 1
board #16 34
4 5 1
3 5 1
5 5 0
5 4 0
4 6 0
4 3 1
5 3 0
5 2 0
4 7 1
3 7 1
5 7 0
5 6 0
4 8 0
5 1 1
6 1 1
4 2 0
4 1 1
3 2 1
7 1 1
8 1 1
2 3 0
2 2 1
1 3 1
0 0 0
board #17 25
3 6 0
3 7 1
2 7 0
1 8 1
2 8 1
4 7 1
5 6 0
5 7 1
6 6 1
7 5 0
7 6 0
6 5 1
7 4 1
8 3 0
8 4 1
0 0 0
board #18 17
3 6 1
4 6 1
2 6 1
5 6 0
5 5 1
6 5 1
7 5 1
1 7 1
8 5 1
0 0 0
board #19 11
4 5 0
4 6 0
4 3 1
5 3 1
3 4 1
6 3 0
5 4 0
6 2 1
7 2 0
7 1 1
8 1 1
2 4 0
2 5 0
3 5 1
2 6 1
1 6 0
1 7 1
0 0 1
board #20 19
4 5 0
4 6 0
5 3 0
4 7 1
3 7 1
5 6 1
2 7 0
3 6 0
2 8 0
6 2 0
6 1 1
7 1 0
0 0 1
board #21 14
4 5 1
3 5 1
5 5 1
6 5 0
6 4 0
5 6 1
6 6 1
7 5 1
2 5 0
2 6 0
3 4 0
2 7 0
1 8 1
2 8 1
3 7 0
3 8 0
3 3 0
3 2 1
4 2 1
5 2 1
2 3 1
6 2 1
7 2 0
5 4 0
7 1 0
7 3 0
0 0 1
board #22 28
4 5 0
4 6 1
3 6 0
3 7 1
2 7 0
1 8 1
2 8 0
4 3 1
5 3 1
3 4 1
6 3 0
6 2 1
7 2 1
8 1 1
2 5 0
2 4 0
3 3 0
2 6 1
3 5 1
1 7 1
0 0 1
board #23 22
4 6 0
4 5 1
5 5 1
3 5 1
6 5 1
2 5 0
2 6 0
3 4 0
2 7 1
3 6 0
4 7 1
3 7 0
2 8 0
3 3 0
3 2 1
4 2 0
4 1 1
5 1 0
0 0 0
board #24 20
4 5 1
3 5 0
3 6 0
3 7 1
2 7 0
2 8 0
4 3 0
4 2 1
5 2 1
3 3 1
6 2 1
7 2 0
6 3 0
8 1 0
5 3 0
0 0 1
board #25 17
4 5 0
4 6 0
4 3 1
5 3 1
3 4 0
3 3 1
6 3 0
6 2 1
7 2 1
2 4 0
2 3 1
1 4 1
8 1 1
0 0 1
board #26 15
4 5 0
4 6 1
3 6 0
3 7 1
2 7 1
5 5 0
5 6 0
5 7 1
4 7 0
3 8 1
4 8 0
4 3 1
5 3 0
5 2 1
6 2 0
6 1 1
7 1 1
8 1 0
7 2 1
8 2 1
3 4 0
3 3 0
3 2 0
3 1 1
4 1 0
0 0 1
board #27 27
4 5 0
4 6 1
3 6 1
5 5 0
5 6 1
6 5 1
2 6 0
2 7 0
3 5 0
1 8 1
2 8 1
3 7 0
3 8 0
4 3 1
5 3 1
6 3 1
3 3 0
3 4 1
2 4 1
7 3 1
1 4 0
1 5 0
2 3 1
1 3 1
8 3 1
0 0 1
board #28 27
2 7 0
3 5 0
3 6 0
4 3 1
5 3 0
5 2 0
1 8 1
2 8 1
3 7 0
3 8 1
4 7 1
5 6 1
6 5 0
6 6 1
7 5 1
8 4 0
8 5 1
0 0 1
board #29 19
4 5 0
4 6 0
4 3 0
4 7 1
3 7 0
2 8 1
3 8 1
1 8 1
5 6 0
5 7 1
6 6 0
6 7 1
7 6 1
8 5 0
8 6 1
0 0 0
board #30 17
4 5 0
4 6 1
3 6 1
5 5 1
2 6 1
6 5 1
1 6 0
1 7 1
7 5 1
8 4 0
8 5 1
0 0 0
board #31 13
3 6 1
4 6 0
4 5 1
5 5 1
2 6 0
2 7 1
1 7 1
6 5 1
7 5 1
8 4 0
8 5 0
7 6 0
8 3 0
8 2 1
7 3 0
7 2 0
6 7 0
7 1 0
5 8 0
0 0 1
board #32 21
4 5 1
3 5 1
5 4 0
5 5 1
6 4 0
6 5 1
7 4 1
2 5 0
2 6 0
3 4 0
2 7 1
3 6 0
3 7 0
2 8 1
3 8 0
3 3 1
4 3 0
4 2 0
4 1 1
5 1 0
0 0 0
board #33 22
4 5 0
4 6 1
3 6 1
5 5 1
2 6 1
6 5 0
6 4 1
7 4 0
7 3 1
8 2 1
1 6 1
0 0 0
board #34 13
4 5 0
4 6 0
4 3 1
5 3 1
3 4 1
6 3 1
7 3 1
2 4 0
2 5 1
1 5 0
1 6 0
2 6 1
1 7 0
1 8 0
2 3 0
3 2 0
3 1 1
4 1 1
4 2 1
2 2 1
1 2 0
1 3 1
8 3 1
0 0 1
board #35 25
4 5 0
4 6 0
4 3 0
3 7 0
4 2 1
5 2 0
5 1 0
2 8 1
3 8 0
0 0 0
board #36 11
4 5 1
3 5 1
5 4 1
6 4 0
6 3 0
6 5 1
5 5 0
5 6 0
6 2 0
5 7 0
6 1 0
4 8 1
5 8 1
6 7 0
6 8 1
4 7 0
3 8 1
7 7 1
3 7 0
2 8 1
1 8 1
8 6 1
0 0 1
board #37 24
3 6 0
3 7 0
3 5 1
4 5 1
5 5 0
5 4 1
6 4 0
6 3 0
4 6 0
6 2 1
7 2 0
7 1 1
8 1 0
2 8 1
3 8 1
1 8 0
2 7 1
1 7 1
4 7 0
4 8 1
5 7 0
5 8 0
0 0 1
board #38 24
4 5 1
3 5 0
3 6 0
3 7 0
4 3 0
4 2 1
5 2 1
6 2 0
5 3 1
6 3 1
3 3 1
7 3 0
7 2 1
8 1 1
2 3 1
1 3 1
0 0 1
board #39 18
4 5 0
4 6 0
4 3 1
5 3 0
5 2 0
4 7 0
5 1 1
6 1 0
3 8 1
4 8 0
0 0 1
board #40 12
4 6 0
4 5 0
4 3 1
5 3 0
5 2 0
4 7 0
5 1 1
6 1 1
4 2 1
7 1 1
8 1 1
3 4 1
2 5 1
1 5 0
1 6 0
2 6 1
1 7 1
0 0 1
board #41 19
3 6 1
4 6 0
4 5 0
4 3 1
5 3 1
3 4 1
6 3 0
6 2 1
7 2 0
7 1 0
5 4 0
3 7 1
4 7 0
3 8 0
0 0 0
board #42 16
4 5 0
4 6 1
3 6 1
5 5 0
5 6 1
6 5 0
6 6 0
5 7 0
4 3 1
5 3 1
6 3 0
6 2 0
5 4 1
6 4 0
7 1 0
4 8 1
5 8 0
0 0 0
board #43 19
4 5 1
3 5 1
5 5 1
6 5 1
2 5 0
2 6 0
3 4 1
2 4 1
1 4 0
1 5 0
2 3 0
2 7 0
3 2 1
2 2 0
1 8 1
2 8 1
3 7 1
3 6 1
7 4 1
8 3 0
8 4 0
8 2 1
7 3 1
0 0 1
board #44 25
3 6 1
4 6 0
4 5 0
3 7 0
4 3 1
5 3 1
3 4 0
3 3 0
4 2 1
3 2 0
4 1 0
2 8 1
3 8 1
1 8 0
2 7 1
4 7 1
1 7 0
2 6 1
1 6 0
2 5 0
0 0 0
board #45 22
4 5 0
4 6 1
3 6 0
3 7 1
2 7 0
2 8 0
4 3 0
4 2 1
5 2 0
5 1 1
6 1 0
0 0 0
board #46 13
4 5 0
4 6 1
3 6 0
3 7 1
2 7 1
5 5 0
5 6 0
5 7 0
4 3 1
5 3 1
6 3 1
3 4 0
3 3 1
2 3 1
7 3 1
1 3 0
1 4 0
2 4 0
2 2 0
2 1 1
3 1 1
3 2 1
1 1 0
1 2 1
8 2 1
0 0 1
board #47 27
4 5 0
4 6 0
4 3 1
5 3 1
3 4 0
3 3 0
4 2 0
4 7 1
3 7 1
5 6 0
5 7 1
6 6 0
6 7 1
2 7 1
7 6 0
7 7 1
8 7 1
1 7 0
1 8 0
2 6 1
1 6 0
2 5 0
5 1 0
0 0 1
board #48 25
4 5 0
4 3 1
5 3 1
3 4 1
6 3 1
7 3 1
2 5 0
2 4 1
8 2 0
8 3 0
8 1 0
7 4 1
8 4 1
1 5 1
0 0 1
board #49 16
4 5 0
4 3 1
5 3 1
3 4 0
3 3 0
4 2 0
4 6 1
3 6 0
3 7 1
2 7 1
5 5 0
5 6 1
6 5 0
6 6 0
5 7 1
6 7 0
5 8 0
4 1 1
5 1 0
0 0 0
board #50 21
4 5 0
4 3 1
5 3 0
5 2 0
4 6 1
3 6 1
5 5 0
5 6 1
6 5 1
2 6 1
7 4 0
7 5 0
6 4 0
7 6 1
6 6 0
5 7 0
4 8 0
5 1 0
0 0 1
board #51 20
3 6 1
4 6 0
4 5 0
3 7 1
4 7 1
5 6 0
5 7 0
4 8 1
5 8 1
6 7 0
6 8 1
7 7 1
2 6 1
8 6 1
1 6 0
1 7 1
0 0 1
board #52 18
4 5 1
3 5 0
3 6 1
2 6 1
5 5 1
6 5 1
1 6 1
7 5 0
7 4 0
6 6 1
7 6 1
8 5 0
8 6 0
7 7 1
8 7 1
0 0 1
board #53 17
4 5 1
3 5 1
5 5 0
5 4 1
6 4 0
6 3 1
7 3 1
2 5 1
8 2 0
8 3 0
7 4 0
8 1 0
4 6 0
4 7 0
4 8 0
0 0 1
board #54 17
4 5 1
3 5 1
5 5 0
5 4 0
4 6 0
4 7 1
3 7 1
5 6 0
5 7 0
4 8 1
5 8 0
4 3 0
4 2 0
4 1 0
0 0 0
board #55 16
4 5 0
4 3 1
5 3 0
5 2 0
4 6 0
4 7 0
5 1 1
6 1 1
4 2 1
7 1 0
6 2 1
7 2 1
3 4 0
3 3 0
3 2 0
4 1 0
3 8 0
0 0 1
board #56 19
4 5 1
3 5 0
3 6 0
3 7 0
5 3 0
5 2 1
6 2 0
7 1 0
2 8 0
0 0 1
board #57 11
4 5 1
3 5 1
5 5 0
5 4 0
4 6 0
4 7 0
4 3 1
5 3 0
5 2 1
6 2 0
6 1 1
7 1 1
8 1 0
7 2 1
8 2 0
7 3 1
8 3 0
7 4 1
8 4 0
7 5 1
8 5 0
7 6 1
8 6 1
3 4 0
3 3 0
3 2 0
3 1 1
4 1 0
3 8 0
0 0 0
board #58 31
4 5 1
3 5 0
3 6 0
3 7 0
5 3 0
6 2 1
5 2 0
6 1 0
3 8 0
0 0 0
board #59 11
4 5 1
3 5 0
3 6 1
2 6 0
2 7 0
2 8 0
4 3 0
4 2 1
5 2 1
3 3 0
3 2 1
6 2 0
5 3 0
6 1 0
0 0 0
board #60 16
4 5 0
4 6 1
3 6 0
3 7 1
2 7 0
1 8 1
2 8 0
4 3 1
5 3 1
6 3 1
3 4 0
3 3 1
2 4 1
7 3 1
1 4 1
8 2 0
8 3 0
7 4 1
8 4 1
0 0 0
board #61 21
4 5 1
3 5 1
5 4 1
6 4 0
6 3 0
6 5 0
6 2 0
5 6 1
6 6 0
5 7 0
7 1 0
4 8 1
5 8 1
4 7 1
6 7 1
7 6 0
7 7 0
6 8 0
0 0 1
board #62 20
4 5 0
4 3 1
5 3 0
5 2 1
6 2 0
7 1 0
4 6 1
3 6 0
3 7 0
2 8 1
3 8 0
0 0 1
board #63 13
4 5 1
3 5 0
3 6 1
2 6 1
5 5 0
5 4 0
5 6 1
4 6 0
4 7 0
4 3 0
3 8 1
4 8 1
5 7 1
3 7 0
2 8 1
1 8 0
2 7 0
4 2 1
5 2 1
6 2 0
6 3 0
6 1 0
0 0 0
board #64 24
4 5 1
3 5 1
5 5 1
6 5 0
6 4 1
7 4 0
7 3 0
7 2 1
6 3 1
8 1 0
8 2 0
5 6 1
6 6 0
5 7 0
4 8 1
5 8 0
0 0 1
board #65 18
4 5 1
3 5 0
3 6 1
2 6 1
5 5 0
5 4 1
6 4 0
6 3 1
7 3 0
7 2 0
7 1 1
8 1 0
4 6 1
5 6 0
4 7 1
5 7 1
6 6 0
6 7 1
7 6 1
8 5 0
8 6 0
7 5 0
8 7 1
7 7 0
6 8 1
7 8 0
0 0 1
board #66 28
3 6 0
3 7 0
3 5 1
4 5 0
4 3 1
5 3 1
3 4 1
6 3 0
5 4 1
6 4 1
7 4 0
7 3 0
6 5 0
6 2 0
5 5 0
6 1 1
7 1 1
8 1 1
5 2 1
2 6 0
2 4 0
2 5 1
1 6 1
0 0 0
board #67 25
4 5 1
3 5 1
5 5 1
6 5 1
2 5 0
2 6 0
3 4 0
2 7 0
1 8 1
2 8 0
3 3 1
5 3 1
4 3 1
5 4 0
6 3 1
2 3 1
7 3 0
6 4 1
1 3 1
7 5 0
7 4 1
8 4 1
0 0 1
board #68 24
4 5 1
3 5 1
5 5 0
5 4 0
4 6 1
5 6 0
4 7 0
4 3 0
4 2 1
5 2 1
6 2 1
3 3 1
7 2 0
6 3 1
7 3 1
8 2 0
8 3 1
2 4 1
1 4 0
1 5 0
2 5 0
3 4 0
1 3 1
2 3 0
2 2 0
3 1 0
3 8 1
4 8 0
0 0 0
board #69 30
4 5 1
3 5 0
3 6 0
3 7 1
2 7 0
1 8 1
2 8 0
4 3 0
4 2 1
5 2 1
6 2 0
5 3 0
6 1 1
7 1 1
8 1 1
3 3 0
3 2 1
2 3 1
1 3 0
1 4 1
0 0 0
board #70 22
4 5 0
4 6 0
4 3 0
4 7 1
3 7 0
3 8 0
4 2 1
5 2 1
3 3 0
3 2 0
3 1 1
4 1 0
0 0 1
board #71 14
4 5 0
4 6 1
3 6 0
3 7 1
2 7 1
5 5 1
1 7 1
6 5 1
7 4 0
7 5 1
8 4 0
8 5 1
0 0 0
board #72 14
4 5 1
3 5 1
5 5 0
5 4 0
4 6 0
4 3 1
5 3 0
5 2 0
3 7 0
2 8 1
3 8 1
1 8 1
4 7 1
5 6 0
5 7 1
6 6 0
6 7 0
5 8 1
6 8 1
7 7 1
8 6 1
0 0 0
board #73 23
4 5 1
3 5 0
3 6 1
2 6 0
2 7 0
1 8 1
2 8 1
3 7 1
5 4 1
6 4 1
7 4 0
7 3 0
6 5 1
7 5 0
7 2 1
6 3 0
6 6 1
7 6 0
6 2 1
5 3 1
8 1 0
8 2 1
0 0 0
board #74 24
4 5 0
4 6 0
4 3 0
4 7 1
3 7 0
2 8 0
4 2 1
5 2 0
5 1 1
6 1 1
7 1 1
8 1 0
7 2 1
8 2 1
3 3 1
2 4 1
1 4 1
0 0 0
board #75 19
3 6 1
4 6 0
4 5 1
5 5 0
5 4 1
6 4 1
2 6 1
7 4 1
1 6 1
8 3 1
0 0 1
board #76 12
4 5 1
3 5 1
5 5 0
5 4 0
4 6 0
4 3 1
5 3 0
5 2 0
4 7 0
4 8 0
5 1 1
6 1 0
0 0 1
board #77 14
4 5 1
3 5 0
3 6 0
3 7 1
2 7 0
1 8 1
2 8 0
4 3 1
5 3 0
5 2 1
6 2 1
7 2 1
3 3 1
2 3 0
2 4 0
3 2 1
2 2 0
3 4 0
2 1 1
3 1 1
1 1 0
1 2 0
0 0 0
board #78 24
4 5 1
3 5 1
5 5 0
5 4 0
4 6 1
5 6 1
6 5 0
6 6 0
5 7 0
4 3 1
5 3 1
6 3 1
3 4 1
7 3 1
8 2 1
2 4 0
2 5 0
2 6 1
1 6 0
1 7 1
0 0 0
board #79 22
4 5 0
4 6 0
4 3 1
5 3 0
5 2 0
4 7 0
5 1 1
6 1 1
4 2 1
7 1 0
6 2 0
3 8 0
0 0 0
board #80 14
4 5 1
3 5 0
3 6 0
3 7 0
4 3 1
5 3 0
5 2 0
3 8 0
5 1 1
6 1 0
0 0 0
board #81 12
4 5 0
4 6 1
3 6 0
3 7 0
4 3 1
5 3 1
3 4 0
3 3 1
6 3 1
2 4 1
7 3 0
7 2 0
6 4 1
7 4 0
6 5 0
7 1 1
8 1 1
6 2 1
1 4 1
0 0 1
board #82 21
4 5 1
3 5 1
5 5 1
6 5 1
2 5 1
7 5 0
7 4 1
8 3 0
8 4 1
1 5 1
0 0 1
board #83 12
4 5 0
4 6 1
3 6 1
5 5 1
2 6 0
2 7 0
3 5 0
1 8 1
2 8 0
4 3 1
5 3 1
3 3 1
5 4 1
2 4 1
1 4 0
1 5 1
6 5 1
7 5 1
8 4 1
0 0 0
board #84 21
4 5 1
3 5 1
5 5 1
6 5 1
2 5 0
2 6 1
1 6 0
1 7 0
1 8 1
2 7 1
7 4 1
8 4 1
0 0 0
board #85 14
4 5 1
3 5 1
5 5 0
5 4 1
6 4 1
2 5 1
7 4 0
7 3 0
6 5 1
7 5 0
6 6 0
7 2 1
6 3 1
8 2 1
1 5 0
1 6 1
0 0 0
board #86 18
4 5 0
4 6 0
4 7 0
4 3 1
5 3 0
5 2 0
3 8 1
4 8 1
5 7 0
5 8 0
6 1 0
0 0 0
board #87 13
4 5 1
3 5 0
3 6 0
3 7 1
2 7 0
2 8 0
4 3 1
5 3 0
5 2 1
6 2 0
6 1 0
0 0 1
board #88 13
4 5 1
3 5 1
5 5 1
6 5 0
6 4 1
7 4 1
2 5 1
8 3 0
8 4 1
1 5 0
1 6 1
0 0 0
board #89 13
4 5 1
3 5 1
5 5 1
6 5 0
6 4 0
5 6 0
6 3 0
6 2 1
7 2 1
5 3 1
5 4 1
8 1 0
8 2 0
7 3 0
4 7 0
3 8 1
4 8 1
3 7 0
2 8 0
0 0 1
board #90 21
4 5 1
3 5 1
5 5 1
6 5 1
2 5 0
2 6 1
1 6 0
1 7 1
7 5 0
7 4 1
8 3 1
0 0 0
board #91 13
4 5 0
4 6 1
3 6 0
3 7 0
4 3 0
4 2 0
2 8 1
3 8 1
1 8 1
4 7 0
4 8 1
5 7 1
6 6 1
