3 4 1
2 4 1
4 4 0
4 3 1
5 3 0
5 2 0
3 5 1
4 5 1
5 5 1
6 5 1
1 4 0
1 5 0
1 6 1
2 5 0
2 6 0
2 3 1
1 3 1
0 0 0
board #1 19
3 4 0
3 5 1
2 5 0
1 6 0
3 2 1
4 2 1
2 3 0
2 2 0
3 1 0
0 0 1
board #2 11
3 4 0
3 5 1
2 5 1
4 4 1
1 5 0
1 6 1
5 3 1
6 2 1
0 0 0
board #3 10
3 4 0
3 5 0
3 2 1
4 2 1
5 2 0
4 3 1
5 3 1
2 3 1
6 2 0
6 3 1
1 4 1
0 0 1
board #4 13
3 4 0
3 5 1
2 5 1
4 5 1
1 5 0
1 6 0
2 4 0
3 2 1
4 2 0
4 1 1
5 1 0
0 0 0
board #5 13
3 4 0
3 5 1
2 5 0
1 6 1
2 6 1
4 4 0
4 5 1
5 4 1
6 4 1
0 0 0
board #6 11
2 5 1
3 5 0
3 4 1
4 4 0
4 3 0
2 6 1
3 6 1
4 5 1
5 4 1
1 5 0
1 6 0
2 4 1
1 4 1
6 3 1
0 0 0
board #7 16
3 4 1
2 4 0
2 5 0
3 2 0
2 6 0
3 1 1
4 1 0
0 0 0
board #8 9
3 4 1
2 4 0
2 5 1
1 5 0
1 6 0
3 2 0
3 1 1
4 1 1
5 1 1
6 1 0
5 2 1
2 2 1
6 2 0
5 3 1
6 3 0
5 4 1
6 4 1
1 2 0
1 3 1
0 0 0
board #9 21
3 4 1
2 4 1
4 4 0
4 3 0
3 5 0
3 2 0
2 6 0
4 1 0
0 0 0
board #10 10
3 4 0
3 5 0
3 2 1
4 2 0
4 1 1
5 1 0
2 6 1
3 6 0
0 0 1
board #11 10
3 4 1
2 4 1
4 4 0
4 3 1
5 3 0
5 2 1
6 2 1
1 5 1
0 0 1
board #12 10
3 4 1
2 4 0
2 5 1
1 5 0
1 6 1
4 4 0
4 3 0
4 5 1
3 5 0
2 6 1
3 6 1
5 4 0
5 5 0
4 6 1
5 6 1
6 5 0
6 6 0
3 2 0
3 1 0
0 0 0
board #13 21
2 5 1
3 5 0
3 4 1
4 4 1
1 5 0
1 6 1
5 4 0
5 3 1
6 2 0
6 3 0
6 1 0
4 5 0
2 6 1
3 6 1
4 6 0
0 0 1
board #14 17
2 5 1
3 5 0
3 4 1
4 4 0
4 3 1
5 3 1
1 6 1
6 2 0
6 3 0
6 1 0
5 4 0
2 6 0
0 0 1
board #15 14
3 4 0
3 5 0
4 2 1
3 2 1
5 2 1
2 3 1
6 1 0
6 2 1
1 3 1
0 0 1
board #16 11
3 4 0
3 5 0
3 2 0
3 6 0
3 1 0
0 0 0
board #17 7
3 4 1
2 4 1
4 4 1
5 4 1
1 4 0
1 5 0
1 6 0
2 3 0
4 2 1
2 2 1
3 2 1
4 3 1
1 2 1
6 3 1
0 0 0
board #18 16
3 4 0
3 5 0
3 2 0
2 6 1
3 6 0
4 1 0
0 0 1
board #19 8
3 4 0
3 5 0
3 2 1
4 2 1
5 2 0
4 3 0
6 1 0
2 6 0
0 0 1
board #20 10
3 4 0
3 5 0
3 2 0
3 6 0
4 1 0
0 0 1
board #21 7
3 4 1
2 4 0
2 5 1
1 6 1
4 4 1
5 4 1
6 3 1
0 0 1
board #22 9
3 4 1
2 4 0
2 5 1
1 6 1
4 4 0
4 3 1
5 3 1
6 2 1
0 0 0
board #23 10
3 4 1
2 4 0
2 5 1
1 5 0
1 6 1
4 4 0
4 3 0
3 5 0
2 6 0
3 2 1
4 2 1
5 2 0
5 1 1
6 1 0
0 0 0
board #24 16
3 4 0
3 5 1
2 5 0
1 6 1
2 6 0
3 2 0
3 1 0
0 0 1
board #25 9
3 4 1
2 4 0
2 5 1
1 5 0
1 6 0
3 2 1
4 2 0
4 1 1
5 1 1
6 1 0
5 2 0
0 0 0
board #26 13
3 4 0
3 5 0
3 2 1
4 2 1
5 2 1
2 3 1
6 1 0
6 2 0
5 3 1
6 3 1
1 3 0
1 4 0
2 4 0
1 2 0
2 1 0
2 6 1
3 6 1
1 6 0
2 5 0
0 0 1
board #27 21
3 4 0
3 5 0
3 2 1
4 2 1
5 2 0
4 3 0
6 1 0
2 6 1
3 6 1
1 6 0
2 5 0
0 0 1
board #28 13
3 4 0
3 5 0
3 2 0
3 6 0
3 1 1
4 1 1
5 1 0
4 2 0
0 0 1
board #29 10
3 4 1
2 4 0
2 5 0
3 2 1
4 2 1
5 2 1
2 2 1
6 1 0
6 2 0
5 3 1
6 3 1
1 3 1
0 0 1
board #30 14
3 4 1
2 4 1
4 4 0
4 3 0
4 5 0
4 6 0
3 2 1
4 2 0
4 1 0
0 0 1
board #31 11
3 4 0
3 5 1
2 5 1
4 4 0
4 5 0
3 6 0
3 2 1
4 2 1
5 2 0
5 1 1
6 1 1
2 3 0
2 2 1
1 2 0
1 3 1
0 0 1
board #32 17
3 4 0
3 5 1
2 5 0
1 6 1
2 6 1
4 4 0
4 5 1
5 4 0
5 5 0
4 6 0
3 2 0
4 1 0
0 0 1
board #33 14
3 4 1
2 4 0
2 5 0
1 6 0
3 2 0
4 1 0
0 0 0
board #34 8
3 4 0
3 5 0
3 2 0
3 6 0
3 1 1
4 1 1
5 1 1
2 2 0
2 1 0
0 0 1
board #35 11
3 4 1
2 4 1
4 4 0
4 3 1
5 3 0
5 2 0
3 5 1
4 5 1
5 5 1
6 4 1
1 4 0
1 5 0
1 6 1
2 5 1
0 0 0
board #36 16
3 4 0
3 5 0
3 2 0
2 6 1
3 6 1
1 6 1
4 5 1
5 5 0
5 4 0
4 4 1
5 3 1
6 2 0
6 3 1
0 0 0
board #37 15
3 4 0
3 5 0
3 2 0
2 6 1
3 6 1
1 6 1
4 5 1
5 4 0
5 5 1
6 4 0
6 5 0
5 6 1
6 6 1
0 0 1
board #38 15
3 4 1
2 4 0
2 5 1
1 5 0
1 6 1
4 4 1
5 3 1
6 2 0
6 3 0
6 1 1
5 2 0
5 4 0
5 1 1
4 2 1
4 3 1
0 0 1
board #39 17
3 4 1
2 4 0
2 5 1
1 5 1
4 4 0
4 3 1
5 3 0
5 2 0
4 5 1
3 5 0
3 6 0
5 1 1
6 1 1
4 2 1
0 0 0
board #40 16
3 4 0
3 5 1
2 5 0
1 6 1
2 6 1
4 4 1
5 4 0
5 3 1
6 2 0
6 3 0
6 1 1
5 2 1
0 0 0
board #41 14
3 4 0
3 5 1
2 5 1
4 4 1
1 5 1
5 4 1
6 3 1
0 0 1
board #42 9
3 4 0
3 5 0
3 2 1
4 2 1
5 2 1
2 3 1
6 2 1
1 3 1
0 0 0
board #43 10
3 4 0
3 5 1
2 5 1
4 4 0
4 5 0
3 6 0
3 2 0
3 1 1
4 1 1
5 1 1
6 1 1
2 2 0
2 1 0
0 0 0
board #44 15
3 4 1
2 4 0
2 5 0
1 6 0
3 2 0
3 1 1
4 1 0
0 0 1
board #45 9
3 4 0
3 5 0
3 2 1
4 2 1
5 2 0
4 3 0
5 1 0
2 6 1
3 6 1
1 6 0
2 5 0
0 0 1
board #46 13
3 4 1
2 4 1
4 4 0
4 3 0
3 5 0
3 2 1
4 2 0
4 1 1
5 1 0
2 6 1
3 6 1
1 6 0
2 5 0
0 0 0
board #47 15
3 4 1
2 4 1
4 4 0
4 3 0
4 5 0
3 2 0
4 6 0
3 1 1
4 1 0
0 0 1
board #48 11
3 4 0
3 5 1
2 5 0
2 6 0
3 2 1
4 2 1
5 2 0
4 3 0
5 1 0
0 0 1
board #49 11
3 4 0
3 5 0
3 2 0
2 6 0
3 1 1
4 1 1
5 1 1
6 1 0
5 2 0
4 3 0
0 0 0
board #50 12
2 5 1
3 5 0
3 4 0
3 2 1
4 2 0
4 1 0
3 6 0
0 0 0
board #51 9
3 4 0
3 5 1
2 5 1
4 4 1
1 5 1
5 4 1
6 3 1
0 0 0
board #52 9
2 5 1
3 5 0
3 4 0
2 6 1
3 6 0
3 2 0
3 1 0
0 0 0
board #53 9
3 4 0
3 5 1
2 5 0
1 6 0
3 2 0
4 1 0
0 0 0
board #54 8
3 4 1
2 4 1
4 4 1
5 4 0
5 3 0
4 5 0
5 2 0
6 1 0
4 6 0
0 0 0
board #55 11
3 4 0
3 5 0
3 2 0
3 6 0
3 1 0
0 0 1
board #56 7
3 4 0
3 5 1
2 5 1
4 4 1
1 5 0
1 6 0
2 4 0
3 2 0
3 1 1
4 1 1
5 1 0
4 2 0
0 0 0
board #57 14
3 4 1
2 4 0
2 5 0
1 6 1
2 6 0
4 2 0
4 1 1
5 1 0
0 0 0
board #58 10
3 4 1
2 4 1
4 4 0
4 3 0
3 5 0
3 2 1
4 2 1
5 2 0
5 1 0
2 6 1
3 6 1
1 6 0
2 5 0
0 0 0
board #59 15
3 4 1
2 4 1
4 4 1
5 4 0
5 3 0
4 5 1
5 5 1
6 4 1
1 4 1
0 0 0
board #60 11
3 4 0
3 5 1
2 5 0
2 6 0
3 2 0
4 1 0
0 0 1
board #61 8
3 4 0
3 5 1
2 5 1
4 4 1
1 5 0
1 6 1
5 4 1
6 3 1
0 0 0
board #62 10
3 4 0
3 5 0
3 2 0
2 6 1
3 6 1
1 6 1
4 5 0
4 6 0
3 1 1
4 1 0
0 0 1
board #63 12
3 4 0
3 5 0
3 2 1
4 2 1
5 2 0
4 3 1
5 3 1
2 3 0
2 2 0
2 1 0
2 6 0
0 0 0
board #64 13
3 4 1
2 4 1
4 4 0
4 3 0
3 5 1
4 5 0
3 6 1
4 6 1
5 5 1
6 4 0
6 5 1
1 4 0
1 5 0
1 6 0
2 3 1
1 3 1
0 0 0
board #65 18
3 4 0
3 5 1
2 5 0
1 6 1
2 6 0
3 2 1
4 2 1
5 2 1
2 3 0
2 2 1
1 2 0
1 3 0
1 1 1
2 1 0
0 0 0
board #66 16
3 4 0
3 5 0
3 2 1
4 2 1
5 2 1
2 3 0
2 2 0
2 1 1
3 1 1
1 1 1
6 1 0
6 2 0
5 3 1
6 3 0
5 4 1
6 4 1
0 0 0
board #67 18
3 4 0
3 5 0
3 2 1
4 2 0
4 1 0
2 6 0
0 0 0
board #68 8
3 4 0
3 5 0
3 2 0
2 6 0
3 1 1
4 1 1
5 1 1
2 2 1
6 1 0
5 2 0
4 2 1
4 3 1
5 3 1
6 2 1
1 2 0
1 3 0
2 3 0
1 1 1
2 1 1
0 0 0
board #69 21
3 4 1
2 4 0
2 5 0
3 2 1
4 2 1
5 2 0
4 3 1
5 3 1
2 2 1
1 2 0
1 3 1
6 3 1
0 0 0
board #70 14
3 4 1
2 4 1
4 4 0
4 3 0
3 5 1
4 5 0
4 6 0
3 2 1
4 2 1
5 2 1
2 3 1
6 1 0
6 2 1
1 3 0
1 4 0
1 5 0
1 6 0
1 2 1
2 2 1
0 0 1
board #71 21
3 4 0
3 5 0
3 2 1
4 2 1
5 2 0
4 3 1
5 3 0
5 1 1
6 1 1
2 3 1
1 3 1
0 0 0
board #72 13
3 4 1
2 4 1
4 4 0
4 3 1
5 3 0
5 2 1
6 1 0
6 2 0
3 5 1
4 5 0
3 6 1
4 6 0
0 0 0
board #73 14
3 4 1
2 4 1
4 4 0
4 3 0
3 5 1
4 5 0
4 6 0
3 2 1
5 2 0
5 1 0
0 0 0
board #74 12
3 4 1
2 4 1
4 4 0
4 3 0
3 5 0
3 2 1
4 2 1
5 2 1
2 3 1
6 1 0
6 2 0
5 3 0
2 6 0
0 0 0
board #75 15
3 4 1
2 4 0
2 5 1
1 6 1
4 4 0
4 3 1
5 3 1
6 2 1
0 0 1
board #76 10
3 4 0
3 5 0
3 2 0
2 6 0
3 1 1
4 1 0
0 0 1
board #77 8
3 4 0
3 5 0
3 2 1
4 2 0
4 1 0
2 6 0
0 0 0
board #78 8
3 4 0
3 5 1
2 5 0
1 6 1
2 6 1
4 4 0
4 5 0
4 6 0
3 2 0
4 1 0
0 0 1
board #79 12
3 4 1
2 4 0
2 5 1
1 5 0
1 6 0
3 2 0
3 1 1
4 1 0
0 0 1
board #80 10
2 5 0
2 4 0
1 6 1
2 6 1
3 5 1
4 5 0
4 4 1
5 4 0
5 3 1
6 2 0
6 3 0
6 1 0
3 6 1
4 6 1
5 6 1
6 5 1
0 0 1
board #81 18
3 4 0
3 5 1
2 5 1
4 4 1
1 5 0
1 6 1
5 4 1
6 4 1
0 0 1
board #82 10
2 5 1
3 5 0
3 4 1
4 4 0
4 3 0
3 6 0
3 2 1
4 2 1
5 2 1
2 3 1
6 1 0
6 2 0
5 3 0
0 0 0
board #83 15
2 5 0
2 4 0
2 6 0
3 2 0
3 1 1
4 1 1
5 1 0
4 2 1
5 2 1
2 2 1
6 1 0
6 2 1
1 2 0
1 3 1
0 0 0
board #84 16
2 5 0
3 4 0
4 2 0
1 6 1
2 6 1
3 5 0
3 6 0
4 1 0
0 0 0
board #85 10
3 4 1
2 4 0
2 5 1
1 5 0
1 6 1
4 4 0
4 3 1
5 3 1
6 2 0
6 3 1
0 0 0
board #86 12
3 4 0
3 5 0
3 2 0
2 6 0
3 1 1
4 1 0
0 0 1
board #87 8
3 4 1
2 4 0
2 5 1
1 5 0
1 6 1
4 4 1
5 3 1
6 3 1
0 0 0
board #88 10
3 4 1
2 4 0
2 5 1
1 5 1
4 4 0
4 3 1
5 3 0
5 2 1
6 1 1
0 0 0
board #89 11
3 4 0
3 5 0
3 2 1
4 2 1
5 2 1
2 3 1
6 1 0
6 2 1
1 4 1
0 0 1
board #90 11
3 4 1
2 4 0
2 5 1
1 5 0
1 6 0
3 2 0
3 1 0
0 0 0
board #91 9
2 5 1
3 5 1
4 5 0
4 4 1
5 4 0
5 3 1
6 3 1
1 6 1
0 0 0
board #92 10
3 4 1
2 4 0
2 5 0
1 6 0
3 2 0
4 1 0
0 0 0
board #93 8
3 4 0
3 5 0
3 2 0
2 6 1
3 6 1
1 6 0
2 5 0
3 1 1
4 1 1
5 1 0
4 2 1
5 2 0
4 3 0
0 0 1
board #94 15
3 4 0
3 5 0
3 2 1
4 2 1
2 3 1
5 2 0
4 3 0
5 1 1
6 1 0
2 6 1
3 6 0
0 0 0
board #95 13
3 4 0
3 5 0
3 2 1
4 2 1
5 2 1
2 3 1
6 1 0
6 2 0
5 3 1
6 3 0
5 4 0
4 5 0
2 6 1
4 6 0
0 0 1
board #96 16
3 4 1
2 4 1
4 4 1
5 4 0
5 3 1
6 3 1
1 4 0
1 5 0
1 6 1
2 5 1
0 0 1
board #97 12
3 4 0
3 5 1
2 5 1
4 4 1
1 5 1
5 4 1
6 3 0
6 4 0
6 2 1
5 3 0
5 2 0
5 5 0
5 6 0
5 1 1
6 1 1
4 2 1
4 3 1
0 0 1
board #98 19
3 4 1
2 4 1
4 4 0
4 3 0
4 5 0
3 2 1
4 2 1
5 2 0
5 1 0
4 6 0
0 0 1
board #99 12
3 4 0
3 5 0
3 2 1
4 2 1
5 2 0
4 3 0
5 1 1
6 1 0
2 6 1
3 6 0
0 0 0
board #100 12
2 5 1
3 5 1
4 5 0
4 4 0
3 6 1
4 6 0
4 3 0
3 2 0
3 1 0
0 0 0
board #101 11
3 4 0
3 5 1
2 5 1
4 4 1
1 5 0
1 6 0
2 4 0
3 2 0
3 1 0
0 0 1
board #102 11
3 4 1
2 4 1
4 4 1
5 4 0
5 3 0
4 5 0
5 2 1
4 3 0
3 2 0
3 1 1
4 1 1
2 2 1
5 1 1
6 2 1
1 2 1
0 0 0
board #103 17
3 4 0
3 5 1
2 5 1
4 4 1
1 6 1
5 4 1
6 4 1
0 0 0
board #104 9
3 4 0
3 5 0
3 2 0
2 6 1
3 6 1
1 6 1
4 5 1
5 4 1
6 3 0
6 4 0
5 3 0
6 5 0
5 6 0
4 3 1
4 4 0
3 1 1
4 1 0
0 0 0
board #105 19
3 4 0
3 5 0
3 2 1
4 2 1
5 2 0
4 3 1
5 3 0
5 1 1
6 1 1
2 3 0
2 2 1
1 2 0
1 3 1
0 0 1
board #106 15
2 5 0
2 4 0
1 6 1
2 6 0
3 2 0
3 1 1
4 1 1
5 1 1
6 1 1
2 2 1
1 3 1
0 0 0
board #107 13
3 4 0
3 5 1
2 5 0
2 6 0
3 2 1
4 2 1
5 2 1
2 3 1
6 1 0
6 2 0
5 3 0
4 4 0
0 0 0
board #108 14
3 4 1
2 4 1
4 4 1
5 4 0
5 3 1
6 2 0
6 3 1
1 5 1
0 0 0
board #109 10
3 4 1
2 4 0
2 5 0
1 6 0
3 2 0
3 1 0
0 0 0
board #110 8
3 4 0
3 5 1
2 5 0
1 6 1
2 6 1
4 4 0
4 5 0
3 6 1
4 6 1
5 5 0
5 6 0
3 2 1
4 2 1
5 2 0
5 1 0
4 3 1
5 3 1
2 3 0
2 2 1
1 2 0
1 3 1
6 3 1
0 0 0
board #111 24
2 5 0
2 4 0
1 6 1
2 6 0
3 2 1
4 2 0
4 1 1
5 1 0
0 0 1
board #112 10
3 4 0
3 5 0
3 2 1
4 2 0
4 1 1
5 1 1
6 1 1
2 3 1
1 3 0
1 4 1
0 0 1
board #113 12
2 5 1
3 5 0
3 4 1
4 4 0
4 3 0
3 6 0
3 2 1
4 2 0
4 1 1
5 1 0
0 0 0
board #114 12
3 4 0
3 5 0
3 2 0
2 6 0
3 1 0
0 0 0
board #115 7
3 4 1
2 4 0
2 5 1
1 5 0
1 6 0
3 2 0
3 1 0
0 0 1
board #116 9
3 4 0
3 5 0
4 2 0
4 1 1
5 1 0
2 6 1
3 6 0
0 0 0
board #117 9
3 4 1
2 4 1
4 4 0
4 3 0
3 5 1
4 5 1
5 4 1
6 3 0
6 4 0
5 3 0
5 5 1
6 5 1
1 5 1
0 0 1
board #118 15
3 4 1
2 4 0
2 5 0
1 6 1
2 6 0
3 2 0
4 1 0
0 0 1
board #119 9
3 4 0
3 5 0
3 2 0
2 6 1
3 6 1
1 6 0
2 5 1
1 5 0
2 4 1
1 4 0
2 3 1
1 3 1
4 5 1
5 4 1
6 3 0
6 4 0
5 3 0
5 5 0
5 6 0
4 3 1
4 4 1
5 2 0
5 1 1
6 1 0
0 0 0
board #120 26
3 4 1
2 4 0
2 5 0
1 6 0
3 2 1
4 2 1
5 2 1
2 2 0
2 3 0
2 1 1
3 1 0
0 0 1
board #121 13
3 4 0
3 5 0
3 2 0
2 6 1
3 6 1
1 6 0
2 5 1
1 5 0
2 4 1
1 4 1
4 5 1
5 4 0
5 5 1
6 4 0
6 5 0
4 4 1
5 3 0
6 6 0
4 3 1
5 2 0
5 1 1
6 1 1
4 2 1
0 0 0
board #122 25
3 4 1
2 4 0
2 5 1
1 5 0
1 6 0
4 2 0
4 1 1
5 1 1
6 1 1
3 2 0
3 1 0
0 0 0
board #123 13
2 5 1
3 5 1
4 5 1
1 6 1
5 4 0
5 5 0
5 3 1
4 4 1
6 2 0
6 3 0
6 1 0
4 6 0
0 0 1
board #124 14
3 4 0
3 5 1
2 5 0
2 6 0
3 2 1
4 2 1
2 3 1
5 2 0
4 3 0
5 1 1
6 1 0
0 0 0
board #125 13
3 4 1
2 4 1
4 4 0
4 3 1
5 3 1
6 2 1
1 5 1
0 0 1
board #126 9
3 4 0
3 5 1
2 5 1
4 4 1
1 5 0
1 6 1
5 3 1
6 3 1
0 0 0
board #127 10
3 4 0
3 5 1
2 5 1
4 4 0
4 5 1
5 4 0
5 5 1
6 4 0
6 5 0
5 6 0
3 2 1
4 2 0
4 1 1
5 1 1
6 1 0
5 2 0
0 0 0
board #128 18
3 4 0
3 5 0
4 2 0
2 6 0
4 1 1
5 1 0
0 0 1
board #129 8
3 4 0
3 5 1
2 5 1
4 4 1
1 5 0
1 6 0
2 4 1
1 4 1
5 4 0
5 3 0
5 5 1
4 5 1
6 5 1
0 0 0
board #130 15
3 4 0
3 5 1
2 5 0
1 6 0
3 2 0
3 1 0
0 0 1
board #131 8
3 4 1
2 4 0
2 5 1
1 6 1
4 4 1
5 4 0
5 3 0
5 2 0
4 5 0
5 1 0
3 6 0
0 0 1
board #132 13
3 4 1
2 4 0
2 5 0
1 6 1
2 6 0
3 2 1
4 2 1
5 2 0
4 3 0
5 1 1
6 1 1
2 2 0
2 3 0
2 1 0
0 0 0
board #133 16
3 4 1
2 4 1
4 4 0
4 3 0
3 5 1
4 5 1
5 4 1
1 4 0
1 5 0
1 6 1
2 5 0
2 6 1
6 4 1
0 0 0
board #134 15
3 4 0
3 5 1
2 5 1
4 4 0
4 5 1
5 4 1
1 5 1
6 3 0
6 4 0
5 3 0
6 5 1
5 5 1
0 0 0
board #135 14
3 4 1
2 4 1
4 4 1
5 4 1
1 4 0
1 5 1
6 4 1
0 0 0
board #136 9
3 4 1
2 4 0
2 5 0
2 6 0
4 2 0
4 1 0
0 0 0
board #137 8
3 4 1
2 4 0
2 5 1
1 5 0
1 6 0
3 2 1
4 2 0
4 1 1
5 1 1
6 1 0
5 2 1
6 2 0
5 3 0
4 3 1
5 4 0
5 5 1
4 5 1
2 2 1
6 4 0
6 5 0
5 6 1
6 6 1
3 5 1
1 2 0
1 3 0
2 1 0
2 3 0
0 0 0
board #138 29
3 4 1
2 4 0
2 5 1
1 6 1
4 4 0
4 3 1
5 3 0
5 2 0
4 5 0
5 1 0
3 6 1
4 6 1
5 5 1
2 6 1
6 4 0
6 5 1
0 0 1
board #139 18
3 4 1
2 4 1
4 4 0
4 3 1
5 3 1
6 2 0
6 3 1
1 4 1
0 0 1
board #140 10
3 4 1
2 4 1
4 4 0
4 3 0
3 5 1
4 5 1
5 4 1
1 4 0
1 5 0
1 6 0
2 3 0
2 2 0
2 1 0
0 0 0
board #141 15
3 4 1
2 4 1
4 4 1
5 4 0
5 3 0
4 5 1
5 5 0
5 2 1
4 3 1
6 1 0
6 2 1
1 4 0
1 5 0
1 6 0
2 3 1
1 3 0
2 2 1
1 2 0
1 1 1
2 1 1
0 0 1
board #142 22
3 4 0
3 5 0
3 2 0
3 6 0
4 1 0
0 0 0
board #143 7
3 4 1
2 4 0
2 5 0
1 6 1
2 6 1
3 5 1
4 5 1
5 5 1
6 4 1
0 0 1
board #144 11
3 4 0
3 5 1
2 5 0
1 6 1
2 6 0
3 2 0
3 1 1
4 1 1
2 2 0
2 1 0
0 0 0
board #145 12
3 4 1
2 4 0
2 5 1
1 5 0
1 6 0
3 2 0
3 1 1
4 1 0
0 0 1
board #146 10
3 4 1
2 4 0
2 5 0
1 6 0
3 2 0
4 1 0
0 0 0
board #147 8
3 4 0
3 5 1
2 5 0
1 6 1
2 6 1
4 4 0
4 5 1
5 4 0
5 5 1
6 5 1
0 0 1
board #148 12
3 4 0
3 5 0
3 2 1
4 2 1
5 2 0
4 3 0
5 1 1
6 1 1
2 3 1
1 3 0
1 4 1
0 0 0
board #149 13
3 4 0
3 5 1
2 5 0
1 6 1
2 6 0
3 2 0
4 1 0
0 0 1
board #150 9
3 4 1
2 4 1
4 4 0
4 3 0
3 5 1
4 5 1
5 4 1
1 4 0
1 5 1
6 3 0
6 4 1
0 0 1
board #151 13
3 4 1
2 4 1
4 4 0
4 3 1
5 3 1
1 4 1
6 3 1
0 0 0
board #152 9
3 4 1
2 4 1
4 4 0
4 3 0
3 5 1
4 5 1
5 4 0
5 5 0
5 6 0
3 2 1
4 2 1
5 2 0
6 1 0
0 0 1
board #153 15
3 4 0
3 5 1
2 5 1
4 4 1
1 5 0
1 6 0
2 4 1
1 4 1
5 4 1
6 3 0
6 4 0
6 2 0
5 5 0
6 1 0
4 6 1
5 6 0
0 0 0
board #154 18
3 4 1
2 4 0
2 5 1
1 5 0
1 6 0
3 2 1
4 2 0
4 1 0
0 0 1
board #155 10
3 4 1
2 4 1
4 4 1
5 3 1
1 5 1
6 2 0
6 3 0
6 1 0
5 4 1
6 4 1
0 0 1
board #156 12
3 4 1
2 4 0
2 5 0
2 6 0
3 2 1
4 2 1
5 2 1
2 2 1
1 2 0
1 3 1
6 1 0
6 2 0
5 3 1
6 3 0
5 4 1
6 4 1
0 0 1
board #157 18
3 4 0
3 5 1
2 5 1
4 4 0
4 5 1
5 4 1
1 5 1
6 3 1
0 0 1
board #158 10
3 4 1
2 4 0
2 5 1
1 5 1
4 4 0
4 3 0
4 5 1
3 5 0
2 6 1
3 6 1
5 4 1
6 3 1
0 0 0
board #159 14
3 4 0
3 5 1
2 5 0
1 6 1
2 6 0
3 2 1
4 2 0
4 1 0
0 0 0
board #160 10
3 4 0
3 5 0
3 2 1
4 2 0
4 1 1
5 1 1
6 1 0
5 2 1
6 2 0
5 3 0
4 3 1
4 4 0
3 6 0
0 0 1
board #161 15
3 4 1
2 4 1
4 4 1
5 4 0
5 3 0
5 2 1
4 3 0
4 5 0
3 2 0
3 6 1
4 6 0
3 1 0
0 0 1
board #162 14
3 4 0
3 5 1
2 5 1
4 4 0
4 5 0
3 6 0
3 2 0
4 1 0
0 0 1
board #163 10
3 4 1
2 4 0
2 5 0
1 6 1
2 6 0
3 2 1
4 2 0
4 1 1
5 1 0
0 0 0
board #164 11
3 4 1
2 4 1
4 4 0
4 3 1
5 3 0
5 2 1
6 1 0
6 2 1
1 4 0
1 5 0
1 6 1
2 5 1
0 0 0
board #165 14
3 4 1
2 4 1
4 4 1
5 4 0
5 3 1
6 3 1
1 4 0
1 5 0
1 6 1
2 5 1
0 0 1
board #166 12
3 4 1
2 4 1
4 4 0
4 3 1
5 3 1
1 4 0
1 5 0
1 6 0
2 3 0
4 2 0
4 1 1
5 1 1
2 2 1
6 1 1
3 1 0
3 2 0
0 0 1
board #167 18
2 5 1
3 5 1
4 5 0
4 4 0
4 3 1
3 4 0
3 6 1
4 6 1
5 5 1
1 5 0
1 6 1
6 4 1
0 0 1
board #168 14
3 4 1
2 4 1
4 4 1
5 4 0
5 3 1
6 2 0
6 3 1
1 4 1
0 0 1
board #169 10
3 4 1
2 4 0
2 5 1
1 6 1
4 4 1
5 4 0
5 3 0
4 5 0
5 2 1
4 3 1
6 1 0
6 2 1
0 0 1
board #170 14
3 4 1
2 4 1
4 4 0
4 3 1
5 3 0
5 2 1
6 1 0
6 2 1
1 4 1
0 0 1
board #171 11
3 4 0
3 5 1
2 5 1
4 4 1
1 6 1
5 4 0
5 3 1
6 2 1
0 0 0
board #172 10
3 4 1
2 4 0
2 5 1
1 5 0
1 6 0
3 2 1
4 2 0
4 1 1
5 1 0
0 0 1
board #173 11
3 4 0
3 5 0
3 2 0
3 6 0
3 1 1
4 1 1
5 1 0
4 2 0
0 0 1
board #174 10
3 4 1
2 4 0
2 5 0
1 6 0
3 2 1
4 2 1
2 3 1
5 2 1
1 3 1
6 1 1
0 0 1
board #175 12
3 4 0
3 5 1
2 5 1
4 4 1
1 5 0
1 6 1
5 3 1
6 2 0
6 3 1
0 0 0
board #176 11
3 4 0
3 5 0
3 2 0
2 6 1
3 6 1
1 6 0
2 5 1
1 5 1
4 5 1
5 5 0
5 4 1
6 3 0
6 4 0
5 3 0
4 6 0
4 3 1
4 4 1
5 2 0
6 1 0
0 0 1
board #177 21
3 4 0
3 5 1
2 5 0
2 6 0
3 2 0
3 1 1
4 1 0
0 0 1
board #178 9
3 4 1
2 4 0
2 5 1
1 5 0
1 6 0
3 2 1
4 2 0
4 1 0
0 0 0
board #179 10
3 4 0
3 5 1
2 5 0
1 6 1
2 6 0
3 2 0
3 1 1
4 1 1
5 1 1
2 2 0
2 1 0
0 0 0
board #180 13
3 4 0
3 5 0
3 2 0
2 6 1
3 6 0
3 1 0
0 0 0
board #181 8
3 4 0
3 5 0
3 2 1
4 2 1
5 2 0
4 3 1
5 3 1
2 3 1
6 2 1
1 3 1
0 0 0
board #182 12
3 4 0
3 5 1
2 5 0
1 6 0
3 2 1
4 2 1
5 2 1
2 3 1
6 1 0
6 2 0
5 3 0
4 3 1
4 4 1
5 4 0
5 5 1
4 5 1
6 4 0
6 5 1
1 3 0
1 4 0
2 2 1
1 2 1
0 0 0
board #183 24
3 4 0
3 5 1
2 5 1
4 4 0
4 5 0
3 6 1
4 6 1
5 5 0
5 6 1
6 6 1
1 5 0
1 6 1
0 0 0
board #184 14
3 4 0
3 5 0
4 2 0
2 6 1
3 6 1
1 6 0
2 5 0
5 1 0
0 0 1
board #185 10
3 4 1
2 4 1
4 4 1
5 4 0
5 3 0
4 5 0
5 2 0
5 1 0
4 6 0
0 0 0
board #186 11
3 4 0
3 5 0
3 2 1
4 2 0
4 1 0
2 6 0
0 0 0
board #187 8
3 4 1
2 4 0
2 5 1
1 5 0
1 6 1
4 4 1
5 4 0
5 3 1
6 3 1
0 0 0
board #188 11
3 4 0
3 5 1
2 5 0
1 6 1
2 6 0
3 2 0
3 1 1
4 1 0
0 0 1
board #189 10
3 4 0
3 5 1
2 5 1
4 4 1
1 6 1
5 4 0
5 3 1
6 3 1
0 0 1
board #190 10
3 4 0
3 5 0
3 2 1
4 2 1
5 2 0
4 3 1
5 3 0
4 4 1
5 4 1
2 3 1
6 3 0
6 4 0
5 5 0
6 1 0
4 6 0
0 0 0
board #191 17
3 4 0
3 5 1
2 5 1
4 4 0
4 5 1
5 4 1
1 5 0
1 6 1
6 3 0
6 4 0
5 3 1
6 2 1
0 0 1
board #192 14
3 4 1
2 4 0
2 5 1
1 6 1
4 4 1
5 4 0
5 3 1
6 2 0
6 3 0
6 1 0
4 5 0
4 6 0
0 0 1
board #193 14
2 5 1
3 5 1
4 5 1
1 5 0
1 6 0
2 4 0
3 2 0
3 1 1
4 1 0
0 0 0
board #194 11
3 4 0
3 5 1
2 5 0
1 6 1
2 6 0
3 2 1
4 2 0
4 1 1
5 1 1
6 1 1
2 3 0
2 2 1
1 2 0
1 3 0
1 1 1
2 1 0
0 0 0
board #195 18
3 4 0
3 5 1
2 5 1
4 4 0
4 5 0
3 6 1
4 6 0
3 2 1
4 2 0
4 1 0
0 0 1
board #196 12
3 4 1
2 4 0
2 5 0
2 6 0
3 2 1
4 2 1
5 2 1
2 2 0
2 3 1
1 3 0
1 4 1
6 2 1
0 0 0
board #197 14
3 4 0
3 5 1
2 5 1
4 4 0
4 5 1
5 4 1
1 5 1
6 3 1
0 0 0
board #198 10
3 4 1
2 4 0
2 5 0
1 6 0
3 2 1
4 2 1
5 2 1
2 2 0
2 3 0
3 1 0
0 0 0
board #199 12
3 4 0
3 5 0
3 2 0
2 6 1
3 6 0
3 1 1
4 1 0
0 0 0
board #200 9
3 4 0
3 5 0
3 2 0
3 6 0
3 1 1
4 1 1
5 1 0
4 2 0
0 0 1
board #201 10
2 5 0
3 4 1
2 4 0
1 6 1
2 6 1
3 5 0
3 6 0
3 2 0
3 1 0
0 0 1
board #202 11
3 4 0
3 5 0
3 2 0
2 6 1
3 6 0
3 1 1
4 1 0
0 0 0
board #203 9
3 4 0
3 5 1
2 5 0
2 6 0
3 2 0
4 1 0
0 0 1
board #204 8
3 4 1
2 4 1
4 4 0
4 3 0
3 5 1
4 5 0
3 6 0
3 2 0
3 1 1
4 1 0
0 0 0
board #205 12
3 4 0
3 5 0
3 2 1
4 2 1
5 2 0
4 3 1
5 3 1
2 3 0
2 2 1
1 3 1
6 3 1
0 0 0
board #206 13
3 4 0
3 5 0
3 2 0
2 6 1
3 6 1
1 6 1
4 5 1
5 4 1
6 3 1
0 0 0
board #207 11
3 4 1
2 4 0
2 5 0
1 6 1
2 6 1
3 5 0
3 6 0
3 2 0
3 1 1
4 1 0
0 0 0
board #208 12
3 4 0
3 5 0
3 2 1
4 2 0
5 1 0
3 6 0
0 0 1
board #209 8
3 4 0
3 5 0
3 2 1
4 2 0
5 1 0
2 6 1
3 6 1
1 6 1
4 5 0
4 6 0
0 0 0
board #210 12
3 4 0
3 5 0
3 2 1
4 2 1
5 2 1
2 3 0
2 2 1
1 2 0
1 3 1
6 1 0
6 2 0
5 3 1
6 3 0
5 4 0
4 5 0
2 6 1
4 6 0
0 0 0
board #211 19
3 4 1
2 4 1
4 4 0
4 3 0
3 5 0
3 2 0
2 6 1
3 6 0
3 1 1
4 1 1
5 1 0
4 2 1
5 2 0
0 0 0
board #212 15
3 4 1
2 4 1
4 3 1
5 3 1
6 2 0
6 3 1
1 5 1
0 0 1
board #213 9
3 4 0
3 5 0
3 2 1
4 2 0
4 1 1
5 1 0
2 6 1
3 6 0
0 0 1
board #214 10
3 4 1
2 4 1
4 4 0
4 3 0
3 5 1
4 5 0
3 6 1
4 6 1
5 5 0
5 6 1
6 6 1
1 4 1
0 0 0
board #215 14
3 4 0
3 5 1
2 5 1
4 4 0
4 5 1
5 4 0
5 5 1
6 5 1
1 5 1
0 0 0
board #216 11
3 4 0
3 5 0
3 2 0
3 6 0
3 1 0
0 0 0
board #217 7
3 4 0
3 5 1
2 5 1
4 4 1
1 5 0
1 6 0
2 4 1
1 4 0
2 3 0
4 2 0
4 1 1
5 1 0
0 0 1
board #218 14
3 4 0
3 5 1
2 5 0
1 6 1
2 6 0
3 2 1
4 2 1
5 2 0
4 3 1
5 3 0
4 4 0
5 1 1
6 1 1
2 3 0
2 2 0
2 1 1
3 1 0
0 0 0
board #219 19
3 4 0
3 5 0
3 2 1
4 2 0
5 1 0
2 6 1
3 6 0
0 0 0
board #220 9
3 4 1
2 4 0
2 5 1
1 5 0
1 6 1
4 4 0
4 3 0
4 5 0
4 6 0
3 2 1
4 2 0
4 1 1
5 1 1
6 1 1
2 2 0
2 3 1
1 3 1
0 0 1
board #221 19
3 4 1
2 4 1
4 4 1
5 4 0
5 3 0
4 5 0
5 2 0
6 1 0
3 6 1
4 6 1
3 5 0
2 6 1
1 6 1
5 5 0
5 6 1
6 5 1
0 0 0
board #222 18
3 4 1
2 4 0
2 5 0
1 6 1
2 6 0
3 2 0
4 1 0
0 0 1
board #223 9
3 4 1
2 4 1
4 4 0
4 3 0
3 5 0
3 2 1
4 2 0
4 1 0
2 6 1
3 6 0
0 0 0
board #224 12
3 4 1
2 4 1
4 4 0
4 3 0
4 5 0
3 2 1
4 2 0
4 1 1
5 1 0
3 6 1
4 6 1
3 5 0
2 6 1
5 5 0
5 6 1
1 6 1
6 5 0
6 6 0
0 0 1
board #225 20
3 4 0
3 5 0
3 2 1
4 2 1
5 2 1
2 3 0
2 2 1
1 3 1
6 1 1
0 0 0
board #226 11
3 4 0
3 5 0
3 2 0
2 6 1
3 6 1
1 6 0
2 5 0
4 1 0
0 0 0
board #227 10
3 4 1
2 4 0
2 5 0
1 6 0
3 2 0
3 1 0
0 0 0
board #228 8
3 4 0
3 5 0
3 2 1
4 2 1
5 2 1
2 3 0
2 2 0
2 1 0
3 6 0
0 0 1
board #229 11
3 4 0
3 5 1
2 5 1
4 4 0
4 5 1
5 4 0
5 5 0
5 6 0
3 2 0
3 1 0
0 0 0
board #230 12
3 4 0
3 5 0
3 2 0
2 6 0
3 1 1
4 1 0
0 0 0
board #231 8
3 4 1
2 4 1
4 4 0
4 3 0
3 5 0
3 2 1
4 2 1
5 2 1
2 3 0
2 2 0
2 1 1
3 1 0
2 6 1
3 6 0
0 0 1
board #232 16
3 4 1
2 4 1
4 4 1
5 4 1
1 5 1
6 3 0
6 4 0
6 2 0
5 5 0
6 1 1
5 2 1
4 3 0
5 3 1
0 0 1
board #233 15
2 5 0
3 4 1
2 4 0
1 6 1
2 6 0
3 2 1
4 2 0
4 1 0
0 0 0
board #234 10
3 4 1
2 4 0
2 5 0
2 6 0
3 2 0
3 1 1
4 1 1
5 1 0
4 2 0
0 0 0
board #235 11
3 4 1
2 4 1
4 4 0
4 3 0
3 5 1
4 5 1
5 4 0
5 5 1
6 4 0
6 5 0
5 6 1
6 6 1
1 4 1
0 0 0
board #236 15
3 4 1
2 4 0
2 5 1
1 5 1
4 4 0
4 3 1
5 3 1
6 2 1
0 0 0
board #237 10
3 4 0
3 5 0
3 2 1
4 2 1
5 2 0
4 3 0
6 1 0
2 6 1
3 6 1
1 6 1
4 5 0
4 6 0
0 0 0
board #238 14
3 4 0
3 5 0
3 2 0
2 6 1
3 6 0
3 1 1
4 1 0
0 0 0
board #239 9
3 4 0
3 5 1
2 5 1
4 4 1
1 5 1
5 4 0
5 3 0
5 2 0
5 5 1
4 5 1
6 4 0
6 5 1
0 0 0
board #240 14
3 4 0
3 5 1
2 5 1
4 4 0
4 5 1
5 4 1
1 5 0
1 6 0
2 4 0
3 2 1
4 2 0
5 1 0
0 0 1
board #241 14
3 4 0
3 5 0
3 2 1
4 2 1
5 2 1
2 3 1
6 1 0
6 2 0
5 3 1
6 3 0
5 4 1
6 4 1
1 3 1
0 0 0
board #242 15
3 4 0
3 5 0
3 2 1
4 2 1
5 2 0
4 3 1
5 3 0
4 4 1
5 4 0
5 1 1
6 1 1
2 3 0
2 2 1
1 2 1
0 0 0
board #243 16
3 4 0
3 5 1
2 5 1
4 4 0
4 5 0
4 6 0
3 2 0
3 1 1
4 1 1
5 1 0
4 2 0
0 0 0
board #244 13
3 4 0
3 5 0
3 2 0
2 6 1
3 6 0
3 1 1
4 1 1
2 2 0
2 1 0
0 0 0
board #245 11
3 4 0
3 5 1
2 5 0
1 6 0
3 2 0
4 1 0
0 0 1
board #246 8
3 4 0
3 5 0
3 2 1
4 2 1
5 2 1
2 3 1
6 2 1
1 4 1
0 0 1
board #247 10
3 4 0
3 5 0
3 2 0
2 6 1
3 6 0
3 1 1
4 1 0
0 0 0
board #248 9
3 4 1
2 4 0
2 5 1
1 5 0
1 6 0
3 2 1
4 2 1
5 2 0
4 3 0
5 1 1
6 1 0
0 0 0
board #249 13
3 4 0
3 5 1
2 5 0
1 6 1
2 6 0
3 2 0
4 1 0
0 0 1
board #250 9
3 4 1
2 4 0
2 5 0
1 6 1
2 6 0
3 2 0
3 1 1
4 1 0
0 0 0
board #251 10
3 4 1
2 4 0
2 5 1
1 6 1
4 4 1
5 4 0
5 3 0
4 5 1
5 5 1
6 4 0
6 5 0
5 6 1
6 6 0
5 2 0
5 1 0
0 0 1
board #252 17
3 4 0
3 5 0
3 2 0
2 6 0
3 1 0
0 0 0
board #253 7
3 4 1
2 4 0
2 5 0
1 6 1
2 6 0
3 2 1
4 2 1
2 2 0
2 3 0
3 1 0
0 0 0
board #254 12
3 4 1
2 4 1
4 4 0
4 3 1
5 3 0
5 2 0
3 5 0
5 1 1
6 1 0
2 6 0
0 0 1
board #255 12
3 4 1
2 4 1
4 4 1
5 4 0
5 3 1
6 2 1
1 4 0
1 5 0
1 6 1
2 5 0
2 6 0
2 3 1
1 3 0
2 2 0
2 1 0
0 0 1
board #256 17
3 4 1
2 4 1
4 4 0
4 3 0
3 5 0
3 2 1
4 2 1
5 2 0
5 1 1
6 1 0
2 6 1
3 6 1
1 6 1
4 5 0
4 6 0
0 0 0
board #257 17
3 4 1
2 4 0
2 5 1
1 6 1
4 4 1
5 4 0
5 3 0
4 5 0
5 2 1
4 3 1
6 1 0
6 2 0
3 6 1
4 6 1
5 5 0
5 6 1
6 6 1
3 5 1
0 0 0
board #258 20
3 4 1
2 4 1
4 4 0
4 3 1
5 3 1
1 4 0
1 5 1
6 3 1
0 0 0
board #259 10
3 4 1
2 4 0
2 5 1
1 6 1
4 4 1
5 4 0
5 3 0
4 5 1
5 5 1
6 4 0
6 5 1
0 0 1
board #260 13
3 4 0
3 5 1
2 5 0
2 6 0
3 2 0
3 1 1
4 1 0
0 0 0
board #261 9
3 4 1
2 4 1
4 4 1
5 4 1
1 5 1
6 3 0
6 4 1
0 0 1
board #262 9
3 4 0
3 5 0
3 2 1
4 2 1
5 2 0
4 3 1
