4 3 0
4 5 0
4 2 0
4 6 0
4 1 1
5 1 0
4 7 0
0 0 0
board #1 9
4 5 1
3 5 1
5 5 0
5 4 1
6 4 0
6 3 0
6 2 1
5 3 0
5 2 1
7 1 0
7 2 0
4 6 0
3 7 1
4 7 1
5 6 1
3 6 0
2 7 1
1 7 0
2 6 0
0 0 1
board #2 21
4 3 1
5 3 1
6 3 0
6 2 0
5 4 0
7 1 0
5 5 1
4 5 1
3 5 0
3 6 0
2 7 1
3 7 0
0 0 1
board #3 14
4 3 0
4 5 0
4 2 0
4 6 1
3 6 1
2 6 1
5 5 1
1 6 0
1 7 0
2 5 0
3 4 0
4 1 1
5 1 0
0 0 1
board #4 15
4 3 1
5 3 1
3 3 0
3 4 1
2 4 1
6 3 1
7 2 0
7 3 1
1 5 1
0 0 1
board #5 11
4 5 1
3 5 0
3 6 1
2 6 0
1 7 1
2 7 0
4 3 0
4 2 0
4 1 1
5 1 1
6 1 0
5 2 0
0 0 0
board #6 14
4 5 0
4 3 1
5 3 1
3 4 1
6 3 0
6 2 0
5 4 1
6 4 0
5 5 0
6 1 0
3 6 1
4 6 0
3 7 1
4 7 0
0 0 0
board #7 16
4 5 1
3 5 1
5 4 0
5 5 1
6 4 1
2 5 0
2 6 1
1 6 1
7 3 1
0 0 1
board #8 11
4 5 1
3 5 0
3 6 0
4 3 0
4 2 1
5 2 1
3 3 0
3 2 0
3 1 0
2 7 0
0 0 1
board #9 12
4 3 0
4 5 0
4 6 1
3 6 1
2 6 1
5 5 1
1 6 1
6 4 0
6 5 0
5 4 1
6 3 1
7 2 0
7 3 0
7 1 0
6 6 1
5 6 0
5 7 0
0 0 1
board #10 19
4 3 1
5 3 1
3 4 0
3 3 1
2 4 0
2 3 1
6 3 1
1 3 1
7 2 1
0 0 1
board #11 11
4 3 0
4 5 0
4 2 0
4 6 0
4 1 1
5 1 1
6 1 0
5 2 0
3 7 0
0 0 0
board #12 11
4 3 0
4 5 0
4 6 0
4 2 1
5 2 1
3 3 0
3 2 0
3 1 1
4 1 0
4 7 0
0 0 1
board #13 12
4 3 0
4 5 0
4 6 0
4 2 0
3 7 0
5 1 0
0 0 0
board #14 8
4 5 1
3 5 1
5 5 0
5 4 1
6 4 0
6 3 0
6 2 1
5 3 0
5 2 0
4 6 1
5 6 0
4 7 0
6 1 0
0 0 0
board #15 15
4 5 1
3 5 0
3 6 0
4 3 1
5 3 0
5 2 0
5 1 1
6 1 0
2 7 1
3 7 1
1 7 0
2 6 0
0 0 1
board #16 14
4 5 1
3 5 0
3 6 0
4 3 0
4 2 1
5 2 1
6 2 1
3 3 1
7 2 1
2 4 0
2 3 0
2 2 0
2 5 1
3 4 0
2 1 0
2 7 0
0 0 0
board #17 18
4 5 1
3 5 0
3 6 1
2 6 1
5 4 1
1 6 1
6 4 1
7 4 1
0 0 0
board #18 10
4 5 0
4 3 1
5 3 1
3 4 1
6 3 1
2 4 1
7 2 0
7 3 0
7 1 1
6 2 1
1 4 1
0 0 0
board #19 13
4 3 0
4 5 1
3 5 0
3 6 1
2 6 1
5 4 0
5 5 0
4 6 0
3 7 1
4 7 1
5 6 0
5 7 0
4 2 1
5 2 0
5 1 1
6 1 1
7 1 0
6 2 1
7 2 0
6 3 0
0 0 1
board #20 22
4 3 1
5 3 1
3 3 0
3 4 0
4 2 1
3 2 1
2 3 0
2 2 1
1 2 0
1 3 1
6 3 1
7 2 0
7 3 1
0 0 0
board #21 15
4 3 0
4 5 1
3 5 1
5 4 1
2 5 1
6 4 1
1 5 0
1 6 1
7 4 1
0 0 0
board #22 11
4 3 1
5 3 0
5 2 1
6 2 0
6 1 0
4 5 0
4 6 0
3 7 1
4 7 1
2 7 0
3 6 1
2 6 0
3 5 0
0 0 0
board #23 15
4 3 0
4 5 0
4 2 1
5 2 1
6 2 1
3 3 0
3 2 0
4 1 0
4 6 1
3 6 0
2 7 1
3 7 0
0 0 1
board #24 14
4 3 1
5 3 0
5 2 0
4 5 1
3 5 1
5 5 1
2 5 0
2 6 1
1 7 1
6 4 0
6 5 0
5 6 0
6 3 1
5 4 0
5 7 0
5 1 1
6 1 1
4 2 1
7 1 0
6 2 1
7 2 0
7 3 1
3 4 0
3 2 0
3 3 1
2 3 0
2 4 0
3 1 1
4 1 0
0 0 0
board #25 31
4 3 1
5 3 1
3 3 0
3 4 0
4 2 1
3 2 1
2 2 1
6 3 0
6 2 1
7 2 1
1 2 0
1 3 1
0 0 0
board #26 14
4 5 1
3 5 0
3 6 0
4 3 1
5 3 0
5 2 0
5 1 1
6 1 1
7 1 1
4 2 0
4 1 0
2 7 1
3 7 1
1 7 1
4 6 0
4 7 1
5 6 1
6 5 0
6 6 1
7 5 0
7 6 1
0 0 1
board #27 23
4 5 0
4 3 1
5 3 1
3 4 0
3 3 1
2 4 1
6 3 1
7 2 1
1 5 1
0 0 0
board #28 11
4 5 0
4 3 1
5 3 0
5 2 1
6 2 1
3 4 0
3 3 1
2 4 1
7 1 0
7 2 0
6 3 1
7 3 1
1 4 1
0 0 1
board #29 15
4 3 1
5 3 1
3 4 1
6 3 1
2 5 1
7 2 0
7 3 1
1 6 1
0 0 0
board #30 10
4 3 1
5 3 1
3 3 1
6 3 1
2 3 1
7 2 1
1 3 1
0 0 1
board #31 9
4 3 1
5 3 1
3 4 1
6 3 0
6 2 0
5 4 0
7 1 0
5 5 1
3 5 1
4 5 0
4 6 0
3 7 0
0 0 1
board #32 14
4 3 1
5 3 1
3 3 0
3 4 0
4 2 0
4 5 0
4 6 1
3 6 0
3 7 0
4 1 1
5 1 1
3 2 0
3 1 0
0 0 1
board #33 15
4 3 0
4 5 1
3 5 1
5 4 1
2 5 0
2 6 0
3 4 0
2 7 0
4 2 1
5 2 1
3 2 0
3 3 1
2 3 1
6 2 0
5 3 1
1 3 0
1 4 0
2 2 0
1 5 0
4 1 0
0 0 0
board #34 22
4 3 1
5 3 0
5 2 0
4 5 1
3 5 1
5 5 1
2 5 0
2 6 0
3 4 0
1 7 1
2 7 0
6 1 0
0 0 0
board #35 14
4 5 0
4 3 0
4 2 0
4 6 0
3 7 0
5 1 0
0 0 0
board #36 8
4 3 0
4 5 0
4 2 1
5 2 1
6 2 1
3 3 0
3 2 0
3 1 1
4 1 1
2 2 1
7 1 1
1 2 0
1 3 0
2 3 1
1 4 0
2 4 0
1 1 1
2 1 0
4 6 0
3 7 1
4 7 1
5 6 1
2 7 0
3 6 1
2 6 1
1 6 0
1 7 1
6 5 1
7 4 0
7 5 0
6 4 1
6 3 0
7 3 0
7 6 0
5 3 0
6 7 1
7 7 1
5 7 0
6 6 0
0 0 1
board #37 41
4 5 0
4 3 0
4 2 1
5 2 1
6 2 1
3 3 0
3 2 1
2 3 1
7 1 0
7 2 0
6 3 1
7 3 0
6 4 1
7 4 0
6 5 1
7 5 0
6 6 0
5 7 1
6 7 1
5 6 0
4 7 1
4 6 1
5 5 1
7 6 1
1 4 1
0 0 0
board #38 27
4 5 1
3 5 1
5 4 0
5 5 1
6 4 1
2 5 0
2 6 1
1 6 1
7 4 1
0 0 0
board #39 11
4 3 1
5 3 0
5 2 0
4 5 0
4 6 1
3 6 1
5 5 1
2 6 1
1 6 0
1 7 1
6 4 0
6 5 0
5 6 0
6 3 0
4 7 0
5 1 0
0 0 1
board #40 18
4 3 1
5 3 1
3 4 1
6 3 0
6 2 1
7 1 0
7 2 1
2 4 1
1 4 1
0 0 0
board #41 11
4 3 1
5 3 0
5 2 1
6 2 1
3 4 0
3 3 0
3 2 0
4 5 0
4 6 1
3 6 0
2 7 1
3 7 0
3 1 0
0 0 1
board #42 15
4 5 1
3 5 0
3 6 1
2 6 1
5 5 1
1 6 0
1 7 1
6 5 0
6 4 0
5 6 1
6 6 0
5 4 0
5 7 1
6 7 0
4 3 1
6 2 0
6 1 1
7 1 1
5 2 1
3 4 1
2 5 1
0 0 1
board #43 23
4 3 1
5 3 1
3 3 1
6 3 1
2 3 1
7 2 1
1 4 1
0 0 0
board #44 9
4 5 1
3 5 0
3 6 0
4 3 1
5 3 1
3 3 0
3 4 0
4 2 1
3 2 0
4 1 0
3 7 0
0 0 1
board #45 13
4 3 0
4 5 1
3 5 1
2 5 0
2 6 0
3 4 0
1 7 1
2 7 0
4 2 1
5 2 0
5 1 1
6 1 1
7 1 1
3 2 1
2 2 0
2 3 0
2 1 1
3 1 0
3 3 0
0 0 1
board #46 21
4 5 1
3 5 1
5 5 1
2 5 0
2 6 0
3 4 1
2 4 1
1 5 1
6 5 1
7 4 0
7 5 0
7 3 1
6 4 1
0 0 1
board #47 15
4 5 0
5 3 0
5 2 0
4 6 0
5 1 1
6 1 0
3 7 1
4 7 0
0 0 1
board #48 10
4 3 0
4 5 1
3 5 1
5 4 1
2 5 0
2 6 1
1 6 0
1 7 0
3 4 0
4 2 1
5 2 0
6 1 0
0 0 1
board #49 14
4 3 0
4 5 1
3 5 1
5 4 1
2 5 1
6 4 1
1 5 0
1 6 1
7 4 1
0 0 0
board #50 11
4 5 1
3 5 1
5 5 1
2 5 1
6 5 1
1 5 0
1 6 0
1 7 1
2 6 0
2 7 1
3 6 0
3 7 0
2 4 0
3 3 1
2 3 1
3 4 0
4 3 0
4 2 0
4 1 1
5 1 0
0 0 1
board #51 22
4 3 0
4 5 0
4 2 0
4 6 1
3 6 1
5 5 1
2 6 0
3 5 0
1 7 0
4 1 0
0 0 0
board #52 12
4 5 1
3 5 0
3 6 0
4 3 0
4 2 1
5 2 1
6 2 0
5 3 0
7 1 0
2 7 1
3 7 1
1 7 0
2 6 0
0 0 1
board #53 15
4 5 1
3 5 0
3 6 0
4 3 0
4 2 1
5 2 0
6 1 0
2 7 1
3 7 0
0 0 0
board #54 11
4 3 1
5 3 1
3 4 0
3 3 1
2 4 0
2 3 0
3 2 1
2 2 0
3 1 0
4 5 1
2 6 1
3 6 0
3 5 1
5 4 0
5 5 0
4 6 1
5 6 1
6 5 0
6 6 1
7 5 0
7 6 1
1 6 0
1 7 0
2 5 0
0 0 1
board #55 26
4 3 1
5 3 0
5 2 1
6 2 1
7 1 0
7 2 0
6 3 1
7 3 1
3 3 0
3 4 0
3 2 1
4 2 1
2 3 1
1 3 0
1 4 0
2 4 1
1 5 0
1 2 1
2 2 1
0 0 1
board #56 21
4 5 1
3 5 0
3 6 0
4 3 0
4 2 0
2 7 1
3 7 0
4 1 1
5 1 1
6 1 1
3 2 1
7 1 0
6 2 0
5 2 1
5 3 0
0 0 0
board #57 17
4 3 0
4 5 1
3 5 0
3 6 0
4 2 0
2 7 0
5 1 0
0 0 1
board #58 9
4 5 0
4 3 1
5 3 1
3 4 0
3 3 1
2 4 0
2 3 0
3 2 1
2 2 1
1 3 1
6 3 1
7 2 1
0 0 0
board #59 14
4 5 0
4 3 1
5 3 0
5 2 0
4 6 0
5 1 0
4 7 0
0 0 1
board #60 9
4 5 0
4 3 0
4 6 1
3 6 1
2 6 1
5 5 0
5 6 0
4 7 1
5 7 0
4 2 0
4 1 0
0 0 1
board #61 13
4 5 0
4 3 1
5 3 1
3 4 1
6 3 1
2 4 0
2 5 1
1 5 1
7 2 0
7 3 0
7 1 1
6 2 1
0 0 1
board #62 14
4 3 0
4 5 1
3 5 1
5 4 0
5 5 1
6 4 0
6 5 1
2 5 1
7 4 0
7 5 0
6 6 1
7 6 1
1 6 1
0 0 0
board #63 15
4 3 0
4 5 1
3 5 1
5 4 0
5 5 1
6 4 1
2 5 0
2 6 0
3 4 1
2 4 1
1 4 0
1 5 0
2 3 0
1 7 0
3 2 0
4 1 0
0 0 1
board #64 18
4 5 0
4 3 0
4 6 0
4 2 1
5 2 1
6 2 0
5 3 0
6 1 0
3 7 1
4 7 1
5 6 1
2 7 1
1 7 1
6 5 1
7 4 0
7 5 0
6 4 0
7 6 1
6 6 0
5 7 1
6 7 0
5 4 1
5 5 1
6 3 0
0 0 0
board #65 26
4 3 0
4 5 0
4 2 1
5 2 1
3 3 1
6 2 1
7 2 1
2 3 1
1 3 1
0 0 1
board #66 11
4 3 0
4 5 0
4 2 0
4 6 0
4 1 1
5 1 0
3 7 0
0 0 0
board #67 9
4 5 1
3 5 1
5 5 0
5 4 1
6 4 1
2 5 1
1 5 1
7 3 1
0 0 0
board #68 10
4 5 0
4 3 1
5 3 1
3 4 1
6 3 1
2 5 1
7 2 1
1 5 1
0 0 1
board #69 10
4 5 0
4 3 1
5 3 0
5 2 1
6 2 0
6 1 0
4 6 0
3 7 1
4 7 1
2 7 1
5 6 0
5 7 0
0 0 1
board #70 14
4 5 0
4 3 1
5 3 1
3 4 0
3 3 1
2 4 1
6 3 1
7 2 0
7 3 1
1 4 1
0 0 0
board #71 12
4 3 0
4 5 0
4 6 1
3 6 0
4 2 0
2 7 0
5 1 0
0 0 1
board #72 9
4 3 0
4 5 1
3 5 0
3 6 1
2 6 1
5 4 0
5 5 1
6 4 0
6 5 0
5 6 0
4 7 0
4 2 0
4 1 0
0 0 1
board #73 15
4 5 1
3 5 1
5 5 1
2 5 1
6 4 1
1 5 0
1 6 0
1 7 1
2 6 0
2 7 1
3 6 0
3 7 0
2 4 0
3 3 0
4 2 0
5 1 0
0 0 1
board #74 18
4 3 1
5 3 1
3 4 0
3 3 0
4 2 0
4 5 0
4 6 0
5 1 0
4 7 0
0 0 1
board #75 11
4 5 1
3 5 1
2 5 1
5 4 0
5 5 1
6 4 1
1 5 0
1 6 0
1 7 1
2 6 1
7 3 1
0 0 1
board #76 13
4 3 0
4 5 0
4 2 0
4 6 1
3 6 0
3 7 0
4 1 1
5 1 0
0 0 0
board #77 10
4 3 1
5 3 0
5 2 1
6 2 0
6 1 1
7 1 0
4 5 1
3 5 1
5 5 0
5 4 1
6 4 0
6 3 0
4 6 1
5 6 1
6 6 0
6 5 0
5 7 1
6 7 0
0 0 1
board #78 20
4 3 0
4 5 1
3 5 0
3 6 0
4 2 0
2 7 0
4 1 0
0 0 1
board #79 9
4 5 1
3 5 0
3 6 0
4 3 1
5 3 1
3 3 0
3 4 0
4 2 0
2 7 1
3 7 0
4 1 0
0 0 1
board #80 13
4 5 1
3 5 0
3 6 0
4 3 0
4 2 0
2 7 1
3 7 0
5 1 0
0 0 0
board #81 10
4 5 1
3 5 1
5 4 0
5 5 1
2 5 1
6 4 0
6 5 1
7 5 1
1 6 1
0 0 0
board #82 11
4 5 1
3 5 1
2 5 0
2 6 0
3 4 0
1 7 1
2 7 1
3 6 0
3 7 0
3 3 0
3 2 1
4 2 0
4 1 0
0 0 1
board #83 15
4 5 0
4 3 0
4 2 0
4 6 1
3 6 1
5 5 1
2 6 1
1 6 1
6 4 1
7 3 0
7 4 1
0 0 0
board #84 13
4 3 0
4 5 0
4 6 0
4 2 1
5 2 0
5 1 0
3 7 1
4 7 0
0 0 0
board #85 10
4 5 1
3 5 0
3 6 1
2 6 0
1 7 1
2 7 1
5 5 1
6 4 1
7 3 0
7 4 0
6 3 1
7 2 0
7 1 0
6 5 0
5 6 0
4 7 1
5 7 1
6 7 0
6 6 1
7 5 1
3 7 0
4 6 0
0 0 0
board #86 24
4 3 0
4 5 1
3 5 1
5 4 0
5 5 1
6 4 1
2 5 0
2 6 0
3 4 1
2 4 0
3 3 1
2 3 0
3 2 0
1 7 1
2 7 1
3 6 1
7 4 1
0 0 1
board #87 19
4 3 1
5 3 1
3 4 1
6 3 1
2 5 1
7 2 1
1 5 0
1 6 0
1 7 1
2 6 0
2 4 0
2 7 1
3 6 1
3 5 1
0 0 1
board #88 16
4 3 0
4 5 0
4 2 0
4 6 0
4 1 1
5 1 0
3 7 0
0 0 1
board #89 9
4 5 1
3 5 1
5 4 0
5 5 1
6 4 0
6 5 1
2 5 0
2 6 1
1 6 0
1 7 0
3 4 0
3 3 1
5 2 0
4 3 1
5 3 1
6 3 0
6 2 1
7 1 0
7 2 0
0 0 1
board #90 21
4 3 1
5 3 0
5 2 1
6 2 0
6 1 1
7 1 0
4 5 0
4 6 1
3 6 0
3 7 0
0 0 1
board #91 12
4 3 0
4 5 1
3 5 1
5 4 1
2 5 1
6 4 1
1 5 1
7 3 1
0 0 1
board #92 10
4 5 0
4 3 1
5 3 1
3 4 0
3 3 0
4 2 1
3 2 0
3 1 1
4 1 1
2 2 1
6 3 1
1 2 1
7 2 1
0 0 0
board #93 15
4 3 0
4 5 1
3 5 0
3 6 0
4 2 0
3 7 0
4 1 1
5 1 1
6 1 1
3 2 1
7 1 1
2 3 0
2 2 1
1 2 1
0 0 0
board #94 16
4 5 0
4 3 1
5 3 0
5 2 1
6 2 1
3 4 1
7 1 0
7 2 0
6 3 0
3 6 0
2 7 1
3 7 1
1 7 1
4 6 1
5 6 0
5 5 1
6 5 0
6 4 0
5 7 0
0 0 1
board #95 21
4 3 0
4 5 0
4 2 0
4 6 0
5 1 0
3 7 1
4 7 0
0 0 0
board #96 9
4 3 0
4 5 1
3 5 0
3 6 1
2 6 0
1 7 1
2 7 0
4 2 0
4 1 1
5 1 1
3 2 0
3 1 1
6 1 1
2 2 1
7 1 1
1 2 1
0 0 0
board #97 18
4 5 0
4 3 1
5 3 1
3 4 1
6 3 1
2 4 0
2 5 0
2 3 1
3 3 1
1 3 0
1 4 1
7 2 1
0 0 1
board #98 14
4 3 0
4 5 1
3 5 1
5 4 0
5 5 1
6 4 1
2 5 0
2 6 1
1 6 0
1 7 1
7 4 1
0 0 1
board #99 13
4 5 1
3 5 0
3 6 1
2 6 1
5 4 1
1 6 0
1 7 0
2 5 0
5 3 0
5 2 0
5 1 1
6 1 1
7 1 1
4 2 0
4 1 1
3 2 1
2 2 0
2 3 0
2 4 1
3 3 1
1 4 0
1 5 0
3 1 0
0 0 0
board #100 25
4 5 0
4 3 1
5 3 0
5 2 0
4 6 1
3 6 0
2 7 0
5 1 0
0 0 1
board #101 10
4 3 0
4 5 0
4 6 1
3 6 0
3 7 0
4 2 0
4 1 0
0 0 0
board #102 9
4 3 1
5 3 1
3 4 1
6 3 1
2 4 1
7 2 0
7 3 0
7 1 1
6 2 1
1 5 1
0 0 0
board #103 12
4 5 0
4 3 1
5 3 1
3 4 0
3 3 1
2 4 1
6 3 1
7 2 0
7 3 0
7 1 1
6 2 0
6 1 1
5 2 1
1 4 1
0 0 1
board #104 16
4 3 1
5 3 1
3 4 0
3 3 1
2 4 0
2 3 1
6 3 0
6 2 1
7 1 0
7 2 0
5 4 0
5 5 0
5 6 1
4 6 1
3 6 0
3 7 0
3 5 1
4 5 1
2 6 1
6 5 0
6 6 0
5 7 1
6 7 0
0 0 0
board #105 25
4 3 1
5 3 1
6 3 0
6 2 0
5 4 1
6 4 1
3 3 0
3 4 0
4 5 0
4 2 0
4 6 0
5 1 0
4 7 0
0 0 0
board #106 15
4 3 0
4 5 0
4 6 1
3 6 0
2 7 0
4 2 0
4 1 1
5 1 0
0 0 1
board #107 10
4 3 0
4 5 0
4 2 0
4 6 1
3 6 0
2 7 0
4 1 0
0 0 1
board #108 9
4 3 0
4 5 0
4 6 1
3 6 0
2 7 1
3 7 0
4 2 0
5 1 0
0 0 0
board #109 10
4 5 1
3 5 1
5 4 1
2 5 0
2 6 0
3 4 1
2 4 0
3 3 0
1 7 1
2 7 0
4 2 1
3 2 1
4 3 0
5 2 0
5 1 1
6 1 1
7 1 0
6 2 1
7 2 1
2 2 1
1 2 0
1 3 0
1 4 0
2 1 0
0 0 1
board #110 26
4 5 0
4 3 1
5 3 1
3 4 1
6 3 1
2 4 0
2 5 1
1 5 1
7 2 1
0 0 1
board #111 11
4 5 0
4 3 1
5 3 0
5 2 0
4 6 1
3 6 0
2 7 1
3 7 0
5 1 0
0 0 1
board #112 11
4 3 0
4 5 0
4 2 0
4 6 0
4 1 0
3 7 0
0 0 0
board #113 8
4 5 1
3 5 1
2 5 0
2 6 0
3 4 0
1 7 1
2 7 1
3 6 0
3 7 0
3 3 0
3 2 1
4 2 0
5 1 0
0 0 1
board #114 15
4 5 1
3 5 0
3 6 0
4 3 0
4 2 1
5 2 0
5 1 1
6 1 1
7 1 1
3 3 0
3 2 1
2 3 1
1 3 1
0 0 0
board #115 15
4 5 0
4 3 0
4 2 0
3 6 0
3 7 0
4 1 1
5 1 0
0 0 1
board #116 9
4 3 0
4 5 1
3 5 1
5 4 1
2 5 1
6 4 0
6 3 1
7 2 0
7 3 0
7 1 0
6 5 0
5 6 1
6 6 0
5 7 0
0 0 1
board #117 16
4 3 0
4 5 1
3 5 0
3 6 1
2 6 1
5 4 0
5 5 1
6 4 1
1 6 0
1 7 1
7 3 1
0 0 1
board #118 13
4 3 0
4 5 0
4 2 0
4 6 1
3 6 1
5 5 1
2 6 1
1 6 0
1 7 1
6 4 0
6 5 0
5 4 1
6 3 0
6 6 0
5 3 0
5 7 1
6 7 0
5 1 0
0 0 1
board #119 20
4 3 0
4 5 1
3 5 1
5 4 1
2 5 0
2 6 1
1 6 1
6 4 0
6 3 1
7 3 1
0 0 1
board #120 12
4 3 1
5 3 1
6 3 0
6 2 1
7 1 1
3 3 0
3 4 0
4 2 0
4 5 1
3 5 1
5 4 1
2 5 0
2 6 1
1 6 1
0 0 0
board #121 16
4 3 1
5 3 1
3 4 1
6 3 0
6 2 0
5 4 0
6 1 1
7 1 1
5 2 1
2 4 1
1 4 1
0 0 0
board #122 13
4 3 1
5 3 0
5 2 1
6 2 1
3 4 0
3 3 0
3 2 1
4 2 1
2 3 1
7 1 1
1 4 1
0 0 0
board #123 13
4 5 0
4 3 0
4 2 1
5 2 0
5 1 1
6 1 0
4 6 0
3 7 0
0 0 0
board #124 10
4 3 1
5 3 0
5 2 1
6 2 0
6 1 0
4 5 1
3 5 0
3 6 1
2 6 1
5 4 1
1 7 1
6 3 1
7 2 0
7 3 1
0 0 0
board #125 16
4 3 0
4 5 0
4 6 1
3 6 0
4 2 0
2 7 1
3 7 0
5 1 0
0 0 0
board #126 10
4 3 0
4 5 0
4 2 0
4 6 1
3 6 0
2 7 0
4 1 1
5 1 0
0 0 0
board #127 10
4 5 1
3 5 0
3 6 0
4 3 1
5 3 1
3 3 0
3 4 1
2 4 1
6 3 1
7 3 1
1 4 0
1 5 0
2 5 0
2 3 1
1 3 1
0 0 0
board #128 17
4 5 0
4 3 1
5 3 1
3 4 1
6 3 0
6 2 0
5 4 0
6 1 1
7 1 1
5 2 0
5 1 1
4 2 1
2 5 0
2 4 0
2 3 1
3 2 1
1 3 1
0 0 0
board #129 19
4 3 0
4 5 0
4 2 1
5 2 1
6 2 0
5 3 1
6 3 0
5 4 0
7 1 0
4 6 0
3 7 1
4 7 1
5 6 1
2 7 1
1 7 0
2 6 0
3 5 0
0 0 1
board #130 19
4 5 1
3 5 1
2 5 1
5 4 0
5 5 1
6 4 0
6 5 0
5 6 1
6 6 0
5 7 1
6 7 0
4 3 0
4 2 0
4 1 1
5 1 1
6 1 0
5 2 0
0 0 0
board #131 19
4 5 0
4 3 1
5 3 0
5 2 0
4 6 1
3 6 1
2 6 1
5 5 0
5 6 0
4 7 0
5 1 1
6 1 0
0 0 1
board #132 14
4 3 0
4 5 0
4 2 1
5 2 1
6 2 1
3 3 0
3 2 0
4 1 0
4 6 1
3 6 0
2 7 1
3 7 0
0 0 0
board #133 14
4 3 1
5 3 1
3 3 1
6 3 1
2 3 1
7 2 0
7 3 1
1 3 0
1 4 1
0 0 1
board #134 11
4 3 0
4 5 1
3 5 1
5 4 1
2 5 0
2 6 0
3 4 1
2 4 1
1 4 0
1 5 0
2 3 0
1 7 1
2 7 1
3 6 1
6 4 1
7 3 0
7 4 1
0 0 1
board #135 19
4 3 1
5 3 1
3 3 1
6 3 0
6 2 0
5 4 0
7 1 0
5 5 1
4 5 1
3 5 1
6 5 1
2 5 0
3 4 0
2 6 1
1 6 1
7 5 1
0 0 0
board #136 18
4 5 1
3 5 1
5 4 0
5 5 0
4 6 0
4 3 0
5 2 0
6 1 0
3 7 1
4 7 1
3 6 1
5 6 1
6 5 0
6 6 0
5 7 1
6 7 1
7 7 1
2 5 0
2 6 0
3 4 0
2 7 0
0 0 1
board #137 23
4 5 0
4 3 1
5 3 1
3 4 0
3 3 0
4 2 0
4 6 1
3 6 0
2 7 1
3 7 0
4 1 0
0 0 1
board #138 13
4 5 0
4 3 0
4 2 0
4 6 1
3 6 0
2 7 0
4 1 0
0 0 0
board #139 9
4 5 1
3 5 1
5 4 1
2 5 1
6 4 0
6 3 0
6 2 1
5 3 1
7 2 1
1 6 1
0 0 1
board #140 12
4 3 1
5 3 0
5 2 0
4 5 0
4 6 1
3 6 0
2 7 0
5 1 1
6 1 1
7 1 1
4 2 1
3 4 0
3 3 1
2 4 0
2 3 0
2 2 0
2 1 0
0 0 1
board #141 19
4 3 1
5 3 0
5 2 0
4 5 0
4 6 1
3 6 0
2 7 1
3 7 0
5 1 0
0 0 0
board #142 11
4 5 1
3 5 1
5 5 1
2 5 1
6 5 0
6 4 1
7 4 1
1 6 1
0 0 0
board #143 10
4 3 1
5 3 1
6 3 0
6 2 0
5 4 0
6 1 0
5 5 1
4 5 1
3 5 1
6 5 0
6 4 1
7 3 1
2 5 0
2 6 0
3 4 1
2 4 0
3 3 0
4 2 0
2 7 0
4 1 1
5 1 1
5 2 0
0 0 1
board #144 24
4 5 0
4 3 0
4 2 1
5 2 1
3 3 0
3 2 0
4 1 0
4 6 1
3 6 1
2 6 1
5 5 0
5 6 0
5 7 0
0 0 1
board #145 15
4 3 1
5 3 1
6 3 0
6 2 0
5 4 0
6 1 0
5 5 0
5 6 1
4 6 0
4 7 0
0 0 0
board #146 12
4 3 0
4 5 1
3 5 0
3 6 0
4 2 1
5 2 1
3 3 1
6 2 1
7 2 1
2 4 1
1 4 0
1 5 0
2 3 1
1 3 0
2 5 0
2 2 0
2 1 0
2 7 0
0 0 0
board #147 20
4 3 0
4 5 1
3 5 0
3 6 1
2 6 1
5 4 1
1 6 1
6 4 0
6 3 1
7 3 1
0 0 0
board #148 12
4 3 0
4 5 0
4 2 1
5 2 0
5 1 1
6 1 1
7 1 1
3 3 0
3 2 0
3 1 0
4 6 1
3 6 0
2 7 0
0 0 1
board #149 15
4 5 1
3 5 1
2 5 0
2 6 1
1 7 1
5 5 1
6 5 1
7 4 0
7 5 0
6 6 1
7 6 1
0 0 1
board #150 13
4 5 0
4 3 0
4 6 1
3 6 0
2 7 1
3 7 0
4 2 0
4 1 1
5 1 1
6 1 0
5 2 0
0 0 1
board #151 13
4 3 0
4 5 0
4 6 0
4 2 0
3 7 0
4 1 1
5 1 1
6 1 1
3 2 0
3 1 0
0 0 1
board #152 12
4 3 1
5 3 0
5 2 0
4 5 0
4 6 0
5 1 0
4 7 0
0 0 0
board #153 9
4 5 1
3 5 1
5 5 0
5 4 1
6 4 0
6 3 0
6 2 1
5 3 1
7 1 0
7 2 0
4 6 0
4 7 0
0 0 0
board #154 14
4 3 0
4 5 1
3 5 1
5 4 0
5 5 1
6 4 0
6 5 1
2 5 0
2 6 1
1 6 0
1 7 1
7 4 0
7 5 0
6 6 0
5 7 1
6 7 0
4 2 1
5 2 0
6 1 0
0 0 0
board #155 21
4 3 0
4 5 0
4 6 1
3 6 0
2 7 1
3 7 1
1 7 0
2 6 0
4 2 1
5 2 0
5 1 0
0 0 1
board #156 13
4 5 1
3 5 0
3 6 0
4 3 0
4 2 1
5 2 0
5 1 1
6 1 1
7 1 0
6 2 0
2 7 1
3 7 0
0 0 0
board #157 14
4 3 0
4 5 1
3 5 1
5 4 1
2 5 0
2 6 0
3 4 1
2 4 1
1 4 0
1 5 0
2 3 1
1 3 0
2 2 1
1 2 0
2 1 0
2 7 0
0 0 0
board #158 18
4 5 1
3 5 0
3 6 1
2 6 0
1 7 0
4 3 1
5 3 0
5 2 1
6 2 0
6 1 0
0 0 1
board #159 12
4 3 0
4 5 1
3 5 1
5 4 0
5 5 1
6 4 1
2 5 0
