4 5 0
4 6 1
3 6 1
5 5 0
5 6 1
6 5 0
6 6 0
5 7 0
4 3 1
5 3 1
3 4 1
6 3 1
7 3 0
7 2 1
8 2 1
2 5 1
1 5 0
1 6 0
2 6 1
1 7 1
0 0 0
board #1 22
4 5 1
3 5 1
5 5 1
6 5 1
2 5 1
7 5 0
7 4 1
8 3 0
8 4 1
1 5 1
0 0 0
board #2 12
4 5 0
4 6 0
4 3 0
4 7 1
3 7 1
2 7 0
3 6 0
1 8 0
4 2 0
4 1 1
5 1 1
3 2 1
6 1 0
5 2 1
6 2 1
7 2 0
6 3 0
7 1 1
8 1 0
5 4 0
0 0 0
board #3 22
4 5 1
3 5 0
3 6 0
3 7 1
2 7 1
4 6 1
1 7 1
5 6 1
6 6 0
6 5 0
6 4 0
5 7 1
6 7 1
7 6 1
8 6 1
0 0 1
board #4 17
4 5 0
4 6 0
4 3 0
4 7 1
3 7 0
3 8 0
4 2 1
5 2 1
3 3 1
6 2 0
5 3 1
6 3 1
7 3 1
2 4 1
8 2 1
1 4 1
0 0 0
board #5 18
4 5 1
3 5 0
3 6 0
3 7 0
4 3 0
5 2 0
3 8 0
5 1 0
0 0 0
board #6 10
3 6 0
4 5 0
2 7 0
4 3 1
5 3 1
3 4 0
3 3 0
4 2 1
3 2 0
3 1 1
4 1 1
2 2 1
6 3 1
7 3 1
1 2 0
1 3 0
2 3 1
1 4 0
2 4 1
1 5 1
8 2 0
8 3 1
0 0 0
board #7 24
4 5 0
4 3 0
4 6 0
4 7 1
3 7 0
2 8 1
3 8 0
5 2 0
5 1 1
6 1 1
7 1 0
6 2 1
7 2 0
6 3 0
5 3 0
0 0 0
board #8 17
4 5 1
3 5 1
5 5 1
2 5 0
2 6 1
6 5 1
1 6 0
1 7 0
1 8 0
3 4 1
2 4 0
3 3 0
4 2 0
4 1 1
5 1 0
0 0 0
board #9 17
4 5 0
4 6 1
3 6 1
5 5 1
2 6 0
2 7 1
1 7 0
1 8 1
6 5 0
6 4 1
7 4 1
8 4 1
0 0 0
board #10 14
4 5 0
4 6 0
4 3 0
4 7 0
5 2 0
5 1 1
6 1 0
3 8 1
4 8 1
2 8 1
5 7 1
1 8 1
6 6 1
7 5 1
8 4 1
0 0 0
board #11 17
4 5 1
3 5 1
5 5 0
5 4 1
6 4 0
6 3 1
7 3 0
7 2 0
7 1 1
8 1 1
6 2 1
2 6 1
1 6 0
1 7 1
0 0 1
board #12 16
4 5 0
4 6 1
3 6 0
3 7 0
4 3 0
4 2 1
5 2 1
3 3 0
3 2 0
3 1 1
4 1 1
2 2 1
6 2 1
7 2 0
6 3 0
7 1 1
8 1 1
1 2 1
0 0 0
board #13 20
4 5 0
4 6 1
3 6 1
5 5 0
5 6 1
6 5 1
2 6 1
7 5 1
1 6 0
1 7 1
8 4 0
8 5 0
7 6 1
8 6 1
0 0 1
board #14 16
4 5 1
3 5 0
3 6 1
2 6 0
2 7 1
1 7 0
1 8 1
5 5 1
6 5 0
6 4 1
7 4 0
7 3 1
8 2 1
0 0 0
board #15 15
4 5 1
3 5 1
5 5 1
6 5 1
2 5 1
7 5 0
7 4 0
6 6 0
7 3 1
6 4 1
8 2 1
1 5 0
1 6 1
0 0 1
board #16 15
4 5 1
3 5 1
5 4 0
5 5 0
4 6 1
5 6 1
6 5 1
2 5 0
2 6 1
1 6 0
1 7 0
1 8 0
3 4 0
3 3 1
4 3 0
4 2 0
4 1 1
5 1 1
6 1 1
3 2 0
3 1 1
2 2 1
7 1 1
8 1 1
1 3 1
0 0 0
board #17 27
4 5 0
4 6 0
4 3 0
4 7 0
5 2 0
3 8 1
4 8 0
5 1 1
6 1 1
4 2 1
7 1 1
8 1 0
7 2 0
6 2 1
6 3 1
7 3 0
6 4 1
7 4 0
6 5 1
7 5 0
6 6 0
5 6 1
5 7 0
0 0 1
board #18 25
3 6 0
3 7 1
2 7 0
1 8 1
2 8 1
4 6 1
5 6 1
6 6 1
7 6 1
8 5 0
8 6 0
8 4 0
7 7 0
8 3 1
7 4 0
7 3 1
6 4 0
6 3 0
6 8 0
6 2 1
7 2 1
5 3 0
5 2 0
5 1 1
6 1 0
0 0 0
board #19 27
4 5 0
4 6 0
4 3 0
4 7 0
4 2 1
5 2 0
5 1 0
3 8 0
0 0 0
board #20 10
4 5 1
3 5 0
3 6 1
2 6 1
5 4 1
6 4 0
6 3 0
6 5 1
5 5 0
5 6 0
6 2 0
4 7 0
7 1 0
3 8 0
0 0 0
board #21 16
4 5 1
3 5 0
3 6 1
2 6 0
2 7 1
1 7 0
1 8 1
5 5 1
6 5 0
6 4 1
7 4 0
7 3 1
8 3 1
0 0 1
board #22 15
4 5 0
4 6 1
3 6 0
3 7 1
2 7 1
5 5 0
5 6 0
5 7 0
4 3 0
4 8 1
5 8 1
6 7 1
3 8 1
1 8 1
7 6 0
7 7 0
6 6 1
7 5 1
8 4 0
8 5 0
7 4 0
6 8 1
7 8 1
8 7 0
8 8 0
6 4 1
6 5 1
7 3 1
8 3 1
0 0 1
board #23 31
4 5 1
3 5 1
5 5 0
5 4 0
4 6 0
3 7 0
4 3 1
5 3 0
5 2 1
6 2 0
6 1 1
7 1 1
8 1 1
3 4 0
3 3 1
2 4 1
1 5 1
0 0 1
board #24 19
4 5 0
4 6 1
3 6 0
3 7 0
4 3 0
5 2 1
4 2 1
3 3 0
3 2 0
4 1 0
3 8 0
0 0 0
board #25 13
4 5 1
3 5 0
3 6 0
3 7 1
2 7 1
4 6 0
4 7 0
4 8 0
4 3 1
5 3 0
5 2 1
6 2 1
7 2 1
3 4 0
3 3 0
3 2 1
4 2 0
4 1 0
0 0 1
board #26 20
4 5 1
3 5 1
5 5 1
6 5 0
6 4 0
5 6 1
6 6 1
7 5 1
2 5 1
1 5 0
1 6 1
8 4 0
8 5 1
0 0 1
board #27 15
4 5 0
4 6 0
4 3 0
4 7 0
4 2 1
5 2 1
6 2 0
5 3 0
6 1 0
3 8 1
4 8 0
0 0 1
board #28 13
4 5 1
3 5 0
3 6 1
2 6 1
5 5 1
6 5 1
1 6 0
1 7 0
1 8 0
2 5 1
1 5 1
7 5 1
8 5 1
0 0 1
board #29 15
4 5 0
4 6 1
3 6 0
3 7 1
2 7 1
5 5 0
5 6 0
5 7 0
4 3 0
5 8 0
4 2 1
5 2 1
6 2 1
3 3 1
7 2 0
6 3 0
7 1 1
8 1 1
2 4 1
1 4 0
1 5 0
2 5 0
1 3 1
2 3 0
2 2 1
3 2 1
0 0 1
board #30 28
3 6 1
4 6 0
4 5 0
3 7 0
4 3 0
4 2 1
5 2 1
6 2 0
5 3 1
6 3 0
5 4 1
6 4 1
3 3 1
7 3 0
7 4 0
6 5 0
7 1 0
5 6 1
5 5 1
6 6 1
7 6 1
8 5 0
8 6 1
2 3 1
1 4 1
0 0 1
board #31 27
4 5 0
4 6 0
4 3 0
4 7 1
3 7 0
3 8 0
4 2 1
5 2 1
3 3 0
3 2 0
3 1 0
0 0 1
board #32 13
3 6 0
3 7 1
2 7 0
1 8 1
2 8 1
4 6 0
4 7 0
3 8 0
4 3 1
5 3 1
6 3 0
6 2 0
5 4 0
6 1 0
3 5 1
4 5 1
5 5 1
6 5 0
6 4 0
5 6 1
6 6 1
7 5 0
7 6 0
6 7 0
5 7 1
5 8 0
0 0 1
board #33 28
4 5 1
3 5 0
3 6 1
2 6 0
2 7 1
1 7 1
5 5 0
5 4 1
6 4 0
6 3 0
5 6 1
4 6 0
4 7 0
6 2 0
4 8 0
7 1 0
0 0 1
board #34 18
4 5 0
4 6 0
4 3 1
5 3 1
3 4 0
3 3 1
2 4 1
6 3 0
6 2 1
7 2 0
7 1 1
8 1 1
1 4 0
1 5 0
2 5 0
2 3 0
3 2 0
3 1 0
4 7 1
3 7 0
2 8 1
3 8 0
0 0 0
board #35 24
4 5 1
3 5 0
3 6 0
3 7 1
2 7 1
4 6 0
4 7 0
4 3 1
5 3 0
5 2 1
6 2 1
7 2 0
6 3 1
7 3 1
3 4 1
2 5 1
8 2 1
1 5 0
1 6 0
2 6 1
1 7 0
1 8 1
0 0 1
board #36 24
4 5 1
3 5 0
3 6 0
3 7 1
2 7 0
1 8 1
2 8 1
4 6 0
4 7 0
3 8 1
4 8 0
4 3 1
5 3 0
5 2 0
5 1 1
6 1 1
4 2 1
7 1 0
6 2 0
0 0 1
board #37 21
4 5 0
4 3 0
4 6 0
4 7 0
4 2 1
5 2 0
5 1 1
6 1 1
7 1 0
6 2 1
7 2 1
3 3 0
3 2 0
3 1 1
4 1 0
4 8 0
0 0 1
board #38 18
4 5 0
4 6 1
3 6 0
3 7 1
2 7 0
1 8 1
2 8 1
5 5 1
6 5 1
7 5 0
7 4 0
7 3 0
6 6 0
7 2 0
6 7 1
5 7 0
4 8 1
5 8 1
4 7 1
7 7 0
7 6 1
8 5 0
8 6 1
0 0 0
board #39 25
4 5 1
3 5 0
3 6 0
3 7 0
4 3 1
5 3 1
3 3 0
3 4 1
2 4 1
6 3 1
7 3 0
7 2 0
6 4 0
7 1 1
8 1 0
5 4 0
3 8 0
0 0 0
board #40 19
4 5 0
4 6 0
4 3 0
4 7 1
3 7 1
5 6 0
5 7 1
6 6 1
2 7 0
3 6 1
2 6 0
3 5 1
2 5 0
3 4 0
1 8 0
5 2 0
5 1 1
6 1 0
0 0 1
board #41 20
4 5 0
4 6 1
3 6 1
5 5 1
2 6 0
2 7 0
3 5 1
2 5 1
1 6 1
6 5 1
7 4 1
8 3 1
0 0 0
board #42 14
4 5 1
3 5 1
5 5 1
6 5 1
2 5 1
7 5 0
7 4 0
6 6 0
7 3 1
6 4 1
8 2 0
8 3 1
1 5 0
1 6 0
2 4 1
1 4 0
1 7 0
2 3 0
1 8 0
3 2 0
3 1 1
4 1 0
0 0 1
board #43 24
4 5 0
4 6 1
3 6 1
5 5 1
2 6 1
6 5 0
6 4 0
5 6 1
6 6 1
7 5 1
1 6 0
1 7 1
8 4 0
8 5 0
7 4 1
8 3 0
7 3 0
7 6 1
8 6 1
0 0 0
board #44 21
4 5 0
4 6 1
3 6 0
3 7 1
2 7 1
5 5 1
1 8 1
6 5 0
6 4 1
7 4 1
8 3 1
0 0 1
board #45 13
4 5 0
4 6 0
4 3 0
4 7 1
3 7 0
2 8 0
4 2 0
4 1 0
0 0 0
board #46 10
4 5 0
4 6 0
4 3 0
4 7 0
5 2 0
4 8 0
6 1 0
0 0 0
board #47 9
4 5 1
3 5 0
3 6 0
3 7 0
4 3 0
5 2 0
2 8 1
3 8 0
5 1 0
0 0 0
board #48 11
4 5 1
3 5 1
5 5 0
5 4 0
4 6 1
5 6 1
6 5 1
2 5 1
7 5 1
8 4 0
8 5 1
1 5 1
0 0 0
board #49 14
4 5 1
3 5 1
5 5 1
6 5 0
6 4 1
7 4 1
2 5 0
2 6 0
3 4 1
2 4 1
1 4 0
1 5 0
2 3 0
2 7 1
3 6 0
3 7 0
3 2 0
2 8 1
3 8 0
4 1 0
0 0 1
board #50 22
4 5 1
3 5 0
3 6 1
2 6 0
2 7 0
1 8 1
2 8 0
4 3 1
5 3 0
5 2 1
6 2 1
7 2 0
6 3 1
7 3 0
6 4 0
7 1 0
5 4 1
5 5 1
6 5 1
3 3 0
3 4 0
3 2 0
3 1 1
4 1 0
0 0 1
board #51 26
4 5 1
3 5 1
5 5 0
5 4 0
4 6 1
5 6 0
4 7 1
5 7 1
6 6 1
7 5 1
2 5 0
2 6 0
3 4 1
2 4 1
1 4 0
1 5 1
8 4 0
8 5 0
7 4 0
8 6 1
7 6 1
0 0 1
board #52 23
4 5 1
3 5 0
3 6 0
3 7 0
4 3 1
5 3 0
5 2 0
2 8 1
3 8 1
1 8 1
4 7 1
5 6 0
5 7 0
4 6 1
5 4 1
6 4 0
6 3 1
7 3 1
8 2 0
8 3 1
0 0 1
board #53 22
4 5 1
3 5 1
5 5 0
5 4 0
4 6 0
4 3 0
4 7 0
4 2 0
3 8 1
4 8 1
5 7 0
5 8 0
5 1 0
0 0 0
board #54 15
4 5 1
3 5 0
3 6 0
3 7 1
2 7 1
4 6 1
1 8 1
5 6 1
6 6 1
7 6 0
7 5 0
7 4 0
6 7 0
7 3 1
6 4 1
8 3 1
5 4 0
5 5 0
6 5 0
5 8 0
4 3 0
4 2 1
5 2 1
6 3 1
3 3 1
5 3 0
6 2 1
2 4 1
1 4 1
0 0 1
board #55 31
4 5 1
3 5 0
3 6 1
2 6 0
2 7 1
1 7 0
1 8 1
5 5 0
5 4 1
6 4 1
7 4 0
7 3 0
6 5 0
7 2 0
8 1 0
6 6 1
5 6 0
5 7 0
4 8 1
5 8 0
0 0 0
board #56 22
4 5 1
3 5 0
3 6 1
2 6 1
5 5 0
5 4 1
6 4 1
7 4 1
1 6 1
8 3 0
8 4 1
0 0 0
board #57 13
4 5 1
3 5 0
3 6 0
3 7 1
2 7 0
2 8 0
4 3 1
5 3 0
5 2 1
6 2 1
7 2 0
6 3 1
7 3 0
6 4 0
7 1 1
8 1 1
3 3 1
2 3 1
1 4 1
0 0 1
board #58 21
4 5 1
3 5 0
3 6 0
3 7 0
4 3 1
5 3 1
3 3 0
3 4 1
2 5 1
6 3 0
5 4 0
6 2 0
6 1 1
7 1 1
5 2 0
5 1 0
2 8 1
3 8 0
0 0 1
board #59 20
4 5 0
4 6 1
3 6 0
3 7 0
4 3 1
5 3 1
6 3 0
5 4 1
3 4 0
3 3 1
6 4 0
5 5 0
6 2 1
7 2 0
8 1 0
3 8 0
0 0 0
board #60 18
4 5 1
3 5 0
3 6 0
3 7 1
2 7 0
1 8 1
2 8 1
4 6 0
4 7 0
3 8 0
4 3 0
4 2 0
4 1 1
5 1 1
3 2 1
6 1 1
7 1 0
6 2 1
7 2 1
2 3 0
2 2 0
3 3 1
2 4 1
1 4 0
1 5 0
2 5 1
1 6 1
8 1 0
8 2 0
7 3 1
8 3 1
0 0 1
board #61 33
4 5 0
4 6 0
4 3 0
4 7 0
4 2 0
3 8 0
4 1 1
5 1 1
3 2 0
3 1 1
6 1 0
5 2 0
0 0 1
board #62 14
3 6 0
4 5 1
3 5 0
3 7 0
4 3 0
5 2 1
4 2 0
3 8 0
5 1 0
0 0 0
board #63 11
4 5 1
3 5 1
5 5 1
6 5 1
2 5 1
7 5 1
1 5 0
1 6 1
8 4 1
0 0 1
board #64 11
4 5 1
3 5 1
5 5 0
5 4 0
4 6 0
4 3 0
4 7 1
3 7 1
5 7 1
2 7 0
3 6 1
6 6 1
2 5 0
2 6 0
1 8 1
2 8 1
7 5 0
7 6 0
6 5 1
7 4 0
6 4 1
7 3 0
6 7 0
6 3 0
5 8 1
6 8 0
4 2 1
5 2 0
5 1 1
6 1 0
0 0 0
board #65 32
3 6 0
3 7 1
2 7 1
4 7 1
5 7 0
5 6 1
6 6 1
1 7 1
7 5 0
7 6 0
6 7 0
7 4 1
6 5 0
6 4 1
5 5 0
5 4 0
4 3 1
6 3 1
5 3 0
5 2 0
5 1 0
4 8 1
5 8 0
0 0 0
board #66 25
4 5 0
4 6 1
3 6 1
5 5 1
2 6 0
2 7 1
1 7 0
1 8 1
6 5 1
7 5 0
7 4 0
6 6 0
7 3 1
6 4 0
6 3 1
5 4 1
8 2 0
8 3 1
0 0 1
board #67 20
4 5 1
3 5 1
5 5 0
5 4 1
6 4 0
6 3 0
6 2 1
7 2 0
7 1 0
4 6 1
5 6 0
4 7 1
5 7 1
6 6 0
6 7 0
6 8 0
0 0 1
board #68 18
4 5 0
4 6 1
3 6 0
3 7 1
2 7 1
5 5 0
5 6 1
6 5 1
1 7 0
1 8 1
7 4 0
7 5 0
6 4 1
7 3 0
7 6 1
6 6 1
8 6 1
0 0 1
board #69 19
4 5 0
4 6 1
3 6 1
5 5 1
2 6 0
2 7 1
1 8 1
6 5 0
6 4 0
6 6 1
5 6 0
5 7 1
4 7 1
7 5 1
8 4 0
8 5 0
7 4 1
8 3 1
0 0 0
board #70 20
4 5 0
4 6 0
4 3 1
5 3 0
5 2 0
4 7 1
3 7 0
2 8 0
6 1 0
0 0 1
board #71 11
4 5 1
3 5 1
5 5 0
5 4 1
6 4 0
6 3 1
7 3 0
7 2 0
7 1 0
4 6 0
4 7 0
3 8 1
4 8 0
0 0 0
board #72 15
4 5 0
4 6 0
4 3 0
4 7 1
3 7 1
5 6 1
2 7 1
1 7 1
6 5 1
7 4 1
8 3 0
8 4 0
7 3 0
8 5 1
7 5 1
0 0 0
board #73 17
4 5 0
4 6 0
4 7 1
3 7 0
3 8 0
4 3 1
5 3 0
5 2 0
5 1 0
0 0 0
board #74 11
4 5 1
3 5 1
5 4 0
5 5 0
4 6 0
4 3 1
5 3 1
6 3 0
6 2 1
7 2 0
7 1 1
8 1 1
3 4 0
3 3 0
4 2 1
3 2 0
3 1 1
4 1 1
2 2 0
2 1 1
1 1 0
1 2 1
0 0 0
board #75 24
4 5 1
3 5 0
3 6 0
3 7 0
4 3 1
5 3 0
5 2 1
6 2 0
6 1 1
7 1 1
8 1 0
7 2 0
2 8 0
0 0 0
board #76 15
4 5 0
4 6 0
4 3 0
4 7 1
3 7 1
5 6 0
5 7 1
2 7 1
6 6 0
6 7 1
7 6 0
7 7 1
8 6 0
8 7 1
1 7 1
0 0 1
board #77 17
4 5 1
3 5 0
3 6 0
3 7 0
4 3 0
4 2 1
5 2 0
5 1 1
6 1 0
2 8 0
0 0 0
board #78 12
4 5 1
3 5 0
3 6 0
3 7 0
4 3 1
5 3 1
3 3 1
6 3 0
5 4 0
6 2 1
7 2 1
8 1 0
8 2 0
7 3 1
8 3 0
7 4 0
6 4 1
6 5 1
7 5 1
8 4 1
2 4 0
2 3 0
3 2 0
2 5 0
4 1 0
2 8 1
3 8 1
1 8 0
2 7 0
0 0 1
board #79 31
4 5 0
4 6 1
3 6 1
5 5 1
2 6 1
6 5 1
7 5 0
7 4 0
6 6 1
7 6 0
7 3 0
6 7 0
7 2 0
7 1 1
8 1 0
5 8 1
6 8 0
0 0 0
board #80 19
4 5 0
4 6 1
3 6 1
5 5 1
2 6 0
2 7 0
3 5 1
2 5 1
1 5 1
6 5 1
7 5 1
8 4 1
0 0 1
board #81 14
4 5 0
4 6 0
4 3 0
4 7 1
3 7 0
2 8 1
3 8 0
4 2 1
5 2 0
5 1 0
0 0 0
board #82 12
4 5 0
4 6 0
4 3 1
5 3 1
3 4 1
6 3 1
7 3 1
2 5 0
2 4 1
1 4 0
1 5 1
8 2 0
8 3 0
7 4 1
8 4 1
0 0 0
board #83 17
4 5 1
3 5 0
3 6 1
2 6 1
5 5 0
5 4 1
6 4 0
6 3 1
7 3 1
1 6 1
8 3 1
0 0 0
board #84 13
4 5 0
4 6 0
4 3 0
4 7 1
3 7 0
2 8 1
3 8 1
1 8 1
5 6 1
6 5 1
7 4 1
8 3 1
0 0 0
board #85 14
4 5 1
3 5 1
5 5 1
6 5 1
2 5 1
7 5 0
7 4 1
8 3 0
8 4 1
1 5 0
1 6 1
0 0 1
board #86 13
4 5 0
4 6 0
4 3 1
5 3 1
3 4 1
6 3 1
7 3 1
2 5 1
8 2 0
8 3 1
1 5 0
1 6 0
2 6 1
1 7 1
0 0 0
board #87 16
4 5 1
3 5 1
5 5 0
5 4 0
4 6 1
5 6 0
4 7 1
5 7 0
4 8 1
5 8 0
4 3 0
4 2 1
5 2 0
6 1 0
0 0 1
board #88 16
4 5 1
3 5 0
3 6 0
3 7 0
4 3 1
5 3 0
5 2 1
6 2 0
6 1 1
7 1 0
2 8 1
3 8 1
1 8 1
4 7 0
4 8 1
5 7 1
6 6 1
7 5 0
7 6 1
8 5 0
8 6 1
0 0 1
board #89 23
4 5 0
4 3 1
5 3 1
3 4 1
6 3 1
7 3 0
7 2 0
6 4 0
7 1 1
8 1 0
5 5 1
6 5 0
5 6 1
6 6 1
5 4 0
4 6 0
4 7 1
3 7 1
2 7 1
7 5 0
7 6 1
8 5 0
8 6 1
1 8 1
0 0 0
board #90 26
4 5 0
4 6 1
3 6 1
5 5 1
2 6 1
6 5 1
7 5 1
1 6 1
8 4 1
0 0 1
board #91 11
