4 3 0
4 5 1
3 5 0
3 6 0
4 2 0
2 7 0
4 1 1
5 1 1
3 2 0
3 1 0
0 0 1
board #1 12
4 5 1
3 5 1
5 4 1
2 5 0
2 6 1
1 6 0
1 7 1
6 4 0
6 3 1
7 2 0
7 3 1
0 0 1
board #2 13
4 5 0
4 3 0
4 6 0
4 2 1
5 2 1
3 3 0
3 2 0
3 1 0
3 7 1
4 7 0
0 0 1
board #3 12
4 3 1
5 3 1
3 3 1
6 3 0
6 2 0
5 4 1
6 4 0
5 5 0
7 1 0
4 6 1
5 6 1
4 5 0
3 6 0
2 7 1
3 7 0
0 0 1
board #4 17
4 3 1
5 3 0
5 2 1
6 2 1
3 4 1
7 2 1
2 4 0
2 5 1
1 5 1
0 0 0
board #5 11
4 3 1
5 3 0
5 2 1
6 2 0
6 1 1
7 1 0
4 5 1
3 5 0
3 6 0
3 7 0
0 0 0
board #6 12
4 3 1
5 3 0
5 2 1
6 2 0
6 1 1
7 1 1
3 4 0
3 3 1
2 4 1
1 4 1
0 0 1
board #7 12
4 3 0
4 5 1
3 5 0
3 6 0
4 2 1
5 2 1
3 3 0
3 2 1
6 2 0
5 3 1
6 3 1
2 3 1
7 3 1
1 3 0
1 4 0
2 4 1
1 5 1
0 0 1
board #8 19
4 3 1
5 3 0
5 2 0
4 5 0
4 6 1
3 6 0
2 7 0
6 1 0
0 0 1
board #9 10
4 3 1
5 3 1
3 4 0
3 3 0
4 2 0
4 5 0
4 6 0
4 1 0
3 7 1
4 7 1
2 7 0
3 6 0
0 0 0
board #10 14
4 3 0
4 5 1
3 5 1
5 4 0
5 5 1
6 4 1
2 5 0
2 6 1
1 6 0
1 7 1
7 3 0
7 4 1
0 0 0
board #11 14
4 3 0
4 5 0
4 6 1
3 6 1
5 5 0
5 6 0
5 7 0
4 2 1
5 2 1
6 2 0
5 3 0
6 1 1
7 1 0
0 0 0
board #12 15
4 5 0
4 3 0
4 2 1
5 2 0
6 1 0
4 6 1
3 6 0
2 7 1
3 7 1
1 7 0
2 6 1
1 6 1
5 5 0
5 6 0
4 7 1
5 7 1
6 6 0
6 7 1
7 6 0
7 7 0
0 0 1
board #13 22
4 5 1
3 5 0
3 6 0
4 3 0
4 2 0
2 7 1
3 7 0
4 1 1
5 1 0
0 0 0
board #14 11
4 5 0
4 3 0
4 2 0
4 6 1
3 6 0
3 7 0
4 1 0
0 0 0
board #15 9
4 5 0
4 3 1
5 3 1
3 4 0
3 3 1
2 4 1
6 3 1
7 2 0
7 3 0
7 1 1
6 2 1
1 5 1
0 0 0
board #16 14
4 3 1
5 3 1
6 3 1
3 3 0
3 4 0
4 2 0
4 5 0
4 6 0
5 1 0
3 7 1
4 7 1
2 7 1
1 7 0
2 6 1
1 6 0
2 5 0
0 0 0
board #17 18
4 3 0
4 5 0
4 2 1
5 2 0
5 1 1
6 1 0
4 6 0
3 7 0
0 0 1
board #18 10
4 3 1
5 3 0
5 2 1
6 2 1
3 4 1
7 1 0
7 2 0
6 3 1
7 3 0
6 4 1
7 4 0
6 5 0
5 6 1
6 6 1
5 5 0
4 6 0
4 7 0
0 0 1
board #19 19
4 3 0
4 5 1
3 5 1
5 4 0
5 5 0
4 6 0
4 2 0
3 7 1
4 7 0
4 1 1
5 1 1
6 1 0
5 2 0
0 0 0
board #20 15
4 5 0
4 3 1
5 3 1
3 4 0
3 3 1
2 4 0
2 3 1
6 3 1
1 3 0
1 4 0
2 2 0
2 1 0
4 6 0
4 7 0
0 0 1
board #21 16
4 3 0
4 5 1
3 5 0
3 6 0
5 2 0
2 7 1
3 7 0
6 1 0
0 0 0
board #22 10
4 3 0
4 5 1
3 5 0
3 6 1
2 6 1
5 4 0
5 5 0
5 6 1
4 6 1
6 5 0
6 6 0
5 7 1
6 7 1
7 7 1
1 6 0
1 7 0
2 5 0
4 2 0
4 1 1
5 1 0
0 0 0
board #23 22
4 5 0
4 3 0
4 6 1
3 6 0
2 7 1
3 7 1
1 7 0
2 6 0
4 2 1
5 2 1
3 3 0
3 2 1
6 2 1
2 3 0
2 2 0
3 1 0
0 0 0
board #24 18
4 5 0
4 3 0
3 6 0
4 2 1
5 2 1
6 2 0
5 3 1
6 3 1
3 3 1
2 3 0
2 4 0
3 4 1
2 5 0
2 2 0
2 6 1
3 5 1
1 6 0
1 7 0
2 1 1
3 1 1
3 2 1
1 1 0
1 2 0
0 0 0
board #25 25
4 3 0
4 5 1
3 5 0
3 6 1
2 6 0
1 7 1
2 7 1
5 4 0
5 5 0
5 6 1
4 6 1
6 5 1
7 5 1
0 0 1
board #26 15
4 5 1
3 5 0
3 6 0
4 3 0
5 2 1
4 2 0
5 1 0
2 7 1
3 7 1
1 7 1
4 6 1
5 4 0
5 5 1
6 4 0
6 5 1
7 4 0
7 5 0
6 6 0
5 7 0
0 0 1
board #27 21
4 5 1
3 5 1
5 4 0
5 5 0
4 6 0
4 3 1
5 3 1
6 3 1
3 4 0
3 3 1
2 4 1
7 3 1
1 5 1
0 0 1
board #28 15
4 5 1
3 5 1
5 4 0
5 5 0
4 6 0
4 3 0
4 2 1
5 2 1
6 2 0
6 1 1
7 1 1
3 3 0
3 2 0
3 1 1
4 1 1
2 2 1
1 3 1
0 0 0
board #29 19
4 5 1
3 5 0
3 6 1
2 6 0
1 7 1
2 7 1
5 5 0
5 4 1
6 4 0
6 3 1
7 2 0
7 3 1
0 0 0
board #30 14
4 3 1
5 3 0
5 2 1
6 2 0
6 1 0
4 5 0
4 6 1
3 6 1
5 5 1
2 6 0
3 5 0
1 7 1
2 7 1
6 5 0
6 4 0
6 6 1
5 6 1
7 5 0
7 6 0
6 7 1
7 7 0
6 3 0
0 0 0
board #31 24
4 3 0
4 5 0
4 6 1
3 6 0
2 7 0
4 2 1
5 2 0
5 1 1
6 1 0
0 0 1
board #32 11
4 5 0
4 3 1
5 3 0
5 2 1
6 2 0
6 1 1
7 1 1
3 4 0
3 3 1
2 4 0
2 3 1
1 4 1
0 0 0
board #33 14
4 3 0
4 5 0
4 2 0
4 6 1
3 6 0
2 7 0
5 1 0
0 0 0
board #34 9
4 5 1
3 5 1
2 5 0
2 6 0
3 4 0
1 7 1
2 7 1
3 6 1
5 4 1
6 4 0
6 3 0
5 5 0
6 2 0
5 6 1
4 6 1
6 6 1
7 5 1
0 0 0
board #35 19
4 3 1
5 3 1
3 3 0
3 4 0
4 2 0
4 5 0
4 6 1
3 6 1
2 6 0
1 7 1
2 7 1
5 5 0
5 6 0
4 7 0
5 1 0
0 0 1
board #36 17
4 3 1
5 3 1
3 4 1
6 3 1
2 4 0
2 5 1
1 5 1
7 3 1
0 0 0
board #37 10
4 5 1
3 5 0
3 6 1
2 6 1
5 4 1
1 6 1
6 4 1
7 3 0
7 4 0
7 2 0
6 5 0
7 1 0
5 6 1
6 6 1
7 6 1
4 6 1
0 0 1
board #38 18
4 5 0
4 3 1
5 3 0
5 2 1
6 2 1
3 4 0
3 3 0
3 2 0
3 1 1
4 1 0
4 6 0
3 7 1
4 7 0
0 0 0
board #39 15
4 5 0
4 3 0
4 2 1
5 2 0
5 1 1
6 1 1
7 1 0
6 2 0
4 6 1
3 6 1
5 5 0
5 6 1
2 6 1
6 5 0
6 6 1
7 5 1
1 6 0
1 7 0
2 5 1
1 5 1
0 0 1
board #40 22
4 3 0
4 5 1
3 5 0
3 6 1
2 6 1
5 4 0
5 5 1
6 4 0
6 5 0
5 6 1
6 6 1
7 5 0
7 6 0
6 7 0
4 2 0
4 1 0
0 0 1
board #41 18
4 5 1
3 5 0
3 6 0
4 3 1
5 3 1
3 3 1
6 3 0
6 2 1
7 1 0
7 2 0
5 4 0
2 7 0
0 0 1
board #42 14
4 3 0
4 5 0
4 6 1
3 6 1
5 5 0
5 6 0
4 2 1
5 2 1
6 2 0
5 3 1
6 3 0
7 1 0
6 4 0
5 7 0
0 0 1
board #43 16
4 3 0
4 5 0
4 2 1
5 2 1
3 3 0
3 2 0
3 1 1
4 1 1
2 2 1
6 2 0
5 3 1
6 3 0
5 4 1
6 4 0
5 5 1
6 5 0
6 1 0
5 6 0
4 7 1
5 7 1
4 6 1
6 7 1
7 6 1
1 2 0
1 3 1
0 0 1
board #44 27
4 3 1
5 3 0
5 2 0
4 5 1
3 5 0
3 6 0
2 7 1
3 7 0
5 1 1
6 1 0
0 0 1
board #45 12
4 3 1
5 3 0
5 2 1
6 2 1
3 4 0
3 3 1
2 4 1
7 1 1
1 4 1
0 0 1
board #46 11
4 5 0
4 3 0
4 2 0
4 6 0
3 7 0
4 1 1
5 1 1
6 1 0
5 2 0
0 0 1
board #47 11
4 3 1
5 3 0
5 2 1
6 2 1
3 4 0
3 3 1
2 4 1
7 1 0
7 2 0
6 3 1
7 3 1
1 4 0
1 5 1
0 0 1
board #48 15
4 3 1
5 3 1
3 4 0
3 3 0
4 2 1
3 2 0
3 1 1
4 1 1
2 2 0
2 1 1
1 1 1
6 3 0
6 2 1
7 2 1
0 0 0
board #49 16
4 3 1
5 3 1
3 3 0
3 4 1
2 4 0
2 5 1
1 5 1
6 3 1
7 3 1
0 0 1
board #50 11
4 5 0
4 3 0
4 2 0
4 6 1
3 6 0
2 7 1
3 7 1
1 7 0
2 6 0
4 1 1
5 1 0
0 0 1
board #51 13
4 5 0
4 3 0
4 6 1
3 6 0
2 7 1
3 7 1
1 7 1
5 5 0
5 6 1
6 5 1
7 5 1
0 0 1
board #52 13
4 5 1
3 5 1
5 5 0
5 4 0
4 6 1
5 6 1
6 5 0
6 6 0
5 7 1
6 7 0
4 3 0
4 2 0
4 1 1
5 1 1
6 1 1
7 1 0
6 2 1
7 2 0
6 3 0
0 0 1
board #53 21
4 5 1
3 5 1
5 5 0
5 4 1
6 4 0
6 3 0
6 2 1
5 3 1
7 2 1
2 5 1
1 5 0
1 6 1
0 0 0
board #54 14
4 5 1
3 5 0
3 6 0
4 3 0
4 2 0
2 7 1
3 7 1
1 7 0
2 6 0
4 1 0
0 0 1
board #55 12
4 5 1
3 5 1
5 4 1
2 5 0
2 6 0
3 4 1
2 4 0
3 3 0
1 7 1
2 7 0
4 2 0
5 1 0
0 0 0
board #56 14
4 5 0
4 3 0
4 6 1
3 6 1
5 5 0
5 6 0
4 7 0
4 2 1
5 2 1
3 3 0
3 2 1
6 2 0
5 3 0
6 1 1
7 1 1
2 3 0
2 2 0
3 1 0
0 0 0
board #57 20
4 5 0
4 3 0
4 6 1
3 6 1
5 5 1
2 6 0
3 5 1
2 5 1
6 4 0
6 5 0
5 4 0
6 6 0
5 7 1
6 7 1
4 7 0
5 6 0
4 2 0
4 1 1
5 1 1
6 1 1
7 1 1
3 2 0
3 1 0
0 0 0
board #58 25
4 5 1
3 5 0
3 6 0
4 3 0
4 2 0
2 7 1
3 7 0
4 1 1
5 1 1
3 2 1
6 1 1
7 1 1
2 3 0
2 2 0
3 3 1
2 4 0
3 4 0
3 1 0
0 0 0
board #59 20
4 5 0
4 3 0
4 2 1
5 2 1
3 3 1
6 2 1
7 1 1
2 4 0
2 3 0
3 4 0
3 2 1
2 2 0
3 1 0
4 6 0
3 7 1
4 7 1
5 6 0
5 7 1
2 7 0
3 6 1
2 6 1
6 6 1
1 7 1
7 6 1
0 0 0
board #60 26
4 5 0
4 3 1
5 3 1
3 4 0
3 3 0
4 2 1
3 2 0
3 1 0
4 6 1
3 6 1
2 6 1
5 5 0
5 6 0
4 7 1
5 7 1
6 6 0
6 7 1
7 6 0
7 7 1
1 7 1
0 0 0
board #61 22
4 5 0
4 3 0
5 2 0
4 6 0
5 1 1
6 1 0
4 7 0
0 0 1
board #62 9
4 3 1
5 3 0
5 2 1
6 2 0
6 1 1
7 1 1
3 4 0
3 3 0
3 2 0
3 1 1
4 1 0
4 5 1
3 5 1
2 5 0
2 6 1
1 6 0
1 7 0
0 0 0
board #63 19
4 3 0
4 5 0
5 2 0
4 6 1
3 6 0
2 7 1
3 7 1
1 7 0
2 6 1
1 6 0
2 5 0
3 4 1
3 5 1
2 4 1
5 5 1
1 4 1
6 4 0
6 5 1
7 4 0
7 5 1
0 0 0
board #64 22
4 5 0
4 3 1
5 3 0
5 2 1
6 2 1
3 4 0
3 3 1
2 4 0
2 3 1
7 1 0
7 2 1
1 3 0
1 4 1
0 0 0
board #65 15
4 5 1
3 5 0
3 6 1
2 6 1
5 4 1
1 6 1
6 4 0
6 3 1
7 3 1
0 0 1
board #66 11
4 3 1
5 3 0
5 2 0
4 5 1
3 5 1
5 4 0
5 5 1
6 4 1
2 5 0
2 6 1
1 6 0
1 7 1
7 4 1
0 0 1
board #67 15
4 3 1
5 3 0
5 2 0
4 5 1
3 5 1
5 5 1
2 5 0
2 6 0
3 4 1
2 4 1
6 4 0
6 5 1
1 4 0
1 5 0
2 3 0
1 7 1
2 7 1
3 6 0
3 7 0
3 2 1
2 2 0
3 1 0
0 0 1
board #68 24
4 3 0
4 5 0
4 2 1
5 2 0
5 1 0
4 6 1
3 6 0
2 7 0
0 0 0
board #69 10
4 3 1
5 3 1
3 3 1
6 3 1
2 3 0
2 4 1
1 4 0
1 5 0
1 6 0
1 7 0
3 2 0
3 1 1
4 1 1
4 2 0
5 1 0
0 0 1
board #70 17
4 5 1
3 5 1
5 4 1
2 5 0
2 6 1
1 6 0
1 7 0
3 4 1
2 4 0
3 3 0
4 2 0
4 1 1
5 1 1
3 1 1
5 2 1
2 2 0
2 1 0
2 3 1
3 2 1
1 4 1
6 2 0
4 3 1
6 4 0
6 3 1
7 2 0
7 3 0
6 1 1
7 1 1
0 0 0
board #71 30
4 3 0
4 5 1
3 5 0
3 6 1
2 6 0
2 7 0
4 2 1
5 2 1
3 3 1
6 2 0
5 3 1
6 3 1
2 4 1
7 3 1
1 4 0
1 5 0
2 3 0
1 6 1
2 5 1
0 0 1
board #72 21
4 5 1
3 5 1
5 4 0
5 5 1
6 4 0
6 5 1
2 5 0
2 6 0
3 4 0
1 7 1
2 7 0
4 2 1
5 2 0
5 1 1
6 1 1
7 1 0
6 2 1
7 2 1
3 3 0
3 2 1
2 3 0
2 2 0
2 1 0
0 0 1
board #73 25
4 5 0
4 3 0
4 2 0
4 6 0
4 1 1
5 1 1
3 2 0
3 1 1
6 1 1
7 1 1
2 2 1
1 2 0
1 3 1
0 0 1
board #74 15
4 5 1
3 5 0
3 6 0
4 3 1
5 3 1
3 3 1
6 3 0
6 2 1
7 1 1
2 3 0
2 4 0
3 2 0
2 5 0
4 1 0
2 7 1
3 7 0
0 0 1
board #75 18
4 5 1
3 5 0
3 6 1
2 6 1
5 4 1
1 6 1
6 4 1
7 4 1
0 0 0
board #76 10
4 5 1
3 5 1
5 5 0
5 4 0
4 6 0
4 3 1
6 2 0
5 3 0
6 1 1
7 1 1
5 2 1
3 4 1
2 4 1
1 4 0
1 5 0
1 6 1
2 5 1
0 0 1
board #77 19
4 3 0
4 5 0
4 2 1
5 2 0
4 6 1
3 6 0
3 7 0
5 1 0
0 0 1
board #78 10
4 5 1
3 5 0
3 6 0
4 3 1
5 3 1
3 3 0
3 4 0
4 2 1
3 2 1
2 3 1
6 3 1
1 3 1
7 2 0
7 3 1
0 0 1
board #79 16
4 3 1
5 3 1
6 3 1
3 3 1
2 3 1
7 2 0
7 3 1
1 3 0
1 4 1
0 0 0
board #80 11
4 5 0
4 3 1
5 3 0
5 2 1
6 2 0
6 1 1
7 1 1
3 4 0
3 3 0
3 2 1
4 2 0
4 1 1
5 1 1
2 3 0
2 2 0
2 1 0
4 6 1
3 6 1
2 6 1
5 5 1
1 6 0
1 7 1
6 5 1
7 4 0
7 5 1
0 0 0
board #81 27
4 5 1
3 5 0
3 6 0
4 3 1
5 3 0
5 2 0
5 1 1
6 1 1
7 1 1
4 2 0
4 1 0
2 7 1
3 7 0
0 0 0
board #82 15
4 5 0
4 3 1
5 3 1
3 4 1
6 3 1
2 4 0
2 5 1
1 5 0
1 6 1
7 2 0
7 3 1
0 0 0
board #83 13
4 5 0
4 3 0
4 6 0
4 2 1
5 2 1
3 3 0
3 2 0
3 1 0
4 7 0
0 0 1
board #84 11
4 3 0
4 5 0
4 6 0
4 2 0
4 7 0
4 1 1
5 1 1
6 1 0
5 2 1
6 2 1
3 2 1
2 3 0
2 2 0
3 3 1
2 4 0
3 4 1
2 5 1
1 5 1
7 1 1
0 0 0
board #85 21
4 5 1
3 5 0
3 6 1
2 6 1
5 4 0
5 5 0
4 6 0
3 7 1
4 7 1
5 6 1
6 5 0
6 6 1
7 5 0
7 6 1
1 7 1
0 0 1
board #86 17
4 5 0
4 3 0
4 2 1
5 2 0
6 1 0
4 6 0
3 7 1
4 7 0
0 0 0
board #87 10
4 5 0
4 3 1
5 3 0
5 2 1
6 2 1
3 4 0
3 3 1
2 4 1
7 1 0
7 2 1
1 5 1
0 0 1
board #88 13
4 3 1
5 3 1
3 3 1
6 3 1
2 4 0
2 3 0
3 2 0
2 5 0
2 6 1
3 5 1
1 7 1
3 4 1
7 2 0
7 3 1
0 0 0
board #89 16
4 5 0
4 3 0
4 2 1
5 2 0
5 1 0
4 6 1
3 6 1
5 5 0
5 6 0
5 7 0
0 0 1
board #90 12
4 5 0
4 3 0
4 6 0
4 2 1
5 2 0
6 1 0
3 7 1
4 7 1
2 7 1
5 6 0
5 7 0
0 0 0
board #91 13
4 3 1
5 3 0
5 2 0
4 5 1
3 5 1
5 5 0
5 4 0
4 6 0
5 1 1
6 1 1
7 1 1
4 2 1
3 4 1
2 4 1
1 5 1
0 0 0
board #92 17
4 5 0
4 3 1
5 3 0
5 2 0
3 6 0
5 1 0
2 7 0
0 0 0
board #93 9
4 3 1
5 3 1
3 3 1
6 3 0
6 2 1
7 1 0
7 2 1
2 3 1
1 3 1
0 0 1
board #94 11
4 3 0
4 5 1
3 5 1
5 4 0
5 5 1
6 4 0
6 5 1
2 5 0
2 6 1
1 7 1
7 4 1
0 0 0
board #95 13
4 5 1
3 5 1
5 4 1
2 5 1
6 4 1
1 6 1
7 3 1
0 0 0
board #96 9
4 3 0
4 5 0
4 6 0
4 2 1
5 2 0
5 1 1
6 1 0
3 7 1
4 7 0
0 0 0
board #97 11
4 5 1
3 5 0
3 6 1
2 6 1
5 5 1
1 6 1
6 5 0
6 4 0
5 6 0
5 4 1
6 3 1
7 2 0
7 3 0
7 1 1
6 2 0
6 1 1
5 2 0
5 1 1
4 2 0
4 1 1
3 2 0
3 1 0
4 7 1
5 7 0
0 0 1
board #98 26
4 5 1
3 5 1
5 4 1
2 5 1
6 4 1
1 5 0
1 6 0
1 7 1
2 6 0
2 7 0
2 4 0
3 3 1
2 3 0
3 2 0
4 1 0
0 0 0
board #99 17
4 3 0
4 5 1
3 5 1
5 4 1
2 5 0
2 6 1
1 6 1
6 4 0
6 3 0
6 5 0
6 2 1
5 3 0
6 6 1
5 6 0
5 7 0
4 2 1
5 2 0
6 1 0
0 0 1
board #100 20
4 3 0
4 5 1
3 5 0
3 6 0
4 2 1
5 2 1
6 2 0
5 3 0
6 1 1
7 1 0
2 7 1
3 7 0
0 0 1
board #101 14
4 5 1
3 5 1
5 4 1
2 5 0
2 6 0
3 4 1
2 4 0
3 3 1
2 3 1
1 3 0
1 4 1
6 4 0
6 3 1
7 3 1
0 0 1
board #102 16
4 3 0
4 5 0
4 2 0
4 6 1
3 6 1
2 6 0
3 5 1
2 5 1
5 5 1
6 4 0
6 5 0
5 4 1
6 3 1
7 3 1
1 5 0
1 6 0
2 4 0
1 7 0
3 3 1
3 4 0
4 1 0
0 0 0
board #103 23
4 3 0
4 5 1
3 5 1
5 4 0
5 5 0
4 6 1
5 6 1
6 5 1
2 5 1
7 4 0
7 5 0
6 4 0
6 6 1
7 6 0
6 7 1
7 7 1
1 5 0
1 6 0
1 7 0
2 4 0
3 3 1
3 4 1
2 3 1
1 3 1
0 0 1
board #104 26
4 3 1
5 3 0
5 2 1
6 2 0
6 1 0
4 5 1
3 5 0
3 6 1
2 6 0
2 7 0
0 0 0
board #105 12
4 3 1
5 3 1
3 4 1
6 3 0
6 2 1
7 1 1
2 4 1
1 5 1
0 0 1
board #106 10
4 5 1
3 5 0
3 6 0
4 3 0
4 2 1
5 2 1
3 3 1
6 2 1
7 1 1
2 4 0
2 3 0
2 2 0
2 5 1
3 4 0
2 1 0
2 7 1
3 7 1
4 6 1
1 7 1
5 4 0
5 5 0
5 6 1
6 5 1
7 4 0
7 5 1
0 0 0
board #107 27
4 3 1
5 3 1
3 4 1
6 3 0
6 2 0
5 4 0
6 1 0
5 5 1
4 5 0
4 6 1
3 6 1
2 6 1
6 5 1
7 4 0
7 5 1
1 6 0
1 7 1
0 0 1
board #108 19
4 3 1
5 3 1
3 4 1
6 3 0
6 2 1
7 2 1
2 4 1
1 4 1
0 0 1
board #109 10
4 5 1
3 5 1
5 4 0
5 5 1
6 4 1
2 5 0
2 6 0
3 4 0
2 7 0
3 3 0
3 2 1
4 2 0
4 1 1
5 1 1
6 1 0
5 2 0
0 0 0
board #110 18
4 5 0
4 3 1
5 3 0
5 2 1
6 2 1
3 4 0
3 3 1
2 4 1
7 1 1
1 5 1
0 0 1
board #111 12
4 5 0
4 3 0
4 6 1
3 6 1
5 5 1
2 6 0
3 5 1
2 5 1
6 4 1
1 5 1
7 3 0
7 4 0
6 3 1
7 2 0
7 1 1
6 2 1
0 0 1
board #112 18
4 5 0
4 3 0
4 2 1
5 2 1
3 3 0
3 2 1
2 3 0
2 2 0
2 1 1
3 1 1
1 1 1
6 2 0
5 3 0
6 1 1
7 1 0
4 6 0
3 7 1
4 7 1
2 7 0
3 6 1
2 6 1
5 6 0
5 7 1
6 6 1
1 7 1
7 5 0
7 6 0
6 5 1
7 4 0
6 4 0
7 7 0
5 4 1
5 5 1
6 3 0
0 0 1
board #113 36
4 3 0
4 5 0
4 2 0
4 6 1
3 6 0
3 7 0
4 1 0
0 0 1
board #114 9
4 5 0
4 3 0
4 2 0
4 6 0
5 1 0
3 7 1
4 7 1
5 6 1
2 7 0
3 6 0
0 0 0
board #115 12
4 5 1
3 5 0
3 6 1
2 6 1
5 4 0
5 5 0
5 6 1
4 6 1
6 5 1
1 6 0
1 7 1
7 4 0
7 5 0
6 4 1
7 3 1
0 0 0
board #116 17
4 3 1
5 3 0
5 2 1
6 2 1
3 4 1
7 1 1
2 5 1
1 5 0
1 6 1
0 0 1
board #117 11
4 3 0
4 5 0
4 2 1
5 2 0
5 1 1
6 1 1
7 1 0
6 2 1
7 2 1
3 3 1
2 4 0
2 3 0
3 4 1
2 5 1
1 5 1
0 0 1
board #118 17
4 5 1
3 5 0
3 6 1
2 6 0
1 7 1
2 7 0
4 3 0
4 2 1
5 2 1
6 2 1
3 3 0
3 2 0
3 1 1
4 1 0
0 0 1
board #119 16
4 5 0
4 3 1
5 3 0
5 2 0
4 6 1
3 6 0
2 7 0
5 1 1
6 1 1
7 1 1
4 2 0
4 1 1
3 2 0
3 1 0
0 0 1
board #120 16
4 5 1
3 5 0
3 6 1
2 6 0
2 7 0
4 3 1
5 3 1
3 3 0
3 4 0
4 2 1
3 2 1
2 3 0
2 2 0
2 1 0
0 0 0
board #121 16
4 3 1
5 3 0
5 2 1
6 2 1
3 4 0
3 3 1
2 4 1
7 2 1
1 4 0
1 5 0
2 5 0
2 3 1
1 3 0
2 2 1
1 2 0
2 1 0
2 6 1
3 6 0
4 5 1
3 5 0
2 7 0
0 0 1
board #122 23
4 5 1
3 5 0
3 6 0
4 3 0
4 2 0
3 7 0
5 1 0
0 0 1
board #123 9
4 3 0
4 5 0
4 2 1
5 2 1
3 3 0
3 2 0
4 1 0
4 6 0
3 7 1
4 7 1
2 7 1
1 7 1
5 6 1
6 5 1
7 5 1
0 0 0
board #124 17
4 5 0
4 3 1
5 3 1
3 4 1
6 3 0
6 2 0
5 4 1
6 4 0
5 5 0
6 1 1
7 1 0
3 6 0
2 7 1
3 7 0
0 0 1
board #125 16
4 3 1
5 3 0
5 2 1
6 2 1
3 4 0
3 3 0
3 2 1
4 2 0
4 1 1
5 1 0
4 5 0
4 6 0
3 7 1
4 7 0
0 0 0
board #126 16
4 3 1
5 3 1
3 3 1
6 3 0
6 2 1
7 2 1
2 3 1
1 3 0
1 4 0
2 2 0
1 5 1
2 4 0
2 5 0
2 6 1
3 5 1
3 4 1
1 6 0
1 7 1
0 0 1
board #127 20
4 5 1
3 5 0
3 6 1
2 6 1
5 5 1
1 6 0
1 7 0
2 5 1
1 5 0
2 4 1
1 4 1
6 5 0
6 4 0
5 6 0
6 3 0
6 2 1
7 1 0
7 2 1
5 3 0
5 2 0
5 1 0
4 7 1
5 7 1
6 6 1
3 7 1
7 5 0
7 6 1
0 0 1
board #128 29
4 3 1
5 3 1
3 3 1
6 3 0
6 2 0
5 4 1
6 4 0
5 5 0
6 1 1
7 1 1
5 2 0
5 1 1
4 2 0
4 1 0
4 6 0
3 7 1
4 7 1
3 6 1
5 6 1
6 6 1
7 5 1
2 6 0
4 5 0
3 5 1
2 5 0
3 4 1
2 3 1
1 4 1
0 0 0
board #129 30
4 3 0
4 5 0
4 6 0
4 2 0
4 1 1
5 1 0
4 7 0
0 0 1
board #130 9
4 3 1
5 3 0
5 2 1
6 2 1
3 4 0
3 3 1
2 4 0
2 3 0
3 2 1
2 2 0
2 1 1
3 1 0
4 5 1
2 6 0
2 5 0
2 7 0
0 0 1
board #131 18
4 3 1
5 3 1
3 4 0
3 3 1
2 4 0
2 3 1
6 3 0
6 2 1
7 1 1
1 3 0
1 4 1
0 0 0
board #132 13
4 5 1
3 5 0
3 6 0
4 3 1
5 3 0
5 2 0
6 1 0
2 7 0
0 0 0
board #133 10
4 3 0
4 5 1
3 5 1
5 4 0
5 5 0
4 6 0
4 2 0
4 1 1
5 1 1
6 1 1
7 1 1
3 2 1
2 3 1
1 4 1
0 0 0
board #134 16
4 5 1
3 5 1
5 5 1
2 5 1
6 5 0
6 4 1
7 3 0
7 4 0
7 2 1
6 3 1
1 5 1
0 0 1
board #135 13
4 3 0
4 5 0
4 2 1
5 2 1
3 3 1
6 2 1
7 1 0
7 2 1
2 3 1
1 3 0
1 4 0
2 2 0
2 4 0
3 4 1
2 5 0
2 6 1
3 5 0
2 1 0
4 6 0
3 7 0
0 0 0
board #136 22
4 3 0
4 5 1
3 5 1
5 4 1
2 5 0
2 6 0
3 4 0
1 7 1
2 7 1
3 6 0
3 7 1
4 6 1
6 4 0
6 3 0
5 6 0
6 5 1
5 5 0
6 2 1
5 3 0
4 7 1
5 7 1
6 6 0
6 7 0
4 2 0
4 1 1
5 1 0
0 0 0
board #137 28
4 5 0
4 3 0
4 6 0
5 2 0
6 1 0
4 7 0
0 0 0
board #138 8
4 3 0
4 5 1
3 5 1
5 4 0
5 5 1
6 4 1
2 5 1
1 5 0
1 6 1
7 4 1
0 0 0
board #139 12
4 5 0
4 3 1
5 3 0
5 2 0
4 6 0
5 1 1
6 1 0
3 7 1
4 7 1
2 7 1
5 6 0
5 7 1
6 6 1
1 7 1
7 5 1
0 0 0
board #140 17
4 3 1
5 3 1
6 3 0
6 2 0
5 4 0
6 1 0
5 5 1
4 5 0
4 6 0
3 7 1
4 7 1
5 6 1
2 7 1
1 7 0
2 6 0
3 5 0
0 0 1
board #141 18
4 3 1
