9 8 1
10 8 0
10 7 1
11 7 0
11 6 0
9 10 1
8 10 0
8 11 1
7 11 0
7 12 1
6 12 0
6 13 1
5 13 1
4 13 0
5 12 0
4 14 0
4 15 0
4 16 0
11 5 0
11 4 1
12 4 0
12 3 1
13 3 1
10 5 0
10 4 0
10 3 0
11 2 0
3 17 0
11 1 1
12 1 0
0 0 1
board #1 32
9 10 0
9 8 1
10 8 0
10 7 0
10 6 0
10 5 1
11 5 1
9 6 1
12 5 0
11 6 0
12 4 1
13 4 0
13 3 1
14 3 1
15 3 1
16 3 1
8 7 1
7 8 0
7 7 1
6 8 0
6 7 1
5 8 1
17 2 1
4 9 1
3 10 1
2 10 0
2 11 0
3 11 0
2 9 1
3 9 0
3 8 0
4 7 1
3 7 0
4 6 0
3 12 0
5 5 1
4 5 1
5 6 0
6 5 0
6 4 1
7 4 0
7 3 1
8 3 0
3 13 1
4 12 0
8 2 0
4 13 0
4 14 1
5 13 0
5 14 1
3 14 1
6 13 0
6 14 0
5 15 1
6 15 1
7 14 1
8 13 0
7 13 1
7 12 1
2 13 1
7 11 1
8 9 0
7 10 0
6 11 0
8 14 1
9 14 1
10 13 1
11 12 1
12 11 0
12 12 1
13 11 0
13 12 1
14 11 1
1 13 1
15 10 0
15 11 1
16 10 1
17 9 0
17 10 0
16 9 1
17 8 1
0 0 1
board #2 83
9 10 0
9 8 1
10 8 0
10 7 0
9 11 1
8 11 0
8 12 1
7 12 1
10 10 1
6 12 1
5 12 1
11 9 0
11 10 0
11 11 1
10 11 1
12 10 1
4 12 0
4 13 1
3 13 1
13 9 0
13 10 0
12 9 0
13 11 1
12 11 0
11 12 0
10 9 0
11 13 1
10 13 1
10 12 1
12 12 0
12 13 1
13 12 1
14 10 0
14 12 1
15 11 1
16 10 0
16 11 0
15 10 0
15 12 0
14 13 1
15 13 1
16 13 1
17 12 0
17 13 1
2 14 1
1 14 0
1 15 1
0 0 1
board #3 49
10 8 0
8 11 1
9 11 1
7 11 0
8 10 0
7 12 0
7 13 1
6 13 1
8 12 1
5 13 1
4 13 0
4 14 0
5 12 1
4 12 0
5 11 1
4 11 1
3 12 1
10 11 0
10 10 1
11 10 1
12 10 0
12 9 1
13 9 0
13 8 0
12 8 1
13 7 1
14 7 1
15 7 1
2 13 0
2 12 1
1 12 0
1 13 1
16 6 0
16 7 0
15 8 0
16 5 0
16 4 1
15 5 1
17 3 0
17 4 0
17 2 1
16 3 1
14 6 1
0 0 0
board #4 45
10 8 1
9 8 1
8 9 1
11 8 0
11 7 1
12 7 1
13 7 0
13 6 0
12 8 1
13 8 0
12 9 0
13 5 0
13 4 0
11 10 1
12 10 0
11 11 0
13 3 1
14 3 1
12 4 0
12 3 1
11 4 0
11 3 1
10 4 1
15 3 1
16 3 0
16 2 1
17 1 1
10 5 0
9 5 1
9 6 0
8 6 0
8 5 1
7 6 0
7 5 1
6 6 1
5 7 1
4 8 0
4 7 0
5 8 0
4 6 0
6 7 1
6 8 0
7 7 0
4 5 0
4 4 0
4 3 0
5 2 1
4 2 0
4 1 1
5 1 1
3 2 0
3 1 0
11 12 1
10 12 1
10 11 1
12 12 1
13 11 0
13 12 0
12 13 0
12 11 1
13 10 1
14 10 0
14 9 1
15 9 1
11 9 1
6 10 0
6 9 0
6 11 0
6 12 0
6 13 1
5 13 1
7 12 0
7 13 0
7 14 1
6 14 1
8 13 1
4 13 0
4 14 1
3 14 0
3 15 1
2 15 0
2 16 1
1 16 0
1 17 0
5 12 1
4 12 0
5 11 1
4 11 1
3 12 1
2 12 0
2 13 1
1 13 0
1 14 1
9 12 1
16 9 0
16 8 0
15 10 1
16 10 1
17 9 0
17 10 1
0 0 1
board #5 102
5 13 1
9 11 0
9 10 1
8 10 1
10 10 1
11 10 0
11 9 0
10 11 1
11 11 0
10 12 0
10 9 1
11 8 0
11 7 0
11 6 0
9 13 0
11 5 0
11 4 1
12 4 1
10 5 0
10 4 0
11 3 0
8 14 1
9 14 0
8 15 1
9 15 1
10 14 0
10 15 0
9 16 0
12 2 0
8 17 0
12 1 0
0 0 0
board #6 33
9 10 1
8 10 0
8 11 1
7 11 1
10 9 1
6 11 0
6 12 1
5 12 0
5 13 1
