3 4 0
3 5 1
2 5 1
4 4 0
4 5 1
5 4 0
5 5 1
6 4 0
6 5 0
5 6 1
6 6 0
3 2 1
4 2 1
5 2 1
2 3 1
6 1 0
6 2 1
1 3 0
1 4 1
0 0 0
board #1 21
3 4 1
2 4 1
4 4 1
5 4 0
5 3 1
6 2 0
6 3 0
6 1 1
5 2 0
5 1 1
4 2 1
4 3 0
3 2 0
4 5 1
5 5 0
4 6 1
5 6 0
3 1 1
4 1 1
2 2 1
1 2 0
1 3 0
2 3 1
1 4 1
0 0 1
board #2 26
3 4 0
3 5 1
2 5 0
2 6 0
3 2 1
4 2 0
4 1 0
0 0 1
board #3 9
3 4 0
3 5 0
4 2 0
4 1 1
5 1 1
6 1 1
3 2 1
2 3 1
1 3 0
1 4 1
0 0 1
board #4 12
3 4 0
3 5 0
3 2 1
4 2 0
4 1 1
5 1 1
6 1 0
5 2 1
6 2 1
2 3 0
2 2 1
1 2 0
1 3 1
0 0 1
board #5 15
3 4 0
3 5 0
3 2 1
4 2 0
4 1 1
5 1 1
6 1 0
5 2 1
6 2 1
2 3 1
1 3 0
1 4 0
2 4 1
1 5 1
0 0 1
board #6 16
3 4 0
3 5 0
3 2 1
4 2 0
4 1 0
2 6 1
3 6 1
1 6 1
4 5 1
5 4 0
5 5 0
4 4 0
5 6 0
0 0 0
board #7 15
3 4 1
2 4 0
2 5 0
1 6 1
2 6 0
3 2 1
4 2 1
2 2 0
2 3 0
2 1 1
3 1 1
1 1 0
1 2 1
5 2 1
6 1 0
6 2 1
0 0 1
board #8 18
3 4 0
3 5 1
2 5 0
1 6 1
2 6 1
4 4 1
5 4 0
5 3 1
6 2 1
0 0 0
board #9 11
3 4 0
3 5 1
2 5 0
1 6 1
2 6 1
4 4 0
4 5 1
5 4 0
5 5 0
4 6 1
5 6 0
3 2 0
3 1 1
4 1 0
0 0 0
board #10 16
3 4 0
3 5 0
4 2 1
3 2 1
5 2 0
4 3 0
5 1 0
2 6 1
3 6 1
1 6 1
4 5 0
4 6 1
5 5 0
5 6 0
0 0 1
board #11 16
3 4 1
2 4 1
4 4 0
4 3 0
3 5 1
4 5 1
5 4 0
5 5 1
6 4 0
6 5 1
1 5 1
0 0 0
board #12 13
3 4 0
3 5 0
3 2 0
2 6 0
4 1 0
0 0 1
board #13 7
3 4 1
2 4 1
4 4 0
4 3 1
5 3 0
5 2 1
6 1 1
1 5 1
0 0 0
board #14 10
3 4 1
2 4 1
4 4 0
4 3 0
3 5 0
3 2 0
2 6 1
3 6 0
3 1 0
0 0 1
board #15 11
3 4 1
2 4 0
2 5 0
2 6 0
3 2 0
3 1 1
4 1 1
5 1 1
2 2 1
6 1 1
1 2 1
0 0 1
board #16 13
3 4 0
3 5 1
2 5 1
4 4 1
1 6 1
5 4 0
5 3 1
6 2 1
0 0 1
board #17 10
3 4 1
2 4 0
2 5 1
1 5 0
1 6 1
4 4 1
5 3 0
5 4 0
4 5 1
5 5 0
5 2 0
5 6 0
6 1 0
0 0 0
board #18 15
3 4 1
2 4 0
2 5 0
1 6 1
2 6 0
3 2 1
4 2 0
4 1 1
5 1 1
6 1 0
5 2 1
6 2 1
2 2 0
2 3 1
1 4 1
0 0 0
board #19 17
3 4 0
3 5 1
2 5 0
1 6 0
3 2 1
4 2 0
5 1 0
0 0 1
board #20 9
3 4 1
2 4 0
2 5 1
1 5 0
1 6 0
3 2 1
4 2 0
4 1 1
5 1 1
6 1 1
2 2 0
2 3 0
2 1 1
3 1 1
1 2 1
0 0 0
board #21 17
3 4 1
2 4 0
2 5 1
1 5 0
1 6 1
4 4 0
4 3 0
4 5 1
3 5 1
5 4 0
5 5 0
4 6 1
5 6 0
3 2 1
4 2 1
5 2 0
5 1 1
6 1 1
2 2 0
2 3 0
3 1 0
0 0 0
board #22 23
3 4 0
3 5 1
2 5 1
4 4 0
4 5 1
5 4 0
5 5 0
5 6 0
3 2 1
4 2 1
5 2 1
2 3 0
2 2 0
3 1 0
0 0 1
board #23 16
3 4 0
3 5 1
2 5 0
1 6 0
3 2 1
4 2 1
5 2 0
4 3 0
5 1 0
0 0 1
board #24 11
3 4 1
2 4 1
4 4 0
4 3 1
5 3 0
5 2 1
6 1 0
6 2 0
4 5 0
3 6 1
4 6 0
0 0 0
board #25 13
3 4 0
3 5 0
3 2 1
4 2 0
4 1 1
5 1 0
2 6 1
3 6 0
0 0 0
board #26 10
3 4 0
3 5 1
2 5 0
1 6 1
2 6 1
4 4 0
4 5 0
3 6 0
3 2 0
3 1 1
4 1 0
0 0 0
board #27 13
3 4 1
2 4 0
2 5 1
1 6 1
4 4 0
4 3 1
5 3 1
6 2 0
6 3 0
6 1 0
5 4 0
5 5 1
4 5 1
3 5 1
6 4 0
6 5 0
6 6 0
0 0 0
board #28 19
3 4 0
3 5 0
3 2 1
4 2 1
5 2 1
2 3 1
6 1 1
1 3 0
1 4 1
0 0 1
board #29 11
3 4 0
3 5 0
3 2 1
4 2 0
5 1 0
2 6 1
3 6 0
0 0 1
board #30 9
3 4 1
2 4 0
2 5 0
1 6 0
3 2 1
4 2 0
4 1 1
5 1 0
0 0 0
board #31 10
3 4 1
2 4 1
4 4 1
5 3 1
1 5 1
6 2 0
6 3 1
0 0 1
board #32 9
3 4 1
2 4 1
4 4 1
5 4 1
1 5 1
6 3 1
0 0 1
board #33 8
3 4 1
2 4 0
2 5 1
1 5 1
4 3 0
4 4 0
4 5 1
3 5 1
5 4 1
6 3 0
6 4 0
5 3 0
5 5 1
6 5 0
5 6 1
6 6 1
0 0 0
board #34 18
3 4 0
3 5 0
3 2 1
4 2 0
4 1 0
2 6 0
0 0 0
board #35 8
3 4 1
2 4 0
2 5 0
1 6 0
3 2 0
3 1 1
4 1 1
5 1 1
2 2 1
6 1 1
1 2 0
1 3 0
2 1 0
1 4 1
2 3 1
0 0 1
board #36 17
2 5 0
3 4 1
2 4 1
4 4 0
4 3 0
3 5 1
4 5 1
5 4 1
1 4 0
1 5 1
6 4 1
0 0 0
board #37 13
3 4 0
3 5 1
2 5 1
4 4 0
4 5 1
5 4 0
5 5 1
6 4 0
6 5 1
1 5 1
0 0 1
board #38 12
3 4 0
3 5 0
3 2 0
2 6 1
3 6 1
1 6 1
4 5 0
4 6 1
5 5 1
6 4 0
6 5 1
0 0 0
board #39 13
3 4 1
2 4 0
2 5 0
1 6 1
2 6 1
3 5 1
4 5 0
4 4 0
4 3 1
5 3 1
6 2 1
0 0 0
board #40 13
3 4 1
2 4 1
4 4 1
5 4 0
5 3 1
6 2 1
1 5 1
0 0 0
board #41 9
3 4 0
3 5 0
3 2 1
4 2 1
5 2 1
2 3 0
2 2 0
3 1 0
2 6 0
0 0 0
board #42 11
3 4 1
2 4 0
2 5 1
1 5 0
1 6 1
4 4 1
5 4 1
6 4 1
0 0 0
board #43 10
3 4 0
3 5 0
3 2 0
2 6 1
3 6 1
1 6 0
2 5 0
3 1 1
4 1 1
5 1 1
2 2 0
2 1 1
6 1 0
5 2 1
6 2 1
1 1 0
1 2 0
0 0 1
board #44 19
3 4 0
3 5 1
2 5 1
4 4 1
1 5 0
1 6 0
2 4 0
3 2 0
3 1 1
4 1 0
0 0 0
board #45 12
3 4 0
3 5 1
2 5 0
1 6 1
2 6 1
4 4 0
4 5 1
5 4 0
5 5 1
6 4 0
6 5 0
5 6 0
3 2 0
4 1 0
0 0 0
board #46 16
3 4 0
3 5 0
3 2 1
4 2 1
5 2 1
2 3 0
2 2 0
2 1 1
3 1 1
1 1 0
1 2 1
6 2 1
0 0 0
board #47 14
3 4 1
2 4 1
4 4 1
5 4 0
5 3 0
4 5 1
5 5 1
6 4 0
6 5 0
5 6 0
5 2 1
4 3 1
6 2 1
1 4 1
0 0 0
board #48 16
3 4 0
3 5 0
3 2 1
4 2 0
4 1 1
5 1 1
6 1 0
5 2 1
6 2 0
5 3 0
4 4 0
2 6 1
3 6 1
1 6 1
4 5 1
5 4 1
6 4 1
0 0 1
board #49 19
3 4 1
2 4 0
2 5 0
1 6 1
2 6 0
3 2 1
4 2 0
4 1 1
5 1 1
6 1 1
2 2 0
2 3 1
1 3 1
0 0 0
board #50 15
3 4 0
3 5 1
2 5 0
1 6 1
2 6 0
3 2 0
4 1 0
0 0 1
board #51 9
3 4 1
2 4 1
4 4 1
5 4 0
5 3 0
4 5 1
5 5 0
5 2 0
4 6 0
5 1 0
0 0 1
board #52 12
3 4 1
2 4 1
4 4 0
4 3 1
5 3 1
6 2 0
6 3 1
1 4 1
0 0 1
board #53 10
3 4 0
3 5 0
3 2 0
2 6 1
3 6 0
3 1 1
4 1 1
5 1 0
4 2 1
5 2 1
2 2 0
2 1 0
0 0 0
board #54 14
2 5 0
3 4 0
3 2 0
1 6 1
2 6 1
3 5 0
3 6 1
4 5 0
4 6 1
5 5 0
5 6 1
6 5 0
6 6 0
3 1 1
4 1 0
0 0 0
board #55 17
3 4 1
2 4 1
4 4 0
4 3 0
3 5 1
4 5 1
5 4 0
5 5 1
6 4 1
1 5 1
0 0 0
board #56 12
3 4 1
2 4 0
2 5 0
2 6 0
3 2 1
4 2 0
4 1 1
5 1 1
6 1 1
2 2 0
2 3 0
2 1 1
3 1 1
1 1 0
1 2 0
0 0 0
board #57 17
2 5 1
3 5 0
3 4 1
4 4 0
4 3 0
3 6 0
3 2 1
4 2 1
5 2 1
2 3 0
2 2 1
1 2 1
6 1 0
6 2 0
5 3 0
0 0 0
board #58 17
3 4 0
3 5 0
3 2 0
2 6 0
3 1 0
0 0 0
board #59 7
3 4 0
3 5 0
3 2 0
2 6 0
3 1 1
4 1 0
0 0 0
board #60 8
3 4 0
3 5 1
2 5 0
2 6 0
3 2 1
4 2 1
5 2 0
4 3 0
6 1 0
0 0 0
board #61 11
3 4 1
2 4 1
4 4 1
5 4 0
5 3 1
6 3 1
1 4 0
1 5 1
0 0 1
board #62 10
3 4 1
2 4 1
4 4 0
4 3 1
5 3 0
5 2 1
6 2 1
1 5 1
0 0 1
board #63 10
2 5 0
3 4 1
2 4 1
4 4 0
4 3 1
5 3 0
5 2 1
6 1 0
6 2 1
1 4 0
1 5 0
2 3 0
2 6 0
2 2 0
2 1 0
0 0 0
board #64 17
3 4 1
2 4 1
4 4 1
5 4 0
5 3 0
4 5 0
5 2 0
6 1 0
3 6 1
4 6 0
0 0 1
board #65 12
3 4 1
2 4 1
4 4 0
4 3 0
3 5 1
4 5 0
3 6 1
4 6 0
3 2 0
3 1 0
0 0 1
board #66 12
3 4 1
2 4 1
4 4 0
4 3 0
3 5 1
4 5 1
5 4 0
5 5 1
6 4 0
6 5 0
6 6 0
3 2 0
3 1 1
4 1 0
0 0 1
board #67 16
3 4 1
2 4 0
2 5 0
1 6 0
3 2 0
3 1 1
4 1 1
5 1 0
4 2 0
0 0 1
board #68 11
2 5 1
3 5 1
4 5 0
4 4 1
5 4 0
5 3 0
5 2 0
4 6 0
5 1 1
6 1 1
4 2 0
4 1 0
0 0 0
board #69 14
3 4 0
3 5 0
3 2 1
4 2 0
4 1 1
5 1 0
2 6 1
3 6 0
0 0 0
board #70 10
3 4 0
3 5 1
2 5 1
4 4 1
1 6 1
5 4 1
6 4 1
0 0 1
board #71 9
3 4 0
3 5 1
2 5 0
1 6 1
2 6 1
4 4 1
5 4 0
5 3 0
5 5 0
5 2 0
4 6 1
5 6 1
6 5 1
3 6 0
4 5 1
0 0 0
board #72 17
2 5 1
3 5 0
3 4 1
4 4 1
1 5 0
1 6 1
5 4 1
6 3 0
6 4 1
0 0 0
board #73 11
3 4 0
3 5 1
2 5 1
4 4 1
1 6 1
5 4 0
5 3 0
5 5 1
4 5 1
6 4 0
6 5 0
5 6 1
6 6 0
5 2 1
4 3 1
6 1 0
6 2 1
0 0 1
board #74 19
3 4 0
3 5 1
2 5 0
1 6 1
2 6 0
3 2 1
4 2 1
5 2 0
4 3 1
5 3 1
2 3 1
6 2 0
6 3 1
1 3 1
0 0 0
board #75 16
3 4 1
2 4 1
4 4 0
4 3 1
5 3 0
5 2 1
6 2 1
1 4 0
1 5 1
0 0 0
board #76 11
3 4 1
2 4 1
4 4 0
4 3 0
3 5 1
4 5 0
3 6 0
3 2 1
4 2 0
4 1 1
5 1 1
6 1 0
5 2 1
6 2 0
5 3 0
0 0 0
board #77 17
3 4 1
2 4 0
2 5 0
1 6 1
2 6 1
3 5 1
4 5 1
5 4 0
5 5 0
5 3 0
5 2 0
4 6 1
5 6 0
6 1 0
0 0 0
board #78 16
3 4 1
2 4 1
4 4 0
4 3 1
5 3 0
5 2 0
3 5 1
4 5 1
5 5 1
6 4 0
6 5 1
1 4 0
1 5 0
1 6 1
2 5 1
0 0 1
board #79 17
3 4 0
3 5 0
3 2 1
4 2 0
4 1 0
2 6 1
3 6 1
1 6 0
2 5 1
1 5 0
2 4 1
1 4 0
2 3 0
0 0 1
board #80 15
3 4 1
2 4 0
2 5 0
2 6 0
3 2 0
4 1 0
0 0 0
board #81 8
3 4 0
3 5 0
4 2 0
3 6 0
5 1 0
0 0 0
board #82 7
3 4 0
3 5 0
3 2 0
2 6 1
3 6 1
1 6 1
4 5 0
4 6 0
3 1 1
4 1 0
0 0 1
board #83 12
3 4 0
3 5 1
2 5 0
1 6 1
2 6 0
3 2 1
4 2 0
4 1 1
5 1 0
0 0 0
board #84 11
3 4 0
3 5 1
2 5 0
2 6 0
3 2 0
3 1 1
4 1 0
0 0 0
board #85 9
3 4 0
3 5 0
3 2 0
2 6 1
3 6 1
1 6 0
2 5 0
4 1 0
0 0 1
board #86 10
3 4 0
3 5 0
3 2 1
4 2 1
5 2 1
2 3 0
2 2 0
2 1 1
3 1 1
1 1 0
1 2 1
6 1 0
6 2 0
5 3 0
4 3 1
4 4 0
2 6 1
3 6 1
1 6 0
2 5 1
1 5 0
2 4 0
0 0 1
board #87 24
3 4 0
3 5 1
2 5 1
4 4 1
1 5 0
1 6 1
5 3 1
6 2 1
0 0 0
board #88 10
3 4 0
3 5 1
2 5 0
1 6 0
3 2 0
3 1 1
4 1 0
0 0 0
board #89 9
3 4 0
3 5 1
2 5 0
1 6 1
2 6 1
4 4 0
4 5 1
5 4 1
6 3 0
6 4 1
0 0 1
board #90 12
3 4 0
3 5 1
2 5 0
1 6 0
3 2 1
4 2 0
4 1 0
0 0 1
board #91 9
2 5 1
3 5 0
3 4 0
3 2 1
4 2 1
2 3 0
2 2 1
5 2 0
4 3 0
5 1 1
6 1 0
2 6 0
0 0 1
board #92 14
3 4 1
2 4 1
4 4 0
4 3 0
3 5 0
3 2 1
4 2 1
5 2 0
5 1 0
2 6 1
3 6 1
1 6 0
2 5 1
4 5 1
5 4 0
5 5 0
4 6 0
0 0 1
board #93 19
3 4 0
3 5 0
3 2 1
4 2 0
4 1 1
5 1 1
6 1 1
2 3 0
2 2 1
1 2 1
0 0 1
board #94 12
3 4 1
2 4 1
4 4 1
5 4 1
1 4 0
1 5 1
6 3 0
6 4 0
5 5 0
6 2 0
6 1 1
5 2 0
5 1 1
4 2 0
4 1 1
3 2 1
2 3 0
2 2 0
2 1 0
5 6 0
0 0 0
board #95 22
3 4 0
3 5 0
3 2 1
4 2 1
2 3 0
2 2 0
2 1 1
3 1 0
2 6 1
3 6 0
0 0 0
board #96 12
2 5 0
3 4 1
2 4 0
1 6 0
4 2 0
5 1 0
0 0 0
board #97 8
3 4 1
2 4 0
2 5 0
1 6 0
3 2 1
4 2 1
5 2 1
2 3 1
1 3 0
1 4 0
1 2 1
2 2 1
6 1 0
6 2 0
5 3 1
6 3 1
0 0 0
board #98 18
3 4 1
2 4 0
2 5 0
1 6 0
3 2 0
3 1 1
4 1 0
0 0 1
board #99 9
3 4 0
3 5 1
2 5 1
4 4 0
4 5 0
3 6 1
4 6 0
3 2 0
3 1 0
0 0 0
board #100 11
3 4 1
2 4 0
2 5 0
3 2 1
4 2 0
1 6 1
2 6 0
4 1 1
5 1 1
6 1 0
5 2 1
6 2 0
5 3 0
4 3 0
0 0 1
board #101 16
3 4 0
3 5 0
3 2 0
2 6 0
3 1 1
4 1 1
5 1 1
2 2 0
2 1 0
0 0 1
board #102 11
3 4 1
2 4 0
2 5 1
1 5 0
1 6 0
3 2 1
4 2 0
4 1 1
5 1 0
0 0 1
board #103 11
3 4 0
3 5 1
2 5 0
1 6 1
2 6 0
3 2 1
4 2 0
5 1 0
0 0 1
board #104 10
3 4 0
3 5 0
3 2 0
2 6 0
3 1 0
0 0 1
board #105 7
3 4 0
3 5 1
2 5 1
4 4 0
4 5 0
3 6 0
3 2 0
4 1 0
0 0 0
board #106 10
3 4 1
2 4 1
4 4 0
4 3 1
5 3 0
5 2 1
6 2 1
1 4 0
1 5 1
0 0 1
board #107 11
3 4 0
3 5 0
3 2 0
2 6 1
3 6 0
3 1 1
4 1 1
5 1 0
4 2 1
5 2 0
4 3 0
0 0 0
board #108 13
3 4 1
2 4 0
2 5 1
1 5 0
1 6 1
4 4 1
5 4 0
5 3 0
4 5 0
5 2 1
4 3 0
4 2 0
3 6 0
4 1 1
5 1 0
0 0 0
board #109 17
3 4 0
3 5 1
2 5 0
1 6 0
3 2 1
4 2 0
4 1 0
0 0 0
board #110 9
3 4 1
2 4 1
4 4 0
4 3 1
5 3 0
5 2 1
6 2 1
1 5 1
0 0 0
board #111 10
2 5 0
3 4 1
2 4 1
4 4 0
4 3 1
5 3 1
1 4 0
1 5 0
2 3 0
2 6 0
4 2 1
2 2 1
3 2 1
1 2 1
6 2 0
6 3 1
0 0 0
board #112 18
2 5 1
3 5 1
4 5 0
4 4 0
3 6 1
4 6 1
5 5 1
1 5 0
1 6 0
2 4 0
3 2 0
3 1 0
0 0 0
board #113 14
2 5 1
3 5 1
4 5 1
1 6 1
5 4 1
6 3 0
6 4 0
5 3 0
6 5 0
5 6 1
6 6 0
5 2 1
4 3 1
6 1 0
6 2 0
0 0 0
board #114 17
3 4 1
2 4 1
4 4 1
5 4 0
5 3 0
4 5 1
5 5 1
6 4 1
1 4 0
1 5 1
0 0 1
board #115 12
3 4 0
3 5 1
2 5 0
2 6 0
3 2 0
3 1 1
4 1 1
5 1 0
4 2 0
0 0 0
board #116 11
3 4 0
3 5 1
2 5 0
1 6 0
3 2 1
4 2 1
5 2 1
2 3 1
6 1 0
6 2 1
1 4 1
0 0 1
board #117 13
3 4 0
3 5 1
2 5 0
1 6 1
2 6 0
4 2 0
4 1 0
0 0 1
board #118 9
3 4 0
3 5 1
2 5 0
1 6 1
2 6 1
4 4 0
4 5 1
5 4 1
6 4 1
0 0 0
board #119 11
3 4 0
3 5 1
2 5 1
4 4 1
1 5 0
1 6 1
5 4 0
5 3 0
5 5 1
4 5 1
6 4 0
6 5 0
5 6 1
6 6 0
5 2 0
6 1 0
0 0 1
board #120 18
3 4 0
3 5 0
3 2 1
4 2 0
4 1 1
5 1 1
6 1 1
2 3 0
2 2 1
1 2 0
1 3 0
1 1 0
2 6 1
3 6 1
1 6 1
4 5 0
4 6 1
5 5 0
5 6 0
0 0 0
board #121 21
2 5 0
3 4 0
3 2 0
2 6 0
3 1 0
0 0 0
board #122 7
2 5 0
2 4 0
1 6 1
2 6 1
3 5 0
3 6 0
3 2 1
4 2 0
5 1 0
0 0 0
board #123 11
3 4 1
2 4 1
4 4 0
4 3 1
5 3 1
1 4 0
1 5 1
6 2 0
6 3 1
0 0 0
board #124 11
3 4 1
2 4 0
2 5 1
1 6 1
4 3 1
5 3 0
5 2 1
6 1 0
6 2 1
0 0 1
board #125 11
3 4 1
2 4 0
2 5 0
1 6 1
2 6 1
3 5 0
3 6 1
4 5 0
4 6 0
3 2 0
3 1 1
4 1 0
0 0 0
board #126 14
3 4 0
3 5 1
2 5 1
4 4 0
4 5 0
4 6 0
3 2 1
4 2 0
5 1 0
0 0 1
board #127 11
3 4 0
3 5 0
3 2 0
3 6 0
3 1 1
4 1 0
0 0 0
board #128 8
3 4 1
2 4 1
4 4 1
5 4 1
1 4 0
1 5 0
1 6 1
2 5 0
2 6 1
3 5 1
6 4 1
0 0 1
board #129 13
3 4 1
2 4 1
4 4 1
5 4 0
5 3 0
4 5 0
5 2 1
4 3 0
3 2 0
3 1 1
4 1 1
2 2 1
6 1 0
6 2 1
5 1 1
1 2 0
1 3 0
2 3 1
1 4 1
0 0 0
board #130 21
3 4 1
2 4 1
4 4 0
4 3 0
3 5 1
4 5 1
5 4 1
6 3 0
6 4 1
1 4 0
1 5 1
0 0 1
board #131 13
3 4 0
3 5 1
2 5 0
1 6 1
2 6 0
4 2 1
3 2 0
4 1 0
0 0 0
board #132 10
3 4 0
3 5 1
2 5 0
1 6 1
2 6 1
4 4 0
4 5 1
5 4 1
6 3 0
6 4 1
0 0 0
board #133 12
3 4 0
3 5 0
4 2 0
2 6 1
3 6 0
4 1 1
5 1 0
0 0 0
board #134 9
2 5 1
3 5 0
3 4 1
4 4 1
1 6 1
5 4 0
5 3 1
6 2 0
6 3 0
6 1 0
4 5 1
5 5 0
4 6 1
5 6 0
0 0 0
board #135 16
3 4 1
2 4 1
4 4 1
5 4 1
1 4 0
1 5 1
6 3 0
6 4 1
0 0 0
board #136 10
2 5 1
3 5 0
3 4 0
3 2 0
3 6 0
3 1 1
4 1 0
0 0 1
board #137 9
3 4 1
2 4 1
4 4 1
5 4 0
5 3 0
4 5 0
5 2 1
4 3 1
6 2 1
1 4 0
1 5 0
1 6 1
2 5 0
2 3 1
1 3 0
2 6 1
3 5 0
2 2 1
1 2 1
0 0 1
board #138 21
3 4 1
2 4 1
4 4 0
4 3 0
3 5 0
3 2 1
4 2 0
4 1 0
2 6 0
0 0 1
board #139 11
3 4 1
2 4 0
2 5 0
1 6 0
3 2 1
4 2 1
2 2 0
2 3 0
2 1 1
3 1 0
0 0 0
board #140 12
2 5 0
3 2 1
4 2 0
2 4 0
4 1 1
5 1 1
6 1 0
5 2 1
6 2 1
2 3 1
1 4 1
0 0 0
board #141 13
3 4 0
3 5 1
2 5 1
4 4 1
1 5 0
1 6 1
5 4 0
5 3 0
5 5 1
4 5 1
6 4 1
0 0 0
board #142 13
3 4 1
2 4 0
2 5 0
1 6 1
2 6 0
3 2 1
4 2 0
5 1 0
0 0 0
board #143 10
3 4 1
2 4 1
4 4 0
4 3 1
5 3 0
5 2 1
6 1 0
6 2 0
3 5 1
4 5 1
5 5 0
5 4 0
4 6 1
5 6 1
6 5 0
6 6 0
0 0 1
board #144 18
3 4 0
3 5 1
2 5 0
1 6 1
2 6 1
4 4 1
5 4 1
6 4 1
0 0 1
board #145 10
3 4 0
3 5 1
2 5 0
1 6 1
2 6 0
3 2 0
3 1 1
4 1 0
0 0 1
board #146 10
3 4 1
2 4 0
2 5 0
3 2 1
4 2 1
5 2 0
4 3 1
5 3 1
2 2 0
2 3 0
2 1 1
3 1 0
1 6 1
2 6 1
3 5 1
6 3 1
0 0 1
board #147 18
3 4 0
3 5 0
3 2 1
4 2 0
4 1 1
5 1 1
6 1 1
2 3 1
1 4 1
0 0 0
board #148 11
3 4 1
2 4 1
4 4 1
5 4 0
5 3 0
4 5 1
5 5 1
6 4 1
1 4 0
1 5 1
0 0 0
board #149 12
3 4 0
3 5 1
2 5 1
4 4 0
4 5 0
3 6 0
3 2 0
3 1 1
4 1 0
0 0 0
board #150 11
3 4 1
2 4 0
2 5 0
1 6 1
2 6 0
3 2 0
3 1 1
4 1 0
0 0 1
board #151 10
3 4 0
3 5 0
3 2 0
3 6 0
4 1 0
0 0 1
board #152 7
3 4 1
2 4 0
2 5 1
1 5 1
4 4 0
4 3 0
4 5 0
3 6 1
4 6 0
3 2 1
4 2 0
5 1 0
0 0 0
board #153 14
3 4 0
3 5 0
3 2 0
2 6 0
4 1 0
0 0 1
board #154 7
2 5 1
3 5 1
4 5 1
1 6 1
5 4 1
6 3 1
0 0 1
board #155 8
3 4 1
2 4 1
4 4 1
5 4 1
1 4 0
1 5 1
6 4 1
0 0 1
board #156 9
3 4 0
3 5 0
4 2 1
3 2 1
5 2 0
4 3 1
5 3 1
2 3 0
2 2 1
1 2 0
1 3 0
1 1 1
2 1 0
2 6 1
3 6 1
1 6 1
4 5 1
5 4 1
6 3 1
0 0 1
board #157 21
3 4 1
2 4 0
2 5 1
1 5 0
1 6 1
4 4 1
5 4 1
6 3 1
0 0 1
board #158 10
3 4 0
3 5 1
2 5 0
1 6 1
2 6 1
4 5 1
5 4 1
6 3 0
6 4 1
0 0 0
board #159 11
3 4 1
2 4 1
4 4 0
4 3 1
5 3 0
5 2 1
6 1 0
6 2 1
1 4 1
0 0 0
board #160 11
2 5 0
3 4 1
2 4 0
1 6 0
3 2 0
3 1 1
4 1 1
5 1 1
2 2 1
6 1 1
1 2 0
1 3 1
0 0 1
board #161 14
3 4 0
3 5 1
2 5 0
1 6 1
2 6 0
3 2 0
3 1 0
0 0 0
board #162 9
3 4 1
2 4 0
2 5 1
1 6 1
4 4 0
4 3 0
4 5 1
3 5 1
5 4 1
6 3 0
6 4 0
5 3 1
6 2 0
6 1 1
5 2 0
5 5 1
6 5 1
0 0 1
board #163 19
3 4 1
2 4 1
4 4 0
4 3 0
3 5 0
3 2 0
3 6 0
4 1 0
0 0 1
board #164 10
3 4 0
3 5 1
2 5 1
4 4 0
4 5 1
5 4 0
5 5 0
4 6 1
5 6 0
3 2 0
4 1 0
0 0 0
board #165 13
3 4 0
3 5 0
3 2 0
2 6 1
3 6 1
1 6 0
2 5 0
3 1 1
4 1 1
5 1 1
2 2 1
6 1 0
5 2 1
6 2 1
1 3 1
0 0 1
board #166 17
3 4 0
3 5 0
3 2 0
2 6 0
3 1 0
0 0 1
board #167 7
3 4 0
3 5 0
3 2 1
4 2 1
5 2 1
2 3 1
6 1 1
1 3 1
0 0 0
board #168 10
3 4 1
2 4 1
4 4 0
4 3 0
3 5 1
4 5 0
3 6 1
4 6 1
5 5 0
5 6 1
6 6 1
1 5 1
0 0 1
board #169 14
3 4 0
3 5 1
2 5 0
1 6 1
2 6 0
3 2 1
4 2 1
5 2 1
2 3 1
6 1 0
6 2 1
1 3 1
0 0 1
board #170 14
3 4 0
3 5 0
3 2 0
3 6 0
4 1 0
0 0 1
board #171 7
3 4 0
3 5 1
2 5 1
4 5 1
1 6 1
5 4 1
6 3 0
6 4 1
0 0 1
board #172 10
3 4 0
3 5 0
3 2 1
4 2 1
5 2 0
4 3 0
5 1 1
6 1 1
2 3 0
2 2 1
1 2 0
1 3 0
1 1 0
2 6 1
3 6 1
1 6 1
4 5 0
4 6 1
5 5 1
6 4 0
6 5 0
5 4 0
5 6 1
6 6 0
0 0 1
board #173 26
3 4 0
3 5 1
2 5 0
1 6 1
2 6 0
3 2 1
4 2 1
5 2 1
2 3 0
2 2 1
1 2 0
1 3 1
6 1 0
6 2 1
0 0 1
board #174 16
3 4 0
3 5 1
2 5 1
4 4 0
4 5 1
5 4 0
5 5 0
4 6 1
5 6 0
4 2 0
4 1 0
0 0 0
board #175 13
2 5 0
2 4 0
3 2 1
4 2 1
5 2 0
4 3 1
5 3 1
2 3 1
1 3 0
1 4 0
2 2 1
1 2 1
6 2 0
6 3 1
0 0 0
board #176 16
3 4 0
3 5 0
3 2 1
4 2 0
4 1 0
2 6 0
0 0 0
board #177 8
3 4 1
2 4 0
2 5 1
1 5 1
4 4 1
5 4 1
6 4 1
0 0 0
board #178 9
3 4 1
2 4 1
4 4 0
4 3 0
3 5 1
4 5 0
4 6 0
3 2 0
3 1 1
4 1 0
0 0 0
board #179 12
3 4 0
3 5 1
2 5 0
1 6 0
3 2 0
3 1 1
4 1 1
5 1 1
2 2 1
6 1 0
5 2 0
4 2 0
0 0 1
board #180 14
3 4 1
2 4 0
2 5 0
1 6 0
4 2 1
3 2 0
4 1 0
0 0 0
board #181 9
3 4 0
3 5 1
2 5 1
4 4 0
4 5 1
5 4 0
5 5 1
6 4 0
6 5 0
5 6 1
6 6 1
1 5 1
0 0 0
board #182 14
3 4 1
2 4 0
2 5 1
1 5 0
1 6 0
3 2 1
4 2 1
5 2 1
2 2 0
2 3 0
2 1 1
3 1 0
0 0 0
board #183 14
3 4 0
3 5 1
2 5 0
1 6 1
2 6 0
3 2 1
4 2 1
5 2 0
4 3 1
2 3 0
2 2 1
5 3 0
4 4 1
5 4 0
5 1 1
6 1 1
1 3 1
0 0 1
board #184 19
3 4 0
3 5 1
2 5 0
1 6 1
2 6 1
4 4 1
5 4 0
5 3 0
5 5 0
5 2 1
4 3 0
4 6 1
5 6 1
6 5 1
3 6 0
4 5 0
3 2 1
4 2 0
4 1 1
5 1 1
6 2 1
2 3 1
1 3 0
1 4 0
2 2 0
2 4 0
3 1 0
0 0 1
board #185 29
2 5 1
3 5 0
3 4 1
4 4 0
4 3 0
2 6 0
3 2 0
3 1 0
0 0 1
board #186 10
3 4 0
3 5 1
2 5 0
1 6 1
2 6 0
3 2 1
4 2 0
5 1 0
0 0 0
board #187 10
3 4 1
2 4 1
4 4 1
5 3 1
1 4 0
1 5 0
1 6 1
2 5 1
6 3 1
0 0 1
board #188 11
3 4 1
2 4 0
2 5 0
1 6 1
2 6 0
3 2 1
4 2 1
2 2 1
5 2 0
4 3 0
5 1 1
6 1 1
1 2 1
0 0 1
board #189 15
3 4 0
3 5 0
3 2 1
4 2 1
5 2 1
2 3 0
2 2 0
2 1 1
3 1 0
2 6 0
0 0 0
board #190 12
3 4 0
3 5 0
3 2 0
3 6 0
3 1 1
4 1 0
0 0 1
board #191 8
3 4 0
3 5 1
2 5 0
2 6 0
3 2 1
4 2 0
4 1 0
0 0 1
board #192 9
3 4 1
2 4 1
4 4 1
5 3 1
1 5 1
6 2 0
6 3 1
0 0 1
board #193 9
3 4 1
2 4 0
2 5 1
1 5 0
1 6 1
4 4 0
4 3 1
5 3 0
5 2 1
6 2 1
0 0 1
board #194 12
3 4 0
3 5 0
3 2 0
2 6 1
3 6 0
3 1 1
4 1 0
0 0 0
board #195 9
3 4 1
2 4 0
2 5 1
1 5 0
1 6 0
3 2 0
3 1 1
4 1 0
0 0 0
board #196 10
2 5 0
2 4 0
3 2 0
1 6 1
2 6 1
3 5 1
4 5 1
5 4 0
5 5 0
4 4 0
5 6 0
4 3 0
4 1 0
0 0 0
board #197 15
3 4 0
3 5 1
2 5 1
4 5 1
1 6 1
5 4 1
6 3 0
6 4 0
6 5 1
5 5 1
0 0 1
board #198 12
3 4 0
3 5 1
2 5 1
4 4 0
4 5 1
5 4 0
5 5 0
4 6 1
5 6 0
3 2 0
4 1 0
0 0 0
board #199 13
3 4 1
2 4 1
4 4 1
5 4 0
5 3 0
4 5 0
5 2 0
5 1 0
3 6 0
0 0 0
board #200 11
3 4 1
2 4 0
2 5 0
1 6 0
3 2 0
4 1 0
0 0 1
board #201 8
3 4 1
2 4 0
2 5 1
1 5 0
1 6 0
4 2 0
5 1 0
0 0 0
board #202 9
3 4 1
2 4 0
2 5 0
2 6 0
3 2 1
4 2 0
4 1 0
0 0 0
board #203 9
3 4 1
2 4 1
4 4 0
4 3 0
3 5 1
4 5 0
3 6 1
4 6 0
3 2 1
4 2 0
4 1 1
5 1 0
0 0 0
board #204 14
3 4 0
3 5 0
3 2 0
2 6 0
3 1 0
0 0 0
board #205 7
3 4 1
2 4 0
2 5 0
2 6 0
3 2 1
4 2 1
5 2 0
4 3 1
2 2 1
5 3 1
1 2 0
1 3 0
2 3 0
1 1 0
0 0 1
board #206 16
3 4 1
2 4 0
2 5 1
1 6 1
4 4 1
5 4 0
5 3 1
6 2 0
6 3 1
0 0 1
board #207 11
3 4 0
3 5 0
3 2 1
4 2 0
4 1 1
5 1 0
2 6 1
3 6 1
1 6 0
2 5 0
0 0 0
board #208 12
3 4 1
2 4 1
4 4 0
4 3 1
5 3 0
5 2 0
3 5 1
4 5 1
5 5 0
5 4 0
4 6 1
5 6 1
6 5 1
1 5 1
0 0 0
board #209 16
3 4 0
3 5 1
2 5 0
2 6 0
4 2 1
3 2 1
2 3 0
2 2 0
2 1 1
3 1 0
0 0 1
board #210 12
2 5 1
3 5 1
4 5 0
4 4 0
4 3 0
3 6 1
4 6 1
5 5 1
1 6 1
6 4 0
6 5 1
0 0 1
board #211 13
3 4 0
3 5 0
4 2 0
2 6 1
3 6 1
1 6 1
4 5 1
5 5 1
6 4 1
0 0 0
board #212 11
3 4 1
2 4 0
2 5 1
1 5 0
1 6 0
3 2 0
3 1 1
4 1 0
0 0 0
board #213 10
3 4 1
2 4 0
2 5 0
1 6 1
2 6 0
3 2 0
3 1 1
4 1 0
0 0 0
board #214 10
3 4 1
2 4 0
2 5 0
2 6 0
3 2 1
4 2 1
5 2 0
4 3 1
5 3 0
5 1 0
4 4 0
3 5 0
0 0 1
board #215 14
3 4 1
2 4 0
2 5 0
3 2 0
1 6 1
2 6 0
4 1 0
0 0 1
board #216 9
3 4 1
2 4 0
2 5 0
1 6 0
3 2 0
3 1 1
4 1 0
0 0 1
board #217 9
3 4 1
2 4 0
2 5 1
1 5 0
1 6 0
3 2 1
4 2 0
4 1 1
5 1 0
0 0 0
board #218 11
3 4 0
3 5 1
2 5 1
4 4 0
4 5 0
4 6 0
3 2 0
3 1 0
0 0 0
board #219 10
3 4 1
2 4 1
4 4 1
5 3 1
1 4 1
6 2 0
6 3 0
6 1 1
5 2 1
0 0 0
board #220 11
3 4 1
2 4 0
2 5 0
1 6 1
2 6 0
3 2 1
4 2 0
4 1 1
5 1 0
0 0 0
board #221 11
3 4 0
3 5 1
2 5 0
1 6 1
2 6 0
3 2 1
4 2 0
4 1 1
5 1 0
0 0 0
board #222 11
3 4 1
2 4 0
2 5 0
2 6 0
3 2 0
3 1 1
4 1 0
0 0 0
board #223 9
3 4 1
2 4 0
2 5 1
1 6 1
4 4 1
5 4 1
6 4 1
0 0 0
board #224 9
2 5 1
3 5 0
3 4 1
4 4 1
1 6 1
5 4 1
6 3 0
6 4 1
0 0 1
board #225 10
3 4 0
3 5 0
3 2 1
4 2 0
5 1 0
2 6 1
3 6 1
1 6 0
2 5 0
0 0 1
board #226 11
3 4 1
2 4 0
2 5 1
1 6 1
4 4 0
4 3 0
4 5 1
3 5 1
5 4 1
6 4 1
0 0 1
board #227 12
3 4 0
3 5 1
2 5 1
4 4 1
1 5 0
1 6 1
5 4 1
6 3 0
6 4 0
6 2 0
5 5 0
6 1 1
5 2 0
5 1 0
4 6 1
5 6 1
4 5 1
6 5 0
6 6 0
0 0 0
board #228 21
3 4 1
2 4 1
4 4 0
4 3 0
3 5 0
3 2 1
4 2 0
5 1 0
3 6 0
0 0 0
board #229 11
3 4 0
3 5 1
2 5 1
4 4 0
4 5 0
4 6 0
3 2 0
3 1 1
4 1 0
0 0 1
board #230 11
3 4 0
3 5 0
3 2 0
2 6 1
3 6 1
1 6 0
2 5 0
3 1 0
0 0 1
board #231 10
3 4 1
2 4 0
2 5 1
1 5 0
1 6 0
3 2 1
4 2 0
4 1 1
5 1 0
0 0 1
board #232 11
3 4 0
3 5 0
3 2 1
4 2 0
5 1 0
2 6 1
3 6 1
1 6 0
2 5 0
0 0 1
board #233 11
3 4 1
2 4 0
2 5 0
1 6 0
3 2 1
4 2 0
5 1 0
0 0 0
board #234 9
3 4 1
2 4 0
2 5 1
1 6 1
4 4 1
5 3 1
6 3 1
0 0 1
board #235 9
3 4 1
2 4 1
4 4 1
5 4 0
5 3 0
5 2 1
4 3 0
4 5 0
3 2 0
4 6 0
3 1 1
4 1 1
2 2 0
2 1 1
4 2 0
5 1 0
0 0 1
board #236 18
2 5 1
3 5 0
3 4 1
4 4 1
1 6 1
5 4 0
5 3 1
6 2 0
6 3 0
6 1 0
4 5 1
5 5 1
6 4 1
0 0 0
board #237 15
3 4 0
3 5 0
3 2 0
3 6 0
4 1 0
0 0 0
board #238 7
3 4 0
3 5 1
2 5 1
4 4 0
4 5 0
3 6 1
4 6 0
3 2 0
3 1 1
4 1 0
0 0 1
board #239 12
3 4 1
2 4 1
4 4 1
5 4 0
5 3 1
6 2 1
1 5 1
0 0 1
board #240 9
3 4 0
3 5 0
3 2 1
4 2 1
5 2 1
2 3 0
2 2 0
3 1 0
2 6 1
3 6 0
0 0 1
board #241 12
3 4 0
3 5 0
3 2 1
4 2 1
5 2 0
4 3 1
5 3 1
2 3 0
2 2 1
1 2 0
1 3 0
2 1 0
2 6 1
3 6 0
0 0 1
board #242 16
3 4 1
2 4 0
2 5 1
1 5 0
1 6 1
4 4 1
5 4 1
6 4 1
0 0 0
board #243 10
3 4 1
2 4 0
2 5 1
1 5 0
1 6 1
4 4 0
4 3 0
4 5 1
3 5 1
5 4 0
5 5 1
6 4 1
0 0 1
board #244 14
3 4 0
3 5 1
2 5 0
1 6 0
3 2 0
3 1 1
4 1 0
0 0 1
board #245 9
2 5 0
3 4 1
2 4 0
2 6 0
3 2 0
3 1 1
4 1 1
5 1 1
2 2 1
6 1 1
1 2 1
0 0 0
board #246 13
3 4 0
3 5 0
3 2 0
2 6 0
4 1 0
0 0 1
board #247 7
3 4 1
2 4 1
4 4 0
4 3 0
4 5 0
3 6 1
4 6 1
3 5 0
2 6 0
3 2 0
4 1 0
0 0 0
board #248 13
3 4 1
2 4 1
4 4 1
5 4 1
1 4 0
1 5 0
1 6 0
2 3 1
1 3 0
2 2 0
2 1 1
3 1 1
3 2 1
1 1 1
6 4 1
0 0 1
board #249 17
3 4 0
3 5 1
2 5 1
4 4 0
4 5 1
5 4 0
5 5 1
6 5 1
1 5 0
1 6 0
2 4 0
3 2 0
3 1 1
4 1 1
5 1 0
4 2 0
0 0 0
board #250 18
2 5 0
1 6 1
2 6 1
3 5 0
3 6 1
4 5 1
5 4 0
5 5 1
6 4 1
0 0 1
board #251 11
3 4 1
2 4 1
4 4 0
4 3 1
5 3 1
6 2 0
6 3 1
1 4 1
0 0 0
board #252 10
3 4 1
2 4 1
4 4 0
4 3 0
3 5 0
3 2 1
4 2 1
5 2 0
5 1 1
6 1 1
2 3 1
1 3 0
1 4 1
0 0 0
board #253 15
3 4 1
2 4 1
4 4 1
5 4 1
1 4 0
1 5 1
6 4 1
0 0 0
board #254 9
3 4 1
2 4 1
4 4 0
4 3 1
5 3 0
5 2 1
6 2 1
1 4 0
1 5 0
1 6 1
2 5 0
2 6 1
3 5 1
0 0 0
board #255 15
3 4 0
3 5 1
2 5 0
1 6 1
2 6 0
3 2 1
4 2 0
4 1 0
0 0 0
board #256 10
2 5 0
3 4 1
2 4 0
1 6 1
2 6 0
4 2 1
3 2 0
3 1 0
0 0 0
board #257 10
3 4 0
3 5 1
2 5 1
4 4 1
1 6 1
5 4 0
5 3 0
5 5 0
