3 4 1
2 4 0
2 5 1
1 5 0
1 6 0
3 2 1
4 2 0
4 1 1
5 1 0
0 0 1
board #1 11
3 4 0
3 5 0
3 2 0
3 6 0
3 1 1
4 1 1
5 1 1
2 2 0
2 1 0
0 0 0
board #2 11
3 4 0
3 5 1
2 5 1
4 4 0
4 5 0
3 6 0
3 2 1
4 2 0
5 1 0
0 0 0
board #3 11
3 4 1
2 4 0
2 5 1
1 6 1
4 4 0
4 3 0
4 5 0
3 6 0
3 2 0
3 1 1
4 1 0
0 0 0
board #4 13
3 4 0
3 5 0
3 2 1
4 2 0
4 1 0
2 6 1
3 6 1
1 6 0
2 5 1
1 5 0
2 4 0
0 0 1
board #5 13
3 4 0
3 5 0
3 2 1
4 2 0
4 1 1
5 1 1
6 1 1
2 3 0
2 2 1
1 2 0
1 3 1
0 0 1
board #6 13
3 4 0
3 5 1
2 5 1
4 4 1
1 5 0
1 6 1
5 4 0
5 3 1
6 3 1
0 0 1
board #7 11
2 5 1
3 5 1
4 4 1
1 5 1
5 4 1
6 3 1
0 0 0
board #8 8
3 4 1
2 4 1
4 4 1
5 4 1
1 4 0
1 5 0
1 6 0
2 3 0
4 2 1
2 2 0
2 1 0
0 0 0
board #9 13
3 4 1
2 4 0
2 5 1
1 5 0
1 6 0
4 2 0
5 1 0
0 0 0
board #10 9
3 4 0
3 5 1
2 5 0
1 6 1
2 6 1
4 4 0
4 5 0
3 6 1
4 6 1
5 5 0
5 6 1
6 5 0
6 6 0
3 2 1
4 2 0
4 1 0
0 0 1
board #11 18
3 4 0
3 5 0
3 2 1
4 2 0
5 1 0
2 6 1
3 6 1
1 6 1
4 5 1
5 4 0
5 5 1
6 4 1
0 0 0
board #12 14
3 4 1
2 4 1
4 4 1
5 4 0
5 3 0
4 5 1
5 5 0
5 2 1
4 3 1
6 1 1
1 4 0
1 5 1
0 0 0
board #13 14
3 4 0
3 5 0
3 2 1
4 2 0
4 1 0
2 6 1
3 6 0
0 0 1
board #14 9
3 4 0
3 5 1
2 5 0
1 6 1
2 6 1
4 4 1
5 4 1
6 3 1
0 0 1
board #15 10
3 4 1
2 4 1
4 4 0
4 3 0
3 5 1
4 5 0
3 6 1
4 6 0
3 2 0
3 1 0
0 0 1
board #16 12
3 4 0
3 5 1
2 5 1
4 4 1
1 5 0
1 6 1
5 4 0
5 3 1
6 2 0
6 3 0
6 1 0
5 5 0
4 6 0
0 0 1
board #17 15
3 4 1
2 4 0
2 5 1
1 5 0
1 6 1
4 4 0
4 3 1
5 3 1
6 3 1
0 0 1
board #18 11
3 4 0
3 5 0
3 2 1
4 2 0
4 1 1
5 1 1
6 1 0
5 2 0
2 6 0
0 0 1
board #19 11
3 4 1
2 4 0
2 5 1
1 5 1
4 4 0
4 3 1
5 3 0
5 2 0
4 5 1
3 5 1
5 5 0
5 4 1
6 3 1
0 0 0
board #20 15
3 4 1
2 4 0
2 5 1
1 6 1
4 4 0
4 3 1
5 3 1
6 2 0
6 3 1
0 0 0
board #21 11
3 4 1
2 4 1
4 4 0
4 3 1
5 3 0
5 2 0
3 5 1
4 5 1
5 5 0
5 4 1
6 3 0
6 4 1
1 5 1
0 0 1
board #22 15
3 4 1
2 4 1
4 4 1
5 4 1
1 4 0
1 5 0
1 6 1
2 5 0
2 6 1
3 5 0
3 6 1
4 5 0
4 6 0
2 3 1
1 3 1
6 4 1
0 0 0
board #23 18
3 4 1
2 4 1
4 4 1
5 4 0
5 3 0
4 5 1
5 5 0
5 2 0
4 6 1
5 6 1
6 5 0
6 6 1
1 4 0
1 5 0
1 6 0
2 3 0
4 2 1
4 3 1
2 2 1
3 2 1
1 2 0
1 3 0
1 1 1
2 1 0
0 0 0
board #24 26
3 4 0
3 5 1
2 5 0
1 6 1
2 6 0
3 2 1
4 2 0
5 1 0
0 0 0
board #25 10
3 4 0
3 5 0
3 2 1
4 2 1
5 2 1
2 3 0
2 2 1
1 2 1
6 1 0
6 2 1
0 0 0
board #26 12
3 4 1
2 4 1
4 4 0
4 3 0
3 5 1
4 5 1
5 4 0
5 5 1
6 5 1
1 4 0
1 5 0
1 6 0
2 3 1
1 3 0
2 2 1
1 2 0
1 1 0
0 0 1
board #27 19
3 4 0
3 5 1
2 5 0
1 6 0
3 2 1
4 2 0
4 1 0
0 0 1
board #28 9
3 4 1
2 4 1
4 4 1
5 4 0
5 3 1
6 2 0
6 3 0
6 1 0
4 5 0
4 6 0
0 0 1
board #29 12
3 4 1
2 4 1
4 4 0
4 3 1
5 3 0
5 2 0
3 5 1
4 5 0
5 1 1
6 1 1
4 2 1
1 5 1
0 0 1
board #30 14
3 4 0
3 5 0
3 2 1
4 2 0
4 1 0
2 6 0
0 0 1
board #31 8
2 5 0
3 4 1
2 4 0
3 2 1
4 2 1
5 2 1
2 2 1
6 1 0
6 2 0
5 3 1
6 3 1
1 3 1
0 0 1
board #32 14
3 4 1
2 4 1
4 4 1
5 4 0
5 3 0
4 5 0
5 2 1
4 3 1
6 1 0
6 2 0
3 6 1
4 6 0
0 0 1
board #33 14
3 4 0
3 5 1
2 5 1
4 4 1
1 5 0
1 6 1
5 4 0
5 3 0
5 5 1
4 5 1
6 4 0
6 5 0
5 6 1
6 6 1
0 0 1
board #34 16
2 5 1
3 5 1
4 5 0
4 4 1
5 4 0
5 3 0
5 2 1
4 3 1
6 1 1
1 5 0
1 6 1
0 0 0
board #35 13
2 5 1
3 5 1
4 5 0
4 4 0
4 3 0
4 6 0
3 2 1
4 2 0
4 1 0
0 0 1
board #36 11
3 4 1
2 4 0
2 5 0
1 6 1
2 6 0
3 2 1
4 2 1
5 2 0
4 3 0
5 1 1
6 1 1
2 2 0
2 3 0
2 1 1
3 1 0
0 0 1
board #37 17
3 4 0
3 5 0
3 2 0
3 6 0
3 1 0
0 0 1
board #38 7
3 4 0
3 5 1
2 5 1
4 4 1
1 6 1
5 4 1
6 3 0
6 4 0
6 2 1
5 3 1
0 0 1
board #39 12
3 4 1
2 4 0
2 5 1
1 6 1
4 4 1
5 4 1
6 3 0
6 4 1
0 0 1
board #40 10
3 4 1
2 4 0
2 5 0
1 6 0
3 2 1
4 2 0
4 1 0
0 0 0
board #41 9
3 4 1
2 4 0
2 5 0
1 6 0
3 2 1
4 2 1
5 2 1
2 2 1
1 3 1
6 1 0
6 2 0
5 3 0
4 3 1
4 4 0
3 5 0
0 0 1
board #42 17
3 4 0
3 5 1
2 5 1
4 4 1
1 5 1
5 4 0
5 3 1
6 3 1
0 0 1
board #43 10
3 4 0
3 5 0
3 2 0
3 6 0
4 1 0
0 0 1
board #44 7
3 4 0
3 5 0
3 2 0
3 6 0
3 1 1
4 1 1
5 1 0
4 2 0
0 0 1
board #45 10
2 5 1
3 5 1
4 5 1
1 5 0
1 6 0
2 4 1
1 4 1
5 5 0
5 4 0
5 3 1
4 4 1
6 2 1
0 0 1
board #46 14
3 4 1
2 4 0
2 5 1
1 5 0
1 6 1
4 4 1
5 4 1
6 3 1
0 0 0
board #47 10
3 4 1
2 4 0
2 5 1
1 6 1
4 4 0
4 3 0
4 5 0
3 6 1
4 6 1
5 5 0
5 6 0
3 2 1
4 2 1
5 2 0
5 1 1
6 1 1
2 2 0
2 3 1
1 3 0
1 4 1
0 0 1
board #48 22
3 4 0
3 5 1
2 5 0
1 6 1
2 6 0
3 2 0
3 1 1
4 1 0
0 0 1
board #49 10
3 4 1
2 4 0
2 5 1
1 5 0
1 6 1
4 4 1
5 4 0
5 3 1
6 2 1
0 0 1
board #50 11
3 4 1
2 4 1
4 4 1
5 4 1
1 4 1
6 4 1
0 0 0
board #51 8
3 4 1
2 4 1
4 4 1
5 4 0
5 3 1
6 3 1
1 4 1
0 0 0
board #52 9
3 4 1
2 4 1
4 4 1
5 4 0
5 3 0
4 5 0
5 2 0
5 1 0
3 6 0
0 0 0
board #53 11
2 5 0
3 4 1
2 4 1
4 4 1
1 5 1
5 4 1
6 3 0
6 4 0
6 2 1
5 3 0
5 2 0
5 5 1
6 5 1
0 0 1
board #54 15
3 4 1
2 4 1
4 4 1
5 3 1
1 5 1
6 2 1
0 0 1
board #55 8
3 4 0
3 5 0
3 2 1
4 2 1
5 2 1
2 3 0
2 2 1
1 2 1
6 1 0
6 2 0
5 3 0
4 4 0
2 6 1
3 6 1
1 6 0
2 5 0
0 0 0
board #56 18
3 4 1
2 4 1
4 4 0
4 3 1
5 3 0
5 2 1
6 1 1
1 4 0
1 5 1
0 0 0
board #57 11
3 4 1
2 4 0
2 5 1
1 5 0
1 6 1
4 4 0
4 3 0
4 5 0
3 6 1
4 6 1
5 5 1
3 5 1
6 5 1
0 0 0
board #58 15
3 4 0
3 5 0
3 2 0
2 6 1
3 6 0
3 1 1
4 1 1
5 1 1
6 1 1
2 2 1
1 2 0
1 3 1
0 0 0
board #59 14
3 4 0
3 5 1
2 5 1
4 4 1
1 5 1
5 4 1
6 3 1
0 0 1
board #60 9
3 4 1
2 4 1
4 4 0
4 3 0
3 5 1
4 5 1
5 4 0
5 5 0
5 6 0
3 2 0
3 1 1
4 1 0
0 0 0
board #61 14
3 4 1
2 4 1
4 4 0
4 3 0
3 5 1
4 5 0
3 6 0
3 2 1
4 2 0
4 1 1
5 1 1
6 1 0
5 2 1
6 2 0
5 3 1
6 3 0
5 4 1
6 4 1
2 3 1
1 3 0
1 4 0
1 5 1
0 0 1
board #62 24
3 4 1
2 4 0
2 5 1
1 5 1
4 4 1
5 4 0
5 3 1
6 3 1
0 0 0
board #63 10
3 4 0
3 5 1
2 5 1
4 4 1
1 5 1
5 4 0
5 3 1
6 2 0
6 3 0
6 1 0
4 5 1
5 5 1
6 4 0
6 5 0
5 6 0
0 0 0
board #64 17
3 4 0
3 5 0
3 2 0
2 6 1
3 6 0
4 1 0
0 0 1
board #65 8
3 4 0
3 5 1
2 5 1
4 4 1
1 5 0
1 6 1
5 3 1
6 2 0
6 3 1
0 0 1
board #66 11
2 5 0
3 4 0
1 6 1
2 6 0
3 2 1
4 2 1
5 2 0
4 3 0
5 1 0
0 0 0
board #67 11
3 4 1
2 4 1
4 4 1
5 4 1
1 4 1
6 3 1
0 0 0
board #68 8
2 5 1
3 5 1
4 5 0
4 4 1
5 4 0
5 3 1
6 2 0
6 3 0
6 1 0
3 6 0
0 0 1
board #69 12
3 4 1
2 4 1
4 4 1
5 4 1
1 5 1
6 3 0
6 4 0
5 5 0
6 2 1
5 3 1
0 0 0
board #70 12
3 4 1
2 4 1
4 4 0
4 3 1
5 3 1
6 3 1
1 4 0
1 5 0
1 6 0
2 3 0
4 2 0
4 1 0
0 0 0
board #71 14
3 4 0
3 5 1
2 5 0
1 6 0
3 2 1
4 2 0
4 1 1
5 1 0
0 0 1
board #72 10
3 4 0
3 5 1
2 5 0
1 6 1
2 6 1
4 4 0
4 5 1
5 4 1
6 3 0
6 4 1
0 0 0
board #73 12
3 4 1
2 4 0
2 5 1
1 5 0
1 6 0
3 2 1
4 2 0
4 1 1
5 1 1
6 1 0
5 2 1
6 2 0
5 3 1
6 3 0
5 4 0
4 5 1
5 5 0
4 6 0
0 0 0
board #74 20
3 4 0
3 5 1
2 5 1
4 4 1
1 5 0
1 6 1
5 3 0
5 4 1
6 4 1
0 0 0
board #75 11
3 4 0
3 5 1
2 5 1
4 4 0
4 5 1
5 4 1
1 5 0
1 6 1
6 3 0
6 4 0
5 3 1
6 2 0
6 1 1
5 2 1
0 0 0
board #76 16
3 4 0
3 5 1
2 5 1
4 4 1
1 5 0
1 6 0
2 4 0
4 2 0
4 1 1
5 1 0
0 0 1
board #77 12
3 4 0
3 5 1
2 5 0
1 6 1
2 6 0
3 2 0
4 1 0
0 0 0
board #78 9
2 5 1
3 5 1
4 5 0
4 4 1
5 4 1
1 6 1
6 3 1
0 0 0
board #79 9
3 4 1
2 4 1
4 4 1
5 4 0
5 3 0
4 5 1
5 5 1
6 4 0
6 5 1
1 4 1
0 0 1
board #80 12
3 4 1
2 4 0
2 5 1
1 5 0
1 6 0
3 2 1
4 2 1
5 2 0
4 3 0
5 1 0
0 0 0
board #81 12
3 4 0
3 5 1
2 5 0
1 6 1
2 6 1
4 4 0
4 5 0
3 6 1
4 6 0
3 2 0
3 1 0
0 0 1
board #82 13
3 4 0
3 5 0
3 2 1
4 2 1
5 2 1
2 3 1
6 1 0
6 2 0
5 3 0
4 3 1
4 4 1
5 4 1
6 4 1
1 4 1
0 0 1
board #83 16
3 4 1
2 4 1
4 4 0
4 3 0
3 5 1
4 5 0
4 6 0
3 2 1
4 2 0
4 1 1
5 1 1
6 1 1
2 3 0
2 2 0
2 1 0
0 0 0
board #84 17
3 4 1
2 4 0
2 5 0
2 6 0
3 2 1
4 2 1
5 2 0
4 3 0
5 1 1
6 1 1
2 2 0
2 3 0
2 1 0
0 0 1
board #85 15
3 4 0
3 5 1
2 5 1
4 4 0
4 5 0
3 6 1
4 6 1
5 5 0
5 6 0
4 2 0
5 1 0
0 0 1
board #86 13
3 4 0
3 5 1
2 5 1
4 4 1
1 5 0
1 6 1
5 4 0
5 3 1
6 2 1
0 0 1
board #87 11
3 4 0
3 5 0
3 2 1
4 2 1
5 2 1
2 3 0
2 2 1
1 3 1
6 1 1
0 0 1
board #88 11
3 4 1
2 4 1
4 3 1
5 3 1
1 4 0
1 5 0
1 6 1
2 5 0
2 6 1
3 5 1
6 2 1
0 0 1
board #89 13
3 4 0
3 5 1
2 5 0
1 6 1
2 6 0
3 2 1
4 2 1
2 3 0
2 2 1
5 2 0
4 3 1
5 3 1
1 2 1
6 2 0
6 3 0
5 4 1
6 4 0
5 5 1
6 5 0
6 1 0
5 6 0
0 0 1
board #90 23
3 4 1
2 4 1
4 4 0
4 3 0
3 5 0
3 2 1
4 2 0
5 1 0
2 6 1
3 6 1
1 6 0
2 5 0
0 0 0
board #91 14
3 4 1
2 4 0
2 5 1
1 6 1
4 4 0
4 3 0
4 5 1
3 5 1
5 4 1
6 4 1
0 0 0
board #92 12
3 4 0
3 5 1
2 5 1
4 4 0
4 5 1
5 4 1
1 5 0
1 6 0
2 4 0
3 2 0
3 1 0
0 0 1
board #93 13
3 4 0
3 5 1
2 5 1
4 4 1
1 5 1
5 4 1
6 3 0
6 4 0
6 2 1
5 3 1
0 0 0
board #94 12
3 4 0
3 5 1
2 5 0
1 6 1
2 6 1
4 4 1
5 4 0
5 3 1
6 2 0
6 3 1
0 0 1
board #95 12
3 4 0
3 5 0
3 2 1
4 2 1
5 2 1
2 3 0
2 2 1
1 3 1
6 1 1
0 0 0
board #96 11
3 4 1
2 4 0
2 5 1
1 6 1
4 4 1
5 3 1
6 2 1
0 0 1
board #97 9
3 4 1
2 4 0
2 5 1
1 6 1
4 4 1
5 4 1
6 3 1
0 0 1
board #98 9
3 4 0
3 5 1
2 5 0
2 6 0
3 2 0
4 1 0
0 0 0
board #99 8
3 4 0
3 5 1
2 5 1
4 4 1
1 5 0
1 6 1
5 4 0
5 3 1
6 3 1
0 0 0
board #100 11
3 4 0
3 5 0
3 2 1
4 2 1
5 2 1
2 3 1
6 2 1
1 3 0
1 4 1
0 0 0
board #101 11
3 4 0
3 5 1
2 5 0
2 6 0
3 2 1
4 2 1
5 2 0
4 3 1
5 3 1
2 3 1
6 2 0
6 3 0
5 4 1
6 4 1
1 3 0
1 4 0
2 2 0
2 4 0
2 1 0
0 0 0
board #102 21
3 4 0
3 5 0
3 2 0
3 6 0
4 1 0
0 0 1
board #103 7
3 4 0
3 5 1
2 5 0
1 6 1
2 6 1
4 4 1
5 4 0
5 3 1
6 2 0
6 3 1
0 0 0
board #104 12
3 4 1
2 4 1
4 4 1
5 4 0
5 3 0
4 5 1
5 5 1
6 5 1
1 4 1
0 0 0
board #105 11
3 4 0
3 5 0
3 2 1
4 2 0
4 1 1
5 1 1
6 1 1
2 3 1
1 3 1
0 0 0
board #106 11
3 4 0
3 5 1
2 5 0
2 6 0
3 2 1
4 2 0
4 1 0
0 0 0
board #107 9
3 4 1
2 4 0
2 5 1
1 5 1
4 4 0
4 3 0
3 5 1
4 5 0
4 6 0
3 2 0
4 1 0
0 0 1
board #108 13
3 4 1
2 4 0
2 5 0
1 6 1
2 6 1
3 5 0
3 6 0
3 2 1
4 2 0
5 1 0
0 0 1
board #109 12
3 4 0
3 5 0
3 2 1
4 2 0
5 1 0
2 6 0
0 0 1
board #110 8
3 4 0
3 5 1
2 5 0
1 6 1
2 6 1
4 4 1
5 4 1
6 3 0
6 4 0
6 2 0
5 5 1
6 5 1
0 0 1
board #111 14
3 4 1
2 4 0
2 5 0
2 6 0
4 2 0
4 1 1
5 1 0
0 0 0
board #112 9
3 4 1
2 4 1
4 4 0
4 3 0
3 5 0
3 6 0
3 2 1
4 2 1
5 2 0
5 1 0
0 0 0
board #113 12
3 4 0
3 5 0
3 2 1
4 2 0
4 1 1
5 1 1
6 1 0
5 2 1
6 2 1
2 3 0
2 2 0
2 1 0
2 6 1
3 6 1
1 6 1
4 5 0
4 6 1
5 5 0
5 6 1
6 5 1
0 0 0
board #114 22
3 4 0
3 5 0
3 2 1
4 2 1
5 2 0
4 3 1
5 3 0
4 4 1
5 4 0
4 5 0
5 1 1
6 1 0
3 6 0
0 0 0
board #115 15
3 4 0
3 5 0
3 2 0
2 6 1
3 6 0
4 1 0
0 0 0
board #116 8
3 4 0
3 5 0
3 2 0
2 6 1
3 6 0
4 1 0
0 0 0
board #117 8
3 4 0
3 5 1
2 5 0
1 6 0
3 2 1
4 2 0
4 1 0
0 0 1
board #118 9
3 4 1
2 4 0
2 5 0
1 6 1
2 6 0
3 2 0
3 1 0
0 0 1
board #119 9
3 4 1
2 4 1
4 4 0
4 3 0
3 5 1
4 5 1
5 4 0
5 5 0
5 6 0
3 2 0
3 1 1
4 1 0
0 0 0
board #120 14
3 4 1
2 4 1
4 4 1
5 4 1
1 5 1
6 4 1
0 0 1
board #121 8
3 4 1
2 4 0
2 5 0
1 6 1
2 6 0
3 2 1
4 2 1
5 2 1
2 2 1
6 2 1
1 3 1
0 0 1
board #122 13
3 4 0
3 5 1
2 5 1
4 5 1
1 6 1
5 4 1
6 3 0
6 4 0
5 3 0
5 5 1
6 5 1
0 0 0
board #123 13
3 4 1
2 4 0
2 5 1
1 6 1
4 4 0
4 3 0
4 5 1
3 5 0
2 6 1
3 6 1
5 4 1
6 3 0
6 4 0
5 3 0
5 5 0
4 6 1
5 6 0
6 1 1
3 2 0
3 1 1
4 1 0
0 0 1
board #124 23
3 4 0
3 5 1
2 5 1
4 4 1
1 5 1
5 4 0
5 3 0
5 2 1
4 3 0
5 5 1
4 5 1
6 4 1
0 0 1
board #125 14
3 4 1
2 4 0
2 5 1
1 5 1
4 4 0
4 3 0
4 5 0
3 6 1
4 6 0
3 2 1
4 2 0
4 1 1
5 1 1
6 1 1
2 2 1
1 2 1
0 0 0
board #126 18
3 4 0
3 5 0
3 2 1
4 2 1
5 2 0
4 3 0
5 1 1
6 1 1
2 3 0
2 2 1
1 2 0
1 3 0
1 1 1
2 1 0
2 6 1
3 6 0
0 0 0
board #127 18
3 4 0
3 5 1
2 5 1
4 4 0
4 5 0
4 6 0
3 2 1
4 2 1
5 2 1
2 3 1
6 1 1
1 3 0
1 4 0
2 4 1
1 5 0
1 6 0
1 2 1
2 2 1
0 0 1
board #128 20
3 4 1
2 4 1
4 4 1
5 4 0
5 3 0
4 5 1
5 5 1
6 4 0
6 5 0
5 6 1
6 6 0
5 2 1
4 3 1
6 1 0
6 2 0
0 0 0
board #129 17
3 4 1
2 4 1
4 4 1
5 3 0
5 4 0
4 5 0
5 2 0
5 1 1
6 1 1
4 2 1
4 3 1
1 4 0
1 5 1
0 0 0
board #130 15
2 5 1
3 5 0
3 4 1
4 4 0
4 3 0
2 6 1
3 6 0
3 2 1
4 2 1
5 2 0
5 1 0
0 0 0
board #131 13
3 4 1
2 4 1
4 4 1
5 4 0
5 3 1
6 2 0
6 3 1
1 4 0
1 5 0
1 6 1
2 5 0
2 6 0
2 3 1
1 3 0
2 2 1
1 2 0
1 1 1
2 1 0
0 0 1
board #132 20
3 4 0
3 5 0
3 2 1
4 2 1
5 2 1
2 3 1
6 1 0
6 2 1
1 3 0
1 4 0
2 4 0
2 2 1
1 2 1
0 0 1
board #133 15
3 4 1
2 4 0
2 5 0
1 6 1
2 6 1
3 5 1
4 5 1
5 5 1
6 4 0
6 5 0
6 3 1
5 4 1
0 0 1
board #134 14
3 4 1
2 4 1
4 4 1
5 3 1
1 4 1
6 2 0
6 3 1
0 0 1
board #135 9
3 4 0
3 5 0
3 2 1
4 2 0
4 1 0
3 6 0
0 0 1
board #136 8
3 4 0
3 5 1
2 5 0
1 6 1
2 6 1
4 4 0
4 5 0
3 6 1
4 6 1
5 5 1
6 4 1
0 0 0
board #137 13
3 4 0
3 5 0
3 2 1
4 2 0
4 1 1
5 1 0
3 6 0
0 0 1
board #138 9
3 4 1
2 4 0
2 5 1
1 5 0
1 6 0
3 2 1
4 2 0
4 1 1
5 1 0
0 0 1
board #139 11
3 4 0
3 5 0
3 2 0
2 6 1
3 6 0
4 1 0
0 0 1
board #140 8
3 4 0
3 5 0
3 2 1
4 2 0
5 1 0
3 6 0
0 0 1
board #141 8
3 4 1
2 4 0
2 5 0
1 6 1
2 6 0
3 2 0
3 1 1
4 1 0
0 0 1
board #142 10
3 4 1
2 4 1
4 4 1
5 4 1
1 4 0
1 5 1
6 4 1
0 0 1
board #143 9
3 4 1
2 4 0
2 5 1
1 6 1
4 4 1
5 4 0
5 3 1
6 2 1
0 0 0
board #144 10
2 5 1
3 5 0
3 4 1
4 4 1
1 6 1
5 4 0
5 3 0
4 5 0
5 2 1
4 3 1
6 1 0
6 2 1
0 0 1
board #145 14
3 4 0
3 5 0
3 2 0
2 6 0
4 1 0
0 0 1
board #146 7
3 4 1
2 4 0
2 5 1
1 5 0
1 6 1
4 4 0
4 3 0
4 5 1
3 5 1
5 4 1
6 3 0
6 4 1
0 0 0
board #147 14
3 4 1
2 4 0
2 5 1
1 5 0
1 6 0
3 2 1
4 2 1
2 2 0
2 3 1
5 2 0
4 3 1
1 3 0
1 4 0
3 1 0
0 0 1
board #148 16
3 4 1
2 4 1
4 3 1
5 3 1
1 4 1
6 3 1
0 0 0
board #149 8
2 5 0
3 2 0
3 4 0
1 6 1
2 6 1
3 5 0
3 6 1
4 5 1
5 4 1
6 4 1
0 0 0
board #150 12
3 4 0
3 5 0
4 2 0
2 6 1
3 6 1
1 6 0
2 5 1
1 5 1
4 5 0
4 6 1
5 5 1
6 5 1
0 0 1
board #151 14
3 4 1
2 4 0
2 5 0
3 2 1
4 2 1
5 2 0
4 3 1
5 3 0
5 1 1
6 1 1
2 2 0
2 3 0
2 1 0
1 6 1
2 6 0
0 0 1
board #152 17
3 4 0
3 5 0
4 2 0
3 6 0
5 1 0
0 0 0
board #153 7
3 4 1
2 4 1
4 4 0
4 3 0
3 5 1
4 5 1
5 4 0
5 5 0
4 6 1
5 6 0
3 2 0
3 1 1
4 1 0
0 0 0
board #154 15
3 4 1
2 4 0
2 5 1
1 6 1
4 3 1
5 3 0
5 2 1
6 1 0
6 2 0
4 4 0
4 5 0
3 6 1
4 6 1
5 5 0
5 6 1
6 6 1
3 5 1
0 0 1
board #155 19
3 4 1
2 4 1
4 4 1
5 4 1
1 4 0
1 5 1
6 3 0
6 4 1
0 0 1
board #156 10
3 4 0
3 5 0
4 2 0
4 1 1
5 1 0
2 6 1
3 6 0
0 0 1
board #157 9
3 4 1
2 4 1
4 4 0
4 3 0
3 5 0
3 2 1
4 2 0
4 1 1
5 1 1
6 1 0
5 2 0
2 6 0
0 0 1
board #158 14
3 4 0
3 5 0
3 2 0
3 6 0
3 1 1
4 1 0
0 0 1
board #159 8
3 4 0
3 5 1
2 5 0
1 6 0
4 2 0
5 1 0
0 0 1
board #160 8
3 4 0
3 5 0
4 2 1
3 2 1
5 2 1
2 3 0
2 2 1
1 2 1
6 2 1
0 0 0
board #161 11
3 4 0
3 5 1
2 5 1
4 4 0
4 5 0
3 6 1
4 6 0
4 2 0
4 1 1
5 1 0
0 0 1
board #162 12
3 4 0
3 5 0
3 2 0
3 6 0
3 1 1
4 1 1
5 1 0
4 2 1
5 2 0
4 3 1
5 3 1
2 2 1
6 2 1
1 2 0
1 3 1
0 0 0
board #163 17
3 4 1
2 4 1
4 4 0
4 3 1
5 3 1
1 4 1
6 2 1
0 0 0
board #164 9
2 5 1
3 5 0
3 4 1
4 4 1
1 5 1
5 4 1
6 3 0
6 4 1
0 0 1
board #165 10
3 4 1
2 4 0
2 5 1
1 5 1
4 4 1
5 4 1
6 3 1
0 0 0
board #166 9
3 4 1
2 4 0
2 5 1
1 5 0
1 6 1
4 4 1
5 4 1
6 3 1
0 0 0
board #167 10
3 4 0
3 5 1
2 5 1
4 4 1
1 5 1
5 4 1
6 3 0
6 4 1
0 0 1
board #168 10
3 4 1
2 4 0
2 5 0
1 6 1
2 6 0
3 2 0
3 1 1
4 1 1
5 1 1
2 2 0
2 1 0
0 0 1
board #169 13
3 4 0
3 5 0
3 2 0
3 6 0
4 1 0
0 0 1
board #170 7
2 5 0
3 4 1
2 4 0
1 6 1
2 6 0
3 2 0
3 1 1
4 1 0
0 0 1
board #171 10
3 4 1
2 4 0
2 5 0
2 6 0
3 2 0
3 1 1
4 1 1
2 2 1
5 1 0
4 2 0
0 0 1
board #172 12
3 4 1
2 4 1
4 4 0
4 3 1
5 3 1
1 4 1
6 2 0
6 3 1
0 0 0
board #173 10
3 4 0
3 5 1
2 5 1
4 4 0
4 5 1
5 4 1
1 5 1
6 3 0
6 4 0
5 3 0
6 5 0
6 6 0
3 2 0
3 1 0
0 0 1
board #174 16
3 4 1
2 4 1
4 4 1
5 4 1
1 4 1
6 3 0
6 4 0
6 2 1
5 3 0
5 2 0
5 5 1
6 5 1
0 0 0
board #175 14
3 4 0
3 5 1
2 5 1
4 4 1
1 6 1
5 4 1
6 3 1
0 0 0
board #176 9
3 4 1
2 4 1
4 4 0
4 3 1
5 3 1
6 3 1
1 4 0
1 5 0
1 6 1
2 5 1
0 0 0
board #177 12
3 4 1
2 4 0
2 5 0
1 6 0
4 2 0
5 1 0
0 0 0
board #178 8
3 4 1
2 4 1
4 4 1
5 3 1
1 5 1
6 2 1
0 0 1
board #179 8
3 4 0
3 5 1
2 5 0
1 6 1
2 6 1
4 4 1
5 4 0
5 3 0
5 5 0
5 2 1
4 3 1
6 1 0
6 2 0
5 6 0
0 0 1
board #180 16
3 4 0
3 5 0
3 2 1
4 2 1
5 2 1
2 3 0
2 2 0
2 1 0
2 6 0
0 0 0
board #181 11
3 4 1
2 4 0
2 5 1
1 5 1
4 4 0
4 3 0
4 5 1
3 5 0
2 6 1
3 6 1
5 5 1
6 4 0
6 5 1
0 0 1
board #182 15
2 5 1
3 5 0
3 4 0
3 2 1
4 2 0
4 1 1
5 1 0
3 6 0
0 0 1
board #183 10
3 4 0
3 5 1
2 5 1
4 4 1
1 5 0
1 6 1
5 4 1
6 3 0
6 4 1
0 0 0
board #184 11
3 4 0
3 5 0
3 2 1
4 2 0
5 1 0
3 6 0
0 0 0
board #185 8
2 5 0
3 4 1
2 4 0
3 2 0
1 6 0
3 1 1
4 1 1
5 1 0
4 2 1
5 2 0
4 3 0
0 0 0
board #186 13
3 4 0
3 5 0
3 2 1
4 2 0
4 1 0
3 6 0
0 0 0
board #187 8
3 4 1
2 4 1
4 4 1
5 4 0
5 3 1
6 2 0
6 3 0
6 1 1
5 2 0
5 1 1
4 2 0
4 1 0
4 5 1
5 5 1
6 5 1
1 4 0
1 5 1
0 0 1
board #188 19
3 4 1
2 4 0
2 5 1
1 5 0
1 6 1
4 4 1
5 4 0
5 3 1
6 2 0
6 3 0
6 1 1
5 2 0
5 1 0
4 5 1
5 5 0
4 6 0
0 0 1
board #189 18
3 4 0
3 5 0
3 2 1
4 2 1
5 2 1
2 3 0
2 2 1
1 3 1
6 1 1
0 0 0
board #190 11
3 4 1
2 4 1
4 4 1
5 4 1
1 5 1
6 3 0
6 4 0
5 5 1
6 5 1
0 0 0
board #191 11
3 4 1
2 4 1
4 4 0
4 3 0
3 5 1
4 5 1
5 4 1
1 4 0
1 5 1
6 3 1
0 0 1
board #192 12
3 4 1
2 4 0
2 5 1
1 5 0
1 6 1
4 4 1
5 4 0
5 3 0
4 5 0
5 2 0
6 1 0
3 6 1
4 6 1
5 6 1
2 6 1
6 6 1
0 0 1
board #193 18
3 4 1
2 4 1
4 4 1
5 4 0
5 3 1
6 2 0
6 3 0
6 1 0
4 5 1
5 5 1
6 4 0
6 5 0
5 6 1
6 6 1
1 4 1
0 0 1
board #194 17
3 4 1
2 4 1
4 4 0
4 3 1
5 3 0
5 2 1
6 1 1
1 4 0
1 5 0
1 6 0
2 3 1
1 3 0
2 2 1
1 2 0
1 1 1
2 1 0
0 0 1
board #195 18
3 4 1
2 4 0
2 5 0
1 6 1
2 6 0
3 2 0
3 1 1
4 1 1
5 1 1
2 2 1
6 1 0
5 2 0
4 2 1
4 3 0
0 0 0
board #196 16
3 4 0
3 5 1
2 5 1
4 4 0
4 5 1
5 4 0
5 5 0
4 6 0
3 2 0
3 1 1
4 1 1
5 1 0
4 2 0
0 0 1
board #197 15
3 4 1
2 4 0
2 5 0
1 6 1
2 6 0
3 2 1
4 2 1
5 2 1
2 2 1
1 2 1
6 1 1
0 0 1
board #198 13
3 4 0
3 5 0
3 2 0
3 6 0
3 1 0
0 0 0
board #199 7
3 4 0
3 5 0
3 2 1
4 2 0
5 1 0
2 6 1
3 6 0
0 0 0
board #200 9
3 4 0
3 5 0
3 2 0
3 6 0
3 1 1
4 1 0
0 0 0
board #201 8
3 4 1
2 4 0
2 5 1
1 5 0
1 6 1
4 4 0
4 3 1
5 3 1
6 2 0
6 3 0
6 1 0
5 4 1
6 4 1
0 0 1
board #202 15
3 4 0
3 5 1
2 5 1
4 4 0
4 5 1
5 4 0
5 5 0
4 6 0
3 2 0
4 1 0
0 0 1
board #203 12
3 4 1
2 4 0
2 5 0
2 6 0
4 2 0
4 1 0
0 0 1
board #204 8
3 4 1
2 4 1
4 4 0
4 3 0
3 5 1
4 5 0
3 6 0
3 2 1
4 2 1
5 2 0
5 1 1
6 1 0
0 0 1
board #205 14
3 4 1
2 4 0
2 5 1
1 5 0
1 6 1
4 4 1
5 4 0
5 3 0
4 5 0
5 2 1
4 3 0
3 2 1
4 2 1
6 1 0
6 2 0
4 6 0
0 0 0
board #206 18
3 4 1
2 4 0
2 5 0
1 6 0
3 2 1
4 2 0
4 1 1
5 1 0
0 0 0
board #207 10
3 4 0
3 5 0
3 2 1
4 2 0
4 1 0
2 6 0
0 0 0
board #208 8
3 4 0
3 5 1
2 5 0
1 6 1
2 6 1
4 4 1
5 4 0
5 3 0
5 5 0
5 2 0
4 6 0
5 1 1
6 1 1
4 2 1
4 3 0
3 2 0
3 1 0
0 0 0
board #209 19
3 4 0
3 5 1
2 5 0
1 6 0
3 2 1
4 2 1
2 3 0
2 2 1
5 2 0
4 3 1
5 3 1
1 3 1
6 2 1
0 0 0
board #210 15
3 4 1
2 4 0
2 5 1
1 5 0
1 6 1
4 4 0
4 3 1
5 3 0
5 2 0
4 5 1
3 5 1
5 5 1
6 4 0
6 5 0
5 4 1
6 3 0
5 6 1
6 6 1
0 0 1
board #211 20
3 4 1
2 4 0
2 5 1
1 6 1
4 4 0
4 3 0
4 5 1
3 5 0
3 6 0
3 2 1
4 2 1
5 2 0
5 1 0
0 0 0
board #212 15
3 4 0
3 5 0
4 2 0
3 6 0
4 1 1
5 1 0
0 0 1
board #213 8
3 4 1
2 4 1
4 4 0
4 3 0
3 5 1
4 5 0
3 6 0
3 2 0
3 1 1
4 1 1
5 1 1
6 1 1
2 2 1
1 2 1
0 0 0
board #214 16
3 4 0
3 5 1
2 5 0
1 6 0
3 2 0
4 1 0
0 0 1
board #215 8
3 4 0
3 5 0
3 2 0
3 6 0
3 1 1
4 1 1
5 1 0
4 2 0
0 0 1
board #216 10
3 4 0
3 5 1
2 5 0
2 6 0
3 2 0
3 1 1
4 1 0
0 0 0
board #217 9
3 4 0
3 5 1
2 5 0
1 6 1
2 6 1
4 4 0
4 5 0
3 6 1
4 6 0
3 2 1
4 2 0
4 1 1
5 1 0
0 0 1
board #218 15
3 4 1
2 4 1
4 4 1
5 4 0
5 3 1
6 2 0
6 3 1
1 4 0
1 5 0
1 6 0
2 3 0
4 2 1
2 2 0
2 1 0
0 0 0
board #219 16
3 4 0
3 5 1
2 5 0
1 6 1
2 6 1
4 4 0
4 5 0
3 6 1
4 6 1
5 5 1
6 4 0
6 5 1
0 0 0
board #220 14
3 4 1
2 4 1
4 4 0
4 3 0
3 5 0
3 2 0
2 6 1
3 6 0
3 1 1
4 1 1
5 1 1
6 1 0
5 2 1
6 2 0
5 3 0
0 0 1
board #221 17
3 4 0
3 5 0
3 2 1
4 2 0
4 1 1
5 1 1
6 1 1
2 3 0
2 2 1
1 2 0
1 3 0
2 1 0
2 6 1
3 6 1
1 6 0
2 5 1
1 5 1
4 5 1
5 4 0
5 5 0
4 4 0
4 6 1
5 6 1
6 5 0
6 6 1
0 0 1
board #222 27
3 4 0
3 5 0
3 2 0
3 6 0
3 1 0
0 0 0
board #223 7
3 4 1
2 4 0
2 5 0
1 6 1
2 6 1
3 5 0
3 6 1
4 5 1
5 5 1
6 4 1
0 0 1
board #224 12
3 4 0
3 5 1
2 5 1
4 4 1
1 5 0
1 6 1
5 4 0
5 3 1
6 2 1
0 0 1
board #225 11
3 4 0
3 5 0
3 2 1
4 2 0
5 1 0
2 6 1
3 6 1
1 6 0
2 5 1
1 5 0
2 4 1
1 4 0
2 3 0
0 0 0
board #226 15
3 4 1
2 4 1
4 4 0
4 3 1
5 3 0
5 2 1
6 1 1
1 4 0
1 5 1
0 0 0
board #227 11
2 5 0
2 4 0
1 6 0
3 2 1
4 2 1
5 2 0
4 3 0
5 1 0
0 0 1
board #228 10
3 4 0
3 5 1
2 5 0
1 6 1
2 6 0
3 2 1
4 2 0
5 1 0
0 0 0
board #229 10
3 4 0
3 5 0
3 2 0
2 6 1
3 6 1
1 6 0
2 5 0
4 1 0
0 0 0
board #230 10
3 4 1
2 4 0
2 5 1
1 5 0
1 6 1
4 4 1
5 4 1
6 3 1
0 0 0
board #231 10
3 4 0
3 5 1
2 5 0
1 6 0
3 2 0
3 1 1
4 1 1
5 1 1
6 1 1
2 2 1
1 2 0
1 3 1
0 0 1
board #232 14
3 4 1
2 4 1
4 4 0
4 3 1
5 3 0
5 2 1
6 1 1
1 4 0
1 5 0
1 6 0
2 3 1
1 3 0
2 2 1
1 2 1
0 0 1
board #233 16
3 4 0
3 5 1
2 5 0
1 6 1
2 6 0
4 2 0
4 1 1
5 1 1
6 1 1
3 2 1
2 3 1
1 4 1
0 0 1
board #234 14
3 4 0
3 5 1
2 5 1
4 4 0
4 5 1
5 4 0
5 5 1
6 4 1
1 5 0
1 6 1
0 0 1
board #235 12
3 4 0
3 5 1
2 5 1
4 4 1
1 5 1
5 4 1
6 3 0
6 4 1
0 0 1
board #236 10
2 5 1
3 5 0
3 4 1
4 4 0
4 3 0
2 6 1
3 6 1
4 5 1
5 4 1
1 5 1
6 3 0
6 4 1
0 0 0
board #237 14
3 4 1
2 4 0
2 5 1
1 5 0
1 6 1
4 4 0
4 3 0
4 5 0
3 6 1
4 6 1
5 5 0
5 6 1
3 5 1
6 5 0
6 6 1
0 0 1
board #238 17
3 4 0
3 5 0
3 2 0
2 6 0
3 1 1
4 1 1
5 1 1
2 2 0
2 1 1
6 1 1
1 2 1
0 0 0
board #239 13
3 4 0
3 5 0
3 2 1
4 2 1
5 2 0
4 3 1
5 3 1
2 3 0
2 2 0
2 1 0
2 6 0
0 0 0
board #240 13
3 4 1
2 4 1
4 4 0
4 3 1
5 3 0
5 2 1
6 1 1
1 5 1
0 0 1
board #241 10
3 4 0
3 5 1
2 5 1
4 4 0
4 5 1
5 4 0
5 5 0
5 6 0
3 2 0
3 1 0
0 0 1
board #242 12
3 4 1
2 4 0
2 5 1
1 5 0
1 6 0
3 2 0
3 1 1
4 1 1
5 1 1
2 2 1
6 1 1
1 2 0
1 3 1
0 0 1
board #243 15
3 4 1
2 4 1
4 4 1
5 4 1
1 4 0
1 5 0
1 6 1
2 5 1
6 3 1
0 0 0
board #244 11
3 4 0
3 5 1
2 5 0
2 6 0
3 2 0
4 1 0
0 0 0
board #245 8
3 4 0
3 5 1
2 5 0
1 6 1
2 6 0
3 2 0
3 1 1
4 1 1
5 1 1
6 1 0
5 2 1
6 2 1
2 2 0
2 1 1
1 1 0
1 2 1
0 0 0
board #246 18
3 4 1
2 4 1
4 4 1
5 4 1
1 4 0
1 5 0
1 6 0
2 3 1
1 3 0
2 2 1
1 2 0
1 1 1
2 1 1
6 3 1
0 0 0
board #247 16
3 4 0
3 5 1
2 5 1
4 4 1
1 5 0
1 6 0
2 4 0
3 2 1
4 2 1
2 2 1
5 2 1
1 2 1
6 1 0
6 2 1
0 0 0
board #248 16
3 4 0
3 5 1
2 5 1
4 4 0
4 5 0
3 6 1
4 6 1
5 5 1
1 6 1
6 4 0
6 5 0
5 4 0
5 6 0
3 2 1
4 2 1
5 2 0
6 1 0
5 3 0
0 0 0
board #249 20
3 4 1
2 4 1
4 4 0
4 3 1
5 3 1
1 4 0
1 5 1
6 3 1
0 0 0
board #250 10
3 4 1
2 4 1
4 4 0
4 3 0
3 5 1
4 5 1
5 4 0
5 5 1
6 4 1
1 4 1
0 0 1
board #251 12
3 4 1
2 4 1
4 4 0
4 3 1
5 3 0
5 2 0
3 5 1
4 5 1
5 4 1
6 3 0
6 4 0
6 5 1
5 5 1
1 4 1
0 0 1
board #252 16
3 4 0
3 5 1
2 5 0
1 6 1
2 6 0
3 2 1
4 2 1
5 2 0
4 3 0
6 1 0
0 0 0
board #253 12
3 4 1
2 4 1
4 4 1
5 4 1
1 4 0
1 5 0
1 6 1
2 5 0
2 6 1
3 5 1
6 3 0
6 4 1
0 0 1
board #254 14
3 4 1
2 4 0
2 5 0
2 6 0
3 2 1
4 2 0
4 1 0
0 0 1
board #255 9
3 4 1
2 4 1
4 4 0
4 3 0
3 5 0
3 2 0
2 6 0
3 1 0
0 0 0
board #256 10
3 4 1
2 4 0
2 5 1
1 5 1
4 4 0
4 3 0
4 5 0
