10 11 1
9 11 0
9 12 0
10 9 1
11 9 1
9 9 1
12 9 1
8 10 0
8 9 1
7 10 0
7 9 1
6 10 1
13 9 0
13 8 0
12 10 0
11 10 1
13 7 1
12 8 0
12 7 1
11 8 0
11 7 1
10 8 0
10 7 1
9 8 1
14 7 0
14 6 0
14 5 1
15 5 1
13 6 1
16 5 1
17 5 1
18 5 0
18 4 0
17 6 0
18 3 1
17 4 1
19 2 1
5 11 0
5 10 0
6 11 0
5 9 0
6 8 1
5 8 0
6 7 1
5 7 0
6 6 1
5 6 1
4 7 1
7 8 1
3 8 1
2 9 0
2 8 0
3 9 0
2 7 0
3 6 1
2 6 1
3 7 0
4 6 0
5 5 1
4 5 1
1 6 0
1 7 0
2 5 1
1 5 1
0 0 0
board #1 66
12 7 1
11 7 0
11 8 0
12 6 1
11 6 1
10 6 1
13 7 0
12 8 0
13 6 0
13 5 1
14 5 1
15 5 0
14 6 1
15 6 1
9 7 0
9 6 1
8 7 0
8 6 0
10 7 1
9 8 1
8 9 0
8 8 0
9 5 0
9 9 0
10 4 1
9 4 0
10 3 0
10 9 0
9 12 1
8 12 0
8 13 0
9 11 1
8 11 0
8 14 0
9 10 0
8 15 1
7 15 0
7 16 1
6 16 0
6 17 1
5 17 1
4 17 0
5 16 1
4 16 1
9 14 0
9 15 1
10 14 0
10 15 1
11 14 0
11 15 0
10 16 1
11 16 0
10 17 1
11 17 1
12 16 0
12 17 1
13 16 0
13 17 1
14 16 1
15 15 1
3 16 0
3 17 0
4 15 0
4 18 0
5 14 1
5 15 0
6 15 1
6 14 0
7 13 1
7 14 0
3 19 1
4 19 1
2 19 1
1 19 0
2 18 1
5 18 0
5 19 0
11 2 0
11 1 1
12 1 1
12 2 1
10 2 0
10 1 1
9 2 1
8 3 1
12 3 1
7 4 1
12 4 0
13 3 0
11 4 0
10 5 0
14 2 1
13 2 0
13 1 0
0 0 0
board #2 96
10 9 0
10 11 1
9 11 0
9 12 1
8 12 0
8 13 1
7 13 1
11 10 1
7 12 1
12 10 0
12 9 0
11 9 1
12 8 1
13 8 1
14 8 0
14 7 1
15 7 1
6 12 0
6 13 1
5 13 1
4 13 1
16 7 0
16 6 1
17 6 0
17 5 1
18 5 1
3 13 0
3 14 1
2 14 1
19 4 0
19 5 0
18 6 1
19 6 0
18 7 1
19 7 0
18 8 0
19 3 0
19 2 0
19 1 1
18 2 0
18 1 1
17 2 1
17 3 1
17 4 1
1 14 1
0 0 1
board #3 47
10 9 1
11 9 0
11 8 0
11 7 0
10 12 1
9 12 1
8 12 1
7 12 1
11 11 0
11 12 0
10 13 1
11 13 1
12 12 0
12 13 1
13 12 0
13 13 0
12 14 1
13 14 1
14 13 0
14 14 0
13 15 0
12 16 1
13 16 0
12 17 1
13 17 0
12 18 0
11 10 0
11 6 0
11 5 1
12 5 0
12 4 1
13 4 0
13 3 0
13 2 0
11 19 1
12 19 0
13 1 0
0 0 1
board #4 39
9 9 0
10 12 1
8 13 0
8 12 0
9 11 1
8 11 0
9 10 1
8 10 0
8 14 1
7 14 0
7 15 0
9 8 1
10 8 1
10 9 1
8 8 1
7 9 0
7 8 0
8 7 0
7 10 1
8 9 1
6 10 0
6 11 1
5 11 0
5 12 1
4 12 0
4 13 1
3 13 1
2 13 1
10 11 0
9 12 0
