10 8 0
11 6 0
8 11 1
7 11 0
8 10 1
7 10 1
9 11 1
10 10 1
11 10 1
6 10 1
12 10 1
5 10 0
5 11 1
4 11 1
13 10 0
13 9 1
14 9 0
14 8 1
15 8 0
15 7 0
14 7 1
15 6 0
14 6 0
12 11 0
11 12 1
12 12 1
11 11 1
13 12 0
13 11 1
14 11 0
14 10 0
12 13 0
11 14 1
12 14 1
11 13 1
13 14 1
14 14 0
14 13 1
15 13 1
16 12 1
17 11 1
3 11 1
2 11 1
18 10 0
18 11 0
17 10 0
17 12 0
16 13 1
17 13 1
18 13 1
1 11 1
0 0 1
board #1 53
9 10 1
8 10 0
8 11 0
8 12 1
7 12 0
7 13 1
6 13 1
9 11 0
9 12 1
10 11 0
10 12 1
11 11 0
11 12 1
12 11 1
5 13 0
6 12 1
5 12 0
5 14 0
6 11 0
5 15 0
7 10 0
5 16 1
4 16 1
6 15 1
3 16 1
2 16 1
7 14 0
6 14 0
7 15 1
8 14 1
8 13 1
1 16 1
13 10 1
14 9 1
15 8 0
15 9 1
16 8 0
16 9 1
17 8 0
17 9 1
18 8 0
18 9 1
0 0 1
board #2 44
10 7 0
9 10 0
9 11 0
9 12 1
8 12 0
8 13 0
9 8 0
8 14 0
10 6 1
11 6 0
11 5 1
12 5 0
12 4 0
8 15 0
12 3 0
8 16 0
13 2 0
8 17 0
13 1 1
14 1 0
7 18 0
0 0 0
board #3 23
9 10 1
8 10 0
8 11 0
8 12 0
8 13 0
9 8 0
8 14 1
7 14 0
7 15 0
9 7 1
10 7 1
8 8 1
11 7 0
10 8 1
11 8 0
10 9 0
11 6 0
11 5 1
12 5 1
10 6 0
10 5 1
9 6 0
9 5 1
8 6 0
8 5 0
9 4 0
7 16 1
6 16 1
8 15 1
5 16 1
4 16 1
9 13 0
9 15 0
9 14 1
10 13 0
10 14 1
11 13 0
11 14 1
12 13 0
12 14 0
11 15 1
12 15 1
13 14 1
3 16 0
4 15 0
3 17 1
2 17 1
1 17 0
1 18 1
14 13 0
14 14 0
13 13 0
14 15 1
13 15 1
15 14 0
15 15 0
14 16 0
13 17 1
14 17 0
13 18 0
10 3 1
9 3 1
10 4 1
8 4 0
8 3 1
7 4 1
13 5 0
12 6 1
13 6 1
6 5 0
6 4 1
5 5 1
14 6 0
14 5 1
15 5 1
16 5 1
4 6 0
4 5 0
5 6 0
7 5 1
6 6 1
5 7 1
4 8 0
4 7 0
5 8 1
4 9 1
3 9 1
17 5 1
2 10 1
18 4 1
1 10 0
1 11 0
2 11 1
1 12 0
2 12 1
1 13 0
2 13 0
2 9 1
1 9 1
0 0 1
board #4 101
9 8 0
8 11 0
9 10 0
9 7 1
10 7 0
10 6 0
8 12 1
7 12 0
7 13 0
7 14 1
6 14 0
6 15 0
10 5 0
6 16 1
5 16 0
5 17 0
10 4 1
11 4 1
12 4 1
9 5 0
9 4 0
10 3 1
9 3 0
10 2 0
4 18 0
10 1 1
11 1 1
11 2 1
9 2 0
9 1 0
0 0 1
board #5 32
9 8 1
10 8 0
10 7 1
11 7 0
11 6 1
12 6 0
12 5 0
12 4 1
13 4 0
13 3 1
14 3 1
11 5 1
15 3 1
16 3 1
17 3 0
17 2 0
16 4 1
17 4 0
16 5 0
17 1 0
15 5 0
14 5 1
14 6 0
13 6 0
8 10 1
9 10 1
10 10 1
8 9 0
7 10 1
11 10 0
11 9 0
10 11 0
9 12 0
10 9 1
11 8 0
9 13 1
8 13 1
8 12 1
10 13 1
11 13 1
12 13 1
13 13 1
14 13 0
14 12 0
13 14 1
14 14 1
15 13 0
15 14 1
16 13 1
7 9 0
6 10 0
6 11 0
6 12 1
