3 4 1
2 4 1
4 4 0
4 3 0
3 5 0
3 2 0
2 6 0
4 1 0
0 0 1
board #1 10
3 4 1
2 4 0
2 5 1
1 5 0
1 6 1
4 3 1
5 3 1
6 2 0
6 3 1
0 0 0
board #2 11
3 4 1
2 4 1
4 4 1
5 4 0
5 3 0
4 5 0
5 2 1
4 3 1
6 1 0
6 2 0
4 6 0
0 0 1
board #3 13
3 4 1
2 4 1
4 4 0
4 3 1
5 3 1
1 4 1
6 2 0
6 3 1
0 0 1
board #4 10
3 4 1
2 4 0
2 5 1
1 5 0
1 6 0
4 2 0
5 1 0
0 0 1
board #5 9
3 4 1
2 4 1
4 4 1
5 4 1
1 4 0
1 5 0
1 6 1
2 5 0
2 6 0
2 3 0
2 2 1
3 2 0
3 1 1
4 1 0
0 0 0
board #6 16
3 4 0
3 5 0
3 2 1
4 2 0
4 1 1
5 1 1
6 1 1
2 3 0
2 2 0
2 1 0
2 6 1
3 6 1
1 6 1
4 5 0
4 6 0
0 0 1
board #7 17
3 4 0
3 5 0
3 2 0
2 6 1
3 6 1
1 6 0
2 5 1
1 5 1
4 5 0
4 6 0
3 1 1
4 1 1
5 1 0
4 2 1
5 2 0
4 3 1
5 3 0
4 4 1
5 4 1
2 2 1
6 3 1
1 2 0
1 3 1
0 0 1
board #8 25
3 4 1
2 4 0
2 5 1
1 5 0
1 6 0
3 2 1
4 2 0
4 1 1
5 1 1
6 1 0
5 2 1
6 2 1
2 2 0
2 3 0
2 1 1
3 1 1
1 2 1
0 0 0
board #9 19
3 4 0
3 5 0
3 2 1
4 2 0
4 1 0
2 6 1
3 6 1
1 6 1
4 5 1
5 4 1
6 4 1
0 0 1
board #10 13
3 4 0
3 5 1
2 5 0
2 6 0
3 2 1
4 2 0
4 1 1
5 1 0
0 0 0
board #11 10
2 5 0
3 4 1
2 4 1
4 4 0
4 3 0
3 5 1
4 5 0
3 6 0
3 2 1
4 2 0
4 1 0
0 0 0
board #12 13
3 4 1
2 4 1
4 4 0
4 3 1
5 3 0
5 2 0
3 5 0
6 1 0
2 6 0
0 0 0
board #13 11
3 4 0
3 5 0
3 2 1
4 2 0
4 1 1
5 1 0
3 6 0
0 0 1
board #14 9
3 4 1
2 4 0
2 5 0
1 6 1
2 6 1
3 5 1
4 5 1
5 5 1
6 4 1
0 0 1
board #15 11
3 4 0
3 5 1
2 5 0
2 6 0
3 2 0
3 1 1
4 1 1
5 1 1
2 2 0
2 1 0
0 0 0
board #16 12
3 4 0
3 5 0
3 2 1
4 2 1
5 2 0
4 3 0
5 1 1
6 1 0
2 6 1
3 6 0
0 0 0
board #17 12
3 4 0
3 5 0
3 2 0
2 6 1
3 6 1
1 6 0
2 5 1
1 5 1
4 5 0
4 6 1
5 5 1
6 4 0
6 5 1
0 0 0
board #18 15
3 4 0
3 5 1
2 5 1
4 4 1
1 5 0
1 6 0
2 4 1
1 4 0
2 3 0
4 2 0
4 1 1
5 1 1
2 2 0
2 1 0
0 0 1
board #19 16
3 4 0
3 5 0
3 2 1
4 2 1
5 2 1
2 3 0
2 2 1
1 2 0
1 3 1
6 1 0
6 2 0
5 3 1
6 3 1
0 0 1
board #20 15
3 4 1
2 4 1
4 4 0
4 3 0
3 5 0
3 2 1
4 2 1
5 2 0
5 1 1
6 1 0
2 6 1
3 6 0
0 0 0
board #21 14
3 4 0
3 5 0
3 2 0
2 6 1
3 6 1
1 6 1
4 5 1
5 4 1
6 3 0
6 4 1
0 0 1
board #22 12
3 4 1
2 4 0
2 5 1
1 5 0
1 6 1
4 4 0
4 3 1
5 3 1
6 2 1
0 0 1
board #23 11
3 4 0
3 5 0
3 2 0
2 6 1
3 6 1
1 6 0
2 5 0
4 1 0
0 0 1
board #24 10
3 4 0
3 5 1
2 5 1
4 4 1
1 5 0
1 6 0
2 4 1
1 4 0
2 3 1
1 3 0
2 2 0
2 1 1
3 1 0
0 0 1
board #25 15
3 4 1
2 4 0
2 5 0
1 6 1
2 6 0
3 2 1
4 2 0
4 1 1
5 1 0
0 0 1
board #26 11
3 4 1
2 4 1
4 4 1
5 4 0
5 3 0
5 2 1
4 3 1
6 1 1
1 4 1
0 0 0
board #27 11
3 4 1
2 4 1
4 4 0
4 3 0
3 5 1
4 5 1
5 4 1
1 4 0
1 5 1
6 3 1
0 0 0
board #28 12
3 4 0
3 5 0
3 2 1
4 2 1
5 2 1
2 3 1
6 1 0
6 2 1
1 3 0
1 4 1
0 0 0
board #29 12
3 4 0
3 5 0
3 2 1
4 2 1
5 2 1
2 3 1
6 1 0
6 2 0
5 3 1
6 3 0
5 4 0
4 5 0
4 6 0
0 0 1
board #30 15
3 4 0
3 5 0
3 2 1
4 2 0
4 1 1
5 1 0
2 6 1
3 6 0
0 0 1
board #31 10
3 4 1
2 4 0
2 5 0
1 6 0
3 2 1
4 2 0
4 1 1
5 1 0
0 0 0
board #32 10
2 5 0
3 4 1
2 4 1
4 4 1
1 4 0
1 5 1
5 4 1
6 3 0
6 4 0
6 2 0
5 5 1
6 5 0
6 1 1
5 2 1
4 3 1
0 0 0
board #33 17
2 5 0
3 4 1
2 4 0
1 6 0
3 2 0
4 1 0
0 0 0
board #34 8
3 4 1
2 4 1
4 4 0
4 3 0
3 5 1
4 5 0
3 6 0
3 2 0
3 1 0
0 0 1
board #35 11
2 5 0
3 4 1
2 4 1
4 4 0
4 3 0
3 5 0
3 2 0
3 1 0
1 6 1
3 6 0
0 0 1
board #36 12
3 4 0
3 5 1
2 5 0
2 6 0
3 2 0
3 1 1
4 1 0
0 0 0
board #37 9
3 4 0
3 5 1
2 5 0
1 6 1
2 6 1
4 4 0
4 5 1
5 4 1
6 3 1
0 0 0
board #38 11
3 4 0
3 5 0
3 2 0
2 6 1
3 6 1
1 6 0
2 5 0
3 1 1
4 1 0
0 0 0
board #39 11
3 4 1
2 4 1
4 4 0
4 3 1
5 3 1
6 2 0
6 3 0
6 1 1
5 2 1
1 4 1
0 0 1
board #40 12
3 4 0
3 5 0
3 2 0
2 6 1
3 6 1
1 6 0
2 5 0
3 1 1
4 1 0
0 0 0
board #41 11
3 4 0
3 5 1
2 5 0
1 6 1
2 6 1
4 4 1
5 4 1
6 3 0
6 4 1
0 0 0
board #42 11
3 4 1
2 4 0
2 5 1
1 5 0
1 6 0
3 2 1
4 2 1
5 2 0
4 3 0
5 1 1
6 1 1
2 2 1
1 3 1
0 0 1
board #43 15
3 4 0
3 5 1
2 5 1
4 4 1
1 5 0
1 6 1
5 4 0
5 3 1
6 2 0
6 3 0
6 1 0
5 5 0
4 6 0
0 0 1
board #44 15
3 4 1
2 4 0
2 5 1
1 5 0
1 6 0
3 2 1
4 2 0
4 1 1
5 1 0
0 0 0
board #45 11
2 5 1
3 5 0
3 4 0
2 6 0
3 2 1
4 2 0
4 1 1
5 1 0
0 0 0
board #46 10
3 4 1
2 4 1
4 4 0
4 3 1
5 3 0
5 2 0
3 5 0
5 1 0
2 6 0
0 0 0
board #47 11
3 4 0
3 5 1
2 5 0
1 6 0
4 2 0
4 1 0
0 0 1
board #48 8
3 4 1
2 4 1
4 4 1
5 4 0
5 3 0
4 5 0
5 2 0
5 1 1
6 1 1
4 2 0
4 1 0
4 6 0
0 0 0
board #49 14
3 4 1
2 4 1
4 4 1
5 4 0
5 3 0
4 5 1
5 5 0
5 2 0
5 6 0
5 1 1
6 1 0
0 0 1
board #50 13
3 4 0
3 5 0
3 2 0
3 6 0
3 1 0
0 0 1
board #51 7
3 4 0
3 5 0
3 2 0
2 6 1
3 6 1
1 6 1
4 5 0
4 6 1
5 5 0
5 6 0
4 1 0
0 0 0
board #52 13
3 4 0
3 5 1
2 5 1
4 4 0
4 5 1
5 4 1
1 5 0
1 6 1
6 3 1
0 0 1
board #53 11
3 4 1
2 4 0
2 5 1
1 5 0
1 6 0
3 2 0
4 1 0
0 0 0
board #54 9
3 4 1
2 4 1
4 4 0
4 3 0
3 5 1
4 5 1
5 4 0
5 5 0
5 6 0
3 2 1
4 2 1
5 2 0
5 1 1
6 1 1
2 3 0
2 2 0
3 1 0
0 0 0
board #55 19
3 4 1
2 4 1
4 4 1
5 3 1
1 4 0
1 5 0
1 6 0
2 3 1
1 3 0
2 2 1
1 2 0
1 1 1
2 1 0
0 0 1
board #56 15
3 4 0
3 5 0
3 2 1
4 2 0
4 1 0
2 6 1
3 6 1
1 6 1
4 5 1
5 4 0
5 5 0
4 4 1
5 3 0
4 3 1
5 2 0
4 6 0
0 0 1
board #57 18
3 4 0
3 5 1
2 5 1
4 4 0
4 5 1
5 4 0
5 5 0
4 6 1
5 6 1
6 5 1
1 5 0
1 6 1
0 0 1
board #58 14
3 4 1
2 4 1
4 4 1
5 4 0
5 3 1
6 2 1
1 4 0
1 5 0
1 6 1
2 5 0
2 6 1
3 5 1
0 0 1
board #59 14
3 4 1
2 4 1
4 4 1
5 4 0
5 3 0
4 5 1
5 5 0
5 2 0
4 6 0
6 1 0
0 0 1
board #60 12
3 4 0
3 5 1
2 5 1
4 4 1
1 5 0
1 6 0
2 4 0
4 2 0
4 1 1
5 1 0
0 0 0
board #61 12
3 4 0
3 5 1
2 5 0
1 6 0
3 2 1
4 2 0
5 1 0
0 0 0
board #62 9
3 4 0
3 5 0
3 2 0
2 6 0
3 1 1
4 1 1
5 1 1
6 1 1
2 2 0
2 1 1
1 1 0
1 2 0
0 0 1
board #63 14
3 4 0
3 5 0
3 2 0
2 6 0
4 1 0
0 0 1
board #64 7
3 4 1
2 4 0
2 5 0
1 6 0
3 2 0
4 1 0
0 0 1
board #65 8
3 4 1
2 4 0
2 5 1
1 6 1
4 4 1
5 4 0
5 3 1
6 2 0
6 3 1
0 0 1
board #66 11
3 4 1
2 4 0
2 5 0
2 6 0
3 2 1
4 2 0
4 1 1
5 1 1
6 1 0
5 2 0
0 0 0
board #67 12
3 4 0
3 5 1
2 5 1
4 4 1
1 5 0
1 6 0
2 4 0
3 2 1
4 2 0
4 1 1
5 1 0
0 0 1
board #68 13
3 4 1
2 4 1
4 4 1
5 4 1
1 5 1
6 3 1
0 0 1
board #69 8
3 4 0
3 5 1
2 5 1
4 4 1
1 5 0
1 6 1
5 4 0
5 3 1
6 2 1
0 0 1
board #70 11
3 4 0
3 5 0
3 2 1
4 2 1
5 2 1
2 3 0
2 2 0
2 1 1
3 1 0
2 6 1
3 6 0
0 0 0
board #71 13
3 4 0
3 5 0
4 2 0
2 6 1
3 6 1
1 6 1
4 5 1
5 4 0
5 5 1
6 5 1
0 0 1
board #72 12
3 4 1
2 4 0
2 5 1
1 6 1
4 4 0
4 3 0
4 5 1
3 5 0
2 6 1
3 6 0
3 2 1
4 2 1
5 2 0
5 1 0
0 0 1
board #73 16
3 4 0
2 5 0
3 2 0
1 6 1
2 6 1
3 5 1
4 4 0
4 5 0
3 6 1
4 6 1
5 5 1
6 5 1
0 0 0
board #74 14
3 4 0
3 5 1
2 5 0
2 6 0
4 2 0
4 1 1
5 1 1
6 1 1
3 2 1
2 3 1
1 3 1
0 0 1
board #75 13
3 4 0
3 5 1
2 5 0
1 6 1
2 6 1
4 4 1
5 4 0
5 3 0
5 5 0
5 2 0
5 6 0
5 1 0
0 0 0
board #76 14
3 4 1
2 4 1
4 4 1
5 3 0
5 4 1
6 3 1
1 4 1
0 0 0
board #77 9
3 4 0
3 5 1
2 5 1
4 4 0
4 5 0
3 6 1
4 6 1
5 5 1
1 6 1
6 4 0
6 5 0
5 4 1
6 3 1
0 0 0
board #78 15
3 4 0
3 5 0
3 2 0
2 6 1
3 6 0
3 1 1
4 1 1
5 1 1
6 1 0
5 2 1
6 2 1
2 2 0
2 1 0
0 0 0
board #79 15
3 4 1
2 4 0
2 5 0
1 6 1
2 6 0
3 2 0
4 1 0
0 0 1
board #80 9
2 5 0
3 4 1
2 4 1
4 4 1
1 5 1
5 4 1
6 3 0
6 4 0
6 2 0
5 5 1
6 5 1
0 0 0
board #81 13
3 4 1
2 4 0
2 5 0
1 6 0
3 2 1
4 2 1
5 2 1
2 2 0
2 3 1
1 3 0
1 4 0
2 1 1
3 1 1
1 1 0
1 2 0
0 0 0
board #82 17
3 4 1
2 4 1
4 4 0
4 3 1
5 3 0
5 2 0
3 5 0
5 1 0
2 6 1
3 6 0
0 0 0
board #83 12
3 4 0
3 5 0
3 2 0
2 6 0
3 1 1
4 1 1
5 1 0
4 2 1
5 2 1
2 2 0
2 1 0
0 0 1
board #84 13
3 4 0
3 5 1
2 5 0
1 6 1
2 6 1
4 4 0
4 5 1
5 4 1
6 3 1
0 0 1
board #85 11
3 4 0
3 5 1
2 5 1
4 4 1
1 6 1
5 4 0
5 3 0
5 5 0
5 2 0
4 6 1
5 6 0
5 1 0
0 0 1
board #86 14
3 4 1
2 4 0
2 5 0
1 6 1
2 6 1
3 5 0
3 6 0
3 2 0
4 1 0
0 0 0
board #87 11
3 4 0
3 5 1
2 5 1
4 4 1
1 6 1
5 4 1
6 4 1
0 0 1
board #88 9
3 4 0
3 5 1
2 5 1
4 4 0
4 5 0
3 6 1
4 6 1
5 5 1
1 5 1
6 4 0
6 5 0
5 4 1
6 3 1
0 0 1
board #89 15
3 4 1
2 4 1
4 4 1
5 4 0
5 3 0
4 5 0
5 2 0
6 1 0
4 6 0
0 0 1
board #90 11
3 4 0
3 5 1
2 5 0
2 6 0
3 2 1
4 2 0
4 1 0
0 0 0
board #91 9
3 4 0
3 5 1
2 5 0
1 6 0
3 2 1
4 2 0
4 1 1
5 1 0
0 0 0
board #92 10
3 4 1
2 4 1
4 4 1
5 3 1
1 4 1
6 3 1
0 0 0
board #93 8
3 4 0
3 5 1
2 5 1
4 4 0
4 5 1
5 4 0
5 5 0
4 6 0
3 2 1
4 2 1
5 2 1
2 3 1
6 1 1
1 3 1
0 0 0
board #94 16
3 4 1
2 4 0
2 5 0
2 6 0
3 2 0
4 1 0
0 0 1
board #95 8
3 4 0
3 5 1
2 5 1
4 4 0
4 5 0
4 6 0
3 2 0
3 1 1
4 1 0
0 0 1
board #96 11
3 4 0
3 5 0
3 2 1
4 2 0
4 1 1
5 1 0
2 6 0
0 0 0
board #97 9
2 5 0
1 6 1
2 6 0
2 4 1
3 4 0
3 2 1
4 2 1
2 3 0
2 2 1
5 2 0
4 3 0
5 1 0
0 0 1
board #98 14
3 4 1
2 4 0
2 5 1
1 5 0
1 6 0
3 2 0
3 1 0
0 0 1
board #99 9
3 4 1
2 4 1
4 4 0
4 3 0
3 5 1
4 5 1
5 4 1
1 4 0
1 5 0
1 6 1
2 6 1
6 3 0
6 4 1
0 0 0
board #100 15
3 4 0
3 5 0
3 2 1
4 2 1
5 2 0
6 1 0
4 3 1
5 3 1
2 3 0
2 2 0
2 1 1
3 1 1
1 1 0
1 2 0
2 6 1
3 6 0
0 0 0
board #101 18
2 5 0
3 4 1
2 4 0
2 6 0
3 2 1
4 2 1
2 2 0
2 3 1
5 2 0
4 3 0
5 1 1
6 1 0
0 0 1
board #102 14
3 4 1
2 4 0
2 5 0
2 6 0
3 2 0
4 1 0
0 0 0
board #103 8
3 4 0
3 5 1
2 5 1
4 4 0
4 5 0
3 6 0
3 2 1
4 2 0
4 1 1
5 1 1
6 1 1
2 3 1
1 3 0
1 4 1
0 0 0
board #104 16
3 4 1
2 4 0
2 5 1
1 5 1
4 4 1
5 3 0
5 4 1
6 3 1
0 0 0
board #105 10
3 4 1
2 4 1
4 4 0
4 3 0
3 5 1
4 5 1
5 4 1
1 4 1
6 3 0
6 4 0
5 3 0
5 5 1
6 5 0
5 6 1
6 6 1
0 0 1
board #106 17
3 4 1
2 4 1
4 4 0
4 3 0
3 5 0
3 2 1
5 2 0
5 1 1
6 1 0
2 6 1
3 6 0
0 0 1
board #107 13
3 4 1
2 4 1
4 4 1
5 4 0
5 3 1
6 3 1
1 4 1
0 0 1
board #108 9
3 4 1
2 4 0
2 5 1
1 5 0
1 6 1
4 4 0
4 3 1
5 3 1
6 2 0
6 3 0
6 1 1
5 2 0
5 1 0
5 4 1
6 4 1
0 0 0
board #109 17
3 4 0
3 5 1
2 5 0
1 6 1
2 6 0
3 2 1
4 2 0
4 1 1
5 1 1
6 1 1
2 3 0
2 2 1
1 3 1
0 0 0
board #110 15
3 4 1
2 4 1
4 4 1
5 4 1
1 4 0
1 5 0
1 6 0
2 3 1
1 3 1
6 4 1
0 0 1
board #111 12
3 4 0
3 5 0
3 2 1
4 2 0
5 1 0
2 6 0
0 0 1
board #112 8
3 4 1
2 4 0
2 5 1
1 6 1
4 4 1
5 4 0
5 3 1
6 2 1
0 0 0
board #113 10
3 4 1
2 4 0
2 5 0
1 6 1
2 6 0
3 2 0
3 1 1
4 1 1
5 1 0
4 2 0
0 0 0
board #114 12
3 4 0
3 5 0
3 2 1
4 2 1
5 2 0
4 3 0
6 1 0
2 6 0
0 0 0
board #115 10
3 4 0
3 5 1
2 5 1
4 4 0
4 5 0
4 6 0
3 2 1
4 2 0
5 1 0
0 0 0
board #116 11
3 4 1
2 4 0
2 5 1
1 6 1
4 4 1
5 4 0
5 3 1
6 3 1
0 0 1
board #117 10
3 4 1
2 4 1
4 4 0
4 3 0
3 5 1
4 5 1
5 4 0
5 5 0
5 6 0
3 2 0
3 1 0
0 0 0
board #118 13
2 5 1
3 5 0
3 4 1
4 4 0
4 3 0
2 6 0
3 2 1
4 2 0
4 1 1
5 1 0
0 0 1
board #119 12
3 4 1
2 4 0
2 5 1
1 5 1
4 4 0
4 3 1
5 3 1
6 3 1
0 0 0
board #120 10
3 4 0
3 5 0
3 2 0
2 6 0
3 1 1
4 1 0
0 0 0
board #121 8
3 4 1
2 4 1
4 4 0
4 3 1
5 3 1
6 3 1
1 5 1
0 0 0
board #122 9
3 4 1
2 4 1
4 4 1
5 4 0
5 3 0
4 5 0
5 2 1
4 3 1
6 2 1
1 4 0
1 5 1
0 0 1
board #123 13
3 4 0
3 5 0
3 2 0
3 6 0
3 1 0
0 0 1
board #124 7
3 4 0
3 5 1
2 5 1
4 4 1
1 5 1
5 4 0
5 3 0
5 5 0
5 2 1
4 3 0
3 2 1
4 2 1
6 1 1
2 3 0
2 2 1
1 3 1
0 0 1
board #125 18
3 4 0
3 5 0
3 2 1
4 2 1
5 2 1
2 3 0
2 2 0
2 1 1
3 1 0
2 6 1
3 6 0
0 0 0
board #126 13
3 4 1
2 4 1
4 4 0
4 3 1
5 3 0
5 2 0
3 5 1
4 5 0
5 1 0
4 6 0
0 0 0
board #127 12
3 4 0
3 5 0
3 2 1
4 2 0
4 1 1
5 1 0
2 6 1
3 6 0
0 0 0
board #128 10
3 4 0
3 5 0
3 2 1
4 2 1
5 2 1
2 3 1
6 1 0
6 2 1
1 4 1
0 0 0
board #129 11
3 4 1
2 4 0
2 5 1
1 5 0
1 6 1
4 4 0
4 3 1
5 3 0
5 2 0
4 5 0
5 1 0
3 6 1
4 6 0
0 0 1
board #130 15
3 4 1
2 4 1
4 4 1
5 4 0
5 3 1
6 2 1
1 4 0
1 5 1
0 0 1
board #131 10
3 4 1
2 4 1
4 4 1
5 4 0
5 3 1
6 2 1
1 4 1
0 0 0
board #132 9
3 4 1
2 4 1
4 4 0
4 3 1
5 3 0
5 2 0
3 5 0
5 1 1
6 1 0
2 6 1
3 6 1
1 6 1
4 6 0
4 5 1
5 5 1
6 4 0
6 5 0
6 6 0
6 3 0
0 0 1
board #133 21
3 4 1
2 4 1
4 4 1
5 4 0
5 3 1
6 3 1
1 5 1
0 0 1
board #134 9
3 4 1
2 4 1
4 4 0
4 3 1
5 3 1
6 2 0
6 3 1
1 4 0
1 5 0
1 6 0
2 3 0
4 2 1
2 2 1
3 2 0
3 1 0
0 0 0
board #135 17
2 5 1
3 5 1
4 5 0
4 4 0
4 3 1
3 4 1
5 3 0
5 2 0
5 1 1
6 1 1
4 2 0
4 1 1
3 2 0
3 1 1
2 2 1
1 2 1
0 0 1
board #136 18
2 5 1
3 5 1
4 5 1
1 6 1
5 4 0
5 5 0
5 3 0
5 6 0
5 2 1
4 3 0
3 2 1
4 2 1
6 1 0
6 2 0
0 0 1
board #137 16
3 4 0
3 5 0
4 2 0
2 6 1
3 6 1
1 6 1
4 5 1
5 4 0
5 5 1
6 4 1
0 0 1
board #138 12
3 4 1
2 4 0
2 5 0
2 6 0
3 2 0
3 1 1
4 1 0
0 0 1
board #139 9
3 4 1
2 4 0
2 5 0
2 6 0
3 2 0
3 1 1
4 1 1
5 1 0
4 2 0
0 0 0
board #140 11
3 4 0
3 5 1
2 5 0
1 6 1
2 6 1
4 4 1
5 4 0
5 3 0
5 5 1
4 5 1
6 4 0
6 5 1
0 0 1
board #141 14
3 4 0
3 5 0
3 2 0
2 6 1
3 6 0
4 1 0
0 0 0
board #142 8
3 4 1
2 4 0
2 5 1
1 5 0
1 6 1
4 4 1
5 4 0
5 3 0
4 5 1
5 5 0
5 2 1
4 3 1
6 2 1
0 0 1
board #143 15
3 4 0
3 5 0
3 2 1
4 2 1
5 2 0
4 3 0
5 1 1
6 1 1
2 3 0
2 2 0
2 1 1
3 1 0
2 6 0
0 0 1
board #144 15
3 4 0
3 5 1
2 5 1
4 4 1
1 5 0
1 6 1
5 4 0
5 3 0
5 5 0
5 2 0
4 6 1
5 6 0
6 1 0
0 0 0
board #145 15
3 4 1
2 4 1
4 4 1
5 4 1
1 4 0
1 5 1
6 4 1
0 0 0
board #146 9
3 4 1
2 4 1
4 4 0
4 3 1
5 3 0
5 2 0
3 5 1
4 5 0
5 1 1
6 1 0
3 6 1
4 6 1
5 5 1
6 4 0
6 5 1
1 4 0
1 5 0
1 6 1
2 5 0
2 6 0
2 3 0
4 2 0
0 0 0
board #147 24
3 4 0
3 5 1
2 5 1
4 4 0
4 5 1
5 4 0
5 5 1
6 5 1
1 5 1
0 0 0
board #148 11
3 4 0
3 5 0
4 2 0
2 6 0
4 1 0
0 0 1
board #149 7
3 4 0
3 5 1
2 5 1
4 4 0
4 5 0
3 6 1
4 6 1
5 5 0
5 6 1
6 5 1
1 5 0
1 6 1
0 0 0
board #150 14
3 4 1
2 4 1
4 4 1
5 3 1
6 2 0
6 3 1
1 4 1
0 0 1
board #151 9
3 4 1
2 4 0
2 5 1
1 5 0
1 6 1
4 4 0
4 3 0
4 5 0
3 6 0
3 2 1
4 2 1
5 2 0
5 1 1
6 1 0
0 0 0
board #152 16
3 4 1
2 4 0
2 5 0
1 6 0
3 2 0
3 1 1
4 1 1
5 1 0
4 2 1
5 2 0
4 3 1
2 2 0
2 1 0
0 0 1
board #153 15
3 4 1
2 4 0
2 5 1
1 5 0
1 6 1
4 4 1
5 4 0
5 3 1
6 2 0
6 3 0
6 1 0
4 5 0
3 6 0
0 0 0
board #154 15
3 4 1
2 4 1
4 4 1
5 4 1
1 4 0
1 5 1
6 3 0
6 4 1
0 0 1
board #155 10
2 5 0
3 4 1
2 4 0
1 6 0
4 2 0
4 1 1
5 1 1
6 1 0
5 2 1
6 2 0
5 3 1
6 3 1
3 2 1
2 2 0
2 3 1
1 3 0
1 4 0
2 1 1
3 1 1
1 1 1
0 0 0
board #156 22
3 4 0
3 5 0
3 2 0
3 6 0
3 1 0
0 0 1
board #157 7
3 4 1
2 4 0
2 5 1
1 5 0
1 6 1
4 4 0
4 3 1
5 3 1
6 3 1
0 0 0
board #158 11
3 4 1
2 4 1
4 4 0
4 3 1
5 3 0
5 2 1
6 1 0
6 2 1
1 5 1
0 0 0
board #159 11
3 4 1
2 4 1
4 4 1
5 4 0
5 3 0
4 5 1
5 5 1
6 5 1
1 4 1
0 0 0
board #160 11
3 4 0
3 5 0
4 2 0
2 6 1
3 6 0
4 1 1
5 1 1
6 1 1
3 2 0
3 1 1
2 2 1
1 3 1
0 0 1
board #161 14
3 4 1
2 4 1
4 4 1
5 4 1
1 4 1
6 4 1
0 0 1
board #162 8
3 4 1
2 4 1
4 4 0
4 3 1
5 3 1
6 3 1
1 4 0
1 5 1
0 0 0
board #163 10
3 4 1
2 4 1
4 4 0
4 3 1
5 3 0
5 2 0
3 5 1
4 5 1
5 5 0
5 4 0
4 6 1
5 6 1
6 5 0
6 6 1
1 5 1
0 0 0
board #164 17
3 4 1
2 4 0
2 5 1
1 5 0
1 6 0
3 2 1
4 2 0
4 1 1
5 1 0
0 0 0
board #165 11
3 4 0
3 5 1
2 5 1
4 4 1
1 5 0
1 6 0
2 4 0
3 2 0
4 1 0
0 0 1
board #166 11
3 4 0
3 5 1
2 5 1
4 4 1
1 5 1
5 4 0
5 3 1
6 3 1
0 0 1
board #167 10
3 4 0
3 5 1
2 5 0
2 6 0
3 2 0
4 1 0
0 0 1
board #168 8
3 4 0
3 5 1
2 5 0
2 6 0
3 2 0
3 1 1
4 1 0
0 0 1
board #169 9
3 4 1
2 4 0
2 5 1
1 5 0
1 6 0
4 2 0
5 1 0
0 0 1
board #170 9
3 4 1
2 4 0
2 5 1
1 6 1
4 4 1
5 3 1
6 3 1
0 0 1
board #171 9
2 5 1
3 5 1
1 5 1
4 5 0
4 4 1
5 4 1
6 3 1
0 0 0
board #172 9
3 4 1
2 4 1
4 4 0
4 3 0
3 5 1
4 5 1
5 4 0
5 5 0
4 6 1
5 6 0
3 2 0
3 1 1
4 1 1
5 1 1
6 1 0
5 2 1
6 2 0
5 3 1
6 3 0
0 0 1
board #173 21
3 4 0
3 5 0
3 2 0
2 6 1
3 6 0
3 1 1
4 1 0
0 0 0
board #174 9
3 4 0
3 5 1
2 5 0
1 6 1
2 6 1
4 4 1
5 4 0
5 3 0
5 5 1
4 5 0
5 2 1
4 3 1
6 1 1
0 0 1
board #175 15
3 4 0
3 5 1
2 5 1
4 4 1
1 6 1
5 4 1
6 3 1
0 0 0
board #176 9
3 4 0
3 5 0
4 2 1
3 2 0
4 1 0
2 6 1
3 6 1
1 6 0
2 5 0
0 0 0
board #177 11
3 4 0
3 5 0
3 2 1
4 2 1
2 3 0
2 2 0
3 1 0
2 6 1
3 6 1
1 6 0
2 5 1
1 5 1
4 5 1
5 4 0
5 5 0
4 4 0
4 6 0
0 0 1
board #178 19
3 4 1
2 4 0
2 5 1
1 5 1
4 4 0
4 3 0
4 5 1
3 5 0
3 6 0
3 2 0
4 1 0
0 0 1
board #179 13
3 4 1
2 4 1
4 4 1
5 4 0
5 3 0
4 5 0
5 2 1
4 3 0
3 2 0
3 6 1
4 6 0
3 1 1
4 1 0
0 0 0
board #180 15
3 4 0
3 5 1
2 5 1
4 4 1
1 5 0
1 6 0
2 4 1
1 4 1
5 4 1
6 3 0
6 4 1
0 0 1
board #181 13
3 4 1
2 4 1
4 4 0
4 3 0
3 5 0
3 2 0
2 6 1
3 6 1
1 6 1
4 5 1
5 4 0
5 5 1
6 4 0
6 5 0
6 6 0
4 1 0
0 0 0
board #182 18
3 4 0
3 5 1
2 5 0
1 6 0
3 2 0
3 1 0
0 0 0
board #183 8
3 4 0
3 5 0
3 2 0
3 6 0
3 1 1
4 1 0
0 0 0
board #184 8
3 4 1
2 4 1
4 4 1
5 4 0
5 3 1
6 2 1
1 5 1
0 0 1
board #185 9
3 4 0
3 5 0
3 2 0
2 6 1
3 6 1
1 6 1
4 5 0
4 6 1
5 5 0
5 6 0
3 1 1
4 1 1
5 1 0
4 2 0
0 0 0
board #186 16
3 4 1
2 4 0
2 5 1
1 5 1
4 4 0
4 3 1
5 3 0
5 2 1
6 1 1
0 0 0
board #187 11
3 4 0
3 5 1
2 5 0
1 6 0
3 2 0
3 1 0
0 0 1
board #188 8
2 5 1
3 5 0
3 4 1
4 4 0
4 3 0
2 6 1
3 6 1
4 5 1
5 4 1
1 6 1
6 4 1
0 0 1
board #189 13
3 4 1
2 4 1
4 3 1
5 3 0
5 2 0
5 4 1
4 4 0
3 5 0
5 1 0
2 6 1
3 6 0
0 0 0
board #190 13
3 4 0
3 5 0
3 2 0
2 6 0
3 1 0
0 0 0
board #191 7
3 4 0
3 5 0
3 2 1
4 2 1
5 2 1
2 3 0
2 2 0
2 1 1
3 1 0
2 6 1
3 6 1
1 6 1
4 5 1
5 4 0
5 5 1
6 4 0
6 5 0
4 4 1
5 3 1
6 1 1
0 0 0
board #192 22
3 4 0
3 5 1
2 5 0
2 6 0
3 2 1
4 2 1
5 2 1
2 3 0
2 2 0
3 1 0
0 0 1
board #193 12
3 4 1
2 4 0
2 5 1
1 5 1
4 4 1
5 4 1
6 3 0
6 4 0
6 2 1
5 3 0
5 2 0
5 5 0
5 6 0
5 1 1
6 1 1
4 2 0
4 1 0
0 0 1
board #194 19
3 4 1
2 4 1
4 4 0
4 3 1
5 3 0
5 2 1
6 1 0
6 2 0
3 5 0
2 6 0
0 0 1
board #195 12
2 5 1
3 5 1
4 4 0
4 5 0
4 3 0
3 6 0
3 2 0
4 1 0
0 0 0
board #196 10
3 4 1
2 4 0
2 5 0
1 6 1
2 6 0
3 2 1
4 2 1
2 2 1
5 2 1
6 1 0
6 2 1
1 2 1
0 0 0
board #197 14
3 4 1
2 4 0
2 5 0
1 6 0
3 2 0
3 1 1
4 1 0
0 0 0
board #198 9
3 4 1
2 4 1
4 4 0
4 3 0
3 5 0
3 2 1
4 2 0
4 1 0
3 6 0
0 0 1
board #199 11
3 4 0
3 5 1
2 5 0
1 6 1
2 6 0
3 2 0
3 1 1
4 1 1
5 1 1
6 1 0
5 2 1
6 2 1
2 2 1
1 2 1
0 0 1
board #200 16
3 4 1
2 4 1
4 4 1
5 3 1
1 4 0
1 5 1
6 3 1
0 0 1
board #201 9
3 4 0
3 5 0
4 2 0
2 6 1
3 6 0
4 1 1
5 1 0
0 0 1
board #202 9
3 4 0
3 5 0
3 2 0
2 6 1
3 6 1
1 6 0
2 5 0
3 1 1
4 1 0
0 0 1
board #203 11
3 4 0
3 5 0
4 2 0
2 6 1
3 6 1
1 6 0
2 5 1
1 5 0
2 4 0
4 1 1
5 1 0
0 0 1
board #204 13
3 4 0
3 5 1
2 5 1
4 4 0
4 5 1
5 4 1
1 5 1
6 3 0
6 4 0
5 3 1
6 2 0
6 1 1
5 2 1
0 0 0
board #205 15
3 4 1
2 4 0
2 5 1
1 5 0
1 6 0
3 2 1
4 2 0
5 1 0
0 0 0
board #206 10
2 5 0
3 4 1
2 4 1
4 4 1
1 4 1
5 4 1
6 3 0
6 4 0
5 5 0
6 2 0
6 1 1
5 2 1
5 3 1
0 0 1
board #207 15
3 4 0
3 5 0
3 2 0
2 6 0
4 1 0
0 0 1
board #208 7
3 4 1
2 4 1
4 4 0
4 3 0
3 5 0
3 2 0
3 6 0
3 1 1
4 1 1
5 1 0
4 2 1
5 2 0
0 0 0
board #209 14
3 4 1
2 4 0
2 5 0
2 6 0
3 2 0
3 1 1
4 1 0
0 0 0
board #210 9
2 5 1
3 5 0
3 4 0
3 6 0
3 2 0
3 1 1
4 1 1
5 1 0
4 2 0
0 0 0
board #211 11
3 4 1
2 4 1
4 4 0
4 3 0
3 5 1
4 5 1
5 4 1
1 5 1
6 3 1
0 0 1
board #212 11
2 5 0
3 4 0
3 2 0
2 6 0
3 1 1
4 1 1
5 1 0
4 2 0
0 0 1
board #213 10
3 4 1
2 4 0
2 5 1
1 5 0
1 6 0
3 2 0
3 1 0
0 0 1
board #214 9
3 4 0
3 5 0
3 2 1
4 2 1
5 2 0
4 3 1
5 3 0
6 1 0
4 4 0
2 6 1
3 6 1
1 6 0
2 5 1
1 5 1
4 6 0
4 5 1
5 5 0
5 4 0
0 0 1
board #215 20
3 4 0
3 5 1
2 5 1
4 4 0
4 5 0
4 6 0
3 2 1
4 2 1
5 2 1
2 3 1
6 2 1
1 4 1
0 0 0
board #216 14
3 4 0
3 5 0
3 2 1
4 2 0
4 1 0
2 6 1
3 6 1
1 6 0
2 5 1
1 5 0
2 4 0
0 0 1
board #217 13
3 4 0
3 5 1
2 5 0
1 6 0
3 2 1
4 2 0
4 1 1
5 1 1
6 1 1
2 3 1
1 3 0
1 4 0
1 2 1
2 2 0
2 1 1
3 1 0
1 5 1
2 4 1
0 0 1
board #218 20
2 5 0
3 2 1
4 2 0
3 4 0
5 1 0
2 6 0
0 0 1
board #219 8
3 4 1
2 4 0
2 5 1
1 5 0
1 6 1
4 4 0
4 3 0
4 5 1
3 5 0
2 6 1
3 6 0
3 2 1
4 2 1
5 2 0
6 1 0
0 0 0
board #220 17
3 4 0
3 5 1
2 5 0
1 6 1
2 6 1
4 4 1
5 4 0
5 3 1
6 3 1
0 0 0
board #221 11
3 4 0
3 5 1
2 5 0
1 6 0
3 2 1
4 2 1
2 3 0
2 2 0
2 1 1
3 1 1
1 1 0
1 2 1
5 2 0
4 3 0
6 1 0
0 0 0
board #222 17
3 4 0
3 5 1
2 5 1
4 4 1
1 5 1
5 4 0
5 3 0
5 2 1
4 3 0
5 5 1
4 5 1
6 4 0
6 5 1
0 0 1
board #223 15
3 4 0
3 5 1
2 5 0
1 6 1
2 6 0
3 2 1
4 2 0
5 1 0
0 0 0
board #224 10
3 4 0
3 5 0
3 2 1
4 2 0
4 1 1
5 1 1
6 1 1
2 3 1
1 3 0
1 4 1
0 0 1
board #225 12
3 4 0
3 5 1
2 5 1
4 4 0
4 5 1
5 4 0
5 5 0
4 6 0
3 2 1
4 2 0
4 1 1
5 1 1
6 1 1
2 3 1
1 3 0
1 4 1
0 0 0
board #226 18
3 4 0
3 5 0
3 2 1
4 2 1
5 2 1
2 3 0
2 2 0
2 1 1
3 1 0
2 6 1
3 6 1
1 6 1
4 5 0
4 6 0
0 0 0
board #227 16
3 4 1
2 4 1
4 4 1
5 4 1
1 4 0
1 5 0
1 6 0
2 3 1
1 3 0
2 2 1
1 2 1
6 3 0
6 4 0
6 2 1
5 3 0
5 2 0
5 5 1
6 5 0
5 6 1
6 6 1
0 0 1
board #228 22
3 4 1
2 4 0
2 5 0
1 6 0
3 2 1
4 2 0
4 1 1
5 1 1
6 1 1
2 2 0
2 3 1
1 4 1
0 0 1
board #229 14
3 4 0
3 5 0
4 2 0
2 6 1
3 6 0
4 1 1
5 1 1
6 1 1
3 2 1
2 3 1
1 3 0
1 4 1
0 0 0
board #230 14
3 4 0
3 5 1
2 5 1
4 4 0
4 5 1
5 4 0
5 5 0
4 6 1
5 6 1
6 5 1
1 5 1
0 0 0
board #231 13
3 4 0
3 5 0
3 2 1
4 2 1
5 2 1
2 3 0
2 2 0
2 1 1
3 1 0
2 6 1
3 6 0
0 0 1
board #232 13
3 4 0
3 5 0
3 2 0
2 6 0
3 1 1
4 1 0
0 0 0
board #233 8
3 4 0
3 5 0
3 2 0
2 6 1
3 6 0
3 1 1
4 1 0
0 0 0
board #234 9
3 4 0
3 5 0
3 2 1
4 2 0
4 1 0
2 6 1
3 6 0
0 0 1
board #235 9
3 4 1
2 4 1
4 4 0
4 3 1
5 3 1
1 4 1
6 2 0
6 3 0
6 1 1
5 2 0
5 4 1
6 4 0
5 1 1
4 2 0
5 5 1
6 5 1
0 0 0
board #236 18
3 4 1
2 4 0
2 5 0
1 6 0
3 2 0
3 1 1
4 1 0
0 0 0
board #237 9
3 4 1
2 4 1
4 4 0
4 3 0
4 5 0
3 2 1
4 2 0
4 1 1
5 1 1
6 1 0
5 2 1
6 2 1
2 3 0
2 2 1
1 2 1
0 0 0
board #238 17
3 4 0
3 5 1
2 5 0
1 6 0
3 2 0
3 1 1
4 1 0
0 0 1
board #239 9
3 4 1
2 4 0
2 5 1
1 5 0
1 6 0
3 2 0
3 1 0
0 0 0
board #240 9
3 4 0
3 5 0
3 2 0
2 6 1
3 6 1
1 6 0
2 5 0
3 1 1
4 1 0
0 0 1
board #241 11
3 4 0
3 5 1
2 5 1
4 4 1
1 5 0
1 6 1
5 4 0
5 3 1
6 2 0
6 3 1
0 0 1
board #242 12
3 4 1
2 4 1
4 4 1
5 4 1
1 4 0
1 5 1
6 3 0
6 4 1
0 0 0
board #243 10
3 4 1
2 4 1
4 4 0
4 3 1
5 3 0
5 2 1
6 1 0
6 2 0
3 5 0
2 6 1
3 6 0
0 0 0
board #244 13
3 4 0
3 5 1
2 5 0
1 6 1
2 6 0
3 2 0
3 1 1
4 1 0
0 0 0
board #245 10
3 4 0
3 5 0
3 2 0
2 6 1
3 6 0
3 1 0
0 0 0
board #246 8
3 4 0
3 5 0
3 2 1
4 2 0
4 1 1
5 1 1
6 1 1
2 3 1
1 4 1
0 0 1
board #247 11
3 4 0
3 5 0
3 2 1
4 2 1
5 2 0
4 3 1
5 3 1
2 3 0
2 2 0
2 1 0
2 6 0
0 0 1
board #248 13
3 4 1
2 4 0
2 5 1
1 5 0
1 6 1
4 4 0
4 3 0
3 5 0
3 6 0
3 2 1
4 2 0
4 1 0
0 0 1
board #249 14
3 4 1
2 4 0
2 5 1
1 6 1
4 4 0
4 3 1
5 3 0
5 2 0
3 5 0
5 1 0
2 6 1
3 6 0
0 0 1
board #250 14
3 4 0
3 5 1
2 5 0
1 6 1
2 6 1
4 4 1
5 4 0
5 3 0
5 5 1
4 5 1
6 4 0
6 5 0
6 6 0
5 2 0
5 1 1
6 1 1
4 2 1
4 3 1
0 0 1
board #251 20
2 5 1
3 5 1
4 5 1
1 5 1
5 4 1
6 4 1
0 0 0
board #252 8
3 4 1
2 4 0
2 5 0
1 6 1
2 6 0
3 2 1
4 2 0
4 1 0
0 0 0
board #253 10
3 4 1
2 4 1
4 4 1
5 4 0
5 3 1
6 3 1
1 4 0
1 5 0
1 6 0
2 3 0
4 2 0
4 1 0
0 0 0
board #254 14
3 4 0
3 5 0
3 2 1
4 2 0
4 1 1
5 1 1
6 1 0
5 2 1
6 2 1
2 3 0
2 2 1
1 2 0
1 3 1
0 0 1
board #255 15
3 4 1
2 4 0
2 5 0
1 6 1
2 6 0
4 2 1
3 2 0
3 1 1
4 1 0
0 0 0
board #256 11
2 5 1
3 5 1
4 5 0
4 4 1
5 4 0
5 3 1
6 2 0
6 3 1
1 5 1
0 0 0
board #257 11
3 4 0
3 5 0
3 2 1
4 2 1
5 2 1
2 3 1
6 1 0
6 2 0
5 3 1
6 3 1
1 3 1
0 0 1
board #258 13
3 4 0
3 5 1
2 5 0
1 6 1
2 6 0
3 2 1
4 2 0
5 1 0
0 0 0
board #259 10
3 4 1
2 4 0
2 5 0
1 6 1
2 6 0
3 2 1
4 2 1
5 2 0
4 3 0
5 1 1
6 1 0
0 0 0
board #260 13
3 4 0
3 5 0
3 2 0
2 6 1
3 6 1
1 6 1
4 5 0
4 6 0
3 1 0
0 0 1
board #261 11
3 4 0
3 5 1
2 5 1
4 4 0
4 5 1
5 4 0
5 5 1
6 5 1
1 6 1
0 0 1
board #262 11
3 4 1
2 4 1
4 4 0
4 3 1
5 3 0
5 2 0
3 5 0
5 1 1
6 1 0
2 6 0
0 0 0
board #263 12
3 4 1
2 4 0
2 5 1
1 5 1
4 4 0
4 3 0
4 5 0
4 6 0
3 2 1
4 2 0
4 1 1
5 1 0
0 0 1
board #264 14
3 4 1
2 4 0
2 5 0
1 6 1
2 6 1
3 5 1
4 5 0
4 4 0
4 3 1
5 3 1
6 3 1
0 0 0
board #265 13
3 4 0
3 5 1
2 5 1
4 4 1
1 5 1
5 3 1
6 2 0
6 3 0
6 1 0
6 4 1
5 4 0
5 5 1
4 5 0
3 6 1
4 6 0
0 0 0
board #266 17
3 4 1
2 4 1
4 4 1
5 4 0
5 3 1
6 3 1
