4 5 1
3 5 1
5 4 1
2 5 0
2 6 0
3 4 1
2 4 1
1 4 1
6 4 0
6 3 1
7 2 1
0 0 0
board #1 13
4 3 0
4 5 0
4 2 1
5 2 1
6 2 1
3 3 0
3 2 1
2 3 1
7 1 1
1 3 1
0 0 1
board #2 12
4 5 0
4 3 0
4 6 0
4 2 0
4 1 0
4 7 0
0 0 0
board #3 8
4 3 0
4 5 0
4 6 1
3 6 1
2 6 0
3 5 1
2 5 1
5 5 1
6 4 1
1 6 1
7 4 1
0 0 0
board #4 13
4 5 1
3 5 0
3 6 1
2 6 0
2 7 0
4 3 0
4 2 1
5 2 1
3 3 0
3 2 1
6 2 1
2 3 0
2 2 1
1 3 1
7 1 1
0 0 1
board #5 17
4 3 1
5 3 0
5 2 0
4 5 1
3 5 0
3 6 1
2 6 0
1 7 0
6 1 0
0 0 0
board #6 11
4 5 1
3 5 1
5 5 1
2 5 1
6 5 0
6 4 0
6 3 1
5 4 0
5 6 1
6 6 1
7 5 0
7 6 0
6 7 0
4 3 1
5 3 0
5 2 1
6 2 0
6 1 0
0 0 1
board #7 20
4 3 0
4 5 0
4 6 1
3 6 0
4 2 1
5 2 0
3 7 0
5 1 0
0 0 0
board #8 10
4 5 1
3 5 1
5 4 0
5 5 0
4 6 0
4 3 0
4 2 1
5 2 1
6 2 0
6 1 1
7 1 0
6 3 0
3 7 1
4 7 1
5 6 0
5 7 1
6 6 0
6 7 0
0 0 0
board #9 20
4 5 1
3 5 1
5 5 0
5 4 1
6 4 0
6 3 0
6 2 1
5 3 1
7 1 0
7 2 0
4 6 0
3 7 0
0 0 1
board #10 14
4 3 0
4 5 0
4 2 0
4 6 1
3 6 0
2 7 1
3 7 1
1 7 1
5 5 1
6 4 1
7 3 0
7 4 1
0 0 1
board #11 14
4 5 1
3 5 1
5 4 0
5 5 1
6 4 0
6 5 1
2 5 0
2 6 0
3 4 0
1 7 0
3 3 0
3 2 0
3 1 1
4 1 0
0 0 1
board #12 16
4 3 1
5 3 1
6 3 1
3 3 1
2 3 1
7 3 1
1 3 1
0 0 0
board #13 9
4 5 0
4 3 0
4 2 0
4 6 1
3 6 1
5 5 1
2 6 1
1 7 1
6 5 1
7 4 1
0 0 1
board #14 12
4 5 1
3 5 1
5 4 0
5 5 1
2 5 1
6 4 1
1 6 1
7 3 0
7 4 0
6 3 1
7 2 0
7 1 1
6 2 1
0 0 1
board #15 15
4 3 1
5 3 1
3 4 0
3 3 1
6 3 1
2 4 0
2 3 1
1 4 1
7 3 1
0 0 1
board #16 11
4 5 0
4 3 1
5 3 1
3 4 0
3 3 0
4 2 1
3 2 1
2 3 1
6 3 0
6 2 0
5 4 0
7 1 0
4 6 0
3 7 1
4 7 0
0 0 1
board #17 17
4 5 0
4 3 1
5 3 0
5 2 1
6 2 0
7 1 0
4 6 1
3 6 1
5 5 0
5 6 1
2 6 0
3 5 0
1 7 0
0 0 1
board #18 15
4 3 1
5 3 0
5 2 1
6 2 1
3 4 1
7 1 1
2 4 0
2 5 0
2 3 1
3 3 1
1 3 1
0 0 1
board #19 13
4 5 1
3 5 1
5 5 1
2 5 0
2 6 0
3 4 0
1 7 1
2 7 1
3 6 0
3 7 1
4 6 0
4 7 1
5 6 1
6 6 1
7 5 0
7 6 1
0 0 0
board #20 18
4 3 1
5 3 0
5 2 1
6 2 1
3 4 1
7 1 0
7 2 0
6 3 1
7 3 0
6 4 0
5 5 0
4 6 0
3 7 1
4 7 1
5 6 1
2 7 1
1 7 1
6 6 1
7 5 0
7 6 1
0 0 1
board #21 22
4 3 1
5 3 1
3 4 0
3 3 0
4 2 1
3 2 1
2 3 1
6 3 0
6 2 0
5 4 1
6 4 0
5 5 1
6 5 1
7 4 0
7 5 0
6 6 1
7 6 1
1 3 0
1 4 0
2 4 0
1 2 1
2 2 0
3 1 0
3 6 0
3 5 1
4 5 1
2 5 0
2 6 0
1 7 1
2 7 1
3 7 1
4 6 1
0 0 0
board #22 34
4 5 1
3 5 1
5 5 1
2 5 0
2 6 0
3 4 0
1 7 1
2 7 1
3 6 0
3 7 0
3 3 1
4 3 0
4 2 1
5 2 0
5 1 1
6 1 0
0 0 0
board #23 18
5 2 0
4 5 0
4 3 1
5 3 0
4 6 0
5 1 1
6 1 1
7 1 0
6 2 0
3 7 0
0 0 1
board #24 12
4 3 1
5 3 1
3 4 0
3 3 0
4 2 1
3 2 0
3 1 0
4 5 0
4 6 0
3 7 1
4 7 1
5 6 1
2 7 1
1 7 1
6 6 1
7 5 1
0 0 0
board #25 18
4 3 1
5 3 0
5 2 0
4 5 0
4 6 1
3 6 1
2 6 1
5 5 1
6 4 1
1 6 0
1 7 1
7 3 0
7 4 0
6 3 0
7 5 0
7 6 0
6 7 0
5 1 0
0 0 0
board #26 20
4 5 1
3 5 1
5 4 1
2 5 0
2 6 1
1 6 0
1 7 0
3 4 0
3 3 0
3 2 0
3 1 0
0 0 0
board #27 13
4 3 1
5 3 1
3 3 1
6 3 0
6 2 0
5 4 1
6 4 0
5 5 1
6 5 0
5 6 1
6 6 1
7 6 1
2 3 0
2 4 1
1 4 1
0 0 0
board #28 17
4 3 0
4 5 1
3 5 1
5 4 0
5 5 1
6 4 0
6 5 0
5 6 1
6 6 0
5 7 1
6 7 1
7 6 0
7 7 0
4 2 1
5 2 0
5 1 1
6 1 1
7 1 0
6 2 1
7 2 0
7 3 0
0 0 0
board #29 23
4 3 1
5 3 1
3 4 0
3 3 1
6 3 1
2 4 0
2 3 0
3 2 0
4 5 1
2 6 1
5 4 1
3 6 0
3 5 0
2 7 1
3 7 0
3 1 1
4 1 0
0 0 1
board #30 19
4 3 1
5 3 1
3 3 1
6 3 1
2 3 1
7 2 0
7 3 1
1 3 0
1 4 0
2 2 0
1 5 0
1 6 1
2 5 1
3 4 1
0 0 0
board #31 16
4 3 0
4 5 0
4 2 0
4 6 0
3 7 0
4 1 0
0 0 0
board #32 8
4 3 1
5 3 1
6 3 1
3 4 0
3 3 0
4 2 1
3 2 1
2 3 0
2 2 1
1 3 1
7 3 1
0 0 1
board #33 13
4 3 0
4 5 1
3 5 1
5 4 1
2 5 1
6 3 1
1 5 0
1 6 1
7 2 0
7 3 1
0 0 0
board #34 12
4 5 0
4 3 0
4 6 1
3 6 1
5 5 1
2 6 1
1 6 0
1 7 1
6 5 1
7 5 1
0 0 1
board #35 12
4 5 1
3 5 1
2 5 1
5 5 1
6 5 1
1 6 1
7 4 0
7 5 1
0 0 1
board #36 10
4 3 0
4 5 1
3 5 1
5 4 1
2 5 0
2 6 1
1 6 0
1 7 1
6 4 0
6 3 0
5 5 0
6 2 0
4 6 0
7 1 0
3 7 1
4 7 1
5 6 0
5 7 0
0 0 0
board #37 20
4 5 1
3 5 1
5 4 1
2 5 1
6 4 1
1 5 0
1 6 0
1 7 0
2 4 1
1 4 0
2 3 0
3 2 1
2 2 1
3 3 0
4 2 0
4 1 0
0 0 0
board #38 18
4 5 1
3 5 1
5 4 0
5 5 1
6 4 0
6 5 0
5 6 0
4 3 0
4 2 1
5 2 1
6 2 0
7 1 0
5 3 0
4 7 0
0 0 1
board #39 16
4 3 1
5 3 1
3 3 0
3 4 0
3 2 0
4 5 0
4 6 0
4 1 0
4 7 0
0 0 0
board #40 11
4 3 1
5 3 1
3 3 1
6 3 0
6 2 0
5 4 0
7 1 0
5 5 1
4 5 0
4 6 0
3 7 1
4 7 0
0 0 0
board #41 14
4 3 1
5 3 0
5 2 1
6 2 0
6 1 1
7 1 1
3 4 0
3 3 0
3 2 0
3 1 1
4 1 0
4 5 0
4 6 1
3 6 0
3 7 0
0 0 1
board #42 17
4 5 1
3 5 0
3 6 1
2 6 0
1 7 1
2 7 1
5 4 0
5 5 1
6 4 1
7 4 1
0 0 0
board #43 12
4 3 1
5 3 0
5 2 0
4 5 1
3 5 1
5 5 0
5 4 0
4 6 1
5 6 0
4 7 1
5 7 1
6 6 1
2 5 0
2 6 0
3 4 1
2 4 1
7 5 0
7 6 0
6 5 0
6 7 0
6 1 0
0 0 0
board #44 23
4 3 1
5 3 1
3 3 1
6 3 0
6 2 0
5 4 1
6 4 0
5 5 1
6 5 1
7 4 1
2 3 0
2 4 0
2 5 1
3 4 0
4 5 0
3 2 0
4 6 1
3 6 1
2 6 1
1 5 0
1 6 0
1 7 1
0 0 0
board #45 24
4 5 0
4 3 0
4 2 0
4 6 1
3 6 0
2 7 1
3 7 1
1 7 0
2 6 1
1 6 1
5 5 0
5 6 1
6 5 1
7 4 1
0 0 1
board #46 16
4 3 0
4 5 0
4 6 0
4 2 1
5 2 0
6 1 0
3 7 0
0 0 1
board #47 9
4 5 0
4 3 0
4 2 0
4 6 0
5 1 0
3 7 1
4 7 1
5 6 1
2 7 1
1 7 0
2 6 1
1 6 1
6 5 0
6 6 0
5 5 1
6 4 0
5 4 0
6 7 0
0 0 0
board #48 20
4 5 0
4 3 1
5 3 1
3 4 0
3 3 1
2 4 1
6 3 1
7 2 0
7 3 0
7 1 0
6 4 0
5 5 0
5 6 1
4 6 0
3 7 1
4 7 0
0 0 0
board #49 18
4 5 1
3 5 0
3 6 0
4 3 1
5 3 0
5 2 1
6 2 1
3 4 1
7 2 1
2 5 1
1 5 0
1 6 1
0 0 1
board #50 14
4 3 1
5 3 0
5 2 0
4 5 0
4 6 0
5 1 1
6 1 0
3 7 1
4 7 1
2 7 1
5 6 0
5 7 0
0 0 1
board #51 14
4 3 1
5 3 1
3 4 1
6 3 0
6 2 1
7 1 1
2 5 1
1 5 1
0 0 0
board #52 10
4 3 0
4 5 0
4 6 1
3 6 0
4 2 1
5 2 1
3 3 1
6 2 0
5 3 0
6 1 0
2 7 1
3 7 1
1 7 0
2 6 0
0 0 1
board #53 16
4 5 1
3 5 0
3 6 0
4 3 0
4 2 0
2 7 1
3 7 0
5 1 0
0 0 0
board #54 10
4 5 0
4 3 1
5 3 0
5 2 1
6 2 0
6 1 0
4 6 0
3 7 0
0 0 0
board #55 10
4 5 1
3 5 1
5 5 0
5 4 1
6 4 0
6 3 0
6 2 1
5 3 1
7 1 0
7 2 1
2 5 1
1 6 1
0 0 0
board #56 14
4 5 1
3 5 0
3 6 1
2 6 1
5 4 0
5 5 1
6 4 0
6 5 1
1 6 1
7 4 0
7 5 1
0 0 0
board #57 13
4 5 1
3 5 1
5 5 1
2 5 1
6 4 1
1 5 0
1 6 0
1 7 0
2 4 1
1 4 1
7 3 1
0 0 0
board #58 13
4 3 1
5 3 0
5 2 0
4 5 0
4 6 1
3 6 1
2 6 0
3 5 1
2 5 0
3 4 0
1 7 1
2 7 0
6 1 0
0 0 1
board #59 15
4 3 1
5 3 0
5 2 0
4 5 1
3 5 1
5 5 0
5 4 1
6 3 0
6 4 1
2 5 0
2 6 0
3 4 1
2 4 1
7 3 0
7 4 0
6 5 0
4 6 0
6 1 0
4 7 0
0 0 0
board #60 21
4 5 0
4 3 0
4 2 1
5 2 1
3 3 0
3 2 1
2 3 1
6 2 1
7 2 1
1 4 1
0 0 1
board #61 12
4 3 0
4 5 0
4 6 0
4 2 1
5 2 1
6 2 0
5 3 0
6 1 1
7 1 1
3 3 0
3 2 1
2 3 1
1 4 1
0 0 1
board #62 15
4 3 1
5 3 1
3 4 0
3 3 1
2 4 1
6 3 1
7 3 1
1 4 0
1 5 1
0 0 0
board #63 11
4 3 0
4 5 1
3 5 0
3 6 1
2 6 0
1 7 0
4 2 1
5 2 0
5 1 0
0 0 0
board #64 11
4 3 0
4 5 0
4 6 1
3 6 1
2 6 0
3 5 0
1 7 0
4 2 0
4 1 1
5 1 0
0 0 1
board #65 12
4 3 1
5 3 0
5 2 0
4 5 0
4 6 1
3 6 0
2 7 1
3 7 0
6 1 0
0 0 0
board #66 11
4 5 0
4 3 1
5 3 1
3 4 0
3 3 1
2 4 1
6 3 1
7 2 0
7 3 0
7 1 0
6 4 0
5 5 0
5 6 1
3 6 1
4 6 0
4 7 0
0 0 0
board #67 18
4 3 1
5 3 1
3 4 0
3 3 0
4 2 1
3 2 0
3 1 1
4 1 0
4 5 0
4 6 0
4 7 0
0 0 1
board #68 13
4 3 0
4 5 0
4 2 0
4 6 0
3 7 0
4 1 0
0 0 0
board #69 8
4 3 0
4 5 1
3 5 0
3 6 1
2 6 0
1 7 0
5 2 0
6 1 0
0 0 0
board #70 10
4 5 0
4 3 1
5 3 1
3 4 0
3 3 0
4 2 1
3 2 1
2 3 1
6 3 1
1 3 0
1 4 1
7 3 1
0 0 1
board #71 14
4 5 0
4 3 0
4 2 0
4 6 1
3 6 1
2 6 1
5 5 0
5 6 0
4 7 1
5 7 1
6 6 1
1 7 1
7 6 1
0 0 0
board #72 15
4 5 1
3 5 1
5 4 0
5 5 0
4 6 1
5 6 0
4 3 1
5 3 1
6 3 0
6 2 0
5 7 0
6 1 1
7 1 0
0 0 0
board #73 15
4 5 1
3 5 0
3 6 0
4 3 0
4 2 0
2 7 1
3 7 1
1 7 1
4 6 0
4 7 0
4 1 1
5 1 0
0 0 1
board #74 14
4 5 0
4 3 0
4 2 0
4 6 0
4 1 1
5 1 0
4 7 0
0 0 0
board #75 9
4 5 1
3 5 1
5 4 1
2 5 1
6 4 0
6 3 1
7 2 1
1 5 0
1 6 1
0 0 1
board #76 11
4 3 1
5 3 1
3 4 1
6 3 0
6 2 1
7 2 1
2 5 1
1 5 0
1 6 1
0 0 1
board #77 11
4 5 0
4 3 0
4 2 1
5 2 1
6 2 1
3 3 0
3 2 1
2 3 0
2 2 1
1 2 0
1 3 1
7 1 0
7 2 0
6 3 0
5 3 1
5 4 1
6 4 0
5 5 0
5 6 0
4 7 1
5 7 0
0 0 1
board #78 23
4 5 0
4 3 0
4 2 1
5 2 0
5 1 1
6 1 0
4 6 0
3 7 1
4 7 1
2 7 1
5 6 0
5 7 1
6 6 1
1 7 0
2 6 1
1 6 0
2 5 0
3 4 1
3 5 1
2 4 1
1 5 1
7 6 1
0 0 1
board #79 24
4 3 1
5 3 1
3 4 1
6 3 1
2 4 1
7 3 1
1 5 1
0 0 1
board #80 9
4 3 1
5 3 1
6 3 0
6 2 1
7 1 0
7 2 0
5 4 0
5 5 0
5 6 0
4 7 1
5 7 1
3 7 0
4 6 1
3 6 0
3 5 1
4 5 0
0 0 1
board #81 18
4 3 0
4 5 1
3 5 0
3 6 0
4 2 1
5 2 1
6 2 0
5 3 1
6 3 0
5 4 0
6 1 1
7 1 1
3 3 0
3 2 1
2 3 0
2 2 0
2 1 0
2 7 0
0 0 1
board #82 20
4 5 1
3 5 0
3 6 0
4 3 0
4 2 0
3 7 0
5 1 0
0 0 0
board #83 9
4 5 0
4 3 1
5 3 0
5 2 1
6 2 0
6 1 1
7 1 0
4 6 1
3 6 0
3 7 0
0 0 1
board #84 12
4 3 1
5 3 1
3 4 1
6 3 0
6 2 0
5 4 1
6 4 0
5 5 0
7 1 0
4 6 1
5 6 1
4 5 0
3 6 1
6 6 0
6 5 0
5 7 0
0 0 1
board #85 18
4 5 0
4 3 0
4 2 1
5 2 0
5 1 0
4 6 1
3 6 1
5 5 0
5 6 1
2 6 0
3 5 1
2 5 1
6 5 1
1 5 1
7 4 0
7 5 1
0 0 1
board #86 18
4 3 0
4 5 1
3 5 1
5 4 0
5 5 0
4 6 1
5 6 0
4 7 0
4 2 0
4 1 0
0 0 0
board #87 12
4 3 1
5 3 0
5 2 1
6 2 0
6 1 1
7 1 1
3 4 0
3 3 0
4 2 0
4 1 1
5 1 0
4 5 0
4 6 1
3 6 0
2 7 1
3 7 0
0 0 1
board #88 18
4 5 0
4 3 1
5 3 1
3 4 0
3 3 1
2 4 1
6 3 1
7 3 1
1 4 1
0 0 1
board #89 11
4 5 1
3 5 1
5 4 1
2 5 1
6 4 1
1 5 0
1 6 1
7 4 1
0 0 1
board #90 10
4 5 1
3 5 1
2 5 1
5 4 1
6 4 1
1 5 0
1 6 0
1 7 0
2 4 0
3 3 0
3 2 0
3 1 1
4 1 1
2 2 1
4 2 0
5 1 1
5 2 0
6 1 1
7 1 1
1 3 1
0 0 0
board #91 22
4 5 1
3 5 0
3 6 1
2 6 0
1 7 0
4 3 1
5 3 0
5 2 0
6 1 0
0 0 0
board #92 11
4 5 1
3 5 0
3 6 1
2 6 0
1 7 0
4 3 1
5 3 1
3 3 0
3 4 1
2 4 1
6 3 0
6 2 0
5 4 0
6 1 1
7 1 0
0 0 1
board #93 17
4 5 1
3 5 1
5 5 0
5 4 1
6 4 1
2 5 0
2 6 1
1 6 0
1 7 1
7 3 1
0 0 1
board #94 12
4 3 1
5 3 1
3 3 1
6 3 1
2 4 0
2 3 0
3 2 0
3 4 0
4 5 1
3 5 1
5 4 1
2 5 0
2 6 1
1 6 0
1 7 1
7 3 1
0 0 1
board #95 18
4 3 1
5 3 1
6 3 0
6 2 1
7 1 1
3 3 0
3 4 1
2 4 0
2 5 0
2 6 0
4 2 1
3 2 1
2 2 0
2 3 0
2 1 1
3 1 1
1 1 1
0 0 1
board #96 19
4 5 0
4 3 0
3 6 0
4 2 1
5 2 1
6 2 0
5 3 1
6 3 1
3 3 1
2 3 1
7 2 0
7 3 1
1 3 0
1 4 0
2 4 0
2 2 1
1 2 0
1 1 0
3 4 0
2 7 1
3 7 0
0 0 1
board #97 23
4 3 0
4 5 1
3 5 0
3 6 1
2 6 1
5 4 0
5 5 0
5 6 0
4 2 1
5 2 0
6 1 0
4 7 1
5 7 1
6 6 1
4 6 1
1 6 1
7 5 0
7 6 1
0 0 0
board #98 20
4 5 0
4 3 1
5 3 0
5 2 1
6 2 1
3 4 0
3 3 0
3 2 0
4 6 1
3 6 0
2 7 0
3 1 1
4 1 1
2 2 0
2 1 1
5 1 1
1 1 1
7 1 1
0 0 1
board #99 20
4 5 1
3 5 1
5 4 1
2 5 1
6 4 0
6 3 0
6 2 1
5 3 0
6 5 0
5 2 0
5 6 0
4 7 0
6 1 0
0 0 0
board #100 15
4 3 1
5 3 0
5 2 0
4 5 0
4 6 1
3 6 0
2 7 1
3 7 1
1 7 0
2 6 1
1 6 1
5 5 0
5 6 0
5 7 0
5 1 1
6 1 0
0 0 0
board #101 18
4 5 1
3 5 0
3 6 1
2 6 1
5 4 1
1 6 1
6 4 1
7 3 0
7 4 0
7 2 0
6 5 0
7 1 0
5 6 1
6 6 0
5 7 0
0 0 1
board #102 17
4 5 1
3 5 0
3 6 1
2 6 0
1 7 1
2 7 1
5 4 0
5 5 0
5 6 1
4 6 1
6 5 0
6 6 1
7 5 0
7 6 0
6 7 0
4 3 0
4 2 1
5 2 0
5 1 1
6 1 1
7 1 0
6 2 0
0 0 0
board #103 24
4 3 0
4 5 0
4 2 1
5 2 1
3 3 0
3 2 0
4 6 1
3 6 1
5 5 0
5 6 1
2 6 1
6 5 0
6 6 0
6 7 0
3 1 0
0 0 1
board #104 17
4 3 1
5 3 1
3 4 0
3 3 1
2 4 1
6 3 1
7 3 1
1 4 0
1 5 1
0 0 0
board #105 11
4 5 1
3 5 0
3 6 1
2 6 1
5 4 0
5 5 1
6 5 1
1 6 0
1 7 1
7 4 0
7 5 0
6 4 0
6 6 1
7 6 0
6 7 1
7 7 0
4 3 1
6 2 1
5 2 0
5 3 1
3 4 1
7 1 1
2 5 0
2 4 1
1 4 0
1 5 0
2 3 1
1 3 1
0 0 0
board #106 30
4 3 0
4 5 0
4 6 1
3 6 1
5 5 1
2 6 0
3 5 1
2 5 0
3 4 1
2 4 0
3 3 1
2 3 1
1 4 1
6 4 1
7 4 1
0 0 0
board #107 17
4 3 1
5 3 0
5 2 0
4 5 1
3 5 1
5 5 0
5 4 1
6 4 1
2 5 0
2 6 0
3 4 1
2 4 0
3 3 0
4 2 0
1 7 1
2 7 0
4 1 1
6 1 0
0 0 0
board #108 20
4 5 1
3 5 1
5 4 0
5 5 0
4 6 0
4 3 0
4 2 1
5 2 1
6 2 1
3 3 0
3 2 0
3 1 0
4 7 0
0 0 0
board #109 15
4 5 1
3 5 1
5 5 1
2 5 1
6 5 1
1 5 1
7 4 1
0 0 1
board #110 9
4 5 0
4 3 0
4 2 0
4 6 1
3 6 0
3 7 0
4 1 1
5 1 0
0 0 1
board #111 10
4 3 0
4 5 1
3 5 1
5 5 1
2 5 0
2 6 0
3 4 1
2 4 1
1 5 1
6 4 0
6 5 1
7 5 1
0 0 0
board #112 14
4 3 0
4 5 0
4 2 1
5 2 1
3 3 1
6 2 0
5 3 0
7 1 0
4 6 0
3 7 0
0 0 1
board #113 12
3 6 1
2 6 0
1 7 1
2 7 0
3 5 0
4 3 1
5 3 0
5 2 1
6 2 1
3 3 1
7 1 1
2 4 1
1 4 0
1 5 0
2 3 1
1 3 0
1 6 1
2 5 1
0 0 0
board #114 20
4 3 1
5 3 1
6 3 1
3 4 1
2 4 1
7 2 1
1 5 1
0 0 0
board #115 9
4 3 0
4 5 1
3 5 0
3 6 0
4 2 1
5 2 1
6 2 1
3 3 0
3 2 1
2 3 0
2 2 0
2 1 0
2 7 0
0 0 0
board #116 15
4 5 0
4 3 1
5 3 0
5 2 0
4 6 0
6 1 0
3 7 1
4 7 1
5 6 0
5 7 0
0 0 0
board #117 12
4 5 0
4 3 0
4 2 0
4 6 1
3 6 1
2 6 1
5 5 0
5 6 1
6 5 1
1 6 0
1 7 0
2 5 0
3 4 1
3 5 1
2 4 0
3 3 1
2 3 1
1 3 0
1 4 0
2 2 1
1 2 0
1 1 0
0 0 1
board #118 24
4 5 0
4 3 0
4 6 0
4 2 1
5 2 0
5 1 0
4 7 0
0 0 1
board #119 9
4 3 0
4 5 0
4 2 1
5 2 0
5 1 1
6 1 1
7 1 0
6 2 1
7 2 0
6 3 1
7 3 1
3 3 0
3 2 0
3 1 0
4 6 1
3 6 1
5 5 0
5 6 0
5 7 0
0 0 1
board #120 21
4 5 0
4 3 0
4 2 1
5 2 1
6 2 0
5 3 0
6 1 1
7 1 0
4 6 0
3 7 0
0 0 0
board #121 12
4 5 1
3 5 0
3 6 1
2 6 1
5 4 1
1 6 0
1 7 0
2 5 1
1 5 1
6 4 1
7 4 1
0 0 0
board #122 13
4 3 1
5 3 0
5 2 0
4 5 0
4 6 1
3 6 0
2 7 0
6 1 0
0 0 1
board #123 10
4 3 1
5 3 0
5 2 0
4 5 1
3 5 0
3 6 1
2 6 1
5 5 0
5 4 0
5 6 0
4 7 0
5 1 1
6 1 0
0 0 0
board #124 15
4 5 0
4 3 0
4 6 0
4 2 0
3 7 0
4 1 0
0 0 0
board #125 8
4 5 1
3 5 1
5 5 1
2 5 0
2 6 0
3 4 0
1 7 0
3 3 1
4 3 0
4 2 1
5 2 1
6 2 0
5 3 0
6 1 1
7 1 1
2 3 0
2 4 0
2 2 0
2 1 1
3 1 1
1 1 0
1 2 1
3 2 1
0 0 1
board #126 25
4 5 1
3 5 1
5 4 1
2 5 1
6 4 0
6 3 0
6 2 1
5 3 0
6 5 1
5 5 1
7 5 1
1 5 1
0 0 1
board #127 14
4 5 0
4 3 1
5 3 0
5 2 1
6 2 0
6 1 1
7 1 1
3 4 0
3 3 1
2 4 0
2 3 1
1 3 1
0 0 1
board #128 14
4 5 0
4 3 1
5 3 0
5 2 0
4 6 1
3 6 0
2 7 1
3 7 0
5 1 1
6 1 0
0 0 1
board #129 12
4 3 1
5 3 1
3 3 0
3 4 0
4 2 1
3 2 0
4 5 1
3 5 0
3 6 1
2 6 0
1 7 0
3 1 1
4 1 0
0 0 1
board #130 15
4 3 1
5 3 0
5 2 0
4 5 0
4 6 0
6 1 0
4 7 0
0 0 0
board #131 9
4 5 0
4 3 0
4 2 0
4 6 1
3 6 0
2 7 1
3 7 1
1 7 1
5 5 0
5 6 0
4 7 1
5 7 0
5 1 0
0 0 0
board #132 15
4 5 1
3 5 0
3 6 0
4 3 1
5 3 1
3 3 0
3 4 1
2 4 1
6 3 0
6 2 0
5 4 0
6 1 1
7 1 0
2 7 0
0 0 1
board #133 16
4 3 1
5 3 1
3 3 0
3 4 0
4 2 0
4 5 0
4 6 1
3 6 0
3 7 0
5 1 0
0 0 0
board #134 12
4 5 1
3 5 0
3 6 0
4 3 1
5 3 1
3 3 0
3 4 0
4 2 0
3 7 0
4 1 0
0 0 1
board #135 12
4 5 1
3 5 1
2 5 1
5 5 1
6 4 1
1 5 0
1 6 1
7 4 1
0 0 1
board #136 10
4 3 0
4 5 1
3 5 0
3 6 0
4 2 1
5 2 1
6 2 0
5 3 0
6 1 1
7 1 0
2 7 1
3 7 0
0 0 1
board #137 14
4 5 1
3 5 1
2 5 1
5 5 0
5 4 1
6 4 1
1 5 0
1 6 0
1 7 1
2 6 0
2 7 1
3 6 1
7 3 0
7 4 0
6 5 0
7 2 0
7 1 1
6 2 1
6 3 1
0 0 0
board #138 21
4 3 0
4 5 0
4 6 0
4 2 0
4 7 0
4 1 1
5 1 0
0 0 0
board #139 9
4 3 1
5 3 1
6 3 1
3 4 0
3 3 0
4 2 0
4 5 1
3 5 0
3 6 1
2 6 1
5 4 0
5 5 0
5 6 1
4 6 1
6 5 0
6 6 1
7 5 0
7 6 1
1 6 1
0 0 0
board #140 21
4 5 0
4 3 0
4 6 0
4 2 1
5 2 1
3 3 1
6 2 1
7 1 1
2 4 1
1 4 0
1 5 0
2 5 1
1 6 0
1 7 1
2 6 0
2 3 0
2 2 0
2 7 0
2 1 1
3 1 1
1 1 1
3 2 0
4 1 0
0 0 0
board #141 25
4 3 0
4 5 1
3 5 1
5 4 1
2 5 0
2 6 1
1 6 0
1 7 0
3 4 1
2 4 0
3 3 0
5 2 0
5 1 0
0 0 1
board #142 15
4 5 0
4 3 1
5 3 1
3 4 0
3 3 1
2 4 0
2 3 0
3 2 1
2 2 1
1 2 1
6 3 0
6 2 0
5 4 0
7 1 0
4 6 0
4 7 0
0 0 1
board #143 18
4 3 1
5 3 1
3 3 0
3 4 0
4 2 1
3 2 0
4 1 0
4 5 0
4 6 1
3 6 1
2 6 1
5 5 1
1 7 1
6 4 0
6 5 1
7 4 0
7 5 0
5 4 1
6 3 1
7 3 1
0 0 1
board #144 22
4 3 1
5 3 1
3 4 1
6 3 0
6 2 0
5 4 0
6 1 0
5 5 1
4 5 0
4 6 0
3 7 1
4 7 1
5 6 1
2 7 1
1 7 1
6 6 0
6 5 0
6 4 0
5 7 1
6 7 0
0 0 1
board #145 22
4 3 0
4 5 0
4 2 0
4 6 0
4 1 1
5 1 0
3 7 1
4 7 1
2 7 1
5 6 1
1 7 0
2 6 1
1 6 1
6 5 0
6 6 0
5 5 0
5 7 1
6 7 0
0 0 0
board #146 20
