10 7 1
8 8 1
9 7 1
11 7 1
12 7 0
12 6 0
11 8 1
12 8 1
13 7 0
13 8 0
12 9 0
12 5 1
13 5 0
13 4 1
14 4 1
11 6 1
15 4 1
16 4 1
7 9 1
6 9 0
6 10 0
6 8 0
7 10 1
6 11 1
5 11 0
5 12 0
5 13 0
6 7 0
5 14 0
7 6 1
6 6 0
7 5 1
6 5 0
7 4 0
5 15 0
8 3 1
7 3 1
8 4 0
9 3 1
9 4 1
6 4 0
6 3 1
5 4 0
5 3 1
4 4 0
4 3 0
5 2 1
4 2 0
4 1 0
4 16 0
3 17 1
4 17 0
0 0 1
board #1 54
10 7 0
9 10 0
9 8 1
10 8 1
8 9 1
11 8 0
11 7 0
10 9 0
9 11 0
9 12 1
8 12 1
10 11 0
10 12 1
11 11 0
11 12 1
12 11 1
7 12 1
6 12 0
7 11 0
6 13 0
8 10 0
6 14 1
5 14 0
5 15 0
5 16 0
10 6 0
10 5 0
10 4 1
11 4 1
9 5 1
12 4 1
13 4 0
12 5 0
13 3 1
14 3 0
14 2 1
15 2 0
15 1 0
11 5 1
11 6 1
12 6 0
4 17 1
5 17 0
0 0 0
board #2 45
10 6 0
10 7 1
9 7 1
11 7 1
8 7 1
12 7 1
7 7 0
7 8 1
6 8 1
13 7 0
13 6 0
12 8 1
13 8 1
14 7 1
5 8 1
15 6 1
4 8 0
4 9 0
5 7 0
4 10 1
5 9 0
5 10 1
6 9 0
6 10 0
6 11 0
6 6 0
6 12 1
5 12 1
7 11 1
7 10 0
8 10 1
8 9 0
9 10 0
9 11 1
8 11 1
10 10 0
10 11 1
11 10 1
5 11 0
4 12 1
3 12 0
3 13 0
4 11 1
3 10 0
3 11 0
3 14 1
4 13 0
4 14 1
5 13 1
2 14 0
2 15 0
2 16 1
3 15 1
1 17 1
11 9 1
16 5 0
16 6 1
17 6 1
0 0 1
board #3 60
9 8 1
10 8 1
8 8 0
8 9 0
9 7 0
9 6 0
9 10 0
9 11 0
9 12 0
9 5 0
9 13 1
8 13 0
8 14 0
9 4 1
10 4 0
10 3 1
11 3 1
8 5 0
8 4 0
8 3 0
8 15 0
8 2 1
9 2 1
7 3 0
7 2 1
6 3 0
6 2 0
6 1 1
7 1 0
8 16 1
7 16 1
9 15 0
9 16 1
10 15 0
10 16 1
11 15 0
11 16 0
11 17 0
0 0 0
board #4 40
9 10 0
9 11 1
8 11 0
8 12 1
7 12 0
7 13 1
6 13 0
6 14 0
6 15 0
9 8 1
10 8 1
8 9 1
11 8 1
7 9 0
7 10 1
6 10 1
12 8 0
11 9 1
12 9 1
5 11 1
4 11 1
13 9 1
3 11 0
3 12 1
2 12 0
2 13 0
3 13 1
2 14 1
1 14 1
14 9 0
14 8 1
15 8 0
15 7 1
16 7 1
17 6 1
0 0 1
board #5 37
7 12 0
9 10 1
8 10 1
7 10 1
6 10 0
6 11 0
7 9 0
6 12 1
7 11 0
7 13 0
8 8 1
7 8 1
8 9 1
6 9 0
6 8 0
7 7 1
6 7 0
7 6 0
8 5 0
7 14 0
6 15 0
9 4 1
8 4 1
9 5 1
7 4 1
6 5 1
5 6 1
8 6 1
4 7 1
3 8 0
3 7 0
4 8 0
3 6 0
3 5 0
4 4 0
5 8 0
5 3 0
5 2 1
6 2 0
6 1 0
6 16 1
5 16 1
7 15 0
7 16 0
6 17 0
0 0 0
board #6 47
9 10 0
9 8 0
9 7 0
9 11 0
9 6 0
9 12 1
8 12 0
8 13 1
7 13 1
10 11 0
10 12 0
10 13 0
10 14 0
9 5 1
10 5 1
8 6 1
11 5 1
12 5 1
7 7 0
7 6 0
8 7 0
7 5 0
7 4 0
8 3 1
7 3 0
8 2 1
7 2 1
6 3 0
6 2 0
6 1 1
7 1 0
10 15 0
9 16 1
10 16 1
11 15 1
9 15 0
8 16 1
8 15 1
8 14 1
12 14 1
6 13 0
7 12 0
6 14 0
5 15 0
5 16 0
4 17 1
5 17 0
0 0 0
board #7 49
5 14 0
5 13 0
5 12 1
6 12 1
7 12 0
6 13 1
7 13 0
6 14 1
7 14 0
7 11 1
8 11 1
9 11 1
10 11 0
10 10 0
9 12 0
10 9 0
6 15 0
9 8 1
8 9 0
8 8 0
8 12 1
8 13 0
8 7 0
8 6 0
8 5 0
5 16 1
6 16 1
5 15 0
