4 5 0
4 6 1
3 6 1
5 5 0
5 6 1
6 5 0
6 6 0
5 7 1
6 7 0
5 8 1
6 8 1
7 7 1
2 6 0
2 7 1
1 8 1
8 6 0
8 7 0
7 6 0
7 8 0
4 3 0
4 2 0
4 1 1
5 1 0
0 0 0
board #1 25
4 5 0
4 6 0
4 3 1
5 3 0
5 2 1
6 2 0
6 1 1
7 1 1
8 1 0
7 2 0
4 7 1
3 7 0
2 8 0
0 0 1
board #2 15
3 6 1
4 6 0
4 5 1
5 5 0
5 4 1
6 4 1
2 6 0
2 7 1
1 8 1
7 4 1
8 3 0
8 4 0
7 5 0
8 2 1
7 3 0
7 2 0
7 1 1
8 1 0
6 5 1
6 6 1
7 6 1
8 5 0
8 6 0
7 7 1
8 7 1
0 0 1
board #3 27
4 5 1
3 5 0
3 6 0
3 7 0
4 3 1
5 3 1
3 3 0
3 4 1
2 5 0
2 4 1
6 3 0
5 4 1
6 4 1
1 5 1
7 4 0
7 3 0
6 5 1
7 5 1
8 5 1
0 0 0
board #4 21
4 5 0
4 6 1
3 6 1
5 5 1
2 6 1
6 5 0
6 4 1
7 4 0
7 3 0
7 2 1
6 3 0
6 2 0
5 6 0
4 7 1
5 7 0
5 8 0
7 1 0
0 0 1
board #5 19
3 6 0
4 5 1
3 5 0
3 7 1
2 7 0
1 8 0
4 3 1
5 3 0
5 2 0
5 1 1
6 1 0
0 0 1
board #6 13
4 5 1
3 5 1
5 5 0
5 4 0
4 6 1
5 6 0
4 7 1
5 7 0
4 8 0
4 3 1
5 3 1
6 3 1
3 4 1
7 3 1
8 2 1
2 4 1
1 4 0
1 5 1
0 0 0
board #7 20
3 6 0
3 7 0
3 5 0
4 3 1
5 3 0
5 2 0
2 8 0
5 1 1
6 1 0
0 0 0
board #8 11
4 5 1
3 5 0
3 6 0
3 7 1
2 7 0
1 8 0
4 3 1
5 3 1
3 3 1
6 3 0
5 4 1
6 4 0
6 2 1
7 2 1
2 4 0
2 3 0
3 2 1
2 2 1
1 3 1
8 2 1
0 0 0
board #9 22
4 5 1
3 5 0
3 6 0
3 7 1
2 7 1
4 6 1
1 7 0
1 8 1
5 6 1
6 6 1
7 6 0
7 5 1
8 5 1
0 0 1
board #10 15
4 5 0
4 6 1
3 6 1
5 5 1
2 6 0
2 7 0
3 5 1
2 5 1
1 5 0
1 6 1
6 5 1
7 5 1
8 5 1
0 0 0
board #11 15
4 5 1
3 5 0
3 6 1
2 6 0
2 7 0
1 8 1
2 8 1
3 7 0
3 8 1
4 7 1
5 7 1
6 6 0
6 7 0
6 5 0
5 8 1
6 8 1
7 7 1
8 7 1
0 0 1
board #12 20
4 5 0
4 6 0
4 3 0
4 7 0
4 2 0
3 8 1
4 8 1
5 7 1
2 8 1
1 8 1
6 6 1
7 5 1
8 4 0
8 5 0
7 4 1
8 3 0
7 3 1
8 2 0
8 1 1
7 2 1
0 0 1
board #13 22
4 5 0
4 6 1
3 6 1
5 5 1
2 6 0
2 7 1
1 8 1
6 5 1
7 5 0
7 4 0
6 6 1
7 6 1
8 6 1
0 0 1
board #14 15
4 5 0
4 6 1
3 6 0
3 7 0
4 3 0
4 2 1
5 2 0
5 1 1
6 1 0
2 8 0
0 0 1
board #15 12
4 5 0
4 6 0
4 3 1
5 3 0
5 2 1
6 2 0
6 1 0
4 7 1
3 7 1
5 6 0
5 7 0
4 8 1
5 8 0
0 0 1
board #16 15
4 5 0
4 6 1
3 6 0
3 7 0
4 3 0
4 2 1
5 2 0
5 1 1
6 1 1
7 1 1
8 1 0
7 2 0
6 2 0
3 8 0
0 0 1
board #17 16
4 5 1
3 5 0
3 6 1
2 6 1
5 5 0
5 4 1
6 4 0
6 3 0
6 2 1
7 2 0
7 1 1
8 1 1
5 3 0
5 2 1
4 2 1
3 3 1
2 4 1
1 5 1
0 0 1
board #18 20
4 5 0
4 6 0
4 3 0
4 7 0
4 2 1
5 2 1
3 3 1
6 2 1
7 2 1
8 1 0
8 2 1
2 4 0
2 3 1
1 3 0
1 4 0
3 4 0
2 2 1
1 2 1
0 0 1
board #19 20
3 6 1
4 6 1
2 6 0
2 7 0
3 5 0
1 8 1
2 8 0
4 3 1
5 3 0
5 2 0
6 1 0
0 0 1
board #20 13
4 5 1
3 5 0
3 6 1
2 6 0
2 7 1
1 7 0
1 8 0
4 3 1
5 3 0
5 2 1
6 2 1
7 2 0
6 3 1
7 3 1
3 3 0
3 4 1
2 4 1
1 5 1
8 2 0
8 3 1
0 0 0
board #21 22
4 5 0
4 6 0
4 7 0
4 3 1
5 3 1
3 4 1
6 3 0
6 2 1
7 2 1
8 2 1
2 5 0
2 4 1
1 4 0
1 5 0
2 3 1
1 3 1
0 0 0
board #22 18
4 5 1
3 5 0
3 6 1
2 6 0
2 7 1
1 7 0
1 8 1
5 5 1
6 5 1
7 5 1
8 5 1
0 0 1
board #23 13
4 5 1
3 5 1
5 5 1
6 5 1
2 5 1
7 4 0
7 5 1
8 4 1
1 5 1
0 0 1
board #24 11
4 5 0
4 6 0
4 3 1
5 3 0
5 2 1
6 2 0
6 1 1
7 1 1
8 1 1
3 4 0
3 3 0
3 2 0
3 1 0
4 7 1
3 7 0
2 8 1
3 8 1
1 8 1
5 6 0
5 7 1
6 6 0
6 7 1
7 6 1
8 5 0
8 6 0
7 5 0
8 7 1
7 7 0
6 8 1
7 8 1
0 0 1
board #25 32
2 7 1
4 6 1
3 6 0
3 7 0
4 5 0
4 3 1
5 3 1
3 4 0
3 3 1
6 3 0
5 4 0
6 2 1
7 2 1
2 4 0
2 3 1
8 1 1
1 3 0
1 4 1
0 0 1
board #26 20
3 6 1
4 6 1
2 6 0
2 7 1
1 7 0
1 8 1
5 6 0
5 5 0
4 7 0
5 4 0
4 3 0
3 8 1
4 8 0
4 2 0
4 1 0
0 0 0
board #27 17
4 5 1
3 5 1
5 5 1
6 5 0
6 4 1
7 4 0
7 3 1
8 2 0
8 3 1
2 5 0
2 6 1
1 7 1
0 0 1
board #28 14
4 5 0
4 6 1
3 6 0
3 7 1
2 7 1
5 5 1
1 7 0
1 8 1
6 5 0
6 4 1
7 4 1
8 3 1
0 0 1
board #29 14
4 5 1
3 5 1
5 5 0
5 4 1
6 4 1
7 4 0
7 3 0
6 5 0
7 2 1
6 3 1
8 1 1
2 5 0
2 6 1
1 6 1
0 0 0
board #30 16
4 5 0
4 6 1
3 6 1
5 5 0
5 6 0
4 7 0
4 3 0
4 2 0
4 8 0
4 1 1
5 1 1
3 2 0
3 1 1
2 2 1
6 1 1
7 1 1
8 1 1
1 3 1
0 0 1
board #31 20
4 5 1
3 5 1
5 5 0
5 4 0
4 6 0
4 3 0
4 7 0
4 2 1
5 2 0
5 1 0
3 8 0
0 0 1
board #32 13
4 5 1
3 5 1
5 5 0
5 4 1
6 4 1
2 5 1
7 4 0
7 3 1
8 2 0
8 3 1
1 5 0
1 6 1
0 0 0
board #33 14
4 5 1
3 5 0
3 6 0
3 7 1
2 7 1
4 6 1
1 8 1
5 4 0
5 6 1
6 5 0
6 6 1
7 5 1
8 4 0
8 5 1
0 0 0
board #34 16
4 5 0
4 3 0
4 6 0
3 7 0
4 2 1
5 2 0
5 1 1
6 1 0
2 8 0
0 0 0
board #35 11
4 5 1
3 5 1
5 5 0
5 4 1
6 4 1
7 4 1
2 5 0
2 6 1
1 6 0
1 7 1
8 3 0
8 4 1
0 0 1
board #36 14
4 5 1
3 5 0
3 6 0
3 7 1
2 7 0
1 8 1
2 8 0
4 3 0
4 2 0
4 1 1
5 1 1
6 1 0
5 2 0
0 0 0
board #37 15
4 5 0
4 6 0
4 3 1
5 3 1
6 3 1
3 4 0
3 3 0
4 2 0
4 7 1
3 7 0
3 8 0
4 1 0
0 0 1
board #38 14
4 5 1
3 5 0
3 6 0
3 7 0
4 3 0
4 2 0
2 8 1
3 8 0
5 1 0
0 0 1
board #39 11
4 5 1
3 5 1
5 5 1
6 5 1
2 5 0
2 6 1
1 6 0
1 7 1
7 5 0
7 4 1
8 3 1
0 0 1
board #40 13
4 5 0
4 6 0
4 3 1
5 3 0
5 2 1
6 2 1
7 2 1
3 4 1
8 1 1
2 5 1
1 5 0
1 6 0
2 4 0
2 6 0
2 3 1
3 3 0
3 2 1
4 2 1
1 3 1
0 0 1
board #41 21
4 5 1
3 5 0
3 6 0
3 7 0
4 3 0
4 2 0
3 8 0
5 1 0
0 0 1
board #42 10
4 5 1
3 5 1
5 5 1
6 5 0
6 4 0
5 6 1
6 6 0
5 7 1
6 7 1
7 6 1
2 5 0
2 6 1
1 7 1
8 5 0
8 6 0
7 5 1
8 4 1
0 0 1
board #43 19
4 5 0
4 6 1
3 6 0
3 7 0
4 3 0
4 2 1
5 2 0
5 1 1
6 1 0
2 8 1
3 8 1
1 8 1
4 7 0
4 8 1
5 7 0
5 8 1
6 7 1
7 6 1
8 5 1
0 0 0
board #44 21
2 7 0
4 5 0
4 3 0
3 6 1
4 6 0
3 7 1
4 7 0
3 8 0
4 2 1
5 2 1
3 3 0
3 2 0
3 1 1
4 1 1
2 2 1
6 2 0
5 3 1
6 3 0
5 4 1
6 4 1
7 4 1
1 2 0
1 3 1
8 3 0
8 4 1
0 0 0
board #45 27
4 5 0
4 6 0
4 3 0
4 7 1
3 7 1
5 6 0
5 7 1
2 7 1
6 6 0
6 7 0
5 8 1
6 8 1
7 7 1
1 7 1
8 6 0
8 7 1
0 0 1
board #46 18
4 5 1
3 5 1
5 5 1
6 5 1
2 5 1
7 4 1
1 5 0
1 6 1
8 3 0
8 4 1
0 0 1
board #47 12
4 5 1
3 5 0
3 6 0
3 7 0
4 3 0
4 2 0
2 8 1
3 8 1
1 8 0
2 7 0
5 1 0
0 0 0
board #48 13
4 5 0
4 6 0
4 3 0
4 7 0
4 2 1
5 2 1
6 2 0
5 3 1
6 3 0
5 4 1
6 4 1
3 3 1
7 3 1
2 4 1
8 2 0
8 3 1
1 4 0
1 5 1
0 0 1
board #49 20
4 5 1
3 5 0
3 6 0
3 7 0
4 3 0
4 2 0
2 8 0
4 1 1
5 1 0
0 0 1
board #50 11
4 5 1
3 5 0
3 6 1
2 6 1
5 5 1
6 5 0
6 4 1
7 4 0
7 3 0
7 2 0
5 6 0
7 1 0
4 7 1
5 7 0
4 8 1
5 8 1
6 7 1
3 7 0
4 6 1
7 6 0
7 7 1
8 6 0
8 7 0
7 8 1
8 8 0
6 6 1
7 5 0
0 0 1
board #51 29
3 6 1
4 6 1
2 6 0
2 7 0
3 5 1
2 5 1
5 6 0
5 5 1
6 5 0
6 4 0
6 3 1
5 4 0
4 7 0
4 3 0
4 2 0
4 8 0
4 1 1
5 1 1
3 2 0
3 1 0
0 0 1
board #52 22
4 5 1
3 5 0
3 6 1
2 6 1
5 4 0
5 5 0
5 6 0
5 7 0
4 3 0
4 2 0
4 8 1
5 8 0
4 1 1
5 1 1
3 2 1
6 1 0
5 2 0
0 0 1
board #53 19
4 5 0
4 6 0
4 3 0
4 7 0
4 2 0
4 8 0
4 1 0
0 0 0
board #54 9
4 5 1
3 5 0
3 6 1
2 6 0
2 7 1
1 7 0
1 8 0
4 3 0
4 2 0
4 1 1
5 1 0
0 0 1
board #55 13
4 5 1
3 5 0
3 6 0
3 7 0
4 3 0
4 2 1
5 2 0
5 1 1
6 1 1
7 1 0
6 2 0
2 8 1
3 8 1
1 8 1
4 7 0
4 8 1
5 7 0
5 8 0
0 0 1
board #56 20
4 5 1
3 5 1
5 5 0
5 4 0
4 6 1
5 6 0
4 7 1
5 7 1
6 6 1
7 5 0
7 6 1
2 5 1
8 5 0
8 6 0
7 7 1
8 7 1
1 5 0
1 6 1
0 0 1
board #57 20
4 5 0
4 6 1
3 6 1
5 5 1
2 6 1
6 4 1
7 4 0
7 3 1
8 2 0
8 3 0
8 1 1
7 2 1
1 6 1
0 0 1
board #58 15
4 5 1
3 5 0
3 6 0
3 7 1
2 7 1
4 6 1
1 7 0
1 8 1
5 6 1
6 6 0
6 5 0
6 4 1
5 4 0
5 5 1
7 4 0
7 3 1
8 3 1
0 0 1
board #59 19
4 5 0
4 6 0
4 3 1
5 3 0
5 2 0
4 7 0
6 1 0
3 8 1
4 8 1
5 7 0
5 8 0
0 0 0
board #60 13
4 5 1
3 5 0
3 6 0
3 7 0
4 3 1
5 3 0
5 2 1
6 2 1
7 2 0
6 3 1
7 3 0
6 4 1
7 4 0
8 1 0
6 5 1
7 5 1
3 3 1
8 4 0
8 5 0
7 6 0
6 7 1
7 7 0
7 8 0
0 0 1
board #61 25
4 5 1
3 5 1
5 5 1
6 5 0
6 4 1
7 4 1
2 5 0
2 6 0
3 4 1
2 4 1
1 4 0
1 5 1
8 4 1
0 0 0
board #62 15
4 5 0
4 6 1
3 6 0
3 7 0
4 3 0
4 2 0
2 8 1
3 8 1
1 8 0
2 7 0
4 1 0
0 0 0
board #63 13
4 5 0
4 6 0
4 3 1
5 3 1
3 4 0
3 3 0
4 2 0
4 7 1
3 7 1
5 6 1
2 7 0
3 6 0
1 8 0
5 1 0
0 0 1
board #64 16
4 5 0
4 6 0
4 3 1
5 3 1
3 4 0
3 3 0
4 2 0
4 7 0
3 8 1
4 8 1
5 7 1
2 8 0
3 7 0
4 1 0
0 0 0
board #65 16
4 5 0
4 6 1
3 6 0
3 7 1
2 7 1
5 5 1
1 7 0
1 8 0
2 6 1
1 6 1
6 5 0
6 4 0
6 6 1
5 6 1
7 5 0
7 6 1
8 5 1
0 0 1
board #66 19
4 5 1
3 5 1
5 5 0
5 4 1
6 4 0
6 3 1
7 3 1
2 5 1
8 2 1
1 6 1
0 0 0
board #67 12
4 5 0
4 6 1
3 6 0
3 7 1
2 7 0
1 8 1
2 8 0
4 3 0
4 2 1
5 2 1
3 3 0
3 2 0
4 1 0
0 0 1
board #68 15
4 5 1
3 5 0
3 6 1
2 6 1
5 5 1
6 5 0
6 4 1
7 4 1
1 6 0
1 7 1
8 3 0
8 4 1
0 0 0
board #69 14
3 6 0
3 7 0
3 5 1
4 5 1
5 5 0
5 4 1
6 4 0
6 3 1
7 3 0
7 2 1
8 1 1
2 6 1
1 6 1
0 0 1
board #70 15
4 5 1
3 5 0
3 6 1
2 6 0
2 7 1
1 7 0
1 8 0
4 3 0
4 2 1
5 2 1
3 3 0
3 2 0
4 1 0
0 0 1
board #71 15
4 5 1
3 5 0
3 6 0
3 7 0
4 3 1
5 3 1
3 3 0
3 4 0
4 2 0
2 8 1
3 8 1
1 8 1
4 7 1
5 6 1
6 6 1
7 6 1
8 6 1
0 0 0
board #72 19
4 5 0
4 6 0
4 3 0
4 7 1
3 7 1
5 6 1
2 7 0
3 6 1
2 6 1
6 5 1
1 6 1
7 5 1
8 4 0
8 5 0
7 6 0
7 4 0
6 4 0
6 7 1
7 7 0
6 8 0
5 4 1
5 5 0
4 2 1
5 2 0
5 1 1
6 1 0
0 0 1
board #73 28
3 6 0
3 7 1
2 7 1
4 6 0
4 7 1
5 6 0
5 7 0
4 8 1
5 8 1
6 7 0
6 8 1
7 7 1
1 8 1
8 6 0
8 7 0
7 6 0
7 8 0
3 5 1
4 5 1
5 4 1
2 6 0
2 5 0
3 4 0
3 3 0
3 2 1
4 2 1
5 2 0
5 3 0
5 1 0
0 0 1
board #74 31
4 5 1
3 5 0
3 6 0
3 7 0
4 3 1
5 3 1
3 3 0
3 4 1
2 5 1
6 3 0
5 4 1
6 4 1
7 3 1
1 6 1
8 3 1
0 0 1
board #75 17
3 6 0
4 5 0
3 7 1
2 7 1
4 7 1
5 6 1
1 8 1
6 5 0
6 6 0
5 5 0
6 7 1
5 7 1
7 7 1
8 6 0
8 7 0
7 6 0
7 8 1
8 8 0
4 3 1
5 3 0
5 2 1
6 2 0
6 1 0
0 0 0
board #76 25
4 5 1
3 5 0
3 6 0
3 7 0
4 3 1
5 3 0
5 2 1
6 2 1
7 2 1
3 3 1
2 4 1
8 1 1
1 4 0
1 5 0
2 5 0
2 3 0
3 2 0
3 1 0
2 8 1
3 8 1
1 8 1
4 7 1
5 6 0
5 7 1
6 6 0
6 7 0
4 6 1
5 4 0
5 5 0
5 8 1
6 8 1
7 7 0
7 8 0
0 0 0
board #77 35
4 5 1
3 5 0
3 6 0
3 7 1
2 7 0
1 8 1
2 8 0
4 3 0
4 2 0
4 1 0
0 0 1
board #78 12
4 5 1
3 5 0
3 6 1
2 6 0
2 7 0
1 8 1
2 8 1
3 7 0
3 8 0
4 3 1
5 3 0
5 2 0
6 1 0
0 0 1
board #79 15
4 5 0
4 6 0
4 3 0
4 7 0
4 2 0
3 8 1
4 8 1
2 8 1
5 7 0
5 8 0
5 1 0
0 0 1
board #80 13
4 5 0
4 6 1
3 6 0
3 7 1
2 7 0
1 8 0
4 3 1
5 3 1
6 3 0
5 4 1
3 4 0
3 3 0
4 2 1
3 2 1
2 3 0
2 2 0
3 1 0
0 0 1
board #81 19
4 5 0
4 6 1
3 6 1
5 5 1
2 6 1
6 5 0
6 4 0
6 6 1
5 6 0
4 7 0
6 3 1
5 4 1
7 3 1
8 2 1
1 6 0
1 7 0
1 8 0
2 5 1
1 5 0
2 4 1
1 4 0
2 3 0
3 2 0
3 1 1
4 1 0
0 0 0
board #82 27
4 5 0
4 6 1
3 6 1
5 5 0
5 6 1
6 5 1
2 6 1
7 4 1
1 6 0
1 7 0
1 8 0
2 5 1
1 5 0
2 4 0
3 3 0
4 2 0
4 1 0
0 0 1
board #83 19
4 5 0
4 3 1
5 3 0
5 2 0
4 6 0
4 7 0
5 1 0
3 8 1
4 8 1
2 8 0
3 7 0
0 0 1
board #84 13
4 5 1
3 5 0
3 6 1
2 6 0
2 7 1
1 7 1
5 5 1
6 5 0
6 4 0
5 6 0
5 4 0
5 7 0
5 8 0
4 3 0
4 2 1
5 2 0
6 1 0
0 0 0
board #85 19
4 5 0
4 6 0
4 3 0
4 7 1
3 7 1
5 6 0
5 7 1
2 7 0
3 6 0
2 8 0
4 2 1
5 2 0
5 1 1
6 1 1
7 1 1
8 1 1
3 3 0
3 2 0
3 1 1
4 1 1
2 2 1
1 2 0
1 3 1
0 0 0
board #86 25
4 5 0
4 6 1
3 6 0
3 7 0
4 3 1
5 3 1
6 3 0
5 4 0
6 2 1
7 2 1
3 4 1
8 1 0
8 2 0
7 3 1
8 3 1
2 5 0
2 4 1
1 4 1
0 0 0
board #87 20
4 5 0
4 6 0
4 3 0
4 7 1
3 7 1
5 6 1
2 7 1
1 7 1
6 6 0
6 5 0
5 5 1
6 4 1
7 4 1
8 3 1
0 0 1
board #88 16
4 5 0
4 6 0
4 3 1
5 3 0
5 2 1
6 2 0
6 1 1
7 1 1
8 1 1
3 4 0
3 3 0
3 2 1
4 2 1
2 3 0
2 2 0
2 1 1
3 1 1
1 1 0
1 2 1
0 0 1
board #89 21
3 6 1
4 6 0
4 5 1
5 5 1
2 6 1
6 5 1
7 4 1
1 6 1
8 3 0
8 4 1
0 0 0
board #90 12
4 5 0
4 6 0
4 3 1
5 3 1
3 4 1
6 3 1
7 3 1
2 4 0
2 5 1
1 5 1
8 2 0
8 3 0
8 1 0
7 4 1
8 4 1
0 0 0
board #91 17
4 5 1
3 5 1
5 5 0
5 4 0
4 6 1
5 6 0
4 7 0
4 3 0
4 2 0
3 8 1
4 8 0
4 1 1
5 1 0
0 0 0
board #92 15
4 5 1
3 5 0
3 6 1
2 6 1
5 5 0
5 4 1
6 4 1
7 4 1
1 6 0
1 7 0
1 8 1
2 7 1
8 3 0
8 4 1
0 0 0
board #93 16
3 6 0
4 5 0
3 7 0
4 3 1
5 3 1
3 4 1
6 3 1
7 3 0
7 2 1
8 1 0
8 2 0
6 4 1
7 4 1
8 3 0
8 4 0
7 5 1
8 5 1
2 5 0
2 4 1
1 4 0
1 5 0
2 3 0
2 6 1
3 5 0
3 2 0
