4 5 0
4 3 1
5 3 1
3 4 0
3 3 1
2 4 0
2 3 0
3 2 1
2 2 1
1 2 1
6 3 1
7 2 1
0 0 1
board #1 14
4 5 1
3 5 1
2 5 1
5 4 1
6 4 1
1 5 0
1 6 0
1 7 1
2 6 0
2 7 0
2 4 0
3 3 1
2 3 0
3 2 0
3 1 1
4 1 0
0 0 0
board #2 18
4 3 1
5 3 0
5 2 0
4 5 0
4 6 1
3 6 0
2 7 0
5 1 1
6 1 1
7 1 0
6 2 1
7 2 0
6 3 0
0 0 1
board #3 15
4 5 1
3 5 0
3 6 0
4 3 0
4 2 1
5 2 0
5 1 0
2 7 1
3 7 0
0 0 1
board #4 11
4 3 1
5 3 0
5 2 1
6 2 0
6 1 1
7 1 0
4 5 0
4 6 1
3 6 0
2 7 1
3 7 1
1 7 1
5 5 1
6 4 1
7 4 1
0 0 1
board #5 17
4 3 0
4 5 1
3 5 0
3 6 1
2 6 1
5 4 1
1 6 0
1 7 1
6 3 1
7 2 0
7 3 0
7 1 1
6 2 1
0 0 0
board #6 15
4 5 0
4 3 1
5 3 1
3 4 0
3 3 0
4 2 1
3 2 1
2 3 0
2 2 1
1 3 1
6 3 1
7 2 0
7 3 0
7 1 1
6 2 1
0 0 1
board #7 17
4 3 0
4 5 0
4 6 0
4 2 0
4 1 1
5 1 1
6 1 0
5 2 0
3 7 1
4 7 1
5 6 0
5 7 0
0 0 0
board #8 14
4 5 1
3 5 1
5 5 0
5 4 1
6 4 0
6 3 0
6 2 1
5 3 1
7 1 0
7 2 1
2 5 0
2 6 0
2 4 1
3 4 0
3 3 0
2 7 0
3 2 1
4 2 0
4 1 1
5 1 1
5 2 0
6 1 0
0 0 0
board #9 24
4 3 1
5 3 1
3 4 1
6 3 0
6 2 0
5 4 0
6 1 1
7 1 0
5 5 1
4 5 0
4 6 0
4 7 0
0 0 0
board #10 14
4 3 0
4 5 1
3 5 0
3 6 1
2 6 0
2 7 0
4 2 0
4 1 1
5 1 0
0 0 1
board #11 11
4 5 1
3 5 0
3 6 0
4 3 1
5 3 0
5 2 1
6 2 1
3 3 0
3 4 0
3 2 1
4 2 0
4 1 1
5 1 0
2 7 1
3 7 0
0 0 1
board #12 17
4 5 0
4 3 1
5 3 1
3 4 1
6 3 1
2 4 0
2 5 0
3 3 0
2 6 1
3 5 0
4 2 1
3 2 1
2 2 0
2 3 1
1 3 0
1 4 0
2 1 1
3 1 0
3 6 0
2 7 0
0 0 0
board #13 22
4 3 1
5 3 1
6 3 1
3 4 1
2 4 1
7 2 0
7 3 1
1 4 0
1 5 0
1 6 0
2 3 0
1 7 1
2 6 1
2 5 1
0 0 1
board #14 16
4 3 0
4 5 1
3 5 1
5 4 1
2 5 0
2 6 1
1 6 0
1 7 1
6 4 1
7 3 1
0 0 1
board #15 12
4 5 1
3 5 1
5 4 1
2 5 1
6 4 1
1 5 0
1 6 0
1 7 1
2 6 0
2 7 1
3 6 0
3 7 0
2 4 1
1 4 0
2 3 1
1 3 1
7 3 0
7 4 1
0 0 0
board #16 20
4 5 1
3 5 0
3 6 1
2 6 1
5 5 1
1 6 1
6 5 0
6 4 1
7 3 1
0 0 0
board #17 11
4 3 0
4 5 1
3 5 1
5 4 0
5 5 1
6 4 0
6 5 0
5 6 1
6 6 0
6 7 0
4 2 1
5 2 0
5 1 1
6 1 1
7 1 0
6 2 1
7 2 0
6 3 1
7 3 0
0 0 1
board #18 21
4 3 0
4 5 0
4 2 1
5 2 1
3 3 1
6 2 1
7 1 1
2 3 0
2 4 0
3 4 1
2 5 1
1 5 1
0 0 0
board #19 14
4 3 0
4 5 0
4 2 0
4 6 1
3 6 0
2 7 1
3 7 1
1 7 0
2 6 0
4 1 1
5 1 0
0 0 1
board #20 13
4 5 0
4 3 1
5 3 1
3 4 1
6 3 1
2 4 1
7 2 0
7 3 0
7 1 0
6 4 1
7 4 1
1 4 0
1 5 0
1 6 1
2 5 0
2 3 0
2 6 1
3 5 1
0 0 1
board #21 20
4 5 1
3 5 0
3 6 1
2 6 0
1 7 1
2 7 0
4 3 0
4 2 1
5 2 1
6 2 1
3 3 0
3 2 1
2 3 0
2 2 1
1 2 1
7 1 1
0 0 0
board #22 18
4 5 0
4 3 1
5 3 0
5 2 1
6 2 1
3 4 0
3 3 0
3 2 1
4 2 0
4 1 1
5 1 0
4 6 0
3 7 0
0 0 1
board #23 15
4 3 1
5 3 1
6 3 1
3 4 1
2 4 1
7 2 1
1 4 1
0 0 1
board #24 9
4 5 0
4 3 1
5 3 0
5 2 1
6 2 0
6 1 0
4 6 1
3 6 0
2 7 0
0 0 0
board #25 11
4 5 0
4 3 0
4 2 1
5 2 0
6 1 0
4 6 1
3 6 1
2 6 0
3 5 0
1 7 0
0 0 0
board #26 12
4 5 1
3 5 1
5 4 1
2 5 0
2 6 0
3 4 0
1 7 1
2 7 1
3 6 1
6 3 1
7 3 1
0 0 1
board #27 13
4 3 1
5 3 1
3 3 1
6 3 0
6 2 0
5 4 1
6 4 1
7 4 1
2 3 0
2 4 1
1 5 1
0 0 1
board #28 13
4 5 1
3 5 1
5 4 0
5 5 1
2 5 0
2 6 1
1 6 0
1 7 0
3 4 1
2 4 1
1 4 0
1 5 0
2 3 0
3 2 0
3 1 0
0 0 1
board #29 17
4 3 1
5 3 0
5 2 0
4 5 0
4 6 1
3 6 0
3 7 0
6 1 0
0 0 0
board #30 10
4 5 1
3 5 0
3 6 0
4 3 0
4 2 0
3 7 0
4 1 1
5 1 0
0 0 0
board #31 10
4 5 0
4 3 0
4 2 1
5 2 0
5 1 1
6 1 0
4 6 0
3 7 1
4 7 1
5 6 0
5 7 1
2 7 0
3 6 1
2 6 1
6 6 0
6 7 0
0 0 1
board #32 18
4 3 0
4 5 0
4 6 0
4 2 1
5 2 0
5 1 1
6 1 1
7 1 0
6 2 1
7 2 0
6 3 0
5 4 0
3 7 1
4 7 0
0 0 0
board #33 16
4 5 0
4 3 0
4 6 0
5 2 1
4 2 0
4 1 0
4 7 0
0 0 0
board #34 9
4 5 0
4 3 1
5 3 0
5 2 1
6 2 1
3 4 1
7 2 1
2 4 0
2 5 1
1 5 0
1 6 1
0 0 1
board #35 13
4 3 1
5 3 0
5 2 0
4 5 0
4 6 0
5 1 1
6 1 0
3 7 1
4 7 0
0 0 0
board #36 11
4 5 0
4 3 0
3 6 0
4 2 0
3 7 0
5 1 0
0 0 0
board #37 8
4 3 1
5 3 0
5 2 0
4 5 0
4 6 0
6 1 0
3 7 1
4 7 1
2 7 1
5 6 0
5 7 0
0 0 0
board #38 13
4 3 0
4 5 1
3 5 0
3 6 1
2 6 1
5 4 1
1 7 1
6 4 0
6 3 1
7 2 1
0 0 1
board #39 12
4 3 0
4 5 0
4 2 1
5 2 0
4 6 1
3 6 0
3 7 0
5 1 1
6 1 0
0 0 1
board #40 11
4 5 1
3 5 1
2 5 1
5 5 1
6 5 1
1 5 0
1 6 0
1 7 1
2 6 0
2 7 1
3 6 0
3 7 0
2 4 1
1 4 0
2 3 0
3 2 0
3 1 1
4 1 1
4 2 1
2 1 0
2 2 0
0 0 0
board #41 23
4 5 1
3 5 1
5 4 0
5 5 1
2 5 1
6 4 0
6 5 1
7 4 0
7 5 1
1 5 0
1 6 0
1 7 0
2 4 1
1 4 1
0 0 1
board #42 16
4 3 1
5 3 1
3 4 0
3 3 0
4 2 1
3 2 0
3 1 1
4 1 0
4 5 1
3 5 1
2 5 0
2 6 0
2 7 0
0 0 0
board #43 15
4 3 0
4 5 0
4 6 1
3 6 0
3 7 0
4 2 1
5 2 0
5 1 1
6 1 1
7 1 1
3 3 0
3 2 0
4 1 0
0 0 1
board #44 15
4 3 1
5 3 1
6 3 0
6 2 0
5 4 0
7 1 0
5 5 0
5 6 1
4 6 1
3 6 0
3 5 0
2 7 1
3 7 1
1 7 1
6 5 0
6 6 1
7 5 1
0 0 0
board #45 19
4 3 0
4 5 1
3 5 1
5 4 0
5 5 1
6 4 1
2 5 1
1 6 1
7 3 1
0 0 0
board #46 11
4 5 0
4 3 1
5 3 1
3 4 0
3 3 0
4 2 0
4 6 1
3 6 1
2 6 0
1 7 1
2 7 0
3 5 0
4 1 1
5 1 0
0 0 1
board #47 16
4 3 0
4 5 1
3 5 0
3 6 1
2 6 0
1 7 0
4 2 0
4 1 1
5 1 0
0 0 1
board #48 11
4 3 0
4 5 0
4 2 1
5 2 1
6 2 1
3 3 1
7 2 1
2 4 0
2 3 1
1 4 1
0 0 0
board #49 12
4 5 1
3 5 1
5 4 0
5 5 1
2 5 1
6 4 1
1 5 0
1 6 1
7 3 1
0 0 0
board #50 11
4 5 1
3 5 0
3 6 0
4 3 1
5 3 0
5 2 1
6 2 0
6 1 1
7 1 1
3 3 0
3 4 1
2 5 0
2 4 1
1 4 0
1 5 1
0 0 0
board #51 17
4 3 0
4 5 1
3 5 0
3 6 0
4 2 0
2 7 0
4 1 0
0 0 0
board #52 9
4 3 0
4 5 1
3 5 1
5 4 1
2 5 0
2 6 1
1 6 0
1 7 0
3 4 1
2 4 1
1 4 0
1 5 1
6 4 1
7 4 1
0 0 0
board #53 16
4 5 1
3 5 0
3 6 1
2 6 1
5 4 0
5 5 1
6 4 0
6 5 1
1 7 1
7 4 1
0 0 1
board #54 12
4 5 1
3 5 1
5 4 1
2 5 1
6 4 0
6 3 1
7 2 0
7 3 1
1 5 0
1 6 1
0 0 1
board #55 12
4 3 1
5 3 1
3 3 0
3 4 1
2 4 1
6 3 0
6 2 1
7 1 0
7 2 1
1 4 0
1 5 0
2 3 0
1 6 1
2 5 0
2 6 1
3 5 1
0 0 0
board #56 18
4 3 1
5 3 0
5 2 1
6 2 0
6 1 1
7 1 1
3 4 0
3 3 1
2 4 0
2 3 0
3 2 1
2 2 0
2 1 1
3 1 1
1 2 1
0 0 0
board #57 17
4 5 1
3 5 0
3 6 1
2 6 0
1 7 0
4 3 0
4 2 1
5 2 1
6 2 0
5 3 0
6 1 1
7 1 1
3 3 0
3 2 0
3 1 1
4 1 0
0 0 1
board #58 18
4 3 0
4 5 0
4 2 1
5 2 0
5 1 0
4 6 0
3 7 1
4 7 0
0 0 1
board #59 10
4 3 1
5 3 1
6 3 0
6 2 1
7 1 0
7 2 0
5 4 1
6 4 1
7 3 0
7 4 1
3 3 0
3 4 1
2 4 0
2 5 1
1 5 0
1 6 1
0 0 1
board #60 18
4 3 0
4 5 1
3 5 0
3 6 0
4 2 0
4 1 1
5 1 0
2 7 1
3 7 1
1 7 1
4 6 1
5 4 1
6 4 1
7 3 0
7 4 1
0 0 1
board #61 17
4 3 0
4 5 1
3 5 0
3 6 1
2 6 1
5 4 0
5 5 0
5 6 0
5 7 0
4 2 1
5 2 0
5 1 1
6 1 1
7 1 0
6 2 1
7 2 1
3 3 1
2 4 1
1 5 1
0 0 1
board #62 21
4 3 1
5 3 1
3 3 1
6 3 0
6 2 0
5 4 1
6 4 0
5 5 0
7 1 0
5 6 0
4 7 1
5 7 0
0 0 0
board #63 14
4 3 0
4 5 1
3 5 1
5 4 1
2 5 1
6 3 1
1 5 0
1 6 0
1 7 0
2 4 1
1 4 0
2 3 1
1 3 0
2 2 1
1 2 1
7 2 0
7 3 0
7 1 1
6 2 0
6 4 0
6 1 0
5 5 1
6 5 1
7 4 0
7 5 1
0 0 0
board #64 27
4 5 1
3 5 0
3 6 1
2 6 0
2 7 0
4 3 1
5 3 0
5 2 0
5 1 1
6 1 1
7 1 1
4 2 1
3 2 0
3 3 0
3 4 0
3 1 1
4 1 1
2 2 1
1 3 1
0 0 0
board #65 21
4 5 1
3 5 1
5 5 1
2 5 0
2 6 0
3 4 1
2 4 0
3 3 1
2 3 0
3 2 1
2 2 1
1 2 0
1 3 0
1 1 0
1 7 1
2 7 1
3 6 1
6 5 1
7 5 1
0 0 1
board #66 21
4 3 1
5 3 0
5 2 1
6 2 1
3 4 1
7 1 0
7 2 0
6 3 0
4 5 1
3 5 0
3 6 0
3 7 0
0 0 0
board #67 14
4 3 0
4 5 0
4 6 1
3 6 0
2 7 1
3 7 1
1 7 0
2 6 0
4 2 1
5 2 1
6 2 1
3 3 1
7 1 0
7 2 1
2 4 1
1 4 0
1 5 0
2 3 1
1 3 0
2 2 1
1 2 1
0 0 0
board #68 23
4 3 0
4 5 0
4 2 0
4 6 1
3 6 1
5 5 1
2 6 1
1 6 0
1 7 0
2 5 1
1 5 0
2 4 0
3 3 1
3 4 0
4 1 1
5 1 1
6 1 1
7 1 0
6 2 0
5 2 1
5 3 1
6 3 0
5 4 1
3 2 1
2 3 0
2 2 0
2 1 1
3 1 0
0 0 0
board #69 30
4 3 0
4 5 1
3 5 0
3 6 1
2 6 1
5 5 1
1 7 1
6 5 0
6 4 0
5 4 1
6 3 0
5 6 0
6 2 1
5 3 0
4 7 1
5 7 1
6 7 0
6 6 1
7 5 0
7 6 1
3 7 0
4 6 1
0 0 1
board #70 24
4 3 1
5 3 0
5 2 0
4 5 1
3 5 1
5 5 0
5 4 1
6 4 1
2 5 0
2 6 0
3 4 1
2 4 1
1 4 1
7 3 1
0 0 1
board #71 16
4 3 1
5 3 0
5 2 1
6 2 1
3 4 0
3 3 1
2 4 0
2 3 1
7 1 1
1 3 0
1 4 1
0 0 0
board #72 13
4 3 1
5 3 1
3 3 0
3 4 1
2 4 1
6 3 0
6 2 0
5 4 1
6 4 1
7 3 0
7 4 1
1 4 0
1 5 1
0 0 0
board #73 15
4 5 0
4 3 0
4 2 1
5 2 1
6 2 0
5 3 0
7 1 0
4 6 1
3 6 0
3 7 0
0 0 1
board #74 12
4 5 1
3 5 1
5 5 1
2 5 1
6 4 0
6 5 0
5 6 1
6 6 0
6 3 1
5 4 0
5 7 1
6 7 1
7 6 0
7 7 1
1 5 0
1 6 1
0 0 1
board #75 18
4 5 0
4 3 1
5 3 1
3 4 0
3 3 1
2 4 0
2 3 0
3 2 1
2 2 0
2 1 1
3 1 1
1 1 1
6 3 0
6 2 0
5 4 1
6 4 1
7 3 0
7 4 1
0 0 1
board #76 20
4 3 0
4 5 0
4 2 1
5 2 1
6 2 1
3 3 1
7 1 1
2 4 0
2 3 0
3 4 1
2 5 0
2 2 1
3 2 0
3 1 1
4 1 0
2 6 1
3 5 0
3 6 0
2 7 1
3 7 0
0 0 0
board #77 22
4 5 0
4 3 1
5 3 0
5 2 1
6 2 0
6 1 1
7 1 1
3 4 1
2 4 0
2 5 0
2 3 0
2 6 0
3 2 0
1 7 1
2 7 0
3 1 0
0 0 0
board #78 18
4 5 0
4 3 0
4 6 1
3 6 1
2 6 0
3 5 0
1 7 1
2 7 0
4 2 0
4 1 0
0 0 1
board #79 12
4 3 1
5 3 0
5 2 1
6 2 1
3 4 0
3 3 1
2 4 0
2 3 0
3 2 1
2 2 1
1 3 1
7 1 0
7 2 1
0 0 1
board #80 15
4 5 1
3 5 0
3 6 0
4 3 1
5 3 0
5 2 1
6 2 1
3 3 1
7 1 1
2 3 0
2 4 1
1 5 1
0 0 0
board #81 14
4 5 0
4 3 0
4 2 1
5 2 0
5 1 1
6 1 1
7 1 0
6 2 1
7 2 0
6 3 0
4 6 1
3 6 1
5 6 1
2 6 0
3 5 0
1 7 1
2 7 0
5 3 0
0 0 0
board #82 20
4 3 0
4 5 0
4 6 1
3 6 1
5 5 1
2 6 1
1 6 1
6 4 0
6 5 1
7 4 0
7 5 0
6 6 0
5 4 0
5 7 1
6 7 0
4 2 1
5 2 1
6 2 0
6 1 0
6 3 0
0 0 0
board #83 22
4 3 1
5 3 1
3 4 0
3 3 0
4 2 1
3 2 0
3 1 1
4 1 0
4 5 1
3 5 0
3 6 1
2 6 1
5 4 1
1 6 1
6 4 1
7 3 0
7 4 0
7 2 1
6 3 1
0 0 1
board #84 21
4 3 0
4 5 1
3 5 1
5 4 0
5 5 0
4 6 1
5 6 0
5 7 0
4 2 1
5 2 0
6 1 0
0 0 0
board #85 13
4 3 1
5 3 0
5 2 1
6 2 0
7 1 0
4 5 0
4 6 1
3 6 1
5 5 1
2 6 1
1 7 1
6 4 0
6 5 0
6 6 0
5 4 1
6 3 1
7 2 0
7 3 0
6 7 0
0 0 0
board #86 21
4 3 1
5 3 0
5 2 1
6 2 0
6 1 0
4 5 0
3 6 0
2 7 1
3 7 0
0 0 1
board #87 11
4 5 1
3 5 1
5 4 1
2 5 1
6 4 0
6 3 0
6 2 1
5 3 1
7 1 0
7 2 0
6 5 1
5 5 1
7 4 0
7 5 1
1 5 1
0 0 1
board #88 17
4 3 0
4 5 1
3 5 1
5 4 1
2 5 1
6 3 1
1 5 0
1 6 0
1 7 1
2 6 1
7 2 0
7 3 0
7 1 0
7 4 1
6 4 1
0 0 0
board #89 17
4 3 1
5 3 1
3 4 0
3 3 1
2 4 0
2 3 0
3 2 1
2 2 1
1 2 1
6 3 1
7 2 0
7 3 1
0 0 0
board #90 14
4 5 1
3 5 1
5 4 1
2 5 1
6 4 1
1 6 1
7 3 0
7 4 0
7 2 1
6 3 1
0 0 1
board #91 12
4 5 1
3 5 0
3 6 1
2 6 0
1 7 1
2 7 1
5 4 1
6 4 0
6 3 1
7 3 1
0 0 0
board #92 12
4 5 0
4 3 1
5 3 0
5 2 1
6 2 0
6 1 0
3 6 0
2 7 0
0 0 0
board #93 10
4 5 1
3 5 1
5 4 1
2 5 1
6 4 0
6 3 0
6 2 0
5 5 1
6 5 1
7 4 1
1 5 0
1 6 0
1 7 0
2 4 0
3 3 1
2 3 0
3 2 0
3 1 1
4 1 1
4 2 1
2 1 1
3 4 0
5 3 1
4 3 1
1 1 0
1 2 1
0 0 1
board #94 28
4 3 1
5 3 1
3 3 0
3 4 0
4 2 0
4 5 1
3 5 1
2 5 0
2 6 0
1 7 0
4 1 1
5 1 0
0 0 0
board #95 14
4 3 1
5 3 0
5 2 0
4 5 0
4 6 1
3 6 1
2 6 1
5 5 1
1 6 0
1 7 1
6 5 0
6 4 0
6 6 1
5 6 1
7 6 1
0 0 1
board #96 17
4 3 0
4 5 0
4 2 1
5 2 1
6 2 0
5 3 0
6 1 0
4 6 1
3 6 0
2 7 0
0 0 1
board #97 12
4 3 1
5 3 1
3 4 1
6 3 1
2 4 1
7 2 0
7 3 1
1 5 1
0 0 1
board #98 10
4 5 1
3 5 0
3 6 0
4 3 0
4 2 0
2 7 1
3 7 1
1 7 0
2 6 1
1 6 0
2 5 0
4 1 0
0 0 0
board #99 14
4 3 1
5 3 0
5 2 0
4 5 1
3 5 1
5 5 0
5 4 0
4 6 0
5 1 1
6 1 0
4 7 0
0 0 1
board #100 13
4 5 1
3 5 1
5 4 1
2 5 0
2 6 1
1 6 1
6 4 0
6 3 1
7 2 0
7 3 0
7 1 0
6 5 0
5 6 0
4 7 0
0 0 1
board #101 16
4 3 0
4 5 0
4 2 1
5 2 1
3 3 0
3 2 1
6 2 1
2 3 1
7 1 0
7 2 1
1 3 1
0 0 1
board #102 13
4 5 1
3 5 1
5 5 1
2 5 0
2 6 1
1 6 0
1 7 0
3 4 0
3 3 0
3 2 0
3 1 1
4 1 0
0 0 0
board #103 14
4 5 0
4 3 0
4 6 1
3 6 1
2 6 1
5 5 1
1 6 0
1 7 0
2 5 0
3 4 1
3 5 1
2 4 1
1 4 0
1 5 1
6 5 0
6 4 0
5 4 0
6 6 0
5 7 0
4 2 0
4 1 0
0 0 1
board #104 23
4 5 1
3 5 0
3 6 1
2 6 1
5 4 0
5 5 0
5 6 0
4 3 0
4 7 1
5 7 0
4 2 0
4 1 0
0 0 1
board #105 14
4 3 1
5 3 0
5 2 0
4 5 0
4 6 0
5 1 0
3 7 1
4 7 1
5 6 0
5 7 1
2 7 0
3 6 1
2 6 0
3 5 0
0 0 1
board #106 16
4 5 1
3 5 1
5 4 0
5 5 0
4 6 1
5 6 0
4 3 1
5 3 1
6 3 1
3 4 1
7 2 0
7 3 1
2 4 0
2 5 0
2 6 0
2 3 1
3 3 0
4 2 1
3 2 0
1 7 1
2 7 0
3 1 1
4 1 1
2 2 1
1 4 1
0 0 1
board #107 27
4 5 0
4 3 0
5 2 0
4 6 0
5 1 1
6 1 0
3 7 0
0 0 1
board #108 9
4 3 0
4 5 0
4 2 0
4 6 1
3 6 0
3 7 0
4 1 0
0 0 1
board #109 9
4 5 0
4 3 1
5 3 1
3 4 0
3 3 1
2 4 0
2 3 0
3 2 1
2 2 0
2 1 1
3 1 0
4 6 0
4 7 0
0 0 0
board #110 15
4 3 0
4 5 1
3 5 1
5 4 1
2 5 0
2 6 1
1 6 1
6 4 1
7 3 1
0 0 1
board #111 11
4 5 0
4 3 1
5 3 0
5 2 0
4 6 0
5 1 1
6 1 0
3 7 1
4 7 1
2 7 1
5 6 1
1 7 1
6 5 0
6 6 0
5 5 0
5 7 0
0 0 1
board #112 18
4 5 1
3 5 0
3 6 1
2 6 1
5 4 0
5 5 0
5 6 1
4 6 0
3 7 1
4 7 0
4 3 1
5 3 1
6 3 1
3 3 1
2 4 0
2 3 1
1 3 1
7 2 0
7 3 0
6 4 0
7 1 0
0 0 1
board #113 23
4 5 0
4 3 0
4 6 1
3 6 1
2 6 0
3 5 1
2 5 1
5 5 0
5 6 1
6 5 0
6 6 1
7 5 0
7 6 1
1 5 0
1 6 0
2 4 0
2 7 0
3 3 0
3 2 1
4 2 1
5 2 1
6 2 0
5 3 1
6 3 0
7 1 0
5 4 1
6 4 0
0 0 1
board #114 29
4 5 1
3 5 1
5 5 0
5 4 0
4 6 1
5 6 1
6 5 1
2 5 1
1 5 0
1 6 0
1 7 1
2 6 0
2 7 0
2 4 0
3 3 1
2 3 1
3 4 1
1 4 1
7 4 0
7 5 1
0 0 0
board #115 22
4 3 1
5 3 1
3 3 0
3 4 0
4 2 0
4 5 0
4 6 1
3 6 1
2 6 0
1 7 1
2 7 1
5 5 1
6 4 1
7 3 0
7 4 0
6 3 0
6 5 1
7 5 1
0 0 0
board #116 20
4 3 0
4 5 1
3 5 0
3 6 1
2 6 1
5 4 0
5 5 0
5 6 0
4 7 1
5 7 1
6 6 0
6 7 1
7 7 1
3 7 0
4 6 1
1 7 1
0 0 0
board #117 18
4 3 1
5 3 1
3 3 1
6 3 1
2 4 1
7 2 0
7 3 0
7 1 0
6 4 1
7 4 0
6 5 0
5 6 0
5 7 0
0 0 0
board #118 15
4 5 0
4 3 0
4 2 1
5 2 0
5 1 1
6 1 1
7 1 1
3 3 0
3 2 0
3 1 0
4 6 1
3 6 0
2 7 0
0 0 1
board #119 15
4 5 0
4 3 0
4 6 1
3 6 1
2 6 0
3 5 1
2 5 0
3 4 1
2 4 1
5 5 1
1 4 0
1 5 1
6 5 1
7 5 1
0 0 0
board #120 16
4 5 0
4 3 1
5 3 1
3 4 0
3 3 0
4 2 1
3 2 0
3 1 1
4 1 0
4 6 1
3 6 0
2 7 0
0 0 0
board #121 14
4 5 1
3 5 0
3 6 1
2 6 0
1 7 1
2 7 1
5 4 1
6 3 0
6 4 1
7 3 0
7 4 0
6 5 0
6 2 1
5 3 0
5 6 0
5 2 0
4 7 1
5 7 1
6 6 1
3 7 0
4 6 1
7 6 1
0 0 1
board #122 24
4 3 0
4 5 1
3 5 1
5 4 1
2 5 1
6 4 1
1 6 1
7 3 1
0 0 1
board #123 10
4 3 0
4 5 0
4 2 0
4 6 0
4 1 1
5 1 0
3 7 0
0 0 0
board #124 9
4 3 0
4 5 1
3 5 0
3 6 1
2 6 1
5 4 0
5 5 0
5 6 0
5 7 0
4 2 0
5 1 0
0 0 1
board #125 13
4 3 1
5 3 0
5 2 0
4 5 0
4 6 0
5 1 1
6 1 1
7 1 1
4 2 0
4 1 1
3 2 0
3 1 1
2 2 0
2 1 1
1 1 0
1 2 1
0 0 0
board #126 18
4 5 1
3 5 0
3 6 1
2 6 1
1 6 0
1 7 1
5 5 1
6 5 0
6 4 0
5 6 0
5 4 0
4 7 1
5 7 1
6 7 0
6 6 0
4 3 0
5 2 0
5 1 1
6 1 0
0 0 0
board #127 21
4 5 0
4 3 1
5 3 0
5 2 0
4 6 1
3 6 0
2 7 1
3 7 1
1 7 0
2 6 1
1 6 0
2 5 1
1 5 1
5 5 1
6 4 1
7 3 0
7 4 0
6 3 1
7 2 0
7 1 1
6 2 0
6 5 0
6 6 1
5 6 0
4 7 1
5 7 1
7 6 1
0 0 1
board #128 29
4 5 0
4 3 1
5 3 1
3 4 0
3 3 1
2 4 1
6 3 1
7 2 0
7 3 0
6 4 0
7 1 0
5 5 0
5 6 0
5 7 0
0 0 1
board #129 16
4 3 0
4 5 1
3 5 0
3 6 1
2 6 0
1 7 1
2 7 0
4 2 1
5 2 0
5 1 1
6 1 1
7 1 1
3 3 1
2 3 1
1 3 0
1 4 0
2 2 1
1 2 1
0 0 0
board #130 20
4 3 0
4 5 0
4 2 1
5 2 1
6 2 1
3 3 1
7 1 0
7 2 1
2 3 1
1 3 1
0 0 0
board #131 12
4 3 1
5 3 0
5 2 0
4 5 1
3 5 0
3 6 0
2 7 1
3 7 0
6 1 0
0 0 1
board #132 11
4 3 0
4 5 0
4 2 1
5 2 1
6 2 1
3 3 0
3 2 0
3 1 0
4 6 1
3 6 0
2 7 1
3 7 0
0 0 0
board #133 14
4 5 0
4 3 0
4 6 1
3 6 1
5 5 0
5 6 1
2 6 0
3 5 0
1 7 1
2 7 0
4 2 1
5 2 1
6 2 0
5 3 1
6 3 0
6 1 0
6 4 0
0 0 1
board #134 19
4 3 1
5 3 0
5 2 0
4 5 0
4 6 0
5 1 1
6 1 0
3 7 1
4 7 0
0 0 1
board #135 11
4 3 1
5 3 1
3 3 1
6 3 1
2 4 0
2 3 0
3 2 1
2 2 1
1 3 1
7 3 1
0 0 0
board #136 12
4 3 1
5 3 1
6 3 0
6 2 0
5 4 0
6 1 1
7 1 0
5 5 1
4 5 0
4 6 0
4 7 0
0 0 1
board #137 13
4 3 0
4 5 0
4 2 1
5 2 0
5 1 1
6 1 0
3 6 0
2 7 0
0 0 1
board #138 10
4 3 1
5 3 0
5 2 1
6 2 1
3 4 0
3 3 0
3 2 1
4 2 1
2 3 0
2 2 1
1 2 0
1 3 0
1 1 1
2 1 0
4 5 1
3 5 0
3 6 1
2 6 1
5 4 0
5 5 0
5 6 1
4 6 1
6 5 1
1 6 1
7 5 1
0 0 0
board #139 27
4 3 0
4 5 1
3 5 1
5 4 1
2 5 0
2 6 1
1 6 0
1 7 1
6 4 0
6 3 0
6 5 0
6 2 0
5 6 0
7 1 0
4 7 1
5 7 1
4 6 1
6 7 0
6 6 0
0 0 1
board #140 21
4 3 0
4 5 0
4 2 1
5 2 0
5 1 1
6 1 0
4 6 0
3 7 0
0 0 1
board #141 10
4 5 1
3 5 0
3 6 1
2 6 1
5 4 1
1 7 1
6 3 1
7 2 0
7 3 1
0 0 1
board #142 11
4 3 1
5 3 1
6 3 0
6 2 0
5 4 1
6 4 0
5 5 1
6 5 1
7 4 0
7 5 0
6 6 1
7 6 1
3 3 0
3 4 0
4 2 1
3 2 0
4 5 0
4 6 0
4 1 0
4 7 0
0 0 0
board #143 22
4 3 0
4 5 1
3 5 1
5 4 0
5 5 0
4 6 0
5 2 0
6 1 0
3 7 0
0 0 1
board #144 11
4 3 1
5 3 1
3 4 0
3 3 1
2 4 0
2 3 1
6 3 0
6 2 0
5 4 1
6 4 0
5 5 1
6 5 1
7 4 0
7 5 0
6 6 1
7 6 1
1 3 1
0 0 1
board #145 19
4 3 1
5 3 1
3 4 0
3 3 1
2 4 0
2 3 1
6 3 1
1 3 1
7 2 0
7 3 1
0 0 0
board #146 12
4 3 0
4 5 1
3 5 1
