4 3 0
4 5 1
3 5 0
3 6 0
5 2 0
2 7 1
3 7 0
5 1 1
6 1 1
7 1 0
6 2 1
7 2 1
4 2 0
4 1 0
0 0 1
board #1 16
4 3 0
4 5 1
3 5 1
5 4 1
2 5 0
2 6 1
1 6 0
1 7 0
3 4 1
2 4 1
1 4 0
1 5 1
6 4 0
6 3 1
7 2 0
7 3 1
0 0 1
board #2 18
4 5 0
4 3 0
4 6 1
3 6 1
5 5 1
2 6 1
1 6 1
6 5 1
7 5 1
0 0 0
board #3 11
4 3 1
5 3 0
5 2 1
6 2 1
3 3 0
3 4 1
2 4 0
2 5 1
7 1 0
7 2 1
1 5 1
0 0 1
board #4 13
4 5 1
3 5 1
2 5 0
2 6 0
3 4 1
2 4 0
3 3 1
2 3 1
1 4 1
5 5 0
5 4 0
4 6 0
4 3 1
5 3 0
5 2 1
6 2 0
6 1 1
7 1 0
4 7 0
0 0 0
board #5 21
4 5 1
3 5 0
3 6 1
2 6 0
1 7 1
2 7 0
4 3 1
5 3 0
5 2 0
5 1 1
6 1 1
7 1 0
6 2 1
7 2 0
6 3 0
0 0 1
board #6 17
4 5 0
4 3 0
4 2 1
5 2 0
4 6 0
5 1 1
6 1 1
7 1 0
6 2 1
7 2 0
6 3 1
7 3 1
3 3 1
2 4 1
1 4 0
1 5 1
0 0 1
board #7 18
4 3 0
4 5 1
3 5 1
5 4 1
2 5 0
2 6 1
1 6 0
1 7 1
6 4 0
6 3 1
7 2 0
7 3 0
7 1 1
6 2 1
0 0 1
board #8 16
4 5 0
4 3 1
5 3 1
3 4 0
3 3 1
2 4 0
2 3 1
6 3 1
1 3 1
7 2 0
7 3 0
6 4 1
7 4 0
7 1 1
6 2 1
0 0 1
board #9 17
4 3 0
4 5 1
3 5 1
5 4 1
2 5 0
2 6 1
1 6 0
1 7 1
6 4 1
7 3 0
7 4 0
7 2 0
6 5 0
7 1 1
6 2 1
5 3 1
0 0 0
board #10 18
4 3 0
4 5 1
3 5 0
3 6 0
4 2 1
5 2 0
6 1 0
3 7 0
0 0 1
board #11 10
4 5 0
4 3 1
5 3 0
5 2 1
6 2 1
3 4 1
7 2 1
2 4 0
2 5 0
2 3 1
3 3 0
3 2 0
2 6 1
3 5 1
1 6 0
1 7 1
0 0 1
board #12 18
4 3 1
5 3 0
5 2 0
4 5 1
3 5 0
3 6 0
2 7 1
3 7 1
1 7 1
4 6 0
4 7 1
5 6 1
6 5 0
6 6 1
7 5 1
0 0 0
board #13 17
4 3 0
4 5 1
3 5 0
3 6 0
4 2 0
2 7 0
4 1 1
5 1 0
0 0 0
board #14 10
4 5 0
4 3 0
4 2 1
5 2 0
5 1 1
6 1 1
7 1 0
6 2 0
3 6 0
2 7 0
0 0 1
board #15 12
4 5 0
4 3 0
4 6 0
4 2 0
3 7 1
4 7 1
2 7 0
3 6 1
2 6 0
3 5 0
5 1 0
0 0 1
board #16 13
4 5 1
3 5 1
5 4 0
5 5 1
2 5 1
6 4 0
6 5 1
7 4 0
7 5 0
6 6 1
7 6 0
6 7 0
4 3 0
4 2 1
5 2 1
6 2 0
6 1 1
7 1 1
3 3 1
2 4 1
1 6 1
0 0 1
board #17 23
4 3 0
4 5 1
3 5 1
5 4 1
2 5 1
6 4 1
1 6 1
7 3 1
0 0 1
board #18 10
4 3 0
4 5 0
4 6 0
4 2 0
4 1 1
5 1 0
3 7 1
4 7 1
5 6 0
5 7 1
2 7 1
1 7 0
2 6 1
6 6 0
6 7 1
1 6 1
7 7 1
0 0 1
board #19 19
4 3 1
5 3 0
5 2 0
4 5 1
3 5 1
5 5 1
2 5 1
6 5 0
6 4 1
7 4 1
1 5 0
1 6 1
0 0 0
board #20 14
4 3 0
4 5 0
4 2 1
5 2 0
6 1 0
4 6 0
3 7 1
4 7 0
0 0 0
board #21 10
4 3 0
4 5 0
4 6 0
4 2 0
5 1 0
3 7 0
0 0 0
board #22 8
4 3 1
5 3 1
6 3 0
6 2 1
7 1 0
7 2 1
3 3 0
3 4 0
4 2 0
4 5 0
4 1 1
5 1 0
4 6 0
3 7 1
4 7 0
0 0 1
board #23 17
4 3 1
5 3 1
3 3 1
6 3 0
6 2 0
5 4 0
7 1 0
5 5 1
4 5 1
3 5 1
6 5 1
2 5 1
7 5 1
1 6 1
0 0 0
board #24 16
4 3 1
5 3 0
5 2 0
4 5 0
4 6 0
5 1 1
6 1 1
7 1 1
4 2 0
4 1 0
4 7 0
0 0 1
board #25 13
4 3 0
4 5 0
4 2 0
4 6 1
3 6 1
5 5 1
2 6 0
3 5 0
1 7 1
2 7 1
6 4 0
6 5 0
5 4 0
6 6 1
5 6 1
7 5 0
7 6 1
0 0 1
board #26 19
4 5 1
3 5 0
3 6 0
4 3 1
5 3 1
3 3 1
6 3 1
2 4 0
2 3 0
3 2 0
2 5 0
3 1 1
4 1 0
2 7 0
0 0 0
board #27 16
4 5 1
3 5 1
5 4 1
2 5 1
6 4 0
6 3 0
6 5 0
6 2 1
5 3 0
5 2 1
7 1 0
7 2 0
5 6 1
6 6 0
5 7 1
6 7 0
0 0 0
board #28 18
4 5 0
4 3 0
4 2 1
5 2 0
4 6 1
3 6 1
5 5 0
5 6 1
6 5 0
6 6 0
5 7 1
6 7 0
5 1 0
0 0 0
board #29 15
4 3 1
5 3 0
5 2 1
6 2 0
6 1 1
7 1 0
4 5 0
4 6 0
3 7 0
0 0 1
board #30 11
4 3 0
4 5 1
3 5 0
3 6 0
4 2 0
2 7 1
3 7 1
1 7 0
2 6 1
1 6 1
4 6 1
5 4 0
5 6 1
6 5 1
7 4 1
0 0 1
board #31 17
4 5 0
4 3 1
5 3 0
5 2 0
4 6 0
5 1 0
3 7 0
0 0 1
board #32 9
4 3 0
4 5 0
4 2 1
5 2 1
3 3 1
6 2 0
5 3 1
6 3 1
2 3 1
7 2 0
7 3 1
1 3 0
1 4 0
2 2 1
1 2 0
2 4 0
1 1 1
2 1 1
0 0 0
board #33 20
4 5 1
3 5 1
2 5 0
2 6 1
1 6 0
1 7 1
5 5 0
5 4 1
6 4 0
6 3 0
6 2 1
5 3 1
7 1 1
0 0 0
board #34 15
4 3 1
5 3 1
3 3 0
3 4 0
4 2 1
3 2 0
4 5 1
3 5 0
3 6 1
2 6 1
5 4 1
1 6 0
1 7 0
2 5 1
1 5 1
6 4 1
7 3 0
7 4 0
7 2 1
6 2 0
6 3 1
0 0 1
board #35 23
4 3 1
5 3 1
3 3 0
3 4 0
4 2 0
4 5 1
3 5 0
3 6 1
2 6 1
5 4 1
1 7 1
6 4 0
6 3 0
6 2 1
7 1 0
7 2 1
0 0 1
board #36 18
4 3 1
5 3 0
5 2 1
6 2 1
3 4 0
3 3 0
4 2 1
3 2 1
2 3 0
2 2 0
2 1 1
3 1 1
1 1 1
7 1 1
0 0 0
board #37 16
4 3 1
5 3 1
3 3 0
3 4 0
4 2 0
4 5 1
3 5 1
2 5 1
5 4 0
5 5 1
6 4 0
6 5 1
7 5 1
1 5 0
1 6 0
2 4 1
1 4 1
0 0 0
board #38 19
4 5 0
4 3 1
5 3 1
3 4 0
3 3 1
2 4 1
6 3 1
7 2 1
1 4 1
0 0 1
board #39 11
4 3 0
4 5 0
4 2 1
5 2 0
4 6 1
3 6 0
5 1 0
2 7 1
3 7 1
1 7 1
5 5 1
6 4 0
6 5 0
5 4 1
6 3 0
6 6 1
5 6 1
7 5 1
0 0 0
board #40 20
4 3 0
4 5 0
4 2 1
5 2 0
4 6 1
3 6 0
2 7 0
5 1 1
6 1 0
0 0 0
board #41 11
4 5 0
4 3 0
4 2 1
5 2 1
3 3 1
6 2 0
5 3 0
6 1 0
4 6 1
3 6 0
2 7 1
3 7 0
0 0 1
board #42 14
4 5 1
3 5 1
2 5 1
5 4 1
6 4 0
6 3 0
6 2 0
6 5 1
5 5 1
7 4 1
1 5 0
1 6 1
0 0 1
board #43 14
4 5 1
3 5 0
3 6 0
4 3 1
5 3 0
5 2 0
6 1 0
2 7 1
3 7 1
1 7 1
4 6 0
4 7 1
5 6 1
6 5 0
6 6 0
5 5 1
6 4 1
7 3 1
0 0 0
board #44 20
4 3 0
4 5 0
4 6 1
3 6 1
2 6 1
5 5 0
5 6 0
5 7 0
4 2 0
4 1 0
0 0 0
board #45 12
4 3 0
4 5 1
3 5 1
5 4 0
5 5 0
4 6 1
5 6 1
6 5 1
2 5 0
2 6 0
3 4 0
1 7 0
4 2 1
5 2 1
6 2 1
3 2 1
2 3 1
7 2 1
1 3 1
0 0 0
board #46 21
4 5 0
4 3 1
5 3 0
5 2 1
6 2 1
3 4 0
3 3 1
2 4 1
7 1 1
1 4 0
1 5 1
0 0 0
board #47 13
4 3 0
4 5 1
3 5 0
3 6 1
2 6 0
1 7 1
2 7 1
5 4 0
5 5 1
6 4 0
6 5 0
5 6 0
4 7 0
4 2 0
4 1 1
5 1 0
0 0 0
board #48 18
4 3 1
5 3 1
3 4 0
3 3 0
4 2 0
4 5 1
2 6 0
2 5 1
3 5 1
5 4 1
1 5 0
1 6 1
6 4 0
6 3 0
6 2 0
6 5 1
5 5 1
7 4 0
7 5 1
0 0 1
board #49 21
4 3 1
5 3 0
5 2 1
6 2 0
7 1 0
4 5 0
4 6 0
3 7 1
4 7 1
5 6 1
2 7 0
3 6 0
0 0 1
board #50 14
4 3 0
4 5 0
4 6 1
3 6 1
2 6 0
3 5 0
2 7 0
4 2 0
4 1 1
5 1 1
6 1 0
5 2 0
0 0 0
board #51 14
4 5 0
4 3 1
5 3 0
5 2 0
4 6 0
5 1 0
3 7 1
4 7 0
0 0 0
board #52 10
4 5 0
4 3 1
5 3 0
5 2 1
6 2 1
3 4 1
7 1 0
7 2 0
6 3 1
7 3 1
2 4 0
2 5 0
2 3 0
2 6 1
3 5 1
1 6 0
1 7 0
2 2 0
2 1 1
3 1 0
0 0 0
board #53 22
4 3 1
5 3 1
6 3 0
6 2 1
7 1 0
7 2 0
5 4 0
4 6 0
4 5 0
4 7 0
0 0 1
board #54 12
4 3 0
4 5 0
4 2 1
5 2 0
5 1 1
6 1 0
4 6 1
3 6 1
5 5 0
5 6 0
4 7 0
0 0 1
board #55 13
4 5 1
3 5 1
5 5 1
2 5 0
2 6 1
1 6 0
1 7 1
6 4 0
6 5 0
5 6 0
5 4 0
4 3 0
4 7 1
5 7 0
4 2 0
4 1 1
5 1 0
0 0 0
board #56 19
4 5 1
3 5 1
5 5 1
2 5 0
2 6 0
3 4 0
2 7 0
3 3 1
4 3 0
4 2 1
5 2 1
6 2 0
5 3 1
6 3 1
2 3 1
1 3 0
1 4 1
7 2 1
0 0 1
board #57 20
4 5 0
4 3 0
4 6 0
4 2 0
4 7 0
4 1 1
5 1 0
0 0 0
board #58 9
4 3 0
4 5 1
3 5 1
5 4 0
5 5 0
4 6 1
5 6 1
6 5 0
6 6 0
5 7 1
6 7 1
7 6 0
7 7 1
2 5 0
2 6 1
1 7 1
0 0 1
board #59 18
4 5 0
4 3 1
5 3 1
3 4 0
3 3 0
4 2 0
4 6 1
3 6 0
3 7 0
4 1 0
0 0 0
board #60 12
4 3 1
5 3 0
5 2 1
6 2 1
3 4 0
3 3 0
3 2 1
4 2 1
2 3 1
7 2 1
1 3 0
1 4 1
0 0 0
board #61 14
4 3 0
4 5 1
3 5 1
5 4 0
5 5 1
6 4 0
6 5 1
2 5 1
7 4 0
7 5 0
6 6 0
5 7 1
6 7 1
5 6 0
4 7 0
4 2 0
4 1 1
5 1 1
6 1 1
7 1 1
3 2 1
2 3 0
2 2 1
1 2 0
1 3 1
0 0 1
board #62 27
4 5 0
4 3 0
4 6 1
3 6 1
5 5 1
2 6 1
1 6 0
1 7 1
6 4 0
6 5 0
5 4 1
6 3 1
7 2 0
7 3 1
0 0 1
board #63 16
4 3 1
5 3 0
5 2 0
4 5 1
3 5 1
5 5 0
5 4 0
4 6 0
6 1 0
3 7 1
4 7 1
5 6 0
5 7 1
3 6 0
2 7 1
1 7 1
6 6 1
7 6 1
0 0 0
board #64 20
4 3 0
4 5 1
3 5 0
3 6 0
4 2 1
5 2 1
6 2 0
5 3 1
6 3 0
5 4 0
7 1 0
3 7 0
0 0 0
board #65 14
4 3 1
5 3 1
3 3 0
3 4 1
2 4 0
2 5 0
2 6 0
4 2 1
3 2 1
2 3 0
2 2 1
1 2 0
1 3 0
1 1 0
1 7 0
0 0 0
board #66 17
4 3 1
5 3 0
5 2 1
6 2 1
3 3 0
3 4 0
3 2 0
4 5 1
3 5 1
2 5 1
5 5 1
6 4 0
6 5 0
6 3 0
5 6 1
6 6 1
7 5 0
7 6 0
7 7 0
3 1 1
4 1 0
0 0 1
board #67 23
4 3 1
5 3 1
6 3 0
6 2 1
7 1 0
7 2 1
3 4 0
3 3 1
2 4 1
1 4 0
1 5 0
2 5 0
2 3 0
3 2 1
2 2 1
1 2 1
0 0 1
board #68 18
4 5 1
3 5 0
3 6 1
2 6 0
1 7 0
4 3 1
5 3 1
3 3 0
3 4 0
4 2 1
3 2 0
3 1 1
4 1 0
0 0 1
board #69 15
4 5 1
3 5 1
2 5 1
5 5 1
6 5 0
6 4 0
5 6 1
6 6 1
7 5 0
7 6 0
7 7 0
5 4 1
6 3 1
7 3 1
1 5 0
1 6 1
0 0 0
board #70 18
4 5 1
3 5 0
3 6 0
4 3 1
5 3 0
5 2 1
6 2 1
3 3 1
7 2 1
2 4 1
1 5 1
0 0 1
board #71 13
4 3 1
5 3 1
3 4 1
6 3 0
6 2 1
7 1 1
2 4 0
2 5 0
3 3 0
2 6 0
4 2 0
1 7 1
2 7 0
4 1 0
0 0 1
board #72 16
4 5 0
4 3 1
5 3 1
3 4 0
3 3 0
4 2 1
3 2 0
3 1 1
4 1 1
2 2 1
6 3 0
6 2 1
7 2 1
1 2 0
1 3 0
2 3 0
1 1 0
4 6 1
3 6 1
2 6 1
5 5 1
1 6 0
1 7 0
2 5 0
0 0 0
board #73 26
4 5 0
4 3 0
4 2 0
4 6 1
3 6 0
2 7 1
3 7 1
1 7 0
2 6 0
4 1 0
0 0 0
board #74 12
4 3 0
4 5 0
4 2 1
5 2 1
6 2 1
3 3 1
7 2 1
2 3 1
1 3 1
0 0 1
board #75 11
4 5 0
4 3 0
4 2 0
4 6 1
3 6 0
2 7 1
3 7 0
5 1 0
0 0 1
board #76 10
4 5 0
4 3 1
5 3 0
5 2 1
6 2 1
3 4 0
3 3 0
3 2 1
4 2 1
2 3 1
7 1 0
7 2 1
1 3 0
1 4 1
0 0 0
board #77 16
4 5 1
3 5 1
5 4 0
5 5 0
4 6 1
5 6 1
6 5 1
2 5 1
1 5 0
1 6 0
1 7 0
2 4 1
1 4 0
2 3 1
1 3 0
2 2 0
2 1 1
3 1 1
3 2 0
4 1 0
0 0 1
board #78 22
4 3 1
5 3 0
5 2 1
6 2 0
6 1 1
7 1 0
4 5 1
3 5 0
3 6 1
2 6 1
5 5 1
1 6 1
6 5 1
7 4 0
7 5 0
6 6 1
7 6 1
0 0 0
board #79 19
4 5 1
3 5 1
5 4 1
2 5 1
6 4 0
6 3 0
6 5 0
6 2 1
5 3 0
5 2 1
7 2 1
4 3 0
4 2 0
5 6 1
6 6 1
4 6 1
7 5 0
7 6 1
1 5 0
1 6 1
0 0 0
board #80 22
5 2 1
6 2 0
5 3 0
6 1 0
4 5 0
4 6 0
3 7 1
4 7 0
0 0 0
board #81 10
4 3 0
4 5 0
4 2 0
4 6 1
3 6 1
2 6 0
3 5 0
1 7 1
2 7 0
4 1 0
0 0 0
board #82 12
4 3 0
4 5 0
4 6 0
4 2 0
4 1 0
3 7 1
4 7 0
0 0 0
board #83 9
4 5 0
4 3 1
5 3 0
5 2 0
4 6 0
5 1 1
6 1 0
3 7 1
4 7 0
0 0 0
board #84 11
4 5 1
3 5 0
3 6 1
2 6 0
2 7 0
4 3 0
4 2 1
5 2 0
5 1 1
6 1 1
7 1 1
3 3 1
2 4 1
1 4 0
1 5 0
1 3 0
2 5 0
1 2 0
1 1 1
2 1 1
2 2 0
3 1 1
3 2 0
4 1 0
0 0 0
board #85 26
4 3 1
5 3 1
6 3 1
3 4 1
2 4 1
7 2 1
1 4 1
0 0 0
board #86 9
4 3 0
4 5 1
3 5 0
3 6 1
2 6 0
2 7 0
4 2 1
5 2 1
3 3 1
6 2 0
5 3 1
6 3 1
2 3 0
2 4 1
1 4 1
7 2 1
0 0 0
board #87 18
4 3 0
4 5 0
4 2 1
5 2 0
5 1 1
6 1 0
3 6 0
2 7 1
3 7 1
1 7 0
2 6 0
0 0 0
board #88 13
4 3 0
4 5 0
4 2 0
4 6 0
4 1 1
5 1 1
3 2 1
6 1 1
7 1 0
6 2 0
5 2 0
3 7 1
4 7 1
5 6 0
5 7 0
0 0 1
board #89 17
4 3 0
4 5 0
4 2 0
4 6 1
3 6 1
2 6 0
3 5 1
2 5 1
5 5 1
6 4 0
6 5 0
5 4 0
6 6 1
5 6 1
7 6 1
1 5 0
1 6 1
0 0 1
board #90 19
4 5 0
4 3 1
5 3 0
5 2 0
4 6 1
3 6 0
2 7 1
3 7 1
1 7 0
2 6 1
1 6 0
2 5 0
3 4 0
5 1 0
0 0 1
board #91 16
4 3 1
5 3 1
3 4 0
3 3 0
4 2 0
4 5 1
2 6 0
3 5 0
1 7 0
4 1 1
5 1 1
5 2 1
3 2 1
2 3 0
2 2 1
1 2 0
1 3 1
6 3 1
7 2 0
7 3 1
0 0 0
board #92 22
4 3 0
4 5 1
3 5 0
3 6 1
2 6 0
2 7 0
4 2 1
5 2 1
6 2 1
3 3 0
3 2 0
3 1 1
4 1 1
2 2 1
7 1 0
7 2 0
6 3 1
7 3 0
6 4 0
5 4 0
0 0 1
board #93 22
4 3 0
4 5 1
3 5 1
5 4 1
2 5 1
6 3 1
1 5 0
1 6 0
1 7 0
2 4 0
3 3 0
3 2 0
3 1 0
0 0 0
board #94 15
4 5 1
3 5 0
3 6 0
4 3 0
4 2 1
5 2 1
3 3 1
6 2 0
5 3 0
6 1 1
7 1 1
2 4 1
1 4 0
1 5 1
0 0 0
board #95 16
4 5 1
3 5 0
3 6 1
2 6 1
5 4 0
5 5 1
6 4 1
1 6 0
1 7 0
2 5 0
5 2 1
6 2 1
4 2 1
3 2 1
2 2 0
2 3 0
2 4 0
2 1 1
3 1 1
1 1 1
7 1 1
0 0 0
board #96 23
4 5 0
4 3 1
5 3 0
5 2 0
4 6 1
3 6 1
5 5 0
5 6 0
4 7 1
5 7 1
6 6 0
6 7 0
5 1 1
6 1 1
7 1 0
6 2 1
7 2 1
4 2 1
3 4 1
2 5 0
2 4 1
1 5 1
0 0 0
board #97 24
4 5 1
3 5 1
5 4 1
2 5 0
2 6 0
3 4 0
2 7 0
3 3 1
5 3 1
4 3 0
5 2 1
4 2 1
2 3 1
1 3 0
1 4 1
6 4 1
7 3 0
7 4 1
0 0 0
board #98 20
4 3 1
5 3 0
5 2 0
4 5 0
4 6 0
5 1 0
4 7 0
0 0 0
board #99 9
4 3 0
4 5 0
4 2 0
4 6 1
3 6 0
2 7 1
3 7 1
1 7 0
2 6 1
1 6 1
5 5 1
6 4 0
6 5 0
5 4 1
6 3 0
6 6 1
5 6 0
4 7 1
5 7 1
7 5 0
7 6 0
6 7 1
7 7 0
5 3 1
6 2 0
6 1 1
7 1 1
5 2 0
4 1 1
5 1 0
0 0 1
board #100 32
4 3 0
4 5 0
4 6 0
4 2 0
5 1 0
3 7 0
0 0 0
board #101 8
4 3 0
4 5 1
3 5 0
3 6 0
4 2 0
2 7 1
3 7 1
1 7 1
4 6 0
4 7 0
5 1 0
0 0 1
board #102 13
4 5 0
4 3 0
4 2 0
4 6 1
3 6 0
3 7 0
4 1 0
0 0 1
board #103 9
4 3 0
4 5 0
4 6 0
4 2 1
5 2 0
5 1 1
6 1 1
7 1 0
6 2 1
7 2 0
6 3 0
5 4 0
3 7 1
4 7 0
0 0 1
board #104 16
4 5 1
3 5 0
3 6 1
2 6 1
5 4 0
5 5 0
5 6 0
4 7 1
5 7 0
4 3 1
5 3 1
6 3 1
3 3 0
3 4 0
4 2 0
5 1 0
0 0 0
board #105 18
4 3 1
5 3 1
3 4 0
3 3 0
4 2 0
4 5 1
3 5 0
3 6 1
2 6 1
5 4 0
5 5 1
6 4 0
6 5 0
5 6 0
4 7 1
5 7 1
6 7 0
6 6 0
4 1 1
5 1 1
6 1 0
5 2 0
0 0 1
board #106 24
4 5 1
3 5 0
3 6 1
2 6 0
2 7 0
4 3 1
5 3 0
5 2 0
5 1 0
0 0 0
board #107 11
4 5 0
4 3 1
5 3 0
5 2 0
4 6 0
6 1 0
3 7 1
4 7 1
2 7 1
5 6 0
5 7 0
0 0 1
board #108 13
4 3 0
4 5 0
4 2 0
4 6 0
3 7 1
4 7 1
5 6 1
2 7 0
3 6 1
2 6 0
3 5 1
2 5 1
6 5 0
6 6 1
1 5 1
7 5 0
7 6 0
5 5 0
6 7 0
4 1 0
0 0 1
board #109 22
4 5 0
4 3 1
5 3 0
5 2 0
4 6 0
6 1 0
4 7 0
0 0 0
board #110 9
4 5 0
4 3 1
5 3 0
5 2 1
6 2 1
3 4 1
7 1 0
7 2 0
6 3 0
4 6 1
3 6 1
5 6 1
2 6 0
3 5 0
1 7 1
2 7 1
6 6 0
6 5 0
5 5 0
5 7 0
0 0 0
board #111 22
4 3 1
5 3 1
3 4 0
3 3 1
2 4 1
6 3 0
6 2 0
5 4 1
6 4 0
5 5 1
6 5 1
7 5 1
1 4 0
1 5 0
2 3 0
1 6 0
1 7 0
3 2 0
4 1 0
0 0 0
board #112 21
4 3 1
5 3 1
3 4 0
3 3 1
2 4 0
2 3 0
3 2 1
2 2 1
1 2 0
1 3 1
6 3 0
6 2 0
5 4 0
6 1 0
4 6 0
4 5 0
3 7 1
4 7 1
2 7 0
3 6 0
0 0 1
board #113 22
4 3 1
5 3 0
5 2 0
4 5 1
3 5 0
3 6 1
2 6 0
1 7 1
2 7 1
5 4 1
6 3 0
6 4 1
7 3 1
0 0 0
board #114 15
4 5 1
3 5 1
5 5 1
2 5 1
6 5 1
1 5 0
1 6 1
7 5 1
0 0 0
board #115 10
4 3 1
5 3 1
3 4 0
3 3 0
4 2 0
4 5 0
4 6 0
4 1 0
3 7 1
4 7 1
2 7 0
3 6 1
2 6 0
2 5 1
3 5 0
0 0 1
board #116 17
4 3 0
4 5 1
3 5 0
3 6 0
4 2 1
5 2 0
6 1 0
2 7 1
3 7 0
0 0 0
board #117 11
4 3 0
4 5 0
4 2 0
4 6 0
5 1 0
3 7 0
0 0 1
board #118 8
4 5 1
3 5 0
3 6 1
2 6 0
1 7 1
2 7 1
5 4 1
6 4 0
6 3 0
6 5 0
6 2 1
5 3 1
7 1 0
7 2 1
0 0 1
board #119 16
4 5 1
3 5 0
3 6 1
2 6 0
1 7 1
2 7 0
4 3 0
4 2 0
4 1 1
5 1 0
0 0 0
board #120 12
4 5 1
3 5 1
5 5 1
2 5 1
6 5 1
1 5 0
1 6 0
1 7 1
2 6 1
7 4 0
7 5 0
6 6 0
7 3 0
7 2 1
6 3 1
5 4 0
6 4 1
0 0 0
board #121 19
4 3 0
4 5 1
3 5 0
3 6 0
4 2 0
2 7 0
4 1 0
0 0 1
board #122 9
4 5 0
4 3 1
5 3 0
5 2 1
6 2 1
3 4 0
3 3 1
2 4 0
2 3 0
3 2 1
2 2 0
3 1 0
4 6 1
3 6 0
2 7 1
3 7 0
0 0 1
board #123 18
4 3 1
5 3 1
3 3 1
6 3 1
2 4 1
7 2 0
7 3 0
7 1 0
6 4 0
5 5 0
5 6 1
4 6 1
4 5 1
6 5 0
6 6 0
6 7 0
0 0 0
board #124 18
4 5 1
3 5 0
3 6 0
4 3 1
5 3 1
3 3 0
3 4 0
4 2 1
3 2 0
3 1 0
2 7 1
3 7 0
0 0 1
board #125 14
4 5 0
4 3 0
4 2 0
4 6 1
3 6 1
5 5 1
2 6 1
1 6 1
6 4 1
7 3 0
7 4 0
6 3 1
7 2 1
0 0 0
board #126 15
4 5 1
3 5 0
3 6 0
4 3 1
5 3 1
3 3 0
3 4 1
2 5 1
6 3 0
6 2 1
7 1 0
7 2 1
1 5 0
1 6 1
0 0 0
board #127 16
4 3 1
5 3 0
5 2 0
4 5 0
3 6 0
5 1 0
2 7 1
3 7 0
0 0 0
board #128 10
4 5 0
4 3 1
5 3 1
3 4 1
6 3 1
2 4 0
2 5 0
2 6 1
3 5 1
1 7 1
7 2 0
7 3 1
0 0 0
board #129 14
4 3 1
5 3 1
3 4 0
3 3 1
6 3 0
6 2 0
5 4 1
6 4 1
2 4 0
2 3 1
7 3 0
7 4 1
1 3 1
0 0 0
board #130 15
4 5 1
3 5 1
5 5 1
2 5 1
6 4 0
6 5 1
7 4 1
1 5 1
0 0 0
board #131 10
4 3 1
5 3 0
5 2 1
6 2 0
6 1 1
7 1 1
3 4 1
2 4 0
2 5 1
1 5 0
1 6 1
0 0 0
board #132 13
4 3 0
4 5 0
4 6 1
3 6 1
5 5 1
2 6 0
3 5 0
1 7 0
4 2 0
4 1 1
5 1 0
0 0 0
board #133 13
4 5 0
4 3 0
4 6 0
4 2 1
5 2 0
5 1 1
6 1 0
3 7 1
4 7 1
5 6 1
2 7 0
3 6 1
2 6 1
6 5 1
1 6 0
1 7 0
2 5 1
1 5 1
7 5 1
0 0 1
board #134 21
4 5 1
3 5 0
3 6 1
2 6 0
1 7 0
4 3 0
4 2 1
5 2 0
5 1 1
6 1 0
0 0 1
board #135 12
4 3 1
5 3 0
5 2 0
4 5 0
4 6 0
6 1 0
4 7 0
0 0 0
board #136 9
4 3 1
5 3 0
5 2 0
4 5 0
4 6 1
3 6 0
2 7 1
3 7 0
5 1 1
6 1 0
0 0 1
board #137 12
4 5 0
4 3 1
5 3 0
5 2 1
6 2 1
3 4 0
3 3 0
3 2 1
4 2 0
4 1 0
4 6 1
3 6 0
3 7 0
0 0 0
board #138 15
4 3 1
5 3 1
3 3 1
6 3 0
6 2 1
7 2 1
2 4 1
1 5 1
0 0 0
board #139 10
4 3 0
4 5 1
3 5 1
5 4 0
5 5 1
6 4 0
6 5 0
5 6 1
6 6 0
5 7 0
4 2 0
4 1 1
5 1 0
0 0 1
board #140 15
4 3 0
4 5 0
4 2 1
5 2 0
5 1 1
6 1 0
4 6 0
3 7 1
4 7 1
2 7 0
3 6 0
0 0 0
board #141 13
4 3 1
5 3 1
6 3 0
6 2 0
5 4 0
6 1 1
7 1 0
5 5 0
5 6 1
4 6 1
3 6 1
2 6 0
3 5 1
2 5 1
6 5 0
6 6 0
5 7 1
6 7 1
7 7 1
1 6 1
0 0 1
board #142 22
4 5 0
4 3 0
4 6 1
3 6 1
5 5 1
2 6 1
1 6 0
