4 5 1
3 5 0
3 6 1
2 6 0
1 7 1
2 7 0
4 3 0
4 2 1
5 2 0
5 1 1
6 1 0
0 0 0
board #1 13
4 5 1
3 5 1
5 4 0
5 5 0
4 6 1
5 6 0
4 7 1
5 7 0
4 3 0
4 2 1
5 2 0
5 1 0
0 0 0
board #2 14
4 5 1
3 5 1
5 4 1
2 5 0
2 6 1
1 7 1
6 4 0
6 3 1
7 3 1
0 0 0
board #3 11
4 3 1
5 3 0
5 2 0
4 5 1
3 5 1
5 5 0
5 4 1
6 4 1
2 5 0
2 6 0
3 4 1
2 4 0
3 3 1
2 3 1
1 3 1
7 3 0
7 4 0
6 3 0
6 5 0
4 6 0
5 1 1
6 1 1
7 1 1
4 2 0
4 1 1
3 2 1
0 0 0
board #4 28
4 3 0
4 5 1
3 5 1
5 4 1
2 5 0
2 6 0
3 4 1
2 4 1
1 4 0
1 5 1
6 3 1
7 2 1
0 0 0
board #5 14
4 5 0
4 3 0
4 2 0
4 6 0
4 1 1
5 1 1
6 1 0
5 2 0
3 7 1
4 7 0
0 0 1
board #6 12
4 5 1
3 5 0
3 6 0
4 3 1
5 3 0
5 2 1
6 2 1
3 3 0
3 4 0
3 2 0
4 1 0
2 7 1
3 7 0
0 0 0
board #7 15
5 2 1
6 2 1
4 2 1
3 3 1
7 1 1
2 3 1
1 3 0
1 4 1
0 0 0
board #8 10
4 5 0
4 3 0
4 2 0
4 6 1
3 6 1
5 5 0
5 6 1
6 5 1
2 6 0
3 5 1
2 5 0
3 4 1
2 4 0
3 3 1
2 3 1
1 3 0
1 4 0
2 2 0
2 7 0
2 1 0
0 0 0
board #9 22
4 5 0
4 3 1
5 3 0
5 2 1
6 2 0
6 1 1
7 1 0
4 6 0
3 7 1
4 7 0
0 0 1
board #10 12
4 3 0
4 5 0
4 6 1
3 6 1
5 5 0
5 6 1
2 6 1
6 5 0
6 6 1
7 6 1
1 6 1
0 0 0
board #11 13
4 5 0
4 3 0
4 6 1
3 6 1
5 5 1
2 6 1
1 6 0
1 7 1
6 4 1
7 4 1
0 0 0
board #12 12
4 3 0
4 5 1
3 5 1
5 4 0
5 5 0
4 6 1
5 6 0
4 7 1
5 7 1
6 6 1
2 5 0
2 6 0
3 4 1
2 4 0
3 3 1
2 3 1
1 3 0
1 4 0
2 2 0
1 7 1
2 7 1
3 7 1
7 5 0
7 6 1
0 0 0
board #13 26
4 3 1
5 3 0
5 2 1
6 2 1
3 4 0
3 3 0
3 2 1
4 2 0
4 1 1
5 1 0
4 5 1
3 5 1
2 5 0
2 6 0
2 7 0
0 0 1
board #14 17
4 3 0
4 5 0
4 6 1
3 6 0
2 7 1
3 7 0
4 2 0
4 1 1
5 1 0
0 0 0
board #15 11
4 3 0
4 5 1
3 5 0
3 6 0
4 2 1
5 2 0
6 1 0
3 7 0
0 0 1
board #16 10
4 5 0
4 3 0
4 2 1
5 2 0
6 1 0
4 6 1
3 6 0
2 7 0
0 0 1
board #17 10
4 3 0
4 5 1
3 5 1
5 4 0
5 5 1
6 4 0
6 5 1
2 5 1
7 4 1
1 5 0
1 6 1
0 0 0
board #18 13
4 5 1
3 5 1
2 5 0
2 6 0
3 4 1
2 4 0
3 3 0
1 7 0
3 2 0
3 1 1
4 1 0
0 0 1
board #19 13
4 3 0
4 5 1
3 5 0
3 6 0
4 2 1
5 2 0
5 1 1
6 1 1
7 1 1
3 3 1
2 3 0
2 4 1
1 4 0
1 5 0
2 5 1
1 6 0
1 7 0
2 2 1
3 2 1
1 3 1
0 0 0
board #20 22
4 5 1
3 5 0
3 6 0
4 3 1
5 3 0
5 2 1
6 2 0
7 1 0
2 7 1
3 7 0
0 0 1
board #21 12
4 5 1
3 5 1
5 4 1
2 5 1
6 4 1
1 5 0
1 6 1
7 4 1
0 0 0
board #22 10
4 5 1
3 5 0
3 6 0
4 3 1
5 3 0
5 2 1
6 2 1
3 4 1
7 1 1
2 5 1
1 5 1
0 0 1
board #23 13
4 5 0
4 3 0
4 2 1
5 2 0
5 1 0
4 6 0
3 7 0
0 0 0
board #24 9
4 5 0
4 3 1
5 3 1
3 4 1
6 3 1
2 5 0
2 4 1
1 4 1
7 3 1
0 0 0
board #25 11
4 3 1
5 3 1
6 3 1
3 3 0
3 4 0
4 2 1
3 2 1
2 3 1
7 2 0
7 3 1
1 4 1
0 0 1
board #26 13
4 3 1
5 3 0
5 2 1
6 2 0
6 1 0
4 5 0
4 6 1
3 6 1
2 6 1
5 5 1
1 7 1
6 5 1
7 5 1
0 0 0
board #27 15
4 5 1
3 5 0
3 6 0
4 3 1
5 3 1
3 3 1
6 3 1
2 3 0
2 4 0
3 2 1
2 2 0
2 5 1
3 4 1
1 6 1
7 2 0
7 3 1
0 0 1
board #28 18
4 3 0
4 5 1
3 5 1
5 4 1
2 5 0
2 6 1
1 6 0
1 7 0
3 4 0
4 2 1
5 2 0
5 1 0
0 0 1
board #29 14
4 3 1
5 3 1
6 3 1
3 4 0
3 3 0
3 2 0
4 5 1
3 5 1
2 5 0
2 6 0
1 7 1
2 7 0
3 1 0
0 0 0
board #30 15
4 5 0
4 3 1
5 3 0
5 2 0
4 6 1
3 6 0
3 7 0
5 1 1
6 1 1
7 1 0
6 2 1
7 2 1
4 2 0
4 1 0
0 0 1
board #31 16
4 3 1
5 3 1
3 3 1
6 3 1
2 4 0
2 3 0
3 2 1
2 2 0
2 5 1
3 4 1
1 5 0
1 6 1
7 2 0
7 3 0
7 1 1
6 2 1
0 0 0
board #32 18
4 5 1
3 5 0
3 6 0
4 3 0
4 2 0
2 7 1
3 7 1
1 7 0
2 6 0
5 1 0
0 0 1
board #33 12
4 5 1
3 5 1
5 4 0
5 5 0
4 6 0
4 3 0
4 2 0
3 7 1
4 7 0
4 1 1
5 1 1
3 2 0
3 1 0
0 0 1
board #34 15
4 3 1
5 3 0
5 2 1
6 2 1
3 4 1
7 1 1
2 4 0
2 5 1
1 5 1
0 0 0
board #35 11
4 3 0
4 5 0
4 6 1
3 6 0
2 7 1
3 7 0
4 2 1
5 2 0
5 1 0
0 0 1
board #36 11
4 5 1
3 5 0
3 6 0
4 3 0
4 2 1
5 2 0
5 1 1
6 1 1
7 1 0
6 2 1
7 2 0
6 3 0
5 4 0
2 7 1
3 7 0
0 0 1
board #37 17
4 3 1
5 3 0
5 2 1
6 2 1
3 4 0
3 3 0
3 2 1
4 2 0
5 1 0
4 5 1
3 5 1
2 5 0
2 6 0
2 7 0
0 0 0
board #38 16
4 5 0
4 3 1
5 3 1
3 4 1
6 3 0
6 2 1
7 1 0
7 2 0
5 4 1
6 4 1
7 4 1
2 5 1
1 6 1
0 0 0
board #39 15
4 3 0
3 6 1
2 6 1
4 6 1
5 5 1
1 6 0
1 7 0
2 5 0
3 4 0
4 2 1
5 2 1
3 2 0
3 3 0
4 1 0
0 0 0
board #40 16
4 3 1
5 3 0
5 2 0
4 5 1
3 5 0
3 6 1
2 6 0
1 7 0
6 1 0
0 0 0
board #41 11
4 5 1
3 5 0
3 6 1
2 6 1
5 4 1
1 7 1
6 4 1
7 3 1
0 0 1
board #42 10
4 5 0
4 3 1
5 3 0
5 2 1
6 2 0
7 1 0
4 6 0
4 7 0
0 0 0
board #43 10
4 5 1
3 5 1
5 4 1
2 5 0
2 6 1
1 6 0
1 7 1
6 4 1
7 3 1
0 0 0
board #44 11
4 3 0
4 5 0
4 6 1
3 6 1
2 6 0
3 5 1
2 5 0
3 4 1
2 4 1
5 5 0
5 6 0
5 7 0
4 2 0
4 1 0
0 0 0
board #45 16
4 5 0
4 3 0
3 6 0
4 2 0
2 7 1
3 7 1
1 7 0
2 6 0
4 1 1
5 1 0
0 0 1
board #46 12
4 3 0
4 5 0
4 2 0
4 6 1
3 6 1
2 6 1
5 5 1
1 7 1
6 4 0
6 5 0
5 4 0
6 6 0
6 7 0
4 1 0
0 0 1
board #47 16
4 3 0
4 5 1
3 5 0
3 6 1
2 6 0
1 7 1
2 7 1
5 4 0
5 5 1
6 4 0
6 5 1
7 4 1
0 0 1
board #48 14
4 5 1
3 5 1
5 5 1
2 5 1
6 4 1
1 5 0
1 6 0
1 7 1
2 6 0
2 7 0
2 4 1
1 4 1
7 4 1
0 0 1
board #49 15
4 3 0
4 5 1
3 5 1
5 4 1
2 5 1
6 4 0
6 3 1
7 2 0
7 3 0
7 1 1
6 2 0
6 1 1
5 2 1
5 3 0
4 2 0
5 5 0
4 6 0
5 1 0
3 7 1
4 7 0
0 0 1
board #50 22
4 3 1
5 3 1
3 4 0
3 3 1
6 3 0
6 2 1
7 1 0
7 2 1
2 4 0
2 3 0
3 2 0
4 5 0
4 1 0
4 6 0
3 7 0
0 0 1
board #51 17
4 5 0
4 3 0
4 2 0
4 6 1
3 6 1
2 6 1
5 5 0
5 6 1
6 5 1
1 6 0
1 7 0
2 5 0
3 4 1
3 5 0
5 1 0
0 0 1
board #52 17
5 3 0
4 5 1
3 5 0
3 6 1
2 6 1
5 5 0
5 4 0
5 6 1
4 6 1
6 5 0
6 6 1
7 5 1
1 7 1
0 0 1
board #53 15
4 5 0
4 3 1
5 3 0
5 2 1
6 2 1
3 4 0
3 3 1
2 4 1
7 1 0
7 2 1
1 4 0
1 5 1
0 0 1
board #54 14
4 3 1
5 3 1
3 4 1
6 3 1
2 4 1
7 2 0
7 3 0
7 1 1
6 2 0
6 1 0
6 4 1
7 4 0
6 5 1
7 5 1
1 4 0
1 5 1
0 0 1
board #55 18
4 3 1
5 3 0
5 2 0
4 5 1
3 5 1
5 5 0
5 4 1
6 4 0
6 3 1
2 5 0
2 6 0
3 4 1
2 4 0
2 3 0
3 2 0
1 7 1
2 7 1
3 6 0
3 7 0
3 1 1
4 1 0
0 0 1
board #56 23
4 5 1
3 5 0
3 6 1
2 6 0
1 7 0
4 3 0
4 2 0
4 1 1
5 1 1
6 1 1
3 2 0
3 1 1
2 2 0
2 1 1
7 1 0
6 2 1
7 2 1
1 1 1
0 0 0
board #57 20
4 5 0
4 3 0
4 6 0
4 2 0
4 7 0
4 1 1
5 1 0
0 0 1
board #58 9
4 5 1
3 5 0
3 6 0
4 3 0
4 2 0
2 7 1
3 7 1
1 7 0
2 6 0
5 1 0
0 0 0
board #59 12
4 3 1
5 3 0
5 2 0
4 5 0
4 6 1
3 6 0
2 7 1
3 7 1
1 7 0
2 6 1
1 6 0
2 5 0
3 4 1
3 5 1
2 4 1
5 5 0
5 6 0
4 7 1
5 7 1
6 6 0
6 7 1
7 7 1
1 4 0
1 5 1
0 0 0
board #60 26
4 3 0
4 5 1
3 5 1
5 4 0
5 5 0
4 6 1
5 6 1
6 5 0
6 6 1
7 6 1
2 5 0
2 6 0
3 4 1
2 4 0
3 3 0
1 7 1
2 7 0
3 2 1
4 2 1
5 2 1
6 2 0
7 1 0
5 3 1
6 3 0
0 0 1
board #61 26
4 3 1
5 3 0
5 2 1
6 2 0
7 1 0
4 5 0
4 6 0
4 7 0
0 0 0
board #62 10
4 3 1
5 3 0
5 2 0
4 5 1
3 5 1
5 5 0
5 4 0
5 6 0
5 1 1
6 1 0
5 7 0
0 0 1
board #63 13
4 5 1
3 5 1
5 4 1
2 5 0
2 6 1
1 6 1
6 4 0
6 3 1
7 3 1
0 0 1
board #64 11
4 3 0
4 5 1
3 5 0
3 6 1
2 6 0
1 7 1
2 7 0
4 2 0
4 1 0
0 0 0
board #65 11
4 3 0
4 5 0
4 2 1
5 2 1
3 3 0
3 2 0
3 1 1
4 1 0
4 6 0
3 7 0
0 0 1
board #66 12
4 3 1
5 3 1
3 4 0
3 3 1
6 3 0
6 2 1
7 1 1
2 4 0
2 3 1
1 3 1
0 0 1
board #67 12
4 5 1
3 5 1
2 5 0
2 6 1
1 6 1
5 4 1
6 4 0
6 3 1
7 2 1
0 0 1
board #68 11
4 3 1
5 3 1
3 4 0
3 3 0
4 2 0
4 5 1
3 5 0
3 6 0
2 7 0
5 1 0
0 0 1
board #69 12
4 3 0
4 5 1
3 5 0
3 6 0
4 2 1
5 2 1
3 3 0
3 2 1
6 2 1
2 3 1
7 1 0
7 2 1
1 3 1
0 0 1
board #70 15
4 5 0
4 3 1
5 3 1
3 4 0
3 3 1
2 4 1
6 3 1
7 2 1
1 4 1
0 0 1
board #71 11
4 5 1
3 5 1
5 4 0
5 5 1
6 5 1
2 5 1
7 4 0
7 5 1
1 6 1
0 0 0
board #72 11
4 3 1
5 3 1
3 4 1
6 3 0
6 2 0
5 4 1
6 4 0
5 5 1
6 5 1
7 4 0
7 5 0
6 6 1
7 6 1
2 4 1
1 5 1
0 0 0
board #73 17
4 3 0
4 5 1
3 5 0
3 6 0
4 2 0
2 7 1
3 7 1
1 7 1
4 6 1
5 4 1
6 3 1
7 2 0
7 3 0
7 1 0
7 4 0
7 5 0
6 6 0
6 7 0
0 0 0
board #74 20
4 5 0
4 3 1
5 3 1
3 4 1
6 3 1
2 4 1
7 2 1
1 5 1
0 0 1
board #75 10
4 5 0
4 3 0
4 2 1
5 2 1
3 3 1
6 2 0
5 3 0
6 1 0
4 6 1
3 6 1
5 5 1
2 6 1
6 5 0
6 4 1
7 3 0
7 4 1
1 6 1
0 0 1
board #76 19
4 5 0
4 3 1
5 3 1
3 4 0
3 3 0
4 2 0
4 6 0
5 1 0
3 7 1
4 7 0
0 0 1
board #77 12
4 3 0
4 5 0
4 2 0
4 6 1
3 6 0
2 7 0
4 1 1
5 1 1
3 2 0
3 1 1
6 1 1
7 1 1
2 2 1
1 2 0
1 3 1
0 0 0
board #78 17
4 5 1
3 5 1
5 5 0
5 4 1
6 4 1
2 5 0
2 6 1
1 6 0
1 7 0
3 4 1
2 4 0
3 3 1
2 3 1
1 3 1
7 3 0
7 4 0
7 2 0
7 1 1
6 2 0
6 1 1
5 2 1
4 2 0
4 3 1
0 0 1
board #79 25
4 5 0
4 3 1
5 3 0
5 2 0
4 6 1
3 6 0
2 7 1
3 7 1
1 7 1
5 5 0
5 6 0
4 7 1
5 7 0
6 1 0
0 0 0
board #80 16
4 3 1
5 3 0
5 2 1
6 2 1
7 1 1
3 4 1
2 4 1
1 4 0
1 5 0
1 6 1
2 5 1
0 0 1
board #81 13
4 5 1
3 5 0
3 6 0
4 3 0
4 2 0
2 7 0
4 1 0
0 0 1
board #82 9
4 5 0
4 3 0
4 2 1
5 2 0
5 1 0
4 6 0
4 7 0
0 0 1
board #83 9
4 3 1
5 3 0
5 2 1
6 2 1
3 4 0
3 3 1
2 4 1
7 1 1
1 4 1
0 0 0
board #84 11
4 3 1
5 3 0
5 2 0
4 5 1
3 5 0
3 6 0
2 7 1
3 7 1
1 7 0
2 6 0
5 1 1
6 1 0
0 0 0
board #85 14
4 3 0
4 5 0
4 2 0
4 6 0
4 7 0
4 1 1
5 1 1
3 2 1
6 1 0
5 2 1
6 2 0
5 3 1
6 3 1
2 3 1
7 3 1
1 4 1
0 0 0
board #86 18
4 5 0
4 3 0
4 2 0
3 6 0
2 7 1
3 7 1
1 7 1
4 6 1
5 5 0
5 6 0
4 7 0
5 1 0
0 0 1
board #87 14
4 5 1
3 5 0
3 6 1
2 6 0
1 7 1
2 7 0
4 3 0
4 2 0
4 1 1
5 1 1
3 2 1
6 1 1
7 1 1
2 2 1
1 2 1
0 0 1
board #88 17
4 3 0
4 5 0
4 2 0
4 6 0
3 7 1
4 7 1
5 6 0
5 7 1
2 7 1
6 6 0
6 7 1
1 7 0
2 6 1
1 6 0
2 5 0
3 5 0
4 1 0
0 0 0
board #89 19
4 5 1
3 5 0
3 6 0
4 3 0
4 2 0
3 7 0
4 1 0
0 0 0
board #90 9
4 3 1
5 3 0
5 2 1
6 2 0
6 1 1
7 1 0
4 5 1
3 5 1
5 5 1
2 5 0
2 6 0
3 4 0
1 7 0
0 0 1
board #91 15
4 5 1
3 5 1
5 5 0
5 4 0
5 6 0
4 3 1
5 3 0
5 2 0
6 1 0
4 7 1
5 7 0
0 0 0
board #92 13
4 5 0
4 3 0
4 2 0
4 6 1
3 6 1
5 5 1
2 6 0
3 5 0
2 7 0
4 1 1
5 1 1
6 1 1
3 2 0
3 1 1
2 2 0
2 1 1
7 1 1
1 2 1
0 0 1
board #93 20
4 5 1
3 5 0
3 6 0
4 3 0
4 2 1
5 2 0
6 1 0
2 7 1
3 7 0
0 0 0
board #94 11
4 5 0
4 3 0
4 6 0
4 2 0
3 7 1
4 7 0
4 1 1
5 1 0
0 0 1
board #95 10
4 3 1
5 3 1
6 3 0
6 2 0
5 4 1
6 4 1
3 3 0
3 4 0
4 2 0
4 5 0
4 6 0
5 1 0
3 7 1
4 7 1
2 7 1
1 7 0
2 6 1
1 6 0
2 5 1
1 5 0
2 4 0
0 0 1
board #96 23
4 5 1
3 5 0
3 6 1
2 6 1
5 4 0
5 5 1
6 4 0
6 5 0
5 6 0
4 3 0
5 7 0
4 2 0
4 1 1
5 1 1
6 1 1
7 1 1
3 2 0
3 1 0
0 0 1
board #97 20
4 5 1
3 5 0
3 6 0
4 3 0
4 2 1
5 2 0
6 1 0
3 7 0
0 0 0
board #98 10
4 5 0
4 3 1
5 3 1
3 4 1
6 3 1
2 5 1
7 2 0
7 3 1
1 6 1
0 0 1
board #99 11
4 3 0
4 5 0
4 6 1
3 6 0
2 7 1
3 7 0
4 2 0
4 1 1
5 1 1
3 2 0
3 1 1
6 1 1
2 2 1
7 1 0
6 2 1
7 2 0
6 3 0
5 3 1
5 4 1
6 4 1
7 3 0
7 4 1
1 2 1
0 0 1
board #100 25
4 5 1
3 5 0
3 6 0
4 3 1
5 3 0
5 2 0
6 1 0
2 7 1
3 7 0
0 0 1
board #101 11
4 5 1
3 5 0
3 6 1
2 6 0
2 7 0
4 3 0
4 2 0
4 1 1
5 1 0
0 0 0
board #102 11
4 5 1
3 5 1
5 4 1
2 5 0
2 6 0
3 4 1
2 4 0
3 3 1
2 3 0
3 2 0
1 7 1
2 7 0
3 1 0
0 0 1
board #103 15
4 3 1
5 3 0
5 2 0
4 5 1
3 5 1
5 5 0
5 4 1
6 4 0
6 3 0
4 6 1
5 6 1
6 5 1
2 5 0
2 6 0
3 4 1
2 4 1
7 4 0
7 5 1
1 5 1
0 0 0
board #104 21
4 5 0
4 3 1
5 3 0
5 2 0
4 6 0
5 1 0
4 7 0
0 0 0
board #105 9
4 3 0
4 5 0
4 2 1
5 2 0
5 1 1
6 1 1
7 1 1
3 3 0
3 2 0
3 1 1
4 1 0
4 6 0
3 7 0
0 0 1
board #106 15
4 3 0
4 5 1
3 5 0
3 6 1
2 6 1
5 4 0
5 5 1
6 4 1
1 7 1
7 3 1
0 0 0
board #107 12
4 3 0
4 5 0
4 6 0
4 2 0
3 7 0
4 1 1
5 1 1
3 2 1
6 1 1
7 1 0
6 2 0
5 2 1
5 3 0
0 0 0
board #108 15
4 5 0
4 3 1
5 3 1
3 3 1
6 3 0
6 2 1
7 2 1
2 4 1
1 4 0
1 5 1
0 0 1
board #109 12
4 3 0
4 5 1
3 5 1
5 4 0
5 5 0
4 6 1
5 6 0
4 7 1
5 7 0
4 2 0
4 1 1
5 1 1
6 1 0
5 2 1
6 2 0
5 3 1
6 3 1
3 2 1
7 3 1
2 3 1
1 4 1
0 0 0
board #110 23
4 3 0
4 5 0
4 6 1
3 6 1
5 5 0
5 6 0
4 7 0
4 2 0
4 1 1
5 1 0
0 0 1
board #111 12
4 3 0
4 5 0
4 6 0
4 2 0
3 7 1
4 7 0
4 1 1
5 1 0
0 0 0
board #112 10
4 3 0
4 5 1
3 5 1
5 4 0
5 5 0
5 6 0
4 2 1
5 2 0
5 1 0
4 7 1
5 7 1
4 6 0
3 7 0
0 0 0
board #113 15
4 5 1
3 5 1
5 4 0
5 5 1
2 5 1
6 4 0
6 5 0
5 6 1
6 6 1
7 6 1
1 5 0
1 6 0
1 7 1
2 6 1
0 0 1
board #114 16
4 5 1
3 5 1
5 4 0
5 5 1
6 4 0
6 5 0
5 6 1
6 6 0
5 7 1
6 7 0
4 3 1
6 2 1
3 4 0
3 3 0
3 2 0
4 1 0
0 0 0
board #115 18
4 5 1
3 5 1
5 4 1
2 5 0
2 6 0
3 4 0
1 7 0
3 3 1
4 3 1
5 3 1
2 3 0
2 4 0
3 2 0
3 1 1
4 1 1
4 2 0
5 1 1
5 2 1
2 1 0
2 2 0
0 0 1
board #116 22
4 5 1
3 5 1
5 4 0
5 5 0
4 6 1
5 6 0
4 3 1
5 3 1
6 3 0
6 2 1
7 1 0
7 2 1
3 4 1
2 4 1
1 4 0
1 5 1
0 0 1
board #117 18
4 5 1
3 5 1
5 4 0
5 5 0
4 6 0
4 3 0
4 2 0
3 7 1
4 7 1
3 6 1
5 6 0
5 7 0
4 1 0
0 0 0
board #118 15
4 3 1
5 3 0
5 2 0
4 5 0
4 6 0
5 1 1
6 1 1
7 1 1
4 2 1
3 4 0
3 2 1
2 3 0
2 2 0
2 4 0
2 1 0
4 7 0
0 0 0
board #119 18
4 5 0
4 3 1
5 3 0
5 2 0
4 6 0
5 1 1
6 1 1
7 1 1
4 2 1
3 4 0
3 2 0
3 3 1
2 4 1
1 4 0
1 5 1
0 0 0
board #120 17
4 5 0
4 3 0
4 6 1
3 6 0
4 2 1
5 2 1
6 2 1
3 3 0
3 2 0
3 1 1
4 1 0
3 7 0
0 0 1
board #121 14
4 3 0
4 5 1
3 5 1
5 4 1
2 5 0
2 6 1
1 6 0
1 7 0
3 4 0
4 2 0
4 1 1
5 1 1
6 1 0
5 2 0
0 0 1
board #122 16
4 5 1
3 5 1
5 5 0
5 4 0
4 6 1
5 6 1
6 5 0
6 6 0
6 7 0
4 3 1
5 3 1
6 3 0
6 2 1
7 1 0
7 2 1
3 4 0
3 3 1
2 4 0
2 3 1
1 3 0
1 4 0
2 2 1
1 2 0
1 1 1
2 1 0
0 0 1
board #123 27
4 5 0
4 3 1
5 3 1
3 4 0
3 3 1
2 4 0
2 3 1
6 3 0
6 2 0
5 4 1
6 4 0
5 5 0
7 1 0
5 6 1
4 6 0
4 7 0
0 0 1
board #124 18
4 5 0
4 3 0
4 2 0
4 6 1
3 6 0
2 7 0
5 1 0
0 0 1
board #125 9
4 5 1
3 5 0
3 6 1
2 6 1
5 5 0
5 4 0
5 6 1
4 6 1
6 5 1
1 6 0
1 7 1
7 4 1
0 0 1
board #126 14
4 3 0
4 5 1
3 5 0
3 6 0
4 2 0
2 7 0
5 1 0
0 0 0
board #127 9
4 3 1
5 3 0
5 2 1
6 2 0
6 1 1
7 1 0
4 5 1
3 5 0
3 6 1
2 6 1
5 5 0
5 4 1
6 4 0
6 3 0
5 6 1
4 6 1
6 6 0
6 5 0
6 7 0
0 0 0
board #128 21
4 5 0
4 3 1
5 3 0
5 2 0
4 6 1
3 6 0
2 7 0
5 1 1
6 1 1
7 1 0
6 2 0
0 0 0
board #129 13
4 5 1
3 5 0
3 6 0
4 3 0
4 2 1
5 2 1
3 3 0
3 2 1
6 2 1
2 3 1
7 1 0
7 2 0
6 3 0
5 4 1
5 3 1
6 4 0
5 5 1
6 5 1
7 5 1
1 3 1
0 0 0
board #130 22
4 5 1
3 5 1
2 5 0
2 6 0
3 4 1
2 4 0
3 3 1
2 3 1
1 3 1
5 5 1
6 5 0
6 4 1
7 4 1
0 0 0
board #131 15
4 5 0
4 3 1
5 3 0
5 2 0
4 6 1
3 6 1
5 5 0
5 6 1
2 6 1
6 5 1
1 6 1
7 4 0
7 5 0
6 4 1
7 3 1
0 0 1
board #132 17
4 5 1
3 5 0
3 6 0
4 3 1
5 3 0
5 2 0
2 7 1
3 7 0
5 1 1
6 1 1
7 1 0
6 2 0
0 0 1
board #133 14
4 5 0
4 3 0
4 2 0
4 6 0
4 7 0
4 1 1
5 1 0
0 0 1
board #134 9
4 5 1
3 5 0
3 6 1
2 6 0
2 7 0
4 3 0
4 2 1
5 2 0
5 1 1
6 1 1
7 1 1
3 3 0
3 2 0
3 1 1
4 1 1
2 2 1
1 3 1
0 0 1
board #135 19
4 5 0
4 3 0
4 6 1
3 6 1
2 6 0
3 5 1
2 5 1
5 5 1
6 5 1
1 5 1
7 4 0
7 5 0
6 4 1
7 3 1
0 0 0
board #136 16
4 3 1
5 3 1
6 3 1
3 3 0
3 4 0
4 2 0
4 5 1
3 5 0
3 6 0
2 7 0
4 1 1
5 1 1
5 2 1
3 2 0
3 1 0
0 0 0
board #137 17
4 5 1
3 5 1
5 5 1
2 5 1
6 5 1
1 5 0
1 6 0
1 7 1
2 6 0
2 7 1
3 6 0
3 7 1
4 6 0
4 7 1
5 6 1
7 4 0
7 5 0
7 6 0
7 3 1
6 4 1
0 0 0
board #138 22
4 5 1
3 5 1
5 5 1
2 5 1
6 4 1
1 6 1
7 4 1
0 0 0
board #139 9
4 5 1
3 5 0
3 6 1
2 6 0
1 7 0
4 3 1
5 3 0
5 2 1
6 2 1
3 3 1
7 1 1
2 4 1
1 4 0
1 5 1
0 0 1
board #140 16
4 3 0
4 5 1
3 5 1
5 4 1
2 5 0
2 6 1
1 7 1
6 4 0
6 3 1
7 3 1
0 0 0
board #141 12
4 5 0
4 3 0
4 2 0
4 6 0
3 7 1
4 7 1
2 7 1
5 6 1
1 7 1
6 5 1
7 4 0
7 5 0
6 4 1
7 3 1
0 0 1
board #142 16
4 5 1
3 5 1
5 4 0
5 5 1
6 4 1
2 5 0
2 6 1
1 6 1
7 3 0
7 4 0
6 5 1
7 5 0
6 6 0
6 3 1
7 2 1
0 0 0
board #143 17
4 3 1
5 3 1
6 3 0
6 2 1
7 1 0
7 2 0
5 4 1
6 4 1
7 3 0
7 4 1
3 3 0
3 4 1
2 4 0
2 5 0
2 6 1
3 5 1
1 6 0
1 7 0
4 2 0
4 1 1
5 1 1
3 2 1
5 2 1
2 2 0
2 3 0
2 1 1
3 1 1
1 1 0
1 2 1
0 0 0
board #144 31
4 3 1
5 3 1
3 4 1
6 3 0
6 2 1
7 1 0
7 2 1
2 4 0
2 5 1
1 5 0
1 6 1
0 0 1
board #145 13
4 5 1
3 5 1
5 4 0
5 5 1
6 4 1
2 5 0
2 6 0
3 4 0
1 7 1
2 7 1
3 6 1
7 3 0
7 4 1
0 0 1
board #146 15
4 5 1
3 5 1
2 5 0
2 6 0
3 4 0
1 7 0
3 3 0
3 2 1
4 2 1
5 2 0
4 3 0
5 1 1
6 1 1
7 1 0
6 2 1
7 2 1
2 3 1
1 3 0
1 4 0
2 2 1
1 2 0
1 1 1
2 1 1
0 0 0
board #147 25
4 5 1
3 5 1
