4 5 0
4 6 0
4 3 1
5 3 0
5 2 0
4 7 1
3 7 1
5 6 1
2 7 1
1 7 0
1 8 0
2 6 1
1 6 0
2 5 0
3 4 1
3 5 0
5 1 0
0 0 1
board #1 19
4 5 1
3 5 0
3 6 1
2 6 0
2 7 1
1 8 1
5 5 1
6 5 0
6 4 1
7 4 0
7 3 0
7 2 0
5 6 1
6 6 1
7 6 1
8 5 1
0 0 1
board #2 18
4 5 0
4 6 0
4 3 0
3 7 0
4 2 1
5 2 1
6 2 0
5 3 0
6 1 1
7 1 1
8 1 1
3 3 0
3 2 0
3 1 1
4 1 0
2 8 1
3 8 0
0 0 0
board #3 19
4 5 1
3 5 0
3 6 0
3 7 1
2 7 0
2 8 0
4 3 1
5 3 1
3 4 1
6 3 1
2 5 1
7 3 1
1 6 1
8 2 1
0 0 1
board #4 16
4 5 0
4 6 1
3 6 1
5 5 0
5 6 0
4 7 1
5 7 1
6 6 1
2 6 0
2 7 1
1 8 1
7 5 0
7 6 1
8 5 0
8 6 1
0 0 0
board #5 17
4 5 0
4 6 0
4 3 0
4 7 1
3 7 0
3 8 0
4 2 0
5 1 0
0 0 0
board #6 10
4 5 0
4 6 1
3 6 0
3 7 0
4 3 1
5 3 0
5 2 1
6 2 1
7 2 0
6 3 0
7 1 1
8 1 1
3 4 0
3 3 1
2 4 1
1 4 0
1 5 1
0 0 0
board #7 19
2 7 1
4 6 1
3 6 1
5 6 0
5 5 0
4 7 1
5 7 0
5 4 1
4 5 1
6 4 0
6 3 0
6 2 0
4 8 0
6 1 0
0 0 1
board #8 16
4 5 0
4 6 1
3 6 1
5 5 1
2 6 0
2 7 1
1 7 0
1 8 0
3 5 0
4 3 0
4 2 0
4 1 0
0 0 0
board #9 14
4 5 1
3 5 1
5 4 0
5 5 1
6 4 0
6 5 1
7 4 0
7 5 0
6 6 1
7 6 0
6 7 0
6 8 0
4 3 1
6 2 0
6 3 0
6 1 1
7 1 1
8 1 1
5 2 0
5 1 0
0 0 0
board #10 22
4 5 1
3 5 1
5 5 1
6 4 1
2 5 0
2 6 0
3 4 1
2 4 1
1 5 1
7 3 0
7 4 0
7 2 0
6 5 1
7 5 1
8 4 0
8 5 1
0 0 1
board #11 18
4 5 0
4 6 0
4 3 0
4 7 1
3 7 1
5 6 1
2 7 0
3 6 1
2 6 1
6 5 1
1 6 0
1 7 0
2 5 1
1 5 0
2 4 0
1 8 1
2 8 1
7 4 1
8 3 0
8 4 0
7 3 0
7 5 0
7 6 0
6 7 0
7 2 1
6 3 0
6 2 0
6 8 0
7 1 0
0 0 0
board #12 31
4 5 1
3 5 1
5 5 1
6 5 0
6 4 1
7 4 1
2 5 1
1 6 1
8 4 1
0 0 0
board #13 11
4 5 0
4 6 1
3 6 0
3 7 1
2 7 1
5 5 0
5 6 0
5 7 0
4 3 1
5 3 0
5 2 0
4 8 0
6 1 0
0 0 1
board #14 15
4 5 0
4 6 1
3 6 1
5 5 1
2 6 1
6 4 0
6 5 1
7 5 1
1 6 0
1 7 1
8 4 1
0 0 1
board #15 13
4 5 1
3 5 0
3 6 0
3 7 0
4 3 1
5 3 0
5 2 1
6 2 1
7 2 0
6 3 1
7 3 1
3 3 1
2 4 0
2 3 0
3 2 0
3 4 0
3 1 0
3 8 0
0 0 0
board #16 20
4 5 1
3 5 0
3 6 1
2 6 1
5 5 1
6 5 0
6 4 1
7 4 0
7 3 1
8 2 0
8 3 0
8 1 0
5 6 1
6 6 1
7 6 0
7 5 0
6 7 1
7 7 1
8 6 1
1 6 0
1 7 1
0 0 1
board #17 23
4 5 0
4 6 0
4 3 0
3 7 0
4 2 0
2 8 0
4 1 1
5 1 0
0 0 0
board #18 10
4 5 0
4 6 0
4 3 0
4 7 0
4 2 1
5 2 1
3 3 0
3 2 0
3 1 1
4 1 0
3 8 1
4 8 0
0 0 1
board #19 14
4 5 0
4 6 0
4 3 1
5 3 0
5 2 0
4 7 0
4 8 0
5 1 0
0 0 1
board #20 10
4 5 0
4 6 0
4 3 1
5 3 0
5 2 1
6 2 0
7 1 0
4 7 1
3 7 0
2 8 0
0 0 0
board #21 12
4 5 0
4 6 0
4 3 0
4 7 1
3 7 0
2 8 0
4 2 1
5 2 0
6 1 0
0 0 1
board #22 11
4 5 0
4 6 0
4 3 1
5 3 0
5 2 1
6 2 0
6 1 1
7 1 1
8 1 0
7 2 0
4 7 0
3 8 0
0 0 0
board #23 14
4 5 1
3 5 1
5 5 0
5 4 1
6 4 0
6 3 0
4 6 1
5 6 0
4 7 0
6 2 1
7 2 1
5 3 0
5 2 0
5 1 1
6 1 0
3 8 1
4 8 0
0 0 1
board #24 19
4 5 0
4 6 1
3 6 1
5 5 1
2 6 0
2 7 0
3 5 1
2 5 1
1 6 1
6 5 0
6 4 1
7 4 1
8 3 0
8 4 1
0 0 1
board #25 16
4 5 0
4 6 0
4 3 0
4 7 0
5 2 0
5 1 0
3 8 0
0 0 0
board #26 9
4 5 1
3 5 1
5 5 0
5 4 0
4 6 1
5 6 0
4 7 1
5 7 1
6 6 1
7 5 1
2 5 0
2 6 1
1 6 1
8 4 1
0 0 1
board #27 16
4 5 0
4 6 1
3 6 1
5 5 0
5 6 1
6 5 1
2 6 0
2 7 0
3 5 1
2 5 1
1 6 1
7 5 1
8 4 1
0 0 0
board #28 15
4 5 0
4 6 0
4 3 1
5 3 0
5 2 1
6 2 0
7 1 0
4 7 0
3 8 1
4 8 1
5 7 1
2 8 0
3 7 0
0 0 0
board #29 15
4 5 1
3 5 1
5 5 0
5 4 0
4 6 0
4 7 0
4 3 1
5 3 0
5 2 0
5 1 1
6 1 1
4 2 0
4 1 1
3 2 0
3 1 1
7 1 0
6 2 1
7 2 1
2 2 1
8 2 1
1 2 0
1 3 0
2 3 1
1 4 0
2 4 1
1 5 1
0 0 0
board #30 28
4 5 1
3 5 0
3 6 0
3 7 0
4 3 0
4 2 1
5 2 1
3 3 1
6 2 1
7 2 1
8 1 0
8 2 0
7 3 0
6 3 1
6 4 1
7 4 1
2 4 1
8 3 0
8 4 0
7 5 0
6 6 1
7 6 1
6 5 1
8 5 0
8 6 0
7 7 0
7 8 0
0 0 0
board #31 29
3 6 1
4 6 0
4 5 1
5 5 1
2 6 1
6 5 0
6 4 1
7 4 1
1 7 1
8 3 0
8 4 1
0 0 1
board #32 13
3 6 1
4 6 0
4 5 1
5 5 0
5 4 1
6 4 0
6 3 0
6 2 0
3 7 1
4 7 1
5 7 0
5 6 0
4 8 0
6 1 1
7 1 1
8 1 1
5 2 1
5 3 0
4 2 1
3 3 1
2 3 1
1 3 0
1 4 0
2 4 1
1 5 0
2 5 0
2 2 0
3 5 0
2 1 1
3 1 0
0 0 1
board #33 32
4 5 0
4 6 0
4 3 0
4 7 1
3 7 1
5 6 1
2 7 1
1 7 1
6 5 0
6 6 0
5 5 0
6 7 1
5 7 0
4 8 1
5 8 1
7 6 1
8 6 1
0 0 1
board #34 19
4 5 0
4 6 1
3 6 1
5 5 0
5 6 1
6 5 0
6 6 0
5 7 1
6 7 0
5 8 1
6 8 0
4 3 0
4 2 1
5 2 0
5 1 1
6 1 0
0 0 0
board #35 18
4 5 1
3 5 0
3 6 0
3 7 0
4 3 0
4 2 0
2 8 1
3 8 0
4 1 0
0 0 1
board #36 11
4 5 1
3 5 1
5 5 1
6 5 0
6 4 1
7 4 0
7 3 0
7 2 0
5 6 0
7 1 1
8 1 1
6 2 1
6 3 1
2 5 0
2 6 1
1 6 0
1 7 0
1 8 1
2 7 0
2 8 0
3 4 0
3 3 0
3 2 0
3 1 0
0 0 1
board #37 26
4 5 0
4 6 1
3 6 0
3 7 1
2 7 1
5 5 0
5 6 1
6 6 1
1 7 1
7 6 1
8 5 0
8 6 1
0 0 0
board #38 14
4 5 1
3 5 1
5 5 0
5 4 0
4 6 1
5 6 1
6 5 1
2 5 1
7 4 1
1 5 0
1 6 1
8 3 0
8 4 0
7 3 0
7 5 1
8 5 0
7 6 0
6 7 1
7 7 1
5 7 0
6 6 1
8 7 1
0 0 1
board #39 24
4 5 0
4 6 1
3 6 1
5 5 1
2 6 1
6 5 1
7 5 1
1 6 0
1 7 0
1 8 1
2 7 0
2 8 1
3 7 1
8 4 1
0 0 1
board #40 16
4 5 1
3 5 0
3 6 1
2 6 1
5 5 0
5 4 1
6 4 1
7 4 0
7 3 1
8 2 0
8 3 0
8 1 1
7 2 1
1 6 0
1 7 0
2 5 1
1 5 1
0 0 1
board #41 19
4 5 0
4 6 0
4 3 1
5 3 0
5 2 0
4 7 1
3 7 0
3 8 0
5 1 0
0 0 0
board #42 11
4 5 0
4 6 0
4 3 1
5 3 0
5 2 1
6 2 0
7 1 0
4 7 0
3 8 1
4 8 1
2 8 0
3 7 1
2 7 0
3 6 0
0 0 0
board #43 16
4 5 0
4 6 1
3 6 1
5 5 1
2 6 0
2 7 0
3 5 0
1 8 0
4 3 1
5 3 0
5 2 1
6 2 0
7 1 0
0 0 0
board #44 15
4 5 0
4 6 1
3 6 0
3 7 1
2 7 0
1 8 1
2 8 0
4 3 0
5 2 0
6 1 0
0 0 0
board #45 12
4 5 0
4 6 0
4 3 1
5 3 1
3 4 0
3 3 1
6 3 0
5 4 0
6 2 1
7 2 0
8 1 0
4 7 0
3 8 0
0 0 0
board #46 15
4 5 0
4 6 0
4 3 0
4 7 1
3 7 1
5 6 1
2 7 1
1 7 0
1 8 1
6 5 0
6 6 0
5 5 1
6 4 1
7 4 1
8 4 1
0 0 0
board #47 17
4 5 0
4 6 0
4 3 0
4 7 1
3 7 1
5 6 0
5 7 1
6 6 1
2 7 0
3 6 0
1 8 0
4 2 0
4 1 0
0 0 1
board #48 15
4 5 0
4 6 0
4 3 0
4 7 0
4 2 0
3 8 0
4 1 0
0 0 0
board #49 9
4 5 0
4 6 1
3 6 1
5 5 1
2 6 1
6 4 1
7 4 1
1 6 0
1 7 0
1 8 1
2 7 1
8 3 0
8 4 1
0 0 0
board #50 15
4 5 0
4 6 0
4 3 1
5 3 1
3 4 0
3 3 1
6 3 1
2 4 0
2 3 1
1 4 1
7 3 1
8 2 0
8 3 1
0 0 1
board #51 15
4 5 0
4 6 1
3 6 1
5 5 1
2 6 0
2 7 0
3 5 0
1 8 0
4 3 1
5 3 1
3 3 1
6 3 1
2 4 1
7 3 1
1 4 0
1 5 0
2 3 1
1 3 1
8 2 0
8 3 1
0 0 1
board #52 22
4 5 1
3 5 1
5 5 1
6 5 0
6 4 1
7 4 1
2 5 0
2 6 0
3 4 1
2 4 0
2 7 0
3 3 1
2 3 1
1 3 1
8 3 0
8 4 1
0 0 1
board #53 18
4 5 0
4 6 0
4 7 1
3 7 1
5 6 1
2 7 0
3 6 0
1 8 0
4 3 1
5 3 1
3 4 0
3 3 0
4 2 0
4 1 1
5 1 0
0 0 0
board #54 17
4 5 1
3 5 0
3 6 0
3 7 1
2 7 1
4 6 1
1 7 0
1 8 0
2 6 1
1 6 1
6 5 1
5 6 1
7 5 0
7 4 1
8 3 0
8 4 0
8 2 1
7 3 1
0 0 1
board #55 20
3 6 0
3 5 0
3 7 0
4 3 0
4 2 1
5 2 0
5 1 0
2 8 1
3 8 1
1 8 0
2 7 0
0 0 1
board #56 13
4 5 1
3 5 1
5 5 1
6 5 0
6 4 0
5 6 0
6 3 1
5 4 1
7 3 0
7 2 0
7 1 1
8 1 1
6 2 0
6 1 1
5 2 1
5 3 0
4 3 0
4 2 0
4 1 0
5 7 0
5 8 0
0 0 1
board #57 23
4 5 0
4 6 0
4 3 0
4 7 0
5 2 0
5 1 1
6 1 0
4 8 0
0 0 0
board #58 10
4 5 0
4 6 0
4 3 0
4 7 0
5 2 1
4 2 1
3 3 0
3 2 0
3 1 1
4 1 1
2 2 1
6 2 0
5 3 0
7 1 0
4 8 0
0 0 0
board #59 17
4 5 0
3 7 0
3 6 1
4 6 0
4 3 1
5 3 1
3 4 0
3 3 0
4 2 0
3 8 0
4 1 1
5 1 0
0 0 1
board #60 14
4 5 1
3 5 0
3 6 0
3 7 0
4 3 1
5 3 0
5 2 0
2 8 0
5 1 1
6 1 0
0 0 1
board #61 12
4 5 1
3 5 0
3 6 0
3 7 0
4 3 1
5 3 0
5 2 0
3 8 0
5 1 1
6 1 1
4 2 0
4 1 1
3 2 0
3 1 1
7 1 1
2 2 1
8 1 1
1 2 1
0 0 0
board #62 20
4 5 0
4 6 1
3 6 0
3 7 0
4 3 1
5 3 0
5 2 1
6 2 1
7 2 1
3 4 0
3 3 0
3 2 1
4 2 0
5 1 0
3 8 0
0 0 0
board #63 17
4 5 0
4 6 1
3 6 1
5 5 0
5 6 1
6 5 1
2 6 1
7 4 0
7 5 0
6 4 1
7 3 1
8 2 0
8 3 0
8 1 1
7 2 1
1 6 0
1 7 0
1 8 1
2 7 1
0 0 1
board #64 21
4 5 0
4 6 1
3 6 1
5 5 1
2 6 1
6 5 1
7 5 0
7 4 0
6 6 0
7 3 0
7 2 0
5 7 1
6 7 0
5 8 1
6 8 0
8 1 0
0 0 0
board #65 18
4 5 1
3 5 1
5 5 1
6 5 0
6 4 0
5 6 0
6 3 0
6 2 0
4 7 0
6 1 0
3 8 1
4 8 1
3 7 0
2 8 0
0 0 0
board #66 16
3 6 0
3 7 1
2 7 0
2 8 0
3 5 0
4 3 1
5 3 0
5 2 0
5 1 1
6 1 1
4 2 1
7 1 0
6 2 0
0 0 0
board #67 15
3 6 0
4 3 1
5 3 0
5 2 0
4 5 1
3 5 0
3 7 0
2 8 0
5 1 1
6 1 0
0 0 1
board #68 12
3 6 0
3 7 0
3 5 1
4 5 0
4 3 0
4 2 0
2 8 0
4 1 1
5 1 0
0 0 1
board #69 11
4 5 1
3 5 1
5 5 1
2 5 1
6 5 1
7 4 1
1 5 1
8 3 1
0 0 0
board #70 10
4 5 0
4 6 0
4 3 0
4 7 0
4 2 0
4 8 0
4 1 1
5 1 0
0 0 1
board #71 10
4 5 0
4 6 0
4 3 0
4 7 1
3 7 0
3 8 0
4 2 0
4 1 1
5 1 0
0 0 0
board #72 11
4 5 1
3 5 1
5 5 1
2 5 0
2 6 0
3 4 0
2 7 0
1 8 0
3 3 0
3 2 1
4 2 1
5 2 1
6 2 0
5 3 0
6 1 1
7 1 1
8 1 1
2 3 1
1 3 1
0 0 0
board #73 21
3 6 1
4 6 1
2 6 0
2 7 1
1 7 0
1 8 1
5 6 1
6 6 1
7 6 0
7 5 0
7 4 0
6 7 0
7 3 0
7 2 1
6 3 1
8 1 0
8 2 1
5 4 1
5 5 1
0 0 0
board #74 21
4 5 1
3 5 1
5 5 1
6 5 1
2 5 0
2 6 0
3 4 1
2 4 0
3 3 0
2 7 0
1 8 0
4 2 1
3 2 0
3 1 1
4 1 1
4 3 1
2 2 0
2 1 1
1 1 0
1 2 1
7 5 1
8 4 1
0 0 1
board #75 24
4 5 0
4 6 0
4 3 1
5 3 0
5 2 1
6 2 1
7 2 1
3 4 0
3 3 1
2 4 1
8 2 1
1 4 0
1 5 1
0 0 1
board #76 15
4 5 0
4 6 0
4 3 0
4 7 0
4 2 0
3 8 0
5 1 0
0 0 0
board #77 9
4 5 1
3 5 0
3 6 0
3 7 0
4 3 0
5 2 0
3 8 0
6 1 0
0 0 0
board #78 10
4 5 0
4 6 1
3 6 1
5 5 0
5 6 1
6 5 1
2 6 1
7 5 0
7 4 0
6 4 0
6 6 1
7 6 1
8 5 0
8 6 0
7 7 1
8 7 0
7 8 1
8 8 1
1 7 1
0 0 1
board #79 21
4 5 1
3 5 1
5 5 0
5 4 0
4 6 0
4 7 1
3 7 1
5 6 1
2 7 0
3 6 1
6 5 1
2 6 1
7 4 0
7 5 1
8 4 0
8 5 0
7 6 0
6 4 0
7 7 0
6 8 1
7 8 0
4 3 0
4 2 1
5 2 1
6 2 0
6 1 1
7 1 0
5 3 1
6 3 1
7 2 0
7 3 1
3 3 1
8 3 1
3 4 1
1 7 1
0 0 1
board #80 37
4 5 0
4 6 0
4 3 1
5 3 1
3 4 1
6 3 0
6 2 1
7 2 1
8 1 1
2 4 0
2 5 1
1 5 1
0 0 1
board #81 14
4 5 1
3 5 1
5 5 1
6 5 0
6 4 0
5 6 0
6 3 1
5 4 0
4 3 1
5 3 0
5 2 1
6 2 0
6 1 1
7 1 0
4 7 0
3 8 1
4 8 0
0 0 0
board #82 19
4 5 1
3 5 0
3 6 1
2 6 0
2 7 1
1 7 0
1 8 0
4 3 1
5 3 1
3 3 0
3 4 0
4 2 1
3 2 1
2 3 1
6 3 1
7 3 1
1 3 1
8 3 1
0 0 1
board #83 20
4 5 1
3 5 1
5 5 1
6 5 0
6 4 0
5 6 0
6 3 0
6 2 1
7 2 1
5 3 0
5 2 0
5 1 0
5 7 1
4 7 1
4 6 0
3 7 1
6 6 1
2 7 0
3 6 0
1 8 0
0 0 1
board #84 22
4 5 1
3 5 1
5 4 1
6 4 0
6 3 0
6 5 0
6 2 0
6 6 1
5 6 1
7 5 1
5 5 1
2 5 0
2 6 0
3 4 1
2 4 1
1 5 1
8 4 0
8 5 0
7 4 0
7 6 1
8 6 1
0 0 1
board #85 23
4 5 0
4 6 0
4 3 1
5 3 1
3 4 0
3 3 1
2 4 1
6 3 0
5 4 1
6 4 0
6 2 0
5 5 0
7 1 0
4 7 0
3 8 1
4 8 1
2 8 0
3 7 0
0 0 1
board #86 20
4 5 1
3 5 1
5 5 1
6 5 0
6 4 1
7 4 0
7 3 0
7 2 1
6 3 1
8 1 0
8 2 1
2 5 1
1 6 1
0 0 1
board #87 15
4 5 1
3 5 0
3 6 0
3 7 0
4 3 0
4 2 1
5 2 0
5 1 0
2 8 0
0 0 0
board #88 11
4 5 0
4 6 0
4 3 0
4 7 0
4 2 1
5 2 1
3 3 0
3 2 1
6 2 1
2 3 1
7 2 1
8 1 0
8 2 1
1 3 1
0 0 0
board #89 16
4 5 0
4 6 1
3 6 0
3 7 0
4 3 1
5 3 0
5 2 0
2 8 1
3 8 0
5 1 0
0 0 0
board #90 12
3 6 0
3 7 0
3 5 1
4 5 0
4 3 0
4 2 0
2 8 0
5 1 0
0 0 0
board #91 10
4 5 1
3 5 0
3 6 0
3 7 0
4 3 1
5 3 0
5 2 1
6 2 0
6 1 1
7 1 0
2 8 1
3 8 1
1 8 0
2 7 1
1 7 1
4 7 0
4 8 1
5 7 1
6 6 1
7 5 1
8 4 0
8 5 0
7 4 1
8 3 1
0 0 0
board #92 26
4 5 1
3 5 1
5 5 0
5 4 1
6 4 0
6 3 0
4 6 1
5 6 1
6 6 0
6 5 1
7 5 1
2 5 0
2 6 1
1 6 0
1 7 0
1 8 1
2 7 0
2 8 0
3 4 1
2 4 1
1 4 1
8 4 0
8 5 0
7 4 1
8 3 1
0 0 1
board #93 27
4 5 0
4 6 0
4 3 0
4 7 0
4 2 1
5 2 1
3 3 0
3 2 1
6 2 0
5 3 0
7 1 0
3 8 1
4 8 1
5 7 0
5 8 1
2 8 0
3 7 1
2 7 1
6 7 1
1 7 0
1 8 1
7 6 1
8 6 1
0 0 1
board #94 25
3 6 1
4 6 1
2 6 0
2 7 1
1 8 1
5 6 1
6 6 0
6 5 1
7 5 1
8 4 0
8 5 1
0 0 1
board #95 13
3 6 1
4 6 1
2 6 1
5 5 1
6 5 0
6 4 1
7 4 1
1 6 0
1 7 0
1 8 1
2 7 1
8 3 0
8 4 0
7 5 0
8 2 0
8 1 1
7 2 0
7 1 0
5 6 0
4 7 1
5 7 1
7 6 1
6 6 1
8 6 1
0 0 1
board #96 26
4 5 0
4 3 1
5 3 1
6 3 1
3 4 1
7 3 0
7 2 0
6 4 0
7 1 1
8 1 1
6 2 1
2 5 0
