9 10 1
8 10 0
8 11 1
7 11 0
7 12 1
6 12 0
6 13 0
6 14 0
6 15 0
10 7 0
10 8 0
10 6 1
11 6 0
11 5 1
12 5 0
12 4 1
13 4 1
14 4 1
15 4 0
14 5 1
9 7 1
15 5 0
14 6 1
15 6 1
8 8 0
8 7 1
7 8 0
7 7 0
8 6 1
7 6 0
8 5 0
9 8 0
9 4 1
8 4 0
9 3 1
8 3 0
9 2 1
8 2 0
9 1 0
6 16 1
5 16 1
7 15 1
4 16 0
5 15 0
4 17 1
3 17 0
2 18 1
3 18 0
0 0 1
board #1 50
8 11 1
9 11 0
9 10 0
9 12 0
9 8 1
10 8 1
8 9 0
8 8 0
9 7 0
9 13 0
9 6 0
9 5 1
10 5 1
8 6 0
8 5 1
7 6 0
7 5 1
6 6 1
11 5 1
12 5 1
5 7 0
5 6 1
4 7 0
4 6 1
13 5 0
12 6 1
13 6 0
12 7 1
13 7 1
3 7 1
14 7 0
14 6 0
13 8 1
14 8 1
15 7 0
15 8 0
14 9 1
15 9 1
16 8 1
2 8 0
2 7 1
1 8 1
17 8 0
17 7 1
18 7 1
0 0 0
board #2 47
8 11 0
9 8 1
10 8 0
10 7 0
9 10 0
8 12 0
10 6 0
8 13 0
8 14 0
10 5 1
11 5 1
9 6 0
9 5 1
8 6 0
8 5 1
7 6 0
7 5 0
8 4 0
8 15 0
7 16 0
9 3 0
6 17 0
10 2 1
9 2 0
9 1 1
10 1 1
8 2 0
8 1 1
7 2 1
10 3 0
11 2 1
11 3 0
12 2 0
12 1 1
13 1 1
13 2 1
6 3 0
6 2 1
5 3 0
5 2 0
7 3 1
6 4 0
7 4 0
5 1 1
6 1 0
6 18 0
0 0 1
board #3 48
9 10 1
8 10 0
8 11 1
7 11 1
6 11 1
10 9 1
11 8 1
12 8 0
12 7 1
13 7 0
13 6 0
12 9 1
11 9 0
11 10 0
13 5 1
12 6 0
12 5 1
14 5 1
11 6 1
11 7 1
15 5 0
15 4 0
14 6 0
15 3 0
15 2 1
16 2 0
16 1 0
11 11 1
10 11 1
12 10 0
12 11 1
13 10 0
13 11 0
12 12 1
13 12 1
14 11 0
14 12 1
15 11 1
10 10 1
16 11 0
16 10 0
15 10 1
16 9 0
15 9 0
16 12 0
15 13 0
14 14 1
15 14 1
14 13 0
13 14 1
13 13 0
12 14 0
12 15 1
11 15 1
11 14 0
10 15 1
10 14 0
9 15 0
14 9 1
14 10 1
15 8 0
14 8 0
9 16 0
13 8 1
13 9 0
9 17 0
8 18 0
0 0 1
board #4 69
9 10 0
8 11 0
8 12 1
7 12 1
9 12 0
9 11 0
9 13 0
9 8 0
8 14 0
9 7 1
10 7 0
10 6 1
11 6 0
11 5 0
8 15 0
11 4 0
7 16 1
8 16 0
7 17 0
12 3 1
11 3 1
10 4 1
13 3 1
14 3 0
13 4 1
14 4 0
13 5 1
14 5 1
10 5 0
9 5 0
9 4 1
8 5 1
7 6 0
7 5 1
6 6 0
6 5 1
5 6 0
5 5 1
4 6 1
15 5 0
15 4 1
16 4 1
17 4 0
17 3 0
16 5 0
17 2 1
16 3 1
18 2 1
3 7 0
3 6 0
4 7 0
8 6 1
3 5 0
7 7 0
4 4 1
3 4 1
2 5 0
2 4 0
3 3 1
2 3 1
4 5 1
1 3 0
1 4 0
2 2 1
1 2 1
0 0 1
board #5 67
10 7 1
11 7 1
9 7 0
9 8 1
8 8 1
7 8 1
12 7 0
12 6 0
11 8 1
12 8 0
11 9 0
12 5 1
13 5 0
13 4 1
14 4 1
11 6 0
11 5 0
11 4 0
11 10 0
11 11 0
11 12 1
10 12 0
10 13 1
9 13 0
9 14 1
8 14 1
8 13 1
12 11 1
7 13 0
8 12 0
7 14 1
6 14 1
5 14 1
13 10 0
13 11 1
14 10 0
14 11 1
15 10 1
4 14 1
3 14 1
16 9 1
2 14 0
