4 5 0
4 3 1
5 3 0
5 2 1
6 2 0
6 1 1
7 1 0
4 6 0
4 7 1
3 7 0
2 8 1
3 8 0
0 0 0
board #1 14
4 5 1
3 5 1
5 5 1
6 5 0
6 4 1
7 4 0
7 3 0
7 2 0
5 6 0
7 1 1
8 1 0
4 7 0
3 8 1
4 8 0
0 0 1
board #2 16
4 5 0
4 6 1
3 6 1
5 5 0
5 6 1
6 5 0
6 6 0
5 7 1
6 7 1
7 6 0
7 7 0
7 8 0
4 3 0
4 2 1
5 2 0
6 1 0
0 0 1
board #3 18
3 6 0
3 7 0
3 5 0
4 3 1
5 3 1
6 3 0
5 4 0
6 2 0
6 1 0
2 8 1
3 8 1
1 8 1
4 7 0
4 8 0
0 0 1
board #4 16
4 5 1
3 5 0
3 6 1
2 6 1
5 4 1
6 4 1
7 4 1
1 6 0
1 7 0
1 8 1
2 7 0
2 5 0
2 8 1
3 7 1
8 4 1
0 0 0
board #5 17
4 5 0
4 6 0
4 3 0
4 7 0
4 2 1
5 2 0
6 1 0
3 8 1
4 8 0
0 0 0
board #6 11
4 5 1
3 5 1
5 5 0
5 4 1
6 4 0
6 3 1
7 3 1
2 5 1
8 2 0
8 3 1
1 5 0
1 6 0
2 4 0
1 7 1
2 6 0
2 7 1
3 6 0
3 7 0
3 3 1
2 3 1
3 4 1
1 3 0
1 4 1
0 0 0
board #7 25
4 5 1
3 5 1
5 5 0
5 4 1
6 4 1
7 4 1
2 5 1
1 5 0
1 6 0
2 4 0
1 7 1
2 6 0
2 7 0
3 3 1
2 3 0
3 2 0
1 8 0
3 1 0
0 0 0
board #8 20
3 6 0
3 7 0
3 5 1
4 5 0
4 3 0
5 2 0
2 8 1
3 8 1
1 8 0
2 7 1
1 7 0
2 6 1
4 7 0
4 8 0
5 1 0
0 0 0
board #9 17
4 5 0
4 6 0
4 3 0
3 7 0
4 2 0
2 8 1
3 8 0
4 1 1
5 1 0
0 0 1
board #10 11
4 5 1
3 5 0
3 6 1
2 6 1
5 4 0
5 5 0
5 6 0
4 7 1
5 7 0
5 8 0
4 3 1
5 3 1
6 3 1
3 4 0
3 3 0
4 2 0
4 1 0
0 0 0
board #11 19
4 5 1
3 5 0
3 6 1
2 6 1
5 5 0
5 4 0
5 6 0
4 7 1
5 7 1
6 6 1
3 7 0
4 6 0
2 8 0
4 3 1
5 3 1
6 3 1
3 4 1
2 5 1
7 3 0
7 2 0
6 4 1
7 4 1
8 3 0
8 4 0
7 5 0
6 5 1
7 6 1
8 5 1
1 5 0
1 7 1
0 0 0
board #12 32
4 5 1
3 5 1
5 5 1
6 5 0
6 4 1
7 4 0
7 3 0
7 2 0
5 6 1
6 6 1
7 6 1
8 5 0
8 6 0
7 7 1
8 7 1
2 5 0
2 6 1
1 6 1
0 0 0
board #13 20
4 5 1
3 5 1
5 5 1
6 4 1
2 5 0
2 6 1
1 6 0
1 7 0
1 8 0
3 4 1
2 4 1
1 4 0
1 5 1
7 4 1
8 3 0
8 4 0
7 5 0
8 2 1
7 3 0
7 2 0
6 6 0
7 1 1
8 1 1
6 2 1
6 3 0
5 3 1
5 4 1
0 0 1
board #14 29
4 5 1
3 5 1
5 5 0
5 4 1
6 4 0
6 3 0
6 2 1
7 2 1
5 3 1
8 1 1
2 5 0
2 6 1
1 6 0
1 7 0
1 8 1
2 7 0
2 8 0
2 4 0
2 3 1
3 3 0
3 2 1
4 2 1
4 3 0
5 2 0
6 1 0
0 0 0
board #15 27
4 5 1
3 5 0
3 6 0
3 7 1
2 7 0
1 8 0
4 3 0
4 2 0
5 1 0
0 0 1
board #16 11
4 5 0
4 6 1
3 6 1
5 5 0
5 6 0
4 7 1
5 7 1
6 6 1
2 6 1
7 5 0
7 6 0
6 5 1
7 4 1
8 3 0
8 4 0
7 3 0
7 7 1
6 7 0
6 8 0
7 2 0
8 1 0
0 0 0
board #17 23
4 5 0
4 6 0
5 3 0
4 7 1
3 7 0
2 8 1
3 8 0
5 2 1
6 2 1
7 2 1
4 2 1
3 3 0
3 2 1
2 3 0
2 2 1
1 2 1
8 1 0
8 2 1
0 0 0
board #18 20
2 7 1
3 7 1
4 7 0
4 6 0
4 5 0
4 3 0
4 8 0
4 2 1
5 2 0
5 1 1
6 1 0
0 0 0
board #19 13
4 5 1
3 5 0
3 6 1
2 6 1
5 5 0
5 4 1
6 4 0
6 3 1
7 3 0
7 2 1
8 1 1
1 6 0
1 7 0
2 5 1
1 5 0
1 8 0
2 4 1
1 4 0
2 3 0
3 2 0
3 1 1
4 1 1
4 2 0
5 1 1
5 2 0
6 1 1
2 2 0
2 1 1
1 1 1
6 2 0
7 1 1
0 0 0
board #20 33
4 5 0
4 6 0
4 3 0
4 7 1
3 7 1
2 7 1
5 6 1
1 8 1
6 6 1
7 6 1
8 5 0
8 6 0
7 7 1
8 7 1
0 0 0
board #21 16
4 5 0
4 6 1
3 6 1
5 5 1
2 6 0
2 7 1
1 8 1
6 5 0
6 4 0
6 6 1
5 6 0
4 7 0
5 4 1
6 3 0
6 2 1
7 2 1
5 3 1
8 1 0
8 2 1
0 0 1
board #22 21
4 5 0
4 6 0
4 3 0
4 7 1
3 7 0
3 8 0
4 2 1
5 2 1
6 2 0
5 3 1
6 3 1
3 3 1
7 3 1
2 4 0
2 3 0
3 4 1
2 5 1
1 5 0
1 6 1
8 2 1
0 0 1
board #23 22
4 5 0
4 6 1
3 6 1
5 5 1
2 6 1
6 5 1
7 5 0
7 4 1
8 3 0
8 4 0
8 2 0
8 1 1
7 2 1
7 3 1
1 6 0
1 7 1
0 0 0
board #24 18
4 5 0
4 6 1
3 6 0
3 7 0
4 3 1
5 3 0
5 2 0
2 8 1
3 8 0
5 1 1
6 1 0
0 0 0
board #25 13
4 5 1
3 5 1
5 5 0
5 4 0
4 6 0
4 3 0
4 7 1
3 7 1
5 7 0
5 6 1
6 5 1
2 7 1
7 5 1
1 8 1
8 4 0
8 5 0
7 6 1
8 6 0
7 7 1
8 7 0
7 4 0
7 8 1
8 8 1
0 0 1
board #26 25
4 5 0
4 6 1
3 6 1
5 5 0
5 6 1
6 5 1
2 6 0
2 7 0
3 5 1
2 5 0
3 4 1
2 4 1
1 4 0
1 5 1
7 5 0
7 4 0
6 4 1
7 3 0
6 6 0
7 2 0
5 7 1
6 7 0
6 8 0
7 1 1
8 1 1
6 2 0
6 1 1
5 2 1
4 3 0
5 3 1
5 4 0
6 3 1
0 0 1
board #27 34
3 6 0
4 5 0
3 7 1
2 7 0
1 8 1
2 8 0
4 3 1
5 3 0
5 2 1
6 2 1
7 2 0
6 3 0
7 1 1
8 1 0
0 0 1
board #28 16
4 5 1
3 5 1
5 5 0
5 4 0
4 6 1
5 6 0
4 7 0
4 3 1
5 3 0
5 2 0
3 8 1
4 8 1
3 7 0
2 8 0
5 1 1
6 1 1
4 2 1
7 1 0
6 2 1
7 2 1
3 4 1
8 1 1
2 6 1
1 6 0
1 7 1
0 0 1
board #29 27
3 6 1
4 6 0
4 5 0
4 7 1
3 7 1
5 6 0
5 7 0
5 8 0
4 3 1
5 3 0
5 2 0
6 1 0
0 0 0
board #30 14
4 5 0
4 6 1
3 6 1
5 5 1
2 6 0
2 7 0
3 5 1
2 5 0
3 4 0
1 8 1
2 8 1
3 7 1
6 4 1
7 3 1
8 3 1
0 0 1
board #31 17
4 5 0
4 6 0
4 3 0
4 7 0
4 2 0
4 8 0
4 1 0
0 0 0
board #32 9
3 6 1
5 5 0
4 6 0
5 4 1
4 5 0
3 7 1
4 7 1
5 6 0
5 7 1
6 6 0
6 7 1
7 6 1
2 6 0
2 7 1
1 7 0
1 8 1
8 6 1
0 0 1
board #33 19
4 5 0
4 6 0
4 3 1
5 3 1
3 4 1
6 3 1
7 3 1
2 4 1
8 2 0
8 3 1
1 4 1
0 0 0
board #34 13
4 5 0
4 6 1
3 6 1
5 6 1
2 6 0
2 7 1
1 7 0
1 8 0
3 5 0
4 3 1
5 3 1
3 3 0
3 4 0
4 2 0
4 1 0
0 0 1
board #35 17
4 5 1
3 5 0
3 6 0
3 7 0
4 3 1
5 3 1
6 3 0
5 4 0
6 2 1
7 2 1
3 3 0
3 4 1
2 4 0
2 5 1
8 2 1
1 5 0
1 6 1
0 0 0
board #36 19
4 5 1
3 5 0
3 6 1
2 6 1
5 4 1
6 4 1
7 4 0
7 3 0
7 2 1
6 3 1
8 2 1
1 6 1
0 0 1
board #37 14
4 5 1
3 5 0
3 6 1
2 6 0
2 7 0
1 8 1
2 8 0
4 3 1
5 3 0
5 2 0
5 1 1
6 1 1
4 2 0
4 1 1
3 2 1
7 1 1
8 1 0
7 2 1
8 2 1
2 2 0
2 3 0
3 3 1
2 4 0
2 5 1
3 4 1
1 5 0
1 6 0
3 1 0
0 0 1
board #38 30
4 5 1
3 5 0
3 6 0
3 7 0
5 3 1
4 3 0
5 2 0
2 8 1
3 8 1
1 8 1
4 7 0
4 8 1
5 7 1
6 6 0
6 7 1
7 6 0
7 7 1
8 6 0
8 7 1
0 0 0
board #39 21
4 5 1
3 5 1
5 5 0
5 4 1
6 4 1
7 4 0
7 3 0
6 5 1
7 5 1
2 5 0
2 6 1
1 6 0
1 7 0
1 8 1
2 7 1
8 5 1
0 0 0
board #40 18
4 5 0
4 6 0
4 3 1
5 3 0
5 2 0
4 7 1
3 7 1
2 7 0
3 6 1
2 6 1
5 6 0
5 7 1
6 6 0
6 7 1
7 6 0
7 7 1
8 6 0
8 7 0
7 8 1
8 8 0
5 1 1
6 1 0
0 0 0
board #41 24
4 5 0
4 6 0
4 3 0
4 7 1
3 7 1
5 6 1
2 7 0
3 6 1
2 6 1
6 5 0
6 6 0
5 5 1
6 4 1
7 4 0
7 3 1
8 3 1
1 7 1
0 0 1
board #42 19
3 6 1
4 6 1
2 6 0
2 7 0
3 5 1
2 5 0
3 4 0
1 8 1
2 8 1
3 7 1
5 6 0
5 5 1
6 5 0
6 4 0
5 4 1
6 3 1
7 3 1
8 2 0
8 3 1
0 0 1
board #43 21
4 5 0
4 6 1
3 6 1
5 5 0
5 6 1
6 5 0
6 6 1
7 5 0
7 6 0
6 7 1
7 7 0
6 8 1
7 8 0
4 3 1
5 3 1
6 3 0
6 2 1
7 2 1
3 4 0
3 3 1
2 4 0
2 3 0
3 2 1
2 2 1
1 2 0
1 3 0
1 1 1
2 1 1
8 2 1
0 0 0
board #44 31
4 5 0
4 6 0
4 3 0
4 7 1
3 7 1
5 6 0
5 7 0
4 8 0
4 2 0
5 1 0
0 0 0
board #45 12
4 5 1
3 5 1
5 5 1
6 5 0
6 4 0
5 6 1
6 6 0
5 7 1
6 7 1
7 6 1
2 5 1
8 5 0
8 6 1
1 5 0
1 6 0
1 7 0
2 4 0
1 8 0
3 3 0
4 2 1
3 2 0
4 1 0
0 0 0
board #46 24
4 5 0
4 6 0
4 3 0
4 7 0
4 2 1
5 2 0
5 1 0
3 8 1
4 8 0
0 0 0
board #47 11
4 5 0
4 6 0
4 3 0
4 7 1
3 7 0
2 8 0
4 2 0
5 1 0
0 0 0
board #48 10
4 5 1
3 5 0
3 6 1
2 6 1
5 5 0
5 4 1
6 4 1
7 4 1
1 6 0
1 7 1
8 3 1
0 0 0
board #49 13
4 6 0
4 5 1
5 5 0
5 4 0
4 7 1
3 7 0
2 8 1
3 8 1
1 8 1
5 6 1
6 5 0
6 6 1
7 5 0
7 6 0
6 7 1
7 7 1
8 7 1
0 0 0
board #50 19
4 5 1
3 5 1
5 5 1
6 5 0
6 4 0
5 6 1
6 6 0
5 7 1
6 7 1
7 6 0
7 7 0
7 8 0
6 3 0
6 2 0
7 1 0
0 0 1
board #51 17
4 5 1
3 5 0
3 6 1
2 6 1
5 5 1
6 5 1
7 4 0
7 5 0
6 6 1
7 6 0
7 3 0
6 7 1
7 7 1
8 6 0
8 7 1
1 6 0
1 7 0
2 5 1
1 5 0
1 8 1
2 7 1
0 0 0
board #52 23
4 5 0
4 6 1
3 6 0
3 7 1
2 7 1
5 5 1
1 8 1
6 5 1
7 5 0
7 4 0
6 6 1
7 6 0
6 7 0
7 3 0
7 2 0
7 1 1
8 1 0
6 8 0
0 0 1
board #53 20
4 5 0
4 6 0
4 3 1
5 3 0
5 2 0
4 7 0
5 1 0
3 8 0
0 0 1
board #54 10
3 6 0
3 7 0
3 5 0
4 3 1
5 3 1
3 3 0
3 4 0
3 2 0
2 8 0
3 1 1
4 1 0
0 0 0
board #55 13
4 5 0
4 6 1
3 6 0
3 7 0
4 3 1
5 3 1
3 4 0
3 3 1
2 4 0
2 3 0
3 2 1
2 2 0
3 1 0
2 8 0
0 0 1
board #56 16
4 5 0
4 6 0
4 3 1
5 3 0
5 2 0
4 7 0
5 1 0
3 8 0
0 0 0
board #57 10
4 5 0
4 6 0
4 3 0
4 7 0
5 2 1
4 2 1
3 3 1
6 2 1
7 2 0
6 3 1
7 3 0
6 4 0
7 1 0
5 5 0
3 8 0
0 0 1
board #58 17
4 5 0
4 6 1
3 6 0
3 7 0
4 3 1
5 3 1
3 4 1
6 3 1
7 3 0
7 2 1
8 2 1
2 5 0
2 4 0
2 3 0
3 5 0
2 2 0
2 1 0
2 8 0
0 0 0
board #59 20
3 6 1
4 6 0
4 5 1
5 5 1
2 6 1
6 5 0
6 4 0
5 6 1
6 6 1
7 5 0
7 6 1
8 5 1
1 6 1
0 0 0
board #60 15
4 5 0
4 6 1
3 6 1
5 5 1
2 6 1
6 5 1
7 5 1
1 7 1
8 4 1
0 0 0
board #61 11
4 5 1
3 5 1
5 5 0
5 4 1
6 4 0
6 3 1
7 3 0
7 2 0
4 6 1
5 6 0
8 1 0
4 7 1
5 7 1
6 6 1
7 6 0
7 5 1
8 4 0
8 5 0
7 4 0
7 7 0
6 8 1
7 8 1
5 8 0
6 7 1
8 7 1
2 5 0
2 6 0
3 4 1
2 4 0
2 7 1
1 7 0
1 8 1
3 6 0
3 7 1
0 0 0
board #62 36
4 5 1
3 5 1
5 5 0
5 4 0
4 6 0
4 3 1
5 3 0
5 2 1
6 2 1
7 2 1
3 4 0
3 3 0
3 2 1
4 2 0
4 1 0
4 7 1
3 7 1
2 7 0
3 6 0
2 8 0
0 0 1
board #63 22
4 5 1
3 5 1
5 5 0
5 4 0
4 6 1
5 6 0
4 7 1
5 7 1
6 6 1
7 5 1
2 5 0
2 6 0
3 4 1
2 4 1
1 5 1
8 5 1
0 0 1
board #64 18
4 5 0
4 6 1
3 6 0
3 7 1
2 7 0
2 8 0
4 3 0
4 2 1
5 2 0
5 1 1
6 1 0
0 0 0
board #65 13
4 5 1
3 5 1
5 5 0
5 4 1
6 4 0
6 3 1
7 3 1
2 5 1
8 2 1
1 5 0
1 6 1
0 0 1
board #66 13
4 5 1
3 5 0
3 6 0
3 7 1
2 7 1
4 6 0
4 7 0
3 8 1
4 8 0
4 3 0
5 2 0
5 1 1
6 1 1
7 1 0
6 2 0
0 0 1
board #67 17
4 5 1
3 5 0
3 6 0
3 7 1
2 7 0
1 8 0
4 3 1
5 3 1
3 3 1
6 3 0
5 4 0
6 2 1
7 2 0
7 1 1
8 1 1
2 3 1
1 4 1
0 0 1
board #68 19
4 5 1
3 5 1
5 5 1
6 5 1
2 6 1
7 4 1
1 6 1
8 3 0
8 4 1
0 0 0
board #69 11
4 5 0
4 6 1
3 6 0
3 7 1
2 7 1
5 5 1
1 7 1
6 5 0
6 4 0
5 6 0
6 3 1
5 4 1
7 3 0
7 2 1
8 2 1
0 0 1
board #70 17
4 5 0
4 6 0
4 3 1
5 3 0
5 2 0
4 7 0
5 1 0
4 8 0
0 0 1
board #71 10
4 5 0
4 6 1
3 6 0
3 7 0
4 3 1
5 3 1
3 4 0
3 3 1
2 4 1
6 3 1
7 3 1
1 4 1
8 3 1
0 0 1
board #72 15
4 5 1
3 5 0
3 6 1
2 6 0
2 7 1
1 7 0
1 8 1
5 5 0
5 4 1
6 4 1
7 3 1
8 2 1
0 0 0
board #73 14
4 5 1
3 5 1
5 5 1
6 5 0
6 4 1
7 4 1
2 5 1
8 3 0
8 4 1
1 5 1
0 0 1
board #74 12
4 5 0
4 6 0
4 3 0
4 7 1
3 7 0
2 8 1
3 8 1
1 8 0
2 7 0
4 2 1
5 2 0
5 1 0
0 0 1
board #75 14
3 6 0
3 7 1
2 7 1
4 6 1
1 7 0
1 8 0
2 6 1
1 6 0
2 5 0
3 4 0
3 3 0
3 2 0
3 1 1
4 1 0
0 0 1
board #76 16
4 5 1
3 5 0
3 6 1
2 6 1
5 5 0
5 4 1
6 4 0
6 3 1
7 3 0
7 2 1
8 2 1
1 6 0
1 7 1
0 0 1
board #77 15
4 5 1
3 5 1
5 4 1
6 4 0
6 3 1
7 3 1
2 5 1
8 2 0
8 3 0
8 1 0
7 4 1
8 4 0
7 5 0
6 6 1
7 6 0
6 7 1
7 7 0
7 8 0
0 0 0
board #78 20
4 5 1
3 5 1
5 4 1
6 4 1
2 5 1
7 4 0
7 3 1
8 2 0
8 3 1
1 5 1
0 0 0
board #79 12
4 5 1
3 5 1
5 5 1
6 5 0
6 4 0
5 6 1
6 6 1
7 5 1
2 5 0
2 6 0
3 4 0
2 7 1
3 6 1
1 8 1
8 4 0
8 5 1
0 0 1
board #80 18
4 5 0
4 6 1
3 6 1
5 5 1
2 6 0
2 7 0
3 5 1
2 5 1
1 5 0
1 6 0
2 4 1
1 4 1
6 5 1
7 5 1
8 4 0
8 5 1
0 0 0
board #81 18
4 5 0
4 6 0
4 7 0
4 3 1
5 3 1
3 4 1
6 3 1
7 3 0
7 2 1
8 1 0
8 2 1
2 5 1
1 5 1
0 0 1
board #82 15
4 5 0
4 6 0
4 3 1
5 3 0
5 2 1
6 2 0
6 1 1
7 1 0
4 7 1
3 7 0
2 8 1
3 8 1
1 8 0
2 7 1
1 7 0
2 6 1
1 6 1
5 6 0
5 7 0
4 8 0
0 0 0
board #83 22
4 5 0
4 6 0
4 3 1
5 3 0
5 2 0
4 7 1
3 7 1
5 6 1
2 7 1
1 7 0
1 8 0
2 6 1
1 6 1
6 5 0
6 6 1
7 5 1
8 4 0
8 5 0
7 4 0
7 6 0
6 7 1
7 7 0
7 8 0
5 5 1
7 3 1
6 4 1
8 2 1
0 0 1
board #84 29
4 5 1
3 5 1
5 5 1
6 5 0
6 4 1
7 4 1
2 5 1
8 4 1
1 5 0
1 6 1
0 0 0
board #85 12
3 6 0
4 5 1
3 5 0
3 7 1
2 7 0
1 8 0
4 3 0
4 2 1
5 2 1
6 2 1
3 3 0
3 2 0
3 1 1
4 1 1
2 2 1
7 2 1
1 2 1
8 1 0
8 2 1
0 0 0
board #86 21
4 5 1
3 5 0
3 6 1
2 6 0
2 7 0
1 8 1
2 8 1
3 7 0
3 8 1
4 7 1
5 6 1
6 6 0
6 5 0
6 4 1
5 5 1
7 4 1
8 3 0
8 4 0
7 5 0
8 2 1
7 3 1
0 0 0
board #87 23
4 5 0
4 6 1
3 6 0
3 7 0
4 3 1
5 3 1
3 4 1
6 3 0
5 4 1
6 4 0
5 5 0
6 2 1
7 2 0
7 1 1
8 1 1
2 5 0
2 4 0
2 3 1
3 3 1
1 3 0
1 4 0
2 2 0
2 6 0
2 1 0
3 8 0
0 0 1
board #88 27
4 5 1
3 5 1
5 5 1
6 5 1
2 5 1
7 5 0
7 4 0
6 6 0
7 3 1
6 4 0
6 3 0
5 7 1
6 7 1
5 6 0
4 7 1
4 6 0
3 7 0
6 2 0
2 8 1
3 8 1
1 8 1
7 7 0
7 6 0
7 8 0
6 1 1
7 1 0
0 0 0
board #89 28
4 5 0
4 6 0
4 3 0
4 7 1
3 7 0
2 8 1
3 8 0
4 2 0
4 1 0
0 0 1
board #90 11
4 5 0
4 6 0
4 3 1
5 3 1
3 4 0
3 3 1
2 4 0
2 3 1
6 3 0
5 4 1
6 4 0
6 2 1
7 2 0
8 1 0
5 5 0
4 7 1
3 7 1
2 7 0
1 8 0
3 6 1
2 6 0
2 5 1
3 5 1
1 5 1
5 7 0
5 6 0
5 8 0
0 0 0
board #91 29
4 5 0
4 6 0
4 3 0
4 7 1
3 7 0
2 8 1
3 8 1
1 8 0
2 7 1
1 7 1
5 6 0
5 7 0
4 8 1
5 8 1
6 7 1
7 6 1
8 5 0
8 6 0
7 5 0
8 7 1
7 7 0
6 8 1
7 8 1
0 0 0
board #92 25
4 5 0
4 6 0
4 3 0
4 7 1
3 7 0
