3 4 1
2 4 0
1 5 0
3 2 1
4 2 0
5 1 0
0 0 0
board #1 8
3 4 0
3 2 0
4 1 0
2 5 1
3 5 0
0 0 1
board #2 7
3 2 0
3 4 0
2 5 0
3 1 1
4 1 0
0 0 0
board #3 7
3 2 1
4 2 1
2 3 0
2 2 1
5 2 1
1 3 1
0 0 0
board #4 8
3 2 1
4 2 0
4 1 1
5 1 0
3 4 1
2 4 1
4 4 1
1 4 0
1 5 1
5 3 1
0 0 1
board #5 12
3 2 0
3 4 1
2 4 0
2 5 0
4 1 0
0 0 0
board #6 7
3 4 1
2 4 1
4 3 1
1 5 1
5 3 1
0 0 0
board #7 7
3 2 0
3 4 0
2 5 1
3 5 1
1 5 1
4 4 0
4 5 1
5 4 0
5 5 0
4 1 0
0 0 1
board #8 12
3 4 1
2 4 0
1 5 1
2 5 0
3 2 1
4 2 1
2 2 1
5 2 1
1 2 0
1 3 0
2 1 0
2 3 0
0 0 0
board #9 14
3 4 1
2 4 1
4 3 1
1 4 0
1 5 0
2 3 1
1 3 1
5 2 0
5 3 1
0 0 1
board #10 11
3 4 0
3 2 1
4 2 1
2 3 1
5 1 0
5 2 1
1 4 1
0 0 0
board #11 9
3 4 0
3 2 1
4 2 0
4 1 0
2 5 0
0 0 1
board #12 7
3 4 0
3 2 0
3 1 1
4 1 0
2 5 1
3 5 1
1 5 1
4 4 0
4 5 0
0 0 0
board #13 11
3 4 0
3 2 1
4 2 0
4 1 1
5 1 0
2 5 1
3 5 0
0 0 0
board #14 9
3 4 1
2 4 1
4 3 0
4 4 1
1 5 1
5 3 0
5 4 0
4 5 0
3 2 0
4 1 0
0 0 0
board #15 12
3 4 0
3 2 1
4 2 0
4 1 1
5 1 0
3 5 0
0 0 0
board #16 8
3 4 0
3 2 0
3 5 0
3 1 0
0 0 0
board #17 6
3 4 1
2 4 0
1 5 1
2 5 0
3 2 1
4 2 0
4 1 1
5 1 1
2 2 1
1 2 0
1 3 0
2 3 0
1 1 1
2 1 0
0 0 0
board #18 16
3 4 0
3 2 1
4 2 1
2 3 1
5 1 0
5 2 0
4 3 0
2 5 0
0 0 0
board #19 10
3 2 1
4 2 1
2 3 0
2 2 0
2 1 1
3 1 0
3 4 1
1 5 1
2 4 0
2 5 1
4 3 1
5 1 0
5 2 0
5 3 1
0 0 1
board #20 16
3 2 1
4 2 0
4 1 0
3 4 0
2 5 1
3 5 0
0 0 0
board #21 8
3 4 0
3 2 0
3 5 0
3 1 1
4 1 0
0 0 0
board #22 7
3 4 1
2 4 1
4 4 0
4 3 0
3 5 1
4 5 0
3 2 0
4 1 0
0 0 1
board #23 10
3 2 0
3 4 1
2 4 1
4 3 1
1 4 0
1 5 1
5 3 1
0 0 0
board #24 9
3 2 1
4 2 1
2 3 0
2 2 0
2 1 0
3 4 1
1 5 0
1 4 0
0 0 1
board #25 10
3 2 0
3 4 0
4 1 0
2 5 0
0 0 1
board #26 6
3 2 1
4 2 0
4 1 1
5 1 1
2 3 1
1 3 0
1 4 0
1 5 1
2 4 0
2 2 0
2 5 1
3 5 0
3 4 0
2 1 1
3 1 1
1 1 0
1 2 0
0 0 1
board #27 19
3 2 0
3 4 0
3 5 0
3 1 0
0 0 0
board #28 6
3 2 1
4 2 0
4 1 1
5 1 1
2 3 0
2 2 1
1 3 1
0 0 1
board #29 9
3 4 0
3 2 1
4 2 1
2 3 0
2 2 0
2 1 1
3 1 0
3 5 0
0 0 1
board #30 10
3 2 0
3 4 1
2 4 1
4 3 0
4 4 0
3 5 1
4 5 0
3 1 1
4 1 1
5 1 1
2 2 1
1 2 0
1 3 1
0 0 1
board #31 15
3 2 0
3 4 1
2 4 0
1 5 1
2 5 1
4 3 1
5 2 1
0 0 1
board #32 9
3 4 1
2 4 0
1 5 0
3 2 0
4 1 0
0 0 1
board #33 7
3 2 1
4 2 1
2 2 1
5 1 1
1 2 1
0 0 0
board #34 7
3 4 0
3 2 1
4 2 1
2 3 1
5 1 1
1 4 1
0 0 1
board #35 8
3 4 0
3 2 0
2 5 1
3 5 1
1 5 0
2 4 1
1 4 1
4 4 0
4 5 0
3 1 1
4 1 1
5 1 1
2 2 0
2 1 1
1 1 0
1 2 1
0 0 1
board #36 18
3 2 0
3 4 1
2 4 1
4 3 0
4 4 1
5 4 1
1 5 1
0 0 0
board #37 9
3 4 0
3 2 1
4 2 1
2 3 1
5 2 1
1 3 0
1 4 1
0 0 1
board #38 9
3 2 0
3 4 0
2 5 1
3 5 1
1 5 0
2 4 0
4 1 0
0 0 0
board #39 9
3 4 1
2 4 0
1 5 1
2 5 0
3 2 1
4 2 1
2 2 1
5 1 0
5 2 1
1 2 1
0 0 1
board #40 12
3 2 1
4 2 0
4 1 0
3 4 0
2 5 1
3 5 1
1 5 1
4 4 1
5 3 0
5 4 1
0 0 1
board #41 12
3 2 0
3 4 0
3 5 0
3 1 0
0 0 0
board #42 6
3 4 0
3 2 1
4 2 0
4 1 1
5 1 1
2 3 0
2 2 0
2 1 0
3 5 0
0 0 0
board #43 11
3 4 0
3 2 0
3 1 1
4 1 1
5 1 0
4 2 1
5 2 1
2 2 0
2 1 1
1 1 1
0 0 1
board #44 12
3 4 0
3 2 0
3 1 0
2 5 1
3 5 1
1 5 0
2 4 1
1 4 1
4 4 0
4 5 0
0 0 0
board #45 12
3 2 1
4 2 1
2 3 0
2 2 0
2 1 1
3 1 1
1 1 0
1 2 1
5 1 0
5 2 1
0 0 1
board #46 12
3 4 0
3 2 1
4 2 0
4 1 1
5 1 0
2 5 1
3 5 1
1 5 0
2 4 0
0 0 0
board #47 11
3 4 0
3 2 0
3 1 1
4 1 1
5 1 1
2 2 1
1 2 0
1 3 1
0 0 1
board #48 10
3 2 1
4 2 0
4 1 0
3 4 1
2 4 0
1 5 0
0 0 0
board #49 8
3 4 1
2 4 1
4 4 0
4 3 0
3 5 0
5 1 0
5 2 0
0 0 0
board #50 9
3 4 0
3 2 0
3 5 0
3 1 0
0 0 1
board #51 6
3 2 1
4 2 0
4 1 1
5 1 1
2 3 0
2 2 0
2 1 1
3 1 0
3 4 1
1 5 0
1 4 0
0 0 0
board #52 13
3 2 1
4 2 0
4 1 1
5 1 1
2 3 0
2 2 0
2 1 0
3 4 1
1 5 0
2 4 0
0 0 0
board #53 12
3 4 0
3 2 1
4 2 0
5 1 0
2 5 1
3 5 1
1 5 1
4 4 0
4 5 0
0 0 0
board #54 11
3 2 1
4 2 0
4 1 0
3 4 1
2 4 0
1 5 1
2 5 0
0 0 0
board #55 9
3 4 1
2 4 1
4 3 1
1 4 1
5 2 1
0 0 1
board #56 7
3 2 1
4 2 1
2 3 1
5 1 0
5 2 1
1 4 1
0 0 1
board #57 8
3 4 0
3 2 0
3 1 1
4 1 0
2 5 1
3 5 0
0 0 1
board #58 8
3 2 1
4 2 1
2 3 1
5 1 1
1 3 1
0 0 1
board #59 7
3 4 1
2 4 1
4 4 1
1 5 1
5 3 0
5 4 0
4 3 1
5 2 1
0 0 1
board #60 10
3 2 0
3 4 0
2 5 1
3 5 0
4 1 0
0 0 0
board #61 7
3 2 1
4 2 1
2 2 0
2 3 0
2 1 1
3 1 0
3 4 1
1 5 1
2 4 1
4 3 0
4 4 1
5 3 0
5 4 1
0 0 0
board #62 15
3 2 1
4 2 1
2 3 1
5 1 0
5 2 1
1 3 0
1 4 0
1 5 0
2 2 1
1 2 1
0 0 0
board #63 12
3 2 0
3 4 1
2 4 0
2 5 0
4 1 0
0 0 1
board #64 7
3 4 0
3 2 0
3 5 0
3 1 1
4 1 0
0 0 1
board #65 7
3 2 0
3 4 0
3 1 0
2 5 0
0 0 1
board #66 6
3 4 0
3 2 0
3 1 1
4 1 0
3 5 0
0 0 1
board #67 7
3 2 1
4 2 0
4 1 1
5 1 1
2 2 1
1 2 0
1 3 1
0 0 0
board #68 9
3 4 0
3 2 0
3 1 1
4 1 0
2 5 1
3 5 0
0 0 1
board #69 8
3 4 1
2 4 0
1 5 1
2 5 0
3 2 1
4 2 0
4 1 1
5 1 1
2 2 1
1 2 1
0 0 1
board #70 12
3 4 1
2 4 0
1 5 1
2 5 0
3 2 1
4 2 1
2 2 0
2 3 0
2 1 1
3 1 0
0 0 0
board #71 12
3 2 1
4 2 0
4 1 0
3 4 1
2 4 0
2 5 0
0 0 0
board #72 8
3 2 1
4 2 1
2 2 1
5 1 1
1 2 1
0 0 1
board #73 7
3 4 0
3 2 0
2 5 0
3 1 1
4 1 1
5 1 1
2 2 0
2 1 1
1 2 1
0 0 0
board #74 11
3 4 0
3 2 0
2 5 1
3 5 0
3 1 0
0 0 1
board #75 7
3 2 0
3 4 1
2 4 1
4 3 1
1 4 0
1 5 1
5 2 0
5 3 1
0 0 1
board #76 10
3 4 0
3 2 1
4 2 0
4 1 1
5 1 1
2 3 1
1 4 1
0 0 0
board #77 9
3 2 0
3 4 0
2 5 1
3 5 1
1 5 0
2 4 0
4 1 0
0 0 1
board #78 9
3 2 0
3 4 0
3 5 0
3 1 1
4 1 0
0 0 1
board #79 7
3 4 1
2 4 0
2 5 0
3 2 1
4 2 0
5 1 0
0 0 0
board #80 8
3 2 1
4 2 0
5 1 0
3 4 0
2 5 0
0 0 1
board #81 7
3 2 0
3 4 0
2 5 1
3 5 0
3 1 0
0 0 0
board #82 7
3 2 1
4 2 1
2 3 0
2 2 1
5 1 0
5 2 0
4 3 1
5 3 0
4 4 1
5 4 1
1 3 1
0 0 0
board #83 13
3 2 0
3 4 1
2 4 1
4 4 1
1 5 1
5 3 0
5 4 0
4 3 0
4 5 1
5 5 0
3 1 0
0 0 1
board #84 13
3 4 1
2 4 1
4 4 1
1 4 1
5 3 0
5 4 1
0 0 0
board #85 8
3 4 0
3 2 0
2 5 0
4 1 0
0 0 0
board #86 6
3 2 1
4 2 0
4 1 0
3 4 0
2 5 0
0 0 0
board #87 7
3 4 1
2 4 1
4 3 1
1 5 1
5 2 1
0 0 0
board #88 7
3 2 0
3 4 1
2 4 1
4 3 0
4 4 0
3 5 1
4 5 0
3 1 1
4 1 1
5 1 0
4 2 1
5 2 1
2 2 1
1 2 0
1 3 0
2 3 1
1 4 0
1 5 1
0 0 0
board #89 20
3 2 1
4 2 1
2 2 1
5 1 1
1 3 1
0 0 1
board #90 7
3 2 1
4 2 0
4 1 1
5 1 0
3 4 0
2 5 0
0 0 0
board #91 8
3 2 0
3 4 0
3 1 1
4 1 1
5 1 0
4 2 0
2 5 1
3 5 0
0 0 0
board #92 10
3 4 0
3 2 1
4 2 1
2 3 0
2 2 1
1 2 1
5 1 0
5 2 0
4 3 1
5 3 0
4 4 0
3 5 0
0 0 1
board #93 14
3 4 0
3 2 0
3 1 0
2 5 1
3 5 0
0 0 1
board #94 7
3 4 0
3 2 0
3 1 1
4 1 1
5 1 1
2 2 0
2 1 1
1 1 0
1 2 1
0 0 1
board #95 11
3 2 1
4 2 1
2 3 1
5 1 1
1 3 1
0 0 1
board #96 7
3 2 0
3 4 1
2 4 0
1 5 1
2 5 1
4 3 1
5 2 0
5 3 1
0 0 0
board #97 10
3 4 0
3 2 0
3 5 0
4 1 0
0 0 1
board #98 6
3 4 1
2 4 1
4 3 0
4 4 1
1 5 1
5 3 0
5 4 1
0 0 0
board #99 9
3 2 1
4 2 0
4 1 1
5 1 1
2 2 0
2 3 1
1 3 1
0 0 1
board #100 9
3 2 1
4 2 1
2 3 0
2 2 1
5 1 1
1 2 1
0 0 0
board #101 8
3 4 0
3 2 1
4 2 0
4 1 1
5 1 0
2 5 1
3 5 1
1 5 0
2 4 1
1 4 0
2 3 0
0 0 1
board #102 13
3 2 1
4 2 0
4 1 1
5 1 0
3 4 1
2 4 0
1 5 1
2 5 0
0 0 0
board #103 10
3 4 1
2 4 0
1 5 1
2 5 0
3 2 1
4 2 1
2 2 0
2 3 1
1 3 0
1 4 1
5 1 0
5 2 0
4 3 1
5 3 1
0 0 0
board #104 16
3 4 1
2 4 1
4 3 0
4 4 0
4 5 0
3 2 0
3 1 1
4 1 0
0 0 1
board #105 10
3 2 1
4 2 0
4 1 1
5 1 1
2 2 0
2 3 1
1 4 1
0 0 1
board #106 9
3 2 0
3 4 1
2 4 0
2 5 0
4 1 0
0 0 1
board #107 7
3 4 0
3 2 1
4 2 1
2 3 1
5 2 1
1 4 1
0 0 0
board #108 8
3 4 0
3 2 0
2 5 0
3 1 1
4 1 1
5 1 0
4 2 0
0 0 1
board #109 9
3 4 0
3 2 0
3 5 0
4 1 0
0 0 0
board #110 6
3 4 0
3 2 1
4 2 1
2 3 1
5 1 0
5 2 1
1 3 0
1 4 0
1 5 1
2 4 0
1 2 0
1 1 0
2 5 1
3 5 0
0 0 0
board #111 16
3 4 0
3 2 0
3 1 0
2 5 0
0 0 0
board #112 6
3 2 0
3 4 0
3 1 1
4 1 1
5 1 1
2 2 1
1 2 1
0 0 0
board #113 9
3 2 1
4 2 0
5 1 0
3 4 1
2 4 0
1 5 1
2 5 0
0 0 0
board #114 9
3 4 1
2 4 1
4 4 0
4 3 1
5 3 1
1 4 1
0 0 1
board #115 8
3 4 1
2 4 1
4 3 0
4 4 0
3 2 0
3 5 1
4 5 0
3 1 1
4 1 0
0 0 0
board #116 11
3 2 1
4 2 1
2 3 1
5 1 0
5 2 0
4 3 1
5 3 0
4 4 1
5 4 1
1 3 0
1 4 1
0 0 0
board #117 13
3 2 1
4 2 1
2 3 0
2 2 1
1 3 1
5 1 0
5 2 0
4 3 1
5 3 1
0 0 1
board #118 11
3 4 0
3 2 1
4 2 0
4 1 0
2 5 1
3 5 0
0 0 1
board #119 8
3 4 1
2 4 1
4 3 1
1 4 0
1 5 1
5 3 1
0 0 0
board #120 8
3 4 0
3 2 1
4 2 0
5 1 0
2 5 0
0 0 0
board #121 7
3 4 1
2 4 0
1 5 1
2 5 0
3 2 1
4 2 0
4 1 0
0 0 0
board #122 9
3 2 0
3 4 0
3 1 1
4 1 1
5 1 1
2 2 0
2 1 0
2 5 1
3 5 0
0 0 1
board #123 11
3 4 1
2 4 0
1 5 1
2 5 1
4 3 0
4 4 1
5 3 0
5 4 1
0 0 1
board #124 10
3 2 1
4 2 0
4 1 1
5 1 1
2 2 0
2 3 1
1 3 0
1 4 1
0 0 0
board #125 10
3 2 1
4 2 0
4 1 1
5 1 0
3 4 0
2 5 1
3 5 0
0 0 1
board #126 9
3 4 1
2 4 0
1 5 1
2 5 0
3 2 1
4 2 0
4 1 1
5 1 1
2 2 0
2 3 1
1 3 0
1 4 0
2 1 1
3 1 0
0 0 1
board #127 16
3 4 0
3 2 0
2 5 0
3 1 1
4 1 1
5 1 1
2 2 1
1 2 0
1 3 0
2 3 0
1 1 0
0 0 1
board #128 13
3 4 1
2 4 1
4 3 1
1 5 1
5 3 1
0 0 1
board #129 7
3 4 0
3 2 0
3 1 1
4 1 1
5 1 1
2 2 1
1 2 1
0 0 0
board #130 9
3 2 0
3 4 0
2 5 1
3 5 1
1 5 0
2 4 0
3 1 1
4 1 0
0 0 0
board #131 10
3 4 0
3 2 1
4 2 0
5 1 0
2 5 0
0 0 0
board #132 7
3 4 0
3 2 1
4 2 1
2 3 0
2 2 0
3 1 0
3 5 0
0 0 0
board #133 9
3 4 0
3 2 1
4 2 1
2 3 0
2 2 0
3 1 0
2 5 1
3 5 0
0 0 0
board #134 10
3 4 1
2 4 0
1 5 1
2 5 0
3 2 0
3 1 0
0 0 1
board #135 8
3 4 0
3 2 1
4 2 1
2 3 1
5 2 1
1 3 1
0 0 1
board #136 8
3 2 0
3 4 1
2 4 1
4 3 0
4 4 0
3 5 1
4 5 0
3 1 0
0 0 1
board #137 10
3 2 1
4 2 1
2 3 1
5 1 1
1 3 0
1 4 0
1 5 1
2 4 1
0 0 1
board #138 10
3 2 0
3 4 0
2 5 1
3 5 0
4 1 0
0 0 1
board #139 7
3 2 1
4 2 1
2 3 0
2 2 0
2 1 0
3 4 0
3 5 0
0 0 0
board #140 9
3 2 1
4 2 0
5 1 0
3 4 1
2 4 0
1 5 1
2 5 0
0 0 0
board #141 9
3 2 1
4 2 0
4 1 0
3 4 1
2 4 1
4 4 0
4 3 1
5 2 1
1 4 0
1 5 1
0 0 1
board #142 12
3 4 1
2 4 1
4 3 1
1 4 1
5 2 0
5 3 0
5 1 0
4 4 1
5 4 0
4 5 0
0 0 0
board #143 12
3 4 1
2 4 0
1 5 0
3 2 1
4 2 1
2 2 0
2 3 1
1 4 1
5 1 0
5 2 0
4 3 1
5 3 1
0 0 0
board #144 14
3 4 1
2 4 1
4 4 1
1 4 0
1 5 1
5 3 1
0 0 0
board #145 8
3 4 1
2 4 0
1 5 0
3 2 1
4 2 1
2 2 0
2 3 0
3 1 0
0 0 0
board #146 10
3 2 1
4 2 1
2 3 0
2 2 1
1 3 1
5 1 0
5 2 1
0 0 0
board #147 9
3 2 1
4 2 0
4 1 1
5 1 0
3 4 0
2 5 1
3 5 0
0 0 0
board #148 9
3 4 1
2 4 0
2 5 0
3 2 0
3 1 1
4 1 1
5 1 1
2 2 1
1 2 0
1 3 0
1 4 1
2 3 0
1 1 1
2 1 0
0 0 0
board #149 16
3 2 1
4 2 1
2 3 0
2 2 0
2 1 1
3 1 0
3 4 1
1 5 0
1 4 1
2 4 1
4 3 1
5 1 0
5 2 1
0 0 0
board #150 15
3 4 1
2 4 1
4 4 1
1 5 1
5 3 0
5 4 0
4 3 1
5 2 1
0 0 0
board #151 10
3 2 0
3 4 1
2 4 0
1 5 1
2 5 1
4 3 1
5 2 0
5 3 0
5 1 1
4 2 1
0 0 0
board #152 12
3 2 0
3 4 1
2 4 0
2 5 0
3 1 0
0 0 1
board #153 7
3 2 0
3 4 1
2 4 1
4 3 0
4 4 0
4 5 0
3 1 1
4 1 1
5 1 1
2 2 0
2 1 1
1 1 1
0 0 1
board #154 14
3 4 0
3 2 1
4 2 1
2 3 1
5 1 0
5 2 1
1 4 1
0 0 1
board #155 9
3 4 0
3 2 0
3 1 0
2 5 1
3 5 0
0 0 1
board #156 7
3 4 1
2 4 1
4 3 1
1 4 0
1 5 1
5 3 1
0 0 1
board #157 8
3 4 0
3 2 0
3 5 0
3 1 1
4 1 1
5 1 1
2 2 1
1 3 1
0 0 0
board #158 10
3 4 0
3 2 1
4 2 1
2 3 0
2 2 0
2 1 0
2 5 1
3 5 0
0 0 1
board #159 10
3 4 1
2 4 1
4 4 1
1 5 1
5 3 0
5 4 0
4 3 1
5 2 1
0 0 0
board #160 10
3 2 1
4 2 1
2 3 0
2 2 1
1 2 0
1 3 1
5 1 0
5 2 0
4 3 0
4 4 0
3 5 0
0 0 0
board #161 13
3 4 0
3 2 1
4 2 1
2 3 1
5 2 1
1 3 1
0 0 0
board #162 8
3 4 1
2 4 1
4 3 1
1 5 1
5 2 0
5 3 1
0 0 1
board #163 8
3 2 1
4 2 0
5 1 0
3 4 1
2 4 1
4 4 1
1 4 0
1 5 1
5 3 1
0 0 1
board #164 11
3 4 1
2 4 0
1 5 1
2 5 1
4 3 1
5 2 0
5 3 1
0 0 1
board #165 9
3 2 0
3 4 0
3 1 1
4 1 0
2 5 1
3 5 1
1 5 0
2 4 0
0 0 1
board #166 10
3 2 0
3 4 0
4 1 0
2 5 1
3 5 0
0 0 1
board #167 7
3 2 1
4 2 1
2 2 0
2 3 1
1 3 0
1 4 1
5 1 1
0 0 1
board #168 9
3 4 0
3 2 0
4 1 0
2 5 1
3 5 0
0 0 1
board #169 7
3 2 1
4 2 0
4 1 1
5 1 0
3 4 1
2 4 0
2 5 0
0 0 0
board #170 9
3 2 0
3 4 1
2 4 1
4 3 0
4 4 0
3 5 1
4 5 0
3 1 1
4 1 1
5 1 0
4 2 0
0 0 1
board #171 13
3 4 0
3 2 0
2 5 1
3 5 0
3 1 1
4 1 0
0 0 0
board #172 8
3 4 0
3 2 1
4 2 0
4 1 1
5 1 1
2 3 1
1 4 1
0 0 0
board #173 9
3 2 1
4 2 0
4 1 1
5 1 1
2 3 0
2 2 0
2 1 1
3 1 1
1 1 0
1 2 0
3 4 0
2 5 1
3 5 0
0 0 1
board #174 15
3 4 1
2 4 0
1 5 1
2 5 0
3 2 0
4 1 0
0 0 1
board #175 8
3 4 0
3 2 0
4 1 0
2 5 1
3 5 0
0 0 0
board #176 7
3 2 0
3 4 0
2 5 0
3 1 1
4 1 1
5 1 0
4 2 1
5 2 1
2 2 0
2 1 0
0 0 0
board #177 12
3 4 0
3 2 1
4 2 1
2 3 1
5 1 0
5 2 1
1 4 1
0 0 0
board #178 9
3 2 1
4 2 1
2 3 0
2 2 0
3 4 1
2 4 1
1 4 1
4 3 0
4 4 1
5 3 1
0 0 0
board #179 12
3 4 0
3 2 1
4 2 1
2 3 0
2 2 0
3 1 0
2 5 1
3 5 0
0 0 0
board #180 10
3 2 1
4 2 1
2 3 0
2 2 0
2 1 1
3 1 1
1 1 0
1 2 0
3 4 0
2 5 0
0 0 1
board #181 12
3 4 1
2 4 0
2 5 0
3 2 0
3 1 1
4 1 0
0 0 1
board #182 8
3 2 1
4 2 0
4 1 1
5 1 1
2 3 0
2 2 1
1 2 0
1 3 1
0 0 0
board #183 10
3 2 1
4 2 1
2 3 0
2 2 0
2 1 0
3 4 1
2 4 0
1 5 0
0 0 0
board #184 10
3 2 0
3 4 0
3 1 0
2 5 1
3 5 1
1 5 0
2 4 1
1 4 1
4 4 0
4 5 0
0 0 1
board #185 12
3 2 1
4 2 0
4 1 0
3 4 1
2 4 0
2 5 0
0 0 1
board #186 8
3 2 0
3 4 0
3 1 0
3 5 0
0 0 0
board #187 6
3 2 1
4 2 1
2 3 0
2 2 0
2 1 1
3 1 1
1 1 0
1 2 0
3 4 0
2 5 0
0 0 0
board #188 12
3 4 0
3 2 1
4 2 1
2 3 0
2 2 1
1 3 1
5 1 0
5 2 0
4 3 0
3 5 0
0 0 0
board #189 12
3 2 1
4 2 0
4 1 1
5 1 0
3 4 0
2 5 0
0 0 0
board #190 8
3 4 1
2 4 0
1 5 1
2 5 1
4 3 1
5 2 0
5 3 1
0 0 0
board #191 9
3 2 1
4 2 1
2 3 0
2 2 1
5 1 0
5 2 0
4 3 1
5 3 0
4 4 0
3 5 0
0 0 0
board #192 12
3 4 1
2 4 1
4 3 1
1 4 1
5 2 0
5 3 1
0 0 0
board #193 8
3 2 0
3 4 1
2 4 0
1 5 1
2 5 0
3 1 1
4 1 0
0 0 0
board #194 9
3 2 0
3 4 0
4 1 0
3 5 0
0 0 1
board #195 6
3 4 0
3 2 0
2 5 0
3 1 1
4 1 0
0 0 0
board #196 7
3 4 1
2 4 0
1 5 1
2 5 0
3 2 1
4 2 0
4 1 1
5 1 1
2 3 1
1 3 0
1 4 1
0 0 1
board #197 13
3 2 0
3 4 0
2 5 1
3 5 0
4 1 0
0 0 1
board #198 7
3 2 0
3 4 0
3 1 1
4 1 0
2 5 1
3 5 0
0 0 0
board #199 8
3 4 0
3 2 1
4 2 1
2 3 0
2 2 1
1 2 0
1 3 0
1 1 0
3 5 0
0 0 0
board #200 11
3 4 0
3 2 1
4 2 1
2 3 0
2 2 0
2 1 1
3 1 1
1 1 1
5 1 0
5 2 0
4 3 0
2 5 0
0 0 1
board #201 14
3 2 1
4 2 1
2 3 0
2 2 1
1 2 0
1 3 0
1 1 0
3 4 0
2 5 1
3 5 1
1 5 0
1 4 1
2 4 1
4 4 0
4 5 0
0 0 0
board #202 17
3 2 0
3 4 1
2 4 0
1 5 1
2 5 1
4 3 1
5 2 0
5 3 1
0 0 0
board #203 10
3 2 0
3 4 1
2 4 0
1 5 1
2 5 0
3 1 1
4 1 1
5 1 1
2 2 0
2 1 0
0 0 1
board #204 12
3 4 0
3 2 0
3 1 0
2 5 1
3 5 1
1 5 0
2 4 1
1 4 0
2 3 0
0 0 1
board #205 11
3 2 0
3 4 1
2 4 1
4 3 0
4 4 1
5 3 1
1 4 0
1 5 0
2 3 1
1 3 1
0 0 1
board #206 12
3 2 1
4 2 0
4 1 1
5 1 1
2 3 1
1 4 1
0 0 1
board #207 8
3 2 0
3 4 1
2 4 0
2 5 0
3 1 1
4 1 0
0 0 1
board #208 8
3 4 0
3 2 1
4 2 0
4 1 1
5 1 1
2 3 1
1 3 1
0 0 1
board #209 9
3 4 0
3 2 1
4 2 0
5 1 0
3 5 0
0 0 1
board #210 7
3 2 0
3 4 1
2 4 0
2 5 0
3 1 1
4 1 1
5 1 0
4 2 1
5 2 1
2 2 1
1 2 0
1 3 1
0 0 1
board #211 14
3 4 0
3 2 0
2 5 1
3 5 0
3 1 1
4 1 0
0 0 1
board #212 8
3 2 0
3 4 1
2 4 1
4 3 1
1 4 1
5 2 1
0 0 1
board #213 8
3 4 0
3 2 1
4 2 0
4 1 1
5 1 0
3 5 0
0 0 1
board #214 8
3 2 1
4 2 1
2 2 0
2 3 1
5 1 1
1 4 1
0 0 1
board #215 8
3 2 1
4 2 1
2 3 1
5 2 1
1 3 0
1 4 0
1 5 0
1 2 0
1 1 1
2 1 1
2 2 0
3 1 1
0 0 0
board #216 14
3 2 1
4 2 1
2 3 0
2 2 0
2 1 0
3 4 0
2 5 0
0 0 0
board #217 9
3 2 0
3 4 0
3 1 1
4 1 1
5 1 0
4 2 1
5 2 1
2 2 1
1 2 1
0 0 1
board #218 11
3 2 0
3 4 1
2 4 1
4 3 1
1 4 1
5 3 1
0 0 1
board #219 8
3 4 1
2 4 1
4 3 0
4 4 1
5 3 0
5 4 0
5 5 0
3 2 0
3 1 0
0 0 0
board #220 11
3 2 0
3 4 0
2 5 0
3 1 1
4 1 1
5 1 1
2 2 1
1 2 1
0 0 1
board #221 10
3 2 1
4 2 0
4 1 1
5 1 0
3 4 0
2 5 1
3 5 0
0 0 1
board #222 9
3 4 1
2 4 1
4 4 1
1 4 0
1 5 1
5 3 1
0 0 1
board #223 8
3 2 1
4 2 1
2 3 0
2 2 1
1 2 0
1 3 0
1 1 0
3 4 0
2 5 0
0 0 0
board #224 11
3 4 1
2 4 1
4 4 0
4 3 1
1 4 1
5 2 0
5 3 1
0 0 0
board #225 9
3 2 0
3 4 1
2 4 1
4 3 1
1 4 1
5 3 1
0 0 1
board #226 8
3 2 0
3 4 0
2 5 0
3 1 1
4 1 0
0 0 0
board #227 7
3 2 1
4 2 0
4 1 1
5 1 0
3 4 1
2 4 1
4 4 0
4 3 0
3 5 1
4 5 0
0 0 0
board #228 12
3 4 0
3 2 1
4 2 0
4 1 0
2 5 1
3 5 1
1 5 1
4 4 0
4 5 1
5 4 1
0 0 1
board #229 12
3 4 0
3 2 1
4 2 1
2 3 1
5 1 0
5 2 1
1 3 1
0 0 1
board #230 9
3 2 0
3 4 0
3 5 0
3 1 0
0 0 0
board #231 6
3 2 1
4 2 1
2 2 1
5 2 1
1 2 0
1 3 0
2 3 1
1 4 0
1 5 1
2 4 1
0 0 1
board #232 12
3 4 1
2 4 1
4 4 1
1 4 1
5 4 1
0 0 1
board #233 7
3 2 1
4 2 0
5 1 0
3 4 0
2 5 0
0 0 0
board #234 7
3 4 1
2 4 1
4 3 1
1 4 0
1 5 0
2 3 0
2 2 1
3 2 1
4 2 0
4 1 1
5 1 1
1 2 1
0 0 0
board #235 14
3 2 0
3 4 1
2 4 0
1 5 1
2 5 0
3 1 1
4 1 0
0 0 1
board #236 9
3 4 1
2 4 1
4 4 1
1 4 0
1 5 0
2 3 1
1 3 1
5 3 0
5 4 0
5 2 1
4 3 1
0 0 0
board #237 13
3 2 1
4 2 1
2 3 0
2 2 1
5 2 1
1 2 1
0 0 1
board #238 8
3 4 0
3 2 1
4 2 1
2 3 1
5 1 0
5 2 1
1 3 0
1 4 1
0 0 0
board #239 10
3 2 1
4 2 1
2 2 0
2 3 1
5 2 1
1 4 1
0 0 1
board #240 8
3 4 1
2 4 0
2 5 0
3 2 0
3 1 0
0 0 1
board #241 7
3 4 0
3 2 1
4 2 1
2 2 1
5 1 0
5 2 1
1 2 1
0 0 1
board #242 9
3 4 0
3 2 0
2 5 0
3 1 1
4 1 0
0 0 1
board #243 7
3 2 0
3 4 0
2 5 0
4 1 0
0 0 1
board #244 6
3 2 1
4 2 0
4 1 1
5 1 0
3 4 1
2 4 0
1 5 1
2 5 0
0 0 0
board #245 10
3 4 1
2 4 1
4 3 1
1 4 1
5 2 0
5 3 1
0 0 1
board #246 8
3 4 1
2 4 1
4 3 1
1 4 1
5 2 0
5 3 0
5 1 1
4 2 1
0 0 0
board #247 10
3 4 0
3 2 0
2 5 1
3 5 1
1 5 0
2 4 0
4 1 0
0 0 1
board #248 9
3 4 1
2 4 0
1 5 1
2 5 0
3 2 0
3 1 0
0 0 0
board #249 8
3 4 1
2 4 1
4 3 0
4 4 0
3 5 0
5 1 1
3 2 1
4 1 0
4 2 0
0 0 1
board #250 11
3 2 0
3 4 0
3 5 0
3 1 1
4 1 1
5 1 1
2 2 1
1 2 0
1 3 0
2 3 1
1 4 0
1 5 1
2 4 0
1 1 1
2 1 1
0 0 0
board #251 17
3 2 1
4 2 1
2 3 0
2 2 0
2 1 1
3 1 1
1 1 0
1 2 0
3 4 0
2 5 1
3 5 0
0 0 1
board #252 13
3 4 0
3 2 1
4 2 1
2 3 1
5 1 0
5 2 1
1 3 0
1 4 1
0 0 0
board #253 10
3 4 1
2 4 0
1 5 1
2 5 1
4 3 1
5 2 0
5 3 1
0 0 0
board #254 9
3 2 1
4 2 1
2 3 0
2 2 1
1 2 0
1 3 1
5 1 1
0 0 1
board #255 9
3 2 1
4 2 1
2 2 1
5 1 0
5 2 0
4 3 0
4 4 1
2 4 0
1 5 1
2 5 0
0 0 0
board #256 12
3 2 1
4 2 1
2 2 0
2 3 0
2 1 1
3 1 1
1 2 1
5 1 1
0 0 0
board #257 10
3 4 1
2 4 0
1 5 0
3 2 1
4 2 0
4 1 0
0 0 1
board #258 8
3 2 1
4 2 0
4 1 1
5 1 0
3 4 1
2 4 1
4 4 1
1 4 0
1 5 0
2 3 0
0 0 1
board #259 12
3 2 1
4 2 0
4 1 0
3 4 1
2 4 0
1 5 0
0 0 1
board #260 8
3 2 0
3 4 0
2 5 1
3 5 0
4 1 0
0 0 1
board #261 7
3 2 1
4 2 1
2 2 0
2 3 0
2 1 1
3 1 1
1 1 1
5 1 0
5 2 0
4 3 1
5 3 1
0 0 0
board #262 13
3 4 1
2 4 1
4 3 0
4 4 0
3 5 1
4 5 1
5 4 1
1 5 1
0 0 0
board #263 10
3 4 0
3 2 1
4 2 1
2 3 0
2 2 0
3 1 0
2 5 1
3 5 0
0 0 1
board #264 10
3 4 0
3 2 0
2 5 1
3 5 0
4 1 0
0 0 0
board #265 7
3 2 1
4 2 0
4 1 1
5 1 0
3 4 1
2 4 0
1 5 1
2 5 1
4 4 0
4 3 1
5 2 1
0 0 0
board #266 13
3 4 0
3 2 0
2 5 1
3 5 0
3 1 0
0 0 1
board #267 7
3 4 0
3 2 0
2 5 1
3 5 1
1 5 0
2 4 1
1 4 0
2 3 1
1 3 1
4 4 1
5 3 0
5 4 0
4 3 0
4 5 0
3 1 1
4 1 1
5 1 1
2 2 1
0 0 0
board #268 20
3 4 0
3 2 0
3 5 0
3 1 1
4 1 1
5 1 1
2 2 1
1 2 0
1 3 1
0 0 1
board #269 11
3 4 0
3 2 0
4 1 0
2 5 1
3 5 1
1 5 1
4 4 0
4 5 0
0 0 1
board #270 10
3 4 1
2 4 0
1 5 0
3 2 1
4 2 0
4 1 1
5 1 0
0 0 0
board #271 9
3 4 1
2 4 1
4 3 0
4 4 1
5 3 0
5 4 1
1 4 1
0 0 0
board #272 9
3 4 1
2 4 0
1 5 0
3 2 0
4 1 0
0 0 0
board #273 7
3 4 0
3 2 1
4 2 1
2 3 0
2 2 0
3 1 0
2 5 0
0 0 1
board #274 9
3 2 0
3 4 1
2 4 0
2 5 0
4 1 0
0 0 1
board #275 7
3 2 0
3 4 1
2 4 1
4 3 0
4 4 0
4 5 0
3 1 0
0 0 1
board #276 9
3 2 0
3 4 1
2 4 1
4 3 1
1 4 0
1 5 1
5 2 1
0 0 1
board #277 9
3 2 0
3 4 0
2 5 0
4 1 0
0 0 0
board #278 6
3 4 1
2 4 0
1 5 1
2 5 0
3 2 0
3 1 1
4 1 0
0 0 1
board #279 9
3 4 0
3 2 1
4 2 1
2 3 0
2 2 0
2 1 1
3 1 1
1 1 0
1 2 0
2 5 1
3 5 1
1 5 0
1 4 1
2 4 0
0 0 0
board #280 16
3 4 1
2 4 1
4 3 1
1 4 0
1 5 0
2 3 1
1 3 0
2 2 0
2 1 0
0 0 0
board #281 11
3 2 0
3 4 0
3 1 1
4 1 1
5 1 1
2 2 1
1 2 1
0 0 1
board #282 9
3 2 1
4 2 0
4 1 0
3 4 1
2 4 1
4 4 0
4 3 0
3 5 0
0 0 0
board #283 10
3 4 1
2 4 0
1 5 0
3 2 1
4 2 1
2 2 0
2 3 0
2 1 1
3 1 1
1 1 0
1 2 1
5 1 1
0 0 0
board #284 14
3 4 0
3 2 1
4 2 0
4 1 1
5 1 1
2 2 1
1 3 1
0 0 0
board #285 9
3 2 1
4 2 0
4 1 0
3 4 1
2 4 0
1 5 1
2 5 0
0 0 1
board #286 9
3 2 0
3 4 0
3 1 1
4 1 1
5 1 0
4 2 0
2 5 0
0 0 1
board #287 9
3 2 1
4 2 1
2 2 1
5 1 1
1 2 0
1 3 0
2 3 1
1 4 1
0 0 1
board #288 10
3 2 1
4 2 1
2 3 0
2 2 1
5 2 1
1 3 1
0 0 0
board #289 8
3 4 1
2 4 0
1 5 1
2 5 1
4 3 1
5 3 1
0 0 1
board #290 8
3 4 0
3 2 0
2 5 0
3 1 0
0 0 1
board #291 6
3 4 0
3 2 0
2 5 0
4 1 0
0 0 1
board #292 6
3 2 0
3 4 0
2 5 0
3 1 0
0 0 1
board #293 6
3 4 0
3 2 1
4 2 1
2 3 1
5 1 1
1 4 1
0 0 0
board #294 8
3 2 0
3 4 0
4 1 0
2 5 0
0 0 0
board #295 6
3 2 0
3 4 0
2 5 1
3 5 0
4 1 0
0 0 1
board #296 7
3 4 1
2 4 0
2 5 0
3 2 0
3 1 1
4 1 0
0 0 1
board #297 8
3 4 1
2 4 1
4 3 1
1 4 1
5 2 0
5 3 1
0 0 1
board #298 8
3 4 0
3 2 0
4 1 0
3 5 0
0 0 1
board #299 6
3 2 1
4 2 1
2 3 1
5 1 1
1 3 1
0 0 0
board #300 7
3 4 1
2 4 0
1 5 0
3 2 0
3 1 1
4 1 0
0 0 1
board #301 8
3 2 1
4 2 0
4 1 1
5 1 1
2 3 0
2 2 0
2 1 1
3 1 1
1 1 1
0 0 1
board #302 11
3 4 0
3 2 1
4 2 1
2 3 1
5 1 0
5 2 0
4 3 0
2 5 0
0 0 0
board #303 10
3 2 0
3 4 0
3 1 1
4 1 1
5 1 1
2 2 0
2 1 1
1 2 1
0 0 1
board #304 10
3 4 1
2 4 0
1 5 0
3 2 1
4 2 1
2 2 0
2 3 1
1 4 1
5 2 1
0 0 1
board #305 11
3 4 0
3 2 0
3 1 1
4 1 0
2 5 1
3 5 1
1 5 1
4 4 1
5 4 1
0 0 1
board #306 11
3 2 1
4 2 0
5 1 0
3 4 1
2 4 1
4 4 0
4 3 1
5 2 0
5 3 1
1 5 1
0 0 1
board #307 12
3 2 1
4 2 0
4 1 0
3 4 1
2 4 1
4 4 0
4 3 1
5 2 0
5 3 1
1 4 1
0 0 1
board #308 12
3 2 0
3 4 0
4 1 0
2 5 0
0 0 0
board #309 6
3 4 0
3 2 1
4 2 0
5 1 0
2 5 1
3 5 1
1 5 1
4 4 1
5 3 0
5 4 0
4 3 1
5 2 0
4 5 1
5 5 0
0 0 0
board #310 16
3 4 0
3 2 0
4 1 0
2 5 1
3 5 0
0 0 0
board #311 7
3 2 0
3 4 0
3 1 0
2 5 0
0 0 0
board #312 6
3 2 0
3 4 1
2 4 0
1 5 1
2 5 1
4 3 1
5 2 0
5 3 1
0 0 1
board #313 10
3 2 0
3 4 1
2 4 0
2 5 0
3 1 0
0 0 0
board #314 7
3 4 0
3 2 1
4 2 0
4 1 1
5 1 1
2 2 1
1 3 1
0 0 1
board #315 9
3 2 0
3 4 1
2 4 1
4 3 0
4 4 1
5 4 1
1 4 1
0 0 0
board #316 9
3 2 1
4 2 0
4 1 0
3 4 1
2 4 1
4 4 0
4 3 1
5 3 1
1 4 0
1 5 0
2 3 0
0 0 0
board #317 13
3 4 0
3 2 0
3 1 0
3 5 0
0 0 0
board #318 6
3 4 1
2 4 1
4 3 1
1 5 1
5 2 1
0 0 0
board #319 7
3 4 0
3 2 1
4 2 0
4 1 1
5 1 1
2 3 1
1 4 1
0 0 1
board #320 9
3 2 1
4 2 1
2 3 1
5 1 0
5 2 1
1 3 0
1 4 0
1 5 1
2 4 0
2 2 0
2 5 0
3 1 0
0 0 0
board #321 14
3 4 1
2 4 0
1 5 1
2 5 1
4 3 0
4 4 1
5 3 0
5 4 0
5 5 0
5 1 0
4 2 1
5 2 1
3 2 0
3 1 0
0 0 0
board #322 16
3 4 0
3 2 0
3 1 1
4 1 0
2 5 0
0 0 0
board #323 7
3 4 1
2 4 0
1 5 1
2 5 1
4 4 0
4 3 0
3 5 1
4 5 0
3 2 0
3 1 1
4 1 0
0 0 1
board #324 13
3 4 0
3 2 1
4 2 0
4 1 1
5 1 0
2 5 1
3 5 1
1 5 0
2 4 1
1 4 1
4 4 1
5 4 1
0 0 0
board #325 14
3 4 1
2 4 0
1 5 0
3 2 0
4 1 0
0 0 1
board #326 7
3 2 1
4 2 1
2 2 1
5 1 0
5 2 0
4 3 1
5 3 1
1 2 0
1 3 0
1 4 0
1 5 1
2 4 1
2 3 0
3 4 1
0 0 0
board #327 16
3 4 0
3 2 0
3 1 0
2 5 1
3 5 1
1 5 0
2 4 1
1 4 0
2 3 0
0 0 1
board #328 11
3 2 1
4 2 0
4 1 1
5 1 0
3 4 0
2 5 1
3 5 1
1 5 1
4 4 1
5 3 1
0 0 1
board #329 12
3 2 0
3 4 1
2 4 0
1 5 1
2 5 1
4 3 1
5 2 0
5 3 1
0 0 0
board #330 10
3 2 1
4 2 0
4 1 1
5 1 1
2 3 0
2 2 0
2 1 0
3 4 0
2 5 1
3 5 0
0 0 0
board #331 12
3 2 0
3 4 1
2 4 1
4 3 1
1 4 1
5 2 0
5 3 1
0 0 1
board #332 9
3 4 1
2 4 0
1 5 0
3 2 0
3 1 1
4 1 0
0 0 0
board #333 8
3 2 0
3 4 1
2 4 0
1 5 1
2 5 0
3 1 1
4 1 1
5 1 1
2 2 0
2 1 0
0 0 1
board #334 12
3 2 1
4 2 0
4 1 1
5 1 1
2 3 1
1 3 1
0 0 0
board #335 8
3 4 0
3 2 1
4 2 0
5 1 0
3 5 0
0 0 1
board #336 7
3 2 1
4 2 1
2 3 1
5 1 0
5 2 1
1 3 0
1 4 1
0 0 1
board #337 9
3 4 0
3 2 0
3 5 0
4 1 0
0 0 1
board #338 6
3 4 1
2 4 1
4 3 0
4 4 1
1 4 1
5 3 0
5 4 0
4 5 1
5 5 1
0 0 0
board #339 11
3 2 0
3 4 1
2 4 0
1 5 1
2 5 1
4 3 1
5 2 1
0 0 1
board #340 9
3 4 0
3 2 0
3 1 1
4 1 1
5 1 0
4 2 0
2 5 1
3 5 1
1 5 1
4 4 0
4 5 1
5 4 0
5 5 1
0 0 1
board #341 15
3 4 0
3 2 0
3 1 1
4 1 0
3 5 0
0 0 0
board #342 7
3 2 0
3 4 1
2 4 1
4 3 1
1 5 1
5 3 1
0 0 0
board #343 8
3 4 0
3 2 1
4 2 1
2 3 1
5 1 0
5 2 1
1 3 0
1 4 0
1 5 0
1 2 0
1 1 0
0 0 0
board #344 13
3 4 1
2 4 0
1 5 1
2 5 1
4 4 0
4 3 0
3 5 0
3 2 0
4 1 0
0 0 0
board #345 11
3 2 0
3 4 1
2 4 1
4 3 0
4 4 0
4 5 0
3 1 1
4 1 1
5 1 0
4 2 1
5 2 1
2 2 1
1 2 0
1 3 1
0 0 0
board #346 16
3 2 0
3 4 0
2 5 1
3 5 1
1 5 0
2 4 1
1 4 1
4 4 0
4 5 0
4 1 0
0 0 1
board #347 12
3 4 1
2 4 0
1 5 0
3 2 1
4 2 0
4 1 1
5 1 1
2 2 0
2 3 1
1 4 1
0 0 0
board #348 12
3 4 0
3 2 1
4 2 1
2 3 0
2 2 1
1 2 1
5 1 0
5 2 0
4 3 1
5 3 0
4 4 1
5 4 1
0 0 1
board #349 14
3 4 0
3 2 1
4 2 0
5 1 0
2 5 0
0 0 0
board #350 7
3 2 0
3 4 1
2 4 1
4 3 1
1 4 0
1 5 0
2 3 0
3 1 1
4 1 1
5 1 1
2 2 1
1 2 1
0 0 1
board #351 14
3 2 1
4 2 1
2 2 0
2 3 1
5 1 0
5 2 1
1 3 0
1 4 0
1 5 0
2 1 1
3 1 1
1 1 0
1 2 0
0 0 0
board #352 15
3 4 1
2 4 0
1 5 1
2 5 1
4 3 1
5 2 0
5 3 0
5 1 1
4 2 1
0 0 0
board #353 11
3 2 1
4 2 1
2 3 1
5 1 0
5 2 0
4 3 1
5 3 0
4 4 0
3 5 1
4 5 1
3 4 0
2 5 0
0 0 1
board #354 14
3 4 1
2 4 1
4 3 0
4 4 0
3 5 1
4 5 1
5 4 0
5 5 0
3 2 1
5 1 1
4 1 0
4 2 1
2 3 1
1 3 0
1 4 1
0 0 0
board #355 17
3 4 1
2 4 1
4 3 1
1 4 0
1 5 0
2 3 1
1 3 1
5 3 1
0 0 1
board #356 10
3 4 0
3 2 0
3 1 0
2 5 1
3 5 1
1 5 0
2 4 0
0 0 0
board #357 9
3 4 0
3 2 0
2 5 0
3 1 1
4 1 1
5 1 1
2 2 1
1 2 1
0 0 0
board #358 10
3 4 0
3 2 0
2 5 0
3 1 1
4 1 0
0 0 0
board #359 7
3 4 1
2 4 0
1 5 1
2 5 0
3 2 1
4 2 0
4 1 1
5 1 0
0 0 1
board #360 10
3 4 0
3 2 0
3 1 1
4 1 1
5 1 1
2 2 0
2 1 0
2 5 0
0 0 1
board #361 10
3 2 0
3 4 1
2 4 1
4 3 0
4 4 0
3 5 0
3 1 1
4 1 0
0 0 0
board #362 10
3 4 0
3 2 1
4 2 0
4 1 0
2 5 1
3 5 0
0 0 0
board #363 8
3 4 0
3 2 0
3 5 0
3 1 1
4 1 1
5 1 1
2 2 1
1 2 1
0 0 0
board #364 10
3 4 1
2 4 1
4 4 0
4 3 1
5 2 1
1 4 0
1 5 0
2 3 1
1 3 1
0 0 0
board #365 11
3 4 0
3 2 0
4 1 0
2 5 1
3 5 0
0 0 1
board #366 7
3 4 1
2 4 0
1 5 1
2 5 0
3 2 1
4 2 1
2 2 1
5 1 1
1 3 1
0 0 0
board #367 11
3 2 1
4 2 0
4 1 1
5 1 1
2 3 0
2 2 1
1 2 1
0 0 1
board #368 9
3 2 1
4 2 0
5 1 0
3 4 0
2 5 0
0 0 0
board #369 7
3 4 0
3 2 0
3 5 0
3 1 1
4 1 1
5 1 1
2 2 0
2 1 0
0 0 0
board #370 10
3 4 1
2 4 1
4 3 1
1 5 1
5 2 0
5 3 1
0 0 0
board #371 8
3 2 0
3 4 0
3 1 1
4 1 1
5 1 1
2 2 0
2 1 1
1 1 1
0 0 0
board #372 10
3 2 0
3 4 0
3 5 0
3 1 1
4 1 1
5 1 1
2 2 1
1 2 0
1 3 1
0 0 0
board #373 11
3 2 1
4 2 0
4 1 0
3 4 0
2 5 1
3 5 0
0 0 1
board #374 8
3 2 0
3 4 1
2 4 0
1 5 1
2 5 0
3 1 1
4 1 0
0 0 1
board #375 9
3 4 0
3 2 1
4 2 1
2 3 1
5 1 1
1 3 1
0 0 0
board #376 8
3 2 0
3 4 0
2 5 0
4 1 0
0 0 0
board #377 6
3 2 0
3 4 0
3 1 1
4 1 1
5 1 1
2 2 0
2 1 1
1 1 0
1 2 1
0 0 0
board #378 11
3 2 0
3 4 0
3 1 0
2 5 0
0 0 0
board #379 6
3 2 1
4 2 0
4 1 1
5 1 0
3 4 0
3 5 0
0 0 1
board #380 8
3 2 1
4 2 1
2 3 0
2 2 1
1 2 1
5 2 1
0 0 0
board #381 8
3 2 1
4 2 0
4 1 1
5 1 1
2 3 0
2 2 1
1 2 0
1 3 0
2 1 0
3 4 1
1 5 0
2 4 0
0 0 1
board #382 14
3 2 0
3 4 0
2 5 1
3 5 1
1 5 1
4 4 1
5 4 1
0 0 1
board #383 9
3 2 0
3 4 0
4 1 0
3 5 0
0 0 1
board #384 6
3 2 0
3 4 0
2 5 1
3 5 1
1 5 1
4 4 0
4 5 1
5 4 0
5 5 1
0 0 0
board #385 11
3 2 0
3 4 1
2 4 1
4 3 1
1 4 0
1 5 0
2 3 1
1 3 0
2 2 1
1 2 0
1 1 1
2 1 0
0 0 0
board #386 14
3 2 1
4 2 1
2 2 1
5 2 1
1 2 0
1 3 1
0 0 0
board #387 8
3 2 0
3 4 1
2 4 0
1 5 0
3 1 1
4 1 1
5 1 1
2 2 1
1 3 1
0 0 1
board #388 11
3 4 1
2 4 1
4 3 0
4 4 0
3 5 1
4 5 1
5 4 0
5 5 0
3 2 1
4 2 0
5 1 0
0 0 0
board #389 13
3 2 1
4 2 1
2 3 1
5 1 0
5 2 0
4 3 0
4 4 0
3 5 1
4 5 1
2 5 1
1 5 0
2 4 1
5 4 0
5 5 0
0 0 1
board #390 16
3 4 0
3 2 0
2 5 1
3 5 1
1 5 0
2 4 1
1 4 0
2 3 1
1 3 0
2 2 0
2 1 1
3 1 1
4 1 0
0 0 1
board #391 15
3 2 0
3 4 1
2 4 1
4 3 1
1 4 0
1 5 1
5 2 1
0 0 1
board #392 9
3 4 0
3 2 1
4 2 0
5 1 0
2 5 1
3 5 1
1 5 0
2 4 1
1 4 1
4 4 1
5 3 0
5 4 1
0 0 1
board #393 14
3 2 1
4 2 1
2 2 0
2 3 1
5 2 1
1 3 0
1 4 0
1 5 1
2 4 0
2 5 1
3 4 0
3 5 0
2 1 1
3 1 0
0 0 1
board #394 16
3 4 0
3 2 1
4 2 0
5 1 0
3 5 0
0 0 1
board #395 7
3 4 1
2 4 1
4 3 0
4 4 0
3 5 1
4 5 0
3 2 0
3 1 1
4 1 0
0 0 1
board #396 11
3 4 1
2 4 0
1 5 1
2 5 0
3 2 0
4 1 0
0 0 1
board #397 8
3 2 1
4 2 0
4 1 1
5 1 0
3 4 1
2 4 0
1 5 1
2 5 0
0 0 0
board #398 10
3 2 1
4 2 0
4 1 0
3 4 1
2 4 1
4 4 1
1 4 1
5 3 0
5 4 0
4 3 1
5 2 1
0 0 1
board #399 13
3 2 1
4 2 1
2 3 1
5 1 0
5 2 1
1 3 1
0 0 0
board #400 8
3 2 0
3 4 0
2 5 0
3 1 0
0 0 0
board #401 6
3 2 1
4 2 1
2 2 1
5 1 1
1 2 1
0 0 0
board #402 7
3 4 1
2 4 0
1 5 1
2 5 0
3 2 0
3 1 1
4 1 1
5 1 1
2 2 1
1 2 0
1 3 1
0 0 1
board #403 13
3 2 1
4 2 0
4 1 1
5 1 0
3 4 1
2 4 0
2 5 0
0 0 0
board #404 9
3 2 0
3 4 0
3 5 0
3 1 0
0 0 1
board #405 6
3 2 1
4 2 1
2 2 1
5 1 1
1 2 0
1 3 1
0 0 1
board #406 8
3 2 0
3 4 0
2 5 1
3 5 0
3 1 1
4 1 0
0 0 1
board #407 8
3 2 0
3 4 1
2 4 0
1 5 0
3 1 1
4 1 0
0 0 1
board #408 8
3 4 1
2 4 0
1 5 1
2 5 1
4 4 0
4 3 0
3 5 0
3 2 0
3 1 1
4 1 0
0 0 0
board #409 12
3 4 1
2 4 1
4 3 1
1 4 0
1 5 0
2 3 0
2 2 1
3 2 0
3 1 0
0 0 1
board #410 11
3 4 1
2 4 1
4 3 0
4 4 0
3 5 0
3 2 1
5 1 1
4 1 0
4 2 1
2 3 1
1 5 1
0 0 1
board #411 13
3 4 1
2 4 1
4 4 1
1 4 1
5 3 0
5 4 0
4 3 1
5 2 1
0 0 1
board #412 10
3 4 0
3 2 1
4 2 1
2 3 1
5 1 0
5 2 0
4 3 1
5 3 1
1 4 1
0 0 1
board #413 11
3 4 1
2 4 1
4 3 0
4 4 0
3 5 0
3 2 0
3 1 1
4 1 0
0 0 0
board #414 10
3 4 1
2 4 0
1 5 1
2 5 0
3 2 0
3 1 0
0 0 0
board #415 8
3 4 0
3 2 1
4 2 1
2 3 1
5 1 0
5 2 1
1 3 0
1 4 1
0 0 1
board #416 10
3 4 1
2 4 1
4 3 0
4 4 0
4 5 0
3 2 0
3 1 0
0 0 1
board #417 9
3 4 0
3 2 1
4 2 0
4 1 1
5 1 0
2 5 0
0 0 1
board #418 8
3 2 0
3 4 0
4 1 0
2 5 0
0 0 0
board #419 6
3 4 0
3 2 0
2 5 1
3 5 0
4 1 0
0 0 0
board #420 7
3 4 0
3 2 1
4 2 0
4 1 1
5 1 0
2 5 1
3 5 0
0 0 0
board #421 9
3 4 0
3 2 1
4 2 1
2 3 1
5 1 0
5 2 0
4 3 0
3 5 0
0 0 0
board #422 10
3 2 1
4 2 1
2 3 0
2 2 0
2 1 1
3 1 0
1 5 0
1 4 1
2 4 1
3 4 1
4 3 0
4 4 0
3 5 0
0 0 0
board #423 15
3 4 1
2 4 1
4 3 1
1 4 0
1 5 1
5 2 0
5 3 0
5 1 0
5 4 1
4 4 0
3 5 1
4 5 1
0 0 1
board #424 14
3 2 0
3 4 0
2 5 1
3 5 0
3 1 0
0 0 1
board #425 7
3 4 1
2 4 0
2 5 0
3 2 1
4 2 1
2 2 1
5 1 0
5 2 1
1 2 1
0 0 1
board #426 11
3 4 1
2 4 0
1 5 0
3 2 0
3 1 0
0 0 0
board #427 7
3 2 0
3 4 1
2 4 1
4 3 1
1 4 0
1 5 1
5 2 1
0 0 0
board #428 9
3 2 0
3 4 1
2 4 1
4 3 1
1 5 1
5 2 0
5 3 0
5 1 1
4 2 1
0 0 0
board #429 11
2 4 0
3 2 1
4 2 0
4 1 1
5 1 0
1 5 0
0 0 1
board #430 8
3 4 1
2 4 1
4 3 1
1 4 0
1 5 1
5 2 0
5 3 0
5 1 1
4 2 1
0 0 1
board #431 11
3 4 1
2 4 0
1 5 1
2 5 1
4 3 0
4 4 0
3 5 1
4 5 1
5 5 1
0 0 1
board #432 11
3 2 0
3 4 1
2 4 1
4 3 1
1 4 0
1 5 0
2 3 1
1 3 1
5 2 1
0 0 0
board #433 11
3 2 0
3 4 1
2 4 1
4 4 1
1 4 0
1 5 1
5 3 0
5 4 1
0 0 0
board #434 10
3 2 1
4 2 0
4 1 1
5 1 0
3 4 0
2 5 1
3 5 1
1 5 0
2 4 1
1 4 1
4 4 1
5 3 0
5 4 1
0 0 0
board #435 15
3 4 1
2 4 0
1 5 0
3 2 0
3 1 1
4 1 0
0 0 1
board #436 8
3 2 1
4 2 0
4 1 0
3 4 0
2 5 1
3 5 0
0 0 0
board #437 8
3 4 1
2 4 1
4 3 1
1 4 0
1 5 1
5 2 0
5 3 1
0 0 0
board #438 9
3 4 1
2 4 1
4 3 0
4 4 1
5 3 0
5 4 1
1 5 1
0 0 1
board #439 9
3 2 0
3 4 1
2 4 0
1 5 1
2 5 0
3 1 1
4 1 1
5 1 0
4 2 0
0 0 0
board #440 11
3 2 1
4 2 1
2 3 0
2 2 1
5 1 1
1 2 1
0 0 0
board #441 8
3 2 0
3 4 0
3 1 1
4 1 1
5 1 0
4 2 1
5 2 1
2 2 1
1 2 1
0 0 1
board #442 11
3 2 1
4 2 1
2 3 0
2 2 1
1 3 1
5 1 0
5 2 1
0 0 1
board #443 9
3 4 1
2 4 1
4 3 0
4 4 1
5 3 1
1 4 0
1 5 1
0 0 1
board #444 9
3 2 0
3 4 1
2 4 1
4 3 0
4 4 0
3 5 1
4 5 0
3 1 1
4 1 1
5 1 1
2 2 1
1 2 1
0 0 0
board #445 14
3 2 0
3 4 1
2 4 1
4 3 0
4 4 1
5 4 1
1 4 0
1 5 1
0 0 1
board #446 10
3 2 0
3 4 1
2 4 0
1 5 0
3 1 1
4 1 1
5 1 1
2 2 1
1 3 1
0 0 0
board #447 11
3 2 1
4 2 0
4 1 1
5 1 0
3 4 1
2 4 0
1 5 1
2 5 0
0 0 0
board #448 10
3 4 0
3 2 0
3 5 0
3 1 0
0 0 0
board #449 6
3 2 1
4 2 1
2 3 0
2 2 1
1 2 1
5 1 0
5 2 1
0 0 0
board #450 9
3 4 1
2 4 0
1 5 0
3 2 0
4 1 0
0 0 0
board #451 7
3 4 0
3 2 0
3 1 0
2 5 1
3 5 1
1 5 0
2 4 1
1 4 0
2 3 1
1 3 0
2 2 1
1 2 1
4 4 1
5 3 0
5 4 0
4 3 1
5 2 1
0 0 1
board #452 19
3 4 0
3 2 1
4 2 1
2 3 1
5 1 1
1 3 1
0 0 1
board #453 8
3 2 1
4 2 1
2 2 1
5 1 0
5 2 1
1 2 1
0 0 0
board #454 8
3 4 1
2 4 1
4 3 1
1 4 0
1 5 1
5 2 1
0 0 0
board #455 8
3 4 1
2 4 1
4 4 0
4 3 0
4 5 0
3 2 0
3 1 0
0 0 0
board #456 9
3 2 1
4 2 0
4 1 1
5 1 0
3 4 0
2 5 0
0 0 0
board #457 8
3 4 0
3 2 1
4 2 0
5 1 0
2 5 1
3 5 0
0 0 0
board #458 8
3 2 0
3 4 0
3 5 0
3 1 1
4 1 0
0 0 1
board #459 7
3 4 1
2 4 1
4 3 0
4 4 1
5 3 0
5 4 1
1 4 0
1 5 0
2 3 0
2 2 1
3 2 1
4 2 1
5 2 1
1 2 0
1 3 0
1 1 1
2 1 1
0 0 0
board #460 19
3 2 1
4 2 0
4 1 1
5 1 0
3 4 0
3 5 0
0 0 1
board #461 8
3 2 0
3 4 1
2 4 1
4 3 1
1 4 1
5 2 1
0 0 0
board #462 8
3 4 1
2 4 0
2 5 0
3 2 1
4 2 0
4 1 0
0 0 0
board #463 8
3 4 1
2 4 0
1 5 1
2 5 0
3 2 0
4 1 0
0 0 0
board #464 8
3 2 1
4 2 1
2 3 0
2 2 0
3 1 0
3 4 1
1 5 0
1 4 0
0 0 0
board #465 10
3 2 0
3 4 1
2 4 1
4 3 0
4 4 1
5 4 1
1 5 1
0 0 1
board #466 9
3 4 1
2 4 0
2 5 0
3 2 0
4 1 0
0 0 0
board #467 7
3 4 0
3 2 0
3 5 0
3 1 1
4 1 0
0 0 0
board #468 7
3 4 0
3 2 1
4 2 1
2 3 0
2 2 0
2 1 1
3 1 1
1 1 0
1 2 1
5 1 0
5 2 1
0 0 1
board #469 13
3 4 1
2 4 1
4 3 0
4 4 0
3 5 1
4 5 1
5 4 0
5 5 0
3 2 0
3 1 1
4 1 0
0 0 1
board #470 13
3 4 0
3 2 1
4 2 1
2 3 1
5 2 1
1 4 1
0 0 0
board #471 8
3 2 1
4 2 1
2 3 0
2 2 1
5 1 0
5 2 1
1 3 1
0 0 1
board #472 9
3 2 0
3 4 0
2 5 0
3 1 1
4 1 1
5 1 0
4 2 1
5 2 1
2 2 1
1 2 0
1 3 0
2 3 1
1 4 0
2 4 0
1 1 0
0 0 1
board #473 17
3 4 1
2 4 0
1 5 1
2 5 1
4 4 0
4 3 0
3 5 1
4 5 0
5 1 0
5 2 0
0 0 0
board #474 12
3 4 1
2 4 0
1 5 1
2 5 0
3 2 1
4 2 1
2 3 1
5 1 0
5 2 0
4 3 0
0 0 0
board #475 12
3 2 0
3 4 0
2 5 0
3 1 1
4 1 1
5 1 0
4 2 1
5 2 0
4 3 1
5 3 0
4 4 1
5 4 1
2 2 1
1 3 1
0 0 1
board #476 16
3 4 1
2 4 1
4 4 0
4 3 0
3 5 1
4 5 1
5 5 1
1 5 1
0 0 1
board #477 10
3 4 0
3 2 1
4 2 1
2 3 1
5 1 1
1 3 0
1 4 0
1 5 1
2 4 1
0 0 0
board #478 11
3 4 0
3 2 0
2 5 1
3 5 1
1 5 1
4 4 1
5 4 1
0 0 1
board #479 9
3 2 0
3 4 1
2 4 1
4 4 1
1 4 0
1 5 0
2 3 1
1 3 0
2 2 1
1 2 0
1 1 1
2 1 1
5 3 1
0 0 1
board #480 15
3 2 1
4 2 0
4 1 1
5 1 0
3 4 1
2 4 0
1 5 1
2 5 0
0 0 0
board #481 10
3 4 0
3 2 1
4 2 1
2 3 0
2 2 1
1 2 0
1 3 0
1 1 1
2 1 1
5 1 0
5 2 0
4 3 1
5 3 0
4 4 0
2 5 1
3 5 1
4 5 1
1 5 1
5 5 1
0 0 0
board #482 21
3 4 0
3 2 1
4 2 0
4 1 0
2 5 0
0 0 0
board #483 7
3 4 1
2 4 0
1 5 1
2 5 0
3 2 1
4 2 1
2 2 0
2 3 1
1 3 0
1 4 0
3 1 0
0 0 0
board #484 13
3 2 1
4 2 1
2 3 1
5 1 1
1 3 1
0 0 1
board #485 7
3 2 0
3 4 1
2 4 0
1 5 1
2 5 1
4 3 0
4 4 0
3 5 1
4 5 0
3 1 1
4 1 0
0 0 0
board #486 13
3 2 1
4 2 1
2 3 0
2 2 0
2 1 0
3 4 0
3 5 0
0 0 1
board #487 9
3 4 0
3 2 0
3 1 1
4 1 1
5 1 1
2 2 1
1 2 1
0 0 0
board #488 9
3 2 0
3 4 1
2 4 1
4 3 0
4 4 1
5 3 0
5 4 0
5 5 0
3 1 1
4 1 1
5 1 1
2 2 0
2 1 0
0 0 0
board #489 15
3 2 1
4 2 1
2 3 1
5 1 0
5 2 0
4 3 0
4 4 0
3 5 0
0 0 0
board #490 10
3 2 0
3 4 1
2 4 1
4 3 0
4 4 0
3 5 1
4 5 0
3 1 0
0 0 1
board #491 10
3 2 0
3 4 1
2 4 0
1 5 1
2 5 1
4 3 0
4 4 1
5 3 0
5 4 1
0 0 1
board #492 11
3 4 1
2 4 1
4 3 0
4 4 0
3 5 1
4 5 0
3 2 1
4 2 1
5 1 0
5 2 1
2 3 0
2 2 1
1 3 1
0 0 1
board #493 15
3 2 1
4 2 1
2 3 0
2 2 0
3 1 0
3 4 1
1 5 0
1 4 1
2 4 0
0 0 1
board #494 11
3 2 0
3 4 0
2 5 0
3 1 1
4 1 1
5 1 1
2 2 1
1 2 1
0 0 0
board #495 10
3 2 1
4 2 0
4 1 0
3 4 1
2 4 0
1 5 1
2 5 0
0 0 0
board #496 9
3 4 1
2 4 0
1 5 1
2 5 1
4 3 1
5 2 0
5 3 0
5 1 0
5 4 1
4 4 0
3 5 0
0 0 0
board #497 13
3 4 0
3 2 0
3 1 0
3 5 0
0 0 1
board #498 6
3 2 0
3 4 0
3 1 0
2 5 0
0 0 1
board #499 6
3 2 1
4 2 0
4 1 1
5 1 0
3 4 0
2 5 0
0 0 1
board #500 8
3 2 0
3 4 1
2 4 1
4 3 0
4 4 1
5 4 1
1 5 1
0 0 0
board #501 9
3 2 1
4 2 1
2 3 0
2 2 1
5 1 1
1 2 1
0 0 1
board #502 8
3 4 1
2 4 1
4 3 1
1 4 0
1 5 1
5 2 0
5 3 1
0 0 0
board #503 9
3 4 0
3 2 0
3 1 0
2 5 0
0 0 1
board #504 6
3 2 0
3 4 0
3 1 0
2 5 0
0 0 0
board #505 6
3 4 0
3 2 0
4 1 0
2 5 1
3 5 0
0 0 1
board #506 7
3 4 0
3 2 1
4 2 1
2 3 0
2 2 0
2 1 1
3 1 1
1 1 0
1 2 0
2 5 0
0 0 0
board #507 12
3 2 1
4 2 1
2 3 0
2 2 1
1 2 0
1 3 0
2 1 0
3 4 1
2 4 0
1 5 0
0 0 0
board #508 12
3 2 1
4 2 0
5 1 0
3 4 1
2 4 1
4 4 0
4 3 1
5 2 0
5 3 1
1 5 1
0 0 1
board #509 12
3 4 0
3 2 0
3 5 0
4 1 0
0 0 1
board #510 6
3 2 0
3 4 1
2 4 1
4 3 0
4 4 1
5 4 1
1 4 1
0 0 0
board #511 9
3 4 1
2 4 0
1 5 1
2 5 1
4 3 0
4 4 0
3 5 1
4 5 0
3 2 0
4 1 0
0 0 1
board #512 12
3 4 1
2 4 0
1 5 1
