8 7 1
9 7 0
9 6 1
10 6 1
11 6 0
11 5 0
10 7 0
11 4 0
11 3 1
12 3 0
12 2 0
7 9 1
8 9 0
7 10 1
8 10 0
7 11 0
7 12 0
7 13 1
6 13 0
6 14 1
5 14 0
4 15 1
5 15 1
4 14 1
8 12 1
3 14 0
4 13 1
3 13 0
4 12 0
5 12 1
5 11 1
4 11 1
9 11 0
9 12 0
9 13 0
8 11 1
9 10 0
8 14 1
9 14 0
9 15 0
12 1 1
13 1 0
0 0 1
board #1 44
8 9 1
7 9 0
7 10 0
8 7 0
7 11 1
6 11 1
8 10 1
5 11 1
4 11 0
4 12 0
5 10 1
4 10 1
3 11 0
3 10 0
4 9 0
4 13 0
5 8 1
5 9 1
4 8 0
5 7 1
4 7 0
5 6 1
4 6 1
3 7 1
2 8 1
9 8 1
11 7 1
10 7 0
10 8 0
10 9 0
10 10 1
9 10 0
8 11 0
7 12 0
10 6 0
10 5 0
10 4 0
10 3 1
11 3 0
11 2 0
6 13 1
7 13 1
6 12 1
8 12 0
8 13 0
7 14 0
6 15 1
7 15 1
6 14 0
5 15 1
5 14 0
4 15 0
11 1 1
12 1 0
0 0 1
board #2 56
7 10 1
6 10 0
6 11 1
5 11 0
5 12 1
4 12 0
4 13 0
7 9 0
4 14 1
3 14 1
5 13 1
2 14 0
3 13 1
2 13 1
8 10 1
9 9 0
9 10 0
9 8 1
8 9 1
10 8 0
10 7 1
11 7 1
1 14 1
12 7 1
13 7 1
14 6 0
14 7 1
15 6 0
15 7 0
14 8 0
14 5 0
14 4 1
13 5 1
15 3 0
15 4 1
12 6 0
13 6 1
0 0 0
board #3 39
8 7 1
9 7 0
9 6 0
9 5 1
10 5 0
10 4 1
11 4 0
11 3 1
12 3 1
13 3 0
12 4 1
13 4 1
8 6 1
7 8 0
7 7 1
6 8 0
6 7 1
5 8 1
14 4 0
14 3 0
13 5 1
14 5 0
13 6 0
13 2 1
14 2 1
15 2 1
4 9 0
4 8 0
5 9 0
4 7 0
5 6 1
4 6 0
5 5 0
6 4 1
5 4 0
6 3 1
5 3 1
4 4 0
4 3 1
3 4 1
6 5 1
2 5 1
5 7 1
1 5 0
1 6 0
2 6 1
1 7 0
2 7 1
1 8 1
0 0 0
board #4 51
8 9 0
8 7 0
8 6 1
9 6 0
9 5 0
8 10 1
7 10 0
7 11 0
9 4 0
7 12 1
6 12 0
6 13 0
10 3 0
6 14 1
5 14 1
7 13 0
7 14 1
8 13 1
4 14 0
5 13 1
4 13 1
9 12 1
3 13 1
2 13 0
2 14 1
1 14 0
1 15 0
3 12 0
4 12 0
5 12 1
5 11 1
4 11 0
5 10 1
4 10 1
3 10 0
3 11 0
4 9 0
5 8 1
5 9 0
6 9 1
6 8 1
4 8 0
5 7 1
4 7 1
3 8 1
10 11 0
10 12 0
9 11 1
10 10 1
11 10 1
2 9 1
12 10 0
12 9 1
13 9 0
13 8 1
14 8 0
14 7 1
15 6 0
15 7 0
14 6 0
11 11 1
12 11 1
13 11 1
14 11 1
1 9 0
1 10 0
2 10 1
1 11 1
15 10 1
0 0 1
board #5 71
7 10 0
7 11 0
8 7 1
9 7 0
9 6 0
8 9 0
9 5 0
9 4 0
6 12 0
6 13 1
5 13 1
7 13 0
7 12 0
7 14 0
9 3 0
9 2 1
10 2 1
8 3 0
8 2 1
7 3 0
7 2 0
7 1 1
8 1 1
6 2 0
6 1 1
5 2 1
11 2 0
10 3 1
11 3 0
10 4 1
11 4 1
12 4 0
12 3 1
13 3 0
11 5 1
12 5 0
11 6 1
12 6 1
4 3 0
4 2 1
3 3 1
2 4 1
13 5 0
13 6 1
14 5 0
14 6 0
13 7 1
14 7 1
15 6 0
15 7 0
14 8 1
15 8 1
1 5 1
0 0 0
board #6 55
8 9 1
7 9 1
9 9 0
9 8 1
10 8 1
6 9 1
5 9 0
5 10 1
4 10 1
11 8 1
12 8 0
12 7 1
13 7 0
13 6 1
14 6 0
14 5 0
13 5 1
14 4 1
15 3 1
3 10 1
2 11 1
1 11 0
1 12 0
2 12 0
2 10 0
3 9 1
2 9 1
1 9 0
1 10 1
0 0 1
board #7 31
8 9 1
7 9 0
7 10 0
7 11 1
6 11 1
8 10 0
8 11 0
7 12 0
8 7 1
9 7 0
9 6 1
10 6 0
10 5 1
11 5 0
11 4 1
12 4 1
13 4 1
7 7 1
6 8 1
14 4 1
5 9 0
5 8 1
4 9 0
4 8 1
3 9 0
3 8 1
2 9 1
15 4 1
1 9 0
1 10 0
2 10 0
2 8 0
3 7 0
6 9 0
4 6 0
5 5 0
6 4 0
7 3 0
7 2 0
7 13 0
8 1 0
7 14 1
6 14 0
5 15 1
6 15 1
5 14 0
4 15 1
4 14 0
3 15 1
2 15 0
3 14 1
2 14 0
3 13 1
2 13 0
3 12 1
2 12 1
8 13 1
1 12 0
1 13 0
1 11 1
2 11 0
0 0 1
board #8 63
8 7 0
8 9 1
7 9 1
9 8 0
9 9 0
8 10 1
9 10 1
10 9 0
10 10 1
11 9 1
6 9 0
6 10 1
5 10 1
4 10 1
12 8 0
12 9 0
11 8 0
12 10 0
11 11 1
12 11 1
13 10 0
13 11 0
12 12 0
11 13 1
12 13 1
11 12 1
13 13 0
13 12 0
12 14 1
13 14 0
12 15 1
13 15 0
8 6 0
8 5 1
9 5 0
9 4 0
9 3 1
10 3 1
8 4 0
8 3 0
9 2 1
8 2 1
7 3 0
7 2 1
6 3 0
6 2 0
