5 7 0
5 6 1
6 6 1
4 6 1
7 6 1
3 6 1
8 6 1
2 6 1
9 6 1
1 6 0
1 7 0
2 5 1
1 5 0
2 4 1
1 4 0
2 3 0
1 8 0
1 9 0
1 10 1
2 9 1
3 8 1
3 7 0
4 7 1
10 6 1
0 0 0
board #1 26
5 6 1
4 6 0
4 7 1
3 7 0
3 8 0
3 9 1
2 9 0
1 10 0
5 4 0
5 3 1
6 3 0
6 2 1
7 2 0
7 1 0
0 0 0
board #2 16
5 6 1
4 6 1
6 6 0
6 5 1
7 5 1
3 6 0
3 7 0
4 5 1
3 5 1
2 6 0
2 5 0
3 4 1
2 4 1
1 4 1
8 5 1
9 5 1
10 4 0
10 5 1
0 0 0
board #3 20
5 6 1
4 6 1
6 6 0
6 5 1
7 5 0
7 4 1
8 4 0
8 3 0
8 2 0
5 7 0
5 8 0
8 1 1
9 1 0
4 9 1
5 9 0
5 10 0
0 0 1
board #4 18
5 6 1
4 6 0
4 7 1
3 7 1
6 6 0
6 5 1
7 5 0
7 4 0
7 3 1
6 4 1
8 3 0
8 2 0
5 7 1
6 7 1
7 6 1
8 5 0
8 6 0
7 7 1
8 7 0
7 8 0
9 1 0
6 9 0
5 10 0
0 0 1
board #5 25
5 6 0
5 7 0
5 4 0
5 8 1
4 8 1
6 7 0
6 8 1
7 7 0
7 8 0
6 9 0
5 3 1
6 3 1
4 4 1
7 3 1
8 3 0
7 4 1
8 4 1
9 4 0
9 3 0
8 5 1
9 5 0
8 6 1
9 6 1
3 5 0
3 4 0
4 5 0
3 3 1
4 3 1
2 4 0
2 3 1
1 4 1
10 6 1
0 0 0
board #6 34
5 6 0
5 7 0
5 8 1
4 8 1
6 7 1
3 8 0
3 9 0
4 7 0
5 4 1
6 4 0
6 3 0
2 10 1
3 10 0
6 2 1
7 2 1
5 3 1
8 2 1
9 2 1
4 5 0
4 4 1
3 5 0
3 4 1
2 5 1
10 1 1
1 5 1
0 0 1
board #7 27
5 6 0
5 4 1
6 4 0
6 3 0
5 7 1
4 7 0
4 8 0
4 9 1
3 9 0
2 10 0
6 2 1
7 2 1
5 3 1
8 2 1
9 2 0
8 3 0
9 1 1
10 1 1
4 5 0
4 4 0
4 3 1
3 4 0
3 3 0
4 2 0
4 1 1
5 1 1
3 2 0
3 1 0
0 0 1
board #8 30
5 6 1
4 6 0
4 7 1
3 7 0
3 8 0
3 9 1
2 9 1
4 8 0
4 9 1
5 8 1
1 9 0
1 10 0
2 8 0
5 4 1
6 4 1
4 4 1
7 4 0
6 5 0
7 3 1
8 3 0
8 2 0
8 1 0
0 0 0
board #9 24
5 6 1
4 6 1
6 6 0
6 5 1
7 5 0
7 4 0
5 7 1
6 7 0
7 3 1
6 4 1
8 3 1
9 3 1
3 6 0
3 7 1
2 7 0
2 8 0
2 9 1
3 8 0
3 9 0
3 5 1
4 5 0
4 4 0
5 3 1
4 3 0
5 2 1
4 2 0
4 1 0
3 10 0
0 0 0
board #10 30
5 6 0
5 4 1
6 4 0
6 3 1
7 3 1
8 3 0
7 4 1
8 4 1
4 5 0
4 4 0
4 3 1
5 3 1
3 4 1
9 4 0
9 3 0
8 5 1
9 5 0
8 6 0
8 2 0
7 7 1
8 7 0
7 8 0
8 1 1
9 1 0
6 9 0
5 10 1
6 10 0
0 0 0
board #11 29
4 7 0
4 8 0
4 6 1
5 6 1
3 7 1
6 6 0
6 5 0
5 7 1
6 7 1
7 6 1
2 7 1
8 5 1
9 5 1
1 7 1
10 4 1
0 0 0
board #12 17
5 6 1
4 6 1
6 6 1
7 6 0
7 5 0
6 7 1
7 7 0
6 8 1
7 8 1
8 7 1
3 6 1
9 6 0
9 7 0
8 6 1
9 5 1
10 4 0
10 5 1
2 6 0
2 7 1
1 7 1
0 0 0
board #13 22
5 6 1
4 6 1
6 6 1
3 6 1
7 5 1
8 5 1
2 6 1
9 5 0
9 4 1
10 3 1
1 6 1
0 0 0
board #14 13
5 6 1
4 6 0
4 7 1
3 7 0
3 8 0
3 9 1
2 9 0
1 10 1
2 10 1
4 8 1
6 6 1
7 5 1
8 5 0
8 4 0
8 6 1
7 6 1
9 5 0
9 6 1
10 5 0
10 6 1
0 0 1
board #15 22
5 6 1
4 6 1
6 5 1
7 5 0
7 4 1
8 4 0
8 3 1
9 3 1
3 6 0
3 7 1
2 7 1
10 2 0
10 3 1
1 8 1
0 0 1
board #16 16
5 6 1
4 6 1
6 6 0
6 5 1
7 5 1
3 6 1
8 5 0
8 4 1
9 4 1
2 6 1
10 3 1
1 6 0
1 7 0
1 8 1
2 7 1
0 0 0
board #17 17
4 7 0
4 8 1
3 8 0
3 9 0
5 6 0
5 4 0
5 3 1
6 3 0
6 2 1
7 2 0
7 1 1
8 1 1
9 1 1
10 1 0
9 2 0
8 2 1
8 3 0
7 3 0
2 10 0
0 0 0
board #18 21
5 6 0
5 7 0
5 4 1
6 4 0
6 3 0
5 8 1
4 8 1
6 7 0
6 8 0
5 9 0
6 2 0
4 10 0
6 1 0
0 0 0
board #19 15
5 6 1
4 6 0
4 7 0
4 8 1
3 8 0
3 9 1
2 9 1
5 7 1
1 9 0
1 10 1
6 5 0
6 6 1
7 5 0
7 6 1
8 5 1
9 5 0
9 4 1
10 3 0
10 4 1
0 0 0
board #20 21
5 6 0
5 7 1
4 7 1
6 6 0
6 7 0
5 8 1
6 8 1
7 7 0
7 8 0
6 9 0
5 4 0
5 3 0
5 2 0
5 10 1
6 10 0
6 1 0
0 0 0
board #21 18
4 7 1
5 7 1
3 7 1
6 7 1
7 7 0
7 6 0
6 8 0
7 5 1
6 6 0
6 5 0
6 9 1
5 9 1
5 8 1
7 8 1
8 7 1
2 7 1
9 6 1
1 7 0
1 8 1
10 5 0
10 6 0
9 5 1
10 4 1
0 0 0
board #22 25
4 8 0
5 6 0
5 7 0
5 4 0
6 3 0
3 9 0
7 2 0
3 10 0
7 1 1
8 1 1
9 1 0
8 2 0
0 0 1
board #23 14
5 6 0
5 4 0
5 7 1
4 7 1
6 6 1
3 7 1
7 6 1
2 7 1
8 6 0
8 5 0
7 7 0
8 4 1
7 5 1
9 4 0
9 3 1
10 3 1
1 7 0
1 8 1
0 0 0
board #24 20
5 6 1
4 6 1
6 6 1
7 6 0
7 5 0
6 7 1
7 7 1
8 6 1
3 6 0
3 7 1
2 7 1
9 5 0
9 6 1
10 5 0
10 6 1
1 7 0
1 8 0
2 6 0
1 9 0
1 10 1
2 9 0
2 10 1
3 9 1
3 8 1
0 0 1
board #25 26
5 6 1
4 6 1
6 6 1
7 6 1
3 6 0
3 7 0
4 5 1
3 5 1
2 6 0
2 5 0
3 4 1
2 4 0
3 3 1
2 3 1
1 3 0
1 4 0
2 2 0
3 8 0
3 9 1
2 9 0
1 10 1
2 10 0
3 1 0
0 0 0
board #26 25
5 6 0
5 7 1
4 7 1
6 6 1
3 7 1
7 6 0
7 5 1
8 5 0
8 4 1
9 4 0
9 3 1
10 2 1
2 7 0
2 8 0
3 6 1
2 6 1
1 7 1
0 0 0
board #27 19
5 6 0
5 7 1
4 7 0
4 8 0
5 4 1
6 4 1
4 5 1
7 4 1
8 4 1
3 6 1
9 4 0
9 3 0
8 5 1
9 5 1
10 5 1
2 7 1
1 7 0
1 8 0
1 6 0
2 8 1
1 9 1
0 0 0
board #28 23
4 7 1
5 7 0
5 6 1
6 6 1
3 7 0
3 8 0
4 6 1
3 6 1
2 7 1
7 6 0
7 5 1
8 5 1
9 5 0
9 4 1
10 4 1
1 7 1
0 0 0
board #29 18
5 6 0
5 7 0
5 8 0
5 4 1
6 4 1
4 5 0
4 4 0
5 3 1
4 3 0
5 2 1
4 2 1
3 3 1
7 4 0
6 5 0
7 3 1
8 3 1
9 3 1
2 4 0
2 3 0
3 4 1
2 5 1
1 5 0
1 6 1
10 3 1
0 0 0
board #30 26
5 6 1
4 6 0
4 7 0
4 8 0
5 4 1
6 4 0
6 3 0
4 9 1
3 9 1
5 8 0
5 9 0
4 10 0
6 2 1
7 2 0
7 1 0
0 0 1
board #31 17
5 6 1
4 6 0
4 7 0
4 8 1
3 8 1
5 7 0
5 8 1
6 7 0
6 8 1
7 7 0
7 8 0
6 9 0
5 4 1
6 4 1
4 5 1
7 4 0
7 3 0
6 5 0
7 2 1
8 2 1
6 3 1
9 2 0
8 3 0
9 1 1
10 1 1
3 6 1
2 6 1
1 7 1
0 0 0
board #32 30
4 7 0
4 8 1
3 8 1
5 7 1
2 8 0
2 9 0
3 7 1
2 7 0
3 6 0
1 10 1
2 10 0
4 5 0
5 3 1
6 3 0
6 2 0
5 4 0
7 1 0
0 0 0
board #33 19
5 6 0
5 7 1
4 7 1
6 6 0
6 7 1
7 6 1
3 7 1
2 7 0
2 8 1
1 8 1
8 5 0
8 6 1
9 5 1
10 4 0
10 5 1
0 0 1
board #34 17
5 6 0
5 7 0
5 4 0
5 8 1
4 8 0
4 9 1
3 9 1
2 9 0
3 8 0
1 10 0
5 3 0
5 2 0
6 1 0
0 0 1
board #35 15
5 6 0
5 7 0
5 4 1
6 4 1
4 5 0
4 4 1
3 5 0
3 4 0
4 3 0
5 8 0
5 2 1
4 2 0
5 9 1
4 9 0
3 10 1
4 10 0
4 1 0
0 0 1
board #36 19
5 6 1
4 6 0
4 7 0
4 8 1
3 8 0
3 9 0
5 4 1
6 4 1
4 4 1
7 4 0
6 5 0
7 3 1
8 3 0
8 2 1
9 2 1
10 1 0
10 2 0
9 3 1
10 3 0
9 4 1
10 4 0
9 5 0
8 5 1
8 6 1
9 6 0
8 7 1
9 7 1
10 7 1
3 4 1
2 4 1
1 4 0
1 5 0
2 3 1
1 3 0
2 2 0
2 5 0
3 5 1
2 6 1
1 6 0
1 7 1
0 0 1
board #37 42
5 6 0
5 7 0
5 8 1
4 8 0
4 9 0
5 4 1
6 4 1
4 5 0
4 4 1
3 5 1
7 4 1
8 4 1
9 4 0
9 3 1
10 2 0
10 3 0
10 1 1
9 2 0
9 1 0
8 5 1
9 5 1
10 4 1
2 6 1
1 6 1
0 0 0
board #38 26
5 6 1
4 6 0
4 7 0
4 8 1
3 8 0
3 9 0
5 4 1
6 4 1
4 4 1
7 4 1
3 5 0
3 4 1
2 5 1
8 4 1
9 4 1
1 6 1
10 3 0
10 4 1
0 0 0
board #39 20
5 6 1
4 6 0
4 7 0
4 8 1
3 8 1
5 7 1
2 8 0
2 9 1
1 10 1
6 5 1
7 5 0
7 4 1
8 4 1
9 3 1
10 3 1
0 0 0
board #40 17
5 6 1
4 6 1
6 5 1
7 5 1
3 6 0
3 7 0
4 5 0
3 8 1
4 7 0
4 8 0
4 9 0
6 4 1
4 4 0
5 3 1
4 3 0
5 2 1
4 2 0
4 1 1
5 1 1
3 2 0
3 1 1
2 2 0
2 1 1
1 1 0
1 2 1
6 3 0
5 4 1
8 5 1
9 5 0
9 4 0
8 6 0
9 3 1
8 4 0
8 3 1
7 3 0
7 4 0
8 2 0
7 7 0
6 8 1
6 7 0
5 7 0
8 1 1
9 1 0
3 10 1
4 10 1
5 9 0
5 10 1
6 10 1
2 10 1
1 10 1
7 9 0
7 10 1
8 9 0
8 10 0
7 8 0
0 0 0
board #41 57
5 6 0
5 7 1
4 7 1
6 6 0
6 7 1
7 6 1
3 7 0
3 8 1
2 8 0
2 9 0
4 6 1
3 6 1
2 6 1
8 6 0
8 5 0
7 5 1
8 4 1
9 4 1
1 7 1
10 3 1
0 0 0
board #42 22
5 4 1
6 4 1
7 4 0
7 3 0
6 5 1
7 5 1
8 4 0
8 5 0
7 6 1
8 6 0
7 7 0
6 8 1
7 8 1
6 7 0
5 8 1
5 7 1
8 8 1
9 8 1
10 7 0
10 8 1
5 6 1
4 4 0
3 6 0
3 7 0
3 8 0
3 5 1
4 5 0
5 3 1
4 3 1
3 4 0
3 3 1
2 4 0
2 3 1
1 3 0
1 4 1
0 0 0
board #43 37
5 6 0
5 7 0
5 4 0
5 8 1
4 8 0
4 9 0
5 3 0
5 2 0
3 10 0
6 1 0
0 0 1
board #44 12
5 6 1
4 6 1
6 5 1
7 4 1
8 4 0
8 3 0
8 5 0
8 2 1
7 3 0
8 6 0
7 2 1
9 2 0
9 1 1
10 1 0
7 7 1
8 7 1
9 6 0
9 7 1
6 7 0
7 6 1
6 6 1
10 6 0
10 7 0
9 8 0
8 9 0
7 10 1
8 10 1
7 9 1
9 9 1
10 8 1
8 8 1
3 6 0
3 7 0
4 5 0
3 8 0
6 4 0
3 9 0
3 10 0
0 0 0
board #45 40
5 6 1
4 6 1
6 6 0
6 5 1
7 5 0
7 4 1
8 4 0
8 3 1
9 3 0
9 2 0
9 1 0
5 7 0
5 8 1
4 8 0
4 9 0
4 10 0
0 0 1
board #46 18
5 6 1
4 6 0
4 7 0
4 8 0
5 4 0
4 9 1
