9 10 1
8 10 0
8 11 1
7 11 0
7 12 1
6 12 1
10 9 1
5 12 0
5 13 0
6 11 0
5 14 1
6 13 0
6 14 1
7 13 1
4 14 0
4 15 1
3 15 1
2 15 1
1 15 0
1 16 1
11 9 1
12 9 0
12 8 0
12 10 0
12 7 0
12 11 1
11 11 0
11 12 0
12 6 1
11 7 0
11 6 0
11 13 0
11 14 1
10 14 1
12 13 1
9 14 0
10 13 1
9 13 1
8 13 1
13 12 1
14 12 1
15 11 1
16 10 0
16 11 1
17 11 1
18 10 1
0 0 1
board #1 48
9 8 1
10 8 0
10 7 1
11 7 0
11 6 1
12 6 1
8 9 1
13 6 0
12 7 1
13 7 1
14 7 0
14 6 1
15 6 0
15 5 1
16 5 1
7 9 1
17 5 1
6 10 0
6 9 0
7 8 0
6 11 1
7 10 0
8 10 1
7 11 0
8 11 0
8 7 1
7 7 1
6 8 0
6 7 1
5 8 0
5 7 0
6 6 1
5 6 0
6 5 0
7 4 1
6 4 0
7 3 0
8 12 0
8 13 0
8 14 0
8 15 0
8 2 1
7 2 0
7 1 0
8 16 1
7 16 0
7 17 0
6 18 1
7 18 0
0 0 1
board #2 51
10 8 0
9 10 0
8 11 0
8 12 1
7 12 1
9 12 0
9 11 1
10 11 0
10 10 1
11 10 1
6 12 0
7 11 0
6 13 0
6 14 1
5 14 0
5 15 0
5 16 0
11 7 1
10 7 1
9 7 0
9 8 0
10 6 0
5 17 1
4 17 1
6 16 0
6 17 1
7 16 0
7 17 1
8 16 0
8 17 0
10 5 0
7 18 1
8 18 1
9 17 0
9 18 1
10 17 0
10 18 0
11 4 1
10 4 0
11 3 0
11 2 1
12 2 0
13 1 0
0 0 0
board #3 45
8 10 1
9 10 0
9 11 0
9 12 1
8 12 0
8 13 0
9 8 1
10 8 1
8 9 0
8 8 1
7 9 0
7 8 0
8 7 1
7 7 0
8 6 1
7 6 1
6 7 0
6 6 0
7 5 0
8 4 1
7 4 1
8 5 0
9 4 0
8 14 0
9 3 0
8 15 1
7 15 1
9 14 1
6 15 1
5 15 1
4 15 1
10 13 0
9 13 0
10 14 1
11 13 0
11 14 1
12 13 1
3 15 1
13 12 0
13 13 1
14 12 1
2 15 1
15 11 0
15 12 0
14 11 0
12 12 0
15 13 1
14 13 1
16 12 0
16 13 0
15 14 0
14 15 1
15 15 1
14 14 1
16 15 1
17 15 1
18 15 1
1 15 0
1 16 0
2 14 0
1 17 0
1 18 1
2 17 1
2 16 0
3 16 1
0 0 1
board #4 67
12 7 1
8 10 0
8 11 1
7 11 1
9 11 1
10 11 1
6 11 0
7 10 0
6 12 0
6 13 1
5 13 0
5 14 1
4 14 1
7 12 1
3 14 1
11 11 0
11 10 1
12 10 1
2 15 1
13 10 0
13 9 0
12 11 0
13 8 1
12 9 0
11 9 1
12 8 0
11 8 0
10 12 0
11 7 1
10 8 0
9 13 0
8 14 1
9 14 0
8 15 1
9 15 1
8 13 0
7 14 0
6 15 0
10 7 0
5 16 0
11 6 1
10 6 0
11 5 1
10 5 0
11 4 0
5 17 1
4 17 0
3 18 1
4 18 0
12 3 0
12 2 1
13 2 0
13 1 0
0 0 1
board #5 55
5 13 0
7 13 0
9 8 0
8 11 0
9 7 1
10 7 0
10 6 0
9 10 1
8 10 1
7 10 1
10 9 0
10 10 0
9 11 1
10 11 0
9 12 1
10 12 0
9 13 1
10 13 1
11 12 0
11 13 1
12 12 1
13 11 1
6 10 1
5 10 0
5 11 1
4 11 0
4 12 1
3 12 1
14 10 0
14 11 0
13 10 0
14 12 0
14 13 1
13 13 1
15 12 0
15 13 1
16 12 0
16 13 0
15 14 0
12 11 0
14 15 0
