3 4 1
2 4 0
2 5 1
1 6 1
4 4 0
4 3 1
5 3 0
5 2 1
6 1 0
6 2 1
0 0 0
board #1 12
3 4 1
2 4 1
4 4 1
5 4 0
5 3 0
4 5 1
5 5 0
5 2 1
4 3 0
4 6 0
3 2 0
3 1 1
4 1 0
0 0 0
board #2 15
3 4 0
3 5 1
2 5 1
4 4 0
4 5 1
5 4 0
5 5 0
4 6 1
5 6 0
3 2 0
3 1 0
0 0 1
board #3 13
3 4 0
3 5 0
3 2 1
4 2 0
4 1 0
3 6 0
0 0 1
board #4 8
3 4 1
2 4 1
4 3 1
5 3 1
1 5 1
6 2 0
6 3 0
6 1 1
5 2 0
5 1 1
4 2 1
0 0 1
board #5 13
2 5 0
3 4 0
3 2 0
1 6 1
2 6 0
4 1 0
0 0 0
board #6 8
3 4 0
3 5 1
2 5 1
4 4 0
4 5 1
5 4 1
1 5 0
1 6 0
2 4 1
1 4 0
2 3 0
2 2 1
3 2 1
4 2 1
5 2 1
1 2 0
1 3 0
1 1 1
2 1 0
0 0 0
board #7 21
3 4 0
3 5 1
2 5 0
1 6 1
2 6 1
4 4 1
5 3 1
6 2 0
6 3 0
6 1 0
6 4 1
5 4 0
5 5 1
4 5 1
0 0 1
board #8 16
3 4 1
2 4 1
4 4 1
5 4 0
5 3 1
6 2 1
1 4 0
1 5 1
0 0 1
board #9 10
3 4 1
2 4 0
2 5 0
2 6 0
3 2 0
3 1 1
4 1 0
0 0 1
board #10 9
3 4 1
2 4 0
2 5 0
2 6 0
3 2 0
3 1 1
4 1 0
0 0 0
board #11 9
3 4 0
3 5 0
3 2 0
3 6 0
3 1 1
4 1 1
5 1 1
2 2 1
6 1 0
5 2 0
4 2 1
4 3 0
0 0 1
board #12 14
3 4 0
3 5 1
2 5 0
1 6 1
2 6 1
4 4 1
5 4 0
5 3 0
5 5 0
5 2 1
4 3 0
4 6 0
3 2 1
4 2 0
4 1 1
5 1 1
6 2 1
2 3 1
1 4 1
0 0 1
board #13 21
3 4 0
3 5 0
3 2 1
4 2 1
5 2 0
4 3 0
5 1 1
6 1 1
2 3 1
1 3 0
1 4 1
0 0 1
board #14 13
3 4 1
2 4 1
4 4 1
5 4 1
1 4 1
6 3 1
0 0 0
board #15 8
3 4 1
2 4 1
4 4 0
4 3 0
3 5 1
4 5 0
4 6 0
3 2 0
4 1 0
0 0 1
board #16 11
3 4 0
3 5 0
3 2 1
4 2 0
4 1 1
5 1 1
6 1 0
5 2 0
3 6 0
0 0 0
board #17 11
3 4 0
3 5 0
3 2 0
3 6 0
3 1 1
4 1 0
0 0 1
board #18 8
3 4 1
2 4 0
2 5 1
1 5 0
1 6 0
3 2 0
3 1 1
4 1 0
0 0 0
board #19 10
3 4 1
2 4 1
4 4 0
4 3 1
5 3 1
6 2 1
1 5 1
0 0 1
board #20 9
3 4 0
3 5 1
2 5 1
4 4 1
1 5 0
1 6 1
5 4 0
5 3 1
6 2 0
6 3 0
6 1 1
5 2 0
5 1 1
4 2 1
4 3 0
3 2 1
2 3 1
1 3 0
1 4 0
2 4 1
0 0 0
board #21 22
3 4 0
3 5 1
2 5 0
1 6 0
3 2 0
3 1 1
4 1 1
5 1 0
4 2 0
0 0 0
board #22 11
3 4 1
2 4 1
4 4 0
4 3 1
5 3 1
1 4 0
1 5 0
1 6 1
2 5 1
6 2 1
0 0 1
board #23 12
3 4 0
3 5 1
2 5 1
4 4 1
1 5 1
5 4 0
5 3 1
6 2 0
6 3 0
6 1 0
5 5 1
4 5 1
6 4 0
6 5 0
5 6 1
6 6 1
0 0 0
board #24 18
3 4 0
3 5 0
3 2 1
4 2 0
4 1 0
2 6 0
0 0 0
board #25 8
3 4 0
3 5 0
3 2 1
4 2 0
4 1 1
5 1 0
2 6 1
3 6 0
0 0 0
board #26 10
3 4 0
3 5 1
2 5 0
1 6 1
2 6 1
4 5 1
5 4 0
5 5 1
6 4 0
6 5 0
5 6 1
6 6 1
0 0 1
board #27 14
3 4 1
2 4 1
4 4 0
4 3 0
3 5 0
3 2 0
2 6 1
3 6 0
3 1 0
0 0 0
board #28 11
3 4 1
2 4 1
4 4 0
4 3 0
3 5 0
3 2 0
2 6 1
3 6 0
3 1 1
4 1 0
0 0 0
board #29 12
2 5 0
3 4 1
2 4 1
4 4 1
5 4 1
1 4 0
1 5 0
2 3 0
2 6 0
4 2 1
3 2 1
2 2 0
3 1 0
0 0 1
board #30 15
3 4 0
3 5 1
2 5 0
1 6 1
2 6 1
4 4 1
5 4 0
5 3 0
5 5 1
4 5 1
6 5 1
0 0 0
board #31 13
3 4 1
2 4 0
2 5 0
1 6 1
2 6 0
3 2 1
4 2 1
5 2 1
2 2 1
1 2 1
6 1 1
0 0 0
board #32 13
3 4 1
2 4 0
2 5 0
2 6 0
3 2 0
3 1 1
4 1 1
5 1 1
2 2 1
6 1 1
1 2 0
1 3 0
1 1 1
2 1 0
1 4 1
2 3 1
0 0 0
board #33 18
3 4 1
2 4 0
2 5 0
1 6 1
2 6 0
3 2 0
3 1 0
0 0 1
board #34 9
2 5 1
3 5 1
4 5 0
4 4 1
5 4 1
1 5 0
1 6 0
2 4 0
3 2 1
4 2 0
4 1 0
0 0 0
board #35 13
3 4 0
3 5 1
2 5 0
1 6 1
2 6 1
4 4 0
4 5 1
5 4 0
5 5 0
5 6 0
3 2 1
4 2 0
4 1 1
5 1 0
0 0 0
board #36 16
3 4 0
3 5 0
3 2 0
3 6 0
3 1 1
4 1 0
0 0 0
board #37 8
3 4 1
2 4 0
2 5 1
1 5 0
1 6 0
3 2 0
3 1 1
4 1 0
0 0 0
board #38 10
3 4 1
2 4 1
4 4 1
5 4 0
5 3 1
6 3 1
1 5 1
0 0 0
board #39 9
2 5 1
3 5 0
3 4 0
3 2 0
3 6 0
3 1 1
4 1 1
5 1 0
4 2 0
0 0 1
board #40 11
3 4 0
3 5 1
2 5 0
2 6 0
3 2 1
4 2 1
5 2 0
4 3 0
5 1 1
6 1 1
2 3 0
2 2 1
1 2 0
1 3 1
0 0 0
board #41 16
3 4 1
2 4 1
4 4 0
4 3 0
3 5 1
4 5 0
3 6 1
4 6 0
3 2 1
4 2 0
4 1 1
5 1 1
6 1 1
2 3 0
2 2 0
2 1 0
0 0 0
board #42 18
3 4 0
3 5 0
3 2 1
4 2 1
5 2 1
2 3 1
6 1 0
6 2 1
1 4 1
0 0 1
board #43 11
3 4 1
2 4 1
4 4 1
5 3 0
5 4 0
4 5 0
5 2 0
6 1 0
3 6 1
4 6 1
3 5 1
5 6 1
6 5 0
6 6 0
5 5 1
6 4 0
0 0 0
board #44 18
3 4 1
2 4 1
4 4 1
5 4 0
5 3 1
6 2 0
6 3 1
1 4 0
1 5 1
0 0 0
board #45 11
3 4 0
3 5 1
2 5 0
2 6 0
3 2 0
4 1 0
0 0 0
board #46 8
3 4 0
3 5 0
3 2 0
2 6 1
3 6 0
4 1 0
0 0 1
board #47 8
3 4 0
3 5 1
2 5 0
2 6 0
3 2 0
4 1 0
0 0 0
board #48 8
3 4 1
2 4 0
2 5 1
1 5 1
4 4 0
4 3 0
4 5 0
3 6 1
4 6 1
5 5 0
5 6 0
3 2 1
4 2 1
5 2 0
5 1 1
6 1 0
0 0 1
board #49 18
3 4 0
3 5 1
2 5 0
1 6 0
3 2 0
3 1 1
4 1 0
0 0 1
board #50 9
3 4 1
2 4 1
4 4 0
4 3 1
5 3 0
5 2 1
6 2 1
1 5 1
0 0 0
board #51 10
3 4 0
3 5 1
2 5 1
4 4 1
1 5 1
5 4 1
6 3 1
0 0 0
board #52 9
3 4 0
3 5 1
2 5 0
1 6 1
2 6 0
3 2 1
4 2 0
4 1 1
5 1 0
0 0 0
board #53 11
3 4 0
3 5 0
3 2 0
2 6 1
3 6 0
3 1 1
4 1 0
0 0 1
board #54 9
3 4 1
2 4 1
4 4 0
4 3 1
5 3 1
6 2 0
6 3 0
6 1 1
5 2 0
5 1 1
4 2 1
1 4 1
0 0 0
board #55 14
3 4 1
2 4 1
4 4 1
5 4 1
1 5 1
6 4 1
0 0 0
board #56 8
2 5 1
3 5 1
4 5 0
4 4 1
5 4 0
5 3 0
5 2 0
3 6 0
5 1 1
6 1 1
4 2 1
4 3 0
3 2 1
2 3 1
1 3 1
0 0 0
board #57 17
3 4 0
3 5 0
3 2 0
2 6 0
4 1 0
0 0 0
board #58 7
3 4 0
3 5 0
3 2 1
4 2 1
5 2 0
4 3 0
5 1 1
6 1 0
2 6 0
0 0 1
board #59 11
3 4 1
2 4 1
4 4 1
5 3 1
1 4 0
1 5 0
1 6 0
2 3 1
1 3 0
2 2 0
2 1 0
0 0 0
board #60 13
3 4 0
3 5 1
2 5 1
4 4 0
4 5 1
5 4 1
1 6 1
6 3 0
6 4 1
0 0 0
board #61 11
3 4 0
3 5 1
2 5 0
1 6 1
2 6 1
4 4 0
4 5 1
5 4 0
5 5 1
6 4 1
0 0 1
board #62 12
3 4 0
3 5 0
3 2 0
2 6 1
3 6 1
1 6 0
2 5 1
1 5 1
4 5 0
4 6 1
5 5 0
5 6 0
3 1 0
0 0 0
board #63 15
3 4 0
3 5 0
3 2 0
2 6 0
3 1 1
4 1 1
5 1 0
4 2 1
5 2 1
2 2 1
6 1 0
6 2 0
5 3 0
4 3 1
4 4 0
0 0 1
board #64 17
2 5 0
3 4 0
3 2 0
1 6 1
2 6 0
3 1 1
4 1 0
0 0 1
board #65 9
3 4 0
3 5 0
3 2 1
4 2 1
5 2 0
4 3 0
5 1 1
6 1 1
2 3 1
1 3 0
1 4 1
0 0 1
board #66 13
3 4 1
2 4 0
2 5 0
1 6 1
2 6 0
3 2 0
3 1 1
4 1 1
5 1 1
6 1 0
5 2 1
2 2 1
6 2 0
5 3 1
6 3 1
1 2 0
1 3 1
0 0 1
board #67 19
3 4 0
3 5 1
2 5 1
4 4 1
1 5 0
1 6 0
2 4 0
3 2 0
3 1 1
4 1 1
2 2 1
5 1 0
4 2 0
0 0 1
board #68 15
3 4 1
2 4 0
2 5 0
1 6 0
3 2 0
3 1 1
4 1 0
0 0 1
board #69 9
3 4 0
3 5 1
2 5 0
1 6 0
3 2 1
4 2 1
5 2 0
4 3 0
5 1 0
0 0 0
board #70 11
3 4 1
2 4 1
4 4 0
4 3 0
3 5 1
4 5 1
5 4 1
6 3 0
6 4 1
1 4 1
0 0 1
board #71 12
3 4 0
3 5 0
3 2 1
4 2 0
4 1 1
5 1 0
2 6 1
3 6 0
0 0 1
board #72 10
3 4 1
2 4 0
2 5 0
1 6 1
2 6 0
3 2 1
4 2 1
5 2 1
2 2 0
2 3 0
2 1 1
3 1 1
1 1 0
1 2 0
0 0 1
board #73 16
3 4 1
2 4 0
2 5 1
1 5 0
1 6 1
4 4 0
4 3 0
3 5 0
2 6 1
3 6 0
3 2 1
4 2 0
4 1 1
5 1 1
6 1 0
5 2 0
0 0 0
board #74 18
3 4 1
2 4 1
4 4 1
5 4 0
5 3 0
4 5 1
5 5 1
6 4 1
1 4 0
1 5 0
1 6 1
2 5 0
2 6 1
3 5 0
3 6 1
0 0 0
board #75 17
3 4 1
2 4 0
2 5 0
1 6 1
2 6 1
3 5 0
3 6 0
3 2 0
3 1 1
4 1 0
0 0 1
board #76 12
3 4 1
2 4 1
4 4 0
4 3 0
3 5 0
3 2 0
2 6 1
3 6 1
1 6 0
2 5 0
4 1 0
0 0 1
board #77 13
3 4 1
2 4 1
4 4 0
4 3 1
5 3 1
1 4 0
1 5 0
1 6 0
2 3 1
1 3 1
6 2 0
6 3 1
0 0 0
board #78 14
3 4 0
3 5 1
2 5 1
4 4 1
1 5 0
1 6 1
5 4 0
5 3 0
5 5 1
4 5 1
6 5 1
0 0 0
board #79 13
3 4 1
2 4 1
4 3 1
5 3 0
5 2 1
6 1 0
6 2 1
1 4 0
1 5 0
1 6 0
2 3 1
1 3 1
0 0 0
board #80 14
3 4 1
2 4 0
2 5 0
3 2 0
1 6 0
3 1 1
4 1 0
0 0 1
board #81 9
3 4 0
3 5 0
3 2 0
2 6 1
3 6 1
1 6 0
2 5 1
1 5 1
4 5 0
4 6 1
5 5 0
5 6 0
3 1 0
0 0 1
board #82 15
2 5 0
3 4 0
3 2 1
4 2 1
5 2 1
2 3 0
2 2 1
1 2 0
1 3 0
2 1 0
1 6 1
2 6 0
0 0 0
board #83 14
2 5 0
2 4 0
1 6 1
2 6 0
3 2 1
4 2 0
4 1 1
5 1 0
0 0 0
board #84 10
3 4 0
3 5 0
3 2 0
2 6 1
3 6 0
3 1 0
0 0 1
board #85 8
3 4 1
2 4 0
2 5 1
1 5 1
4 4 1
5 4 1
6 4 1
0 0 0
board #86 9
3 4 0
3 5 1
2 5 1
4 4 0
4 5 1
5 4 1
1 5 0
1 6 1
6 3 0
6 4 1
0 0 1
board #87 12
3 4 1
2 4 0
2 5 0
1 6 0
3 2 1
4 2 1
5 2 1
2 2 0
2 3 1
1 3 0
1 4 1
6 1 1
0 0 1
board #88 14
3 4 0
3 5 0
3 2 1
4 2 1
5 2 0
4 3 1
5 3 0
4 4 1
5 4 1
2 3 0
2 2 0
2 1 1
3 1 1
1 2 1
6 3 1
0 0 0
board #89 17
3 4 1
2 4 1
4 4 0
4 3 0
3 5 0
3 2 0
2 6 0
4 1 0
0 0 0
board #90 10
3 4 1
2 4 1
4 4 1
5 4 0
5 3 0
4 5 0
5 2 0
5 1 1
6 1 1
4 2 0
4 1 0
3 6 1
4 6 1
3 5 0
2 6 1
1 6 1
5 5 1
6 4 0
6 5 1
0 0 0
board #91 21
3 4 1
2 4 0
2 5 0
2 6 0
4 2 0
5 1 0
0 0 0
board #92 8
2 5 1
3 5 0
3 4 1
4 4 0
4 3 0
2 6 1
3 6 1
4 5 0
4 6 1
5 5 0
5 6 0
3 2 1
4 2 0
4 1 1
5 1 1
6 1 0
5 2 0
0 0 0
board #93 19
3 4 0
3 5 0
3 2 1
4 2 1
5 2 1
2 3 0
2 2 0
2 1 0
2 6 1
3 6 1
1 6 0
2 5 0
0 0 0
board #94 14
3 4 1
2 4 0
2 5 0
1 6 1
2 6 0
3 2 1
4 2 0
4 1 1
5 1 1
6 1 0
5 2 0
0 0 1
board #95 13
2 5 0
3 4 1
2 4 1
4 4 0
4 3 1
5 3 1
1 4 1
6 2 0
6 3 1
0 0 0
board #96 11
3 4 1
2 4 0
2 5 1
1 5 1
4 4 1
5 4 0
5 3 1
6 2 0
6 3 1
0 0 0
board #97 11
3 4 1
2 4 0
2 5 1
1 5 1
4 4 1
5 4 0
5 3 1
6 3 1
0 0 1
board #98 10
3 4 0
3 5 1
2 5 0
2 6 0
3 2 1
4 2 0
5 1 0
0 0 1
board #99 9
3 4 1
2 4 1
4 4 1
5 4 0
5 3 0
4 5 1
5 5 0
5 2 1
4 3 0
4 6 1
5 6 0
3 2 1
4 2 1
6 1 1
2 3 0
2 2 0
2 1 0
0 0 1
board #100 19
3 4 0
3 5 1
2 5 0
1 6 1
2 6 1
4 4 0
4 5 1
5 4 1
6 3 0
6 4 1
0 0 0
board #101 12
3 4 1
2 4 1
4 4 0
4 3 0
3 5 1
4 5 1
5 4 1
1 5 1
6 3 1
0 0 0
board #102 11
3 4 0
3 5 0
3 2 1
4 2 1
5 2 1
2 3 1
6 1 0
6 2 0
5 3 1
6 3 0
5 4 0
4 5 1
4 4 1
5 5 1
6 4 0
6 5 0
5 6 1
6 6 1
1 3 1
0 0 1
board #103 21
3 4 0
3 5 1
2 5 0
1 6 0
3 2 0
3 1 1
4 1 0
0 0 1
board #104 9
3 4 0
3 5 1
2 5 1
4 4 0
4 5 0
3 6 1
4 6 1
5 5 1
1 6 1
6 4 0
6 5 1
0 0 0
board #105 13
3 4 0
3 5 1
2 5 0
1 6 0
3 2 0
4 1 0
0 0 0
board #106 8
2 5 0
3 4 1
2 4 0
1 6 0
3 2 1
4 2 1
5 2 0
4 3 1
2 2 0
2 3 1
1 3 1
5 3 1
6 2 0
6 3 1
0 0 0
board #107 16
3 4 1
2 4 0
2 5 1
1 5 0
1 6 0
4 2 0
5 1 0
0 0 1
board #108 9
3 4 0
3 5 1
2 5 0
1 6 1
2 6 0
3 2 1
4 2 0
4 1 1
5 1 1
6 1 1
2 3 0
2 2 0
2 1 1
3 1 1
1 1 0
1 2 0
0 0 0
board #109 18
3 4 0
3 5 1
2 5 1
4 4 1
1 6 1
5 4 0
5 3 0
5 5 1
4 5 1
6 4 1
0 0 1
board #110 12
2 5 0
3 4 0
3 2 1
4 2 0
4 1 1
5 1 0
2 6 0
0 0 1
board #111 9
3 4 0
3 5 0
3 2 0
2 6 1
3 6 1
1 6 0
2 5 0
3 1 1
4 1 0
0 0 0
board #112 11
3 4 0
3 5 0
3 2 1
4 2 1
5 2 0
4 3 1
5 3 0
4 4 0
5 1 0
3 6 0
0 0 1
board #113 12
3 4 0
3 5 1
2 5 1
4 4 1
1 5 0
1 6 1
5 3 0
5 4 0
5 5 1
4 5 0
5 2 0
3 6 0
5 1 0
0 0 0
board #114 15
2 5 1
3 5 1
1 5 1
4 5 0
4 4 0
4 3 1
3 4 0
4 6 0
4 2 0
4 1 1
5 1 1
6 1 0
5 2 0
0 0 0
board #115 15
3 4 0
3 5 0
3 2 1
4 2 1
5 2 0
4 3 0
5 1 1
6 1 1
2 3 0
2 2 1
1 2 1
0 0 1
board #116 13
3 4 0
3 5 0
3 2 0
2 6 0
4 1 0
0 0 0
board #117 7
3 4 1
2 4 0
2 5 1
1 6 1
4 4 1
5 4 0
5 3 0
4 5 0
5 2 0
5 1 0
3 6 0
0 0 0
board #118 13
2 5 0
3 4 0
3 2 0
1 6 0
3 1 0
0 0 1
board #119 7
3 4 1
2 4 1
4 4 0
4 3 0
3 5 0
3 2 0
2 6 1
3 6 0
4 1 0
0 0 0
board #120 11
3 4 0
3 5 1
2 5 1
4 4 1
1 5 0
1 6 1
5 4 1
6 3 0
6 4 0
6 2 1
5 3 0
5 2 0
5 5 1
6 5 1
0 0 0
board #121 16
3 4 0
3 5 1
2 5 1
4 4 0
4 5 1
5 4 1
1 5 1
6 3 1
0 0 0
board #122 10
3 4 1
2 4 0
2 5 1
1 5 0
1 6 0
3 2 1
4 2 0
5 1 0
0 0 1
board #123 10
3 4 1
2 4 1
4 4 1
5 3 0
5 4 0
5 2 1
4 3 0
4 5 0
3 2 1
4 2 1
6 1 0
6 2 1
2 3 0
2 2 1
1 3 1
0 0 0
board #124 17
3 4 1
2 4 1
4 4 1
5 4 0
5 3 0
4 5 1
5 5 1
6 5 1
1 5 1
0 0 1
board #125 11
3 4 1
2 4 0
2 5 1
1 5 1
4 4 1
5 3 1
6 2 0
6 3 1
0 0 0
board #126 10
3 4 1
2 4 1
4 4 0
4 3 0
3 5 1
4 5 0
3 6 1
4 6 1
5 5 1
6 4 1
1 4 1
0 0 0
board #127 13
3 4 1
2 4 0
2 5 0
1 6 1
2 6 0
4 2 0
4 1 0
0 0 1
board #128 9
3 4 0
3 5 1
2 5 1
4 4 0
4 5 1
5 4 0
5 5 1
6 4 0
6 5 0
6 6 0
3 2 0
3 1 1
4 1 0
0 0 1
board #129 15
3 4 1
2 4 0
2 5 0
1 6 1
2 6 1
3 5 0
3 6 0
3 2 0
4 1 0
0 0 0
board #130 11
3 4 0
3 5 0
3 2 0
2 6 1
3 6 0
3 1 1
4 1 1
5 1 0
4 2 1
5 2 0
4 3 1
5 3 1
2 2 0
2 1 0
0 0 1
board #131 16
3 4 0
3 5 1
2 5 1
4 4 0
4 5 0
3 6 1
4 6 1
5 5 0
5 6 1
6 5 0
6 6 1
1 5 1
0 0 0
board #132 14
3 4 0
3 5 1
2 5 0
1 6 0
3 2 1
4 2 0
4 1 1
5 1 1
6 1 0
5 2 1
6 2 1
2 3 1
1 4 1
0 0 1
board #133 15
2 5 0
3 4 1
2 4 0
2 6 0
3 2 0
3 1 1
4 1 1
2 2 0
2 1 1
5 1 0
4 2 0
0 0 0
board #134 13
3 4 1
2 4 0
2 5 0
1 6 1
2 6 1
3 5 0
3 6 1
4 5 1
5 4 0
5 5 0
4 4 1
5 3 0
5 2 0
4 6 1
5 6 1
6 6 1
0 0 0
board #135 18
3 4 1
2 4 0
2 5 0
1 6 1
2 6 1
3 5 0
3 6 1
4 5 0
4 6 1
5 5 1
6 4 0
6 5 0
5 4 1
6 3 0
5 3 0
6 6 0
5 2 1
4 4 0
3 2 0
4 1 0
0 0 0
board #136 22
3 4 1
2 4 1
4 4 0
4 3 1
5 3 0
5 2 1
6 2 1
1 5 1
0 0 1
board #137 10
3 4 1
2 4 1
4 4 0
4 3 0
3 5 1
4 5 1
5 4 1
1 4 1
6 4 1
0 0 1
board #138 11
3 4 0
3 5 0
3 2 1
4 2 1
5 2 0
4 3 0
5 1 0
3 6 0
0 0 1
board #139 10
3 4 0
3 5 0
3 2 0
3 6 0
3 1 1
4 1 1
5 1 1
2 2 1
6 1 0
5 2 1
6 2 0
5 3 1
6 3 0
5 4 0
4 4 1
4 5 1
5 5 0
5 6 0
0 0 0
board #140 20
3 4 1
2 4 1
4 4 0
4 3 0
3 5 1
4 5 1
5 4 0
5 5 1
6 4 0
6 5 1
1 4 1
0 0 1
board #141 13
3 4 1
2 4 0
2 5 0
1 6 1
2 6 1
3 5 0
3 6 0
3 2 0
3 1 1
4 1 0
0 0 1
board #142 12
3 4 0
3 5 0
4 2 0
4 1 1
5 1 1
6 1 0
5 2 0
2 6 1
3 6 0
0 0 0
board #143 11
3 4 1
2 4 1
4 4 0
4 3 1
5 3 1
1 4 0
1 5 0
1 6 0
2 3 1
1 3 0
2 2 1
1 2 0
2 1 0
0 0 0
board #144 15
3 4 0
3 5 0
3 2 1
4 2 0
5 1 0
2 6 1
3 6 0
0 0 0
board #145 9
2 5 1
3 5 0
3 4 0
3 2 1
4 2 0
4 1 1
5 1 1
6 1 0
5 2 1
6 2 1
2 3 1
1 3 0
1 4 1
0 0 0
board #146 15
3 4 1
2 4 0
2 5 1
1 5 0
1 6 1
4 4 0
4 3 0
4 5 0
3 6 0
3 2 0
4 1 0
0 0 0
board #147 13
3 4 1
2 4 0
2 5 1
1 5 1
4 4 1
5 4 0
5 3 0
4 5 1
5 5 0
5 2 1
4 3 0
4 6 1
5 6 1
6 6 1
0 0 1
board #148 16
3 4 1
2 4 1
4 4 0
4 3 0
3 5 1
4 5 0
3 6 1
4 6 1
5 5 1
6 5 1
1 4 1
0 0 1
board #149 13
2 5 1
3 5 1
4 5 0
4 4 0
4 3 0
3 6 1
4 6 0
3 2 1
4 2 1
5 2 1
2 3 0
2 2 1
1 2 0
1 3 1
6 2 1
0 0 1
board #150 17
3 4 0
3 5 0
3 2 0
2 6 1
3 6 0
3 1 0
0 0 0
board #151 8
3 4 1
2 4 0
2 5 1
1 5 0
1 6 1
4 4 1
5 4 0
5 3 1
6 2 0
6 3 0
6 1 1
5 2 0
5 1 1
4 2 0
4 1 0
4 5 1
5 5 1
6 4 0
6 5 0
6 6 0
0 0 0
board #152 22
3 4 1
2 4 0
2 5 0
1 6 1
2 6 1
3 5 0
3 6 0
3 2 1
4 2 0
4 1 0
0 0 1
board #153 12
3 4 0
3 5 1
2 5 0
1 6 1
2 6 1
4 4 0
4 5 0
3 6 1
4 6 1
5 5 1
6 4 0
6 5 0
5 4 1
6 3 0
5 3 0
5 6 0
3 2 1
6 1 1
5 1 0
5 2 0
0 0 1
board #154 22
3 4 1
2 4 1
4 4 0
4 3 0
3 5 0
3 2 0
2 6 1
3 6 0
3 1 1
4 1 0
0 0 1
board #155 12
3 4 1
2 4 0
2 5 0
2 6 0
3 2 1
4 2 1
5 2 1
2 2 1
1 2 0
1 3 0
1 1 1
2 1 1
6 1 0
6 2 1
0 0 0
board #156 16
3 4 1
2 4 0
2 5 1
1 5 0
1 6 1
4 4 1
5 4 1
6 3 0
6 4 1
0 0 0
board #157 11
3 4 0
3 5 0
3 2 1
4 2 0
4 1 1
5 1 0
2 6 0
0 0 0
board #158 9
3 4 0
3 5 0
3 2 0
2 6 1
3 6 0
3 1 0
0 0 1
board #159 8
3 4 0
3 5 0
3 2 1
4 2 1
5 2 1
2 3 0
2 2 1
1 2 0
1 3 0
1 1 0
2 6 1
3 6 0
0 0 0
board #160 14
3 4 1
2 4 0
2 5 1
1 5 1
4 4 0
4 3 1
5 3 0
5 2 1
6 1 0
6 2 1
0 0 0
board #161 12
2 5 0
3 4 0
2 6 0
3 2 1
4 2 0
4 1 1
5 1 0
0 0 0
board #162 9
3 4 0
3 5 1
2 5 0
1 6 0
3 2 0
3 1 1
4 1 0
0 0 1
board #163 9
3 4 1
2 4 1
4 4 0
4 3 0
3 5 0
3 2 1
4 2 0
4 1 1
5 1 0
2 6 1
3 6 0
0 0 1
board #164 13
3 4 0
3 5 0
3 2 0
2 6 1
3 6 0
4 1 0
0 0 0
board #165 8
3 4 0
3 5 0
3 2 1
4 2 1
5 2 1
2 3 0
2 2 1
1 3 1
6 1 1
0 0 0
board #166 11
3 4 1
2 4 1
4 4 0
4 3 0
3 5 0
3 2 0
2 6 1
3 6 0
4 1 0
0 0 1
board #167 11
2 5 1
3 5 0
3 4 0
3 2 1
4 2 1
5 2 0
4 3 0
6 1 0
2 6 1
3 6 0
0 0 1
board #168 12
2 5 0
3 4 1
2 4 0
1 6 0
3 2 0
3 1 1
4 1 1
5 1 1
2 2 1
6 1 1
1 2 0
1 3 1
0 0 1
board #169 14
2 5 1
3 4 1
4 4 1
1 6 1
5 4 0
5 3 1
6 2 0
6 3 0
6 1 0
4 5 1
5 5 1
6 5 1
0 0 0
board #170 14
3 4 1
2 4 1
4 4 0
4 3 0
3 5 0
3 2 0
2 6 1
3 6 0
3 1 1
4 1 0
0 0 1
board #171 12
3 4 0
3 5 0
4 2 0
4 1 1
5 1 1
6 1 1
3 2 1
2 3 1
1 3 0
1 4 1
0 0 0
board #172 12
3 4 0
3 5 1
2 5 1
4 4 1
1 5 0
1 6 1
5 4 1
6 3 0
6 4 0
5 5 0
6 2 0
6 1 1
5 2 0
5 1 1
4 2 1
4 3 0
3 2 0
4 1 0
4 6 1
5 6 1
6 5 0
6 6 0
0 0 0
board #173 24
3 4 0
3 5 1
2 5 1
4 4 0
4 5 1
5 4 1
1 5 0
1 6 1
6 3 1
0 0 1
board #174 11
3 4 0
3 5 1
2 5 0
2 6 0
3 2 1
4 2 1
5 2 1
2 3 1
6 1 0
6 2 0
5 3 0
4 3 0
0 0 0
board #175 14
3 4 1
2 4 0
2 5 1
1 5 0
1 6 1
4 4 1
5 4 0
5 3 0
4 5 1
5 5 1
6 4 0
6 5 0
6 6 0
5 2 0
5 1 1
6 1 1
4 2 1
4 3 1
0 0 1
board #176 20
2 5 1
3 5 1
4 4 1
1 5 0
1 6 1
5 4 1
6 3 1
0 0 1
board #177 9
3 4 1
2 4 1
4 4 0
4 3 0
3 5 1
4 5 1
5 4 0
5 5 1
6 5 1
1 4 0
1 5 1
0 0 0
board #178 13
3 4 1
2 4 1
4 4 1
5 4 0
5 3 0
4 5 0
5 2 1
4 3 0
3 2 1
4 2 0
4 1 1
5 1 0
4 6 0
0 0 0
board #179 15
3 4 0
3 5 0
3 2 1
4 2 1
5 2 1
2 3 0
2 2 1
1 2 1
6 1 0
6 2 0
5 3 0
4 3 1
4 4 0
2 6 1
3 6 0
0 0 0
board #180 17
3 4 0
3 5 1
2 5 0
1 6 0
3 2 1
4 2 0
4 1 1
5 1 0
0 0 1
board #181 10
3 4 1
2 4 0
2 5 0
3 2 1
4 2 0
5 1 0
2 6 0
0 0 0
board #182 9
2 5 0
3 4 0
3 2 0
1 6 0
3 1 0
0 0 0
board #183 7
3 4 1
2 4 1
4 4 1
5 4 0
5 3 0
4 5 0
5 2 0
5 1 1
6 1 1
4 2 1
4 3 1
1 4 0
1 5 0
1 6 0
2 3 1
1 3 1
0 0 0
board #184 18
3 4 0
3 5 1
2 5 0
1 6 0
3 2 0
3 1 1
4 1 1
5 1 0
4 2 0
0 0 1
board #185 11
3 4 1
2 4 0
2 5 1
1 5 0
1 6 1
4 4 1
5 4 0
5 3 0
4 5 1
5 5 0
5 2 1
4 3 1
6 2 1
0 0 1
board #186 15
3 4 1
2 4 1
4 4 0
4 3 1
5 3 1
1 4 1
6 2 0
6 3 1
0 0 1
board #187 10
3 4 1
2 4 0
2 5 0
1 6 0
3 2 1
4 2 0
5 1 0
0 0 0
board #188 9
3 4 1
2 4 0
2 5 1
1 6 1
4 4 0
4 3 0
4 5 1
3 5 0
2 6 0
3 2 1
4 2 0
4 1 0
0 0 0
board #189 14
3 4 1
2 4 0
2 5 1
1 5 0
1 6 1
4 4 1
5 3 1
6 3 1
0 0 0
board #190 10
2 5 1
3 5 1
4 5 0
4 4 1
5 4 0
5 3 1
6 2 0
6 3 0
6 1 1
5 2 0
5 1 1
4 2 1
4 3 1
1 5 1
0 0 1
board #191 16
3 4 0
3 5 1
2 5 0
1 6 0
3 2 1
4 2 0
5 1 0
0 0 1
board #192 9
2 5 1
3 5 1
4 5 0
4 4 1
5 4 0
5 3 1
6 2 0
6 3 1
1 5 0
1 6 0
2 4 0
3 2 1
4 2 1
2 2 0
2 3 1
1 3 1
5 2 1
0 0 1
board #193 19
3 4 0
3 5 1
2 5 1
4 4 1
1 5 0
1 6 0
2 4 1
1 4 1
5 4 0
5 3 0
5 5 0
5 2 0
4 6 1
5 6 1
6 5 1
4 5 1
0 0 0
board #194 18
3 4 1
2 4 1
4 4 0
4 3 0
3 5 0
3 2 0
2 6 1
3 6 0
3 1 0
0 0 1
board #195 11
3 4 0
3 5 0
3 2 1
4 2 0
4 1 1
5 1 1
6 1 1
2 3 0
2 2 1
1 3 1
0 0 0
board #196 12
3 4 1
2 4 1
4 3 1
5 3 1
1 4 0
1 5 0
1 6 1
2 5 0
2 6 1
3 5 0
3 6 1
4 5 1
5 4 1
6 3 1
0 0 1
board #197 16
3 4 1
2 4 1
4 4 1
5 4 1
1 4 0
1 5 1
6 3 0
6 4 1
0 0 0
board #198 10
3 4 1
2 4 1
4 4 1
5 4 1
1 4 1
6 3 0
6 4 0
6 2 0
6 1 1
5 2 1
4 3 0
5 3 1
0 0 1
board #199 14
3 4 0
3 5 0
3 2 1
4 2 1
5 2 0
4 3 1
5 3 1
2 3 1
6 2 1
1 3 1
0 0 1
board #200 12
3 4 1
2 4 1
4 4 0
4 3 0
3 5 1
4 5 0
3 6 1
4 6 1
5 5 1
6 4 0
6 5 0
5 4 1
6 3 0
5 3 1
6 2 0
6 1 1
5 2 0
5 6 1
6 6 0
5 1 0
0 0 0
board #201 22
3 4 0
3 5 1
2 5 0
1 6 1
2 6 1
4 5 1
5 4 0
5 5 0
4 4 0
5 6 0
3 2 0
3 1 0
0 0 1
board #202 14
3 4 1
2 4 0
2 5 1
1 5 0
1 6 1
4 4 0
4 3 0
4 5 0
4 6 0
3 2 1
4 2 0
4 1 1
5 1 1
6 1 1
2 2 0
2 3 1
1 3 0
1 4 1
0 0 1
board #203 20
3 4 0
3 5 0
3 2 1
4 2 0
4 1 0
2 6 0
0 0 0
board #204 8
3 4 1
2 4 1
4 4 1
5 4 1
1 4 1
6 4 1
0 0 0
board #205 8
3 4 0
3 5 0
3 2 0
2 6 1
3 6 1
1 6 0
2 5 0
4 1 0
0 0 0
board #206 10
3 4 1
2 4 0
2 5 1
1 5 1
4 4 1
5 4 1
6 4 1
0 0 0
board #207 9
3 4 0
3 5 0
3 2 0
2 6 0
3 1 0
0 0 1
board #208 7
3 4 0
3 5 0
3 2 1
4 2 1
5 2 0
4 3 0
5 1 1
6 1 0
2 6 1
3 6 1
1 6 0
2 5 0
0 0 1
board #209 14
3 4 0
3 5 0
3 2 1
4 2 0
4 1 0
2 6 1
3 6 1
1 6 0
2 5 0
0 0 1
board #210 11
3 4 0
3 5 1
2 5 0
1 6 1
2 6 0
3 2 1
4 2 0
4 1 1
5 1 1
6 1 0
5 2 0
0 0 0
board #211 13
2 5 0
3 4 0
3 2 0
1 6 1
2 6 1
3 5 0
3 6 0
4 1 0
0 0 1
board #212 10
3 4 0
3 5 1
2 5 0
1 6 0
3 2 0
3 1 0
0 0 1
board #213 8
3 4 0
3 5 1
2 5 1
4 4 0
4 5 1
5 4 1
1 5 0
1 6 1
6 3 0
6 4 1
0 0 1
board #214 12
2 5 0
3 4 1
2 4 1
4 4 1
1 5 1
5 4 1
6 3 0
6 4 0
6 2 0
6 1 1
5 2 0
5 5 1
6 5 0
5 1 1
4 2 0
4 1 0
5 6 0
0 0 0
board #215 19
3 4 1
2 4 1
4 4 0
4 3 0
3 5 0
3 2 1
4 2 1
5 2 0
6 1 0
2 6 1
3 6 0
0 0 1
board #216 13
3 4 0
3 5 0
3 2 0
3 6 0
3 1 1
4 1 0
0 0 1
board #217 8
3 4 1
2 4 1
4 4 1
5 4 0
5 3 0
4 5 1
5 5 0
5 2 1
4 3 0
4 6 0
3 2 1
4 2 1
6 2 1
2 3 0
2 2 0
2 1 1
3 1 1
1 1 0
1 2 0
0 0 0
board #218 21
3 4 0
3 5 1
2 5 1
4 4 0
4 5 0
3 6 1
4 6 0
3 2 1
4 2 1
5 2 0
6 1 0
4 3 1
5 3 0
0 0 1
board #219 15
3 4 1
2 4 0
2 5 0
2 6 0
4 2 0
4 1 1
5 1 1
6 1 1
3 2 0
3 1 1
2 2 1
1 2 0
1 3 0
2 3 0
1 1 1
2 1 0
0 0 1
board #220 18
3 4 0
3 5 0
3 2 1
4 2 0
4 1 0
2 6 1
3 6 1
1 6 0
2 5 1
1 5 1
4 5 1
5 4 1
6 4 1
0 0 0
board #221 15
3 4 0
3 5 0
3 2 1
4 2 0
4 1 0
2 6 1
3 6 0
0 0 0
board #222 9
3 4 1
2 4 1
4 4 1
5 4 0
5 3 1
6 2 0
6 3 1
1 5 1
0 0 0
board #223 10
3 4 0
3 5 0
3 2 1
4 2 0
4 1 1
5 1 1
6 1 1
2 3 1
1 4 1
0 0 1
board #224 11
3 4 0
3 5 0
3 2 1
4 2 0
5 1 0
2 6 1
3 6 1
1 6 1
4 5 0
4 6 1
5 5 1
6 4 0
6 5 1
0 0 0
board #225 15
3 4 0
3 5 0
3 2 0
3 6 0
3 1 1
4 1 1
5 1 1
6 1 0
5 2 1
6 2 1
2 2 1
1 2 1
0 0 0
board #226 14
3 4 0
3 5 0
3 2 1
4 2 1
5 2 0
4 3 1
5 3 0
6 1 0
4 4 1
5 4 0
4 5 1
5 5 1
6 4 1
2 3 0
2 2 0
3 1 0
3 6 0
0 0 0
board #227 19
3 4 1
2 4 0
2 5 0
1 6 1
2 6 0
3 2 1
4 2 1
2 2 0
2 3 0
2 1 1
3 1 0
0 0 1
board #228 13
3 4 0
3 5 0
3 2 0
2 6 1
3 6 0
4 1 0
0 0 1
board #229 8
3 4 0
3 5 0
3 2 0
2 6 1
3 6 1
1 6 1
4 5 1
5 4 0
5 5 0
4 4 0
4 6 0
3 1 1
4 1 0
0 0 1
board #230 15
3 4 0
3 5 0
3 2 1
4 2 1
5 2 0
4 3 0
5 1 1
6 1 0
3 6 0
0 0 0
board #231 11
3 4 1
2 4 1
4 4 1
5 4 0
5 3 0
4 5 1
5 5 1
6 5 1
1 4 1
0 0 1
board #232 11
3 4 1
2 4 0
2 5 1
1 5 0
1 6 0
3 2 1
4 2 0
4 1 1
5 1 0
0 0 1
board #233 11
3 4 1
2 4 1
4 4 1
5 4 1
1 5 1
6 3 1
0 0 0
board #234 8
3 4 1
2 4 0
2 5 1
1 5 0
1 6 1
4 4 1
5 3 1
6 2 0
6 3 1
0 0 0
board #235 11
3 4 0
3 5 0
3 2 1
4 2 0
4 1 1
5 1 1
6 1 1
2 3 0
2 2 0
2 1 1
3 1 0
2 6 1
3 6 1
1 6 1
4 5 0
4 6 1
5 5 1
6 4 1
0 0 1
board #236 20
3 4 0
3 5 0
3 2 0
2 6 1
3 6 1
1 6 1
4 5 0
4 6 0
3 1 1
4 1 1
2 2 0
2 1 0
0 0 1
board #237 14
3 4 1
2 4 0
2 5 1
1 5 1
4 4 1
5 4 1
6 3 1
0 0 0
board #238 9
3 4 0
3 5 0
3 2 1
4 2 1
5 2 0
4 3 0
5 1 1
6 1 1
2 3 0
2 2 1
1 2 0
1 3 1
0 0 1
board #239 14
3 4 1
2 4 0
2 5 0
2 6 0
3 2 1
4 2 0
4 1 1
5 1 0
0 0 0
board #240 10
3 4 0
3 5 1
2 5 0
1 6 0
3 2 1
4 2 1
5 2 1
2 3 1
6 1 0
6 2 0
5 3 0
4 3 1
4 4 0
0 0 1
board #241 15
3 4 1
2 4 1
4 4 1
5 4 0
5 3 1
6 3 1
1 4 0
1 5 1
0 0 0
board #242 10
3 4 0
3 5 0
3 2 1
4 2 0
5 1 0
2 6 0
0 0 0
board #243 8
3 4 1
2 4 1
4 4 1
5 4 0
5 3 0
4 5 0
5 2 0
5 1 0
3 6 1
4 6 0
0 0 0
board #244 12
3 4 1
2 4 0
2 5 0
2 6 0
3 2 0
3 1 1
4 1 0
0 0 0
board #245 9
3 4 1
2 4 0
2 5 0
1 6 1
2 6 1
3 5 0
3 6 0
3 2 1
4 2 0
4 1 1
5 1 0
0 0 0
board #246 13
3 4 1
2 4 1
4 4 0
4 3 1
5 3 1
1 4 1
6 2 0
6 3 1
0 0 1
board #247 10
3 4 0
3 5 1
2 5 0
1 6 1
2 6 0
3 2 1
4 2 0
4 1 1
5 1 1
6 1 1
2 3 0
2 2 0
2 1 0
0 0 1
board #248 15
3 4 0
3 5 1
2 5 1
4 4 1
1 5 0
1 6 1
5 4 1
6 4 1
0 0 0
board #249 10
3 4 1
2 4 1
4 4 0
4 3 1
5 3 1
1 4 1
6 2 0
6 3 1
0 0 0
board #250 10
3 4 0
3 5 0
3 2 0
2 6 1
3 6 1
1 6 1
4 5 0
4 6 0
3 1 1
4 1 1
5 1 0
4 2 1
5 2 0
4 3 0
0 0 1
board #251 16
3 4 0
3 5 1
2 5 0
1 6 1
2 6 1
4 4 1
5 4 0
5 3 0
5 5 1
4 5 0
3 6 1
4 6 0
5 2 1
4 3 0
3 2 1
4 2 0
4 1 1
5 1 0
0 0 1
board #252 20
3 4 1
2 4 1
4 4 1
5 4 0
5 3 1
6 3 1
1 4 1
0 0 0
board #253 9
3 4 1
2 4 0
2 5 1
1 6 1
4 4 1
5 4 1
6 4 1
0 0 1
board #254 9
3 4 1
2 4 0
2 5 1
1 5 1
4 4 0
4 3 1
5 3 1
6 3 1
0 0 1
board #255 10
3 4 0
3 5 1
2 5 1
4 4 1
1 5 1
5 4 0
5 3 0
5 5 1
4 5 0
5 2 1
4 3 0
3 6 1
4 6 0
3 2 1
4 2 1
6 1 0
6 2 1
2 3 0
2 2 1
1 2 0
1 3 0
1 1 0
0 0 1
board #256 24
3 4 0
3 5 0
3 2 0
3 6 0
4 1 0
0 0 0
board #257 7
2 5 0
3 4 0
1 6 1
2 6 1
3 5 1
4 4 0
4 5 1
5 4 1
6 3 1
0 0 1
board #258 11
3 4 0
3 5 0
3 2 0
2 6 1
3 6 1
1 6 1
