9 6 0
8 9 0
8 10 1
7 10 0
7 11 0
7 12 0
8 7 1
9 7 0
9 5 0
9 4 0
10 3 1
9 3 1
8 4 1
11 3 1
12 3 1
13 3 0
12 4 0
13 2 1
14 2 0
14 1 1
15 1 1
7 5 0
7 4 1
6 5 1
5 6 0
5 5 1
4 6 0
4 5 0
5 4 0
6 6 0
8 5 0
6 3 0
7 2 0
7 1 1
8 1 0
7 13 1
6 13 1
8 12 0
8 13 0
7 14 1
8 14 0
7 15 0
0 0 0
board #1 44
7 10 1
8 10 0
8 9 0
7 11 1
8 11 1
9 10 1
6 10 0
7 9 1
6 9 0
7 8 0
6 11 1
5 11 0
5 12 1
4 12 0
4 13 1
3 13 0
3 14 0
3 15 0
7 7 0
7 6 0
7 5 0
7 4 1
8 4 0
8 3 0
8 2 1
9 2 1
7 3 1
10 2 0
9 3 0
11 1 0
0 0 0
board #2 32
7 10 1
6 10 0
6 11 0
7 9 0
6 12 0
8 7 1
9 7 0
9 6 1
10 6 1
11 6 0
10 7 1
7 7 0
7 8 0
8 6 0
9 5 0
6 13 1
5 13 1
7 12 1
4 13 0
5 12 1
4 12 1
3 12 0
3 13 0
4 11 1
3 11 0
4 10 0
4 14 1
3 14 1
2 14 0
1 15 1
2 15 0
5 10 1
5 9 1
4 9 1
3 9 0
3 10 0
4 8 0
5 7 0
6 7 0
10 4 0
11 3 0
11 2 1
12 2 0
12 1 1
13 1 0
0 0 0
board #3 47
8 7 0
8 9 1
7 9 1
9 9 1
6 9 0
6 10 0
7 8 0
6 11 0
6 12 0
8 6 0
6 13 0
8 5 1
9 5 1
7 6 1
10 5 1
11 5 1
6 6 0
6 7 1
5 7 1
12 5 0
12 4 1
13 4 1
14 4 1
4 7 1
3 8 0
3 7 1
2 7 1
15 3 1
1 7 0
1 8 1
0 0 1
board #4 32
8 9 1
7 9 0
7 10 1
6 10 1
9 8 0
9 9 0
9 10 0
8 11 0
7 12 1
8 12 0
7 13 0
8 7 0
8 6 0
8 5 1
9 5 0
9 4 0
9 3 1
10 3 1
8 4 1
11 3 0
10 4 0
11 2 1
12 2 1
13 2 0
12 3 1
13 3 1
7 6 0
7 5 0
7 4 0
7 3 0
8 2 1
7 2 1
6 3 0
6 2 1
5 3 0
5 2 1
4 3 0
4 2 1
3 3 0
3 2 0
3 1 0
6 14 0
6 15 0
0 0 0
board #5 45
8 9 1
7 9 0
7 10 0
7 11 1
6 11 0
6 12 0
8 7 1
9 7 1
7 7 1
6 8 1
10 7 1
11 7 1
5 8 0
5 9 1
4 9 0
4 10 1
3 10 0
3 11 0
4 11 0
6 7 0
7 6 0
5 11 0
7 5 1
8 5 1
8 6 0
9 5 0
9 4 0
9 3 0
6 13 0
6 14 1
5 14 1
7 13 1
4 14 0
5 13 1
4 13 0
5 12 0
3 15 0
9 2 1
10 2 0
10 1 1
11 1 0
0 0 0
board #6 43
9 6 1
10 6 1
8 7 1
7 8 1
11 6 0
11 5 1
12 5 0
12 4 0
10 7 1
11 7 0
10 8 0
12 3 1
13 3 0
13 2 0
10 9 1
9 9 1
9 8 0
7 9 1
8 9 0
8 10 0
8 11 1
7 11 1
9 10 0
9 11 1
7 10 1
10 10 1
11 8 0
11 9 0
11 10 0
10 11 1
11 11 0
10 12 1
11 12 1
12 11 0
12 12 1
13 11 0
13 12 1
14 11 0
14 12 0
13 13 1
14 13 1
15 12 0
15 13 0
14 14 1
15 14 1
6 8 1
5 8 1
4 8 0
4 9 0
5 7 0
4 10 0
4 11 0
4 12 1
3 12 1
5 11 1
2 12 0
2 13 1
1 13 1
6 10 0
6 11 0
5 10 1
5 9 0
6 9 1
0 0 0
board #7 65
7 10 1
8 10 1
6 10 1
5 10 0
5 11 1
4 11 0
4 12 0
6 9 0
4 13 1
3 13 0
3 14 1
2 14 0
1 15 1
2 15 0
7 8 0
7 7 0
7 6 0
7 5 0
7 4 0
7 3 0
8 2 0
8 1 0
0 0 1
board #8 24
8 7 0
8 6 0
8 9 1
7 9 0
7 10 1
6 10 0
6 11 1
5 11 0
5 12 1
4 12 0
4 13 0
4 14 1
3 14 1
5 13 0
5 14 0
8 5 1
9 5 0
9 4 0
4 15 1
5 15 0
9 3 1
10 3 0
10 2 1
11 2 1
12 2 1
8 4 1
13 2 1
14 2 1
7 6 0
7 4 1
6 5 1
5 6 0
5 5 0
6 6 0
5 4 0
6 3 1
5 3 1
4 4 1
7 3 1
3 5 0
3 4 0
4 5 0
3 3 0
4 2 1
3 2 1
2 3 0
2 2 0
2 1 1
3 1 0
0 0 1
board #9 51
8 9 0
8 10 0
8 7 0
8 11 1
7 11 0
7 12 1
6 12 0
6 13 1
5 13 1
4 13 1
9 10 1
3 13 0
3 14 0
4 12 0
5 12 1
5 11 0
6 11 1
6 10 0
2 15 0
7 9 0
8 6 0
8 5 1
9 5 0
9 4 0
9 3 0
9 2 1
10 2 1
8 3 0
8 2 1
7 3 0
7 2 0
8 1 0
0 0 0
board #10 34
8 7 0
8 9 0
8 6 1
9 6 1
7 7 0
7 6 1
6 7 1
10 6 0
9 7 0
10 5 0
10 4 0
10 3 0
8 10 1
7 10 1
9 9 0
9 10 1
10 9 0
10 10 1
11 9 1
6 10 0
7 9 0
6 11 0
6 12 0
6 13 1
5 13 0
5 14 1
4 14 0
3 15 1
4 15 0
11 2 0
11 1 0
0 0 1
board #11 33
8 9 1
7 9 1
9 8 0
9 9 0
8 10 0
