8 11 0
8 9 0
8 10 0
8 7 1
9 7 0
9 6 1
10 6 1
7 8 1
11 6 1
12 6 1
6 9 1
13 6 1
14 6 1
5 10 0
5 9 1
4 10 1
3 11 0
3 10 1
2 11 1
15 6 0
15 5 0
14 7 1
15 7 1
16 6 0
16 7 0
15 8 0
15 4 1
14 5 1
16 3 0
16 4 1
1 11 1
0 0 0
board #1 33
6 10 0
6 11 1
5 11 1
7 11 0
7 10 0
7 12 0
7 13 0
8 7 1
9 7 0
9 6 1
10 6 0
10 5 0
10 4 0
7 14 1
6 14 0
6 15 0
8 9 1
7 9 0
10 3 1
11 3 1
9 4 1
12 3 1
13 3 1
14 3 0
13 4 0
14 2 0
12 5 0
14 1 1
15 1 1
13 2 1
16 1 1
9 5 0
8 5 1
7 5 1
6 6 1
5 7 0
5 6 1
4 7 1
3 8 0
3 7 0
4 8 0
4 6 0
5 5 1
4 5 0
5 4 0
6 7 0
6 3 0
6 8 0
6 9 0
6 2 0
6 1 1
7 1 1
7 2 1
5 2 1
7 3 0
8 2 1
8 3 1
4 3 0
4 2 0
5 3 0
5 1 0
5 16 1
6 16 1
7 15 1
4 16 0
5 15 0
0 0 0
board #2 68
7 11 0
8 9 1
7 9 1
9 9 1
6 9 1
5 9 1
10 9 0
10 8 1
11 8 0
11 7 0
9 10 1
10 10 0
9 11 0
11 6 0
11 5 1
12 5 1
10 6 1
10 7 0
9 7 1
9 8 0
8 7 1
7 8 0
7 7 1
6 8 1
13 5 1
14 5 0
14 4 0
13 6 1
14 6 0
13 7 0
14 3 0
14 2 1
15 2 1
13 3 1
16 1 1
12 4 1
4 9 0
4 10 1
3 10 0
3 11 0
4 11 0
4 8 1
5 8 0
5 7 1
6 7 1
3 8 0
3 9 1
2 9 1
1 9 1
0 0 1
board #3 51
9 6 1
10 6 1
11 6 0
10 7 0
11 5 0
11 4 1
12 4 1
10 5 1
13 4 1
8 6 1
14 4 1
7 6 0
7 7 1
6 7 0
6 8 1
5 8 1
15 4 0
15 3 0
14 5 0
15 2 0
15 1 0
13 6 1
13 5 0
12 6 1
12 5 0
9 8 1
9 7 1
10 8 0
9 9 0
8 10 1
9 10 1
8 9 1
10 10 0
10 9 0
9 11 1
10 11 1
11 10 0
11 11 1
12 10 0
12 11 1
13 10 1
14 9 1
15 9 1
4 8 0
4 9 0
5 7 1
4 7 1
3 8 1
16 8 0
16 9 1
2 9 1
1 9 1
0 0 0
board #4 54
10 10 1
8 11 0
8 10 1
9 10 1
7 10 0
7 11 1
6 11 1
5 11 1
4 11 0
4 12 0
5 10 1
4 10 0
5 9 1
4 9 0
5 8 0
4 13 1
5 12 0
5 13 1
6 12 0
6 13 0
5 14 0
6 7 0
6 6 0
6 5 0
7 4 1
6 4 1
5 5 0
5 4 1
4 5 1
8 4 0
7 5 0
8 3 1
9 3 0
9 2 1
10 2 1
10 3 0
11 2 1
11 3 0
12 2 1
12 3 0
13 2 1
14 2 1
15 2 1
16 1 1
3 6 1
2 7 1
1 8 1
0 0 0
board #5 49
8 10 1
7 10 1
6 10 0
6 11 0
7 9 0
6 12 0
6 13 1
5 13 1
7 12 0
7 13 1
8 12 1
4 13 1
3 13 1
9 11 0
9 12 0
8 11 0
9 13 1
8 13 1
10 12 0
10 13 0
9 14 1
10 14 1
11 13 0
11 14 1
12 13 1
13 12 0
13 13 1
14 12 0
14 13 0
12 12 1
13 11 1
2 13 1
14 10 0
14 11 1
15 11 1
1 13 0
1 14 1
16 10 1
0 0 0
board #6 40
8 7 1
9 7 0
9 6 0
9 5 0
8 9 1
7 9 0
7 10 1
6 10 0
6 11 1
5 11 0
5 12 0
5 13 1
4 13 1
6 12 0
6 13 1
7 12 0
7 13 0
6 14 1
7 14 1
8 13 0
8 14 0
7 15 0
9 4 1
10 4 1
8 5 0
8 4 1
7 5 0
7 4 0
8 3 1
7 3 1
6 4 1
11 4 1
12 4 1
5 5 0
5 4 0
6 5 0
5 3 1
6 3 1
4 4 1
13 4 0
12 5 1
13 5 1
3 5 1
14 5 1
2 6 1
15 5 0
15 4 0
14 6 1
15 6 0
14 7 1
15 7 0
14 8 0
15 3 1
14 4 0
13 3 0
13 8 0
13 2 0
12 9 1
12 8 0
11 8 0
13 1 1
14 1 0
10 8 0
9 8 0
6 16 1
7 16 0
0 0 0
board #7 68
7 10 1
9 10 0
8 9 1
9 8 0
9 9 1
10 9 0
10 8 1
11 8 0
11 7 0
10 7 0
9 11 1
8 11 1
10 11 1
11 11 1
7 11 0
8 10 1
6 10 1
5 10 1
12 11 1
13 10 0
13 11 0
12 12 1
13 12 1
14 11 0
14 12 0
13 13 0
13 9 1
12 10 1
14 9 0
14 8 1
