3 2 0
3 4 0
2 5 1
3 5 1
1 5 1
4 4 1
5 3 1
0 0 0
board #1 9
3 4 0
3 2 0
2 5 1
3 5 0
4 1 0
0 0 0
board #2 7
3 2 1
4 2 0
4 1 1
5 1 1
2 3 1
1 3 0
1 4 0
1 5 0
1 2 1
2 2 0
2 1 1
3 1 1
0 0 0
board #3 14
3 2 0
3 4 1
2 4 1
4 3 0
4 4 0
3 5 0
3 1 0
0 0 1
board #4 9
3 2 0
3 4 1
2 4 0
2 5 0
3 1 1
4 1 1
5 1 1
2 2 1
1 2 0
1 3 0
1 1 1
2 1 1
0 0 1
board #5 14
3 2 0
3 4 0
4 1 0
2 5 1
3 5 0
0 0 0
board #6 7
3 4 1
2 4 1
4 3 0
4 4 0
3 5 0
3 2 0
3 1 0
0 0 1
board #7 9
3 2 0
3 4 1
2 4 0
1 5 0
3 1 0
0 0 0
board #8 7
3 4 1
2 4 1
4 3 1
1 4 1
5 2 1
0 0 1
board #9 7
3 4 0
3 2 1
4 2 1
2 3 0
2 2 1
1 3 1
5 2 1
0 0 0
board #10 9
3 2 1
4 2 1
2 2 1
5 1 1
1 2 1
0 0 0
board #11 7
3 4 1
2 4 1
4 3 0
4 4 1
5 3 1
1 4 1
0 0 1
board #12 8
3 4 0
3 2 0
2 5 0
3 1 0
0 0 0
board #13 6
3 4 1
2 4 1
4 3 0
4 4 1
1 4 0
1 5 1
5 4 1
0 0 1
board #14 9
3 2 1
4 2 0
4 1 1
5 1 0
3 4 0
2 5 0
0 0 1
board #15 8
3 2 0
3 4 0
2 5 1
3 5 1
1 5 0
2 4 1
1 4 1
4 4 0
4 5 1
5 4 1
0 0 1
board #16 12
3 2 1
4 2 1
2 3 0
2 2 0
3 4 1
1 5 0
1 4 0
2 1 1
3 1 1
1 1 0
1 2 0
0 0 0
board #17 13
3 4 1
2 4 0
2 5 0
3 2 1
4 2 1
2 2 1
5 1 0
5 2 1
1 2 0
1 3 0
1 4 0
1 1 1
2 1 1
0 0 0
board #18 15
3 4 1
2 4 0
1 5 1
2 5 1
4 3 1
5 2 0
5 3 1
0 0 0
board #19 9
3 2 1
4 2 0
5 1 0
3 4 1
2 4 1
4 4 0
4 3 1
5 3 1
1 5 1
0 0 1
board #20 11
3 2 0
3 4 1
2 4 0
1 5 0
3 1 1
4 1 1
5 1 0
4 2 1
5 2 1
2 2 1
1 3 1
0 0 0
board #21 13
3 4 1
2 4 0
2 5 0
3 2 1
4 2 0
4 1 1
5 1 1
2 2 1
1 3 1
0 0 0
board #22 11
3 4 0
3 2 1
4 2 1
2 3 1
5 2 1
1 4 1
0 0 1
board #23 8
3 4 1
2 4 1
4 3 0
4 4 0
3 5 1
4 5 1
5 4 0
5 5 0
3 2 0
3 1 0
0 0 1
board #24 12
3 2 0
3 4 1
2 4 0
1 5 1
2 5 1
4 3 0
4 4 0
4 5 0
4 1 0
0 0 1
board #25 11
3 2 1
4 2 0
4 1 1
5 1 0
3 4 1
2 4 1
4 3 1
1 4 0
1 5 1
5 2 0
5 3 0
4 4 1
5 4 1
0 0 1
board #26 15
3 2 1
4 2 0
5 1 0
3 4 0
2 5 0
0 0 1
board #27 7
3 4 0
3 2 1
4 2 1
2 3 1
5 1 0
5 2 1
1 3 0
1 4 1
0 0 1
board #28 10
3 4 1
2 4 0
2 5 0
3 2 0
3 1 0
0 0 0
board #29 7
3 2 1
4 2 0
4 1 1
5 1 1
2 3 1
1 3 1
0 0 1
board #30 8
3 4 1
2 4 0
1 5 1
2 5 1
4 3 1
5 3 1
0 0 0
board #31 8
3 4 0
3 2 1
4 2 1
2 3 0
2 2 1
1 2 0
1 3 1
5 1 0
5 2 1
0 0 0
board #32 11
3 4 0
3 2 1
4 2 1
2 3 0
2 2 0
3 1 0
2 5 0
0 0 1
board #33 9
3 4 1
2 4 0
1 5 1
2 5 1
4 4 0
4 3 1
5 2 0
5 3 0
5 1 0
4 5 0
0 0 1
board #34 12
3 4 1
2 4 1
4 4 0
4 3 1
1 5 1
5 2 1
0 0 0
board #35 8
3 4 0
3 2 0
3 1 0
2 5 0
0 0 0
board #36 6
3 4 0
3 2 1
4 2 0
4 1 1
5 1 1
2 2 1
1 2 0
1 3 0
2 3 1
1 4 1
0 0 1
board #37 12
3 2 0
3 4 1
2 4 1
4 3 0
4 4 1
5 3 0
5 4 1
1 4 0
1 5 0
2 3 1
1 3 0
2 2 1
1 2 0
1 1 1
2 1 1
0 0 1
board #38 17
3 2 0
3 4 1
2 4 1
4 3 0
4 4 0
4 5 0
3 1 1
4 1 0
0 0 0
board #39 10
3 2 1
4 2 0
4 1 1
5 1 0
3 4 1
2 4 1
4 4 0
4 3 0
3 5 1
4 5 1
5 4 0
5 5 0
0 0 1
board #40 14
3 2 1
4 2 0
5 1 0
3 4 0
2 5 0
0 0 0
board #41 7
3 4 1
2 4 1
4 3 0
4 4 0
3 5 1
4 5 1
5 4 0
5 5 0
3 2 0
3 1 0
0 0 1
board #42 12
3 4 1
2 4 0
1 5 1
2 5 0
3 2 1
4 2 1
2 2 1
5 2 1
1 2 0
1 3 1
0 0 1
board #43 12
3 4 1
2 4 1
4 3 1
1 4 0
1 5 0
2 3 1
1 3 1
5 3 1
0 0 0
board #44 10
3 4 1
2 4 0
1 5 0
3 2 0
3 1 0
0 0 0
board #45 7
3 2 0
3 4 1
2 4 0
1 5 1
2 5 1
4 3 0
4 4 1
5 3 1
0 0 0
board #46 10
3 4 1
2 4 0
1 5 1
2 5 1
4 3 0
4 4 1
5 3 0
5 4 0
4 5 1
5 5 1
0 0 1
board #47 12
3 2 1
4 2 1
2 3 1
5 1 1
1 3 0
1 4 1
0 0 0
board #48 8
3 4 0
3 2 0
3 1 0
2 5 0
0 0 1
board #49 6
3 2 1
4 2 0
4 1 1
5 1 0
3 4 0
2 5 1
3 5 1
1 5 1
4 4 1
5 3 1
0 0 0
board #50 12
3 2 0
3 4 0
3 1 0
2 5 1
3 5 1
1 5 0
2 4 0
0 0 1
board #51 9
3 4 1
2 4 1
4 3 1
1 4 0
1 5 1
5 2 1
0 0 1
board #52 8
3 4 1
2 4 1
4 4 0
4 3 1
5 3 1
1 5 1
0 0 1
board #53 8
3 2 0
3 4 0
4 1 0
2 5 1
3 5 0
0 0 0
board #54 7
3 2 1
4 2 1
2 2 1
5 1 0
5 2 0
4 3 1
5 3 0
4 4 0
4 5 0
0 0 0
board #55 11
3 2 0
3 4 0
2 5 1
3 5 1
1 5 1
4 4 1
5 3 1
0 0 0
board #56 9
3 2 0
3 4 1
2 4 1
4 3 1
1 5 1
5 2 1
0 0 1
board #57 8
3 4 1
2 4 1
4 3 1
1 4 1
5 2 1
0 0 0
board #58 7
3 4 1
2 4 1
4 4 1
1 4 0
1 5 1
5 4 1
0 0 1
board #59 8
3 4 0
3 2 1
4 2 1
2 3 1
5 2 1
1 4 1
0 0 0
board #60 8
3 4 1
2 4 1
4 4 1
1 4 1
5 3 1
0 0 0
board #61 7
3 2 1
4 2 0
4 1 1
5 1 1
2 3 0
2 2 0
2 1 1
3 1 1
1 1 0
1 2 0
3 4 0
3 5 0
0 0 0
board #62 14
3 2 1
4 2 1
2 3 0
2 2 0
2 1 1
3 1 0
3 4 0
2 5 0
0 0 1
board #63 10
3 2 1
4 2 1
2 3 1
5 1 1
1 4 1
0 0 0
board #64 7
3 2 1
4 2 1
2 3 0
2 2 1
1 3 1
5 1 0
5 2 1
0 0 0
board #65 9
3 2 1
4 2 1
2 3 0
2 2 1
5 1 0
5 2 0
4 3 0
1 5 0
1 4 1
2 4 1
4 4 0
4 5 0
0 0 0
board #66 14
3 2 1
4 2 1
2 3 0
2 2 0
2 1 0
3 4 0
2 5 0
0 0 1
board #67 9
3 2 0
3 4 1
2 4 0
1 5 1
2 5 0
4 1 0
0 0 0
board #68 8
3 2 0
3 4 0
3 1 0
3 5 0
0 0 1
board #69 6
3 4 0
3 2 1
4 2 0
4 1 0
2 5 0
0 0 1
board #70 7
3 4 0
3 2 0
2 5 1
3 5 1
1 5 0
2 4 1
1 4 0
2 3 0
3 1 1
4 1 1
5 1 1
2 1 0
2 2 1
1 2 0
1 3 1
0 0 1
board #71 17
3 2 1
4 2 1
2 2 1
5 1 0
5 2 1
1 3 1
0 0 1
board #72 8
3 4 0
3 2 0
2 5 1
3 5 0
4 1 0
0 0 1
board #73 7
3 4 0
3 2 1
4 2 1
2 3 1
5 1 0
5 2 0
4 3 1
5 3 1
1 4 1
0 0 1
board #74 11
3 4 0
3 2 1
4 2 0
4 1 1
5 1 1
2 3 1
1 3 0
1 4 1
0 0 1
board #75 10
3 2 0
3 4 0
3 1 1
4 1 0
3 5 0
0 0 1
board #76 7
3 2 0
3 4 1
2 4 1
4 3 0
4 4 0
3 5 1
4 5 0
3 1 1
4 1 1
5 1 0
4 2 1
5 2 1
2 2 1
1 2 0
1 3 0
2 3 1
1 5 1
0 0 0
board #77 19
3 2 1
4 2 0
5 1 0
3 4 0
2 5 0
0 0 1
board #78 7
3 4 0
3 2 0
4 1 0
2 5 1
3 5 1
1 5 0
2 4 1
1 4 0
2 3 0
0 0 1
board #79 11
3 4 0
3 2 1
4 2 1
2 3 1
5 1 0
5 2 1
1 4 1
0 0 1
board #80 9
3 2 0
3 4 0
2 5 0
3 1 1
4 1 1
5 1 0
4 2 1
5 2 0
4 3 0
0 0 0
board #81 11
3 2 0
3 4 0
3 1 0
2 5 0
0 0 0
board #82 6
3 2 0
3 4 0
3 1 1
4 1 0
3 5 0
0 0 1
board #83 7
3 4 0
3 2 1
4 2 0
4 1 1
5 1 0
3 5 0
0 0 0
board #84 8
3 4 1
2 4 0
2 5 0
3 2 1
4 2 0
4 1 1
5 1 0
0 0 0
board #85 9
3 2 1
4 2 1
2 3 0
2 2 0
3 1 0
3 4 1
2 4 0
1 5 0
0 0 0
board #86 10
3 2 1
4 2 0
4 1 0
3 4 0
2 5 1
3 5 1
1 5 1
4 4 0
4 5 0
0 0 1
board #87 11
3 2 0
3 4 0
2 5 0
3 1 1
4 1 0
0 0 1
board #88 7
3 4 1
2 4 1
4 4 1
1 5 1
5 4 1
0 0 0
board #89 7
3 2 0
3 4 0
4 1 0
3 5 0
0 0 1
board #90 6
3 4 1
2 4 0
1 5 0
3 2 0
4 1 0
0 0 0
board #91 7
3 2 1
4 2 0
4 1 1
5 1 1
2 3 0
2 2 1
1 2 1
0 0 1
board #92 9
4 2 0
3 4 0
4 1 1
5 1 0
2 5 0
0 0 1
board #93 7
3 2 1
4 2 1
2 3 1
5 2 1
1 4 1
0 0 1
board #94 7
3 2 0
3 4 1
2 4 0
2 5 0
3 1 0
0 0 0
board #95 7
3 4 0
3 2 1
4 2 0
4 1 0
2 5 0
0 0 1
board #96 7
3 4 0
3 2 1
4 2 1
2 3 1
5 1 1
1 3 0
1 4 1
0 0 1
board #97 9
3 2 1
4 2 0
4 1 0
3 4 0
2 5 1
3 5 0
0 0 1
board #98 8
3 2 0
3 4 0
3 5 0
3 1 1
4 1 1
5 1 1
2 2 0
2 1 0
0 0 0
board #99 10
3 2 1
4 2 1
2 3 1
5 1 1
1 3 0
1 4 1
0 0 1
board #100 8
3 2 1
4 2 0
4 1 1
5 1 0
3 4 1
2 4 0
1 5 1
2 5 0
0 0 1
board #101 10
3 4 0
3 2 0
3 1 1
4 1 0
3 5 0
0 0 1
board #102 7
3 2 0
3 4 1
2 4 0
1 5 0
3 1 1
4 1 0
0 0 1
board #103 8
3 2 0
3 4 1
2 4 1
4 3 0
4 4 0
3 5 0
3 1 1
4 1 1
5 1 0
4 2 0
0 0 1
board #104 12
3 2 0
3 4 1
2 4 0
1 5 1
2 5 0
3 1 0
0 0 0
board #105 8
3 4 0
3 2 0
2 5 1
3 5 1
1 5 1
4 4 1
5 3 1
0 0 1
board #106 9
3 2 1
4 2 1
2 3 1
5 1 0
5 2 1
1 4 1
0 0 1
board #107 8
3 4 0
3 2 1
4 2 0
4 1 0
3 5 0
0 0 0
board #108 7
3 2 1
4 2 1
2 3 1
5 2 1
1 3 0
1 4 0
1 5 0
2 2 0
3 1 0
0 0 1
board #109 11
3 2 1
4 2 0
4 1 0
3 4 1
2 4 0
2 5 0
0 0 0
board #110 8
3 4 1
2 4 0
1 5 1
2 5 1
4 3 0
4 4 1
5 4 1
0 0 0
board #111 9
3 2 0
3 4 0
2 5 1
3 5 0
3 1 0
0 0 0
board #112 7
3 2 0
3 4 0
2 5 0
3 1 0
0 0 1
board #113 6
3 2 1
4 2 1
2 2 0
2 3 0
2 1 0
3 4 1
1 5 0
1 4 0
0 0 0
board #114 10
3 2 0
3 4 1
2 4 0
1 5 1
2 5 0
3 1 1
4 1 1
5 1 1
2 2 0
2 1 1
1 2 1
0 0 1
board #115 13
3 2 1
4 2 1
2 2 1
5 1 0
5 2 0
4 3 1
5 3 1
1 2 1
0 0 1
board #116 10
3 4 1
2 4 0
2 5 0
3 2 1
4 2 0
4 1 1
5 1 1
2 3 1
1 3 1
0 0 0
board #117 11
3 4 1
2 4 0
1 5 0
3 2 1
4 2 0
5 1 0
0 0 1
board #118 8
3 4 0
3 2 0
2 5 1
3 5 0
3 1 0
0 0 0
board #119 7
3 4 1
2 4 0
1 5 0
3 2 1
4 2 1
2 2 0
2 3 1
1 4 1
5 2 1
0 0 0
board #120 11
3 4 0
3 2 0
2 5 1
3 5 1
1 5 1
4 4 0
4 5 1
5 4 1
0 0 0
board #121 10
3 4 1
2 4 0
1 5 1
2 5 1
4 3 0
4 4 0
4 5 0
5 1 0
4 2 1
5 2 0
0 0 0
board #122 12
3 2 0
3 4 1
2 4 0
1 5 0
3 1 0
0 0 0
board #123 7
3 2 1
4 2 0
4 1 1
5 1 0
3 4 1
2 4 0
1 5 0
0 0 1
board #124 9
3 2 1
4 2 0
5 1 0
3 4 0
3 5 0
0 0 1
board #125 7
3 2 0
3 4 1
2 4 0
1 5 1
2 5 1
4 4 1
5 4 1
0 0 1
board #126 9
3 2 0
3 4 0
2 5 0
3 1 1
4 1 0
0 0 0
board #127 7
3 2 1
4 2 1
2 3 0
2 2 0
2 1 1
3 1 1
1 2 1
5 1 0
5 2 0
4 3 1
5 3 1
0 0 1
board #128 13
3 2 0
3 4 0
3 1 1
4 1 0
2 5 1
3 5 0
0 0 0
board #129 8
3 2 1
4 2 0
5 1 0
3 4 0
2 5 0
0 0 1
board #130 7
3 2 0
3 4 0
2 5 1
3 5 1
1 5 1
4 4 1
5 3 1
0 0 1
board #131 9
3 4 1
2 4 1
4 3 1
1 5 1
5 3 1
0 0 0
board #132 7
3 4 0
3 2 0
2 5 0
3 1 1
4 1 0
0 0 1
board #133 7
3 2 0
3 4 0
3 5 0
4 1 0
0 0 0
board #134 6
3 4 0
3 2 1
4 2 1
2 3 1
5 1 0
5 2 0
4 3 1
5 3 0
4 4 1
5 4 0
4 5 1
5 5 1
1 3 1
0 0 1
board #135 15
3 2 1
4 2 1
2 2 1
5 1 0
5 2 1
1 3 1
0 0 0
board #136 8
3 2 1
4 2 0
4 1 0
3 4 1
2 4 1
4 4 1
1 4 0
1 5 0
2 3 1
1 3 1
5 3 0
5 4 0
5 5 0
4 3 1
5 2 1
0 0 1
board #137 17
3 2 1
4 2 0
5 1 0
3 4 0
2 5 0
0 0 0
board #138 7
3 4 0
3 2 0
3 1 1
4 1 0
3 5 0
0 0 0
board #139 7
3 2 1
4 2 1
2 2 1
5 1 1
1 2 0
1 3 0
2 3 1
1 4 1
0 0 0
board #140 10
3 2 0
3 4 1
2 4 0
2 5 0
4 1 0
0 0 0
board #141 7
3 4 0
3 2 1
4 2 0
4 1 1
5 1 0
2 5 1
3 5 0
0 0 1
board #142 9
3 4 0
3 2 1
4 2 1
2 3 0
2 2 1
1 3 1
5 1 1
0 0 0
board #143 9
3 2 1
4 2 1
2 3 0
2 2 1
1 2 0
1 3 0
2 1 0
3 4 1
2 4 0
1 5 1
2 5 0
0 0 0
board #144 13
3 2 0
3 4 0
3 1 1
4 1 0
2 5 1
3 5 1
1 5 0
2 4 0
0 0 1
board #145 10
3 4 0
3 2 1
4 2 1
2 3 1
5 1 0
5 2 0
4 3 0
2 5 0
0 0 0
board #146 10
3 4 0
3 2 0
3 1 1
4 1 1
5 1 0
4 2 0
2 5 1
3 5 1
1 5 1
4 4 0
4 5 0
0 0 1
board #147 13
3 2 1
4 2 1
2 3 0
2 2 0
2 1 0
3 4 1
2 4 1
1 4 1
4 3 0
4 4 1
5 3 0
5 4 0
4 5 1
5 5 0
0 0 1
board #148 16
3 2 1
4 2 1
2 2 1
5 1 0
5 2 1
1 2 0
1 3 1
0 0 1
board #149 9
3 2 0
3 4 1
2 4 1
4 4 1
1 5 1
5 3 1
0 0 0
board #150 8
3 2 1
4 2 0
4 1 0
3 4 0
2 5 1
3 5 0
0 0 0
board #151 8
3 4 0
3 2 0
4 1 0
3 5 0
0 0 1
board #152 6
3 4 1
2 4 1
4 3 1
1 4 0
1 5 1
5 2 0
5 3 1
0 0 1
board #153 9
3 2 0
3 4 0
2 5 0
3 1 0
0 0 0
board #154 6
3 4 0
3 2 1
4 2 1
2 3 1
5 1 0
5 2 0
4 3 0
2 5 0
0 0 1
board #155 10
3 4 1
2 4 0
1 5 0
3 2 1
4 2 0
4 1 0
0 0 1
board #156 8
3 4 1
2 4 1
4 4 1
1 5 1
5 3 0
5 4 1
0 0 0
board #157 8
3 4 0
3 2 1
4 2 1
2 3 0
2 2 0
2 1 1
3 1 0
2 5 1
3 5 1
1 5 0
1 4 1
2 4 0
0 0 0
board #158 14
3 4 0
3 2 0
4 1 0
2 5 0
0 0 0
board #159 6
3 4 0
3 2 1
4 2 1
2 3 0
2 2 1
1 2 0
1 3 1
5 1 0
5 2 0
4 3 1
5 3 1
0 0 1
board #160 13
3 4 1
2 4 1
4 3 1
1 4 1
5 2 0
5 3 1
0 0 1
board #161 8
3 2 1
4 2 0
4 1 1
5 1 0
3 4 1
2 4 0
1 5 0
0 0 0
board #162 9
3 4 1
2 4 1
4 3 0
4 4 0
3 5 0
3 2 1
4 2 0
5 1 0
0 0 0
board #163 10
3 4 0
3 2 1
4 2 0
4 1 0
3 5 0
0 0 1
board #164 7
3 4 1
2 4 0
1 5 1
2 5 0
3 2 1
4 2 0
4 1 1
5 1 0
0 0 0
board #165 10
3 4 1
2 4 0
1 5 1
2 5 0
3 2 0
4 1 0
0 0 0
board #166 8
3 4 1
2 4 0
2 5 0
3 2 1
4 2 1
2 2 1
5 2 1
1 2 1
0 0 0
board #167 10
3 2 1
4 2 1
2 2 1
5 1 0
5 2 0
4 3 1
5 3 1
1 3 1
0 0 0
board #168 10
3 2 0
3 4 0
2 5 1
3 5 1
1 5 1
4 4 0
4 5 0
3 1 0
0 0 0
board #169 10
3 2 0
3 4 0
3 1 1
4 1 0
3 5 0
0 0 0
board #170 7
3 4 0
3 2 0
3 5 0
3 1 1
4 1 1
5 1 0
4 2 1
5 2 1
2 2 1
1 2 0
1 3 1
0 0 1
board #171 13
3 4 0
3 2 0
3 1 0
2 5 0
0 0 0
board #172 6
3 2 0
3 4 1
2 4 1
4 3 1
1 4 0
1 5 0
2 3 1
1 3 0
2 2 1
1 2 1
5 2 0
5 3 0
5 1 0
4 4 1
5 4 0
4 5 0
0 0 0
board #173 18
3 4 0
3 2 1
4 2 0
4 1 1
5 1 0
3 5 0
0 0 0
board #174 8
3 4 1
2 4 1
4 3 1
1 4 0
1 5 0
2 3 0
2 2 0
2 1 0
0 0 1
board #175 10
3 2 0
3 4 1
2 4 0
1 5 0
3 1 0
0 0 1
board #176 7
3 4 0
3 2 1
4 2 1
2 3 0
2 2 0
2 1 1
3 1 0
3 5 0
0 0 1
board #177 10
3 2 0
3 4 0
3 1 0
2 5 1
3 5 0
0 0 0
board #178 7
3 2 0
3 4 0
4 1 0
2 5 0
0 0 0
board #179 6
3 2 0
3 4 1
2 4 0
1 5 0
4 1 0
0 0 0
board #180 7
3 2 1
4 2 1
2 3 0
2 2 0
2 1 1
3 1 0
3 4 0
2 5 0
0 0 0
board #181 10
3 2 1
4 2 0
4 1 1
5 1 0
3 4 1
2 4 1
4 3 1
1 4 0
1 5 0
2 3 0
0 0 0
board #182 12
3 2 0
3 4 1
2 4 1
4 3 1
1 5 1
5 3 1
0 0 1
board #183 8
3 2 0
3 4 0
3 1 1
4 1 1
5 1 0
4 2 0
2 5 1
3 5 0
0 0 1
board #184 10
3 2 0
3 4 0
3 5 0
3 1 1
4 1 1
5 1 1
2 2 1
1 3 1
0 0 1
board #185 10
3 2 1
4 2 0
5 1 0
3 4 1
2 4 1
4 4 0
4 3 1
5 2 0
5 3 1
1 5 1
0 0 1
board #186 12
3 2 0
3 4 1
2 4 0
1 5 1
2 5 0
3 1 1
4 1 0
0 0 1
board #187 9
3 2 1
4 2 1
2 3 0
2 2 1
1 2 0
1 3 0
1 1 1
2 1 0
3 4 0
3 5 0
0 0 0
board #188 12
3 4 0
3 2 0
2 5 0
3 1 1
4 1 1
5 1 0
4 2 1
5 2 1
2 2 1
1 2 0
1 3 0
2 3 0
2 1 0
0 0 1
board #189 15
3 4 0
3 2 0
3 1 1
4 1 0
2 5 0
0 0 1
board #190 7
3 2 0
3 4 0
4 1 0
3 5 0
0 0 1
board #191 6
3 4 1
2 4 1
4 3 0
4 4 0
3 5 1
4 5 1
5 4 1
1 4 0
1 5 0
2 3 1
1 3 0
2 2 1
1 2 1
0 0 0
board #192 15
3 2 0
3 4 0
4 1 0
2 5 1
3 5 0
0 0 0
board #193 7
3 4 0
3 2 1
4 2 0
5 1 0
2 5 1
3 5 1
1 5 1
4 4 1
5 3 0
5 4 0
4 5 1
5 5 1
0 0 0
board #194 14
3 4 1
2 4 1
4 3 1
1 4 0
1 5 0
2 3 0
2 2 1
3 2 1
4 2 0
5 1 0
0 0 1
board #195 12
3 2 0
3 4 0
3 1 1
4 1 0
2 5 0
0 0 1
board #196 7
3 2 1
4 2 1
2 2 1
5 1 0
5 2 0
4 3 0
4 4 1
3 4 1
2 4 0
1 5 1
2 5 0
0 0 0
board #197 13
3 4 1
2 4 0
1 5 1
2 5 1
4 3 1
5 2 0
5 3 0
5 1 0
5 4 1
4 4 0
3 5 0
0 0 1
board #198 13
3 4 1
2 4 1
4 3 0
4 4 0
3 5 1
4 5 0
3 2 1
4 2 0
4 1 1
5 1 0
0 0 0
board #199 12
3 2 1
4 2 1
2 2 0
2 3 1
5 1 0
5 2 0
4 3 0
4 4 0
4 5 0
0 0 0
board #200 11
3 2 0
3 4 1
2 4 0
2 5 0
4 1 0
0 0 0
board #201 7
3 2 0
3 4 1
2 4 1
4 3 1
1 4 0
1 5 0
2 3 0
3 1 1
4 1 1
5 1 0
4 2 0
0 0 0
board #202 13
3 2 0
3 4 1
2 4 0
1 5 1
2 5 1
4 3 0
4 4 1
5 3 1
0 0 0
board #203 10
3 4 1
2 4 1
4 4 1
1 4 0
1 5 0
2 3 0
2 2 0
3 1 0
0 0 0
board #204 10
3 4 0
3 2 0
2 5 0
3 1 0
0 0 0
board #205 6
3 4 0
3 2 0
3 1 1
4 1 0
2 5 1
3 5 0
0 0 1
board #206 8
3 4 0
3 2 0
3 5 0
3 1 0
0 0 0
board #207 6
3 4 1
2 4 1
4 3 1
1 4 0
1 5 1
5 2 0
5 3 1
0 0 1
board #208 9
3 2 1
4 2 1
2 3 0
2 2 1
1 2 0
1 3 0
1 1 1
2 1 1
5 1 0
5 2 1
0 0 0
board #209 12
3 2 1
4 2 0
5 1 0
3 4 1
2 4 1
4 4 0
4 3 0
4 5 0
0 0 0
board #210 10
3 2 1
4 2 1
2 3 1
5 1 1
1 3 0
1 4 1
0 0 1
board #211 8
3 4 1
2 4 0
2 5 0
3 2 1
4 2 1
2 2 1
5 1 0
5 2 1
1 2 0
1 3 1
0 0 1
board #212 12
3 4 1
2 4 0
1 5 1
2 5 0
3 2 1
4 2 0
4 1 0
0 0 1
board #213 9
3 4 0
3 2 0
3 1 1
4 1 1
5 1 1
2 2 0
2 1 0
2 5 1
3 5 0
0 0 1
board #214 11
3 4 0
3 2 0
2 5 1
3 5 1
1 5 1
4 4 1
5 3 1
0 0 1
board #215 9
3 4 1
2 4 1
4 3 0
4 4 1
5 4 1
1 4 0
1 5 1
0 0 0
board #216 9
3 2 0
3 4 1
2 4 1
4 3 1
1 5 1
5 2 0
5 3 0
5 1 0
5 4 0
4 5 1
5 5 1
3 5 0
4 4 0
0 0 1
board #217 15
3 4 0
3 2 0
2 5 1
3 5 0
3 1 0
0 0 1
board #218 7
3 4 0
3 2 1
4 2 1
2 3 1
5 1 1
1 4 1
0 0 0
board #219 8
3 4 0
3 2 1
4 2 1
2 3 1
5 1 0
5 2 0
4 3 1
5 3 0
4 4 1
5 4 1
1 3 0
1 4 1
0 0 1
board #220 14
3 2 1
4 2 0
4 1 1
5 1 0
3 4 1
2 4 0
1 5 1
2 5 0
0 0 1
board #221 10
3 4 1
2 4 1
4 3 1
1 4 0
1 5 1
5 2 0
5 3 1
0 0 1
board #222 9
3 2 1
4 2 0
4 1 1
5 1 0
3 4 1
2 4 0
1 5 1
2 5 1
4 4 0
4 3 0
4 5 0
0 0 1
board #223 13
3 4 1
2 4 0
2 5 0
3 2 0
3 1 1
4 1 0
0 0 0
board #224 8
3 4 0
3 2 1
4 2 0
4 1 1
5 1 1
2 3 0
2 2 1
1 2 1
0 0 0
board #225 10
3 4 0
3 2 0
2 5 1
3 5 0
4 1 0
0 0 1
board #226 7
3 4 1
2 4 0
1 5 1
2 5 0
3 2 0
3 1 1
4 1 0
0 0 0
board #227 9
3 4 1
2 4 1
4 3 1
1 4 1
5 3 1
0 0 0
board #228 7
3 4 1
2 4 1
4 3 0
4 4 0
3 5 1
4 5 0
3 2 1
5 1 0
4 2 1
5 2 0
0 0 0
board #229 12
3 2 0
3 4 1
2 4 1
4 3 0
4 4 0
3 5 1
4 5 1
5 4 1
1 4 0
1 5 0
2 3 0
3 1 1
4 1 0
0 0 1
board #230 15
3 4 1
2 4 1
4 3 0
4 4 1
5 3 0
5 4 1
1 4 0
1 5 1
0 0 0
board #231 10
3 4 0
3 2 1
4 2 0
5 1 0
2 5 1
3 5 0
0 0 0
board #232 8
3 4 1
2 4 1
4 3 1
1 4 0
1 5 1
5 2 0
5 3 0
5 1 1
4 2 1
0 0 1
board #233 11
3 2 1
4 2 0
5 1 0
3 4 0
2 5 1
3 5 1
1 5 1
4 4 1
5 3 1
0 0 1
board #234 11
3 2 1
4 2 0
4 1 0
3 4 1
2 4 0
1 5 0
0 0 1
board #235 8
3 2 0
3 4 0
2 5 0
3 1 1
4 1 1
5 1 1
2 2 1
1 3 1
0 0 1
board #236 10
3 4 0
3 2 0
2 5 1
3 5 1
1 5 1
4 4 0
4 5 1
5 4 1
0 0 1
board #237 10
3 4 0
3 2 1
4 2 1
2 3 1
5 1 0
5 2 1
1 3 1
0 0 0
board #238 9
3 2 1
4 2 0
4 1 0
3 4 0
3 5 0
0 0 0
board #239 7
3 2 1
4 2 0
5 1 0
3 4 0
3 5 0
0 0 0
board #240 7
3 2 0
3 4 1
2 4 0
1 5 1
2 5 0
3 1 1
4 1 0
0 0 0
board #241 9
3 4 1
2 4 1
4 3 0
4 4 1
5 3 1
1 4 0
1 5 0
2 3 0
2 2 1
3 2 1
4 2 1
5 1 0
5 2 0
0 0 0
board #242 15
3 4 1
2 4 0
1 5 0
3 2 0
3 1 1
4 1 1
5 1 0
4 2 0
0 0 1
board #243 10
3 2 1
4 2 1
2 3 1
5 1 0
5 2 0
4 3 0
4 4 0
3 5 0
0 0 1
board #244 10
3 4 1
2 4 1
4 3 0
4 4 0
3 5 1
4 5 1
5 5 1
1 4 0
1 5 1
0 0 1
board #245 11
3 4 0
3 2 0
3 1 0
2 5 0
0 0 1
board #246 6
3 2 0
3 4 0
2 5 1
3 5 1
1 5 1
4 4 1
5 4 1
0 0 0
board #247 9
3 2 0
3 4 0
3 1 1
4 1 0
3 5 0
0 0 1
board #248 7
3 2 1
4 2 0
4 1 1
5 1 1
2 3 0
2 2 1
1 2 1
0 0 1
board #249 9
3 4 0
3 2 1
4 2 0
4 1 0
2 5 1
3 5 0
0 0 1
board #250 8
3 4 1
2 4 0
2 5 0
3 2 0
3 1 1
4 1 1
5 1 0
4 2 0
0 0 1
board #251 10
3 2 1
4 2 0
4 1 1
5 1 1
2 3 1
1 4 1
0 0 1
board #252 8
3 2 0
3 4 1
2 4 0
2 5 0
3 1 1
4 1 1
5 1 0
4 2 0
0 0 0
board #253 10
3 2 1
4 2 1
2 3 0
2 2 0
2 1 1
3 1 1
1 1 0
1 2 1
5 1 0
5 2 1
0 0 0
board #254 12
3 4 1
2 4 1
4 4 1
1 4 0
1 5 0
2 3 0
2 2 0
2 1 1
3 1 1
4 1 0
3 2 1
4 2 1
1 1 1
5 1 1
0 0 1
board #255 16
3 4 0
3 2 1
4 2 1
2 3 0
2 2 0
3 1 0
2 5 1
3 5 0
0 0 1
board #256 10
3 4 1
2 4 0
2 5 0
3 2 0
4 1 0
0 0 0
board #257 7
3 2 1
4 2 0
4 1 0
3 4 1
2 4 0
1 5 1
2 5 1
4 4 1
5 4 1
0 0 0
board #258 11
3 4 1
2 4 1
4 4 0
4 3 0
4 5 0
3 2 0
3 1 0
0 0 1
board #259 9
3 4 1
2 4 1
4 4 1
1 4 0
1 5 0
2 3 0
2 2 0
2 1 1
3 1 1
4 1 1
5 1 1
1 1 1
0 0 0
board #260 14
3 2 0
3 4 0
3 1 1
4 1 0
2 5 0
0 0 1
board #261 7
3 2 1
4 2 1
2 2 1
5 1 0
5 2 1
1 2 0
1 3 1
0 0 0
board #262 9
3 4 0
3 2 0
3 1 1
4 1 1
5 1 1
2 2 1
1 2 0
1 3 1
0 0 1
board #263 10
3 2 1
4 2 1
2 2 1
5 1 0
5 2 0
4 3 1
5 3 0
4 4 1
5 4 1
1 2 1
0 0 1
board #264 12
3 2 1
4 2 1
2 3 0
2 2 0
3 1 0
3 4 1
2 4 0
1 5 1
2 5 0
0 0 0
board #265 11
3 4 0
3 2 0
3 1 1
4 1 1
5 1 0
4 2 0
2 5 0
0 0 0
board #266 9
3 4 1
2 4 1
4 3 1
1 4 0
1 5 1
5 2 0
5 3 0
5 1 0
5 4 1
4 4 0
3 5 1
4 5 0
0 0 1
board #267 14
3 4 1
2 4 1
4 3 1
1 4 0
1 5 1
5 2 1
0 0 1
board #268 8
3 2 0
3 4 0
2 5 1
3 5 1
1 5 0
2 4 1
1 4 1
4 4 1
5 4 1
0 0 1
board #269 11
3 4 0
3 2 0
4 1 0
2 5 0
0 0 1
board #270 6
3 2 0
3 4 1
2 4 1
4 3 0
4 4 0
4 5 0
4 1 0
0 0 1
board #271 9
3 2 0
3 4 1
2 4 1
4 3 0
4 4 0
4 5 0
4 1 0
0 0 1
board #272 9
3 2 1
4 2 1
2 2 1
5 1 0
5 2 1
1 2 0
1 3 1
0 0 0
board #273 9
3 4 0
3 2 0
2 5 1
3 5 0
3 1 1
4 1 0
0 0 1
board #274 8
3 4 1
2 4 1
4 3 1
1 4 0
1 5 1
5 2 0
5 3 0
5 1 1
4 2 0
4 4 1
5 4 0
4 1 1
3 2 0
3 1 0
5 5 0
0 0 1
board #275 17
3 2 0
3 4 0
4 1 0
3 5 0
0 0 0
board #276 6
3 4 0
3 2 0
2 5 1
3 5 0
3 1 1
4 1 1
5 1 0
4 2 0
0 0 1
board #277 10
3 2 1
4 2 1
2 3 0
2 2 0
3 1 0
3 4 0
3 5 0
0 0 0
board #278 9
3 4 1
2 4 0
2 5 0
3 2 1
4 2 0
4 1 0
0 0 1
board #279 8
3 2 0
3 4 0
3 1 0
3 5 0
0 0 1
board #280 6
3 2 1
4 2 0
4 1 1
5 1 1
2 2 1
1 2 0
1 3 0
2 3 0
1 1 1
2 1 0
3 4 1
2 4 0
1 5 1
2 5 1
4 4 1
5 3 1
0 0 0
board #281 18
3 4 0
3 2 1
4 2 0
4 1 0
3 5 0
0 0 1
board #282 7
3 4 0
3 2 1
4 2 0
5 1 0
2 5 1
3 5 0
0 0 1
board #283 8
3 4 1
2 4 0
1 5 1
2 5 1
4 3 1
5 2 1
0 0 1
board #284 8
3 2 1
4 2 1
2 3 1
5 1 1
1 4 1
0 0 0
board #285 7
3 4 1
2 4 1
4 4 1
1 4 1
5 4 1
0 0 0
board #286 7
3 4 1
2 4 0
1 5 1
2 5 0
3 2 0
3 1 1
4 1 0
0 0 0
board #287 9
3 4 0
3 2 1
4 2 0
4 1 1
5 1 0
2 5 1
3 5 1
1 5 0
2 4 0
0 0 1
board #288 11
3 4 1
2 4 0
2 5 0
3 2 1
4 2 0
4 1 0
0 0 1
board #289 8
3 2 0
3 4 1
2 4 1
4 3 1
1 4 0
1 5 0
2 3 1
1 3 0
2 2 0
4 1 0
0 0 0
board #290 12
3 4 1
2 4 0
1 5 1
2 5 1
4 4 0
4 3 0
3 5 0
3 2 0
3 1 1
4 1 0
0 0 0
board #291 12
3 4 0
3 2 1
4 2 0
4 1 1
5 1 0
2 5 0
0 0 0
board #292 8
3 2 1
4 2 0
5 1 0
3 4 0
3 5 0
0 0 0
board #293 7
3 4 1
2 4 1
4 3 0
4 4 0
3 5 1
4 5 0
3 2 0
3 1 1
4 1 0
0 0 1
board #294 11
3 2 0
3 4 1
2 4 1
4 3 0
4 4 0
3 5 0
3 1 1
4 1 1
5 1 1
2 2 0
2 1 0
0 0 0
board #295 13
3 4 1
2 4 1
4 4 1
1 5 1
5 4 1
0 0 1
board #296 7
3 2 0
3 4 1
2 4 1
4 3 1
1 4 0
1 5 1
5 2 0
5 3 1
0 0 0
board #297 10
3 4 1
2 4 1
4 3 0
4 4 1
5 4 1
1 5 1
0 0 0
board #298 8
3 2 0
3 4 1
2 4 1
4 3 1
1 4 1
5 2 0
5 3 0
5 1 0
4 4 1
5 4 1
0 0 1
board #299 12
3 4 0
3 2 1
4 2 1
2 3 1
5 2 1
1 3 0
1 4 1
0 0 1
board #300 9
3 4 1
2 4 1
4 4 0
4 3 1
1 4 0
1 5 1
5 2 0
5 3 0
5 1 0
3 5 1
4 5 0
0 0 1
board #301 13
3 2 1
4 2 0
4 1 0
3 4 0
2 5 0
0 0 1
board #302 7
3 4 0
3 2 1
4 2 1
2 3 0
2 2 1
1 2 0
1 3 0
1 1 1
2 1 1
5 1 0
5 2 0
4 3 1
5 3 1
0 0 0
board #303 15
3 4 1
2 4 0
1 5 1
2 5 1
4 3 1
5 2 1
0 0 0
board #304 8
3 4 1
2 4 0
1 5 0
3 2 1
4 2 1
2 2 0
2 3 0
2 1 0
0 0 1
board #305 10
3 2 0
3 4 0
2 5 1
3 5 1
1 5 1
4 4 0
4 5 1
5 4 1
0 0 1
board #306 10
3 4 1
2 4 1
4 4 1
1 5 1
5 3 1
0 0 1
board #307 7
3 2 0
3 4 1
2 4 0
1 5 1
2 5 1
4 3 0
4 4 1
5 4 1
0 0 0
board #308 10
3 4 1
2 4 0
2 5 0
3 2 1
4 2 1
2 2 0
2 3 1
1 4 1
5 1 0
5 2 0
4 3 0
0 0 1
board #309 13
3 2 0
3 4 1
2 4 0
1 5 0
3 1 1
4 1 0
0 0 1
board #310 8
3 4 1
2 4 0
1 5 0
3 2 1
4 2 0
4 1 1
5 1 0
0 0 1
board #311 9
3 4 0
3 2 1
4 2 1
2 3 0
2 2 0
2 1 1
3 1 1
1 1 1
5 2 1
0 0 0
board #312 11
3 2 1
4 2 1
2 3 0
2 2 1
5 1 0
5 2 1
1 2 0
1 3 1
0 0 1
board #313 10
3 4 1
2 4 0
2 5 0
3 2 1
4 2 0
4 1 0
0 0 0
board #314 8
3 4 0
3 2 0
3 1 0
3 5 0
0 0 0
board #315 6
3 2 0
3 4 0
3 1 1
4 1 1
5 1 1
2 2 0
2 1 1
1 2 1
0 0 0
board #316 10
3 4 0
3 2 0
4 1 0
2 5 1
3 5 1
1 5 0
2 4 1
1 4 0
2 3 0
0 0 0
board #317 11
3 2 0
3 4 0
2 5 0
3 1 1
4 1 0
0 0 1
board #318 7
3 4 1
2 4 1
4 3 0
4 4 0
4 5 0
3 2 1
5 1 0
5 2 0
0 0 1
board #319 10
3 2 0
3 4 0
4 1 0
3 5 0
0 0 0
board #320 6
3 4 0
3 2 1
4 2 1
2 3 1
5 1 1
1 3 0
1 4 0
1 5 0
1 2 0
2 1 0
0 0 0
board #321 12
3 2 1
4 2 0
5 1 0
3 4 0
2 5 0
0 0 1
board #322 7
3 4 1
2 4 1
4 3 0
4 4 1
1 4 0
1 5 0
2 3 0
2 2 1
5 1 0
5 2 0
0 0 1
board #323 12
3 4 0
3 2 0
3 1 1
4 1 1
5 1 1
2 2 1
1 2 0
1 3 0
2 3 1
1 4 1
0 0 0
board #324 12
3 4 1
2 4 0
2 5 0
3 2 1
4 2 1
2 2 0
2 3 1
1 3 0
1 4 1
5 1 0
5 2 1
0 0 0
board #325 13
3 2 0
3 4 0
3 5 0
4 1 0
0 0 0
board #326 6
3 2 1
4 2 1
2 3 0
2 2 0
2 1 0
3 4 1
1 5 1
2 5 1
4 3 1
5 3 1
0 0 0
board #327 12
3 2 1
4 2 0
4 1 1
5 1 1
2 3 0
2 2 1
1 2 0
1 3 0
1 1 0
3 4 0
2 5 1
3 5 1
1 5 1
4 4 0
4 5 1
5 4 1
0 0 0
board #328 18
3 4 0
3 2 0
2 5 1
3 5 1
1 5 0
2 4 0
3 1 1
4 1 0
0 0 1
board #329 10
3 4 0
3 2 1
4 2 1
2 3 0
2 2 0
2 1 1
3 1 0
2 5 1
3 5 0
0 0 1
board #330 11
3 4 1
2 4 1
4 3 1
1 5 1
5 2 0
5 3 0
5 1 1
4 2 1
0 0 1
board #331 10
3 2 1
4 2 0
4 1 1
5 1 1
2 3 0
2 2 0
2 1 0
3 4 1
1 5 0
2 4 0
0 0 0
board #332 12
3 2 0
3 4 0
4 1 0
3 5 0
0 0 1
board #333 6
3 4 1
2 4 1
4 4 1
1 4 0
1 5 0
2 3 1
1 3 0
2 2 0
2 1 1
3 1 1
3 2 1
1 2 1
5 3 0
5 4 1
0 0 1
board #334 16
3 4 0
3 2 0
3 1 1
4 1 0
2 5 1
3 5 1
1 5 0
2 4 0
0 0 0
board #335 10
3 2 1
4 2 0
4 1 1
5 1 0
3 4 1
2 4 1
4 4 0
4 3 0
3 5 1
4 5 0
0 0 0
board #336 12
3 2 0
3 4 0
2 5 0
3 1 0
0 0 1
board #337 6
3 4 1
2 4 0
1 5 1
2 5 1
4 3 0
4 4 0
3 5 1
4 5 0
3 2 0
3 1 1
4 1 1
5 1 0
5 2 0
0 0 0
board #338 15
3 4 1
2 4 0
1 5 1
2 5 1
4 3 0
4 4 0
3 5 1
4 5 0
3 2 0
3 1 1
4 1 1
5 1 1
2 2 0
2 1 1
1 1 1
0 0 1
board #339 17
3 2 1
4 2 0
5 1 0
3 4 0
2 5 0
0 0 1
board #340 7
3 4 0
3 2 1
4 2 0
4 1 1
5 1 1
2 3 1
1 3 0
1 4 1
0 0 0
board #341 10
3 2 1
4 2 0
5 1 0
3 4 0
2 5 1
3 5 0
0 0 1
board #342 8
3 2 1
4 2 0
4 1 0
3 4 1
2 4 0
2 5 0
0 0 0
board #343 8
3 2 1
4 2 0
4 1 0
3 4 1
2 4 0
1 5 0
0 0 0
board #344 8
3 4 0
3 2 1
4 2 1
2 3 1
5 2 1
1 3 0
1 4 0
1 5 1
2 4 1
0 0 1
board #345 11
3 4 1
2 4 1
4 3 0
4 4 1
5 3 0
5 4 1
1 4 0
1 5 1
0 0 1
board #346 10
3 2 1
4 2 0
4 1 1
5 1 0
3 4 0
2 5 1
3 5 0
0 0 0
board #347 9
3 2 0
3 4 1
2 4 0
2 5 0
3 1 0
0 0 1
board #348 7
3 2 1
4 2 0
4 1 1
5 1 1
2 2 1
1 2 0
1 3 1
0 0 0
board #349 9
3 4 0
3 2 1
4 2 1
2 3 0
2 2 1
1 2 1
5 1 1
0 0 0
board #350 9
3 2 1
4 2 0
4 1 1
5 1 1
2 3 0
2 2 1
1 2 1
0 0 1
board #351 9
3 4 1
2 4 1
4 3 0
4 4 1
5 4 1
1 5 1
0 0 0
board #352 8
3 4 1
2 4 0
1 5 1
2 5 0
3 2 0
3 1 1
4 1 0
0 0 1
board #353 9
3 2 0
3 4 0
2 5 1
3 5 0
3 1 1
4 1 1
5 1 1
2 2 0
2 1 1
1 1 0
1 2 0
0 0 1
board #354 13
3 4 0
3 2 0
4 1 0
2 5 1
3 5 0
0 0 1
board #355 7
3 2 0
3 4 0
3 1 1
4 1 1
5 1 0
4 2 0
3 5 0
0 0 0
board #356 9
3 2 0
3 4 0
3 1 1
4 1 0
3 5 0
0 0 1
board #357 7
3 2 1
4 2 0
4 1 1
5 1 1
2 3 0
2 2 1
1 2 0
1 3 1
0 0 0
board #358 10
3 4 0
3 2 0
4 1 0
2 5 1
3 5 0
0 0 1
board #359 7
3 4 0
3 2 0
2 5 1
3 5 1
1 5 0
2 4 1
1 4 0
2 3 0
4 1 0
0 0 1
board #360 11
3 2 1
4 2 0
4 1 0
3 4 0
2 5 0
0 0 1
board #361 7
3 4 0
3 2 1
4 2 0
4 1 0
3 5 0
0 0 0
board #362 7
3 4 1
2 4 0
1 5 1
2 5 1
4 4 1
5 3 0
5 4 0
4 3 0
4 5 1
5 5 0
3 2 0
3 1 1
4 1 0
0 0 0
board #363 15
3 4 0
3 2 1
4 2 0
5 1 0
3 5 0
0 0 0
board #364 7
3 4 1
2 4 1
4 3 0
4 4 1
5 4 1
1 4 0
1 5 0
2 3 1
1 3 1
0 0 1
board #365 11
3 2 1
4 2 0
4 1 0
3 4 1
2 4 1
4 3 1
1 5 1
5 2 0
5 3 1
0 0 1
board #366 11
3 2 0
3 4 1
2 4 0
1 5 1
2 5 0
3 1 1
4 1 0
0 0 1
board #367 9
3 4 1
2 4 1
4 4 0
4 3 1
5 2 0
5 3 1
1 4 0
1 5 0
2 3 1
1 3 0
2 2 1
1 2 0
1 1 0
0 0 1
board #368 15
3 2 0
3 4 1
2 4 1
4 3 1
1 4 0
1 5 1
5 3 1
0 0 1
board #369 9
3 2 0
3 4 0
4 1 0
2 5 1
3 5 0
0 0 0
board #370 7
3 4 1
2 4 0
1 5 1
2 5 1
4 3 0
4 4 1
5 3 0
5 4 1
0 0 0
board #371 10
3 2 1
4 2 0
4 1 1
5 1 0
3 4 0
2 5 1
3 5 0
0 0 0
board #372 9
3 4 0
3 2 0
3 5 0
3 1 1
4 1 0
0 0 1
board #373 7
3 4 0
3 2 0
4 1 0
3 5 0
0 0 0
board #374 6
3 4 1
2 4 1
4 3 0
4 4 1
5 4 1
1 4 1
0 0 0
board #375 8
3 4 0
3 2 0
3 1 1
4 1 1
5 1 0
4 2 1
5 2 1
2 2 1
1 2 1
0 0 0
board #376 11
3 4 1
2 4 0
1 5 1
2 5 0
3 2 1
4 2 0
4 1 1
5 1 1
2 2 1
1 2 0
1 3 0
1 4 1
2 3 1
0 0 1
board #377 15
3 4 1
2 4 0
1 5 1
2 5 0
3 2 0
4 1 0
0 0 1
board #378 8
3 2 0
3 4 0
3 1 0
2 5 1
3 5 1
1 5 0
2 4 0
0 0 1
board #379 9
3 2 0
3 4 1
2 4 0
1 5 1
2 5 1
4 3 0
4 4 0
3 5 1
4 5 0
4 1 0
0 0 1
board #380 12
3 4 1
2 4 1
4 4 0
4 3 1
5 2 1
1 4 0
1 5 1
0 0 0
board #381 9
3 4 1
2 4 1
4 4 1
1 4 0
1 5 1
5 3 0
5 4 1
0 0 0
board #382 9
3 2 1
4 2 1
2 3 1
5 1 0
5 2 1
1 4 1
0 0 0
board #383 8
3 4 0
3 2 0
3 1 1
4 1 0
2 5 0
0 0 0
board #384 7
3 2 1
4 2 0
4 1 1
5 1 1
2 2 0
2 3 0
3 1 0
3 4 0
2 5 1
3 5 1
1 5 0
1 4 1
2 4 0
0 0 0
board #385 15
3 4 0
3 2 0
3 1 1
4 1 0
2 5 1
3 5 1
1 5 0
2 4 1
1 4 1
4 4 1
5 3 1
0 0 0
board #386 13
3 2 0
3 4 0
3 1 0
3 5 0
0 0 0
board #387 6
3 2 0
3 4 1
2 4 0
1 5 1
2 5 0
4 1 0
0 0 0
board #388 8
3 2 1
4 2 1
2 3 0
2 2 0
2 1 1
3 1 1
1 2 1
5 1 0
5 2 1
0 0 1
board #389 11
3 2 0
3 4 1
2 4 0
1 5 1
2 5 1
4 3 1
5 2 0
5 3 0
5 1 1
4 2 0
5 4 1
4 4 0
3 5 1
4 5 1
0 0 1
board #390 16
3 4 1
2 4 1
4 3 0
4 4 0
3 5 1
4 5 1
5 5 1
1 4 0
1 5 1
0 0 1
board #391 11
3 2 1
4 2 1
2 3 0
2 2 0
2 1 1
3 1 1
1 2 1
5 1 0
5 2 0
4 3 0
1 5 0
2 4 0
0 0 0
board #392 14
3 2 1
4 2 0
4 1 1
5 1 0
3 4 0
2 5 0
0 0 1
board #393 8
3 2 1
4 2 1
2 3 0
2 2 1
5 1 1
1 2 1
0 0 0
board #394 8
3 4 0
3 2 0
4 1 0
2 5 0
0 0 0
board #395 6
3 2 1
4 2 0
4 1 1
5 1 0
3 4 0
3 5 0
0 0 0
board #396 8
3 4 1
2 4 0
1 5 0
3 2 0
3 1 1
4 1 1
5 1 0
4 2 1
5 2 0
4 3 1
5 3 1
2 2 0
2 1 1
1 1 0
1 2 0
0 0 0
board #397 17
3 4 1
2 4 1
4 3 1
1 4 0
1 5 1
5 2 1
0 0 0
board #398 8
3 4 0
3 2 1
4 2 0
4 1 1
5 1 1
2 3 0
2 2 0
2 1 0
2 5 1
3 5 1
1 5 0
1 4 1
2 4 1
4 4 0
4 5 1
5 5 1
0 0 1
board #399 18
3 2 0
3 4 1
2 4 1
4 3 0
4 4 0
4 5 0
3 1 1
4 1 0
0 0 0
board #400 10
3 4 0
3 2 1
4 2 0
5 1 0
2 5 1
3 5 0
0 0 1
board #401 8
3 2 1
4 2 1
2 3 0
2 2 0
2 1 1
3 1 1
1 1 0
1 2 0
3 4 1
1 5 1
2 4 1
4 3 1
5 3 1
0 0 0
board #402 15
3 2 0
3 4 1
2 4 0
1 5 1
2 5 1
4 3 1
5 2 0
5 3 0
5 1 0
5 4 1
4 4 1
0 0 0
board #403 13
3 4 0
3 2 1
4 2 0
4 1 1
5 1 1
2 3 0
2 2 0
3 1 0
2 5 1
3 5 1
1 5 0
2 4 0
0 0 0
board #404 14
3 2 0
3 4 0
3 1 1
4 1 1
5 1 0
4 2 0
2 5 1
3 5 0
0 0 1
board #405 10
3 4 0
3 2 1
4 2 0
4 1 0
2 5 1
3 5 0
0 0 1
board #406 8
3 4 1
2 4 0
1 5 0
3 2 1
4 2 1
2 2 1
5 1 1
1 3 1
0 0 1
board #407 10
3 4 1
2 4 1
4 4 1
1 5 1
5 3 0
5 4 0
4 3 0
4 5 1
5 5 0
3 2 1
5 1 1
2 3 1
4 2 1
0 0 1
board #408 15
3 2 1
4 2 1
2 2 0
2 3 0
2 1 0
3 4 1
2 4 1
1 5 1
4 3 0
4 4 1
5 4 1
0 0 0
board #409 13
3 2 0
3 4 1
2 4 1
4 3 0
4 4 0
3 5 0
3 1 1
4 1 0
0 0 1
board #410 10
3 2 1
4 2 0
4 1 0
3 4 0
2 5 1
3 5 0
0 0 1
board #411 8
3 2 0
3 4 1
2 4 0
1 5 1
2 5 1
4 3 0
4 4 1
5 3 0
5 4 0
5 5 0
3 1 1
4 1 0
0 0 1
board #412 14
3 2 0
3 4 1
2 4 1
4 3 0
4 4 1
5 3 1
1 4 0
1 5 0
2 3 1
1 3 0
2 2 1
1 2 1
0 0 0
board #413 14
3 2 0
3 4 1
2 4 1
4 3 0
4 4 1
5 3 1
1 4 1
0 0 1
board #414 9
3 2 1
4 2 0
5 1 0
3 4 0
2 5 0
0 0 1
board #415 7
3 2 1
4 2 1
2 3 1
5 1 1
1 3 1
0 0 0
board #416 7
3 2 0
3 4 1
2 4 0
1 5 1
2 5 0
3 1 1
4 1 0
0 0 0
board #417 9
3 2 0
3 4 1
2 4 0
1 5 1
2 5 1
4 3 0
4 4 1
5 4 1
0 0 0
board #418 10
3 2 1
4 2 0
4 1 1
5 1 0
3 4 1
2 4 0
1 5 0
0 0 0
board #419 9
3 2 0
3 4 1
2 4 0
1 5 1
2 5 1
4 3 1
5 2 0
5 3 1
0 0 0
board #420 10
3 2 0
3 4 1
2 4 0
2 5 0
3 1 1
4 1 1
5 1 1
2 2 1
1 3 1
0 0 0
board #421 11
3 2 0
3 4 0
2 5 1
3 5 0
3 1 0
0 0 1
board #422 7
3 2 1
4 2 1
2 2 0
2 3 1
5 1 0
5 2 1
1 3 0
1 4 1
0 0 1
board #423 10
3 4 0
3 2 0
3 5 0
3 1 1
4 1 0
0 0 0
board #424 7
3 4 1
2 4 0
1 5 1
2 5 1
4 3 0
4 4 1
5 4 1
0 0 0
board #425 9
3 4 1
2 4 0
1 5 1
2 5 1
4 3 0
4 4 1
5 3 0
5 4 1
0 0 0
board #426 10
3 2 1
4 2 1
2 2 0
2 3 1
5 1 0
5 2 1
1 3 0
1 4 0
1 5 0
2 1 1
3 1 0
0 0 1
board #427 13
3 4 1
2 4 0
1 5 1
2 5 1
4 3 1
5 2 0
5 3 1
0 0 0
board #428 9
3 2 0
3 4 1
2 4 1
4 3 0
4 4 0
3 5 1
4 5 0
3 1 1
4 1 1
5 1 0
4 2 1
5 2 1
2 2 1
1 2 0
1 3 0
2 3 0
2 1 0
0 0 1
board #429 19
3 2 1
4 2 1
2 3 1
5 2 1
1 4 1
0 0 0
board #430 7
3 4 1
2 4 1
4 4 1
1 4 1
5 3 0
5 4 0
4 3 1
5 2 1
0 0 1
board #431 10
3 4 0
3 2 0
3 1 0
2 5 1
3 5 1
1 5 0
2 4 0
0 0 1
board #432 9
3 4 1
2 4 0
2 5 0
3 2 0
4 1 0
0 0 1
board #433 7
3 2 1
4 2 0
4 1 1
5 1 0
3 4 1
2 4 1
4 4 1
1 4 0
1 5 0
2 3 0
0 0 1
board #434 12
3 4 0
3 2 0
2 5 0
3 1 1
4 1 1
5 1 1
2 2 1
1 2 0
1 3 1
0 0 1
board #435 11
3 4 0
3 2 1
4 2 1
2 3 0
2 2 1
1 3 1
5 1 0
5 2 1
0 0 1
board #436 10
3 4 1
2 4 1
4 3 1
1 5 1
5 2 0
5 3 1
0 0 0
board #437 8
3 4 1
2 4 0
1 5 1
2 5 1
4 4 1
5 3 1
0 0 1
board #438 8
3 4 1
2 4 1
4 3 1
1 4 0
1 5 0
2 3 1
1 3 0
2 2 0
2 1 1
3 1 1
3 2 0
4 1 0
0 0 1
board #439 14
3 2 0
3 4 0
4 1 0
3 5 0
0 0 1
board #440 6
3 2 1
4 2 1
2 2 1
5 1 0
5 2 0
4 3 1
5 3 0
4 4 0
3 5 0
0 0 1
board #441 11
3 4 0
3 2 1
4 2 0
5 1 0
2 5 0
0 0 1
board #442 7
3 4 1
2 4 0
1 5 1
2 5 0
3 2 1
4 2 0
4 1 1
5 1 1
2 2 1
1 2 0
1 3 1
0 0 1
board #443 13
3 2 0
3 4 1
2 4 1
4 3 0
4 4 0
4 5 0
4 1 0
0 0 0
board #444 9
3 2 0
3 4 1
2 4 1
4 3 0
4 4 0
3 5 0
4 1 0
0 0 0
board #445 9
3 4 0
3 2 1
4 2 0
4 1 0
2 5 1
3 5 0
0 0 0
board #446 8
3 4 1
2 4 1
4 3 1
1 4 0
1 5 0
2 3 0
2 2 0
2 1 1
3 1 0
0 0 0
board #447 11
3 4 1
2 4 1
4 3 0
4 4 1
5 3 1
1 4 0
1 5 1
0 0 0
board #448 9
3 2 0
3 4 0
3 5 0
4 1 0
0 0 0
board #449 6
3 4 0
3 2 0
3 1 1
4 1 0
3 5 0
0 0 1
board #450 7
3 4 1
2 4 0
2 5 0
3 2 0
3 1 0
0 0 1
board #451 7
3 2 0
3 4 1
2 4 0
1 5 1
2 5 1
4 3 1
5 3 1
0 0 0
board #452 9
3 2 1
4 2 1
2 3 1
5 2 1
1 3 0
1 4 0
1 5 0
1 2 0
1 1 0
0 0 0
board #453 11
3 2 1
4 2 0
4 1 1
5 1 1
2 3 1
1 4 1
0 0 1
board #454 8
3 2 1
4 2 0
4 1 1
5 1 1
2 3 0
2 2 1
1 2 0
1 3 0
1 1 1
2 1 1
0 0 0
board #455 12
3 4 0
3 2 1
4 2 1
2 3 1
5 1 0
5 2 0
4 3 1
5 3 0
4 4 1
5 4 0
4 5 1
5 5 1
1 3 0
1 4 1
0 0 0
board #456 16
3 2 1
4 2 1
2 3 1
5 1 0
5 2 1
1 4 1
0 0 0
board #457 8
3 4 0
3 2 1
4 2 1
2 3 0
2 2 1
1 2 0
1 3 1
5 2 1
0 0 0
board #458 10
3 2 0
3 4 0
2 5 1
3 5 1
1 5 0
2 4 0
3 1 1
4 1 0
0 0 0
board #459 10
3 2 1
4 2 0
5 1 0
3 4 0
2 5 1
3 5 0
0 0 0
board #460 8
3 2 1
4 2 1
2 3 0
2 2 0
2 1 1
3 1 0
3 4 1
1 5 1
2 4 1
4 3 0
4 4 1
5 3 0
5 4 1
0 0 0
board #461 15
3 4 1
2 4 1
4 4 0
4 3 1
5 2 1
1 4 0
1 5 1
0 0 0
board #462 9
3 2 0
3 4 0
2 5 1
3 5 0
3 1 0
0 0 1
board #463 7
3 2 0
3 4 0
3 5 0
4 1 0
0 0 0
board #464 6
3 2 1
4 2 1
2 3 1
5 1 0
5 2 1
1 3 0
1 4 0
1 5 0
2 2 0
2 1 1
3 1 0
0 0 0
board #465 13
3 2 1
4 2 1
2 3 0
2 2 1
1 2 1
5 2 1
0 0 1
board #466 8
3 2 1
4 2 1
2 2 0
2 3 1
1 3 1
5 1 1
0 0 1
board #467 8
3 2 1
4 2 1
2 2 0
2 3 0
2 1 1
3 1 1
1 1 0
1 2 1
5 2 1
0 0 1
board #468 11
3 4 0
3 2 0
3 1 1
4 1 0
2 5 0
0 0 1
board #469 7
3 2 1
4 2 0
4 1 1
5 1 1
2 3 1
1 4 1
0 0 1
board #470 8
3 4 0
3 2 0
4 1 0
2 5 0
0 0 1
board #471 6
3 2 1
4 2 0
4 1 0
3 4 0
2 5 0
0 0 1
board #472 7
3 4 0
3 2 1
4 2 0
4 1 1
5 1 1
2 3 0
2 2 1
1 2 0
1 3 0
1 1 0
2 5 1
3 5 1
1 5 1
4 4 0
4 5 1
5 4 1
0 0 0
board #473 18
3 2 1
4 2 0
4 1 1
5 1 0
3 4 1
2 4 1
4 4 1
1 4 0
1 5 0
2 3 1
1 3 0
2 2 0
2 1 0
0 0 0
board #474 15
3 4 0
3 2 1
4 2 0
4 1 0
2 5 1
3 5 1
1 5 0
2 4 0
0 0 1
board #475 10
3 4 0
3 2 1
4 2 0
5 1 0
2 5 1
3 5 0
0 0 0
board #476 8
3 2 1
4 2 1
2 3 0
2 2 0
2 1 0
3 4 0
2 5 1
3 5 0
0 0 1
board #477 10
3 2 1
4 2 0
4 1 1
5 1 0
3 4 1
2 4 0
1 5 1
2 5 0
0 0 0
board #478 10
3 4 0
3 2 0
2 5 1
3 5 0
3 1 1
4 1 1
5 1 0
4 2 0
0 0 0
board #479 10
3 2 0
3 4 0
2 5 0
3 1 1
4 1 0
0 0 1
board #480 7
3 4 1
2 4 0
1 5 1
2 5 0
3 2 1
4 2 1
2 2 0
2 3 0
2 1 1
3 1 1
1 1 0
1 2 1
5 2 1
0 0 0
board #481 15
3 2 0
3 4 1
2 4 1
4 3 1
1 4 0
1 5 0
2 3 0
3 1 1
4 1 0
0 0 1
board #482 11
3 4 0
3 2 1
4 2 0
5 1 0
2 5 0
0 0 0
board #483 7
3 2 1
4 2 0
4 1 0
3 4 1
2 4 0
2 5 0
0 0 1
board #484 8
3 4 0
3 2 0
2 5 0
3 1 1
4 1 0
0 0 0
board #485 7
3 4 1
2 4 1
4 3 0
4 4 0
4 5 0
3 2 1
5 1 1
4 2 1
2 3 0
2 2 1
1 2 0
1 3 1
0 0 1
board #486 14
3 4 1
2 4 0
1 5 1
2 5 0
3 2 0
4 1 0
0 0 1
board #487 8
3 4 0
3 2 1
4 2 0
4 1 0
2 5 0
0 0 1
board #488 7
3 4 1
2 4 1
4 3 0
4 4 0
3 5 1
4 5 0
3 2 1
4 2 1
5 2 1
2 3 1
1 3 0
1 5 1
0 0 0
board #489 14
3 4 1
2 4 1
4 3 0
4 4 0
3 5 1
4 5 1
5 4 1
1 4 0
1 5 0
2 3 1
1 3 1
0 0 1
board #490 13
3 2 0
3 4 0
4 1 0
3 5 0
0 0 1
board #491 6
3 2 1
4 2 1
2 3 0
2 2 0
2 1 0
3 4 1
1 5 1
2 4 0
2 5 0
0 0 1
board #492 11
3 4 1
2 4 0
1 5 1
2 5 1
4 3 0
4 4 1
5 3 1
0 0 1
board #493 9
3 2 1
4 2 0
4 1 1
5 1 1
2 2 1
1 2 0
1 3 0
2 3 1
1 4 0
1 5 0
1 1 0
0 0 1
board #494 13
3 4 0
3 2 1
4 2 1
2 3 1
5 1 0
5 2 1
1 4 1
0 0 1
board #495 9
3 2 0
3 4 0
2 5 1
3 5 0
3 1 1
4 1 0
0 0 0
board #496 8
3 4 0
3 2 0
3 1 1
4 1 0
2 5 1
3 5 0
0 0 0
board #497 8
3 4 1
2 4 0
1 5 0
3 2 0
4 1 0
0 0 0
board #498 7
3 4 1
2 4 1
4 3 1
1 5 1
5 2 0
5 3 0
5 1 1
4 2 0
4 4 0
4 1 0
3 5 1
4 5 1
5 4 0
5 5 0
0 0 1
board #499 16
3 2 1
4 2 1
2 3 1
5 1 0
5 2 0
4 3 0
4 4 1
3 4 0
2 5 0
0 0 1
board #500 11
3 4 0
3 2 1
4 2 0
5 1 0
2 5 1
3 5 1
1 5 0
2 4 0
0 0 0
board #501 10
3 2 0
3 4 0
3 1 1
4 1 1
5 1 1
2 2 1
1 2 1
0 0 0
board #502 9
3 2 1
4 2 1
2 3 0
2 2 0
2 1 1
3 1 0
3 4 1
2 4 1
1 4 0
1 5 0
0 0 1
board #503 12
3 4 1
2 4 0
1 5 1
2 5 0
3 2 1
4 2 1
2 2 1
5 1 0
5 2 1
1 3 1
0 0 1
board #504 12
3 2 0
3 4 0
2 5 1
3 5 1
1 5 1
4 4 1
5 3 1
0 0 0
board #505 9
3 2 0
3 4 1
2 4 0
1 5 1
2 5 1
4 3 0
4 4 1
5 4 1
0 0 0
board #506 10
3 4 1
2 4 1
4 3 0
4 4 1
1 4 0
1 5 1
5 3 1
0 0 1
board #507 9
3 2 1
4 2 0
4 1 0
3 4 0
2 5 1
3 5 1
1 5 1
4 4 0
4 5 0
0 0 1
board #508 11
3 2 0
3 4 0
4 1 0
3 5 0
0 0 1
board #509 6
3 2 0
3 4 1
2 4 1
4 3 1
1 4 1
5 2 1
0 0 0
board #510 8
3 2 1
4 2 0
5 1 0
3 4 0
2 5 1
3 5 1
1 5 0
2 4 0
0 0 1
board #511 10
3 4 1
2 4 0
2 5 0
3 2 1
4 2 1
2 2 0
2 3 1
1 4 1
5 1 0
5 2 0
4 3 0
0 0 0
board #512 13
3 2 0
3 4 1
2 4 1
4 3 0
4 4 0
3 5 0
3 1 1
4 1 0
0 0 0
board #513 10
3 2 1
4 2 1
2 3 1
5 1 0
5 2 1
1 3 0
1 4 0
1 5 0
2 2 0
2 1 1
3 1 0
0 0 1
board #514 13
3 4 1
2 4 0
1 5 0
3 2 1
4 2 1
2 2 0
2 3 0
2 1 1
3 1 1
1 1 1
5 1 0
5 2 1
0 0 0
board #515 14
3 4 1
2 4 0
1 5 0
3 2 1
4 2 1
2 2 0
2 3 0
3 1 0
0 0 1
board #516 10
3 2 1
4 2 1
2 3 1
5 1 1
1 3 0
1 4 0
1 5 1
2 4 1
0 0 1
board #517 10
3 2 1
4 2 1
2 3 1
5 2 1
1 3 0
1 4 1
0 0 1
board #518 8
3 2 0
3 4 1
2 4 1
