3 4 1
2 4 0
1 5 1
2 5 0
3 2 0
3 1 0
0 0 1
board #1 8
3 2 0
3 4 0
3 5 0
4 1 0
0 0 1
board #2 6
3 4 1
2 4 1
4 3 1
1 4 1
5 3 1
0 0 0
board #3 7
3 4 0
3 2 0
3 1 0
2 5 1
3 5 1
1 5 1
4 4 0
4 5 1
5 4 0
5 5 0
0 0 0
board #4 12
3 4 1
2 4 0
2 5 0
3 2 1
4 2 1
2 2 0
2 3 0
3 1 0
0 0 0
board #5 10
3 2 1
4 2 0
4 1 1
5 1 0
3 4 0
3 5 0
0 0 0
board #6 8
3 4 0
3 2 1
4 2 1
2 3 0
2 2 0
2 1 0
2 5 1
3 5 0
0 0 0
board #7 10
3 4 0
3 2 1
4 2 1
2 3 1
5 1 1
1 3 1
0 0 0
board #8 8
3 4 1
2 4 0
1 5 1
2 5 1
4 3 1
5 2 1
0 0 0
board #9 8
3 2 0
3 4 1
2 4 0
2 5 0
3 1 1
4 1 1
5 1 1
2 2 1
1 2 0
1 3 0
1 1 0
1 4 1
2 3 0
0 0 1
board #10 15
3 2 0
3 4 0
4 1 0
2 5 0
0 0 1
board #11 6
3 4 0
3 2 1
4 2 0
4 1 0
2 5 1
3 5 1
1 5 1
4 4 0
4 5 0
0 0 0
board #12 11
3 4 0
3 2 0
3 5 0
3 1 1
4 1 1
5 1 1
2 2 1
1 2 0
1 3 1
0 0 0
board #13 11
3 2 1
4 2 0
5 1 0
3 4 1
2 4 0
1 5 1
2 5 0
0 0 0
board #14 9
3 4 1
2 4 0
1 5 0
3 2 0
3 1 0
0 0 0
board #15 7
3 4 0
3 2 0
4 1 0
2 5 1
3 5 0
0 0 0
board #16 7
3 4 1
2 4 1
4 4 1
1 5 1
5 3 1
0 0 0
board #17 7
3 2 1
4 2 1
2 3 1
5 2 1
1 4 1
0 0 1
board #18 7
3 4 0
3 2 0
4 1 0
2 5 1
3 5 0
0 0 0
board #19 7
3 4 1
2 4 1
4 3 1
1 4 1
5 2 1
0 0 0
board #20 7
3 4 1
2 4 0
1 5 1
2 5 0
3 2 1
4 2 0
5 1 0
0 0 0
board #21 9
3 2 0
3 4 0
2 5 1
3 5 0
3 1 1
4 1 0
0 0 0
board #22 8
3 2 0
3 4 1
2 4 1
4 3 0
4 4 0
4 5 0
3 1 1
4 1 1
5 1 0
4 2 1
5 2 1
2 2 1
1 2 0
1 3 1
0 0 0
board #23 16
3 2 0
3 4 1
2 4 1
4 3 0
4 4 0
3 5 1
4 5 0
3 1 1
4 1 1
5 1 1
2 2 1
1 2 1
0 0 1
board #24 14
3 4 0
3 2 1
4 2 0
5 1 0
2 5 0
0 0 0
board #25 7
3 2 1
4 2 0
4 1 0
3 4 0
2 5 1
3 5 0
0 0 0
board #26 8
3 2 0
3 4 0
4 1 0
2 5 1
3 5 1
1 5 0
2 4 1
1 4 0
2 3 1
1 3 0
2 2 0
0 0 1
board #27 13
3 2 1
4 2 0
4 1 1
5 1 0
3 4 1
2 4 1
4 4 0
4 3 0
3 5 1
4 5 0
0 0 0
board #28 12
3 4 0
3 2 0
2 5 1
3 5 1
1 5 1
4 4 0
4 5 1
5 4 0
5 5 1
0 0 0
board #29 11
3 4 0
3 2 0
3 1 1
4 1 1
5 1 1
2 2 1
1 2 0
1 3 1
0 0 0
board #30 10
3 4 0
3 2 0
3 1 0
3 5 0
0 0 1
board #31 6
3 2 0
3 4 0
3 1 1
4 1 0
2 5 0
0 0 1
board #32 7
3 2 1
4 2 1
2 2 0
2 3 0
2 1 0
3 4 0
3 5 0
0 0 1
board #33 9
3 4 1
2 4 1
4 4 1
1 4 0
1 5 1
5 3 1
0 0 1
board #34 8
3 2 0
3 4 1
2 4 0
2 5 0
3 1 1
4 1 1
5 1 0
4 2 1
5 2 0
4 3 1
5 3 0
5 4 1
4 4 0
4 5 0
0 0 0
board #35 16
3 2 1
4 2 1
2 3 0
2 2 1
5 1 1
1 3 1
0 0 1
board #36 8
3 2 1
4 2 0
5 1 0
3 4 0
2 5 1
3 5 1
1 5 1
4 4 0
4 5 0
0 0 1
board #37 11
3 4 1
2 4 1
4 3 0
4 4 1
1 4 0
1 5 0
2 3 1
1 3 1
5 3 0
5 4 0
4 5 0
3 2 1
4 2 1
5 1 0
5 2 0
0 0 1
board #38 17
3 2 1
4 2 1
2 2 1
5 1 0
5 2 1
1 2 1
0 0 0
board #39 8
3 4 0
3 2 0
3 1 1
4 1 0
2 5 1
3 5 1
1 5 0
2 4 0
0 0 1
board #40 10
3 4 0
3 2 1
4 2 1
2 3 1
5 1 1
1 3 0
1 4 0
1 5 0
1 2 1
2 2 0
2 1 1
3 1 0
0 0 0
board #41 14
3 4 1
2 4 1
4 4 1
1 4 1
5 3 0
5 4 0
4 3 0
4 5 0
3 2 1
4 2 0
5 1 0
0 0 0
board #42 13
3 2 0
3 4 1
2 4 1
4 4 1
1 4 1
5 3 0
5 4 1
0 0 0
board #43 9
3 2 1
4 2 0
4 1 0
3 4 0
2 5 1
3 5 1
1 5 0
2 4 1
1 4 0
2 3 1
1 3 1
4 4 0
4 5 0
0 0 1
board #44 15
3 2 1
4 2 1
2 3 0
2 2 1
1 3 1
5 1 0
5 2 1
0 0 1
board #45 9
3 2 1
4 2 0
4 1 1
5 1 1
2 3 1
1 4 1
0 0 0
board #46 8
3 4 1
2 4 1
4 3 0
4 4 0
3 5 1
4 5 1
5 4 0
5 5 1
1 4 0
1 5 1
0 0 1
board #47 12
3 4 1
2 4 1
4 3 0
4 4 0
3 5 1
4 5 0
3 2 0
3 1 1
4 1 1
5 1 1
2 2 1
1 2 1
0 0 0
board #48 14
3 2 0
3 4 1
2 4 1
4 3 0
4 4 0
3 5 0
3 1 0
0 0 0
board #49 9
3 2 1
4 2 0
4 1 1
5 1 1
2 2 1
1 2 1
0 0 0
board #50 8
3 4 1
2 4 1
4 3 0
4 4 0
3 5 1
4 5 1
5 4 1
1 4 0
1 5 1
0 0 0
board #51 11
3 2 1
4 2 1
2 3 1
5 1 1
1 3 1
0 0 0
board #52 7
3 4 1
2 4 0
1 5 0
3 2 1
4 2 0
4 1 1
5 1 0
0 0 1
board #53 9
3 4 0
3 2 0
3 1 1
4 1 1
5 1 1
2 2 0
2 1 1
1 2 1
0 0 1
board #54 10
3 2 0
3 4 0
3 1 1
4 1 0
3 5 0
0 0 0
board #55 7
3 2 0
3 4 1
2 4 1
4 3 0
4 4 1
5 3 0
5 4 1
1 4 1
0 0 1
board #56 10
3 4 1
2 4 1
4 3 1
1 4 0
1 5 0
2 3 1
1 3 0
2 2 1
1 2 0
1 1 1
2 1 0
0 0 1
board #57 13
3 4 0
3 2 1
4 2 1
2 3 0
2 2 1
1 3 1
5 1 1
0 0 1
board #58 9
3 2 0
3 4 0
2 5 1
3 5 1
1 5 1
4 4 0
4 5 1
5 5 1
0 0 0
board #59 10
3 4 1
2 4 1
4 3 1
1 4 0
1 5 0
2 3 0
2 2 0
3 1 0
0 0 1
board #60 10
3 4 1
2 4 1
4 3 0
4 4 0
3 5 1
4 5 0
3 2 1
4 2 1
5 1 0
5 2 0
0 0 1
board #61 12
3 2 1
4 2 1
2 3 1
5 1 0
5 2 0
4 3 0
4 4 0
3 5 1
4 5 0
0 0 0
board #62 11
3 4 0
3 2 1
4 2 0
4 1 0
3 5 0
0 0 1
board #63 7
3 4 1
2 4 0
1 5 1
2 5 1
4 3 0
4 4 1
5 4 1
0 0 1
board #64 9
3 4 0
3 2 0
4 1 0
2 5 1
3 5 1
1 5 1
4 4 0
4 5 1
5 4 0
5 5 0
0 0 1
board #65 12
3 2 0
3 4 1
2 4 1
4 3 1
1 4 0
1 5 1
5 2 1
0 0 1
board #66 9
3 2 1
4 2 1
2 3 0
2 2 0
2 1 1
3 1 1
1 2 1
5 1 0
5 2 0
4 3 0
4 4 1
3 4 0
2 5 1
3 5 0
0 0 0
board #67 16
3 2 1
4 2 1
2 2 1
5 1 0
5 2 1
1 3 1
0 0 1
board #68 8
3 2 0
3 4 1
2 4 0
1 5 0
4 1 0
0 0 0
board #69 7
3 2 0
3 4 0
3 1 1
4 1 1
5 1 0
4 2 0
2 5 0
0 0 1
board #70 9
3 4 0
3 2 1
4 2 0
4 1 1
5 1 1
2 3 0
2 2 1
1 2 0
1 3 0
1 1 1
2 1 0
2 5 1
3 5 1
1 5 1
4 4 1
5 3 0
5 4 0
4 5 1
5 5 1
0 0 0
board #71 21
3 4 1
2 4 0
1 5 1
2 5 0
3 2 0
3 1 1
4 1 1
5 1 1
2 2 0
2 1 1
1 1 1
0 0 1
board #72 13
3 2 1
4 2 1
2 2 0
2 3 0
3 1 0
3 4 1
2 4 1
1 4 0
1 5 0
0 0 0
board #73 11
3 2 1
4 2 1
2 3 0
2 2 1
1 3 1
5 1 0
5 2 1
0 0 0
board #74 9
3 2 0
3 4 0
2 5 1
3 5 0
4 1 0
0 0 0
board #75 7
3 2 0
3 4 0
2 5 1
3 5 0
3 1 0
0 0 0
board #76 7
3 4 1
2 4 0
1 5 1
2 5 0
3 2 1
4 2 1
2 2 1
5 1 0
5 2 0
4 3 0
0 0 1
board #77 12
3 2 1
4 2 1
2 2 1
5 2 1
1 2 0
1 3 0
2 3 1
1 4 0
1 5 0
1 1 0
0 0 1
board #78 12
3 4 1
2 4 1
4 4 1
1 4 0
1 5 1
5 4 1
0 0 1
board #79 8
3 4 0
3 2 0
4 1 0
3 5 0
0 0 0
board #80 6
3 2 1
4 2 1
2 3 1
5 1 0
5 2 1
1 4 1
0 0 1
board #81 8
3 2 1
4 2 1
2 3 0
2 2 0
3 1 0
3 4 0
3 5 0
0 0 0
board #82 9
3 4 0
3 2 0
2 5 1
3 5 0
3 1 1
4 1 0
0 0 1
board #83 8
3 4 0
3 2 0
3 5 0
3 1 1
4 1 1
5 1 1
2 2 0
2 1 0
0 0 0
board #84 10
3 2 1
4 2 1
2 3 0
2 2 1
1 3 1
5 1 0
5 2 1
0 0 0
board #85 9
3 2 1
4 2 1
2 3 0
2 2 1
1 3 1
5 1 1
0 0 1
board #86 8
3 4 0
3 2 0
4 1 0
2 5 1
3 5 0
0 0 1
board #87 7
3 4 0
3 2 1
4 2 1
2 3 0
2 2 1
5 1 0
5 2 1
1 2 0
1 3 1
0 0 0
board #88 11
3 4 1
2 4 1
4 4 0
4 3 1
5 2 0
5 3 1
1 4 0
1 5 0
2 3 1
1 3 1
0 0 0
board #89 12
3 2 0
3 4 0
3 1 0
2 5 1
3 5 1
1 5 1
4 4 0
4 5 1
5 4 0
5 5 0
0 0 0
board #90 12
3 4 0
3 2 0
2 5 1
3 5 1
1 5 0
2 4 1
1 4 1
4 4 0
4 5 1
5 4 0
5 5 1
0 0 1
board #91 13
3 2 1
4 2 1
2 3 1
5 2 1
1 3 1
0 0 1
board #92 7
3 2 0
3 4 0
3 1 1
4 1 1
5 1 1
2 2 1
1 2 0
1 3 1
0 0 1
board #93 10
3 4 0
3 2 1
4 2 1
2 2 1
5 1 0
5 2 1
1 2 1
0 0 0
board #94 9
3 2 0
3 4 0
4 1 0
2 5 0
0 0 0
board #95 6
3 2 0
3 4 1
2 4 0
1 5 1
2 5 1
4 3 1
5 2 1
0 0 0
board #96 9
3 2 0
3 4 0
2 5 1
3 5 1
1 5 0
2 4 0
3 1 0
0 0 0
board #97 9
3 4 0
3 2 0
4 1 0
2 5 1
3 5 0
0 0 0
board #98 7
3 4 1
2 4 0
1 5 0
3 2 1
4 2 0
5 1 0
0 0 0
board #99 8
3 4 0
3 2 1
4 2 1
2 3 0
2 2 1
1 2 0
1 3 0
2 1 0
3 5 0
0 0 1
board #100 11
3 4 0
3 2 1
4 2 1
2 3 1
5 2 1
1 3 1
0 0 0
board #101 8
3 2 1
4 2 0
4 1 1
5 1 1
2 3 1
1 3 0
1 4 0
1 5 0
2 2 0
2 1 1
3 1 0
0 0 0
board #102 13
3 2 1
4 2 0
4 1 0
3 4 1
2 4 1
4 4 1
1 4 1
5 4 1
0 0 0
board #103 10
3 4 0
3 2 0
3 1 1
4 1 0
2 5 1
3 5 0
0 0 0
board #104 8
3 4 0
3 2 1
4 2 1
2 3 1
5 1 0
5 2 1
1 3 0
1 4 1
0 0 1
board #105 10
3 4 1
2 4 0
1 5 1
2 5 0
3 2 0
3 1 1
4 1 0
0 0 0
board #106 9
3 2 0
3 4 1
2 4 1
4 3 1
1 4 0
1 5 1
5 3 1
0 0 1
board #107 9
3 4 0
3 2 0
3 1 1
4 1 0
3 5 0
0 0 1
board #108 7
3 2 1
4 2 1
2 2 1
5 1 1
1 2 0
1 3 0
2 3 0
1 1 0
3 4 1
1 5 1
2 4 1
4 3 1
0 0 1
board #109 14
3 4 1
2 4 1
4 3 1
1 5 1
5 2 0
5 3 0
5 1 1
4 2 0
5 4 0
4 1 1
3 2 1
2 3 0
2 2 0
2 1 1
3 1 0
5 5 0
0 0 1
board #110 18
3 2 0
3 4 1
2 4 0
2 5 0
3 1 0
0 0 1
board #111 7
3 4 1
2 4 1
4 3 0
4 4 1
1 5 1
5 3 0
5 4 0
5 5 0
3 2 1
4 2 1
2 3 0
2 2 0
2 1 1
3 1 0
0 0 1
board #112 16
3 2 1
4 2 0
4 1 1
5 1 0
3 4 0
3 5 0
0 0 1
board #113 8
3 4 1
2 4 1
4 3 1
1 5 1
5 3 1
0 0 0
board #114 7
3 2 1
4 2 1
2 3 1
5 1 0
5 2 0
4 3 0
4 4 1
3 4 1
2 4 1
5 3 0
5 4 1
1 3 0
1 5 1
0 0 0
board #115 15
3 4 0
3 2 0
2 5 1
3 5 0
3 1 0
0 0 0
board #116 7
3 4 1
2 4 0
1 5 0
3 2 0
3 1 1
4 1 1
5 1 1
2 2 0
2 1 1
1 2 1
0 0 1
board #117 12
3 4 0
3 2 0
3 5 0
3 1 1
4 1 0
0 0 0
board #118 7
3 4 1
2 4 1
4 3 0
4 4 0
3 5 1
4 5 0
3 2 0
3 1 1
4 1 1
5 1 1
2 2 0
2 1 0
0 0 1
board #119 14
3 4 0
3 2 1
4 2 1
2 3 1
5 2 1
1 4 1
0 0 1
board #120 8
3 2 0
3 4 1
2 4 0
1 5 1
2 5 1
4 3 1
5 3 1
0 0 0
board #121 9
3 2 1
4 2 0
4 1 1
5 1 1
2 3 1
1 3 0
1 4 0
1 5 0
2 2 1
1 2 0
2 1 0
0 0 0
board #122 13
3 4 0
3 2 1
4 2 1
2 3 1
5 1 1
1 3 0
1 4 0
1 5 0
1 2 0
1 1 0
0 0 1
board #123 12
3 2 0
3 4 1
2 4 0
1 5 1
2 5 1
4 3 1
5 3 1
0 0 1
board #124 9
3 4 1
2 4 0
1 5 1
2 5 1
4 3 1
5 2 1
0 0 0
board #125 8
3 4 0
3 2 0
3 5 0
4 1 0
0 0 1
board #126 6
3 4 1
2 4 0
1 5 0
3 2 1
4 2 1
2 2 0
2 3 1
1 3 0
1 4 0
2 1 1
3 1 0
0 0 0
board #127 13
3 4 0
3 2 1
4 2 1
2 3 0
2 2 1
1 2 1
5 1 1
0 0 0
board #128 9
3 4 0
3 2 1
4 2 1
2 3 0
2 2 1
1 2 1
5 1 1
0 0 0
board #129 9
3 4 0
3 2 1
4 2 0
4 1 0
2 5 1
3 5 1
1 5 0
2 4 1
1 4 0
2 3 0
0 0 0
board #130 12
3 2 0
3 4 0
3 5 0
3 1 1
4 1 0
0 0 0
board #131 7
3 2 1
4 2 1
2 3 1
5 2 1
1 3 0
1 4 0
1 5 0
2 2 1
1 2 1
0 0 0
board #132 11
3 4 1
2 4 0
1 5 1
2 5 1
4 3 0
4 4 0
3 5 0
3 2 1
4 2 1
5 2 1
2 3 1
1 3 0
1 4 1
0 0 1
board #133 15
3 2 1
4 2 1
2 3 1
5 1 0
5 2 1
1 3 1
0 0 1
board #134 8
3 2 0
3 4 0
3 1 1
4 1 0
2 5 0
0 0 0
board #135 7
3 4 1
2 4 1
4 3 0
4 4 1
5 3 0
5 4 1
1 4 1
0 0 1
board #136 9
3 4 0
3 2 1
4 2 1
2 3 0
2 2 0
2 1 1
3 1 1
1 1 0
1 2 0
3 5 0
0 0 1
board #137 12
3 2 1
4 2 0
4 1 0
3 4 0
2 5 0
0 0 1
board #138 7
3 2 1
4 2 0
4 1 1
5 1 1
2 3 0
2 2 0
2 1 1
3 1 1
1 1 0
1 2 0
3 4 1
2 4 0
1 5 1
2 5 1
4 4 1
5 3 1
0 0 1
board #139 18
3 2 0
3 4 1
2 4 1
4 3 1
1 4 0
1 5 1
5 2 0
5 3 0
5 1 0
5 4 0
4 5 1
5 5 1
3 5 1
0 0 0
board #140 15
3 4 0
3 2 0
2 5 1
3 5 1
1 5 0
2 4 0
3 1 1
4 1 0
0 0 1
board #141 10
3 2 1
4 2 1
2 2 1
5 1 0
5 2 0
4 3 1
5 3 0
4 4 1
5 4 0
5 5 0
0 0 0
board #142 12
3 2 1
4 2 1
2 2 0
2 3 0
2 1 0
3 4 1
1 5 0
1 4 0
0 0 0
board #143 10
3 4 1
2 4 1
4 4 0
4 3 1
5 2 1
1 5 1
0 0 1
board #144 8
3 2 1
4 2 1
2 3 1
5 1 0
5 2 0
4 3 0
4 4 0
3 5 1
4 5 0
0 0 0
board #145 11
3 2 0
3 4 0
4 1 0
2 5 1
3 5 0
0 0 1
board #146 7
3 2 1
4 2 0
4 1 1
5 1 1
2 3 1
1 3 0
1 4 1
0 0 0
board #147 9
3 2 1
4 2 0
4 1 0
3 4 0
2 5 1
3 5 0
0 0 0
board #148 8
3 4 0
3 2 0
2 5 0
3 1 1
4 1 0
0 0 1
board #149 7
3 4 0
3 2 0
2 5 0
3 1 1
4 1 0
0 0 0
board #150 7
3 4 1
2 4 0
1 5 0
3 2 1
4 2 0
5 1 0
0 0 0
board #151 8
3 4 0
3 2 1
4 2 1
2 3 1
5 1 0
5 2 1
1 3 1
0 0 1
board #152 9
3 2 0
3 4 0
2 5 1
3 5 0
3 1 1
4 1 0
0 0 1
board #153 8
3 4 1
2 4 1
4 4 1
1 4 0
1 5 1
5 3 0
5 4 1
0 0 0
board #154 9
3 2 0
3 4 0
2 5 1
3 5 1
1 5 0
2 4 1
1 4 0
2 3 0
3 1 1
4 1 0
0 0 0
board #155 12
3 2 1
4 2 0
5 1 0
3 4 1
2 4 0
2 5 0
0 0 0
board #156 8
3 2 1
4 2 1
2 3 1
5 1 0
5 2 1
1 4 1
0 0 1
board #157 8
3 4 1
2 4 1
4 3 1
1 4 1
5 2 1
0 0 0
board #158 7
3 2 0
3 4 1
2 4 0
1 5 1
2 5 0
4 1 0
0 0 0
board #159 8
3 2 1
4 2 1
2 2 0
2 3 0
2 1 0
3 4 1
2 4 1
1 4 0
1 5 1
4 3 1
5 3 1
0 0 0
board #160 13
3 4 1
2 4 0
1 5 1
2 5 1
4 3 1
5 2 0
5 3 0
5 1 1
4 2 1
0 0 1
board #161 11
3 2 0
3 4 1
2 4 1
4 3 0
4 4 1
5 4 1
1 4 1
0 0 1
board #162 9
3 2 1
4 2 1
2 3 0
2 2 1
1 2 1
5 2 1
0 0 0
board #163 8
3 2 0
3 4 1
2 4 0
1 5 1
2 5 1
4 3 1
5 2 1
0 0 1
board #164 9
3 4 0
3 2 1
4 2 0
5 1 0
2 5 1
3 5 0
0 0 0
board #165 8
3 4 0
3 2 0
3 1 0
2 5 1
3 5 1
1 5 1
4 4 0
4 5 1
5 4 1
0 0 1
board #166 11
3 4 1
2 4 0
2 5 0
3 2 0
3 1 0
0 0 1
board #167 7
3 4 0
3 2 1
4 2 0
4 1 0
3 5 0
0 0 1
board #168 7
3 2 1
4 2 0
4 1 1
5 1 0
3 4 0
3 5 0
0 0 0
board #169 8
3 4 0
3 2 0
3 1 1
4 1 0
3 5 0
0 0 1
board #170 7
3 4 0
3 2 0
3 1 0
2 5 1
3 5 1
1 5 1
4 4 1
5 3 1
0 0 1
board #171 10
3 2 1
4 2 1
2 3 0
2 2 0
2 1 0
3 4 1
1 5 1
2 4 0
2 5 0
0 0 0
board #172 11
3 4 0
3 2 1
4 2 0
4 1 0
2 5 0
0 0 1
board #173 7
3 2 1
4 2 0
4 1 1
5 1 1
2 3 0
2 2 1
1 2 0
1 3 0
1 1 1
2 1 1
0 0 0
board #174 12
3 4 1
2 4 0
1 5 0
3 2 1
4 2 1
2 2 0
2 3 1
1 3 1
5 1 0
5 2 1
0 0 1
board #175 12
3 4 1
2 4 0
2 5 0
3 2 0
4 1 0
0 0 0
board #176 7
3 4 1
2 4 1
4 3 1
1 4 0
1 5 1
5 3 1
0 0 0
board #177 8
3 2 0
3 4 0
3 1 1
4 1 0
2 5 1
3 5 0
0 0 0
board #178 8
3 4 1
2 4 0
1 5 1
2 5 1
4 3 1
5 2 0
5 3 0
5 1 0
4 4 0
3 5 0
0 0 0
board #179 12
3 4 0
3 2 1
4 2 1
2 3 1
5 1 0
5 2 1
1 4 1
0 0 1
board #180 9
3 4 0
3 2 1
4 2 1
2 3 1
5 2 1
1 3 1
0 0 0
board #181 8
3 2 1
4 2 1
2 3 0
2 2 0
2 1 1
3 1 0
3 4 0
2 5 0
0 0 1
board #182 10
3 4 0
3 2 1
4 2 1
2 3 1
5 1 0
5 2 0
4 3 1
5 3 0
4 4 0
3 5 0
0 0 1
board #183 12
3 4 0
3 2 0
2 5 1
3 5 1
1 5 0
2 4 1
1 4 0
2 3 0
4 1 0
0 0 0
board #184 11
3 4 0
3 2 0
4 1 0
2 5 1
3 5 1
1 5 1
4 4 1
5 3 0
5 4 1
0 0 0
board #185 11
3 4 1
2 4 0
2 5 0
3 2 1
4 2 0
4 1 1
5 1 0
0 0 1
board #186 9
3 2 0
3 4 0
3 1 0
3 5 0
0 0 0
board #187 6
3 4 0
3 2 0
2 5 1
3 5 1
1 5 0
2 4 1
1 4 1
4 4 1
5 4 1
0 0 0
board #188 11
3 4 1
2 4 0
1 5 0
3 2 1
4 2 1
2 3 1
5 2 1
1 3 0
1 4 1
0 0 1
board #189 11
3 2 1
4 2 0
4 1 1
5 1 0
3 4 0
2 5 0
0 0 0
board #190 8
3 4 0
3 2 0
2 5 1
3 5 1
1 5 0
2 4 1
1 4 0
2 3 1
1 3 1
4 4 1
5 4 1
0 0 1
board #191 13
3 4 1
2 4 1
4 3 1
1 4 0
1 5 1
5 2 0
5 3 0
5 1 1
4 2 0
4 4 1
5 4 0
4 1 1
3 2 1
2 3 1
0 0 1
board #192 16
3 2 1
4 2 1
2 3 0
2 2 1
1 2 0
1 3 1
5 2 1
0 0 1
board #193 9
3 2 1
4 2 0
4 1 1
5 1 0
3 4 1
2 4 0
1 5 1
2 5 0
0 0 0
board #194 10
3 4 0
3 2 0
3 1 1
4 1 1
5 1 1
2 2 1
1 2 0
1 3 1
0 0 0
board #195 10
3 2 1
4 2 1
2 3 1
5 1 1
1 3 1
0 0 0
board #196 7
3 4 0
3 2 0
3 5 0
4 1 0
0 0 0
board #197 6
3 4 0
3 2 0
2 5 0
3 1 1
4 1 0
0 0 0
board #198 7
3 2 0
3 4 0
2 5 1
3 5 1
1 5 1
4 4 1
5 3 0
5 4 0
4 3 0
4 5 1
5 5 0
4 1 0
0 0 0
board #199 14
3 2 1
4 2 0
4 1 1
5 1 0
3 4 0
3 5 0
0 0 1
board #200 8
3 4 0
3 2 1
4 2 0
4 1 1
5 1 1
2 3 0
2 2 0
2 1 1
3 1 1
1 2 1
0 0 0
board #201 12
3 4 0
3 2 0
2 5 0
3 1 1
4 1 0
0 0 0
board #202 7
3 4 1
2 4 0
2 5 0
3 2 1
4 2 0
4 1 1
5 1 1
2 2 0
2 3 0
3 1 0
0 0 1
board #203 12
3 2 1
4 2 0
4 1 0
3 4 0
3 5 0
0 0 1
board #204 7
3 4 1
2 4 0
1 5 1
2 5 1
4 3 1
5 2 1
0 0 0
board #205 8
3 4 0
3 2 0
3 5 0
4 1 0
0 0 1
board #206 6
3 2 1
4 2 1
2 2 0
2 3 1
1 3 1
5 1 0
5 2 0
4 3 1
5 3 1
0 0 0
board #207 11
3 2 1
4 2 1
2 3 0
2 2 0
2 1 1
3 1 1
1 1 0
1 2 0
3 4 1
1 5 0
1 4 1
2 4 0
0 0 1
board #208 14
3 2 0
3 4 0
3 1 0
2 5 1
3 5 0
0 0 0
board #209 7
3 2 1
4 2 1
2 3 1
5 1 0
5 2 1
1 3 0
1 4 0
1 5 1
2 4 1
0 0 0
board #210 11
3 2 1
4 2 1
2 3 0
2 2 0
3 1 0
3 4 0
2 5 1
3 5 1
1 5 0
2 4 0
0 0 0
board #211 12
3 4 1
2 4 1
4 4 0
4 3 0
4 5 0
3 2 0
4 1 0
0 0 1
board #212 9
3 2 0
3 4 1
2 4 1
4 3 1
1 5 1
5 2 1
0 0 1
board #213 8
3 4 1
2 4 1
4 3 0
4 4 0
3 5 0
3 2 0
3 1 1
4 1 0
0 0 1
board #214 10
3 2 0
3 4 0
2 5 1
3 5 0
3 1 1
4 1 0
0 0 1
board #215 8
3 4 1
2 4 0
1 5 1
2 5 1
4 3 0
4 4 1
5 3 1
0 0 1
board #216 9
3 2 1
4 2 0
4 1 0
3 4 1
2 4 1
4 4 0
4 3 1
5 2 1
1 4 1
0 0 0
board #217 11
3 2 0
3 4 1
2 4 1
4 3 1
1 4 1
5 3 1
0 0 0
board #218 8
3 4 1
2 4 1
4 4 1
1 5 1
5 4 1
0 0 1
board #219 7
3 2 0
3 4 0
4 1 0
2 5 1
3 5 0
0 0 0
board #220 7
3 4 1
2 4 0
1 5 0
3 2 1
4 2 1
2 2 1
5 1 0
5 2 0
4 3 1
5 3 1
1 2 0
1 3 0
1 1 1
2 1 1
0 0 1
board #221 16
3 2 0
3 4 1
2 4 1
4 3 0
4 4 0
3 5 0
3 1 1
4 1 0
0 0 1
board #222 10
3 2 1
4 2 1
2 3 1
5 1 0
5 2 0
4 3 1
5 3 0
4 4 0
3 5 0
0 0 1
board #223 11
3 4 0
3 2 1
4 2 1
2 3 1
5 1 1
1 3 0
1 4 1
0 0 0
board #224 9
3 2 1
4 2 1
2 3 1
5 1 0
5 2 1
1 3 0
1 4 0
1 5 1
2 4 1
0 0 1
board #225 11
3 2 0
3 4 1
2 4 1
4 3 1
1 5 1
5 2 0
5 3 0
5 1 0
4 4 0
3 5 0
0 0 0
board #226 12
3 2 1
4 2 1
2 2 0
2 3 1
5 1 0
5 2 1
1 4 1
0 0 0
board #227 9
3 2 0
3 4 0
4 1 0
2 5 0
0 0 0
board #228 6
3 4 1
2 4 1
4 3 1
1 4 0
1 5 0
2 3 0
2 2 0
2 1 1
3 1 0
0 0 1
board #229 11
3 2 1
4 2 0
4 1 1
5 1 0
3 4 0
2 5 1
3 5 0
0 0 0
board #230 9
3 2 0
3 4 1
2 4 1
4 3 1
1 4 1
5 2 0
5 3 1
0 0 1
board #231 9
3 4 0
3 2 0
2 5 1
3 5 0
3 1 1
4 1 0
0 0 1
board #232 8
3 2 0
3 4 0
2 5 1
3 5 1
1 5 0
2 4 0
4 1 0
0 0 0
board #233 9
3 4 0
3 2 1
4 2 1
2 3 1
5 1 0
5 2 0
4 3 1
5 3 0
4 4 1
5 4 1
1 3 1
0 0 0
board #234 13
3 2 1
4 2 0
4 1 0
3 4 1
2 4 0
1 5 0
0 0 0
board #235 8
3 2 1
4 2 1
2 3 1
5 2 1
1 4 1
0 0 1
board #236 7
3 2 1
4 2 1
2 3 0
2 2 1
1 3 1
5 2 1
0 0 1
board #237 8
3 4 1
2 4 1
4 3 0
4 4 1
1 4 0
1 5 0
2 3 0
2 2 1
3 2 0
3 1 1
4 1 0
0 0 0
board #238 13
3 4 0
3 2 1
4 2 1
2 3 0
2 2 1
1 2 0
1 3 0
2 1 0
2 5 1
3 5 1
1 5 0
1 4 1
2 4 0
0 0 0
board #239 15
3 4 1
2 4 0
2 5 0
3 2 1
4 2 0
4 1 1
5 1 0
0 0 1
board #240 9
3 2 0
3 4 1
2 4 1
4 3 0
4 4 0
3 5 1
4 5 1
5 4 1
1 4 0
1 5 0
2 3 0
3 1 0
0 0 0
board #241 14
3 2 0
3 4 1
2 4 0
1 5 1
2 5 0
3 1 1
4 1 1
5 1 0
4 2 1
5 2 0
4 3 1
5 3 1
2 2 0
2 1 0
0 0 0
board #242 16
3 2 0
3 4 0
3 1 1
4 1 1
5 1 0
4 2 0
2 5 1
3 5 1
1 5 0
2 4 1
1 4 0
2 3 0
0 0 1
board #243 14
3 4 1
2 4 1
4 4 1
1 4 0
1 5 1
5 4 1
0 0 0
board #244 8
3 4 0
3 2 0
3 5 0
4 1 0
0 0 1
board #245 6
3 2 1
4 2 0
4 1 1
5 1 0
3 4 0
2 5 1
3 5 1
1 5 0
2 4 1
1 4 0
2 3 1
1 3 0
2 2 0
2 1 0
0 0 1
board #246 16
3 2 1
4 2 1
2 3 0
2 2 0
2 1 1
3 1 1
1 1 0
1 2 0
3 4 1
1 5 1
2 4 1
4 3 1
5 1 0
5 3 1
0 0 1
board #247 16
3 4 0
3 2 1
4 2 1
2 3 1
5 1 0
5 2 0
4 3 1
5 3 1
1 4 1
0 0 0
board #248 11
3 2 1
4 2 1
2 3 1
5 1 0
5 2 1
1 4 1
0 0 1
board #249 8
3 4 1
2 4 1
4 3 0
4 4 1
5 3 1
1 4 0
1 5 1
0 0 1
board #250 9
3 4 1
2 4 1
4 4 0
4 3 1
5 2 0
5 3 0
5 1 1
4 2 1
1 4 0
1 5 0
2 3 0
2 2 0
3 1 0
0 0 0
board #251 15
3 2 0
3 4 1
2 4 0
1 5 1
2 5 0
3 1 0
0 0 1
board #252 8
2 4 0
3 2 0
2 5 0
3 1 1
4 1 0
0 0 1
board #253 7
3 4 0
3 2 0
2 5 1
3 5 1
1 5 1
4 4 0
4 5 0
4 1 0
0 0 1
board #254 10
3 4 0
3 2 1
4 2 1
2 3 0
2 2 0
2 1 0
2 5 1
3 5 1
1 5 1
4 4 1
5 3 0
5 4 0
4 3 0
4 5 1
5 5 0
0 0 0
board #255 17
3 2 0
3 4 1
2 4 0
1 5 1
2 5 1
4 3 0
4 4 0
4 5 0
3 1 1
4 1 1
5 1 0
4 2 0
0 0 1
board #256 14
3 4 1
2 4 1
4 3 0
4 4 0
4 5 0
3 2 1
4 2 1
5 2 1
2 3 0
2 2 0
2 1 0
0 0 0
board #257 13
3 2 1
4 2 0
5 1 0
3 4 1
2 4 1
4 4 0
4 3 0
4 5 0
0 0 1
board #258 10
3 4 0
3 2 1
4 2 1
2 3 0
2 2 1
1 2 0
1 3 1
5 1 0
5 2 0
4 3 1
5 3 1
0 0 0
board #259 13
3 4 1
2 4 0
1 5 1
2 5 0
3 2 0
3 1 0
0 0 1
board #260 8
3 4 1
2 4 1
4 4 0
4 3 0
3 5 0
3 2 0
4 1 0
0 0 0
board #261 9
3 4 1
2 4 0
1 5 0
3 2 1
4 2 0
5 1 0
0 0 0
board #262 8
3 2 0
3 4 0
4 1 0
2 5 1
3 5 1
1 5 0
2 4 0
0 0 0
board #263 9
3 4 1
2 4 0
1 5 1
2 5 1
4 3 1
5 2 0
5 3 1
0 0 0
board #264 9
3 2 0
3 4 0
3 5 0
3 1 1
4 1 0
0 0 0
board #265 7
3 2 0
3 4 0
3 1 0
2 5 1
3 5 1
1 5 0
2 4 1
1 4 1
4 4 1
5 3 0
5 4 0
4 3 0
4 5 1
5 5 1
0 0 0
board #266 16
3 2 0
3 4 0
4 1 0
2 5 0
0 0 0
board #267 6
3 2 1
4 2 1
2 3 0
2 2 1
5 1 1
1 3 1
0 0 0
board #268 8
3 4 0
3 2 0
4 1 0
2 5 1
3 5 1
1 5 1
4 4 0
4 5 0
0 0 1
board #269 10
3 2 1
4 2 1
2 3 1
5 1 0
5 2 0
4 3 1
5 3 0
4 4 0
4 5 0
0 0 0
board #270 11
3 2 1
4 2 1
2 2 1
5 1 1
1 3 1
0 0 1
board #271 7
3 4 1
2 4 1
4 3 0
4 4 1
1 5 1
5 3 1
0 0 1
board #272 8
3 4 1
2 4 0
2 5 0
3 2 0
3 1 1
4 1 0
0 0 1
board #273 8
3 4 0
3 2 1
4 2 0
4 1 0
2 5 1
3 5 1
1 5 1
4 4 1
5 3 0
5 4 0
4 3 0
5 5 0
0 0 0
board #274 14
3 4 0
3 2 0
3 1 1
4 1 0
2 5 1
3 5 0
0 0 0
board #275 8
3 2 0
3 4 0
3 5 0
4 1 0
0 0 1
board #276 6
3 2 1
4 2 1
2 3 1
5 1 1
1 3 1
0 0 1
board #277 7
3 4 0
3 2 0
3 5 0
4 1 0
0 0 0
board #278 6
3 4 0
3 2 1
4 2 1
2 3 1
5 1 0
5 2 1
1 3 1
0 0 0
board #279 9
3 2 0
3 4 1
2 4 0
1 5 1
2 5 1
4 3 0
4 4 1
5 3 1
0 0 1
board #280 10
3 2 1
4 2 0
4 1 1
5 1 0
3 4 1
2 4 0
1 5 1
2 5 1
4 3 1
5 3 1
0 0 0
board #281 12
3 2 0
3 4 1
2 4 0
2 5 0
4 1 0
0 0 1
board #282 7
3 2 1
4 2 1
2 2 1
5 1 0
5 2 1
1 2 0
1 3 0
2 3 0
1 1 0
3 4 0
2 5 1
3 5 0
0 0 0
board #283 14
3 4 1
2 4 0
1 5 1
2 5 0
3 2 1
4 2 1
2 3 1
5 1 1
1 4 1
0 0 0
board #284 11
3 2 0
3 4 1
2 4 1
4 3 0
4 4 0
3 5 0
3 1 0
0 0 1
board #285 9
3 4 0
3 2 1
4 2 1
2 3 1
5 1 0
5 2 1
1 3 0
1 4 1
0 0 0
board #286 10
3 4 0
3 2 0
3 1 1
4 1 1
5 1 1
2 2 0
2 1 1
1 1 0
1 2 0
3 5 0
0 0 1
board #287 12
3 4 0
3 2 1
4 2 0
4 1 0
2 5 1
3 5 1
1 5 0
2 4 0
0 0 1
board #288 10
3 4 1
2 4 0
1 5 1
2 5 0
3 2 0
3 1 1
4 1 0
0 0 1
board #289 9
3 4 0
3 2 1
4 2 0
4 1 1
5 1 1
2 3 0
2 2 0
3 1 0
3 5 0
0 0 1
board #290 11
3 4 0
3 2 0
3 1 0
2 5 1
3 5 0
0 0 1
board #291 7
3 2 1
4 2 0
4 1 1
5 1 1
2 2 1
1 2 0
1 3 0
2 3 0
1 1 0
3 4 1
1 5 1
2 4 0
2 5 1
4 4 0
4 3 0
3 5 1
4 5 0
0 0 1
board #292 19
3 4 0
3 2 1
4 2 1
2 3 1
5 1 1
1 3 1
0 0 0
board #293 8
3 4 0
3 2 1
4 2 0
4 1 1
5 1 0
3 5 0
0 0 1
board #294 8
3 2 0
3 4 0
3 5 0
4 1 0
0 0 1
board #295 6
3 4 0
3 2 1
4 2 1
2 3 1
5 1 0
5 2 1
1 3 1
0 0 1
board #296 9
3 2 1
4 2 1
2 3 0
2 2 1
5 1 1
1 2 0
1 3 0
2 1 0
3 4 0
3 5 0
0 0 0
board #297 12
3 4 1
2 4 1
4 3 1
1 4 0
1 5 0
2 3 1
1 3 0
2 2 1
1 2 0
2 1 0
0 0 0
board #298 12
3 2 0
3 4 1
2 4 0
1 5 1
2 5 1
4 3 1
5 2 1
0 0 0
board #299 9
3 2 1
4 2 0
5 1 0
3 4 1
2 4 0
1 5 1
2 5 0
0 0 1
board #300 9
3 2 1
4 2 0
5 1 0
3 4 1
2 4 0
1 5 0
0 0 1
board #301 8
3 4 1
2 4 0
1 5 0
3 2 0
3 1 1
4 1 1
5 1 0
4 2 0
0 0 1
board #302 10
3 4 1
2 4 0
1 5 1
2 5 0
3 2 1
4 2 0
5 1 0
0 0 1
board #303 9
3 2 0
3 4 1
2 4 1
4 3 0
4 4 1
5 3 0
5 4 0
5 5 0
3 1 0
0 0 1
board #304 11
3 4 1
2 4 1
4 3 0
4 4 0
3 5 1
4 5 1
5 4 0
5 5 0
3 2 1
5 1 0
5 2 0
0 0 0
board #305 13
3 4 0
3 2 1
4 2 1
2 3 0
2 2 0
3 1 0
2 5 1
3 5 1
1 5 0
2 4 0
0 0 1
board #306 12
3 4 1
2 4 1
4 3 0
4 4 0
3 5 1
4 5 1
5 4 0
5 5 0
3 2 1
4 2 0
4 1 0
0 0 1
board #307 13
3 4 0
3 2 0
4 1 0
2 5 1
3 5 0
0 0 1
board #308 7
3 4 1
2 4 1
4 3 0
4 4 0
3 5 0
3 2 1
4 2 0
4 1 1
5 1 1
2 3 1
1 3 1
0 0 0
board #309 13
3 2 1
4 2 1
2 3 0
2 2 0
2 1 0
3 4 1
1 5 1
2 5 1
4 3 1
5 3 1
0 0 1
board #310 12
3 4 1
2 4 0
2 5 0
3 2 0
3 1 0
0 0 1
board #311 7
3 2 1
4 2 0
4 1 1
5 1 0
3 4 1
2 4 1
4 4 0
4 3 0
3 5 1
4 5 0
0 0 1
board #312 12
3 2 1
4 2 0
5 1 0
3 4 1
2 4 0
1 5 0
0 0 1
board #313 8
3 4 0
3 2 0
3 5 0
3 1 1
4 1 1
5 1 1
2 2 1
1 3 1
0 0 0
board #314 10
3 4 1
2 4 0
1 5 1
2 5 1
4 3 0
4 4 0
3 5 0
5 1 0
4 2 1
5 2 1
3 2 1
2 2 1
1 3 1
0 0 0
board #315 15
3 2 0
3 4 1
2 4 0
1 5 1
2 5 0
3 1 0
0 0 1
board #316 8
3 4 0
3 2 0
4 1 0
3 5 0
0 0 0
board #317 6
3 2 0
3 4 1
2 4 0
2 5 0
4 1 0
0 0 0
board #318 7
3 4 0
3 2 0
2 5 1
3 5 0
3 1 0
0 0 1
board #319 7
3 2 0
3 4 0
2 5 0
3 1 0
0 0 0
board #320 6
3 2 0
3 4 0
2 5 1
3 5 1
1 5 0
2 4 1
1 4 1
4 4 0
4 5 0
3 1 1
4 1 0
0 0 0
board #321 13
3 4 0
3 2 1
4 2 1
2 3 0
2 2 0
2 1 1
3 1 1
1 1 0
1 2 1
5 2 1
0 0 0
board #322 12
3 4 0
3 2 0
3 1 1
4 1 0
2 5 1
3 5 1
1 5 0
2 4 0
0 0 1
board #323 10
3 4 1
2 4 1
4 3 1
1 5 1
5 2 0
5 3 0
5 1 1
4 2 0
5 4 1
4 4 0
4 1 1
3 2 0
3 1 1
2 2 0
2 1 0
3 5 1
4 5 0
0 0 1
board #324 19
3 2 1
4 2 0
4 1 1
5 1 0
3 4 1
2 4 0
2 5 0
0 0 1
board #325 9
3 4 0
3 2 0
3 1 1
4 1 0
2 5 0
0 0 1
board #326 7
3 4 0
3 2 0
3 1 1
4 1 1
5 1 1
2 2 1
1 2 1
0 0 1
board #327 9
3 4 1
2 4 1
4 3 0
4 4 0
3 5 0
3 2 0
3 1 0
0 0 0
board #328 9
3 2 0
3 4 1
2 4 1
4 3 0
4 4 1
5 3 1
1 4 1
0 0 1
board #329 9
3 2 0
3 4 0
3 1 1
4 1 0
2 5 0
0 0 0
board #330 7
3 4 0
3 2 0
2 5 1
3 5 1
1 5 0
2 4 0
3 1 0
0 0 0
board #331 9
3 4 1
2 4 0
2 5 0
3 2 1
4 2 0
4 1 0
0 0 1
board #332 8
3 2 0
3 4 1
2 4 1
4 3 0
4 4 1
5 3 1
1 5 1
0 0 1
board #333 9
3 4 1
2 4 1
4 3 1
1 4 1
5 2 0
5 3 0
5 1 1
4 2 1
0 0 0
board #334 10
3 4 1
2 4 1
4 3 0
4 4 1
1 4 0
1 5 1
5 3 0
5 4 1
0 0 0
board #335 10
3 4 1
2 4 0
1 5 0
3 2 1
4 2 1
2 3 1
5 2 1
1 3 0
1 4 1
0 0 1
board #336 11
3 2 1
4 2 1
2 3 0
2 2 1
5 1 0
5 2 1
1 2 0
1 3 1
0 0 0
board #337 10
3 4 1
2 4 0
2 5 0
3 2 0
3 1 1
4 1 0
0 0 1
board #338 8
3 4 1
2 4 1
4 4 1
1 4 1
5 3 1
0 0 1
board #339 7
3 2 0
3 4 0
3 5 0
3 1 1
4 1 0
0 0 0
board #340 7
3 2 0
3 4 1
2 4 1
4 3 1
1 4 1
5 2 0
5 3 1
0 0 0
board #341 9
3 4 0
3 2 1
4 2 0
4 1 1
5 1 0
2 5 0
0 0 1
board #342 8
3 2 0
3 4 0
3 5 0
3 1 1
4 1 0
0 0 1
board #343 7
3 4 0
3 2 1
4 2 1
2 3 0
2 2 1
1 2 0
1 3 1
5 2 1
0 0 0
board #344 10
3 4 0
3 2 0
3 1 1
4 1 0
2 5 1
3 5 0
0 0 0
board #345 8
3 2 1
4 2 0
4 1 1
5 1 1
2 3 1
1 3 0
1 4 0
1 5 0
2 2 1
1 2 1
0 0 1
board #346 12
3 4 0
3 2 1
4 2 1
2 3 1
5 1 1
1 3 1
0 0 1
board #347 8
3 4 0
3 2 0
2 5 1
3 5 0
3 1 1
4 1 1
5 1 0
4 2 0
0 0 1
board #348 10
3 4 1
2 4 1
4 3 1
1 4 0
1 5 1
5 2 1
0 0 0
board #349 8
3 4 0
3 2 0
2 5 1
3 5 0
4 1 0
0 0 1
board #350 7
3 4 1
2 4 0
1 5 0
3 2 0
4 1 0
0 0 0
board #351 7
3 4 1
2 4 1
4 4 1
1 4 1
5 4 1
0 0 1
board #352 7
3 4 0
3 2 1
4 2 0
4 1 0
3 5 0
0 0 0
board #353 7
3 2 1
4 2 1
2 3 1
5 1 0
5 2 1
1 4 1
0 0 1
board #354 8
3 4 1
2 4 0
1 5 1
2 5 1
4 3 1
5 2 0
5 3 1
0 0 1
board #355 9
3 4 0
3 2 1
4 2 1
2 3 1
5 1 0
5 2 0
4 3 1
5 3 1
1 4 1
0 0 1
board #356 11
3 4 1
2 4 0
1 5 0
3 2 1
4 2 0
4 1 1
5 1 0
0 0 1
board #357 9
3 4 0
3 2 1
4 2 1
2 3 0
2 2 0
2 1 0
2 5 1
3 5 1
1 5 1
4 4 0
4 5 0
0 0 0
board #358 13
3 4 0
3 2 0
2 5 0
4 1 0
0 0 0
board #359 6
3 2 1
4 2 1
2 3 1
5 1 0
5 2 0
4 3 1
5 3 1
1 3 0
1 4 1
0 0 0
board #360 11
3 4 0
3 2 0
3 5 0
4 1 0
0 0 0
board #361 6
3 4 0
3 2 1
4 2 1
2 3 1
5 2 1
1 3 1
0 0 0
board #362 8
3 4 0
3 2 1
4 2 1
2 3 0
2 2 0
2 1 0
3 5 0
0 0 1
board #363 9
3 4 0
3 2 0
4 1 0
2 5 1
3 5 0
0 0 0
board #364 7
3 4 1
2 4 1
4 3 0
4 4 1
5 4 1
1 4 0
1 5 1
0 0 0
board #365 9
3 4 0
3 2 0
4 1 0
2 5 1
3 5 1
1 5 1
4 4 0
4 5 0
0 0 1
board #366 10
3 2 1
4 2 1
2 2 1
5 1 1
1 3 1
0 0 0
board #367 7
3 2 1
4 2 1
2 3 0
2 2 1
5 1 0
5 2 1
1 2 0
1 3 1
0 0 0
board #368 10
3 4 1
2 4 0
1 5 0
3 2 1
4 2 1
2 2 1
5 2 1
1 2 1
0 0 1
board #369 10
3 4 1
2 4 1
4 4 1
1 5 1
5 3 1
0 0 0
board #370 7
3 4 1
2 4 0
1 5 1
2 5 0
3 2 1
4 2 1
2 2 1
5 1 0
5 2 0
4 3 1
5 3 1
1 2 1
0 0 0
board #371 14
3 2 1
4 2 0
5 1 0
3 4 0
2 5 1
3 5 0
0 0 1
board #372 8
3 2 1
4 2 1
2 2 1
5 2 1
1 2 1
0 0 0
board #373 7
3 2 0
3 4 1
2 4 1
4 3 1
1 5 1
5 2 0
5 3 1
0 0 1
board #374 9
3 2 1
4 2 1
2 3 1
5 1 0
5 2 0
4 3 0
4 4 0
3 5 0
0 0 0
board #375 10
3 2 0
3 4 1
2 4 1
4 3 0
4 4 0
4 5 0
3 1 0
0 0 0
board #376 9
3 2 1
4 2 1
2 3 0
2 2 1
5 2 1
1 2 0
1 3 0
1 1 1
2 1 0
3 4 1
2 4 1
4 3 0
4 4 1
1 4 1
5 3 0
5 4 1
0 0 1
board #377 18
3 4 0
3 2 1
4 2 1
2 3 0
2 2 1
1 3 1
5 2 1
0 0 0
board #378 9
3 4 0
3 2 1
4 2 1
2 3 1
5 1 0
5 2 0
4 3 0
2 5 1
3 5 0
0 0 1
board #379 11
3 4 0
3 2 0
2 5 1
3 5 0
3 1 0
0 0 1
board #380 7
3 2 0
3 4 1
2 4 1
4 3 1
1 5 1
5 2 1
0 0 0
board #381 8
3 4 0
3 2 0
3 5 0
3 1 1
4 1 0
0 0 1
board #382 7
3 2 0
3 4 0
3 5 0
4 1 0
0 0 0
board #383 6
3 2 1
4 2 1
2 3 0
2 2 1
1 2 1
5 1 0
5 2 1
0 0 0
board #384 9
3 4 1
2 4 0
1 5 0
3 2 0
3 1 1
4 1 0
0 0 1
board #385 8
3 4 1
2 4 1
4 3 1
1 4 0
1 5 1
5 2 1
0 0 1
board #386 8
3 4 0
3 2 0
3 1 1
4 1 1
5 1 1
2 2 0
2 1 1
1 2 1
0 0 0
board #387 10
3 4 1
2 4 1
4 3 0
4 4 1
5 3 1
1 4 1
0 0 1
board #388 8
3 4 0
3 2 0
4 1 0
3 5 0
0 0 1
board #389 6
3 4 1
2 4 0
1 5 0
3 2 1
4 2 0
4 1 1
5 1 1
2 2 0
2 3 0
2 1 0
0 0 1
board #390 12
3 4 1
2 4 0
1 5 1
2 5 1
4 4 0
4 3 0
3 5 1
4 5 1
5 5 1
0 0 1
board #391 11
3 4 0
3 2 1
4 2 1
2 3 1
5 1 1
1 3 0
1 4 1
0 0 1
board #392 9
3 2 1
4 2 0
4 1 1
5 1 1
2 2 1
1 2 0
1 3 0
2 3 0
1 1 1
2 1 1
0 0 0
board #393 12
3 4 0
3 2 0
3 1 1
4 1 0
2 5 1
3 5 1
1 5 1
4 4 0
4 5 1
5 4 0
5 5 0
0 0 1
board #394 13
3 2 0
3 4 0
3 1 1
4 1 1
5 1 1
2 2 1
1 2 0
1 3 0
2 3 0
1 1 1
2 1 0
2 5 1
3 5 0
0 0 0
board #395 15
3 4 0
3 2 0
3 1 1
4 1 0
3 5 0
0 0 0
board #396 7
3 2 0
3 4 0
3 5 0
4 1 0
0 0 1
board #397 6
3 2 1
4 2 0
4 1 1
5 1 0
3 4 0
2 5 0
0 0 1
board #398 8
3 2 0
3 4 0
4 1 0
2 5 0
0 0 0
board #399 6
3 2 1
4 2 0
4 1 1
5 1 1
2 2 1
1 2 1
0 0 0
board #400 8
3 2 0
3 4 1
2 4 0
1 5 1
2 5 1
4 3 1
5 2 0
5 3 1
0 0 1
board #401 10
3 4 1
2 4 0
1 5 0
3 2 1
4 2 0
5 1 0
0 0 1
board #402 8
3 4 1
2 4 1
4 4 1
1 4 0
1 5 0
2 3 0
2 2 1
3 2 1
4 2 1
1 3 1
5 1 0
5 2 0
4 3 1
5 3 0
5 4 1
0 0 0
board #403 17
3 4 0
3 2 0
3 1 0
3 5 0
0 0 0
board #404 6
3 2 1
4 2 0
5 1 0
3 4 0
3 5 0
0 0 1
board #405 7
3 2 1
4 2 1
2 3 0
2 2 1
5 1 0
5 2 0
4 3 0
4 4 1
1 5 1
3 4 1
2 5 1
5 3 0
5 4 0
4 5 1
5 5 0
0 0 1
board #406 17
3 2 0
3 4 1
2 4 1
4 4 1
1 4 1
5 4 1
0 0 1
board #407 8
3 2 1
4 2 0
4 1 1
5 1 1
2 3 0
2 2 0
2 1 0
3 4 1
2 4 1
1 5 1
4 4 0
4 3 0
4 5 0
0 0 0
board #408 15
3 4 0
3 2 0
3 1 1
4 1 1
5 1 0
4 2 1
5 2 0
4 3 0
2 5 0
0 0 0
board #409 11
3 4 0
3 2 1
4 2 0
4 1 0
2 5 0
0 0 0
board #410 7
3 2 0
3 4 0
2 5 1
3 5 1
1 5 0
2 4 1
1 4 1
4 4 0
4 5 1
5 4 1
0 0 0
board #411 12
3 4 0
3 2 0
3 1 0
3 5 0
0 0 1
board #412 6
3 2 0
3 4 0
3 1 0
2 5 0
0 0 0
board #413 6
3 2 1
4 2 1
2 3 1
5 1 1
1 3 1
0 0 1
board #414 7
3 4 0
3 2 0
4 1 0
2 5 1
3 5 1
1 5 0
2 4 0
0 0 1
board #415 9
3 4 1
2 4 1
4 3 1
1 4 0
1 5 1
5 2 0
5 3 0
5 1 0
4 4 1
5 4 1
0 0 1
board #416 12
3 2 0
3 4 0
2 5 1
3 5 1
1 5 0
2 4 1
1 4 0
2 3 0
3 1 0
0 0 1
board #417 11
3 4 1
2 4 1
4 4 0
4 3 1
1 4 1
5 3 1
0 0 0
board #418 8
3 4 1
2 4 1
4 4 1
1 4 0
1 5 0
2 3 1
1 3 0
2 2 1
1 2 0
1 1 1
2 1 0
0 0 0
board #419 13
3 4 1
2 4 1
4 3 0
4 4 0
3 5 1
4 5 0
5 1 0
5 2 0
0 0 0
board #420 10
3 4 0
3 2 1
4 2 0
5 1 0
2 5 1
3 5 0
0 0 1
board #421 8
3 4 0
3 2 1
4 2 0
5 1 0
2 5 1
3 5 1
1 5 0
2 4 1
1 4 0
2 3 0
0 0 0
board #422 12
3 4 0
3 2 0
2 5 1
3 5 0
3 1 0
0 0 0
board #423 7
3 2 0
3 4 0
2 5 1
3 5 1
1 5 1
4 4 1
5 3 0
5 4 0
4 3 1
5 2 1
0 0 1
board #424 12
3 2 1
4 2 1
2 3 0
2 2 0
2 1 1
3 1 0
3 4 1
1 5 1
2 4 1
4 3 0
4 4 1
5 4 1
0 0 0
board #425 14
3 4 1
2 4 0
1 5 0
3 2 0
4 1 0
0 0 1
board #426 7
3 4 0
3 2 0
2 5 1
3 5 1
1 5 0
2 4 1
1 4 1
4 4 0
4 5 0
3 1 1
4 1 0
0 0 0
board #427 13
3 4 0
3 2 1
4 2 1
2 3 0
2 2 1
1 2 0
1 3 1
5 1 0
5 2 1
0 0 0
board #428 11
3 2 1
4 2 0
5 1 0
3 4 0
2 5 1
3 5 1
1 5 0
2 4 0
0 0 0
board #429 10
3 4 0
3 2 1
4 2 0
4 1 1
5 1 1
2 3 0
2 2 0
2 1 0
2 5 1
3 5 1
1 5 0
1 4 1
2 4 1
4 4 1
5 3 0
5 4 0
4 3 1
5 2 1
0 0 0
board #430 20
3 2 0
3 4 0
2 5 1
3 5 1
1 5 0
2 4 0
3 1 0
0 0 1
board #431 9
3 2 0
3 4 1
2 4 0
1 5 1
2 5 0
3 1 1
4 1 1
5 1 0
4 2 1
5 2 1
2 2 0
2 1 0
0 0 0
board #432 14
3 2 1
4 2 1
2 3 1
5 2 1
1 3 1
0 0 1
board #433 7
3 2 0
3 4 0
4 1 0
2 5 1
3 5 0
0 0 1
board #434 7
3 4 1
2 4 0
1 5 0
3 2 0
3 1 1
4 1 1
5 1 1
2 2 1
1 2 0
1 3 0
1 4 1
2 3 0
1 1 0
0 0 0
board #435 15
3 2 0
3 4 0
4 1 0
2 5 0
0 0 0
board #436 6
3 4 0
3 2 1
4 2 0
4 1 1
5 1 1
2 3 0
2 2 1
1 2 1
0 0 0
board #437 10
3 4 0
3 2 0
3 1 1
4 1 1
5 1 0
4 2 1
5 2 1
2 2 1
1 2 1
0 0 1
board #438 11
3 4 0
3 2 0
4 1 0
2 5 1
3 5 0
0 0 0
board #439 7
3 2 0
3 4 0
2 5 1
3 5 0
4 1 0
0 0 0
board #440 7
3 4 1
2 4 0
1 5 1
2 5 1
4 3 0
4 4 0
3 5 1
4 5 0
3 2 0
3 1 1
4 1 1
5 1 0
4 2 0
0 0 1
board #441 15
3 2 1
4 2 1
2 2 1
5 2 1
1 3 1
0 0 1
board #442 7
3 2 0
3 4 1
2 4 1
4 3 1
1 5 1
5 3 1
0 0 0
board #443 8
3 2 0
3 4 0
2 5 1
3 5 0
3 1 1
4 1 0
0 0 0
board #444 8
3 4 0
3 2 0
4 1 0
3 5 0
0 0 1
board #445 6
3 2 0
3 4 1
2 4 0
1 5 1
2 5 1
4 3 1
5 3 1
0 0 0
board #446 9
3 2 0
3 4 0
3 1 0
2 5 0
0 0 0
board #447 6
3 2 1
4 2 1
2 3 0
2 2 0
2 1 1
3 1 0
3 4 0
2 5 1
3 5 0
0 0 1
board #448 11
3 4 0
3 2 1
4 2 1
2 3 1
5 1 0
5 2 1
1 3 1
0 0 1
board #449 9
3 2 1
4 2 1
2 3 1
5 1 1
1 3 0
1 4 1
0 0 1
board #450 8
3 4 1
2 4 1
4 4 1
1 4 0
1 5 0
2 3 1
1 3 0
2 2 1
1 2 0
1 1 0
0 0 1
board #451 12
3 4 0
3 2 1
4 2 0
4 1 0
2 5 1
3 5 0
0 0 1
board #452 8
3 2 0
3 4 0
2 5 1
3 5 1
1 5 1
4 4 0
4 5 1
5 4 0
5 5 1
0 0 0
board #453 11
3 4 0
3 2 0
3 1 1
4 1 1
5 1 0
4 2 0
3 5 0
0 0 1
board #454 9
3 4 1
2 4 1
4 3 0
4 4 0
3 5 0
3 2 1
5 1 0
4 2 1
5 2 0
0 0 0
board #455 11
3 4 0
3 2 0
2 5 0
3 1 0
0 0 1
board #456 6
3 2 1
4 2 1
2 3 1
5 1 1
1 3 1
0 0 0
board #457 7
3 2 1
4 2 0
4 1 0
3 4 1
2 4 0
2 5 0
0 0 0
board #458 8
3 4 1
2 4 0
2 5 0
3 2 1
4 2 1
2 2 1
5 2 1
1 2 0
1 3 1
0 0 1
board #459 11
3 2 0
3 4 0
2 5 1
3 5 0
3 1 1
4 1 1
5 1 1
2 2 0
2 1 1
1 1 0
1 2 0
0 0 1
board #460 13
3 4 1
2 4 0
1 5 1
2 5 0
3 2 1
4 2 0
5 1 0
0 0 1
board #461 9
3 4 0
3 2 0
3 1 0
2 5 0
0 0 0
board #462 6
3 4 1
2 4 1
4 3 1
1 5 1
5 3 1
0 0 0
board #463 7
3 2 1
4 2 1
2 3 1
5 1 0
5 2 1
1 3 1
0 0 0
board #464 8
3 2 0
3 4 0
4 1 0
2 5 1
3 5 0
0 0 0
board #465 7
3 4 0
3 2 1
4 2 1
2 3 0
2 2 0
3 1 0
2 5 0
0 0 0
board #466 9
3 4 0
3 2 0
3 1 1
4 1 1
5 1 1
2 2 1
1 3 1
0 0 0
board #467 9
3 2 1
4 2 1
2 2 1
5 2 1
1 3 1
0 0 1
board #468 7
3 2 1
4 2 0
4 1 0
3 4 0
3 5 0
0 0 0
board #469 7
3 4 0
3 2 0
2 5 1
3 5 1
1 5 0
2 4 0
3 1 1
4 1 0
0 0 1
board #470 10
3 2 1
4 2 0
5 1 0
3 4 0
2 5 1
3 5 0
0 0 1
board #471 8
3 4 0
3 2 1
4 2 1
2 3 0
2 2 0
2 1 1
3 1 0
2 5 0
0 0 0
board #472 10
3 2 0
3 4 0
2 5 1
3 5 0
4 1 0
0 0 1
board #473 7
3 4 0
3 2 0
2 5 0
3 1 0
0 0 1
board #474 6
3 2 0
3 4 0
2 5 1
3 5 1
1 5 0
2 4 0
3 1 1
4 1 0
0 0 1
board #475 10
3 2 0
3 4 1
2 4 0
1 5 1
2 5 1
4 3 1
5 2 1
0 0 1
board #476 9
3 2 0
3 4 0
4 1 0
2 5 1
3 5 1
1 5 1
4 4 1
5 4 1
0 0 0
board #477 10
3 4 1
2 4 0
1 5 1
2 5 1
4 3 1
5 2 0
5 3 0
5 1 0
4 4 0
3 5 0
0 0 0
board #478 12
3 2 0
3 4 0
2 5 1
3 5 1
1 5 1
4 4 0
4 5 1
5 4 0
5 5 1
0 0 1
board #479 11
3 2 0
3 4 0
2 5 1
3 5 1
1 5 0
2 4 0
3 1 1
4 1 0
0 0 0
board #480 10
3 2 0
3 4 0
4 1 0
2 5 1
3 5 0
0 0 1
board #481 7
3 4 1
2 4 0
2 5 0
3 2 0
3 1 0
0 0 0
board #482 7
3 2 0
3 4 1
2 4 0
1 5 0
4 1 0
0 0 1
board #483 7
3 2 1
4 2 0
4 1 1
5 1 0
3 4 0
2 5 1
3 5 0
0 0 1
board #484 9
3 2 0
3 4 0
3 5 0
4 1 0
0 0 1
board #485 6
3 2 0
3 4 1
2 4 0
1 5 0
3 1 1
4 1 1
5 1 1
2 2 0
2 1 1
1 1 0
1 2 0
0 0 1
board #486 13
3 2 1
4 2 1
2 2 1
5 1 0
5 2 1
1 2 0
1 3 0
2 3 0
2 1 0
3 4 1
2 4 1
1 4 1
4 3 1
0 0 1
board #487 15
3 2 1
4 2 1
2 2 1
5 1 0
5 2 0
4 3 1
5 3 0
4 4 1
5 4 1
1 2 1
0 0 0
board #488 12
3 2 0
3 4 1
2 4 0
1 5 1
2 5 0
3 1 0
0 0 0
board #489 8
3 4 0
3 2 0
2 5 0
4 1 0
0 0 0
board #490 6
3 2 1
4 2 1
2 3 0
2 2 0
2 1 1
3 1 1
1 1 0
1 2 0
3 4 1
1 5 0
1 4 1
2 4 0
0 0 0
board #491 14
3 2 1
4 2 0
5 1 0
3 4 1
2 4 1
4 4 1
1 4 0
1 5 1
5 4 1
0 0 1
board #492 11
3 4 0
3 2 1
4 2 0
4 1 1
5 1 1
2 3 0
2 2 0
2 1 1
3 1 0
2 5 0
0 0 0
board #493 12
3 4 0
3 2 1
4 2 0
4 1 1
5 1 1
2 3 1
1 3 0
1 4 1
0 0 0
board #494 10
3 4 0
3 2 0
3 5 0
4 1 0
0 0 1
board #495 6
3 2 1
4 2 0
4 1 1
5 1 1
2 3 1
1 4 1
0 0 1
board #496 8
3 4 0
3 2 1
4 2 0
4 1 0
3 5 0
0 0 1
board #497 7
3 2 1
4 2 1
2 3 0
2 2 1
5 1 0
5 2 1
1 2 1
0 0 1
board #498 9
3 2 0
3 4 1
2 4 0
1 5 1
2 5 0
3 1 0
0 0 0
board #499 8
3 2 1
4 2 0
4 1 1
5 1 1
2 2 0
2 3 1
1 3 0
1 4 1
0 0 1
board #500 10
3 4 0
3 2 0
3 5 0
3 1 1
4 1 1
5 1 0
4 2 0
0 0 1
board #501 9
3 2 1
4 2 0
4 1 1
5 1 1
2 3 1
1 3 0
1 4 1
0 0 0
board #502 9
3 2 0
3 4 1
2 4 1
4 3 0
4 4 0
3 5 0
3 1 1
4 1 1
5 1 1
2 2 1
1 2 0
1 3 1
0 0 0
board #503 14
3 4 1
2 4 1
4 3 1
1 4 0
1 5 0
2 3 1
1 3 1
5 2 0
5 3 1
0 0 1
board #504 11
3 4 0
3 2 1
4 2 0
4 1 1
5 1 1
2 3 0
2 2 0
3 1 0
2 5 1
3 5 1
1 5 1
4 4 1
5 3 1
0 0 1
board #505 15
3 4 0
3 2 1
4 2 1
2 3 0
2 2 0
2 1 1
3 1 1
1 1 0
1 2 0
2 5 1
3 5 1
1 5 1
4 4 1
5 4 1
0 0 1
board #506 16
3 2 1
4 2 0
5 1 0
3 4 0
2 5 1
3 5 1
1 5 0
2 4 1
1 4 1
4 4 1
5 3 0
5 4 0
4 3 1
5 2 1
0 0 1
board #507 16
3 2 0
3 4 0
2 5 0
3 1 1
4 1 0
0 0 1
board #508 7
3 2 0
3 4 1
2 4 1
4 3 1
1 5 1
5 2 1
0 0 1
board #509 8
3 4 0
3 2 1
4 2 0
4 1 0
2 5 1
3 5 0
0 0 0
board #510 8
3 2 1
4 2 1
2 3 0
2 2 1
1 3 1
5 1 0
5 2 0
4 3 0
4 4 1
3 4 0
2 5 1
3 5 1
1 5 0
1 4 1
2 4 0
0 0 0
board #511 17
3 2 1
4 2 0
4 1 0
3 4 1
2 4 0
2 5 0
0 0 0
board #512 8
3 4 0
3 2 1
4 2 1
2 3 1
5 1 1
1 3 1
0 0 1
board #513 8
3 2 0
3 4 0
3 5 0
3 1 1
4 1 0
0 0 1
board #514 7
3 2 0
3 4 1
2 4 1
4 3 0
4 4 1
5 4 1
1 5 1
0 0 1
board #515 9
3 4 1
2 4 1
4 3 0
4 4 0
3 5 1
4 5 1
5 4 0
5 5 0
3 2 1
4 2 1
5 2 1
2 3 1
1 3 1
0 0 0
board #516 15
3 4 1
2 4 0
2 5 0
3 2 1
4 2 0
4 1 1
5 1 0
0 0 1
board #517 9
3 2 1
4 2 1
2 3 1
5 1 1
1 4 1
0 0 0
board #518 7
3 4 0
3 2 1
