3 4 1
2 5 1
4 4 0
4 3 1
5 3 1
1 5 0
1 6 1
6 2 1
0 0 0
board #1 10
3 4 0
3 5 1
2 5 0
1 6 1
2 6 0
3 2 0
4 1 0
0 0 1
board #2 9
3 4 1
2 4 0
2 5 0
1 6 1
2 6 1
3 5 0
3 6 1
4 5 1
5 5 0
5 4 1
6 3 0
6 4 1
0 0 0
board #3 14
3 4 0
3 5 0
4 2 1
3 2 1
5 2 1
2 3 0
2 2 1
1 2 0
1 3 0
2 1 0
2 6 1
3 6 1
1 6 1
4 5 0
4 6 1
5 5 0
5 6 0
0 0 0
board #4 19
3 4 0
3 5 1
2 5 1
4 4 0
4 5 1
5 4 0
5 5 0
4 6 1
5 6 1
6 5 0
6 6 1
1 5 0
1 6 1
0 0 0
board #5 15
3 4 0
3 5 0
3 2 0
3 6 0
3 1 1
4 1 0
0 0 0
board #6 8
3 4 0
3 5 1
2 5 1
4 4 1
1 5 0
1 6 1
5 4 0
5 3 1
6 2 1
0 0 1
board #7 11
3 4 1
2 4 1
4 4 0
4 3 1
5 3 0
5 2 1
6 1 0
6 2 1
1 5 1
0 0 1
board #8 11
3 4 1
2 4 0
2 5 0
1 6 1
2 6 1
3 5 0
3 6 0
3 2 0
3 1 1
4 1 0
0 0 0
board #9 12
3 4 0
3 5 0
3 2 0
2 6 1
3 6 0
3 1 1
4 1 0
0 0 0
board #10 9
3 4 1
2 4 1
4 4 0
4 3 1
5 3 0
5 2 1
6 1 1
1 4 0
1 5 0
1 6 0
2 3 1
1 3 1
0 0 0
board #11 14
3 4 1
2 4 0
2 5 1
1 6 1
4 4 0
4 3 0
4 5 0
3 6 1
4 6 1
5 5 1
2 6 0
3 5 0
3 2 0
3 1 1
4 1 1
5 1 0
4 2 1
5 2 0
0 0 1
board #12 20
3 4 0
3 5 1
2 5 0
2 6 0
3 2 0
3 1 0
0 0 1
board #13 8
3 4 0
3 5 0
3 2 1
4 2 1
2 3 1
5 2 1
6 2 1
1 4 1
0 0 1
board #14 10
3 4 0
3 5 1
2 5 0
1 6 0
3 2 0
4 1 0
0 0 0
board #15 8
3 4 1
2 4 1
4 4 0
4 3 1
5 3 0
5 2 0
3 5 1
4 5 1
5 4 1
6 3 1
1 4 1
0 0 1
board #16 13
3 4 0
3 5 1
2 5 1
4 4 1
1 5 0
1 6 1
5 4 0
5 3 0
5 5 1
4 5 1
6 4 0
6 5 0
6 6 0
5 2 1
4 3 0
3 2 1
4 2 0
5 1 0
0 0 1
board #17 20
2 5 0
2 4 0
2 6 0
3 2 1
4 2 1
5 2 0
4 3 0
5 1 0
0 0 1
board #18 10
2 5 1
3 5 1
4 5 1
1 5 0
1 6 1
5 4 0
5 5 0
5 3 0
5 6 0
5 2 1
4 3 1
6 2 1
4 4 1
0 0 1
board #19 15
3 4 0
3 5 1
2 5 0
2 6 0
3 2 0
3 1 1
4 1 0
0 0 0
board #20 9
3 4 0
3 5 1
2 5 1
4 4 1
1 6 1
5 4 0
5 3 1
6 2 0
6 3 1
0 0 0
board #21 11
3 4 0
3 5 1
2 5 0
1 6 1
2 6 1
4 4 1
5 4 0
5 3 1
6 2 0
6 3 0
6 1 1
5 2 0
5 1 0
5 5 0
4 6 1
5 6 0
0 0 0
board #22 18
3 4 0
3 5 0
3 2 1
4 2 0
5 1 0
2 6 1
3 6 0
0 0 0
board #23 9
2 5 1
3 5 1
1 5 0
1 6 0
2 4 1
1 4 0
2 3 1
1 3 1
5 4 0
5 3 1
4 4 1
6 2 1
0 0 1
board #24 14
3 4 1
2 4 0
2 5 0
1 6 0
3 2 0
3 1 1
4 1 1
5 1 1
2 2 0
2 1 0
0 0 1
board #25 12
3 4 0
3 5 0
3 2 0
2 6 0
3 1 0
0 0 1
board #26 7
3 4 1
2 4 1
4 4 1
5 4 1
1 4 0
1 5 1
6 3 0
6 4 1
0 0 1
board #27 10
3 4 1
2 4 1
4 4 0
4 3 0
3 5 0
3 2 1
4 2 0
5 1 0
2 6 1
3 6 1
1 6 1
4 5 1
5 4 0
5 5 1
6 4 0
6 5 1
0 0 0
board #28 18
3 4 1
2 4 1
4 4 1
5 4 1
1 5 1
6 4 1
0 0 1
board #29 8
3 4 1
2 4 1
4 4 1
5 4 1
1 5 1
6 3 0
6 4 1
0 0 0
board #30 9
3 4 0
3 5 0
3 2 1
4 2 0
4 1 1
5 1 0
2 6 1
3 6 0
0 0 0
board #31 10
3 4 0
3 5 0
3 2 0
2 6 0
4 1 0
0 0 1
board #32 7
3 4 0
3 5 1
2 5 1
4 4 0
4 5 0
3 6 1
4 6 1
5 5 1
1 5 0
1 6 1
6 4 1
0 0 0
board #33 13
3 4 0
3 5 0
3 2 1
4 2 1
2 3 0
2 2 1
5 2 0
4 3 1
5 3 1
1 3 1
6 3 1
0 0 0
board #34 13
3 4 0
3 5 1
2 5 0
1 6 1
2 6 0
3 2 1
4 2 1
2 3 1
5 2 1
6 1 0
6 2 1
1 3 0
1 4 1
0 0 1
board #35 15
3 4 0
3 5 0
3 2 0
2 6 0
3 1 1
4 1 1
5 1 0
4 2 0
0 0 0
board #36 10
3 4 1
2 4 0
2 5 0
1 6 1
2 6 0
3 2 0
4 1 0
0 0 1
board #37 9
3 4 0
3 5 0
3 2 1
4 2 1
5 2 1
2 3 1
6 1 0
6 2 0
5 3 1
6 3 0
5 4 0
4 5 0
4 6 0
0 0 1
board #38 15
3 4 1
2 4 0
2 5 0
1 6 0
3 2 0
3 1 1
4 1 0
0 0 1
board #39 9
3 4 1
2 4 1
4 4 0
4 3 0
3 5 0
3 2 0
3 6 0
3 1 1
4 1 0
0 0 1
board #40 11
3 4 1
2 4 1
4 4 1
5 4 0
5 3 0
4 5 1
5 5 1
6 4 0
6 5 1
1 4 1
0 0 0
board #41 12
3 4 0
3 5 0
3 2 0
2 6 1
3 6 0
4 1 0
0 0 1
board #42 8
3 4 0
3 5 1
2 5 1
4 4 0
4 5 0
4 6 0
3 2 1
4 2 0
4 1 1
5 1 1
6 1 0
5 2 0
0 0 1
board #43 14
3 4 1
2 4 1
4 4 1
5 4 0
5 3 0
4 5 0
5 2 1
4 3 1
6 1 1
1 4 0
1 5 0
1 6 1
2 5 1
0 0 0
board #44 15
3 4 0
3 5 0
4 2 0
3 6 0
5 1 0
0 0 1
board #45 7
3 4 1
2 4 0
2 5 1
1 6 1
4 4 0
4 3 0
4 5 1
3 5 1
5 4 0
5 5 1
6 5 1
0 0 0
board #46 13
3 4 0
3 5 1
2 5 1
4 4 0
4 5 0
3 6 1
4 6 0
3 2 0
3 1 0
0 0 0
board #47 11
3 4 1
2 4 0
2 5 1
1 5 1
4 4 1
5 4 0
5 3 1
6 2 0
6 3 1
0 0 1
board #48 11
3 4 1
2 4 1
4 4 0
4 3 1
5 3 1
6 2 1
1 4 1
0 0 1
board #49 9
3 4 0
3 5 0
3 2 0
2 6 0
3 1 1
4 1 1
5 1 1
2 2 0
2 1 1
6 1 0
5 2 0
4 2 1
4 3 1
5 3 1
1 1 0
1 2 1
6 2 0
6 3 1
0 0 1
board #50 20
3 4 0
3 5 0
3 2 1
4 2 0
4 1 1
5 1 0
2 6 1
3 6 0
0 0 0
board #51 10
3 4 0
3 5 1
2 5 1
4 4 0
4 5 1
5 4 0
5 5 0
5 6 0
3 2 1
4 2 0
4 1 0
0 0 0
board #52 13
3 4 0
3 5 0
3 2 1
4 2 1
5 2 0
4 3 1
5 3 1
2 3 1
6 2 1
1 4 1
0 0 1
board #53 12
3 4 1
2 4 1
4 4 1
5 4 1
1 4 0
1 5 0
1 6 1
2 5 0
2 6 0
2 3 0
4 2 1
3 2 0
4 1 0
0 0 0
board #54 15
3 4 1
2 4 0
2 5 1
1 5 0
1 6 0
3 2 1
4 2 1
2 2 1
5 2 0
4 3 0
5 1 0
0 0 0
board #55 13
3 4 1
2 4 0
2 5 0
1 6 1
2 6 0
3 2 1
4 2 0
4 1 1
5 1 1
6 1 1
2 2 0
2 3 0
2 1 0
0 0 1
board #56 15
3 4 1
2 4 0
2 5 0
2 6 0
3 2 0
3 1 1
4 1 0
0 0 1
board #57 9
3 4 1
2 4 1
4 4 1
5 4 0
5 3 0
5 2 1
4 3 1
6 1 1
1 5 1
0 0 0
board #58 11
3 4 1
2 4 1
4 3 1
5 3 0
5 2 0
5 4 0
5 5 0
5 1 0
4 6 1
5 6 1
4 5 0
3 6 1
3 5 0
2 6 1
1 6 1
6 5 1
0 0 1
board #59 18
3 4 1
2 4 0
2 5 0
1 6 1
2 6 1
3 5 0
3 6 0
3 2 1
4 2 1
5 2 1
2 2 0
2 3 0
2 1 1
3 1 0
0 0 1
board #60 16
2 5 0
3 4 1
2 4 1
4 4 1
1 4 0
1 5 1
5 4 0
5 3 1
6 3 1
0 0 1
board #61 11
3 4 1
2 4 1
4 4 1
5 4 1
1 4 1
6 3 1
0 0 1
board #62 8
3 4 1
2 4 0
2 5 0
1 6 0
3 2 0
3 1 0
0 0 0
board #63 8
3 4 1
2 4 0
2 5 0
1 6 1
2 6 1
3 5 0
3 6 0
3 2 0
3 1 1
4 1 1
5 1 1
6 1 1
2 2 1
1 2 0
1 3 1
0 0 1
board #64 17
3 4 0
3 5 0
3 2 1
4 2 0
4 1 1
5 1 1
6 1 1
2 3 0
2 2 1
1 2 0
1 3 1
0 0 0
board #65 13
3 4 0
3 5 0
3 2 1
4 2 1
5 2 0
4 3 0
5 1 1
6 1 1
2 3 0
2 2 1
1 2 0
1 3 0
2 1 0
2 6 1
3 6 0
0 0 1
board #66 17
3 4 0
3 5 0
3 2 1
4 2 0
4 1 1
5 1 0
3 6 0
0 0 0
board #67 9
3 4 1
2 4 0
2 5 1
1 6 1
4 4 0
4 3 1
5 3 0
5 2 0
4 5 1
3 5 0
3 6 0
5 1 1
6 1 1
4 2 1
0 0 0
board #68 16
3 4 1
2 4 1
4 4 0
4 3 0
3 5 1
4 5 1
5 4 0
5 5 0
4 6 1
5 6 1
6 5 1
1 4 1
0 0 0
board #69 14
3 4 0
3 5 0
3 2 1
4 2 1
2 3 1
5 2 1
6 2 1
1 4 1
0 0 0
board #70 10
3 4 1
2 4 1
4 4 1
5 4 1
1 4 1
6 3 1
0 0 1
board #71 8
3 4 0
3 5 0
4 2 0
3 6 0
4 1 1
5 1 1
6 1 1
3 2 1
2 3 0
2 2 1
1 2 0
1 3 0
1 1 1
2 1 1
0 0 1
board #72 16
3 4 0
3 5 0
3 2 1
4 2 0
5 1 0
3 6 0
0 0 0
board #73 8
3 4 0
3 5 0
3 2 1
4 2 0
5 1 0
2 6 1
3 6 0
0 0 0
board #74 9
3 4 0
3 5 0
3 2 0
2 6 1
3 6 1
1 6 1
4 5 1
5 4 0
5 5 1
6 4 0
6 5 0
4 4 0
5 6 0
3 1 1
4 1 0
0 0 0
board #75 17
3 4 0
3 5 0
3 2 1
4 2 0
4 1 0
2 6 1
3 6 0
0 0 1
board #76 9
3 4 0
3 5 0
3 2 1
4 2 0
4 1 1
5 1 0
2 6 0
0 0 1
board #77 9
3 4 0
3 5 1
2 5 1
4 4 1
1 5 0
1 6 1
5 4 0
5 3 0
5 5 1
4 5 1
6 4 0
6 5 0
6 6 0
5 2 0
6 1 0
0 0 1
board #78 17
3 4 1
2 4 1
4 4 0
4 3 0
3 5 1
4 5 1
5 4 0
5 5 0
5 6 0
3 2 1
4 2 0
4 1 0
0 0 0
board #79 14
3 4 1
2 4 1
4 4 1
5 4 1
1 4 0
1 5 0
2 3 0
1 6 0
2 2 1
4 2 1
3 2 1
4 3 0
5 2 0
5 1 0
0 0 0
board #80 16
3 4 0
3 5 0
3 2 1
4 2 1
5 2 1
2 3 0
2 2 1
1 3 1
6 2 1
0 0 1
board #81 11
3 4 0
3 5 0
3 2 1
4 2 0
5 1 0
2 6 1
3 6 1
1 6 0
2 5 0
0 0 0
board #82 11
3 4 1
2 4 0
2 5 1
1 5 1
4 4 1
5 4 1
6 4 1
0 0 0
board #83 9
3 4 0
3 5 0
3 2 1
4 2 0
4 1 1
5 1 0
3 6 0
0 0 1
board #84 9
3 4 0
3 5 0
3 2 1
4 2 1
2 3 1
5 2 0
4 3 0
5 1 1
6 1 0
2 6 0
0 0 0
board #85 12
2 5 0
3 4 0
3 2 1
4 2 0
4 1 1
5 1 1
6 1 0
5 2 0
1 6 1
2 6 1
3 5 1
4 5 0
4 4 1
5 4 0
5 3 1
6 2 0
6 3 0
3 6 1
4 6 0
0 0 1
board #86 21
3 4 1
2 4 0
2 5 1
1 5 0
1 6 0
3 2 1
4 2 1
5 2 1
2 2 0
2 3 0
2 1 1
3 1 0
0 0 0
board #87 14
3 4 1
2 4 0
2 5 1
1 5 1
4 4 0
4 3 0
4 5 1
3 5 1
5 4 1
6 3 0
6 4 0
5 3 1
6 2 0
6 1 1
5 2 0
6 5 1
5 5 1
0 0 0
board #88 19
3 4 1
2 4 0
2 5 1
1 5 1
4 4 1
5 4 1
6 3 0
6 4 0
6 2 0
5 5 1
6 5 1
0 0 0
board #89 13
3 4 0
3 5 1
2 5 0
1 6 1
2 6 1
4 4 1
5 3 1
6 2 0
6 3 0
6 1 0
6 4 1
5 4 0
5 5 1
4 5 1
0 0 1
board #90 16
3 4 1
2 4 1
4 3 0
4 4 1
5 4 0
5 3 1
6 2 1
1 4 0
1 5 0
1 6 1
2 5 1
0 0 1
board #91 13
3 4 1
2 4 1
4 4 1
5 4 1
1 4 0
1 5 1
6 3 0
6 4 1
0 0 1
board #92 10
3 4 1
2 4 1
4 4 1
5 4 1
1 4 0
1 5 0
1 6 1
2 5 0
2 6 0
2 3 1
1 3 1
6 4 1
0 0 1
board #93 14
2 5 0
3 4 1
2 4 1
4 4 1
5 4 1
1 5 1
6 3 1
0 0 1
board #94 9
3 4 1
2 4 1
4 4 0
4 3 1
5 3 0
5 2 1
6 1 0
6 2 0
3 5 1
4 5 0
3 6 0
0 0 1
board #95 13
3 4 1
2 4 0
2 5 1
1 6 1
4 4 0
4 3 1
5 3 1
6 2 0
6 3 0
6 1 1
5 2 0
5 1 1
4 2 1
0 0 0
board #96 15
3 4 1
2 4 0
2 5 0
3 2 1
4 2 1
5 2 1
2 2 1
6 1 0
6 2 1
1 2 1
0 0 0
board #97 12
3 4 1
2 4 1
4 4 1
5 4 0
5 3 1
6 2 1
1 4 1
0 0 1
board #98 9
3 4 1
2 4 1
4 4 0
4 3 1
5 3 0
5 2 0
3 5 1
4 5 0
5 1 0
3 6 1
4 6 1
5 5 0
5 6 0
0 0 0
board #99 15
3 4 0
3 5 1
2 5 1
4 4 1
1 5 0
1 6 1
5 4 0
5 3 0
4 5 0
5 2 0
4 6 0
5 1 0
0 0 0
board #100 14
3 4 1
2 4 0
2 5 1
1 5 1
4 4 1
5 4 1
6 3 0
6 4 1
0 0 0
board #101 10
2 5 0
3 4 0
3 2 0
1 6 1
2 6 1
3 5 1
4 4 1
5 4 1
6 4 1
0 0 1
board #102 11
3 4 0
3 5 1
2 5 0
1 6 1
2 6 0
3 2 1
4 2 0
4 1 1
5 1 1
6 1 0
5 2 1
6 2 1
2 3 1
1 3 0
1 4 0
1 2 1
2 2 0
1 5 1
2 4 0
3 1 0
0 0 0
board #103 22
3 4 1
2 4 1
4 4 1
5 3 1
1 4 0
1 5 1
6 2 0
6 3 1
0 0 1
board #104 10
3 4 0
3 5 0
3 2 1
4 2 0
4 1 1
5 1 1
6 1 0
5 2 0
2 6 1
3 6 0
0 0 0
board #105 12
3 4 1
2 4 1
4 4 0
4 3 1
5 3 1
1 4 0
1 5 0
1 6 1
2 5 1
6 2 1
0 0 1
board #106 12
3 4 0
3 5 0
3 2 1
4 2 1
5 2 0
4 3 1
5 3 1
2 3 0
2 2 1
1 2 1
6 2 1
0 0 1
board #107 13
3 4 0
3 5 0
3 2 0
3 6 0
4 1 0
0 0 1
board #108 7
3 4 1
2 4 1
4 4 0
4 3 1
5 3 1
6 3 1
1 5 1
0 0 1
board #109 9
3 4 1
2 4 0
2 5 1
1 5 0
1 6 1
4 4 0
4 3 0
4 5 1
3 5 1
5 4 0
5 5 0
4 6 1
5 6 0
3 2 0
4 1 0
0 0 0
board #110 17
3 4 1
2 4 0
2 5 0
2 6 0
3 2 0
3 1 1
4 1 1
5 1 1
6 1 0
5 2 1
2 2 1
6 2 1
1 2 1
0 0 1
board #111 15
3 4 0
3 5 1
2 5 0
1 6 1
2 6 1
4 4 1
5 3 1
6 3 1
0 0 0
board #112 10
3 4 1
2 4 0
2 5 0
1 6 1
2 6 0
3 2 1
4 2 1
2 2 1
5 2 1
1 3 1
6 1 0
6 2 1
0 0 1
board #113 14
3 4 0
3 5 0
3 2 1
4 2 0
4 1 1
5 1 1
6 1 1
2 3 0
2 2 1
1 3 1
0 0 0
board #114 12
3 4 0
3 5 0
3 2 0
2 6 0
3 1 1
4 1 1
5 1 1
6 1 1
2 2 1
1 2 0
1 3 1
0 0 0
board #115 13
3 4 1
2 4 1
4 4 0
4 3 0
3 5 0
3 2 0
2 6 0
4 1 0
0 0 1
board #116 10
3 4 1
2 4 1
4 4 0
4 3 1
5 3 0
5 2 0
3 5 1
4 5 0
6 1 0
3 6 1
4 6 0
0 0 1
board #117 13
2 5 1
3 5 0
3 4 0
3 2 1
4 2 0
4 1 1
5 1 1
6 1 1
2 3 0
2 2 1
1 2 0
1 3 1
0 0 1
board #118 14
3 4 0
3 5 0
3 2 0
2 6 1
3 6 1
1 6 1
4 5 1
5 4 1
6 3 0
6 4 1
0 0 1
board #119 12
3 4 1
2 4 0
2 5 0
3 2 1
4 2 1
5 2 0
4 3 1
5 3 0
6 1 0
5 4 0
4 5 1
5 5 0
4 6 0
0 0 1
board #120 15
3 4 0
3 5 1
2 5 0
2 6 0
4 2 0
4 1 1
5 1 1
6 1 1
3 1 1
2 2 1
1 2 0
1 3 0
2 3 0
1 1 1
2 1 1
0 0 1
board #121 17
3 4 1
2 4 0
2 5 0
1 6 1
2 6 0
3 2 1
4 2 1
2 2 1
5 2 0
4 3 0
6 1 0
0 0 1
board #122 13
3 4 0
3 5 1
2 5 0
2 6 0
3 2 0
3 1 1
4 1 1
5 1 1
2 2 1
6 1 0
5 2 0
4 2 0
0 0 0
board #123 14
3 4 1
2 4 0
2 5 0
2 6 0
3 2 1
4 2 1
5 2 0
4 3 0
5 1 1
6 1 1
2 2 1
1 2 0
1 3 1
0 0 0
board #124 15
3 4 1
2 4 0
2 5 1
1 5 0
1 6 0
3 2 1
4 2 0
4 1 1
5 1 1
6 1 0
5 2 0
0 0 1
board #125 13
2 5 1
3 5 0
3 4 0
3 2 1
4 2 0
5 1 0
3 6 0
0 0 0
board #126 9
3 4 1
2 4 0
2 5 1
1 5 0
1 6 0
3 2 1
4 2 0
4 1 0
0 0 0
board #127 10
3 4 0
3 5 0
3 2 0
2 6 0
4 1 0
0 0 1
board #128 7
3 4 0
3 5 0
4 2 0
3 6 0
4 1 1
5 1 1
6 1 1
3 2 1
2 3 0
2 2 1
1 2 0
1 3 0
1 1 1
2 1 1
0 0 0
board #129 16
3 4 0
3 5 0
3 2 0
2 6 1
3 6 1
1 6 1
4 5 0
4 6 0
3 1 0
0 0 1
board #130 11
2 5 0
3 4 0
1 6 0
3 2 0
3 1 1
4 1 0
0 0 0
board #131 8
3 4 0
3 5 0
3 2 0
2 6 1
3 6 1
1 6 1
4 5 0
4 6 1
5 5 1
6 4 1
0 0 1
board #132 12
3 4 0
3 5 0
3 2 0
3 6 0
3 1 1
4 1 0
0 0 1
board #133 8
3 4 1
2 4 1
4 4 0
4 3 1
5 3 1
1 4 0
1 5 1
6 2 1
0 0 1
board #134 10
2 5 0
3 4 0
3 2 0
1 6 1
2 6 0
4 1 0
0 0 1
board #135 8
3 4 0
3 5 1
2 5 1
4 4 0
4 5 0
3 6 1
4 6 0
3 2 0
3 1 0
0 0 0
board #136 11
2 5 1
3 5 0
3 4 1
4 4 0
4 3 0
3 6 0
3 2 1
4 2 0
4 1 0
0 0 0
board #137 11
3 4 1
2 4 1
4 4 0
4 3 1
5 3 1
6 2 0
6 3 1
1 4 1
0 0 1
board #138 10
3 4 0
3 5 1
2 5 1
4 4 0
4 5 1
5 4 1
1 5 0
1 6 0
2 4 1
1 4 0
2 3 0
2 2 1
3 2 0
3 1 0
0 0 0
board #139 16
3 4 1
2 4 1
4 4 1
5 4 0
5 3 0
4 5 0
5 2 1
4 3 0
3 2 0
3 6 1
4 6 0
4 1 0
0 0 0
board #140 14
3 4 1
2 4 0
2 5 0
1 6 1
2 6 0
3 2 0
4 1 0
0 0 1
board #141 9
3 4 1
2 4 1
4 4 0
4 3 0
3 5 0
3 2 0
2 6 1
3 6 0
3 1 0
0 0 1
board #142 11
3 4 1
2 4 1
4 4 0
4 3 1
5 3 1
6 2 1
1 5 1
0 0 0
board #143 9
3 4 0
3 5 0
3 2 1
4 2 1
5 2 1
2 3 1
6 1 0
6 2 1
1 3 1
0 0 0
board #144 11
3 4 1
2 4 1
4 4 0
4 3 0
3 5 1
4 5 1
5 4 1
1 4 1
6 3 1
0 0 1
board #145 11
3 4 0
3 5 0
3 2 1
4 2 1
5 2 0
4 3 0
5 1 0
2 6 0
0 0 1
board #146 10
3 4 1
2 4 0
2 5 1
1 5 1
4 4 1
5 4 1
6 3 0
6 4 1
0 0 0
board #147 10
3 4 0
3 5 0
3 2 0
2 6 1
3 6 1
1 6 0
2 5 1
1 5 0
2 4 0
3 1 1
4 1 0
0 0 0
board #148 13
3 4 1
2 4 1
4 4 0
4 3 0
4 5 0
3 2 0
4 6 0
3 1 1
4 1 1
5 1 1
6 1 1
2 2 1
1 3 1
0 0 1
board #149 15
3 4 1
2 4 0
2 5 1
1 6 1
4 4 0
4 3 1
5 3 1
6 2 0
6 3 0
6 1 1
5 2 0
5 1 1
4 2 1
0 0 1
board #150 15
3 4 1
2 4 1
4 4 1
5 4 1
1 4 0
1 5 1
6 3 0
6 4 0
6 2 0
5 5 1
6 5 1
0 0 0
board #151 13
3 4 1
2 4 0
2 5 0
1 6 0
3 2 1
4 2 1
2 2 1
5 2 0
4 3 1
5 3 0
6 1 0
4 4 0
3 5 0
0 0 1
board #152 15
3 4 0
3 5 1
2 5 1
4 4 1
1 5 1
5 4 1
6 3 1
0 0 0
board #153 9
3 4 0
3 5 1
2 5 1
4 4 0
4 5 1
5 4 1
1 5 0
1 6 1
6 3 1
0 0 0
board #154 11
3 4 0
3 5 0
3 2 1
4 2 0
5 1 0
2 6 1
3 6 0
0 0 0
board #155 9
3 4 0
3 5 1
2 5 1
4 4 0
4 5 1
5 4 0
5 5 0
5 6 0
3 2 1
4 2 1
6 1 1
2 3 1
5 1 0
5 2 0
4 3 1
5 3 0
0 0 1
board #156 18
3 4 0
3 5 0
3 2 0
2 6 1
3 6 1
1 6 1
4 5 1
5 5 0
5 4 1
6 3 0
6 4 0
5 3 1
6 2 1
0 0 0
board #157 15
3 4 0
3 5 0
3 2 1
4 2 0
4 1 0
3 6 0
0 0 0
board #158 8
3 4 1
2 4 1
4 4 0
4 3 0
3 5 0
3 2 1
4 2 0
4 1 0
2 6 1
3 6 1
1 6 1
4 5 1
5 4 1
6 4 1
0 0 1
board #159 16
3 4 1
2 4 0
2 5 1
1 5 1
4 4 0
4 3 0
4 5 0
3 6 0
3 2 0
3 1 1
4 1 0
0 0 0
board #160 13
3 4 1
2 4 1
4 4 0
4 3 1
5 3 0
5 2 1
6 1 0
6 2 1
1 4 0
1 5 0
1 6 0
2 3 0
2 2 0
2 1 1
3 1 0
0 0 1
board #161 17
3 4 1
2 4 1
4 4 1
5 3 1
1 4 0
1 5 0
1 6 0
2 3 1
1 3 1
6 2 0
6 3 1
0 0 1
board #162 13
3 4 1
2 4 0
2 5 0
1 6 1
2 6 1
3 5 0
3 6 0
3 2 1
4 2 1
5 2 0
4 3 1
5 3 1
2 2 1
1 2 0
1 3 0
2 3 0
1 1 1
2 1 1
6 3 1
0 0 0
board #163 21
3 4 0
3 5 0
3 2 1
4 2 0
5 1 0
2 6 1
3 6 1
1 6 1
4 5 1
5 4 0
5 5 1
6 5 1
0 0 1
board #164 14
3 4 0
3 5 1
2 5 0
1 6 1
2 6 1
4 4 0
4 5 0
4 6 0
3 2 0
3 1 1
4 1 0
0 0 0
board #165 13
3 4 1
2 4 0
2 5 0
1 6 0
3 2 0
3 1 0
0 0 1
board #166 8
3 4 0
3 5 1
2 5 0
1 6 1
2 6 0
3 2 0
3 1 0
0 0 0
board #167 9
3 4 0
3 5 1
2 5 0
2 6 0
3 2 1
4 2 0
4 1 1
5 1 0
0 0 1
board #168 10
3 4 1
2 4 0
2 5 0
1 6 1
2 6 0
3 2 1
4 2 1
5 2 0
4 3 0
5 1 1
6 1 0
0 0 0
board #169 13
2 5 0
3 4 1
2 4 0
2 6 0
3 2 1
4 2 0
4 1 0
0 0 1
board #170 9
3 4 0
3 5 0
3 2 0
2 6 1
3 6 0
3 1 0
0 0 1
board #171 8
2 5 1
3 5 0
3 4 0
3 2 1
4 2 0
2 6 1
3 6 0
5 1 0
0 0 1
board #172 10
3 4 1
2 4 0
2 5 1
1 6 1
4 4 1
5 4 1
6 3 0
6 4 1
0 0 0
board #173 10
3 4 0
3 5 1
2 5 0
1 6 1
2 6 0
3 2 1
4 2 1
2 3 0
2 2 0
3 1 0
0 0 1
board #174 12
3 4 0
3 5 0
3 2 1
4 2 0
4 1 1
5 1 0
2 6 0
0 0 1
board #175 9
3 4 1
2 4 0
2 5 1
1 6 1
4 4 1
5 4 1
6 4 1
0 0 1
board #176 9
3 4 1
2 4 1
4 4 0
4 3 0
3 5 1
4 5 1
5 4 0
5 5 1
6 4 0
6 5 0
6 6 0
3 2 1
4 2 0
4 1 0
0 0 0
board #177 16
3 4 1
2 4 1
4 4 1
5 4 1
1 4 0
1 5 0
1 6 1
2 5 1
6 3 0
6 4 0
5 5 1
6 5 0
6 2 0
6 1 0
5 6 0
0 0 1
board #178 17
3 4 0
3 5 0
3 2 1
4 2 1
5 2 1
2 3 0
2 2 1
1 3 1
6 1 1
0 0 0
board #179 11
3 4 1
2 4 1
4 4 1
5 4 1
1 4 1
6 3 0
6 4 0
6 2 0
5 5 0
6 1 0
5 6 0
0 0 0
board #180 13
3 4 0
3 5 0
3 2 0
2 6 0
4 1 0
0 0 0
board #181 7
3 4 0
3 5 1
2 5 0
1 6 1
2 6 1
4 4 1
5 4 1
6 3 0
6 4 1
0 0 0
board #182 11
3 4 0
3 5 0
3 2 1
4 2 1
5 2 0
4 3 1
5 3 1
2 3 0
2 2 1
1 2 0
1 3 1
6 2 1
0 0 1
board #183 14
3 4 1
2 4 1
4 4 0
4 3 1
5 3 1
6 2 1
1 4 0
1 5 1
0 0 1
board #184 10
3 4 0
3 5 0
3 2 1
4 2 1
5 2 1
2 3 1
6 1 0
6 2 0
5 3 0
4 3 1
4 4 1
5 4 1
6 3 0
6 4 0
5 5 1
6 5 0
5 6 1
6 6 0
0 0 1
board #185 20
3 4 0
3 5 1
2 5 0
2 6 0
4 2 0
5 1 0
0 0 0
board #186 8
3 4 0
3 5 0
3 2 1
4 2 1
5 2 1
2 3 1
6 2 1
1 3 0
1 4 0
2 4 1
1 5 0
1 6 1
2 5 0
1 2 0
2 1 0
2 6 0
0 0 0
board #187 18
3 4 0
3 5 0
3 2 0
3 6 0
3 1 0
0 0 1
board #188 7
3 4 1
2 4 0
2 5 1
1 5 1
4 4 0
4 3 1
5 3 0
5 2 0
4 5 0
6 1 0
3 6 0
0 0 0
board #189 13
3 4 1
2 4 1
4 4 0
4 3 1
5 3 0
5 2 0
3 5 0
5 1 0
3 6 0
0 0 1
board #190 11
3 4 1
2 4 1
4 4 0
4 3 1
5 3 0
5 2 1
6 1 0
6 2 0
3 5 1
4 5 1
5 4 1
6 3 0
6 4 0
6 5 0
5 6 1
6 6 0
0 0 0
board #191 18
3 4 1
2 4 0
2 5 0
1 6 1
2 6 1
3 5 1
4 5 0
4 4 0
4 3 1
5 3 0
5 2 0
5 1 0
3 6 0
0 0 0
board #192 15
3 4 0
3 5 1
2 5 1
4 4 1
1 5 1
5 4 0
5 3 0
4 5 0
5 2 0
4 6 0
5 1 0
0 0 1
board #193 13
3 4 0
3 5 0
3 2 1
4 2 1
5 2 0
4 3 0
5 1 1
6 1 0
2 6 1
3 6 0
0 0 1
board #194 12
3 4 1
2 4 1
4 4 1
5 4 0
5 3 0
4 5 0
5 2 1
4 3 0
3 2 1
4 2 1
2 3 0
2 2 0
3 1 0
3 6 1
4 6 1
3 5 1
5 5 0
5 6 0
0 0 0
board #195 20
3 4 0
3 5 0
3 2 0
2 6 0
3 1 1
4 1 0
0 0 0
board #196 8
3 4 0
3 5 1
2 5 0
1 6 1
2 6 1
4 4 1
5 3 1
6 2 1
0 0 0
board #197 10
3 4 0
3 5 0
3 2 0
2 6 0
3 1 1
4 1 0
0 0 1
board #198 8
3 4 0
3 5 0
3 2 0
2 6 1
3 6 1
1 6 0
2 5 1
1 5 0
2 4 0
4 1 0
0 0 0
board #199 12
3 4 1
2 4 1
4 4 1
5 4 0
5 3 1
6 2 1
1 4 0
1 5 1
0 0 0
board #200 10
3 4 1
2 4 1
4 4 0
4 3 0
4 5 1
3 5 0
2 6 1
3 6 1
1 6 0
2 5 1
5 4 0
5 5 0
5 6 0
3 2 0
4 1 0
0 0 0
board #201 17
3 4 1
2 4 1
4 4 1
5 4 0
5 3 0
4 5 0
5 2 0
6 1 0
4 6 0
0 0 1
board #202 11
3 4 0
3 5 0
3 2 0
3 6 0
3 1 1
4 1 1
5 1 0
4 2 1
5 2 1
2 2 1
6 1 0
6 2 0
5 3 0
4 3 0
0 0 1
board #203 16
3 4 0
3 5 0
3 2 1
4 2 0
5 1 0
2 6 0
0 0 1
board #204 8
3 4 1
2 4 1
4 4 0
4 3 1
5 3 0
5 2 1
6 1 1
1 5 1
0 0 1
board #205 10
3 4 1
2 4 0
2 5 1
1 5 0
1 6 0
3 2 1
4 2 0
5 1 0
0 0 1
board #206 10
3 4 0
3 5 0
3 2 1
4 2 0
4 1 0
2 6 1
3 6 1
1 6 1
4 5 1
5 4 1
6 3 0
6 4 0
5 3 1
6 2 1
0 0 0
board #207 16
3 4 1
2 4 1
4 4 1
5 4 1
1 5 1
6 3 0
6 4 0
5 5 0
6 2 1
5 3 1
0 0 0
board #208 12
3 4 0
3 5 1
2 5 1
4 4 0
4 5 0
3 6 1
4 6 0
3 2 1
4 2 1
5 2 0
5 1 1
6 1 1
2 3 1
1 4 1
0 0 1
board #209 16
3 4 0
3 5 1
2 5 1
4 4 0
4 5 0
3 6 1
4 6 1
5 5 1
1 5 0
1 6 1
6 4 0
6 5 0
5 4 0
5 6 1
6 6 0
3 2 0
3 1 1
4 1 0
0 0 1
board #210 20
2 5 1
3 5 0
3 4 1
4 4 1
1 5 0
1 6 1
5 4 0
5 3 0
4 5 1
5 5 0
5 2 0
4 6 1
5 6 1
6 6 1
0 0 1
board #211 16
2 5 1
3 5 1
4 4 1
1 5 0
1 6 1
5 3 0
5 4 0
4 5 0
5 2 1
4 3 0
3 6 1
4 6 0
3 2 1
4 2 1
6 1 0
6 2 1
2 3 1
1 3 0
1 4 0
2 4 0
1 2 1
2 2 0
3 1 0
0 0 1
board #212 25
3 4 1
2 4 1
4 4 1
5 4 1
1 4 0
1 5 1
6 3 1
0 0 1
board #213 9
3 4 1
2 4 0
2 5 1
1 5 0
1 6 0
4 2 0
4 1 1
5 1 1
6 1 0
5 2 1
6 2 1
3 2 1
2 2 1
1 2 0
1 3 0
1 1 0
1 4 1
2 3 1
0 0 0
board #214 20
3 4 0
3 5 0
3 2 0
2 6 0
3 1 1
4 1 1
5 1 0
4 2 0
0 0 1
board #215 10
2 5 1
3 5 1
4 4 0
4 5 1
5 4 1
1 5 0
1 6 0
2 4 1
1 4 0
2 3 1
1 3 1
6 3 0
6 4 1
0 0 1
board #216 15
3 4 0
3 5 1
2 5 1
4 4 1
1 5 0
1 6 1
5 4 1
6 3 0
6 4 0
6 2 0
5 5 1
6 5 0
6 1 0
6 6 0
0 0 1
board #217 16
3 4 0
3 5 0
3 2 0
2 6 0
3 1 1
4 1 0
0 0 1
board #218 8
3 4 0
3 5 1
2 5 1
4 4 1
1 5 0
1 6 0
2 4 0
3 2 1
4 2 1
2 2 0
2 3 0
2 1 1
3 1 1
1 2 1
5 2 1
6 2 1
0 0 0
board #219 18
3 4 0
3 5 1
2 5 0
1 6 1
2 6 0
4 2 0
4 1 0
0 0 0
board #220 9
3 4 0
3 5 1
2 5 1
4 4 0
4 5 1
5 4 0
5 5 1
6 4 1
1 5 1
0 0 0
board #221 11
3 4 0
3 5 0
3 2 0
2 6 0
3 1 0
0 0 1
board #222 7
3 4 0
3 5 1
2 5 0
2 6 0
3 2 0
3 1 1
4 1 1
5 1 1
2 2 1
6 1 0
5 2 1
6 2 1
1 2 0
1 3 0
2 3 1
1 4 0
1 1 0
2 4 0
0 0 1
board #223 20
3 4 1
2 4 1
4 4 0
4 3 0
3 5 1
4 5 1
5 4 1
1 4 0
1 5 1
6 3 0
6 4 1
0 0 1
board #224 13
3 4 1
2 4 0
2 5 1
1 5 0
1 6 0
3 2 1
4 2 0
4 1 1
5 1 0
0 0 1
board #225 11
3 4 0
3 5 0
4 2 0
2 6 0
5 1 0
0 0 0
board #226 7
3 4 1
2 4 1
4 4 0
4 3 0
3 5 1
4 5 1
5 4 1
1 4 0
1 5 1
6 3 0
6 4 0
5 3 1
6 2 1
0 0 1
board #227 15
3 4 1
2 4 0
2 5 1
1 6 1
4 4 0
4 3 1
5 3 1
6 2 1
0 0 0
board #228 10
3 4 1
2 4 0
2 5 0
1 6 1
2 6 1
3 5 1
4 5 1
5 5 0
5 4 0
5 3 0
5 2 0
4 6 1
5 6 1
6 6 1
0 0 1
board #229 16
3 4 1
2 4 0
2 5 1
1 6 1
4 4 1
5 3 0
5 4 0
4 5 0
5 2 1
4 3 1
6 1 0
6 2 1
0 0 0
board #230 14
3 4 0
3 5 1
2 5 0
2 6 0
3 2 0
3 1 0
0 0 1
board #231 8
3 4 0
3 5 0
3 2 0
2 6 1
3 6 0
4 1 0
0 0 0
board #232 8
3 4 1
2 4 0
2 5 1
1 5 1
4 4 0
4 3 0
4 5 0
3 6 1
4 6 1
5 5 0
5 6 0
3 2 0
4 1 0
0 0 1
board #233 15
3 4 1
2 4 0
2 5 1
1 5 1
4 4 1
5 4 0
5 3 0
4 5 0
5 2 1
4 3 1
6 2 1
0 0 1
board #234 13
3 4 1
2 4 0
2 5 1
1 5 0
1 6 0
3 2 1
4 2 1
5 2 0
4 3 1
2 2 1
5 3 1
1 2 1
6 2 0
6 3 0
5 4 1
6 4 1
0 0 1
board #235 18
3 4 1
2 4 0
2 5 0
1 6 1
2 6 0
3 2 1
4 2 0
4 1 1
5 1 1
6 1 1
2 2 1
1 2 0
1 3 0
2 1 0
1 4 1
2 3 1
0 0 1
board #236 18
3 4 1
2 4 0
2 5 1
1 5 1
4 4 1
5 4 1
6 3 1
0 0 0
board #237 9
3 4 1
2 4 0
2 5 1
1 5 1
4 4 0
4 3 1
5 3 0
5 2 0
4 5 0
5 1 1
6 1 1
4 2 0
4 1 1
3 2 1
2 2 0
2 3 1
1 3 1
0 0 0
board #238 19
3 4 1
2 4 1
4 4 0
4 3 0
4 5 0
3 2 1
4 2 1
5 2 0
6 1 0
3 6 1
4 6 0
0 0 1
board #239 13
3 4 0
3 5 0
3 2 1
4 2 0
4 1 0
2 6 0
0 0 0
board #240 8
3 4 0
3 5 1
2 5 1
4 4 1
1 5 0
1 6 0
2 4 0
3 2 0
3 1 1
4 1 1
5 1 0
4 2 0
0 0 1
board #241 14
3 4 0
3 5 0
3 2 1
4 2 0
4 1 1
5 1 1
6 1 0
5 2 1
6 2 0
5 3 0
4 3 1
4 4 0
2 6 1
3 6 1
1 6 1
4 5 0
4 6 0
0 0 1
board #242 19
2 5 1
3 5 1
4 5 1
1 5 0
1 6 0
2 4 0
3 2 0
3 1 1
4 1 1
5 1 0
4 2 0
0 0 1
board #243 13
3 4 0
3 5 1
2 5 1
4 4 0
4 5 0
4 6 0
3 2 1
4 2 1
5 2 0
5 1 0
4 3 0
0 0 1
board #244 13
3 4 0
3 5 0
3 2 1
4 2 1
5 2 1
2 3 0
2 2 0
2 1 1
3 1 0
3 6 0
0 0 0
board #245 12
3 4 1
2 4 0
2 5 0
1 6 1
2 6 1
3 5 1
4 5 0
4 3 0
4 4 0
4 6 0
3 2 0
3 1 1
4 1 0
0 0 0
board #246 15
3 4 1
2 4 1
4 4 0
4 3 1
5 3 0
5 2 1
6 2 1
1 5 1
0 0 1
board #247 10
3 4 1
2 4 0
2 5 0
1 6 1
2 6 0
3 2 0
3 1 0
0 0 0
board #248 9
3 4 0
3 5 0
3 2 0
2 6 1
3 6 1
1 6 0
2 5 0
3 1 0
0 0 0
board #249 10
3 4 0
3 5 1
2 5 0
1 6 1
2 6 0
3 2 0
4 1 0
0 0 0
board #250 9
3 4 0
3 5 1
2 5 1
4 4 0
4 5 0
3 6 0
3 2 1
4 2 0
4 1 1
5 1 1
6 1 0
5 2 1
6 2 1
2 3 1
1 4 1
0 0 1
board #251 17
3 4 1
2 4 1
4 4 0
4 3 1
5 3 1
1 4 0
1 5 1
6 3 1
0 0 1
board #252 10
3 4 0
3 5 0
3 2 0
2 6 1
3 6 1
1 6 1
4 5 1
5 4 0
5 5 0
4 4 0
4 6 0
3 1 1
4 1 0
0 0 0
board #253 15
3 4 0
3 5 0
3 2 1
4 2 1
5 2 1
2 3 0
2 2 0
2 1 1
3 1 1
1 1 1
6 1 0
6 2 0
5 3 1
6 3 0
5 4 0
4 5 1
4 4 0
2 6 1
3 6 1
5 5 1
1 6 0
2 5 0
0 0 1
board #254 24
3 4 1
2 4 1
4 4 1
5 4 1
1 4 1
6 3 0
6 4 0
5 5 0
6 2 0
6 1 1
5 2 0
5 1 1
4 2 1
4 3 0
3 2 0
4 1 0
4 6 0
0 0 0
board #255 19
3 4 1
2 4 0
2 5 1
1 6 1
4 4 0
4 3 0
4 5 0
3 6 0
3 2 0
3 1 1
4 1 0
0 0 0
board #256 13
3 4 1
2 4 0
2 5 0
1 6 0
3 2 0
3 1 0
0 0 0
board #257 8
3 4 1
2 4 1
4 4 1
5 4 1
1 4 1
6 4 1
0 0 1
board #258 8
2 5 0
3 4 1
2 4 0
3 2 1
4 2 0
1 6 0
4 1 1
5 1 0
0 0 0
board #259 10
3 4 0
3 5 1
2 5 1
4 4 0
4 5 1
5 4 1
1 6 1
6 3 0
6 4 0
5 3 0
6 5 0
5 6 0
3 2 0
3 1 1
4 1 1
5 1 1
6 1 0
5 2 1
6 2 1
2 2 0
2 1 1
1 1 0
1 2 1
0 0 1
board #260 25
3 4 0
3 5 0
3 2 0
2 6 1
3 6 0
3 1 1
4 1 1
5 1 0
4 2 1
5 2 0
4 3 1
5 3 0
4 4 0
0 0 1
board #261 15
3 4 1
2 4 1
4 4 1
5 4 1
1 5 1
6 3 0
6 4 0
6 2 0
5 5 0
