5 4 1
6 4 1
4 4 1
7 4 1
3 4 1
8 4 0
8 3 1
9 2 1
2 5 0
2 4 0
3 3 0
2 6 1
3 5 0
3 6 0
3 7 0
3 8 0
4 2 0
2 9 1
3 9 0
4 1 1
5 1 0
0 0 0
board #1 23
5 4 0
5 6 0
6 3 0
5 7 0
6 2 0
5 8 1
4 8 0
3 9 0
6 1 1
7 1 1
5 2 1
8 1 1
9 1 1
4 3 1
3 4 1
2 5 0
2 4 0
3 5 1
2 6 0
3 6 0
2 3 1
3 3 0
3 2 0
4 1 0
4 5 1
4 6 1
3 7 0
3 8 0
0 0 0
board #2 30
5 6 0
5 7 1
4 7 1
3 7 1
6 6 1
2 7 1
7 5 1
8 4 1
1 7 0
1 8 1
9 4 1
0 0 0
board #3 13
5 6 1
4 6 0
4 7 1
3 7 1
2 7 0
2 8 0
3 6 1
2 6 0
3 5 1
2 5 0
3 4 1
2 4 0
3 3 0
1 9 0
4 2 1
3 2 0
4 1 0
0 0 0
board #4 19
5 6 0
5 4 1
6 4 0
6 3 0
5 7 1
4 7 1
6 6 0
6 7 0
6 8 0
6 2 0
5 9 1
6 9 0
6 1 1
7 1 1
5 2 1
8 1 1
9 1 1
4 3 0
4 2 0
5 3 0
4 1 1
5 1 0
0 0 0
board #5 24
5 6 0
5 4 0
5 7 1
4 7 0
4 8 0
5 3 1
6 3 0
6 2 0
3 9 0
6 1 1
7 1 1
5 2 0
5 1 0
0 0 1
board #6 15
5 4 0
5 6 0
5 7 0
5 3 1
6 3 1
4 4 0
4 3 1
3 4 0
3 3 1
7 3 1
2 4 0
2 3 0
3 2 0
3 1 0
5 8 0
5 9 0
0 0 1
board #7 18
5 4 1
6 4 0
6 3 0
5 6 0
5 7 0
6 2 1
7 2 0
7 1 0
5 8 1
4 8 1
6 7 1
3 8 1
2 8 1
7 6 1
1 8 0
1 9 1
8 5 1
9 4 0
9 5 0
8 4 0
9 6 1
8 6 0
8 7 1
7 7 1
0 0 1
board #8 26
5 6 1
4 6 0
4 7 0
5 4 1
6 4 1
4 4 1
7 4 0
7 3 1
8 3 1
3 4 1
9 2 1
2 5 0
2 4 1
1 4 1
0 0 1
board #9 16
5 4 1
6 4 0
6 3 1
7 3 0
7 2 1
8 2 1
4 5 0
4 4 1
3 5 0
3 4 0
4 3 1
3 3 1
2 4 0
2 3 1
9 2 1
1 3 1
0 0 0
board #10 18
5 4 0
5 6 1
4 6 1
6 5 1
3 6 0
3 7 1
2 7 0
2 8 1
1 9 1
7 5 0
7 4 0
7 6 0
6 4 0
6 7 1
7 7 1
8 6 1
5 7 1
9 6 1
0 0 1
board #11 20
5 4 0
5 6 1
4 6 0
4 7 1
3 7 1
2 7 1
6 5 0
6 6 0
5 7 0
4 8 0
5 3 1
6 3 0
6 2 0
3 9 1
4 9 1
3 8 0
2 9 0
7 1 0
0 0 0
board #12 20
5 4 1
6 4 1
7 4 1
4 4 1
8 4 0
8 3 1
9 3 1
3 4 1
2 4 0
2 5 1
1 5 0
1 6 1
0 0 1
board #13 14
5 6 1
4 6 0
4 7 0
5 4 1
6 4 0
6 3 1
7 3 0
7 2 1
8 2 0
8 1 0
4 8 1
3 8 0
2 9 1
3 9 0
0 0 1
board #14 16
5 6 0
5 4 0
5 3 0
5 7 0
5 8 0
5 2 0
4 9 1
5 9 0
6 1 0
0 0 1
board #15 11
5 4 1
6 4 1
4 4 1
7 4 1
8 4 0
8 3 0
7 5 1
8 5 0
7 6 0
8 2 0
8 1 1
9 1 1
7 2 0
7 1 0
6 7 0
5 8 1
6 8 1
5 7 1
7 7 1
8 7 0
8 6 1
9 5 0
9 6 0
8 8 1
7 8 0
6 9 1
7 9 0
0 0 0
board #16 29
5 4 1
6 4 1
4 4 0
4 5 0
5 3 0
5 6 0
5 7 1
4 7 0
4 8 1
3 8 0
2 9 0
5 2 1
6 2 0
6 1 1
7 1 0
0 0 0
board #17 17
5 4 1
6 4 1
4 5 0
4 4 0
5 3 0
5 6 1
4 6 1
3 6 1
6 5 0
6 6 0
5 7 1
6 7 0
5 8 1
6 8 0
6 9 0
6 2 0
6 1 1
7 1 0
0 0 0
board #18 20
5 4 1
6 4 1
4 4 1
7 4 1
8 4 1
3 4 1
2 4 1
9 3 0
9 4 0
8 5 0
9 2 0
9 1 0
7 6 0
6 7 0
6 8 0
5 9 0
0 0 0
board #19 18
5 6 1
4 6 1
6 5 1
3 6 0
3 7 0
4 5 0
3 8 0
4 4 0
4 3 1
5 3 1
6 3 1
3 4 0
3 3 1
2 4 1
6 4 1
1 4 0
1 5 1
7 5 0
7 4 0
7 3 1
8 3 0
8 2 0
6 6 1
7 6 1
8 5 1
9 4 1
0 0 0
board #20 28
5 4 0
5 6 1
4 6 1
6 5 1
3 6 1
7 5 0
7 4 1
8 4 1
2 6 1
1 7 1
9 3 1
0 0 0
board #21 13
5 4 0
5 6 1
4 6 1
6 5 0
6 6 0
5 7 1
6 7 1
7 6 0
7 7 1
8 6 0
8 7 0
7 8 0
5 3 0
7 9 0
5 2 0
5 1 1
6 1 1
7 1 0
6 2 1
7 2 0
6 3 1
7 3 0
6 4 1
7 4 1
4 2 0
4 1 1
3 2 0
3 1 0
0 0 1
board #22 30
5 4 1
6 4 1
4 5 0
4 4 1
3 5 0
3 4 1
7 4 1
2 5 0
2 4 1
1 5 1
8 4 1
9 3 1
0 0 0
board #23 14
5 4 1
6 4 1
4 5 1
7 4 1
3 5 0
3 6 0
3 4 0
3 7 0
4 3 1
3 3 1
2 4 1
5 3 0
4 4 1
8 4 1
1 4 0
1 5 0
2 5 1
1 6 0
2 6 1
1 7 0
2 3 1
1 3 1
9 3 0
9 4 0
8 5 1
9 5 1
0 0 1
board #24 28
5 6 1
4 6 1
6 5 0
6 6 1
7 6 1
3 6 1
2 6 0
2 7 1
1 7 0
1 8 1
8 5 1
9 4 1
0 0 0
board #25 14
5 4 1
6 4 0
6 3 0
5 6 0
5 7 1
4 7 1
6 6 0
6 7 0
5 8 1
6 8 0
5 9 1
6 9 0
6 2 0
6 1 0
0 0 0
board #26 16
5 6 1
4 6 1
6 5 1
3 6 1
7 5 0
7 4 1
8 4 0
8 3 0
8 2 1
7 3 0
7 2 1
6 3 0
6 2 1
9 2 1
5 3 1
4 4 1
3 4 1
2 4 1
1 5 1
0 0 0
board #27 21
5 6 1
4 6 1
3 6 1
6 5 1
7 5 0
7 4 1
8 4 1
2 6 1
9 3 0
9 4 1
1 6 0
1 7 1
0 0 0
board #28 14
6 3 1
7 3 1
5 3 0
5 4 1
4 4 0
4 5 1
3 5 0
3 6 0
3 7 1
4 6 1
2 7 1
1 7 0
1 8 0
1 9 0
2 6 0
6 2 0
6 1 1
7 1 1
7 2 0
8 1 0
0 0 1
board #29 22
5 4 1
6 4 0
6 3 1
7 3 0
7 2 0
5 6 1
4 6 1
6 6 1
3 6 0
4 5 0
3 7 1
2 7 0
2 8 1
1 9 1
7 6 1
8 6 1
9 5 0
9 6 0
8 7 1
9 7 0
8 8 1
9 8 1
0 0 1
board #30 24
5 4 0
5 6 1
4 6 0
4 7 1
3 7 1
6 5 0
6 6 0
5 7 1
6 7 0
5 8 0
5 3 0
5 2 0
5 9 0
5 1 1
6 1 0
0 0 1
board #31 17
5 6 1
4 6 0
4 7 0
5 4 1
6 4 1
4 4 0
4 5 1
3 5 0
3 6 1
2 6 0
2 7 0
2 8 1
3 7 1
1 9 1
7 4 0
7 3 0
6 5 0
7 2 1
8 2 1
6 3 1
9 1 0
9 2 1
0 0 1
board #32 24
5 6 1
4 6 0
4 7 0
5 4 0
5 3 0
4 8 1
3 8 1
5 7 0
5 8 0
5 9 0
5 2 1
6 2 0
6 1 0
0 0 1
board #33 15
5 4 1
6 4 1
4 5 1
7 4 0
7 3 0
6 5 1
7 5 1
8 4 0
8 5 1
9 4 0
9 5 1
3 5 0
3 6 1
2 6 1
1 7 1
0 0 1
board #34 17
5 4 1
6 4 0
6 3 1
7 3 1
8 3 0
8 2 1
9 1 1
4 4 0
4 5 1
3 5 0
3 6 1
2 6 1
1 6 1
0 0 1
board #35 15
5 6 0
5 4 1
6 4 1
4 5 0
4 4 1
3 5 0
3 4 0
4 3 0
5 7 0
4 2 0
5 8 0
4 1 1
5 1 0
4 9 0
0 0 0
board #36 16
5 6 1
4 6 1
6 5 1
3 6 1
2 6 0
2 7 1
1 7 1
7 5 0
7 4 0
6 6 1
7 6 1
8 5 0
8 6 1
9 5 1
0 0 1
board #37 16
5 6 0
5 4 1
6 4 0
6 3 0
5 7 0
6 2 1
7 2 1
5 3 0
5 2 1
4 3 1
8 2 1
9 1 1
3 4 1
2 5 0
2 4 1
1 5 1
0 0 1
board #38 18
5 4 1
6 4 1
4 5 0
4 4 0
5 3 1
4 3 0
5 2 1
4 2 1
3 3 1
7 4 0
7 3 1
8 3 1
2 4 0
2 3 1
1 4 1
9 2 0
9 3 1
0 0 0
board #39 19
5 4 1
6 4 0
6 3 1
7 3 1
4 5 1
8 3 0
8 2 0
7 4 1
8 4 1
3 5 0
3 6 1
2 6 1
9 3 0
9 4 0
8 5 0
8 1 0
7 6 0
7 7 0
7 8 0
7 9 0
0 0 1
board #40 22
5 6 0
5 4 1
6 4 1
4 5 0
4 4 0
5 3 0
5 7 1
4 7 0
4 8 1
3 8 0
3 9 0
6 2 0
6 1 1
7 1 0
0 0 0
board #41 16
5 4 0
5 6 0
5 3 1
6 3 1
4 4 1
7 3 0
6 4 0
7 2 1
8 2 1
9 2 1
3 4 0
3 5 0
4 5 1
3 6 0
3 3 0
4 6 0
4 2 0
5 1 0
5 7 0
5 8 0
5 9 0
0 0 1
board #42 23
5 6 1
4 6 1
6 5 1
3 6 0
3 7 1
2 7 1
7 5 0
7 4 1
8 4 0
8 3 1
9 3 1
1 7 0
1 8 0
1 9 0
2 6 1
1 6 0
2 5 1
1 5 0
2 4 0
3 3 1
2 3 1
3 4 0
4 3 0
4 2 1
5 2 0
6 1 0
0 0 1
board #43 28
5 4 0
5 6 0
5 7 1
4 7 1
6 6 1
3 7 1
2 7 0
2 8 0
3 6 1
2 6 1
1 7 1
7 6 1
8 5 1
9 4 0
9 5 0
8 6 1
9 6 0
8 4 0
8 7 1
9 7 0
8 8 0
8 3 1
7 4 0
7 3 1
6 4 1
6 5 0
5 3 1
6 3 1
4 4 1
9 2 0
9 3 0
9 1 1
8 2 1
4 5 1
0 0 1
board #44 36
5 6 1
4 6 1
3 6 0
3 7 0
4 5 0
3 8 1
2 8 1
4 7 0
4 8 1
5 7 1
1 8 0
1 9 1
6 5 1
7 4 1
8 4 0
8 3 1
9 2 0
9 3 1
0 0 1
board #45 20
5 4 0
5 6 1
4 6 1
6 5 0
6 6 1
7 5 0
7 6 0
6 7 0
5 3 1
6 3 0
6 2 1
7 2 1
8 2 1
4 4 0
4 3 1
3 4 0
3 3 1
2 4 0
2 3 1
9 1 0
9 2 1
1 3 0
1 4 0
2 2 1
1 2 1
0 0 1
board #46 27
5 6 0
5 4 1
6 4 0
6 3 0
6 2 1
7 2 0
5 7 1
4 7 1
3 7 0
4 6 0
3 8 1
2 8 0
1 9 1
2 9 0
7 1 0
0 0 1
board #47 17
5 4 1
6 4 1
4 4 0
4 5 1
3 5 0
3 6 1
2 6 1
7 4 0
7 3 1
8 3 1
9 2 1
1 6 0
1 7 0
2 5 1
1 5 0
2 4 1
1 4 0
1 8 0
2 3 0
1 9 0
3 2 1
2 2 1
3 3 1
1 2 1
0 0 1
board #48 26
5 6 1
4 6 0
4 7 0
5 4 0
5 3 1
6 3 1
4 4 0
4 3 0
5 2 0
4 8 0
3 9 0
5 1 1
6 1 0
0 0 0
board #49 15
5 6 0
5 4 1
6 4 0
6 3 0
5 7 0
7 2 1
6 2 0
7 1 0
5 8 0
5 9 0
0 0 1
board #50 12
5 6 1
4 6 0
4 7 1
3 7 1
6 5 1
2 7 1
7 5 0
7 4 1
8 4 1
1 7 1
9 3 0
9 4 0
9 2 1
8 3 1
0 0 1
board #51 16
5 4 0
5 6 0
5 3 1
6 3 0
6 2 1
7 2 1
8 2 0
7 3 1
8 3 0
7 4 1
8 4 1
4 4 1
3 5 0
3 4 0
4 5 0
3 3 1
4 3 1
2 4 1
9 3 0
9 4 0
8 5 0
9 1 0
7 6 0
6 7 1
7 7 1
6 6 0
5 7 0
5 8 1
4 8 0
3 9 1
4 9 0
0 0 0
board #52 33
5 4 0
5 6 1
4 6 0
4 7 1
3 7 0
3 8 1
2 8 1
6 5 0
6 6 0
6 7 1
5 7 0
5 8 1
4 8 0
3 9 1
4 9 0
5 3 0
5 2 1
6 2 1
4 3 1
7 2 1
8 2 0
7 3 0
8 1 1
9 1 0
7 4 0
0 0 1
board #53 27
5 6 1
4 6 1
6 5 0
6 6 1
7 5 0
7 6 1
8 5 1
3 6 0
3 7 1
2 7 1
1 7 0
1 8 0
1 9 0
2 6 1
1 6 0
2 5 1
1 5 0
2 4 1
1 4 0
2 3 1
1 3 0
2 2 1
1 2 1
9 4 0
9 5 0
8 4 1
9 3 0
9 2 1
8 3 0
8 6 0
8 2 0
7 7 1
8 7 0
7 8 0
8 1 1
9 1 1
7 2 0
7 1 1
6 2 0
6 1 1
5 2 0
5 1 0
6 9 1
7 9 0
0 0 1
board #54 46
4 7 0
5 4 1
6 4 1
4 5 1
7 4 0
7 3 1
8 3 1
3 6 1
2 6 0
2 7 0
2 5 1
3 5 1
1 5 1
9 2 0
9 3 1
0 0 0
board #55 17
5 6 0
5 4 0
5 7 0
5 3 0
5 8 0
5 2 0
5 9 0
5 1 1
6 1 1
4 2 1
7 1 0
6 2 1
7 2 1
8 2 0
7 3 1
8 3 1
3 3 1
2 4 1
9 2 0
9 3 1
1 4 1
0 0 0
board #56 23
5 6 0
5 4 0
5 3 0
5 7 0
4 8 0
5 2 0
4 9 0
5 1 1
6 1 0
0 0 1
board #57 11
5 4 0
5 6 0
5 7 1
4 7 1
6 6 1
3 7 1
2 7 1
7 6 0
7 5 0
6 5 1
7 4 1
8 4 1
1 7 0
1 8 1
9 3 1
0 0 1
board #58 17
5 6 0
5 4 0
5 3 1
6 3 0
6 2 1
7 2 1
8 2 0
7 3 1
8 3 0
7 4 0
8 1 1
9 1 1
4 4 0
4 3 0
4 2 1
5 2 0
5 1 0
5 7 1
4 7 1
6 6 1
3 7 0
3 8 1
2 8 1
1 9 1
7 6 1
8 6 0
8 5 1
9 4 1
0 0 1
board #59 30
5 6 1
4 6 0
4 7 1
3 7 1
6 5 0
6 6 0
6 7 0
5 8 0
5 4 0
5 3 0
5 2 0
4 9 1
5 9 0
6 1 0
0 0 0
board #60 16
5 4 1
6 4 1
4 4 0
4 5 1
3 5 0
3 6 1
2 6 0
2 7 0
2 8 0
5 3 0
1 9 0
6 2 0
6 1 0
0 0 0
board #61 15
5 6 0
5 4 0
5 7 0
5 3 0
5 8 1
4 8 1
6 7 0
6 8 1
7 7 0
7 8 0
7 9 0
5 2 1
6 2 0
6 1 1
7 1 0
0 0 1
board #62 17
5 4 0
5 6 1
4 6 0
4 7 0
5 3 1
6 3 0
6 2 1
7 2 1
8 2 0
7 3 0
8 1 1
9 1 0
4 8 1
3 8 1
5 7 1
2 8 1
1 8 1
6 7 0
6 6 1
7 6 0
7 5 1
8 5 1
9 4 0
9 5 0
8 6 1
9 6 0
8 7 1
9 7 1
0 0 1
board #63 30
5 6 1
4 6 0
4 7 1
3 7 1
2 7 0
2 8 0
3 6 1
2 6 1
6 5 1
1 6 0
1 7 0
2 5 1
1 5 1
7 5 1
8 5 1
9 5 1
0 0 0
board #64 18
5 6 1
4 6 1
6 6 1
3 6 1
7 6 0
7 5 1
8 5 1
2 6 1
1 7 1
9 4 1
0 0 1
board #65 12
5 4 1
6 4 0
6 3 1
7 3 1
8 3 0
8 2 0
7 4 0
8 1 1
9 1 1
7 2 0
7 1 0
5 6 0
5 7 0
5 8 0
5 9 0
0 0 1
board #66 17
5 6 0
5 4 0
5 3 1
